

  DEFORMATION AND STRESS STATE AT IMPORTANT ANALYSIS STAGES





 ===========================================================================

 AT TIME   3.7790
 FIRST WALL    CRACKS AT V/W:    .3540  , UTOP/H:   -.0003



 ===========================================================================

 AT TIME   5.6310
 FIRST COLUMN  CRACKS AT V/W:    .0671  , UTOP/H:    .0059



 ===========================================================================

 AT TIME   8.8205
 FIRST WALL    YIELDS AT V/W:    .2639  , UTOP/H:    .0063



 ===========================================================================

 AT TIME   9.0265
 FIRST COLUMN  YIELDS AT V/W:    .2083  , UTOP/H:    .0172



 ===========================================================================

 AT TIME  10.0000




 ******************************** MODAL ANALYSIS *******************************


 MODE       FREQUENCY(Hz)    PERIOD(SEC)  MODAL PARTICIPATION  MODAL WEIGHT     RELATIVE MODAL
                                               FACTOR         (WEIGHT UNITS)      WEIGHT (%)


   1              .79614           1.25606           4.9261            9371.724           66.980
   2             4.65761            .21470           2.7795            2983.631           21.324
   3            12.09901            .08265           1.6164            1009.012            7.211
   4            21.28313            .04699           1.0505             426.214            3.046
   5            30.68754            .03259            .6469             161.621            1.155
   6            38.15841            .02621            .3205              39.665             .283
  TOTAL WEIGHT................................................. 13991.868



 ********************* EIGEN VECTORS (MAXIMUM NORMALIZED) *********************



 STORY        1        2        3        4        5        6
    6       1.000   -1.000     .758    -.528     .349    -.165
    5        .769    -.035    -.592     .890    -.874     .508
    4        .545     .705    -.826     .004     .888    -.863
    3        .339     .994     .136    -.941    -.091    1.000
    2        .169     .797    1.000     .228    -.753    -.918
    1        .050     .338     .757    1.000    1.000     .637



 ********************** EIGEN VECTORS (MASS NORMALIZED) ***********************



 STORY        1        2        3        4        5        6
    6        .294    -.229     .173    -.123     .078    -.037
    5        .226    -.008    -.135     .207    -.195     .113
    4        .160     .161    -.188     .001     .199    -.192
    3        .100     .227     .031    -.219    -.020     .222
    2        .050     .182     .228     .053    -.168    -.204
    1        .015     .077     .172     .233     .224     .141



 ***************** END OF MODAL ANALYSIS *****************






 ===========================================================================

 AT TIME  20.0005




 ******************************** MODAL ANALYSIS *******************************


 MODE       FREQUENCY(Hz)    PERIOD(SEC)  MODAL PARTICIPATION  MODAL WEIGHT     RELATIVE MODAL
                                               FACTOR         (WEIGHT UNITS)      WEIGHT (%)


   1              .79703           1.25467           4.9250            9367.420           66.949
   2             4.66150            .21452           2.7797            2984.164           21.328
   3            12.10671            .08260           1.6175            1010.387            7.221
   4            21.29244            .04697           1.0522             427.542            3.056
   5            30.69483            .03258            .6485             162.434            1.161
   6            38.16116            .02620            .3215              39.922             .285
  TOTAL WEIGHT................................................. 13991.868



 ********************* EIGEN VECTORS (MAXIMUM NORMALIZED) *********************



 STORY        1        2        3        4        5        6
    6       1.000   -1.000     .757    -.528     .348    -.165
    5        .769    -.034    -.592     .890    -.873     .508
    4        .544     .706    -.825     .003     .888    -.863
    3        .339     .994     .137    -.941    -.092    1.000
    2        .168     .797    1.000     .230    -.751    -.918
    1        .050     .337     .755    1.000    1.000     .638



 ********************** EIGEN VECTORS (MASS NORMALIZED) ***********************



 STORY        1        2        3        4        5        6
    6        .294    -.229     .173    -.123     .078    -.036
    5        .226    -.008    -.135     .207    -.195     .113
    4        .160     .161    -.188     .001     .199    -.191
    3        .100     .227     .031    -.219    -.021     .222
    2        .049     .182     .228     .054    -.168    -.204
    1        .015     .077     .172     .233     .224     .141



 ***************** END OF MODAL ANALYSIS *****************






 ===========================================================================

 STATE AT END OF PUSH-OVER, V/W:   -.0248  , UTOP/H:   -.0002
 STORY   DISPLACEMENT
    6         -.1636
    5         -.1176
    4         -.0743
    3         -.0378
    2         -.0033
    1          .0117

 STRESS STATE IN: COLUMNS
 ELEM.   P/Pu   V/Vu   M/Mu   phy/phyu
    1   .0270   .0011   .0238   .0003
    2   .0270   .0010   .0471   .0003
    3   .0270   .0028   .0480   .0001
    4   .0089   .0009   .0085   .0002
    5   .0089   .0004   .0079   .0001
    6   .0089   .0000   .0001   .0000
    7   .0696   .0017   .0277   .0002
    8   .0696   .0002   .0292   .0002
    9   .0696   .0021   .0272   .0002
   10   .0245   .0007   .0088   .0001
   11   .0245   .0004   .0090   .0001
   12   .0245   .0000   .0004   .0000
   13   .0696   .0017   .0277   .0002
   14   .0696   .0002   .0292   .0002
   15   .0696   .0021   .0272   .0002
   16   .0245   .0007   .0088   .0001
   17   .0245   .0004   .0090   .0001
   18   .0245   .0000   .0004   .0000
   19   .0270   .0011   .0238   .0003
   20   .0270   .0010   .0471   .0003
   21   .0270   .0028   .0480   .0001
   22   .0089   .0009   .0085   .0002
   23   .0089   .0004   .0079   .0001
   24   .0089   .0000   .0001   .0000
   25   .0296   .0102   .0929   .0016
   26   .0296   .0025   .0144   .0003
   27   .0296   .0014   .0110   .0002
   28   .0174   .0006   .0032   .0001
   29   .0174   .0003   .0032   .0001
   30   .0174   .0000   .0001   .0000
   31   .1543   .0046   .0611   .0000
   32   .1543   .0044   .0636   .0001
   33   .1543   .0005   .0054   .0001
   34   .0541   .0005   .0056   .0001
   35   .0541   .0003   .0056   .0001
   36   .0541   .0000   .0007   .0000
   37   .1543   .0046   .0611   .0000
   38   .1543   .0044   .0636   .0001
   39   .1543   .0005   .0054   .0001
   40   .0541   .0005   .0056   .0001
   41   .0541   .0003   .0056   .0001
   42   .0541   .0000   .0007   .0000
   43   .1543   .0046   .0611   .0000
   44   .1543   .0044   .0636   .0001
   45   .1543   .0005   .0054   .0001
   46   .0541   .0005   .0056   .0001
   47   .0541   .0003   .0056   .0001
   48   .0541   .0000   .0007   .0000
   49   .1543   .0046   .0611   .0000
   50   .1543   .0044   .0636   .0001
   51   .1543   .0005   .0054   .0001
   52   .0541   .0005   .0056   .0001
   53   .0541   .0003   .0056   .0001
   54   .0541   .0000   .0007   .0000
   55   .0296   .0102   .0929   .0016
   56   .0296   .0025   .0144   .0003
   57   .0296   .0014   .0110   .0002
   58   .0174   .0006   .0032   .0001
   59   .0174   .0003   .0032   .0001
   60   .0174   .0000   .0001   .0000
   61   .0696   .0017   .0277   .0002
   62   .0696   .0002   .0292   .0002
   63   .0696   .0021   .0272   .0002
   64   .0245   .0007   .0088   .0001
   65   .0245   .0004   .0090   .0001
   66   .0245   .0000   .0004   .0000
   67   .1543   .0046   .0611   .0000
   68   .1543   .0044   .0636   .0001
   69   .1543   .0005   .0054   .0001
   70   .0541   .0005   .0056   .0001
   71   .0541   .0003   .0056   .0001
   72   .0541   .0000   .0007   .0000
   73   .1444   .0042   .0614   .0000
   74   .1444   .0039   .0637   .0001
   75   .1444   .0007   .0081   .0001
   76   .0490   .0005   .0052   .0001
   77   .0490   .0003   .0053   .0001
   78   .0490   .0000   .0006   .0000
   79   .1444   .0042   .0614   .0000
   80   .1444   .0039   .0637   .0001
   81   .1444   .0007   .0081   .0001
   82   .0490   .0005   .0052   .0001
   83   .0490   .0003   .0053   .0001
   84   .0490   .0000   .0006   .0000
   85   .1543   .0046   .0611   .0000
   86   .1543   .0044   .0636   .0001
   87   .1543   .0005   .0054   .0001
   88   .0541   .0005   .0056   .0001
   89   .0541   .0003   .0056   .0001
   90   .0541   .0000   .0007   .0000
   91   .0696   .0017   .0277   .0002
   92   .0696   .0002   .0292   .0002
   93   .0696   .0021   .0272   .0002
   94   .0245   .0007   .0088   .0001
   95   .0245   .0004   .0090   .0001
   96   .0245   .0000   .0004   .0000

 STRESS STATE IN: WALLS  
 ELEM.   P/Pu   V/Vu   M/Mu   phy/phyu
    1   .0066   .0383   .0578   .0026
    2   .0066   .0163   .0351   .0005
    3   .0066   .0108   .0254   .0004
    4   .0063   .0237   .0210   .0005
    5   .0063   .0083   .0078   .0001
    6   .0063   .0056   .0031   .0000
    7   .0066   .0383   .0578   .0026
    8   .0066   .0163   .0351   .0005
    9   .0066   .0108   .0254   .0004
   10   .0063   .0237   .0210   .0005
   11   .0063   .0083   .0078   .0001
   12   .0063   .0056   .0031   .0000
