

  DEFORMATION AND STRESS STATE AT IMPORTANT ANALYSIS STAGES





 ===========================================================================

 AT TIME   3.5810
 FIRST WALL    CRACKS AT V/W:    .1301  , UTOP/H:    .0015



 ===========================================================================

 AT TIME   3.7835
 FIRST WALL    YIELDS AT V/W:    .5570  , UTOP/H:   -.0005



 ===========================================================================

 AT TIME   3.8095
 FIRST COLUMN  CRACKS AT V/W:    .6121  , UTOP/H:    .0001



 ===========================================================================

 AT TIME   8.4685
 FIRST COLUMN  YIELDS AT V/W:   -.1312  , UTOP/H:   -.0187



 ===========================================================================

 AT TIME  10.0000




 ******************************** MODAL ANALYSIS *******************************


 MODE       FREQUENCY(Hz)    PERIOD(SEC)  MODAL PARTICIPATION  MODAL WEIGHT     RELATIVE MODAL
                                               FACTOR         (WEIGHT UNITS)      WEIGHT (%)


   1              .26976           3.70696           5.3563           11080.033           79.189
   2             3.52325            .28383           2.3393            2113.426           15.105
   3            10.55909            .09471           1.1727             531.129            3.796
   4            19.96970            .05008            .6951             186.588            1.334
   5            29.90173            .03344            .4108              65.158             .466
   6            37.89636            .02639            .2006              15.534             .111
  TOTAL WEIGHT................................................. 13991.868



 ********************* EIGEN VECTORS (MAXIMUM NORMALIZED) *********************



 STORY        1        2        3        4        5        6
    6       1.000   -1.000     .895    -.588     .410    -.172
    5        .825    -.212    -.557     .919   -1.000     .528
    4        .652     .446   -1.000     .151     .938    -.887
    3        .480     .818    -.177   -1.000     .049    1.000
    2        .313     .822     .886    -.062    -.967    -.879
    1        .152     .501     .974     .997     .957     .517



 ********************** EIGEN VECTORS (MASS NORMALIZED) ***********************



 STORY        1        2        3        4        5        6
    6        .265    -.245     .186    -.133     .084    -.039
    5        .219    -.052    -.116     .208    -.204     .120
    4        .173     .109    -.207     .034     .192    -.201
    3        .127     .200    -.037    -.226     .010     .227
    2        .083     .201     .184    -.014    -.198    -.200
    1        .040     .123     .202     .225     .195     .117



 ***************** END OF MODAL ANALYSIS *****************






 ===========================================================================

 AT TIME  20.0005




 ******************************** MODAL ANALYSIS *******************************


 MODE       FREQUENCY(Hz)    PERIOD(SEC)  MODAL PARTICIPATION  MODAL WEIGHT     RELATIVE MODAL
                                               FACTOR         (WEIGHT UNITS)      WEIGHT (%)


   1              .38314           2.60998           5.3057           10871.697           77.700
   2             3.63297            .27526           2.4189            2259.645           16.150
   3            10.67935            .09364           1.2159             570.933            4.080
   4            20.07927            .04980            .7218             201.192            1.438
   5            29.99006            .03334            .4290              71.069             .508
   6            37.94320            .02636            .2119              17.333             .124
  TOTAL WEIGHT................................................. 13991.868



 ********************* EIGEN VECTORS (MAXIMUM NORMALIZED) *********************



 STORY        1        2        3        4        5        6
    6       1.000   -1.000     .895    -.585     .408    -.171
    5        .818    -.194    -.569     .920   -1.000     .525
    4        .637     .475   -1.000     .139     .947    -.883
    3        .460     .842    -.151   -1.000     .032    1.000
    2        .292     .830     .914    -.037    -.957    -.886
    1        .137     .492     .972    1.000     .971     .530



 ********************** EIGEN VECTORS (MASS NORMALIZED) ***********************



 STORY        1        2        3        4        5        6
    6        .269    -.242     .184    -.132     .083    -.039
    5        .220    -.047    -.117     .208    -.204     .119
    4        .171     .115    -.206     .031     .193    -.200
    3        .124     .204    -.031    -.226     .007     .226
    2        .079     .201     .188    -.008    -.195    -.201
    1        .037     .119     .200     .226     .198     .120



 ***************** END OF MODAL ANALYSIS *****************






 ===========================================================================

 STATE AT END OF PUSH-OVER, V/W:    .0216  , UTOP/H:    .0045
 STORY   DISPLACEMENT
    6         4.2278
    5         3.4764
    4         2.7274
    3         1.9809
    2         1.2442
    1          .5372

 STRESS STATE IN: COLUMNS
 ELEM.   P/Pu   V/Vu   M/Mu   phy/phyu
    1   .0270   .0019   .0412   .0040
    2   .0270   .0031   .0374   .0072
    3   .0270   .0007   .0194   .0011
    4   .0089   .0005   .0054   .0001
    5   .0089   .0001   .0033   .0001
    6   .0089   .0001   .0011   .0000
    7   .0696   .0007   .0122   .0042
    8   .0696   .0030   .0366   .0040
    9   .0696   .0019   .0219   .0011
   10   .0245   .0007   .0073   .0006
   11   .0245   .0002   .0028   .0000
   12   .0245   .0001   .0029   .0000
   13   .0696   .0007   .0122   .0042
   14   .0696   .0030   .0366   .0040
   15   .0696   .0019   .0219   .0011
   16   .0245   .0007   .0073   .0006
   17   .0245   .0002   .0028   .0000
   18   .0245   .0001   .0029   .0000
   19   .0270   .0019   .0412   .0040
   20   .0270   .0031   .0374   .0072
   21   .0270   .0007   .0194   .0011
   22   .0089   .0005   .0054   .0001
   23   .0089   .0001   .0033   .0001
   24   .0089   .0001   .0011   .0000
   25   .0296   .0112   .1338   .0103
   26   .0296   .0019   .0224   .0004
   27   .0296   .0000   .0029   .0001
   28   .0174   .0002   .0025   .0000
   29   .0174   .0001   .0008   .0000
   30   .0174   .0001   .0008   .0000
   31   .1543   .0025   .0330   .0037
   32   .1543   .0021   .0330   .0037
   33   .1543   .0011   .0114   .0006
   34   .0541   .0004   .0068   .0001
   35   .0541   .0002   .0022   .0000
   36   .0541   .0001   .0022   .0000
   37   .1543   .0025   .0330   .0037
   38   .1543   .0021   .0330   .0037
   39   .1543   .0011   .0114   .0006
   40   .0541   .0004   .0068   .0001
   41   .0541   .0002   .0022   .0000
   42   .0541   .0001   .0022   .0000
   43   .1543   .0025   .0330   .0037
   44   .1543   .0021   .0330   .0037
   45   .1543   .0011   .0114   .0006
   46   .0541   .0004   .0068   .0001
   47   .0541   .0002   .0022   .0000
   48   .0541   .0001   .0022   .0000
   49   .1543   .0025   .0330   .0037
   50   .1543   .0021   .0330   .0037
   51   .1543   .0011   .0114   .0006
   52   .0541   .0004   .0068   .0001
   53   .0541   .0002   .0022   .0000
   54   .0541   .0001   .0022   .0000
   55   .0296   .0112   .1338   .0103
   56   .0296   .0019   .0224   .0004
   57   .0296   .0000   .0029   .0001
   58   .0174   .0002   .0025   .0000
   59   .0174   .0001   .0008   .0000
   60   .0174   .0001   .0008   .0000
   61   .0696   .0007   .0122   .0042
   62   .0696   .0030   .0366   .0040
   63   .0696   .0019   .0219   .0011
   64   .0245   .0007   .0073   .0006
   65   .0245   .0002   .0028   .0000
   66   .0245   .0001   .0029   .0000
   67   .1543   .0025   .0330   .0037
   68   .1543   .0021   .0330   .0037
   69   .1543   .0011   .0114   .0006
   70   .0541   .0004   .0068   .0001
   71   .0541   .0002   .0022   .0000
   72   .0541   .0001   .0022   .0000
   73   .1444   .0011   .0169   .0053
   74   .1444   .0008   .0162   .0053
   75   .1444   .0009   .0109   .0009
   76   .0490   .0005   .0068   .0001
   77   .0490   .0002   .0019   .0000
   78   .0490   .0001   .0019   .0000
   79   .1444   .0011   .0169   .0053
   80   .1444   .0008   .0162   .0053
   81   .1444   .0009   .0109   .0009
   82   .0490   .0005   .0068   .0001
   83   .0490   .0002   .0019   .0000
   84   .0490   .0001   .0019   .0000
   85   .1543   .0025   .0330   .0037
   86   .1543   .0021   .0330   .0037
   87   .1543   .0011   .0114   .0006
   88   .0541   .0004   .0068   .0001
   89   .0541   .0002   .0022   .0000
   90   .0541   .0001   .0022   .0000
   91   .0696   .0007   .0122   .0042
   92   .0696   .0030   .0366   .0040
   93   .0696   .0019   .0219   .0011
   94   .0245   .0007   .0073   .0006
   95   .0245   .0002   .0028   .0000
   96   .0245   .0001   .0029   .0000

 STRESS STATE IN: WALLS  
 ELEM.   P/Pu   V/Vu   M/Mu   phy/phyu
    1   .0066   .0118   .0920   .0508
    2   .0066   .0720   .0834   .0067
    3   .0066   .0352   .0370   .0005
    4   .0063   .0107   .0093   .0001
    5   .0063   .0007   .0029   .0000
    6   .0063   .0049   .0027   .0000
    7   .0066   .0118   .0920   .0508
    8   .0066   .0720   .0834   .0067
    9   .0066   .0352   .0370   .0005
   10   .0063   .0107   .0093   .0001
   11   .0063   .0007   .0029   .0000
   12   .0063   .0049   .0027   .0000
