

  DEFORMATION AND STRESS STATE AT IMPORTANT ANALYSIS STAGES





 ===========================================================================

 AT TIME   3.7655
 FIRST WALL    CRACKS AT V/W:    .3566  , UTOP/H:   -.0004



 ===========================================================================

 AT TIME   4.8055
 FIRST COLUMN  CRACKS AT V/W:   -.1878  , UTOP/H:   -.0061



 ===========================================================================

 AT TIME   8.3625
 FIRST WALL    YIELDS AT V/W:   -.3233  , UTOP/H:   -.0055



 ===========================================================================

 AT TIME   8.9650
 FIRST COLUMN  YIELDS AT V/W:    .1642  , UTOP/H:    .0181



 ===========================================================================

 AT TIME  10.0000




 ******************************** MODAL ANALYSIS *******************************


 MODE       FREQUENCY(Hz)    PERIOD(SEC)  MODAL PARTICIPATION  MODAL WEIGHT     RELATIVE MODAL
                                               FACTOR         (WEIGHT UNITS)      WEIGHT (%)


   1              .56323           1.77548           5.0539            9864.419           70.501
   2             4.13891            .24161           2.7234            2864.391           20.472
   3            10.35277            .09659           1.6345            1031.761            7.374
   4            18.03490            .05545            .7256             203.345            1.453
   5            28.01020            .03570            .2540              24.922             .178
   6            37.14514            .02692            .0886               3.029             .022
  TOTAL WEIGHT................................................. 13991.868



 ********************* EIGEN VECTORS (MAXIMUM NORMALIZED) *********************



 STORY        1        2        3        4        5        6
    6       1.000   -1.000     .670    -.564     .428    -.197
    5        .791    -.109    -.395     .780    -.977     .593
    4        .586     .604    -.732     .329     .730    -.957
    3        .390     .944    -.128    -.798     .383    1.000
    2        .212     .851     .728    -.338   -1.000    -.729
    1        .061     .456    1.000    1.000     .682     .312



 ********************** EIGEN VECTORS (MASS NORMALIZED) ***********************



 STORY        1        2        3        4        5        6
    6        .284    -.230     .166    -.137     .095    -.046
    5        .224    -.025    -.098     .189    -.218     .139
    4        .166     .139    -.182     .080     .163    -.225
    3        .111     .217    -.032    -.194     .085     .235
    2        .060     .196     .181    -.082    -.223    -.171
    1        .017     .105     .248     .243     .152     .073



 ***************** END OF MODAL ANALYSIS *****************






 ===========================================================================

 AT TIME  20.0005




 ******************************** MODAL ANALYSIS *******************************


 MODE       FREQUENCY(Hz)    PERIOD(SEC)  MODAL PARTICIPATION  MODAL WEIGHT     RELATIVE MODAL
                                               FACTOR         (WEIGHT UNITS)      WEIGHT (%)


   1              .60605           1.65002           5.1467           10229.959           73.114
   2             4.00489            .24969           2.6312            2673.712           19.109
   3            11.08778            .09019           1.3662             720.879            5.152
   4            20.37952            .04907            .8144             256.119            1.830
   5            30.15501            .03316            .4817              89.598             .640
   6            37.99363            .02632            .2365              21.602             .154
  TOTAL WEIGHT................................................. 13991.868



 ********************* EIGEN VECTORS (MAXIMUM NORMALIZED) *********************



 STORY        1        2        3        4        5        6
    6       1.000   -1.000     .892    -.565     .401    -.169
    5        .795    -.132    -.604     .905    -.986     .521
    4        .594     .569    -.993     .103     .951    -.878
    3        .404     .916    -.063    -.979     .000    1.000
    2        .234     .842    1.000     .032    -.924    -.894
    1        .096     .455     .966    1.000    1.000     .555



 ********************** EIGEN VECTORS (MASS NORMALIZED) ***********************



 STORY        1        2        3        4        5        6
    6        .281    -.234     .180    -.130     .082    -.038
    5        .223    -.031    -.122     .208    -.202     .117
    4        .167     .133    -.200     .024     .194    -.198
    3        .113     .214    -.013    -.225     .000     .225
    2        .066     .197     .202     .007    -.189    -.201
    1        .027     .106     .195     .229     .204     .125



 ***************** END OF MODAL ANALYSIS *****************






 ===========================================================================

 STATE AT END OF PUSH-OVER, V/W:   -.0296  , UTOP/H:    .0018
 STORY   DISPLACEMENT
    6         1.6925
    5         1.3821
    4         1.0742
    3          .7733
    2          .4931
    1          .2294

 STRESS STATE IN: COLUMNS
 ELEM.   P/Pu   V/Vu   M/Mu   phy/phyu
    1   .0270   .0015   .0332   .0012
    2   .0270   .0036   .0449   .0009
    3   .0270   .0034   .0381   .0008
    4   .0089   .0014   .0254   .0005
    5   .0089   .0002   .0025   .0000
    6   .0089   .0001   .0025   .0000
    7   .0696   .0001   .0012   .0010
    8   .0696   .0025   .0390   .0010
    9   .0696   .0035   .0302   .0007
   10   .0245   .0016   .0327   .0005
   11   .0245   .0003   .0032   .0000
   12   .0245   .0001   .0032   .0000
   13   .0696   .0001   .0012   .0010
   14   .0696   .0025   .0390   .0010
   15   .0696   .0035   .0302   .0007
   16   .0245   .0016   .0327   .0005
   17   .0245   .0003   .0032   .0000
   18   .0245   .0001   .0032   .0000
   19   .0270   .0015   .0332   .0012
   20   .0270   .0036   .0449   .0009
   21   .0270   .0034   .0381   .0008
   22   .0089   .0014   .0254   .0005
   23   .0089   .0002   .0025   .0000
   24   .0089   .0001   .0025   .0000
   25   .0296   .0054   .0527   .0047
   26   .0296   .0011   .0056   .0001
   27   .0296   .0000   .0056   .0001
   28   .0174   .0004   .0053   .0001
   29   .0174   .0000   .0009   .0000
   30   .0174   .0001   .0006   .0000
   31   .1543   .0030   .0395   .0009
   32   .1543   .0049   .0404   .0010
   33   .1543   .0007   .0211   .0002
   34   .0541   .0007   .0122   .0002
   35   .0541   .0000   .0019   .0000
   36   .0541   .0001   .0015   .0000
   37   .1543   .0030   .0395   .0009
   38   .1543   .0049   .0404   .0010
   39   .1543   .0007   .0211   .0002
   40   .0541   .0007   .0122   .0002
   41   .0541   .0000   .0019   .0000
   42   .0541   .0001   .0015   .0000
   43   .1543   .0030   .0395   .0009
   44   .1543   .0049   .0404   .0010
   45   .1543   .0007   .0211   .0002
   46   .0541   .0007   .0122   .0002
   47   .0541   .0000   .0019   .0000
   48   .0541   .0001   .0015   .0000
   49   .1543   .0030   .0395   .0009
   50   .1543   .0049   .0404   .0010
   51   .1543   .0007   .0211   .0002
   52   .0541   .0007   .0122   .0002
   53   .0541   .0000   .0019   .0000
   54   .0541   .0001   .0015   .0000
   55   .0296   .0054   .0527   .0047
   56   .0296   .0011   .0056   .0001
   57   .0296   .0000   .0056   .0001
   58   .0174   .0004   .0053   .0001
   59   .0174   .0000   .0009   .0000
   60   .0174   .0001   .0006   .0000
   61   .0696   .0001   .0012   .0010
   62   .0696   .0025   .0390   .0010
   63   .0696   .0035   .0302   .0007
   64   .0245   .0016   .0327   .0005
   65   .0245   .0003   .0032   .0000
   66   .0245   .0001   .0032   .0000
   67   .1543   .0030   .0395   .0009
   68   .1543   .0049   .0404   .0010
   69   .1543   .0007   .0211   .0002
   70   .0541   .0007   .0122   .0002
   71   .0541   .0000   .0019   .0000
   72   .0541   .0001   .0015   .0000
   73   .1444   .0023   .0333   .0013
   74   .1444   .0040   .0353   .0013
   75   .1444   .0004   .0196   .0003
   76   .0490   .0007   .0116   .0002
   77   .0490   .0000   .0016   .0000
   78   .0490   .0001   .0014   .0000
   79   .1444   .0023   .0333   .0013
   80   .1444   .0040   .0353   .0013
   81   .1444   .0004   .0196   .0003
   82   .0490   .0007   .0116   .0002
   83   .0490   .0000   .0016   .0000
   84   .0490   .0001   .0014   .0000
   85   .1543   .0030   .0395   .0009
   86   .1543   .0049   .0404   .0010
   87   .1543   .0007   .0211   .0002
   88   .0541   .0007   .0122   .0002
   89   .0541   .0000   .0019   .0000
   90   .0541   .0001   .0015   .0000
   91   .0696   .0001   .0012   .0010
   92   .0696   .0025   .0390   .0010
   93   .0696   .0035   .0302   .0007
   94   .0245   .0016   .0327   .0005
   95   .0245   .0003   .0032   .0000
   96   .0245   .0001   .0032   .0000

 STRESS STATE IN: WALLS  
 ELEM.   P/Pu   V/Vu   M/Mu   phy/phyu
    1   .0066   .0623   .0468   .0227
    2   .0066   .0431   .0468   .0006
    3   .0066   .0116   .0211   .0010
    4   .0063   .0057   .0113   .0004
    5   .0063   .0095   .0081   .0001
    6   .0063   .0051   .0028   .0000
    7   .0066   .0623   .0468   .0227
    8   .0066   .0431   .0468   .0006
    9   .0066   .0116   .0211   .0010
   10   .0063   .0057   .0113   .0004
   11   .0063   .0095   .0081   .0001
   12   .0063   .0051   .0028   .0000
