

  DEFORMATION AND STRESS STATE AT IMPORTANT ANALYSIS STAGES





 ===========================================================================

 AT TIME   3.1355
 FIRST WALL    CRACKS AT V/W:   -.1448  , UTOP/H:   -.0025



 ===========================================================================

 AT TIME   3.7015
 FIRST WALL    YIELDS AT V/W:    .3378  , UTOP/H:    .0048



 ===========================================================================

 AT TIME   3.7365
 FIRST COLUMN  CRACKS AT V/W:    .3282  , UTOP/H:    .0058



 ===========================================================================

 AT TIME   8.8715
 FIRST COLUMN  YIELDS AT V/W:    .1021  , UTOP/H:    .0201



 ===========================================================================

 AT TIME  10.0000




 ******************************** MODAL ANALYSIS *******************************


 MODE       FREQUENCY(Hz)    PERIOD(SEC)  MODAL PARTICIPATION  MODAL WEIGHT     RELATIVE MODAL
                                               FACTOR         (WEIGHT UNITS)      WEIGHT (%)


   1              .63020           1.58680           4.8762            9182.976           65.631
   2             4.31295            .23186           2.8081            3045.385           21.765
   3            11.13303            .08982           1.6591            1063.087            7.598
   4            18.95418            .05276          -1.1846             541.924            3.873
   5            26.28723            .03804           -.6286             152.603            1.091
   6            35.09076            .02850            .1235               5.893             .042
  TOTAL WEIGHT................................................. 13991.868



 ********************* EIGEN VECTORS (MAXIMUM NORMALIZED) *********************



 STORY        1        2        3        4        5        6
    6       1.000    -.946     .734     .457    -.381    -.248
    5        .773    -.052    -.489    -.665     .814     .710
    4        .550     .661    -.795    -.186    -.467   -1.000
    3        .339    1.000     .014     .748    -.502     .813
    2        .155     .833    1.000     .001    1.000    -.473
    1        .032     .300     .757   -1.000    -.967     .231



 ********************** EIGEN VECTORS (MASS NORMALIZED) ***********************



 STORY        1        2        3        4        5        6
    6        .293    -.220     .173     .123    -.086    -.063
    5        .227    -.012    -.115    -.179     .183     .181
    4        .161     .154    -.187    -.050    -.105    -.255
    3        .099     .232     .003     .202    -.113     .207
    2        .045     .194     .236     .000     .225    -.121
    1        .009     .070     .178    -.270    -.217     .059



 ***************** END OF MODAL ANALYSIS *****************






 ===========================================================================

 AT TIME  20.0005




 ******************************** MODAL ANALYSIS *******************************


 MODE       FREQUENCY(Hz)    PERIOD(SEC)  MODAL PARTICIPATION  MODAL WEIGHT     RELATIVE MODAL
                                               FACTOR         (WEIGHT UNITS)      WEIGHT (%)


   1              .61624           1.62275           5.1371           10191.832           72.841
   2             4.02966            .24816           2.6415            2694.816           19.260
   3            11.11833            .08994           1.3763             731.548            5.228
   4            20.40350            .04901            .8214             260.545            1.862
   5            30.16822            .03315            .4858              91.160             .652
   6            37.99863            .02632            .2385              21.966             .157
  TOTAL WEIGHT................................................. 13991.868



 ********************* EIGEN VECTORS (MAXIMUM NORMALIZED) *********************



 STORY        1        2        3        4        5        6
    6       1.000   -1.000     .886    -.564     .399    -.169
    5        .794    -.128    -.603     .904    -.983     .520
    4        .592     .574    -.986     .101     .949    -.878
    3        .401     .920    -.056    -.978    -.002    1.000
    2        .231     .842    1.000     .038    -.919    -.894
    1        .094     .452     .959    1.000    1.000     .557



 ********************** EIGEN VECTORS (MASS NORMALIZED) ***********************



 STORY        1        2        3        4        5        6
    6        .281    -.233     .180    -.129     .082    -.038
    5        .223    -.030    -.122     .208    -.202     .117
    4        .166     .134    -.200     .023     .195    -.198
    3        .113     .215    -.011    -.225     .000     .225
    2        .065     .197     .203     .009    -.188    -.201
    1        .026     .105     .195     .230     .205     .125



 ***************** END OF MODAL ANALYSIS *****************






 ===========================================================================

 STATE AT END OF PUSH-OVER, V/W:   -.0690  , UTOP/H:   -.0008
 STORY   DISPLACEMENT
    6         -.7462
    5         -.5913
    4         -.4387
    3         -.2928
    2         -.1620
    1         -.0644

 STRESS STATE IN: COLUMNS
 ELEM.   P/Pu   V/Vu   M/Mu   phy/phyu
    1   .0270   .0022   .0481   .0006
    2   .0270   .0025   .0470   .0007
    3   .0270   .0009   .0168   .0009
    4   .0089   .0006   .0134   .0002
    5   .0089   .0000   .0016   .0000
    6   .0089   .0001   .0015   .0000
    7   .0696   .0023   .0393   .0005
    8   .0696   .0021   .0356   .0005
    9   .0696   .0005   .0137   .0005
   10   .0245   .0006   .0148   .0002
   11   .0245   .0000   .0025   .0000
   12   .0245   .0001   .0017   .0000
   13   .0696   .0023   .0393   .0005
   14   .0696   .0021   .0356   .0005
   15   .0696   .0005   .0137   .0005
   16   .0245   .0006   .0148   .0002
   17   .0245   .0000   .0025   .0000
   18   .0245   .0001   .0017   .0000
   19   .0270   .0022   .0481   .0006
   20   .0270   .0025   .0470   .0007
   21   .0270   .0009   .0168   .0009
   22   .0089   .0006   .0134   .0002
   23   .0089   .0000   .0016   .0000
   24   .0089   .0001   .0015   .0000
   25   .0296   .0072   .0642   .0004
   26   .0296   .0022   .0128   .0003
   27   .0296   .0012   .0131   .0003
   28   .0174   .0001   .0020   .0000
   29   .0174   .0002   .0020   .0000
   30   .0174   .0000   .0003   .0000
   31   .1543   .0016   .0212   .0002
   32   .1543   .0000   .0218   .0003
   33   .1543   .0014   .0235   .0002
   34   .0541   .0002   .0061   .0001
   35   .0541   .0002   .0034   .0000
   36   .0541   .0001   .0009   .0000
   37   .1543   .0016   .0212   .0002
   38   .1543   .0000   .0218   .0003
   39   .1543   .0014   .0235   .0002
   40   .0541   .0002   .0061   .0001
   41   .0541   .0002   .0034   .0000
   42   .0541   .0001   .0009   .0000
   43   .1543   .0016   .0212   .0002
   44   .1543   .0000   .0218   .0003
   45   .1543   .0014   .0235   .0002
   46   .0541   .0002   .0061   .0001
   47   .0541   .0002   .0034   .0000
   48   .0541   .0001   .0009   .0000
   49   .1543   .0016   .0212   .0002
   50   .1543   .0000   .0218   .0003
   51   .1543   .0014   .0235   .0002
   52   .0541   .0002   .0061   .0001
   53   .0541   .0002   .0034   .0000
   54   .0541   .0001   .0009   .0000
   55   .0296   .0072   .0642   .0004
   56   .0296   .0022   .0128   .0003
   57   .0296   .0012   .0131   .0003
   58   .0174   .0001   .0020   .0000
   59   .0174   .0002   .0020   .0000
   60   .0174   .0000   .0003   .0000
   61   .0696   .0023   .0393   .0005
   62   .0696   .0021   .0356   .0005
   63   .0696   .0005   .0137   .0005
   64   .0245   .0006   .0148   .0002
   65   .0245   .0000   .0025   .0000
   66   .0245   .0001   .0017   .0000
   67   .1543   .0016   .0212   .0002
   68   .1543   .0000   .0218   .0003
   69   .1543   .0014   .0235   .0002
   70   .0541   .0002   .0061   .0001
   71   .0541   .0002   .0034   .0000
   72   .0541   .0001   .0009   .0000
   73   .1444   .0016   .0230   .0003
   74   .1444   .0002   .0262   .0005
   75   .1444   .0014   .0265   .0004
   76   .0490   .0001   .0053   .0001
   77   .0490   .0002   .0032   .0000
   78   .0490   .0001   .0008   .0000
   79   .1444   .0016   .0230   .0003
   80   .1444   .0002   .0262   .0005
   81   .1444   .0014   .0265   .0004
   82   .0490   .0001   .0053   .0001
   83   .0490   .0002   .0032   .0000
   84   .0490   .0001   .0008   .0000
   85   .1543   .0016   .0212   .0002
   86   .1543   .0000   .0218   .0003
   87   .1543   .0014   .0235   .0002
   88   .0541   .0002   .0061   .0001
   89   .0541   .0002   .0034   .0000
   90   .0541   .0001   .0009   .0000
   91   .0696   .0023   .0393   .0005
   92   .0696   .0021   .0356   .0005
   93   .0696   .0005   .0137   .0005
   94   .0245   .0006   .0148   .0002
   95   .0245   .0000   .0025   .0000
   96   .0245   .0001   .0017   .0000

 STRESS STATE IN: WALLS  
 ELEM.   P/Pu   V/Vu   M/Mu   phy/phyu
    1   .0066   .1060   .1061   .0039
    2   .0066   .0000   .0436   .0006
    3   .0066   .0476   .0436   .0006
    4   .0063   .0221   .0199   .0003
    5   .0063   .0090   .0077   .0001
    6   .0063   .0048   .0027   .0000
    7   .0066   .1060   .1061   .0039
    8   .0066   .0000   .0436   .0006
    9   .0066   .0476   .0436   .0006
   10   .0063   .0221   .0199   .0003
   11   .0063   .0090   .0077   .0001
   12   .0063   .0048   .0027   .0000
