

  DEFORMATION AND STRESS STATE AT IMPORTANT ANALYSIS STAGES





 ===========================================================================

 AT TIME   3.0800
 FIRST WALL    CRACKS AT V/W:   -.0558  , UTOP/H:   -.0038



 ===========================================================================

 AT TIME   3.1540
 FIRST WALL    YIELDS AT V/W:   -.2808  , UTOP/H:   -.0058



 ===========================================================================

 AT TIME   3.1625
 FIRST COLUMN  CRACKS AT V/W:   -.2658  , UTOP/H:   -.0061



 ===========================================================================

 AT TIME   4.9820
 FIRST COLUMN  YIELDS AT V/W:   -.1441  , UTOP/H:   -.0199



 ===========================================================================

 AT TIME  10.0000




 ******************************** MODAL ANALYSIS *******************************


 MODE       FREQUENCY(Hz)    PERIOD(SEC)  MODAL PARTICIPATION  MODAL WEIGHT     RELATIVE MODAL
                                               FACTOR         (WEIGHT UNITS)      WEIGHT (%)


   1              .43753           2.28556           5.2321           10572.090           75.559
   2             3.22039            .31052           2.5511            2513.337           17.963
   3            10.23385            .09771           1.1966             552.943            3.952
   4            18.61936            .05371           -.7342             208.193            1.488
   5            28.54603            .03503           -.5785             129.252             .924
   6            34.63245            .02887            .2039              16.052             .115
  TOTAL WEIGHT................................................. 13991.868



 ********************* EIGEN VECTORS (MAXIMUM NORMALIZED) *********************



 STORY        1        2        3        4        5        6
    6       1.000   -1.000     .895     .587    -.302    -.262
    5        .807    -.201    -.526    -.827     .704     .745
    4        .615     .492   -1.000    -.241    -.570   -1.000
    3        .430     .941    -.233    1.000    -.197     .803
    2        .263     .903     .983    -.078     .933    -.610
    1        .119     .496     .932    -.854   -1.000     .414



 ********************** EIGEN VECTORS (MASS NORMALIZED) ***********************



 STORY        1        2        3        4        5        6
    6        .275    -.229     .183     .142    -.072    -.063
    5        .222    -.046    -.108    -.199     .169     .179
    4        .169     .113    -.205    -.058    -.137    -.240
    3        .118     .215    -.048     .241    -.047     .193
    2        .072     .206     .201    -.019     .223    -.147
    1        .033     .114     .191    -.206    -.240     .099



 ***************** END OF MODAL ANALYSIS *****************






 ===========================================================================

 AT TIME  20.0005




 ******************************** MODAL ANALYSIS *******************************


 MODE       FREQUENCY(Hz)    PERIOD(SEC)  MODAL PARTICIPATION  MODAL WEIGHT     RELATIVE MODAL
                                               FACTOR         (WEIGHT UNITS)      WEIGHT (%)


   1              .79327           1.26060           4.9303            9387.597           67.093
   2             4.64342            .21536           2.7789            2982.451           21.316
   3            12.07077            .08284           1.6118            1003.273            7.170
   4            21.25379            .04705           1.0439             420.862            3.008
   5            30.66773            .03261            .6413             158.819            1.135
   6            38.15246            .02621            .3172              38.866             .278
  TOTAL WEIGHT................................................. 13991.868



 ********************* EIGEN VECTORS (MAXIMUM NORMALIZED) *********************



 STORY        1        2        3        4        5        6
    6       1.000   -1.000     .760    -.529     .350    -.165
    5        .769    -.037    -.591     .890    -.877     .508
    4        .545     .703    -.830     .007     .890    -.864
    3        .340     .993     .131    -.941    -.088    1.000
    2        .170     .799    1.000     .221    -.758    -.917
    1        .051     .341     .762    1.000    1.000     .633



 ********************** EIGEN VECTORS (MASS NORMALIZED) ***********************



 STORY        1        2        3        4        5        6
    6        .293    -.229     .173    -.123     .078    -.037
    5        .226    -.008    -.134     .207    -.196     .113
    4        .160     .161    -.188     .002     .199    -.192
    3        .100     .227     .030    -.219    -.020     .222
    2        .050     .183     .227     .052    -.169    -.204
    1        .015     .078     .173     .233     .223     .141



 ***************** END OF MODAL ANALYSIS *****************






 ===========================================================================

 STATE AT END OF PUSH-OVER, V/W:   -.0209  , UTOP/H:    .0001
 STORY   DISPLACEMENT
    6          .1361
    5          .1227
    4          .1070
    3          .0804
    2          .0564
    1          .0168

 STRESS STATE IN: COLUMNS
 ELEM.   P/Pu   V/Vu   M/Mu   phy/phyu
    1   .0270   .0004   .0096   .0007
    2   .0270   .0026   .0434   .0008
    3   .0270   .0014   .0252   .0003
    4   .0089   .0013   .0121   .0002
    5   .0089   .0007   .0124   .0002
    6   .0089   .0001   .0015   .0000
    7   .0696   .0024   .0401   .0004
    8   .0696   .0010   .0421   .0024
    9   .0696   .0024   .0262   .0003
   10   .0245   .0009   .0192   .0003
   11   .0245   .0009   .0176   .0002
   12   .0245   .0001   .0023   .0000
   13   .0696   .0024   .0401   .0004
   14   .0696   .0010   .0421   .0024
   15   .0696   .0024   .0262   .0003
   16   .0245   .0009   .0192   .0003
   17   .0245   .0009   .0176   .0002
   18   .0245   .0001   .0023   .0000
   19   .0270   .0004   .0096   .0007
   20   .0270   .0026   .0434   .0008
   21   .0270   .0014   .0252   .0003
   22   .0089   .0013   .0121   .0002
   23   .0089   .0007   .0124   .0002
   24   .0089   .0001   .0015   .0000
   25   .0296   .0027   .0997   .0038
   26   .0296   .0102   .0852   .0026
   27   .0296   .0018   .0156   .0003
   28   .0174   .0000   .0031   .0001
   29   .0174   .0003   .0030   .0001
   30   .0174   .0000   .0000   .0000
   31   .1543   .0106   .1395   .0013
   32   .1543   .0104   .1444   .0027
   33   .1543   .0005   .0062   .0004
   34   .0541   .0007   .0093   .0001
   35   .0541   .0007   .0093   .0001
   36   .0541   .0000   .0007   .0000
   37   .1543   .0106   .1395   .0013
   38   .1543   .0104   .1444   .0027
   39   .1543   .0005   .0062   .0004
   40   .0541   .0007   .0093   .0001
   41   .0541   .0007   .0093   .0001
   42   .0541   .0000   .0007   .0000
   43   .1543   .0106   .1395   .0013
   44   .1543   .0104   .1444   .0027
   45   .1543   .0005   .0062   .0004
   46   .0541   .0007   .0093   .0001
   47   .0541   .0007   .0093   .0001
   48   .0541   .0000   .0007   .0000
   49   .1543   .0106   .1395   .0013
   50   .1543   .0104   .1444   .0027
   51   .1543   .0005   .0062   .0004
   52   .0541   .0007   .0093   .0001
   53   .0541   .0007   .0093   .0001
   54   .0541   .0000   .0007   .0000
   55   .0296   .0027   .0997   .0038
   56   .0296   .0102   .0852   .0026
   57   .0296   .0018   .0156   .0003
   58   .0174   .0000   .0031   .0001
   59   .0174   .0003   .0030   .0001
   60   .0174   .0000   .0000   .0000
   61   .0696   .0024   .0401   .0004
   62   .0696   .0010   .0421   .0024
   63   .0696   .0024   .0262   .0003
   64   .0245   .0009   .0192   .0003
   65   .0245   .0009   .0176   .0002
   66   .0245   .0001   .0023   .0000
   67   .1543   .0106   .1395   .0013
   68   .1543   .0104   .1444   .0027
   69   .1543   .0005   .0062   .0004
   70   .0541   .0007   .0093   .0001
   71   .0541   .0007   .0093   .0001
   72   .0541   .0000   .0007   .0000
   73   .1444   .0095   .1396   .0033
   74   .1444   .0099   .1483   .0022
   75   .1444   .0010   .0091   .0005
   76   .0490   .0008   .0087   .0001
   77   .0490   .0006   .0087   .0001
   78   .0490   .0000   .0007   .0000
   79   .1444   .0095   .1396   .0033
   80   .1444   .0099   .1483   .0022
   81   .1444   .0010   .0091   .0005
   82   .0490   .0008   .0087   .0001
   83   .0490   .0006   .0087   .0001
   84   .0490   .0000   .0007   .0000
   85   .1543   .0106   .1395   .0013
   86   .1543   .0104   .1444   .0027
   87   .1543   .0005   .0062   .0004
   88   .0541   .0007   .0093   .0001
   89   .0541   .0007   .0093   .0001
   90   .0541   .0000   .0007   .0000
   91   .0696   .0024   .0401   .0004
   92   .0696   .0010   .0421   .0024
   93   .0696   .0024   .0262   .0003
   94   .0245   .0009   .0192   .0003
   95   .0245   .0009   .0176   .0002
   96   .0245   .0001   .0023   .0000

 STRESS STATE IN: WALLS  
 ELEM.   P/Pu   V/Vu   M/Mu   phy/phyu
    1   .0066   .0697   .0209   .0035
    2   .0066   .0595   .0198   .0003
    3   .0066   .0450   .0266   .0004
    4   .0063   .0304   .0141   .0002
    5   .0063   .0202   .0138   .0002
    6   .0063   .0048   .0027   .0000
    7   .0066   .0697   .0209   .0035
    8   .0066   .0595   .0198   .0003
    9   .0066   .0450   .0266   .0004
   10   .0063   .0304   .0141   .0002
   11   .0063   .0202   .0138   .0002
   12   .0063   .0048   .0027   .0000
