


 TIME HISTORY FOR STORY NO.  1



    TIME   DISPLACEMENT    STORY DRIFT    STORY SHEAR   ACCELERATION     VELOCITY          DAMAGE    DAMAGE
                                                                                          BEAM-SLAB  COL-WALL

    .000     .00000E+00     .00000E+00     .00000E+00     .00000E+00     .00000E+00         .000      .000
    .010    -.13193E-05    -.13193E-05    -.69305E-01     .33065E-02     .10138E-03         .000      .000
    .020     .69203E-06     .69203E-06     .59956E-01    -.64404E-02    -.10135E-03         .000      .000
    .030    -.17628E-05    -.17628E-05    -.95873E-01     .12687E-01     .31592E-04         .000      .000
    .040    -.12124E-06    -.12124E-06     .24468E-01    -.27198E-02    -.12791E-03         .000      .000
    .050    -.30746E-05    -.30746E-05    -.14673E+00     .19902E-01    -.50914E-04         .000      .000
    .060    -.25742E-05    -.25742E-05    -.73471E-01     .11055E-01    -.26775E-03         .000      .000
    .070    -.69032E-05    -.69032E-05    -.28841E+00     .33592E-01    -.16730E-03         .000      .000
    .080    -.73209E-05    -.73209E-05    -.22518E+00     .20930E-01    -.34497E-03         .000      .000
    .090    -.12385E-04    -.12385E-04    -.44484E+00     .42952E-01    -.23916E-03         .000      .000
    .100    -.13589E-04    -.13589E-04    -.39050E+00     .30945E-01    -.43644E-03         .000      .000
    .110    -.19657E-04    -.19657E-04    -.62825E+00     .53425E-01    -.34041E-03         .000      .000
    .120    -.21908E-04    -.21908E-04    -.59142E+00     .41827E-01    -.55195E-03         .000      .000
    .130    -.29145E-04    -.29145E-04    -.85369E+00     .65133E-01    -.44563E-03         .000      .000
    .140    -.32165E-04    -.32165E-04    -.81966E+00     .50143E-01    -.59647E-03         .000      .000
    .150    -.37801E-04    -.37801E-04    -.95703E+00     .33650E-01     .56866E-04         .000      .000
    .160    -.33703E-04    -.33703E-04    -.55716E+00    -.22335E-01     .12083E-03         .000      .000
    .170    -.37269E-04    -.37269E-04    -.75028E+00     .60785E-01    -.52067E-03         .000      .000
    .180    -.45773E-04    -.45773E-04    -.11335E+01     .14813E+00    -.15579E-02         .000      .000
    .190    -.65515E-04    -.65515E-04    -.19621E+01     .23148E+00    -.18790E-02         .000      .000
    .200    -.83787E-04    -.83787E-04    -.24352E+01     .23908E+00    -.21787E-02         .000      .000
    .210    -.10578E-03    -.10578E-03    -.29973E+01     .23541E+00    -.16510E-02         .000      .000
    .220    -.11718E-03    -.11718E-03    -.28689E+01     .14831E+00    -.10707E-02         .000      .000
    .230    -.12725E-03    -.12725E-03    -.27848E+01     .11490E+00    -.62451E-03         .000      .000
    .240    -.13243E-03    -.13243E-03    -.24775E+01     .78868E-01    -.87682E-03         .000      .000
    .250    -.14377E-03    -.14377E-03    -.25781E+01     .85339E-01    -.96700E-03         .000      .000
    .260    -.15051E-03    -.15051E-03    -.23893E+01     .16530E-01    -.58105E-03         .000      .000
    .270    -.14848E-03    -.14848E-03    -.18569E+01    -.14328E+00     .17100E-02         .000      .000
    .280    -.11790E-03    -.11790E-03    -.11867E+00    -.36974E+00     .37637E-02         .000      .000
    .290    -.75595E-04    -.75595E-04     .15424E+01    -.44001E+00     .49649E-02         .000      .000
    .300    -.23805E-04    -.23805E-04     .32336E+01    -.44351E+00     .47491E-02         .000      .000
    .310     .13501E-04     .13501E-04     .38400E+01    -.25318E+00     .26869E-02         .000      .000
    .320     .26104E-04     .26104E-04     .33143E+01     .20214E-01    -.47976E-03         .000      .000
    .330     .12054E-04     .12054E-04     .19548E+01     .18170E+00    -.14397E-02         .000      .000
    .340     .70398E-05     .70398E-05     .18282E+01    -.76125E-02     .60382E-03         .000      .000
    .350     .41091E-04     .41091E-04     .40061E+01    -.62763E+00     .74954E-02         .000      .000
    .360     .15841E-03     .15841E-03     .10036E+02    -.15864E+01     .15188E-01         .000      .000
    .370     .31548E-03     .31548E-03     .16261E+02    -.19041E+01     .14421E-01         .000      .000
    .380     .40254E-03     .40254E-03     .16966E+02    -.93057E+00     .61083E-03         .000      .000
    .390     .31592E-03     .31592E-03     .88039E+01     .88693E+00    -.17288E-01         .000      .000
    .400     .84834E-04     .84834E-04    -.38045E+01     .22239E+01    -.27145E-01         .000      .000
    .410    -.17784E-03    -.17784E-03    -.14220E+02     .23275E+01    -.22574E-01         .000      .000
    .420    -.35444E-03    -.35444E-03    -.18052E+02     .16837E+01    -.13660E-01         .000      .000
    .430    -.45755E-03    -.45755E-03    -.18450E+02     .12070E+01    -.68402E-02         .000      .000
    .440    -.51270E-03    -.51270E-03    -.16993E+02     .89574E+00    -.61491E-02         .000      .000
    .450    -.61256E-03    -.61256E-03    -.18275E+02     .11913E+01    -.15068E-01         .000      .000
    .460    -.82602E-03    -.82602E-03    -.24823E+02     .19007E+01    -.27679E-01         .000      .000
    .470    -.11356E-02    -.11356E-02    -.34957E+02     .24062E+01    -.31564E-01         .000      .000
    .480    -.14192E-02    -.14192E-02    -.42822E+02     .23397E+01    -.23836E-01         .000      .000
    .490    -.15767E-02    -.15767E-02    -.44997E+02     .17595E+01    -.57053E-02         .000      .000
    .500    -.15083E-02    -.15083E-02    -.37366E+02     .25262E+00     .19908E-01         .000      .000
    .510    -.11978E-02    -.11978E-02    -.20502E+02    -.15838E+01     .40191E-01         .000      .000
    .520    -.76746E-03    -.76746E-03    -.18953E+01    -.24551E+01     .42148E-01         .000      .000
    .530    -.40375E-03    -.40375E-03     .96990E+01    -.19314E+01     .29236E-01         .000      .000
    .540    -.19796E-03    -.19796E-03     .12397E+02    -.63275E+00     .11631E-01         .000      .000
    .550    -.13320E-03    -.13320E-03     .95604E+01     .36355E+00     .46362E-02         .000      .000
    .560    -.36716E-04    -.36716E-04     .11422E+02    -.34432E+00     .17896E-01         .000      .000
    .570     .25417E-03     .25417E-03     .24491E+02    -.24325E+01     .40440E-01         .000      .000
    .580     .72394E-03     .72394E-03     .44701E+02    -.41398E+01     .49438E-01         .000      .000
    .590     .11692E-02     .11692E-02     .60713E+02    -.43055E+01     .36330E-01         .000      .000
    .600     .13552E-02     .13552E-02     .62936E+02    -.23859E+01    -.46881E-02         .000      .000
    .610     .10161E-02     .10161E-02     .41253E+02     .19033E+01    -.63979E-01         .000      .000
    .620     .10832E-03     .10832E-03    -.13134E+01     .66792E+01    -.11427E+00         .000      .000
    .630    -.11757E-02    -.11757E-02    -.51862E+02     .10125E+02    -.13713E+00         .000      .000
    .640    -.25241E-02    -.25241E-02    -.95034E+02     .11043E+02    -.12735E+00         .000      .000
    .650    -.36083E-02    -.36083E-02    -.11724E+03     .83879E+01    -.83857E-01         .000      .000
    .660    -.41738E-02    -.41738E-02    -.11142E+03     .29929E+01    -.30924E-01         .000      .000
    .670    -.41611E-02    -.41611E-02    -.81790E+02    -.47015E+01     .40221E-01         .000      .000
    .680    -.33763E-02    -.33763E-02    -.25038E+02    -.13885E+02     .11173E+00         .000      .000
    .690    -.21413E-02    -.21413E-02     .30616E+02    -.17053E+02     .12193E+00         .000      .000
    .700    -.11215E-02    -.11215E-02     .49736E+02    -.11487E+02     .76317E-01         .000      .000
    .710    -.56193E-03    -.56193E-03     .34121E+02    -.32164E+01     .43287E-01         .000      .000
    .720    -.12478E-03    -.12478E-03     .15679E+02     .20455E+01     .48958E-01         .000      .000
    .730     .44914E-03     .44914E-03     .11040E+02     .47926E+01     .64928E-01         .000      .000
    .740     .11705E-02     .11705E-02     .21143E+02     .56059E+01     .79405E-01         .000      .000
    .750     .20551E-02     .20551E-02     .49858E+02     .28087E+01     .98430E-01         .000      .000
    .760     .31833E-02     .31833E-02     .10267E+03    -.51993E+01     .12999E+00         .000      .000
    .770     .45772E-02     .45772E-02     .17470E+03    -.15551E+02     .14105E+00         .000      .000
    .780     .57587E-02     .57587E-02     .22859E+03    -.19865E+02     .81708E-01         .000      .000
    .790     .60034E-02     .60034E-02     .22270E+03    -.13837E+02    -.39758E-01         .000      .000
    .800     .49955E-02     .49955E-02     .15145E+03    -.18885E+01    -.15463E+00         .000      .000
    .810     .31514E-02     .31514E-02     .51230E+02     .78218E+01    -.20008E+00         .000      .000
    .820     .12336E-02     .12336E-02    -.34496E+02     .11578E+02    -.17389E+00         .000      .000
    .830    -.21787E-03    -.21787E-03    -.85473E+02     .10985E+02    -.11419E+00         .000      .000
    .840    -.11469E-02    -.11469E-02    -.10833E+03     .10198E+02    -.81283E-01         .000      .000
    .850    -.20113E-02    -.20113E-02    -.12941E+03     .11748E+02    -.98965E-01         .000      .000
    .860    -.32412E-02    -.32412E-02    -.16474E+03     .14398E+02    -.15147E+00         .000      .000
    .870    -.50574E-02    -.50574E-02    -.22145E+03     .17630E+02    -.20933E+00         .000      .000
    .880    -.72968E-02    -.72968E-02    -.29210E+03     .20463E+02    -.22864E+00         .000      .000
    .890    -.93621E-02    -.93621E-02    -.35065E+03     .20328E+02    -.16906E+00         .000      .000
    .900    -.10386E-01    -.10386E-01    -.35977E+03     .14124E+02    -.23025E-01         .000      .000
    .910    -.95925E-02    -.95925E-02    -.28959E+03    -.13395E+00     .19111E+00         .000      .000
    .920    -.65493E-02    -.65493E-02    -.13141E+03    -.20370E+02     .41200E+00         .000      .000
    .930    -.17098E-02    -.17098E-02     .74553E+02    -.36521E+02     .53099E+00         .000      .000
    .940     .33609E-02     .33609E-02     .23997E+03    -.35055E+02     .44298E+00         .000      .000
    .950     .66416E-02     .66416E-02     .28044E+03    -.13748E+02     .19924E+00         .000      .000
    .960     .74717E-02     .74717E-02     .20923E+03     .11159E+02    -.14529E-01         .000      .000
    .970     .70720E-02     .70720E-02     .12779E+03     .19321E+02    -.20237E-01         .000      .000
    .980     .76915E-02     .76915E-02     .15179E+03     .42201E+01     .16379E+00         .000      .000
    .990     .10411E-01     .10411E-01     .29919E+03    -.21471E+02     .37214E+00         .000      .000
   1.000     .14540E-01     .14540E-01     .49997E+03    -.40598E+02     .41019E+00         .000      .000
   1.010     .17666E-01     .17666E-01     .62252E+03    -.38889E+02     .16746E+00         .000      .000
   1.020     .17309E-01     .17309E-01     .56746E+03    -.17935E+02    -.25300E+00         .000      .000
   1.030     .12780E-01     .12780E-01     .33937E+03     .88366E+01    -.62732E+00         .000      .000
   1.040     .54218E-02     .54218E-02     .23401E+02     .31118E+02    -.80612E+00         .000      .000
   1.050    -.26804E-02    -.26804E-02    -.28703E+03     .46964E+02    -.78619E+00         .000      .000
   1.060    -.97457E-02    -.97457E-02    -.51882E+03     .52530E+02    -.60288E+00         .000      .000
   1.070    -.14399E-01    -.14399E-01    -.61067E+03     .40745E+02    -.31961E+00         .000      .000
   1.080    -.16334E-01    -.16334E-01    -.56456E+03     .17135E+02    -.89505E-01         .000      .000
   1.090    -.16760E-01    -.16760E-01    -.47097E+03    -.19260E+01    -.24760E-01         .000      .000
   1.100    -.17276E-01    -.17276E-01    -.42949E+03    -.56922E+01    -.92089E-01         .000      .000
   1.110    -.18538E-01    -.18538E-01    -.47212E+03     .33876E+01    -.14404E+00         .000      .000
   1.120    -.19627E-01    -.19627E-01    -.53876E+03     .12825E+02    -.42021E-01         .000      .000
   1.130    -.18850E-01    -.18850E-01    -.53690E+03     .13774E+02     .21723E+00         .000      .000
   1.140    -.15200E-01    -.15200E-01    -.42094E+03     .81171E+01     .50376E+00         .000      .000
   1.150    -.91068E-02    -.91068E-02    -.21416E+03     .11186E+01     .69187E+00         .000      .000
   1.160    -.18055E-02    -.18055E-02     .37295E+02    -.74332E+01     .74633E+00         .000      .000
   1.170     .53974E-02     .53974E-02     .28970E+03    -.18068E+02     .67477E+00         .000      .000
   1.180     .11400E-01     .11400E-01     .49892E+03    -.27651E+02     .51728E+00         .000      .000
   1.190     .15687E-01     .15687E-01     .64056E+03    -.33609E+02     .34355E+00         .000      .000
   1.200     .18501E-01     .18501E-01     .72531E+03    -.37933E+02     .23661E+00         .000      .000
   1.210     .20691E-01     .20691E-01     .79406E+03    -.44498E+02     .21081E+00         .000      .000
   1.220     .22745E-01     .22745E-01     .86379E+03    -.51524E+02     .19493E+00         .000      .000
   1.230     .24456E-01     .24456E-01     .91767E+03    -.56154E+02     .13952E+00         .000      .000
   1.240     .25242E-01     .25242E-01     .92487E+03    -.54311E+02    -.57863E-03         .000      .000
   1.250     .24071E-01     .24071E-01     .83376E+03    -.39458E+02    -.25064E+00         .000      .000
   1.260     .20099E-01     .20099E-01     .61430E+03    -.12856E+02    -.54229E+00         .000      .000
   1.270     .13634E-01     .13634E-01     .30494E+03     .12812E+02    -.71829E+00         .000      .000
   1.280     .64257E-02     .64257E-02     .65052E+01     .24429E+02    -.68947E+00         .000      .000
   1.290     .31321E-03     .31321E-03    -.20540E+03     .22248E+02    -.51810E+00         .000      .000
   1.300    -.38797E-02    -.38797E-02    -.32208E+03     .14832E+02    -.32612E+00         .000      .000
   1.310    -.65704E-02    -.65704E-02    -.39025E+03     .12754E+02    -.23778E+00         .000      .000
   1.320    -.92606E-02    -.92606E-02    -.49325E+03     .25763E+02    -.33345E+00         .000      .000
   1.330    -.13268E-01    -.13268E-01    -.67824E+03     .46519E+02    -.44707E+00         .000      .000
   1.340    -.17573E-01    -.17573E-01    -.86398E+03     .55579E+02    -.37688E+00         .000      .000
   1.350    -.20308E-01    -.20308E-01    -.96518E+03     .53225E+02    -.15379E+00         .000      .000
   1.360    -.20504E-01    -.20504E-01    -.96347E+03     .48576E+02     .11510E+00         .000      .000
   1.370    -.18083E-01    -.18083E-01    -.86565E+03     .42816E+02     .36011E+00         .000      .000
   1.380    -.13552E-01    -.13552E-01    -.68642E+03     .33103E+02     .52946E+00         .000      .000
   1.390    -.78466E-02    -.78466E-02    -.45866E+03     .19544E+02     .59377E+00         .000      .000
   1.400    -.19049E-02    -.19049E-02    -.22293E+03     .45473E+01     .58982E+00         .000      .000
   1.410     .39026E-02     .39026E-02     .18253E+00    -.89724E+01     .57309E+00         .000      .000
   1.420     .94920E-02     .94920E-02     .19949E+03    -.16238E+02     .53926E+00         .000      .000
   1.430     .14646E-01     .14646E-01     .36649E+03    -.17504E+02     .49082E+00         .000      .000
   1.440     .19328E-01     .19328E-01     .51741E+03    -.20020E+02     .44576E+00         .000      .000
   1.450     .23508E-01     .23508E-01     .66567E+03    -.26907E+02     .38500E+00         .000      .000
   1.460     .26904E-01     .26904E-01     .80004E+03    -.35801E+02     .28825E+00         .000      .000
   1.470     .29143E-01     .29143E-01     .89823E+03    -.43111E+02     .15390E+00         .000      .000
   1.480     .29815E-01     .29815E-01     .93450E+03    -.44379E+02    -.28319E-01         .000      .000
   1.490     .28389E-01     .28389E-01     .87992E+03    -.35903E+02    -.26549E+00         .000      .000
   1.500     .24533E-01     .24533E-01     .72527E+03    -.20706E+02    -.49761E+00         .000      .000
   1.510     .18765E-01     .18765E-01     .50897E+03    -.77468E+01    -.63485E+00         .000      .000
   1.520     .12165E-01     .12165E-01     .28397E+03    -.25461E+00    -.67232E+00         .000      .000
   1.530     .54652E-02     .54652E-02     .70002E+02     .59337E+01    -.66413E+00         .000      .000
   1.540    -.11568E-02    -.11568E-02    -.13946E+03     .15158E+02    -.66608E+00         .000      .000
   1.550    -.79449E-02    -.79449E-02    -.36145E+03     .28647E+02    -.69509E+00         .000      .000
   1.560    -.15007E-01    -.15007E-01    -.59534E+03     .42371E+02    -.71099E+00         .000      .000
   1.570    -.21887E-01    -.21887E-01    -.81279E+03     .50324E+02    -.64639E+00         .000      .000
   1.580    -.27542E-01    -.27542E-01    -.96784E+03     .49144E+02    -.46454E+00         .000      .000
   1.590    -.30957E-01    -.30957E-01    -.10298E+04     .42169E+02    -.21382E+00         .000      .000
   1.600    -.31794E-01    -.31794E-01    -.10022E+04     .34053E+02     .44807E-01         .000      .000
   1.610    -.29935E-01    -.29935E-01    -.88243E+03     .20259E+02     .33714E+00         .000      .000
   1.620    -.25010E-01    -.25010E-01    -.64994E+03    -.28765E+01     .64331E+00         .000      .000
   1.630    -.17430E-01    -.17430E-01    -.33891E+03    -.24518E+02     .84732E+00         .000      .000
   1.640    -.85010E-02    -.85010E-02    -.23845E+02    -.35375E+02     .92101E+00         .000      .000
   1.650     .71038E-03     .71038E-03     .25767E+03    -.37293E+02     .90968E+00         .000      .000
   1.660     .95531E-02     .95531E-02     .50043E+03    -.35407E+02     .85428E+00         .000      .000
   1.670     .17683E-01     .17683E-01     .71462E+03    -.34227E+02     .76458E+00         .000      .000
   1.680     .24629E-01     .24629E-01     .89501E+03    -.32934E+02     .61140E+00         .000      .000
   1.690     .29705E-01     .29705E-01     .10213E+04    -.30432E+02     .39562E+00         .000      .000
   1.700     .32479E-01     .32479E-01     .10877E+04    -.30014E+02     .15935E+00         .000      .000
   1.710     .32957E-01     .32957E-01     .11035E+04    -.34927E+02    -.58334E-01         .000      .000
   1.720     .31451E-01     .31451E-01     .10777E+04    -.44575E+02    -.23385E+00         .000      .000
   1.730     .28244E-01     .28244E-01     .10005E+04    -.50701E+02    -.41460E+00         .000      .000
   1.740     .23069E-01     .23069E-01     .83140E+03    -.44062E+02    -.62129E+00         .000      .000
   1.750     .16054E-01     .16054E-01     .57114E+03    -.29761E+02    -.76160E+00         .000      .000
   1.760     .81617E-02     .81617E-02     .27013E+03    -.14871E+02    -.80434E+00         .000      .000
   1.770     .82826E-04     .82826E-04    -.47442E+02     .37387E+01    -.81020E+00         .000      .000
   1.780    -.78632E-02    -.78632E-02    -.37272E+03     .25360E+02    -.76533E+00         .000      .000
   1.790    -.14985E-01    -.14985E-01    -.66600E+03     .43553E+02    -.65001E+00         .000      .000
   1.800    -.20799E-01    -.20799E-01    -.90186E+03     .57812E+02    -.51453E+00         .000      .000
   1.810    -.25200E-01    -.25200E-01    -.10740E+04     .66435E+02    -.35894E+00         .000      .000
   1.820    -.27849E-01    -.27849E-01    -.11625E+04     .65732E+02    -.16538E+00         .000      .000
   1.830    -.28475E-01    -.28475E-01    -.11618E+04     .58449E+02     .39625E-01         .000      .000
   1.840    -.27131E-01    -.27131E-01    -.10873E+04     .49339E+02     .22398E+00         .000      .000
   1.850    -.24134E-01    -.24134E-01    -.96109E+03     .41315E+02     .36756E+00         .000      .000
   1.860    -.19976E-01    -.19976E-01    -.80594E+03     .36127E+02     .45285E+00         .000      .000
   1.870    -.15217E-01    -.15217E-01    -.64039E+03     .32982E+02     .49473E+00         .000      .000
   1.880    -.10157E-01    -.10157E-01    -.46506E+03     .28980E+02     .51345E+00         .000      .000
   1.890    -.48224E-02    -.48224E-02    -.26851E+03     .19300E+02     .56606E+00         .000      .000
   1.900     .12486E-02     .12486E-02    -.21102E+02     .10680E+01     .64593E+00         .000      .000
   1.910     .78050E-02     .78050E-02     .25452E+03    -.16363E+02     .64329E+00         .000      .000
   1.920     .13818E-01     .13818E-01     .50272E+03    -.28228E+02     .55008E+00         .000      .000
   1.930     .18699E-01     .18699E-01     .70677E+03    -.39070E+02     .42348E+00         .000      .000
   1.940     .22163E-01     .22163E-01     .85809E+03    -.47709E+02     .26177E+00         .000      .000
   1.950     .23833E-01     .23833E-01     .93418E+03    -.49987E+02     .70179E-01         .000      .000
   1.960     .23517E-01     .23517E-01     .92449E+03    -.44515E+02    -.13524E+00         .000      .000
   1.970     .21223E-01     .21223E-01     .83363E+03    -.33739E+02    -.31463E+00         .000      .000
   1.980     .17419E-01     .17419E-01     .69488E+03    -.24037E+02    -.43738E+00         .000      .000
   1.990     .12570E-01     .12570E-01     .53315E+03    -.16495E+02    -.53095E+00         .000      .000
   2.000     .67823E-02     .67823E-02     .34678E+03    -.79676E+01    -.62856E+00         .000      .000
   2.010    -.42759E-04    -.42759E-04     .12382E+03     .41430E+01    -.73794E+00         .000      .000
   2.020    -.78597E-02    -.78597E-02    -.13494E+03     .17779E+02    -.81463E+00         .000      .000
   2.030    -.16052E-01    -.16052E-01    -.39778E+03     .27559E+02    -.80798E+00         .000      .000
   2.040    -.23777E-01    -.23777E-01    -.63184E+03     .33108E+02    -.72761E+00         .000      .000
   2.050    -.30377E-01    -.30377E-01    -.82054E+03     .35853E+02    -.57991E+00         .000      .000
   2.060    -.35222E-01    -.35222E-01    -.94528E+03     .35779E+02    -.38527E+00         .000      .000
   2.070    -.38002E-01    -.38002E-01    -.10006E+04     .33421E+02    -.16726E+00         .000      .000
   2.080    -.38493E-01    -.38493E-01    -.97849E+03     .26702E+02     .72072E-01         .000      .000
   2.090    -.36596E-01    -.36596E-01    -.87786E+03     .16739E+02     .30245E+00         .000      .000
   2.100    -.32569E-01    -.32569E-01    -.71725E+03     .72431E+01     .49616E+00         .000      .000
   2.110    -.26781E-01    -.26781E-01    -.51323E+03    -.12854E+01     .65685E+00         .000      .000
   2.120    -.19572E-01    -.19572E-01    -.27409E+03    -.95206E+01     .77598E+00         .000      .000
   2.130    -.11457E-01    -.11457E-01    -.14534E+02    -.17129E+02     .83651E+00         .000      .000
   2.140    -.30475E-02    -.30475E-02     .24869E+03    -.24496E+02     .83525E+00         .000      .000
   2.150     .50458E-02     .50458E-02     .49898E+03    -.31685E+02     .77356E+00         .000      .000
   2.160     .12316E-01     .12316E-01     .72341E+03    -.39791E+02     .67824E+00         .000      .000
   2.170     .18611E-01     .18611E-01     .92389E+03    -.51180E+02     .58242E+00         .000      .000
   2.180     .23856E-01     .23856E-01     .10955E+04    -.62761E+02     .45728E+00         .000      .000
   2.190     .27513E-01     .27513E-01     .12025E+04    -.67238E+02     .26159E+00         .000      .000
   2.200     .28821E-01     .28821E-01     .12052E+04    -.60497E+02    -.12858E-01         .000      .000
   2.210     .27031E-01     .27031E-01     .10741E+04    -.41246E+02    -.35452E+00         .000      .000
   2.220     .21842E-01     .21842E-01     .81058E+03    -.15622E+02    -.66764E+00         .000      .000
   2.230     .14161E-01     .14161E-01     .47741E+03     .44128E+01    -.83996E+00         .000      .000
   2.240     .55409E-02     .55409E-02     .14832E+03     .14803E+02    -.86248E+00         .000      .000
   2.250    -.27150E-02    -.27150E-02    -.13480E+03     .17638E+02    -.77254E+00         .000      .000
   2.260    -.97301E-02    -.97301E-02    -.35378E+03     .15735E+02    -.62701E+00         .000      .000
   2.270    -.15189E-01    -.15189E-01    -.51499E+03     .11911E+02    -.46164E+00         .000      .000
   2.280    -.18928E-01    -.18928E-01    -.62585E+03     .73116E+01    -.28494E+00         .000      .000
   2.290    -.20939E-01    -.20939E-01    -.70185E+03     .65314E+01    -.12118E+00         .000      .000
   2.300    -.21395E-01    -.21395E-01    -.76299E+03     .13489E+02     .30037E-01         .000      .000
   2.310    -.20570E-01    -.20570E-01    -.82190E+03     .31649E+02     .11551E+00         .000      .000
   2.320    -.19198E-01    -.19198E-01    -.89615E+03     .57956E+02     .16136E+00         .000      .000
   2.330    -.16975E-01    -.16975E-01    -.92551E+03     .71932E+02     .30858E+00         .000      .000
   2.340    -.12806E-01    -.12806E-01    -.82744E+03     .64793E+02     .52409E+00         .000      .000
   2.350    -.66764E-02    -.66764E-02    -.61092E+03     .46693E+02     .68796E+00         .000      .000
   2.360     .61153E-03     .61153E-03    -.32818E+03     .25635E+02     .75145E+00         .000      .000
   2.370     .79708E-02     .79708E-02    -.36564E+02     .65509E+01     .70202E+00         .000      .000
   2.380     .14345E-01     .14345E-01     .21406E+03    -.78909E+01     .56120E+00         .000      .000
   2.390     .19149E-01     .19149E-01     .39929E+03    -.18824E+02     .40508E+00         .000      .000
   2.400     .22599E-01     .22599E-01     .53001E+03    -.27782E+02     .29481E+00         .000      .000
   2.410     .25177E-01     .25177E-01     .62128E+03    -.32484E+02     .22556E+00         .000      .000
   2.420     .27141E-01     .27141E-01     .68020E+03    -.31873E+02     .16555E+00         .000      .000
   2.430     .28383E-01     .28383E-01     .70726E+03    -.27274E+02     .73965E-01         .000      .000
   2.440     .28443E-01     .28443E-01     .69161E+03    -.20054E+02    -.71130E-01         .000      .000
   2.450     .26923E-01     .26923E-01     .62664E+03    -.13333E+02    -.22966E+00         .000      .000
   2.460     .23950E-01     .23950E-01     .52480E+03    -.94251E+01    -.35807E+00         .000      .000
   2.470     .19950E-01     .19950E-01     .40008E+03    -.74815E+01    -.43016E+00         .000      .000
   2.480     .15501E-01     .15501E-01     .26837E+03    -.58983E+01    -.45470E+00         .000      .000
   2.490     .10885E-01     .10885E-01     .12993E+03    -.15296E+01    -.46944E+00         .000      .000
   2.500     .60480E-02     .60480E-02    -.24595E+02     .72529E+01    -.50279E+00         .000      .000
   2.510     .90413E-03     .90413E-03    -.19726E+03     .17414E+02    -.51661E+00         .000      .000
   2.520    -.41316E-02    -.41316E-02    -.36282E+03     .24850E+02    -.48445E+00         .000      .000
   2.530    -.86377E-02    -.86377E-02    -.50590E+03     .30441E+02    -.40837E+00         .000      .000
   2.540    -.12250E-01    -.12250E-01    -.61566E+03     .35775E+02    -.31598E+00         .000      .000
   2.550    -.14805E-01    -.14805E-01    -.68623E+03     .38619E+02    -.18192E+00         .000      .000
   2.560    -.15580E-01    -.15580E-01    -.67484E+03     .30038E+02     .42114E-01         .000      .000
   2.570    -.14008E-01    -.14008E-01    -.56194E+03     .13977E+02     .25807E+00         .000      .000
   2.580    -.10730E-01    -.10730E-01    -.39931E+03     .18821E+01     .38266E+00         .000      .000
   2.590    -.62579E-02    -.62579E-02    -.21112E+03    -.11622E+02     .52984E+00         .000      .000
   2.600     .15926E-03     .15926E-03     .50165E+02    -.36168E+02     .76453E+00         .000      .000
   2.610     .90343E-02     .90343E-02     .39566E+03    -.65522E+02     .10037E+01         .000      .000
   2.620     .20137E-01     .20137E-01     .79508E+03    -.93421E+02     .12138E+01         .000      .000
   2.630     .32963E-01     .32963E-01     .12171E+04    -.11472E+03     .13250E+01         .000      .000
   2.640     .45963E-01     .45963E-01     .15858E+04    -.11912E+03     .12376E+01         .000      .000
   2.650     .56866E-01     .56866E-01     .18129E+04    -.10103E+03     .89820E+00         .000      .000
   2.660     .63281E-01     .63281E-01     .18263E+04    -.62213E+02     .36223E+00         .000      .000
   2.670     .63956E-01     .63956E-01     .16248E+04    -.14643E+02    -.22521E+00         .000      .000
   2.680     .59113E-01     .59113E-01     .12711E+04     .27037E+02    -.71791E+00         .000      .000
   2.690     .50417E-01     .50417E-01     .87592E+03     .46402E+02    -.97225E+00         .000      .000
   2.700     .40182E-01     .40182E-01     .54163E+03     .42378E+02    -.10663E+01         .000      .000
   2.710     .29174E-01     .29174E-01     .25401E+03     .30583E+02    -.11325E+01         .000      .000
   2.720     .17586E-01     .17586E-01    -.22361E+02     .17360E+02    -.11812E+01         .000      .000
   2.730     .55185E-02     .55185E-02    -.32287E+03     .10686E+02    -.12348E+01         .000      .000
   2.740    -.71542E-02    -.71542E-02    -.69362E+03     .21005E+02    -.12984E+01         .000      .000
   2.750    -.20052E-01    -.20052E-01    -.11364E+04     .45954E+02    -.12476E+01         .000      .000
   2.760    -.31300E-01    -.31300E-01    -.15569E+04     .71076E+02    -.95984E+00         .000      .000
   2.770    -.38447E-01    -.38447E-01    -.18327E+04     .84735E+02    -.43553E+00         .000      .000
   2.780    -.39754E-01    -.39754E-01    -.18822E+04     .84642E+02     .16821E+00         .000      .000
   2.790    -.35443E-01    -.35443E-01    -.17220E+04     .77471E+02     .66606E+00         .000      .000
   2.800    -.27071E-01    -.27071E-01    -.14168E+04     .66731E+02     .97329E+00         .000      .000
   2.810    -.16526E-01    -.16526E-01    -.10345E+04     .52090E+02     .11145E+01         .000      .000
   2.820    -.52327E-02    -.52327E-02    -.62307E+03     .35077E+02     .11228E+01         .000      .000
   2.830     .57036E-02     .57036E-02    -.22677E+03     .19471E+02     .10623E+01         .000      .000
   2.840     .15936E-01     .15936E-01     .14713E+03     .51210E+01     .97938E+00         .000      .000
   2.850     .25103E-01     .25103E-01     .48802E+03    -.53271E+01     .84115E+00         .000      .000
   2.860     .32447E-01     .32447E-01     .77199E+03    -.11128E+02     .60964E+00         .000      .000
   2.870     .37069E-01     .37069E-01     .97600E+03    -.15709E+02     .30775E+00         .000      .000
   2.880     .38675E-01     .38675E-01     .11050E+04    -.25941E+02     .24633E-01         .000      .000
   2.890     .37681E-01     .37681E-01     .11782E+04    -.41489E+02    -.21958E+00         .000      .000
   2.900     .34068E-01     .34068E-01     .11660E+04    -.48086E+02    -.52109E+00         .000      .000
   2.910     .27229E-01     .27229E-01     .10172E+04    -.40168E+02    -.83569E+00         .000      .000
   2.920     .17652E-01     .17652E-01     .76208E+03    -.28259E+02    -.10635E+01         .000      .000
   2.930     .66102E-02     .66102E-02     .46569E+03    -.23175E+02    -.11025E+01         .000      .000
   2.940    -.36331E-02    -.36331E-02     .22686E+03    -.33465E+02    -.91228E+00         .000      .000
   2.950    -.11265E-01    -.11265E-01     .91245E+02    -.50596E+02    -.60543E+00         .000      .000
   2.960    -.15959E-01    -.15959E-01     .24867E+02    -.58078E+02    -.35652E+00         .000      .000
   2.970    -.18615E-01    -.18615E-01    -.34881E+02    -.52275E+02    -.17764E+00         .000      .000
   2.980    -.19448E-01    -.19448E-01    -.77127E+02    -.45961E+02     .16494E-01         .000      .000
   2.990    -.18237E-01    -.18237E-01    -.75441E+02    -.42778E+02     .22589E+00         .000      .000
   3.000    -.14945E-01    -.14945E-01    -.28403E+02    -.39047E+02     .43191E+00         .000      .000
   3.010    -.98279E-02    -.98279E-02     .52390E+02    -.29704E+02     .57276E+00         .000      .000
   3.020    -.43071E-02    -.43071E-02     .10767E+03    -.33909E+01     .47566E+00         .000      .000
   3.030    -.10525E-02    -.10525E-02     .47033E+02     .39223E+02     .15063E+00         .000      .000
   3.040    -.17002E-02    -.17002E-02    -.13622E+03     .82395E+02    -.29887E+00         .000      .000
   3.050    -.74470E-02    -.74470E-02    -.45235E+03     .12626E+03    -.87090E+00         .000      .000
   3.060    -.19301E-01    -.19301E-01    -.92612E+03     .17335E+03    -.14995E+01         .000      .000
   3.070    -.36664E-01    -.36664E-01    -.15005E+04     .20553E+03    -.19101E+01         .000      .000
   3.080    -.56602E-01    -.56602E-01    -.20235E+04     .20813E+03    -.20474E+01         .000      .000
   3.090    -.77033E-01    -.77033E-01    -.24442E+04     .19111E+03    -.20098E+01         .000      .000
   3.100    -.96006E-01    -.96006E-01    -.27262E+04     .15357E+03    -.17384E+01         .000      .000
   3.110    -.11121E+00    -.11121E+00    -.28251E+04     .10075E+03    -.12828E+01         .000      .000
   3.120    -.12139E+00    -.12139E+00    -.27666E+04     .49698E+02    -.74132E+00         .000      .000
   3.130    -.12602E+00    -.12602E+00    -.25910E+04     .11869E+02    -.18914E+00         .000      .000
   3.140    -.12555E+00    -.12555E+00    -.23591E+04    -.50253E+00     .25552E+00         .000      .000
   3.150    -.12141E+00    -.12141E+00    -.21351E+04     .15746E+02     .54781E+00         .000      .000
   3.160    -.11506E+00    -.11506E+00    -.19350E+04     .50175E+02     .69678E+00         .000      .000
   3.170    -.10778E+00    -.10778E+00    -.17388E+04     .86378E+02     .74791E+00         .000      .000
   3.180    -.10034E+00    -.10034E+00    -.15002E+04     .10873E+03     .72416E+00         .000      .000
   3.190    -.93256E-01    -.93256E-01    -.11801E+04     .10389E+03     .70346E+00         .000      .000
   3.200    -.86337E-01    -.86337E-01    -.73633E+03     .66685E+02     .66597E+00         .000      .000
   3.210    -.80443E-01    -.80443E-01    -.22965E+03     .14361E+02     .48347E+00         .000      .000
   3.220    -.77412E-01    -.77412E-01     .21305E+03    -.32866E+02     .85355E-01         .000      .000
   3.230    -.79166E-01    -.79166E-01     .46836E+03    -.63779E+02    -.44170E+00         .000      .000
   3.240    -.86203E-01    -.86203E-01     .49642E+03    -.78014E+02    -.95487E+00         .000      .000
   3.250    -.97844E-01    -.97844E-01     .31093E+03    -.75840E+02    -.13432E+01         .000      .000
   3.260    -.11239E+00    -.11239E+00    -.22679E+02    -.62315E+02    -.15296E+01         .000      .000
   3.270    -.12773E+00    -.12773E+00    -.41467E+03    -.44420E+02    -.15073E+01         .000      .000
   3.280    -.14222E+00    -.14222E+00    -.79295E+03    -.25197E+02    -.13898E+01         .000      .000
   3.290    -.15565E+00    -.15565E+00    -.89699E+03    -.34433E+02    -.13351E+01         .000      .000
   3.300    -.16907E+00    -.16907E+00    -.10035E+04    -.28062E+02    -.13235E+01         .000      .001
   3.310    -.18127E+00    -.18127E+00    -.11250E+04    -.28147E+02    -.10671E+01         .000      .001
   3.320    -.18910E+00    -.18910E+00    -.11609E+04    -.50870E+02    -.42153E+00         .000      .002
   3.330    -.18833E+00    -.18833E+00    -.98763E+03    -.10836E+03     .62346E+00         .000      .002
   3.340    -.17647E+00    -.17647E+00    -.42578E+03    -.19506E+03     .17404E+01         .000      .002
   3.350    -.15428E+00    -.15428E+00     .39691E+03    -.26663E+03     .26417E+01         .000      .002
   3.360    -.12539E+00    -.12539E+00     .12595E+04    -.29443E+03     .30299E+01         .000      .002
   3.370    -.94783E-01    -.94783E-01     .19654E+04    -.28516E+03     .30719E+01         .000      .002
   3.380    -.64531E-01    -.64531E-01     .25240E+04    -.26505E+03     .29412E+01         .000      .003
   3.390    -.37413E-01    -.37413E-01     .28531E+04    -.21009E+03     .23915E+01         .000      .004
   3.400    -.17914E-01    -.17914E-01     .27115E+04    -.99691E+02     .14804E+01         .000      .004
   3.410    -.77100E-02    -.77100E-02     .22729E+04     .55829E+01     .57372E+00         .000      .005
   3.420    -.64528E-02    -.64528E-02     .17168E+04     .82133E+02    -.33463E+00         .000      .005
   3.430    -.14275E-01    -.14275E-01     .10372E+04     .13243E+03    -.12128E+01         .000      .005
   3.440    -.29590E-01    -.29590E-01     .31581E+03     .13484E+03    -.17679E+01         .000      .005
   3.450    -.48618E-01    -.48618E-01    -.32678E+03     .96345E+02    -.20048E+01         .000      .005
   3.460    -.70464E-01    -.70464E-01    -.10117E+04     .82439E+02    -.24414E+01         .000      .005
   3.470    -.97256E-01    -.97256E-01    -.19636E+04     .11363E+03    -.28429E+01         .000      .005
   3.480    -.12458E+00    -.12458E+00    -.29523E+04     .12115E+03    -.24503E+01         .000      .005
   3.490    -.14281E+00    -.14281E+00    -.35465E+04     .65289E+02    -.10300E+01         .000      .005
   3.500    -.14327E+00    -.14327E+00    -.34812E+04    -.31262E+02     .98338E+00         .000      .005
   3.510    -.12202E+00    -.12202E+00    -.27401E+04    -.14263E+03     .33272E+01         .000      .005
   3.520    -.78505E-01    -.78505E-01    -.13946E+04    -.23059E+03     .51831E+01         .000      .005
   3.530    -.21400E-01    -.21400E-01     .96178E+02    -.24638E+03     .61182E+01         .000      .005
   3.540     .41133E-01     .41133E-01     .11558E+04    -.17603E+03     .62779E+01         .000      .006
   3.550     .10087E+00     .10087E+00     .21265E+04    -.65388E+02     .54523E+01         .000      .008
   3.560     .14887E+00     .14887E+00     .22200E+04     .66992E+02     .41964E+01         .000      .010
   3.570     .18747E+00     .18747E+00     .17720E+04     .21137E+03     .36647E+01         .000      .011
   3.580     .21874E+00     .21874E+00     .16527E+04     .27277E+03     .21914E+01         .000      .012
   3.590     .22821E+00     .22821E+00     .13968E+04     .34075E+03    -.25172E+00         .000      .013
   3.600     .21666E+00     .21666E+00     .92363E+03     .34079E+03    -.18425E+01         .000      .013
   3.610     .19258E+00     .19258E+00     .46360E+03     .25124E+03    -.30176E+01         .000      .013
   3.620     .15462E+00     .15462E+00    -.32770E+03     .21072E+03    -.46605E+01         .000      .013
   3.630     .98476E-01     .98476E-01    -.18677E+04     .27529E+03    -.65686E+01         .000      .013
   3.640     .26038E-01     .26038E-01    -.36793E+04     .33555E+03    -.77451E+01         .000      .013
   3.650    -.53400E-01    -.53400E-01    -.51737E+04     .34584E+03    -.78850E+01         .000      .013
   3.660    -.12702E+00    -.12702E+00    -.61538E+04     .31683E+03    -.66715E+01         .000      .013
   3.670    -.18189E+00    -.18189E+00    -.67316E+04     .30733E+03    -.40904E+01         .000      .013
   3.680    -.20839E+00    -.20839E+00    -.64284E+04     .17129E+03    -.13313E+01         .000      .013
   3.690    -.21061E+00    -.21061E+00    -.58407E+04     .10001E+03     .83897E+00         .000      .013
   3.700    -.19151E+00    -.19151E+00    -.47680E+04     .31729E+02     .29991E+01         .000      .013
   3.710    -.15201E+00    -.15201E+00    -.30447E+04    -.77742E+02     .47669E+01         .000      .013
   3.720    -.99464E-01    -.99464E-01    -.10358E+04    -.15801E+03     .55726E+01         .000      .013
   3.730    -.41330E-01    -.41330E-01     .53757E+03    -.15249E+03     .61900E+01         .000      .013
   3.740     .28649E-01     .28649E-01     .18926E+04    -.20239E+03     .79353E+01         .000      .013
   3.750     .11654E+00     .11654E+00     .44039E+04    -.44380E+03     .94289E+01         .000      .013
   3.760     .21322E+00     .21322E+00     .60926E+04    -.40793E+03     .10224E+02         .000      .013
   3.770     .32643E+00     .32643E+00     .73234E+04    -.46805E+03     .12484E+02         .000      .016
   3.780     .46181E+00     .46181E+00     .81311E+04    -.50980E+03     .14668E+02         .000      .021
   3.790     .61872E+00     .61872E+00     .87875E+04    -.57071E+03     .16563E+02         .000      .026
   3.800     .78987E+00     .78987E+00     .94814E+04    -.64998E+03     .17474E+02         .000      .032
   3.810     .96348E+00     .96348E+00     .10205E+05    -.75624E+03     .16992E+02         .000      .038
   3.820     .11221E+01     .11221E+01     .10732E+05    -.85601E+03     .14241E+02         .000      .044
   3.830     .12392E+01     .12392E+01     .10947E+05    -.87232E+03     .87462E+01         .000      .048
   3.840     .12917E+01     .12917E+01     .10381E+05    -.69409E+03     .17328E+01         .000      .050
   3.850     .12801E+01     .12801E+01     .82928E+04    -.22365E+03    -.33428E+01         .000      .050
   3.860     .12404E+01     .12404E+01     .53078E+04     .31816E+02    -.41676E+01         .000      .050
   3.870     .11981E+01     .11981E+01     .31147E+04     .22106E+02    -.43276E+01         .000      .050
   3.880     .11549E+01     .11549E+01     .16167E+04    -.11282E+02    -.43030E+01         .000      .049
   3.890     .11071E+01     .11071E+01     .12321E+04    -.78328E+02    -.53464E+01         .000      .049
   3.900     .10500E+01     .10500E+01     .60365E+03     .10616E+02    -.59292E+01         .000      .047
   3.910     .99022E+00     .99022E+00    -.20308E+02     .12186E+02    -.60364E+01         .000      .046
   3.920     .92757E+00     .92757E+00    -.63310E+03    -.58961E+02    -.66489E+01         .000      .045
   3.930     .85556E+00     .85556E+00    -.13559E+04     .21784E+02    -.76693E+01         .000      .044
   3.940     .77604E+00     .77604E+00    -.21638E+04     .98554E+02    -.81469E+01         .000      .043
   3.950     .69480E+00     .69480E+00    -.30010E+04     .17746E+03    -.79570E+01         .000      .042
   3.960     .62091E+00     .62091E+00    -.38345E+04     .28765E+03    -.65614E+01         .000      .041
   3.970     .56823E+00     .56823E+00    -.44931E+04     .38276E+03    -.37833E+01         .000      .041
   3.980     .54814E+00     .54814E+00    -.48328E+04     .45547E+03    -.12046E+00         .000      .041
   3.990     .56648E+00     .56648E+00    -.44758E+04     .39435E+03     .35981E+01         .000      .041
   4.000     .61299E+00     .61299E+00    -.28774E+04     .22709E+03     .52796E+01         .000      .041
   4.010     .66410E+00     .66410E+00    -.10928E+04     .11412E+03     .46127E+01         .000      .041
   4.020     .70083E+00     .70083E+00     .81905E+01     .12535E+03     .26270E+01         .000      .042
   4.030     .71626E+00     .71626E+00     .18716E+03     .23260E+03     .51005E+00         .000      .042
   4.040     .71301E+00     .71301E+00    -.34274E+03     .37150E+03    -.10362E+01         .000      .042
   4.050     .69850E+00     .69850E+00    -.11834E+04     .48845E+03    -.17123E+01         .000      .042
   4.060     .68168E+00     .68168E+00    -.19018E+04     .54020E+03    -.15317E+01         .000      .042
   4.070     .66799E+00     .66799E+00    -.20547E+04     .47357E+03    -.12756E+01         .000      .042
   4.080     .65436E+00     .65436E+00    -.18920E+04     .40043E+03    -.15439E+01         .000      .042
   4.090     .63573E+00     .63573E+00    -.17358E+04     .32602E+03    -.22325E+01         .000      .042
   4.100     .60933E+00     .60933E+00    -.17463E+04     .24684E+03    -.30335E+01         .000      .042
   4.110     .57566E+00     .57566E+00    -.19902E+04     .18225E+03    -.36464E+01         .000      .042
   4.120     .53712E+00     .53712E+00    -.24879E+04     .16610E+03    -.40275E+01         .000      .042
   4.130     .49623E+00     .49623E+00    -.32308E+04     .21160E+03    -.40789E+01         .000      .042
   4.140     .45709E+00     .45709E+00    -.40295E+04     .29439E+03    -.36738E+01         .000      .042
   4.150     .42249E+00     .42249E+00    -.38948E+04     .25385E+03    -.34231E+01         .000      .042
   4.160     .38692E+00     .38692E+00    -.36591E+04     .28271E+03    -.36481E+01         .000      .042
   4.170     .35066E+00     .35066E+00    -.34517E+04     .29707E+03    -.35729E+01         .000      .042
   4.180     .31520E+00     .31520E+00    -.30927E+04     .26733E+03    -.35641E+01         .000      .042
   4.190     .27932E+00     .27932E+00    -.26225E+04     .21502E+03    -.35773E+01         .000      .042
   4.200     .24461E+00     .24461E+00    -.22214E+04     .18539E+03    -.32408E+01         .000      .042
   4.210     .21768E+00     .21768E+00    -.18376E+04     .10959E+03    -.21169E+01         .000      .042
   4.220     .20094E+00     .20094E+00    -.12550E+04    -.13678E+01    -.13212E+01         .000      .042
   4.230     .18979E+00     .18979E+00    -.69438E+03    -.57152E+02    -.96148E+00         .000      .042
   4.240     .18125E+00     .18125E+00    -.17850E+03    -.95240E+02    -.75351E+00         .000      .042
   4.250     .17554E+00     .17554E+00     .35650E+03    -.15137E+03    -.31395E+00         .000      .042
   4.260     .17612E+00     .17612E+00     .10259E+04    -.25065E+03     .45888E+00         .000      .042
   4.270     .18427E+00     .18427E+00     .19535E+04    -.38010E+03     .11231E+01         .000      .042
   4.280     .19790E+00     .19790E+00     .29647E+04    -.48390E+03     .15975E+01         .000      .042
   4.290     .21700E+00     .21700E+00     .39999E+04    -.50996E+03     .23385E+01         .000      .042
   4.300     .24546E+00     .24546E+00     .53499E+04    -.66149E+03     .31639E+01         .000      .042
   4.310     .27596E+00     .27596E+00     .65679E+04    -.73142E+03     .27711E+01         .000      .042
   4.320     .30125E+00     .30125E+00     .69026E+04    -.61364E+03     .24377E+01         .000      .042
   4.330     .32710E+00     .32710E+00     .71082E+04    -.54633E+03     .27714E+01         .000      .042
   4.340     .35623E+00     .35623E+00     .74918E+04    -.54846E+03     .29919E+01         .000      .042
   4.350     .38535E+00     .38535E+00     .78019E+04    -.55147E+03     .27753E+01         .000      .042
   4.360     .41118E+00     .41118E+00     .78596E+04    -.55743E+03     .23305E+01         .000      .042
   4.370     .43032E+00     .43032E+00     .78911E+04    -.58242E+03     .14141E+01         .000      .042
   4.380     .43864E+00     .43864E+00     .76856E+04    -.52364E+03     .32127E+00         .000      .042
   4.390     .43966E+00     .43966E+00     .70899E+04    -.43998E+03     .44657E-02         .000      .042
   4.400     .43957E+00     .43957E+00     .65865E+04    -.43816E+03    -.44909E-01         .000      .042
   4.410     .43779E+00     .43779E+00     .60630E+04    -.44284E+03    -.35814E+00         .000      .042
   4.420     .43142E+00     .43142E+00     .52437E+04    -.39750E+03    -.95508E+00         .000      .042
   4.430     .41855E+00     .41855E+00     .39790E+04    -.28639E+03    -.15957E+01         .000      .042
   4.440     .40087E+00     .40087E+00     .23889E+04    -.13415E+03    -.18435E+01         .000      .042
   4.450     .38494E+00     .38494E+00     .10150E+04    -.17202E+02    -.12564E+01         .000      .042
   4.460     .37519E+00     .37519E+00     .14814E+03     .95257E+01    -.75805E+00         .000      .042
   4.470     .36810E+00     .36810E+00    -.36389E+03     .77019E+01    -.81675E+00         .000      .042
   4.480     .35429E+00     .35429E+00    -.10182E+04     .85525E+02    -.20481E+01         .000      .042
   4.490     .32820E+00     .32820E+00    -.21232E+04     .28337E+03    -.30645E+01         .000      .042
   4.500     .29440E+00     .29440E+00    -.33213E+04     .42904E+03    -.36760E+01         .000      .041
   4.510     .25523E+00     .25523E+00    -.48378E+04     .60181E+03    -.41327E+01         .000      .041
   4.520     .21508E+00     .21508E+00    -.64247E+04     .67691E+03    -.39177E+01         .000      .041
   4.530     .17296E+00     .17296E+00    -.71176E+04     .66453E+03    -.46310E+01         .000      .041
   4.540     .12261E+00     .12261E+00    -.80579E+04     .73847E+03    -.53884E+01         .000      .041
   4.550     .65972E-01     .65972E-01    -.84694E+04     .66386E+03    -.60368E+01         .000      .041
   4.560    -.16733E-03    -.16733E-03    -.85434E+04     .60146E+03    -.72225E+01         .000      .041
   4.570    -.78051E-01    -.78051E-01    -.87461E+04     .62724E+03    -.82773E+01         .000      .041
   4.580    -.16273E+00    -.16273E+00    -.90278E+04     .70445E+03    -.84806E+01         .000      .041
   4.590    -.24445E+00    -.24445E+00    -.92745E+04     .73563E+03    -.77322E+01         .000      .041
   4.600    -.31658E+00    -.31658E+00    -.93475E+04     .69726E+03    -.67129E+01         .000      .042
   4.610    -.38020E+00    -.38020E+00    -.93336E+04     .65857E+03    -.61294E+01         .000      .042
   4.620    -.44074E+00    -.44074E+00    -.95772E+04     .63849E+03    -.59647E+01         .000      .042
   4.630    -.49624E+00    -.49624E+00    -.95877E+04     .67443E+03    -.48816E+01         .000      .042
   4.640    -.53515E+00    -.53515E+00    -.91236E+04     .58222E+03    -.28866E+01         .000      .043
   4.650    -.55513E+00    -.55513E+00    -.81036E+04     .44258E+03    -.11943E+01         .000      .043
   4.660    -.56092E+00    -.56092E+00    -.67406E+04     .29405E+03    -.84797E-01         .000      .043
   4.670    -.55940E+00    -.55940E+00    -.52081E+04     .14209E+03     .26345E+00         .000      .043
   4.680    -.55966E+00    -.55966E+00    -.40516E+04     .55887E+02    -.41428E+00         .000      .043
   4.690    -.56666E+00    -.56666E+00    -.34711E+04     .10518E+03    -.92161E+00         .000      .043
   4.700    -.57686E+00    -.57686E+00    -.30145E+04     .86591E+02    -.11263E+01         .000      .043
   4.710    -.59128E+00    -.59128E+00    -.26356E+04     .77338E+02    -.17280E+01         .000      .043
   4.720    -.60853E+00    -.60853E+00    -.24240E+04     .15644E+03    -.15432E+01         .000      .043
   4.730    -.62160E+00    -.62160E+00    -.18810E+04     .69059E+02    -.12199E+01         .000      .042
   4.740    -.63610E+00    -.63610E+00    -.13526E+04    -.14919E+02    -.18001E+01         .000      .042
   4.750    -.65898E+00    -.65898E+00    -.97867E+03    -.72536E+02    -.27845E+01         .000      .042
   4.760    -.69094E+00    -.69094E+00    -.81225E+03    -.84374E+02    -.35223E+01         .000      .042
   4.770    -.72736E+00    -.72736E+00    -.73009E+03    -.79836E+02    -.36606E+01         .000      .042
   4.780    -.76236E+00    -.76236E+00    -.57049E+03    -.10619E+03    -.32831E+01         .000      .043
   4.790    -.79454E+00    -.79454E+00     .13079E+03    -.25427E+03    -.33166E+01         .000      .043
   4.800    -.83195E+00    -.83195E+00     .74148E+03    -.36869E+03    -.43086E+01         .000      .043
   4.810    -.88150E+00    -.88150E+00     .83316E+03    -.35681E+03    -.55878E+01         .000      .043
   4.820    -.94390E+00    -.94390E+00     .85320E+03    -.36787E+03    -.69204E+01         .000      .043
   4.830    -.10207E+01    -.10207E+01     .82779E+03    -.38902E+03    -.84826E+01         .000      .043
   4.840    -.11133E+01    -.11133E+01     .65806E+03    -.32740E+03    -.99004E+01         .000      .044
   4.850    -.12133E+01    -.12133E+01     .19981E+03    -.22785E+03    -.98136E+01         .000      .045
   4.860    -.13053E+01    -.13053E+01    -.86855E+02    -.22590E+03    -.84339E+01         .000      .045
   4.870    -.13802E+01    -.13802E+01    -.12077E+03    -.27205E+03    -.64997E+01         .000      .046
   4.880    -.14347E+01    -.14347E+01     .36089E+02    -.34042E+03    -.43985E+01         .000      .046
   4.890    -.14681E+01    -.14681E+01     .29862E+03    -.41195E+03    -.22738E+01         .000      .046
   4.900    -.14795E+01    -.14795E+01     .38847E+03    -.41951E+03     .96963E-01         .000      .046
   4.910    -.14662E+01    -.14662E+01     .79448E+03    -.51684E+03     .24134E+01         .000      .046
   4.920    -.14332E+01    -.14332E+01     .10020E+04    -.52772E+03     .41174E+01         .000      .046
   4.930    -.13846E+01    -.13846E+01     .12621E+04    -.52350E+03     .55775E+01         .000      .045
   4.940    -.13221E+01    -.13221E+01     .15661E+04    -.50276E+03     .69012E+01         .000      .045
   4.950    -.12465E+01    -.12465E+01     .19134E+04    -.46508E+03     .82380E+01         .000      .045
   4.960    -.11588E+01    -.11588E+01     .23114E+04    -.42360E+03     .91275E+01         .000      .044
   4.970    -.10688E+01    -.10688E+01     .27063E+04    -.38088E+03     .85681E+01         .000      .044
   4.980    -.99315E+00    -.99315E+00     .29746E+04    -.33165E+03     .63097E+01         .000      .044
   4.990    -.94553E+00    -.94553E+00     .30109E+04    -.27698E+03     .31855E+01         .000      .044
   5.000    -.92800E+00    -.92800E+00     .23938E+04    -.10082E+03     .58908E+00         .000      .044
   5.010    -.92890E+00    -.92890E+00     .11630E+04     .38790E+02    -.62839E+00         .000      .044
   5.020    -.93866E+00    -.93866E+00    -.75368E+02     .95430E+02    -.12542E+01         .000      .044
   5.030    -.95287E+00    -.95287E+00    -.12382E+04     .12098E+03    -.15386E+01         .000      .044
   5.040    -.96991E+00    -.96991E+00    -.17092E+04     .27835E+02    -.20439E+01         .000      .044
   5.050    -.99576E+00    -.99576E+00    -.21641E+04     .29629E+02    -.31138E+01         .000      .044
   5.060    -.10290E+01    -.10290E+01    -.27475E+04     .12304E+03    -.33854E+01         .000      .044
   5.070    -.10632E+01    -.10632E+01    -.32417E+04     .12366E+03    -.35330E+01         .000      .044
   5.080    -.11029E+01    -.11029E+01    -.38728E+04     .12615E+03    -.45909E+01         .000      .044
   5.090    -.11578E+01    -.11578E+01    -.48505E+04     .20242E+03    -.64801E+01         .000      .044
   5.100    -.12323E+01    -.12323E+01    -.62166E+04     .35529E+03    -.83233E+01         .000      .045
   5.110    -.13207E+01    -.13207E+01    -.78394E+04     .56930E+03    -.91248E+01         .000      .045
   5.120    -.14103E+01    -.14103E+01    -.92660E+04     .69284E+03    -.87038E+01         .000      .045
   5.130    -.14947E+01    -.14947E+01    -.96805E+04     .75293E+03    -.80839E+01         .000      .045
   5.140    -.15687E+01    -.15687E+01    -.10049E+05     .83592E+03    -.65296E+01         .000      .046
   5.150    -.16229E+01    -.16229E+01    -.10274E+05     .82832E+03    -.42767E+01         .000      .047
   5.160    -.17332E+01    -.17332E+01    -.10696E+05    -.13493E+05    -.43252E+02         .000      .050
   5.170    -.32328E+01    -.32328E+01    -.13504E+05    -.36832E+05    -.29434E+03         .000      .113
   5.180    -.90074E+01    -.90074E+01    -.13863E+05    -.94698E+05    -.95661E+03         .000      .430
