


 TIME HISTORY FOR STORY NO.  6



    TIME   DISPLACEMENT    STORY DRIFT    STORY SHEAR   ACCELERATION     VELOCITY          DAMAGE    DAMAGE
                                                                                          BEAM-SLAB  COL-WALL

    .000     .00000E+00     .00000E+00     .00000E+00     .00000E+00     .00000E+00         .000      .000
    .010    -.18420E-05    -.10454E-08    -.16936E-04     .21576E-04    -.16081E-04         .000      .000
    .020    -.33723E-06    -.40920E-08    -.20219E-02     .61698E-03    -.63235E-04         .000      .000
    .030    -.30590E-05     .15889E-06    -.66798E-03    -.34206E-03    -.98613E-04         .000      .000
    .040    -.24808E-05     .36113E-06     .90399E-02    -.18482E-02    -.18186E-03         .000      .000
    .050    -.69301E-05     .24185E-06     .62776E-02    -.82106E-03    -.33747E-03         .000      .000
    .060    -.95161E-05     .41004E-07     .38028E-02    -.32454E-03    -.57752E-03         .000      .000
    .070    -.18561E-04    -.73530E-07     .25041E-02    -.29991E-03    -.84359E-03         .000      .000
    .080    -.26573E-04     .22071E-07     .92643E-02    -.16868E-02    -.11632E-02         .000      .000
    .090    -.42024E-04     .25878E-06     .20566E-01    -.43338E-02    -.15448E-02         .000      .000
    .100    -.57849E-04     .45855E-06     .46096E-01    -.94388E-02    -.20380E-02         .000      .000
    .110    -.83096E-04    -.30313E-07     .73218E-01    -.14465E-01    -.26261E-02         .000      .000
    .120    -.11079E-03    -.18198E-05     .10087E+00    -.19074E-01    -.33380E-02         .000      .000
    .130    -.15008E-03    -.54745E-05     .11921E+00    -.22025E-01    -.41189E-02         .000      .000
    .140    -.19330E-03    -.11244E-04     .13662E+00    -.24756E-01    -.49382E-02         .000      .000
    .150    -.24688E-03    -.19423E-04     .14799E+00    -.26866E-01    -.51707E-02         .000      .000
    .160    -.29615E-03    -.30176E-04     .16401E+00    -.30139E-01    -.52297E-02         .000      .000
    .170    -.35533E-03    -.44047E-04     .18634E+00    -.34607E-01    -.64467E-02         .000      .000
    .180    -.42874E-03    -.62458E-04     .19841E+00    -.32944E-01    -.87531E-02         .000      .000
    .190    -.53147E-03    -.86655E-04     .10788E+00    -.76817E-02    -.11381E-01         .000      .000
    .200    -.65567E-03    -.11307E-03    -.66733E-01     .27413E-01    -.13809E-01         .000      .000
    .210    -.80518E-03    -.13457E-03    -.15329E+00     .34037E-01    -.15511E-01         .000      .000
    .220    -.96368E-03    -.14797E-03    -.91765E-02    -.58111E-02    -.16547E-01         .000      .000
    .230    -.11372E-02    -.15863E-03     .30666E+00    -.71378E-01    -.17894E-01         .000      .000
    .240    -.13241E-02    -.17710E-03     .64033E+00    -.12985E+00    -.19991E-01         .000      .000
    .250    -.15383E-02    -.21376E-03     .80771E+00    -.14791E+00    -.22468E-01         .000      .000
    .260    -.17700E-02    -.27277E-03     .72045E+00    -.11689E+00    -.23892E-01         .000      .000
    .270    -.20054E-02    -.35007E-03     .44199E+00    -.59037E-01    -.22120E-01         .000      .000
    .280    -.22032E-02    -.43699E-03     .15679E+00    -.11210E-01    -.17606E-01         .000      .000
    .290    -.23552E-02    -.52797E-03    -.12167E-01     .11639E-01    -.12382E-01         .000      .000
    .300    -.24528E-02    -.62496E-03    -.15631E+00     .43412E-01    -.77180E-02         .000      .000
    .310    -.25173E-02    -.73203E-03    -.57811E+00     .14440E+00    -.53753E-02         .000      .000
    .320    -.25667E-02    -.84209E-03    -.13967E+01     .31900E+00    -.49824E-02         .000      .000
    .330    -.26120E-02    -.93305E-03    -.24069E+01     .51082E+00    -.31391E-02         .000      .000
    .340    -.26128E-02    -.97546E-03    -.31889E+01     .63082E+00     .36712E-02         .000      .000
    .350    -.25088E-02    -.94637E-03    -.32676E+01     .58892E+00     .19382E-01         .000      .000
    .360    -.21983E-02    -.84633E-03    -.23942E+01     .36287E+00     .43182E-01         .000      .000
    .370    -.16592E-02    -.70867E-03    -.89589E+00     .54462E-01     .62823E-01         .000      .000
    .380    -.10041E-02    -.58901E-03     .31301E+00    -.12455E+00     .63898E-01         .000      .000
    .390    -.44605E-03    -.53278E-03    -.73060E-01     .77393E-01     .45637E-01         .000      .000
    .400    -.10547E-03    -.52248E-03    -.26862E+01     .69215E+00     .23076E-01         .000      .000
    .410     .60556E-04    -.45042E-03    -.60465E+01     .12951E+01     .13804E-01         .000      .000
    .420     .21036E-03    -.18005E-03    -.69106E+01     .12355E+01     .16250E-01         .000      .000
    .430     .37866E-03     .32737E-03    -.31129E+01     .25489E+00     .16664E-01         .000      .000
    .440     .49503E-03     .94221E-03     .39679E+01    -.11673E+01     .27843E-02         .000      .000
    .450     .35845E-03     .14399E-02     .10327E+02    -.22154E+01    -.33596E-01         .000      .000
    .460    -.22877E-03     .16531E-02     .12961E+02    -.24566E+01    -.85479E-01         .000      .000
    .470    -.13406E-02     .15552E-02     .11695E+02    -.20200E+01    -.13433E+00         .000      .000
    .480    -.28625E-02     .12390E-02     .85822E+01    -.13899E+01    -.16753E+00         .000      .000
    .490    -.46303E-02     .83070E-03     .64518E+01    -.11001E+01    -.18264E+00         .000      .000
    .500    -.64549E-02     .38938E-03     .69493E+01    -.13428E+01    -.17965E+00         .000      .000
    .510    -.81959E-02    -.13808E-03     .91879E+01    -.18118E+01    -.16827E+00         .000      .000
    .520    -.98454E-02    -.86825E-03     .10722E+02    -.19974E+01    -.16424E+00         .000      .000
    .530    -.11522E-01    -.18948E-02     .90878E+01    -.14540E+01    -.17236E+00         .000      .000
    .540    -.13306E-01    -.32098E-02     .27621E+01     .19829E-01    -.18456E+00         .000      .000
    .550    -.15159E-01    -.46501E-02    -.74257E+01     .20880E+01    -.18095E+00         .000      .000
    .560    -.16796E-01    -.59288E-02    -.17703E+02     .38957E+01    -.13891E+00         .000      .000
    .570    -.17812E-01    -.67723E-02    -.23483E+02     .46125E+01    -.59415E-01         .000      .000
    .580    -.17959E-01    -.70741E-02    -.22463E+02     .40141E+01     .27783E-01         .000      .000
    .590    -.17334E-01    -.69578E-02    -.16698E+02     .27606E+01     .92055E-01         .000      .000
    .600    -.16274E-01    -.66763E-02    -.11741E+02     .20153E+01     .10997E+00         .000      .000
    .610    -.15309E-01    -.63949E-02    -.12164E+02     .24515E+01     .75769E-01         .000      .000
    .620    -.14854E-01    -.60418E-02    -.17553E+02     .36782E+01     .12487E-01         .000      .000
    .630    -.15068E-01    -.53520E-02    -.22952E+02     .45537E+01    -.54116E-01         .000      .000
    .640    -.15897E-01    -.40515E-02    -.21615E+02     .37843E+01    -.10915E+00         .000      .000
    .650    -.17177E-01    -.20894E-02    -.89379E+01     .72660E+00    -.14193E+00         .000      .000
    .660    -.18696E-01     .21758E-03     .13946E+02    -.40416E+01    -.16239E+00         .000      .000
    .670    -.20324E-01     .22403E-02     .40303E+02    -.90103E+01    -.15208E+00         .000      .000
    .680    -.21583E-01     .32565E-02     .60887E+02    -.12387E+02    -.94947E-01         .000      .000
    .690    -.22268E-01     .27237E-02     .68048E+02    -.12901E+02    -.51076E-01         .000      .000
    .700    -.22800E-01     .45874E-03     .58443E+02    -.10090E+02    -.65828E-01         .000      .000
    .710    -.23646E-01    -.33117E-02     .30600E+02    -.37646E+01    -.98925E-01         .000      .000
    .720    -.24620E-01    -.78486E-02    -.12458E+02     .49802E+01    -.85111E-01         .000      .000
    .730    -.25151E-01    -.11935E-01    -.56024E+02     .12689E+02    -.13602E-01         .000      .000
    .740    -.24769E-01    -.14413E-01    -.80543E+02     .15884E+02     .93998E-01         .000      .000
    .750    -.23207E-01    -.14843E-01    -.79192E+02     .14286E+02     .22123E+00         .000      .000
    .760    -.20231E-01    -.13580E-01    -.61175E+02     .10237E+02     .38342E+00         .000      .000
    .770    -.15425E-01    -.11316E-01    -.38986E+02     .59491E+01     .58015E+00         .000      .000
    .780    -.87262E-02    -.86909E-02    -.19858E+02     .25341E+01     .74760E+00         .000      .000
    .790    -.79708E-03    -.61951E-02    -.85552E+01     .95710E+00     .81840E+00         .000      .000
    .800     .73341E-02    -.40813E-02    -.11030E+02     .23371E+01     .79729E+00         .000      .000
    .810     .15094E-01    -.21124E-02    -.28010E+02     .61836E+01     .75905E+00         .000      .000
    .820     .22660E-01     .49602E-03    -.46476E+02     .92161E+01     .76287E+00         .000      .000
    .830     .30452E-01     .45605E-02    -.45686E+02     .75367E+01     .79602E+00         .000      .000
    .840     .38376E-01     .10160E-01    -.15648E+02     .33434E+00     .76828E+00         .000      .000
    .850     .45337E-01     .16370E-01     .32624E+02    -.91802E+01     .59802E+00         .000      .000
    .860     .49852E-01     .21787E-01     .76067E+02    -.16436E+02     .28397E+00         .000      .000
    .870     .50733E-01     .25368E-01     .97697E+02    -.19006E+02    -.11496E+00         .000      .000
    .880     .47560E-01     .26899E-01     .97911E+02    -.17984E+02    -.51266E+00         .000      .000
    .890     .40745E-01     .26795E-01     .89867E+02    -.16274E+02    -.83181E+00         .000      .000
    .900     .31348E-01     .25534E-01     .86806E+02    -.16124E+02    -.10242E+01         .000      .000
    .910     .20794E-01     .23228E-01     .93797E+02    -.17969E+02    -.10566E+01         .000      .000
    .920     .10753E-01     .19507E-01     .10610E+03    -.20391E+02    -.92756E+00         .000      .000
    .930     .24899E-02     .13704E-01     .11136E+03    -.20692E+02    -.72356E+00         .000      .000
    .940    -.40616E-02     .52525E-02     .93978E+02    -.15765E+02    -.62133E+00         .000      .000
    .950    -.10578E-01    -.58232E-02     .39989E+02    -.31781E+01    -.71083E+00         .000      .000
    .960    -.18454E-01    -.18378E-01    -.54283E+02     .16777E+02    -.85395E+00         .000      .000
    .970    -.26842E-01    -.29885E-01    -.16829E+03     .38383E+02    -.75572E+00         .000      .000
    .980    -.32180E-01    -.37074E-01    -.25345E+03     .51210E+02    -.24520E+00         .000      .000
    .990    -.30780E-01    -.37681E-01    -.26061E+03     .47153E+02     .55352E+00         .000      .000
   1.000    -.21288E-01    -.32151E-01    -.18362E+03     .28477E+02     .13019E+01         .000      .000
   1.010    -.60822E-02    -.23596E-01    -.74501E+02     .78630E+01     .16539E+01         .000      .000
   1.020     .10254E-01    -.15654E-01    -.62893E+01    -.11967E+01     .15490E+01         .000      .000
   1.030     .24181E-01    -.99152E-02    -.17220E+02     .53429E+01     .12283E+01         .000      .000
   1.040     .35028E-01    -.49294E-02    -.81691E+02     .18991E+02     .96561E+00         .000      .000
   1.050     .43906E-01     .24512E-02    -.12890E+03     .25064E+02     .82201E+00         .000      .000
   1.060     .51566E-01     .14369E-01    -.97796E+02     .14112E+02     .70631E+00         .000      .000
   1.070     .57819E-01     .30056E-01     .17441E+02    -.11471E+02     .52928E+00         .000      .000
   1.080     .61637E-01     .46123E-01     .17180E+03    -.41245E+02     .20207E+00         .000      .000
   1.090     .61141E-01     .58332E-01     .30834E+03    -.64661E+02    -.33752E+00         .000      .000
   1.100     .54265E-01     .63275E-01     .38406E+03    -.74547E+02    -.10616E+01         .000      .000
   1.110     .39787E-01     .59402E-01     .37618E+03    -.67938E+02    -.18220E+01         .000      .000
   1.120     .18462E-01     .47547E-01     .29106E+03    -.48036E+02    -.23941E+01         .000      .000
   1.130    -.69757E-02     .30567E-01     .16803E+03    -.23911E+02    -.26347E+01         .000      .000
   1.140    -.33300E-01     .11895E-01     .59179E+02    -.52055E+01    -.25983E+01         .000      .000
   1.150    -.58579E-01    -.61765E-02    -.58123E+01     .45632E+01    -.24530E+01         .000      .000
   1.160    -.82332E-01    -.23166E-01    -.38298E+02     .97334E+01    -.22971E+01         .000      .000
   1.170    -.10443E+00    -.39541E-01    -.73069E+02     .17215E+02    -.21110E+01         .000      .000
   1.180    -.12416E+00    -.55263E-01    -.13194E+03     .29627E+02    -.18071E+01         .000      .000
   1.190    -.13989E+00    -.69165E-01    -.20718E+03     .44005E+02    -.13026E+01         .000      .000
   1.200    -.14938E+00    -.79465E-01    -.27517E+03     .55555E+02    -.55134E+00         .000      .000
   1.210    -.15018E+00    -.84625E-01    -.31566E+03     .60949E+02     .42149E+00         .000      .000
   1.220    -.14062E+00    -.83912E-01    -.31946E+03     .59142E+02     .14935E+01         .000      .000
   1.230    -.12041E+00    -.77578E-01    -.28956E+03     .51471E+02     .25357E+01         .000      .000
   1.240    -.90434E-01    -.66696E-01    -.24151E+03     .41548E+02     .34219E+01         .000      .000
   1.250    -.52924E-01    -.52583E-01    -.19552E+03     .33133E+02     .40243E+01         .000      .000
   1.260    -.11029E-01    -.36133E-01    -.16289E+03     .27653E+02     .43026E+01         .000      .000
   1.270     .32444E-01    -.17530E-01    -.14068E+03     .23704E+02     .43751E+01         .000      .000
   1.280     .76363E-01     .35842E-02    -.11228E+03     .17335E+02     .44130E+01         .000      .000
   1.290     .12072E+00     .27498E-01    -.51965E+02     .34603E+01     .44543E+01         .000      .000
   1.300     .16508E+00     .53425E-01     .57025E+02    -.19826E+02     .43855E+01         .000      .000
   1.310     .20739E+00     .78844E-01     .19848E+03    -.47203E+02     .40095E+01         .000      .000
   1.320     .24364E+00     .10015E+00     .32466E+03    -.68475E+02     .31494E+01         .000      .000
   1.330     .26920E+00     .11438E+00     .38849E+03    -.75805E+02     .19356E+01         .000      .000
   1.340     .28245E+00     .12068E+00     .37555E+03    -.68962E+02     .74809E+00         .000      .000
   1.350     .28496E+00     .12059E+00     .31600E+03    -.56130E+02    -.20326E+00         .000      .000
   1.360     .27905E+00     .11659E+00     .26637E+03    -.48267E+02    -.95794E+00         .000      .000
   1.370     .26600E+00     .11004E+00     .25836E+03    -.48615E+02    -.16513E+01         .000      .000
   1.380     .24595E+00     .10029E+00     .26978E+03    -.50340E+02    -.23630E+01         .000      .000
   1.390     .21882E+00     .86068E-01     .25666E+03    -.45325E+02    -.30499E+01         .000      .000
   1.400     .18552E+00     .67133E-01     .19782E+03    -.31461E+02    -.35654E+01         .000      .000
   1.410     .14853E+00     .44736E-01     .10281E+03    -.11934E+02    -.37770E+01         .000      .000
   1.420     .11097E+00     .21037E-01    -.49662E+01     .85346E+01    -.36935E+01         .000      .000
   1.430     .75385E-01    -.17061E-02    -.10405E+03     .26318E+02    -.33936E+01         .000      .000
   1.440     .43685E-01    -.21704E-01    -.18397E+03     .40142E+02    -.29191E+01         .000      .000
   1.450     .17507E-01    -.37716E-01    -.24370E+03     .50074E+02    -.22938E+01         .000      .000
   1.460    -.17778E-02    -.48873E-01    -.28158E+03     .55603E+02    -.15450E+01         .000      .000
   1.470    -.13136E-01    -.54710E-01    -.29420E+03     .56217E+02    -.71892E+00         .000      .000
   1.480    -.16211E-01    -.55308E-01    -.28400E+03     .52861E+02     .91413E-01         .000      .000
   1.490    -.11759E-01    -.51181E-01    -.25954E+03     .47386E+02     .76686E+00         .000      .000
   1.500    -.14737E-02    -.42955E-01    -.22878E+03     .41122E+02     .12627E+01         .000      .000
   1.510     .13098E-01    -.31117E-01    -.19399E+03     .34059E+02     .16394E+01         .000      .000
   1.520     .31044E-01    -.15975E-01    -.14869E+03     .24426E+02     .19344E+01         .000      .000
   1.530     .51325E-01     .20236E-02    -.80152E+02     .97812E+01     .20908E+01         .000      .000
   1.540     .72001E-01     .21708E-01     .15924E+02    -.96930E+01     .19908E+01         .000      .000
   1.550     .89985E-01     .41000E-01     .12319E+03    -.29751E+02     .15464E+01         .000      .000
   1.560     .10189E+00     .57553E-01     .21436E+03    -.45211E+02     .79301E+00         .000      .000
   1.570     .10533E+00     .69690E-01     .27276E+03    -.54026E+02    -.11460E+00         .000      .000
   1.580     .99674E-01     .76787E-01     .30280E+03    -.58205E+02    -.10015E+01         .000      .000
   1.590     .85580E-01     .78861E-01     .32130E+03    -.61179E+02    -.18060E+01         .000      .000
   1.600     .63735E-01     .75814E-01     .33895E+03    -.64158E+02    -.25563E+01         .000      .000
   1.610     .34831E-01     .67065E-01     .34767E+03    -.64541E+02    -.31921E+01         .000      .000
   1.620     .65273E-03     .51966E-01     .32665E+03    -.58255E+02    -.35989E+01         .000      .000
   1.630    -.36351E-01     .30622E-01     .26377E+03    -.43980E+02    -.37674E+01         .000      .000
   1.640    -.73994E-01     .41701E-02     .16434E+03    -.23376E+02    -.37265E+01         .000      .000
   1.650    -.11019E+00    -.25559E-01     .36026E+02     .23806E+01    -.34776E+01         .000      .000
   1.660    -.14278E+00    -.56164E-01    -.11644E+03     .32187E+02    -.29984E+01         .000      .000
   1.670    -.16931E+00    -.84538E-01    -.27618E+03     .61838E+02    -.22681E+01         .000      .000
   1.680    -.18748E+00    -.10730E+00    -.41211E+03     .85071E+02    -.13418E+01         .000      .000
   1.690    -.19582E+00    -.12174E+00    -.49735E+03     .97607E+02    -.31758E+00         .000      .000
   1.700    -.19373E+00    -.12657E+00    -.52434E+03     .99194E+02     .73707E+00         .000      .000
   1.710    -.18105E+00    -.12178E+00    -.50158E+03     .91981E+02     .18013E+01         .000      .000
   1.720    -.15767E+00    -.10827E+00    -.43986E+03     .77856E+02     .28748E+01         .000      .000
   1.730    -.12383E+00    -.87506E-01    -.34654E+03     .58170E+02     .38635E+01         .000      .000
   1.740    -.81214E-01    -.61492E-01    -.23148E+03     .35224E+02     .46101E+01         .000      .000
   1.750    -.32565E-01    -.32641E-01    -.11282E+03     .12925E+02     .50785E+01         .000      .000
   1.760     .19510E-01    -.32088E-02    -.10696E+02    -.52665E+01     .52941E+01         .000      .000
   1.770     .72362E-01     .25319E-01     .70325E+02    -.19676E+02     .52227E+01         .000      .000
   1.780     .12298E+00     .52133E-01     .14301E+03    -.33179E+02     .48568E+01         .000      .000
   1.790     .16861E+00     .76411E-01     .21558E+03    -.46580E+02     .42242E+01         .000      .000
   1.800     .20657E+00     .97079E-01     .28308E+03    -.58503E+02     .33234E+01         .000      .000
   1.810     .23438E+00     .11308E+00     .33991E+03    -.68128E+02     .22151E+01         .000      .000
   1.820     .25059E+00     .12353E+00     .38289E+03    -.74883E+02     .10223E+01         .000      .000
   1.830     .25485E+00     .12773E+00     .40751E+03    -.77926E+02    -.16438E+00         .000      .000
   1.840     .24748E+00     .12526E+00     .41099E+03    -.76903E+02    -.12966E+01         .000      .000
   1.850     .22918E+00     .11605E+00     .39118E+03    -.71298E+02    -.23499E+01         .000      .000
   1.860     .20079E+00     .10035E+00     .34309E+03    -.60069E+02    -.33105E+01         .000      .000
   1.870     .16343E+00     .79004E-01     .26411E+03    -.43103E+02    -.41343E+01         .000      .000
   1.880     .11879E+00     .53595E-01     .16079E+03    -.22245E+02    -.47553E+01         .000      .000
   1.890     .69355E-01     .26259E-01     .48607E+02    -.85761E+00    -.50672E+01         .000      .000
   1.900     .18691E-01    -.76621E-03    -.53766E+02     .17518E+02    -.50068E+01         .000      .000
   1.910    -.29896E-01    -.25662E-01    -.13189E+03     .30597E+02    -.46817E+01         .000      .000
   1.920    -.74424E-01    -.47420E-01    -.18254E+03     .38652E+02    -.42001E+01         .000      .000
   1.930    -.11342E+00    -.65824E-01    -.21878E+03     .44978E+02    -.35725E+01         .000      .000
   1.940    -.14543E+00    -.80802E-01    -.25780E+03     .52388E+02    -.28102E+01         .000      .000
   1.950    -.16928E+00    -.91762E-01    -.29920E+03     .59625E+02    -.19460E+01         .000      .000
   1.960    -.18424E+00    -.97786E-01    -.32806E+03     .63638E+02    -.10518E+01         .000      .000
   1.970    -.19046E+00    -.98244E-01    -.33401E+03     .63037E+02    -.20138E+00         .000      .000
   1.980    -.18853E+00    -.93036E-01    -.31548E+03     .57849E+02     .57044E+00         .000      .000
   1.990    -.17948E+00    -.82509E-01    -.27252E+03     .48027E+02     .12122E+01         .000      .000
   2.000    -.16497E+00    -.67452E-01    -.20421E+03     .33497E+02     .16505E+01         .000      .000
   2.010    -.14740E+00    -.49226E-01    -.11502E+03     .15635E+02     .18111E+01         .000      .000
   2.020    -.12970E+00    -.29662E-01    -.18429E+02    -.26166E+01     .16876E+01         .000      .000
   2.030    -.11436E+00    -.10615E-01     .70946E+02    -.18782E+02     .13535E+01         .000      .000
   2.040    -.10312E+00     .64549E-02     .14782E+03    -.32546E+02     .87027E+00         .000      .000
   2.050    -.97301E-01     .20457E-01     .21635E+03    -.44979E+02     .28160E+00         .000      .000
   2.060    -.97770E-01     .30322E-01     .27826E+03    -.55944E+02    -.38976E+00         .000      .000
   2.070    -.10530E+00     .34865E-01     .32513E+03    -.63366E+02    -.11211E+01         .000      .000
   2.080    -.12013E+00     .33096E-01     .34459E+03    -.64972E+02    -.18339E+01         .000      .000
   2.090    -.14166E+00     .24612E-01     .32891E+03    -.59736E+02    -.24507E+01         .000      .000
   2.100    -.16865E+00     .97850E-02     .27868E+03    -.48242E+02    -.29202E+01         .000      .000
   2.110    -.19940E+00    -.10337E-01     .20003E+03    -.31812E+02    -.31930E+01         .000      .000
   2.120    -.23176E+00    -.34230E-01     .99485E+02    -.11675E+02    -.32392E+01         .000      .000
   2.130    -.26341E+00    -.59986E-01    -.15226E+02     .10524E+02    -.30516E+01         .000      .000
   2.140    -.29200E+00    -.85445E-01    -.13287E+03     .32502E+02    -.26284E+01         .000      .000
   2.150    -.31523E+00    -.10845E+00    -.24171E+03     .52122E+02    -.19830E+01         .000      .000
   2.160    -.33093E+00    -.12708E+00    -.33243E+03     .67764E+02    -.11197E+01         .000      .000
   2.170    -.33686E+00    -.13983E+00    -.39820E+03     .78254E+02    -.29204E-01         .000      .000
   2.180    -.33095E+00    -.14570E+00    -.43433E+03     .82848E+02     .12292E+01         .000      .000
   2.190    -.31218E+00    -.14427E+00    -.43903E+03     .81500E+02     .25181E+01         .000      .000
   2.200    -.28101E+00    -.13582E+00    -.41707E+03     .75662E+02     .36813E+01         .000      .000
   2.210    -.23945E+00    -.12104E+00    -.38036E+03     .67860E+02     .45771E+01         .000      .000
   2.220    -.19043E+00    -.10066E+00    -.33791E+03     .59299E+02     .51847E+01         .000      .000
   2.230    -.13639E+00    -.75060E-01    -.28599E+03     .48442E+02     .56018E+01         .000      .000
   2.240    -.78844E-01    -.44560E-01    -.20888E+03     .31800E+02     .58836E+01         .000      .000
   2.250    -.19249E-01    -.10048E-01    -.89793E+02     .66234E+01     .60049E+01         .000      .000
   2.260     .40467E-01     .26278E-01     .69694E+02    -.25264E+02     .58917E+01         .000      .000
   2.270     .97655E-01     .60932E-01     .24037E+03    -.56985E+02     .55024E+01         .000      .000
   2.280     .14975E+00     .90141E-01     .38104E+03    -.80749E+02     .48857E+01         .000      .000
   2.290     .19484E+00     .11111E+00     .46220E+03    -.92109E+02     .41109E+01         .000      .000
   2.300     .23166E+00     .12269E+00     .47731E+03    -.91089E+02     .32431E+01         .000      .000
   2.310     .25929E+00     .12531E+00     .43692E+03    -.80299E+02     .22519E+01         .000      .000
   2.320     .27626E+00     .12047E+00     .35790E+03    -.63114E+02     .11285E+01         .000      .000
   2.330     .28210E+00     .11036E+00     .25829E+03    -.43064E+02     .74965E-01         .000      .000
   2.340     .27856E+00     .97419E-01     .15840E+03    -.24399E+02    -.74093E+00         .000      .000
   2.350     .26809E+00     .83974E-01     .85229E+02    -.12462E+02    -.13166E+01         .000      .000
   2.360     .25281E+00     .71259E-01     .56204E+02    -.91377E+01    -.17170E+01         .000      .000
   2.370     .23408E+00     .58911E-01     .54243E+02    -.91541E+01    -.20161E+01         .000      .000
   2.380     .21279E+00     .45865E-01     .41458E+02    -.51927E+01    -.22230E+01         .000      .000
   2.390     .19022E+00     .31798E-01    -.42109E+01     .53416E+01    -.22485E+01         .000      .000
   2.400     .16874E+00     .17702E-01    -.75387E+02     .19557E+02    -.20001E+01         .000      .000
   2.410     .15106E+00     .53806E-02    -.14701E+03     .32219E+02    -.15010E+01         .000      .000
   2.420     .13915E+00    -.34874E-02    -.19506E+03     .39360E+02    -.87194E+00         .000      .000
   2.430     .13356E+00    -.80761E-02    -.21162E+03     .40626E+02    -.26068E+00         .000      .000
   2.440     .13353E+00    -.84463E-02    -.20550E+03     .38361E+02     .22928E+00         .000      .000
   2.450     .13775E+00    -.50431E-02    -.18883E+03     .34664E+02     .60111E+00         .000      .000
   2.460     .14534E+00     .17549E-02    -.16575E+03     .29723E+02     .90794E+00         .000      .000
   2.470     .15580E+00     .11682E-01    -.13101E+03     .22132E+02     .11808E+01         .000      .000
   2.480     .16875E+00     .24271E-01    -.77220E+02     .10687E+02     .13917E+01         .000      .000
   2.490     .18314E+00     .38504E-01    -.53006E+01    -.37598E+01     .14536E+01         .000      .000
   2.500     .19704E+00     .52837E-01     .72545E+02    -.18333E+02     .12840E+01         .000      .000
   2.510     .20810E+00     .65615E-01     .13930E+03    -.29822E+02     .90028E+00         .000      .000
   2.520     .21460E+00     .75625E-01     .18370E+03    -.36705E+02     .38304E+00         .000      .000
   2.530     .21552E+00     .82370E-01     .20766E+03    -.40146E+02    -.20520E+00         .000      .000
   2.540     .21029E+00     .85836E-01     .22263E+03    -.42511E+02    -.85580E+00         .000      .000
   2.550     .19831E+00     .85983E-01     .23587E+03    -.44637E+02    -.15365E+01         .000      .000
   2.560     .17989E+00     .82541E-01     .24381E+03    -.45405E+02    -.21196E+01         .000      .000
   2.570     .15636E+00     .75246E-01     .23980E+03    -.43740E+02    -.25711E+01         .000      .000
   2.580     .12874E+00     .64067E-01     .22324E+03    -.39800E+02    -.29402E+01         .000      .000
   2.590     .98184E-01     .49078E-01     .19179E+03    -.32681E+02    -.31190E+01         .000      .000
   2.600     .67611E-01     .30535E-01     .13388E+03    -.20053E+02    -.29227E+01         .000      .000
   2.610     .41189E-01     .94373E-02     .47331E+02    -.26905E+01    -.22905E+01         .000      .000
   2.620     .23266E-01    -.12470E-01    -.49976E+02     .15378E+02    -.12206E+01         .000      .000
   2.630     .17890E-01    -.33512E-01    -.14539E+03     .32858E+02     .18311E+00         .000      .000
   2.640     .27316E-01    -.52391E-01    -.24625E+03     .52024E+02     .17040E+01         .000      .000
   2.650     .51606E-01    -.67625E-01    -.36236E+03     .74433E+02     .31160E+01         .000      .000
   2.660     .88796E-01    -.77023E-01    -.49111E+03     .98793E+02     .42755E+01         .000      .000
   2.670     .13625E+00    -.77611E-01    -.61278E+03     .12033E+03     .51749E+01         .000      .000
   2.680     .19165E+00    -.66090E-01    -.68934E+03     .13086E+03     .58780E+01         .000      .000
   2.690     .25359E+00    -.39944E-01    -.67334E+03     .12132E+03     .65111E+01         .000      .000
   2.700     .32147E+00     .10644E-02    -.53157E+03     .86923E+02     .70236E+01         .000      .000
   2.710     .39291E+00     .53847E-01    -.26799E+03     .30972E+02     .71931E+01         .000      .000
   2.720     .46373E+00     .11210E+00     .67042E+02    -.34370E+02     .68892E+01         .000      .000
   2.730     .52892E+00     .16793E+00     .38997E+03    -.92374E+02     .60598E+01         .000      .000
   2.740     .58321E+00     .21444E+00     .62868E+03    -.13128E+03     .47184E+01         .000      .000
   2.750     .62211E+00     .24758E+00     .75686E+03    -.14881E+03     .30233E+01         .000      .000
   2.760     .64332E+00     .26630E+00     .78769E+03    -.14925E+03     .12189E+01         .000      .000
   2.770     .64678E+00     .27169E+00     .75615E+03    -.14020E+03    -.50089E+00         .000      .000
   2.780     .63371E+00     .26575E+00     .70439E+03    -.12952E+03    -.20998E+01         .000      .000
   2.790     .60490E+00     .24999E+00     .65738E+03    -.12027E+03    -.36647E+01         .000      .000
   2.800     .56041E+00     .22478E+00     .60476E+03    -.10849E+03    -.52293E+01         .000      .000
   2.810     .50070E+00     .19018E+00     .51293E+03    -.87444E+02    -.66763E+01         .000      .000
   2.820     .42789E+00     .14732E+00     .36074E+03    -.54798E+02    -.78226E+01         .000      .000
   2.830     .34579E+00     .99210E-01     .16239E+03    -.15271E+02    -.85085E+01         .000      .000
   2.840     .25949E+00     .50007E-01    -.43838E+02     .23267E+02    -.86685E+01         .000      .000
   2.850     .17384E+00     .37935E-02    -.22261E+03     .54844E+02    -.84036E+01         .000      .000
   2.860     .92273E-01    -.36348E-01    -.35519E+03     .76993E+02    -.78820E+01         .000      .000
   2.870     .16709E-01    -.68590E-01    -.44010E+03     .90307E+02    -.72081E+01         .000      .000
   2.880    -.51281E-01    -.92083E-01    -.48524E+03     .96442E+02    -.63514E+01         .000      .000
   2.890    -.10964E+00    -.10651E+00    -.49468E+03     .95658E+02    -.52924E+01         .000      .000
   2.900    -.15706E+00    -.11201E+00    -.46348E+03     .86792E+02    -.42114E+01         .000      .000
   2.910    -.19440E+00    -.10954E+00    -.39052E+03     .70472E+02    -.32866E+01         .000      .000
   2.920    -.22347E+00    -.10103E+00    -.29393E+03     .51233E+02    -.25630E+01         .000      .000
   2.930    -.24598E+00    -.88665E-01    -.19842E+03     .33207E+02    -.19365E+01         .000      .000
   2.940    -.26193E+00    -.74047E-01    -.10738E+03     .15491E+02    -.12305E+01         .000      .000
   2.950    -.27033E+00    -.58463E-01    -.64392E+01    -.49304E+01    -.44713E+00         .000      .000
   2.960    -.27133E+00    -.43782E-01     .10823E+03    -.27348E+02     .19869E+00         .000      .000
   2.970    -.26730E+00    -.32750E-01     .21007E+03    -.44933E+02     .56553E+00         .000      .000
   2.980    -.26059E+00    -.27981E-01     .25352E+03    -.48954E+02     .76418E+00         .000      .000
   2.990    -.25197E+00    -.30261E-01     .21393E+03    -.37102E+02     .97454E+00         .000      .000
   3.000    -.24064E+00    -.37884E-01     .11493E+03    -.16414E+02     .13205E+01         .000      .000
   3.010    -.22526E+00    -.47845E-01     .39923E+01     .40952E+01     .17541E+01         .000      .000
   3.020    -.20628E+00    -.57523E-01    -.89983E+02     .20724E+02     .19707E+01         .000      .000
   3.030    -.18731E+00    -.65235E-01    -.16618E+03     .34625E+02     .17496E+01         .000      .000
   3.040    -.17271E+00    -.69736E-01    -.23499E+03     .47762E+02     .11024E+01         .000      .000
   3.050    -.16670E+00    -.69433E-01    -.29263E+03     .57906E+02     .24275E-01         .000      .000
   3.060    -.17375E+00    -.62392E-01    -.30556E+03     .57356E+02    -.15131E+01         .000      .000
   3.070    -.19793E+00    -.47613E-01    -.23600E+03     .39768E+02    -.33444E+01         .000      .000
   3.080    -.24116E+00    -.26249E-01    -.74204E+02     .49314E+01    -.53328E+01         .000      .000
   3.090    -.30517E+00    -.16852E-02     .16827E+03    -.44304E+02    -.74927E+01         .000      .000
   3.100    -.39116E+00     .20684E-01     .46620E+03    -.10196E+03    -.96934E+01         .000      .000
   3.110    -.49878E+00     .33839E-01     .76334E+03    -.15560E+03    -.11811E+02         .000      .000
   3.120    -.62688E+00     .30723E-01     .98725E+03    -.19169E+03    -.13772E+02         .000      .000
   3.130    -.77345E+00     .61956E-02     .10848E+04    -.20168E+03    -.15502E+02         .000      .000
   3.140    -.93624E+00    -.41869E-01     .10288E+04    -.18169E+03    -.17030E+02         .000      .000
   3.150    -.11135E+01    -.11211E+00     .81720E+03    -.13286E+03    -.18388E+02         .000      .000
   3.160    -.13033E+01    -.19967E+00     .47764E+03    -.62150E+02    -.19547E+02         .000      .000
   3.170    -.15034E+01    -.29691E+00     .66113E+02     .18334E+02    -.20406E+02         .000      .000
   3.180    -.17100E+01    -.39486E+00    -.34168E+03     .93484E+02    -.20851E+02         .000      .000
   3.190    -.19185E+01    -.48511E+00    -.67041E+03     .14965E+03    -.20730E+02         .000      .000
   3.200    -.21225E+01    -.56181E+00    -.87097E+03     .17952E+03    -.19973E+02         .000      .000
   3.210    -.23163E+01    -.62265E+00    -.93523E+03     .18391E+03    -.18729E+02         .000      .000
   3.220    -.24963E+01    -.66873E+00    -.89411E+03     .17086E+03    -.17239E+02         .000      .000
   3.230    -.26608E+01    -.70341E+00    -.80837E+03     .15309E+03    -.15651E+02         .000      .000
   3.240    -.28090E+01    -.73028E+00    -.74044E+03     .14148E+03    -.13976E+02         .000      .000
   3.250    -.29400E+01    -.75126E+00    -.71596E+03     .13811E+03    -.12190E+02         .000      .000
   3.260    -.30525E+01    -.76624E+00    -.71292E+03     .13671E+03    -.10303E+02         .000      .000
   3.270    -.31460E+01    -.77442E+00    -.69134E+03     .12980E+03    -.84068E+01         .000      .000
   3.280    -.32213E+01    -.77575E+00    -.62717E+03     .11430E+03    -.67108E+01         .000      .000
   3.290    -.32813E+01    -.77159E+00    -.52342E+03     .92250E+02    -.53427E+01         .000      .000
   3.300    -.33289E+01    -.76447E+00    -.40297E+03     .68663E+02    -.42063E+01         .000      .000
   3.310    -.33655E+01    -.75731E+00    -.29613E+03     .49596E+02    -.30994E+01         .000      .000
   3.320    -.33897E+01    -.75254E+00    -.23809E+03     .41291E+02    -.16368E+01         .000      .000
   3.330    -.33958E+01    -.75087E+00    -.23467E+03     .41893E+02     .56932E+00         .000      .000
   3.340    -.33755E+01    -.75152E+00    -.24685E+03     .42571E+02     .36261E+01         .000      .000
   3.350    -.33213E+01    -.75426E+00    -.24713E+03     .40747E+02     .72772E+01         .000      .000
   3.360    -.32299E+01    -.76063E+00    -.27445E+03     .48244E+02     .10948E+02         .000      .000
   3.370    -.31026E+01    -.77215E+00    -.41966E+03     .83267E+02     .14528E+02         .000      .000
   3.380    -.29387E+01    -.78657E+00    -.73824E+03     .15167E+03     .18311E+02         .000      .000
   3.390    -.27363E+01    -.79575E+00    -.11748E+04     .23619E+03     .22122E+02         .000      .000
   3.400    -.24975E+01    -.78798E+00    -.15828E+04     .30686E+03     .25534E+02         .000      .000
   3.410    -.22276E+01    -.75300E+00    -.18387E+04     .34440E+03     .28359E+02         .000      .000
   3.420    -.19327E+01    -.68488E+00    -.18982E+04     .34361E+03     .30468E+02         .000      .000
   3.430    -.16210E+01    -.58181E+00    -.17342E+04     .29885E+03     .31739E+02         .000      .000
   3.440    -.13001E+01    -.44677E+00    -.13268E+04     .20846E+03     .32368E+02         .000      .000
   3.450    -.97550E+00    -.28842E+00    -.72166E+03     .85069E+02     .32446E+02         .000      .000
   3.460    -.65515E+00    -.11971E+00    -.12592E+02    -.52003E+02     .31340E+02         .000      .000
   3.470    -.35356E+00     .44569E-01     .69500E+03    -.18181E+03     .28784E+02         .000      .000
   3.480    -.81557E-01     .19012E+00     .12745E+04    -.27979E+03     .25612E+02         .000      .000
   3.490     .16036E+00     .30694E+00     .16333E+04    -.33408E+03     .22941E+02         .000      .000
   3.500     .38069E+00     .39158E+00     .18114E+04    -.36012E+03     .21290E+02         .000      .000
   3.510     .59002E+00     .44373E+00     .19123E+04    -.37600E+03     .20794E+02         .000      .000
   3.520     .79829E+00     .46134E+00     .19298E+04    -.37160E+03     .20818E+02         .000      .000
   3.530     .10058E+01     .44162E+00     .17357E+04    -.31892E+03     .20679E+02         .000      .000
   3.540     .12113E+01     .38653E+00     .12147E+04    -.19994E+03     .20381E+02         .000      .000
   3.550     .14120E+01     .30727E+00     .36355E+03    -.22092E+02     .19656E+02         .000      .000
   3.560     .16052E+01     .22473E+00    -.65610E+03     .17438E+03     .19138E+02         .000      .000
   3.570     .17983E+01     .16441E+00    -.15621E+04     .33250E+03     .19647E+02         .000      .000
   3.580     .19962E+01     .14777E+00    -.21017E+04     .41007E+03     .19576E+02         .000      .000
   3.590     .21851E+01     .18587E+00    -.21337E+04     .38716E+03     .18091E+02         .000      .000
   3.600     .23572E+01     .27602E+00    -.16724E+04     .27748E+03     .16351E+02         .000      .000
   3.610     .25109E+01     .40367E+00    -.93152E+03     .12886E+03     .14250E+02         .000      .000
   3.620     .26379E+01     .55113E+00    -.99968E+02    -.30931E+02     .10877E+02         .000      .000
   3.630     .27217E+01     .70167E+00     .77601E+03    -.19603E+03     .54885E+01         .000      .000
   3.640     .27419E+01     .83766E+00     .15933E+04    -.34016E+03    -.16284E+01         .000      .000
   3.650     .26880E+01     .94376E+00     .21959E+04    -.43783E+03    -.90673E+01         .000      .000
   3.660     .25627E+01     .10117E+01     .26152E+04    -.50755E+03    -.15870E+02         .000      .000
   3.670     .23735E+01     .10348E+01     .28276E+04    -.52759E+03    -.21770E+02         .000      .000
   3.680     .21310E+01     .10119E+01     .27651E+04    -.50786E+03    -.26596E+02         .000      .000
   3.690     .18436E+01     .94915E+00     .28086E+04    -.52772E+03    -.30855E+02         .000      .000
   3.700     .15148E+01     .84121E+00     .29280E+04    -.53799E+03    -.34793E+02         .000      .000
   3.710     .11508E+01     .67738E+00     .26091E+04    -.44554E+03    -.37807E+02         .000      .000
   3.720     .76342E+00     .46314E+00     .18038E+04    -.27144E+03    -.39405E+02         .000      .000
   3.730     .37010E+00     .21703E+00     .74446E+03    -.61953E+02    -.38785E+02         .000      .000
   3.740    -.16021E-02    -.38757E-01    -.41468E+03     .15841E+03    -.34970E+02         .000      .000
   3.750    -.31856E+00    -.27923E+00    -.14450E+04     .33471E+03    -.27963E+02         .000      .000
   3.760    -.55289E+00    -.48498E+00    -.21436E+04     .44502E+03    -.18565E+02         .000      .000
   3.770    -.68385E+00    -.64814E+00    -.25654E+04     .50924E+03    -.73552E+01         .000      .000
   3.780    -.69548E+00    -.76661E+00    -.28830E+04     .55632E+03     .51979E+01         .000      .000
   3.790    -.57893E+00    -.83628E+00    -.29405E+04     .54773E+03     .18048E+02         .000      .000
   3.800    -.33597E+00    -.86149E+00    -.29510E+04     .55150E+03     .30489E+02         .000      .000
   3.810     .30124E-01    -.84378E+00    -.30985E+04     .57797E+03     .42698E+02         .000      .000
   3.820     .51462E+00    -.77692E+00    -.31679E+04     .57446E+03     .53880E+02         .000      .000
   3.830     .10993E+01    -.65782E+00    -.29297E+04     .50758E+03     .62546E+02         .000      .000
   3.840     .17554E+01    -.49498E+00    -.24733E+04     .41513E+03     .68189E+02         .000      .000
   3.850     .24563E+01    -.30251E+00    -.21271E+04     .36283E+03     .71815E+02         .000      .000
   3.860     .31902E+01    -.85988E-01    -.20687E+04     .36499E+03     .74987E+02         .000      .000
   3.870     .39567E+01     .16265E+00    -.21329E+04     .37508E+03     .78321E+02         .000      .000
   3.880     .47560E+01     .45870E+00    -.18951E+04     .29544E+03     .81431E+02         .000      .000
   3.890     .55799E+01     .80656E+00    -.80727E+03     .37152E+02     .82915E+02         .000      .000
   3.900     .64042E+01     .11750E+01     .76185E+03    -.25249E+03     .81480E+02         .000      .000
   3.910     .72017E+01     .15211E+01     .18575E+04    -.42765E+03     .77706E+02         .000      .000
   3.920     .79534E+01     .18261E+01     .25036E+04    -.52917E+03     .72435E+02         .000      .000
   3.930     .86463E+01     .20845E+01     .29704E+04    -.60356E+03     .65949E+02         .000      .000
   3.940     .92703E+01     .22885E+01     .30154E+04    -.57969E+03     .58861E+02         .000      .000
   3.950     .98251E+01     .24437E+01     .27387E+04    -.51718E+03     .52208E+02         .000      .000
   3.960     .10317E+02     .25628E+01     .24196E+04    -.45153E+03     .46447E+02         .000      .000
   3.970     .10757E+02     .26559E+01     .21003E+04    -.39173E+03     .41648E+02         .000      .000
   3.980     .11152E+02     .27325E+01     .19231E+04    -.36641E+03     .37363E+02         .000      .000
   3.990     .11504E+02     .27958E+01     .19120E+04    -.36871E+03     .32927E+02         .000      .000
   4.000     .11808E+02     .28441E+01     .19814E+04    -.38308E+03     .27744E+02         .000      .000
   4.010     .12055E+02     .28737E+01     .21187E+04    -.40932E+03     .21504E+02         .000      .000
   4.020     .12235E+02     .28774E+01     .22063E+04    -.41261E+03     .14269E+02         .000      .000
   4.030     .12339E+02     .28486E+01     .19779E+04    -.34332E+03     .65679E+01         .000      .000
   4.040     .12367E+02     .27929E+01     .13741E+04    -.20924E+03    -.79299E+00         .000      .000
   4.050     .12327E+02     .27288E+01     .65245E+03    -.72729E+02    -.71861E+01         .000      .000
   4.060     .12227E+02     .26774E+01     .16391E+03     .17435E+01    -.12528E+02         .000      .000
   4.070     .12078E+02     .26508E+01     .11915E+03    -.14165E+02    -.17362E+02         .000      .000
   4.080     .11879E+02     .26470E+01     .51375E+03    -.10840E+03    -.22553E+02         .000      .000
   4.090     .11624E+02     .26521E+01     .11827E+04    -.24154E+03    -.28622E+02         .000      .000
   4.100     .11304E+02     .26456E+01     .18387E+04    -.35455E+03    -.35308E+02         .000      .000
   4.110     .10918E+02     .26100E+01     .22222E+04    -.40644E+03    -.41905E+02         .000      .000
   4.120     .10468E+02     .25385E+01     .22908E+04    -.40247E+03    -.48050E+02         .000      .000
   4.130     .99581E+01     .24331E+01     .21673E+04    -.36999E+03    -.53825E+02         .000      .000
   4.140     .93917E+01     .22987E+01     .19621E+04    -.32611E+03    -.59443E+02         .000      .000
   4.150     .87693E+01     .21400E+01     .17164E+04    -.27565E+03    -.65037E+02         .000      .000
   4.160     .80918E+01     .19613E+01     .14451E+04    -.22185E+03    -.70381E+02         .000      .000
   4.170     .73633E+01     .17670E+01     .11867E+04    -.17264E+03    -.75222E+02         .000      .000
   4.180     .65891E+01     .15596E+01     .92269E+03    -.11880E+03    -.79523E+02         .000      .000
   4.190     .57762E+01     .13420E+01     .59526E+03    -.52787E+02    -.82835E+02         .000      .000
   4.200     .49377E+01     .11199E+01     .26036E+03     .84128E+01    -.84581E+02         .000      .000
   4.210     .40898E+01     .89874E+00    -.25393E+01     .53860E+02    -.84757E+02         .000      .000
   4.220     .32466E+01     .68180E+00    -.21480E+03     .89305E+02    -.83733E+02         .000      .000
   4.230     .24173E+01     .47246E+00    -.32133E+03     .10080E+03    -.82071E+02         .000      .000
   4.240     .16061E+01     .27050E+00    -.30987E+03     .91903E+02    -.80128E+02         .000      .000
   4.250     .81659E+00     .71607E-01    -.26776E+03     .83981E+02    -.77616E+02         .000      .000
   4.260     .57456E-01    -.12892E+00    -.32371E+03     .10018E+03    -.73989E+02         .000      .000
   4.270    -.65854E+00    -.33156E+00    -.52483E+03     .14249E+03    -.68970E+02         .000      .000
   4.280    -.13169E+01    -.53193E+00    -.79851E+03     .19168E+03    -.62463E+02         .000      .000
   4.290    -.19029E+01    -.72542E+00    -.10574E+04     .23819E+03    -.54491E+02         .000      .000
   4.300    -.24022E+01    -.91043E+00    -.14402E+04     .31625E+03    -.45144E+02         .000      .000
   4.310    -.28023E+01    -.10792E+01    -.19318E+04     .40369E+03    -.34773E+02         .000      .000
   4.320    -.30964E+01    -.12195E+01    -.22505E+04     .44492E+03    -.24037E+02         .000      .000
   4.330    -.32836E+01    -.13281E+01    -.23882E+04     .46266E+03    -.13450E+02         .000      .000
   4.340    -.33661E+01    -.14070E+01    -.25023E+04     .47935E+03    -.30813E+01         .000      .000
   4.350    -.33455E+01    -.14560E+01    -.26933E+04     .51969E+03     .72318E+01         .000      .000
   4.360    -.32206E+01    -.14701E+01    -.30130E+04     .57913E+03     .17788E+02         .000      .000
   4.370    -.29889E+01    -.14382E+01    -.32726E+04     .61473E+03     .28588E+02         .000      .000
   4.380    -.26493E+01    -.13516E+01    -.32693E+04     .59006E+03     .39258E+02         .000      .000
   4.390    -.22063E+01    -.12103E+01    -.28803E+04     .49345E+03     .49146E+02         .000      .000
   4.400    -.16705E+01    -.10263E+01    -.23065E+04     .37934E+03     .57801E+02         .000      .000
   4.410    -.10545E+01    -.81279E+00    -.17774E+04     .27986E+03     .65203E+02         .000      .000
   4.420    -.37122E+00    -.57775E+00    -.12714E+04     .18049E+03     .71173E+02         .000      .000
   4.430     .36275E+00    -.32798E+00    -.73275E+03     .76123E+02     .75283E+02         .000      .000
   4.440     .11280E+01    -.71991E-01    -.22305E+03    -.16864E+02     .77468E+02         .000      .000
   4.450     .19069E+01     .18305E+00     .20832E+03    -.94650E+02     .78072E+02         .000      .000
   4.460     .26851E+01     .43028E+00     .52683E+03    -.14344E+03     .77384E+02         .000      .000
   4.470     .34510E+01     .66578E+00     .63642E+03    -.15337E+03     .75619E+02         .000      .000
   4.480     .41932E+01     .89369E+00     .70449E+03    -.16810E+03     .72558E+02         .000      .000
   4.490     .48965E+01     .11177E+01     .90241E+03    -.21199E+03     .67808E+02         .000      .000
   4.500     .55431E+01     .13356E+01     .12423E+04    -.27763E+03     .61187E+02         .000      .000
   4.510     .61137E+01     .15414E+01     .16335E+04    -.35201E+03     .52609E+02         .000      .000
   4.520     .65888E+01     .17269E+01     .21044E+04    -.43654E+03     .42106E+02         .000      .000
   4.530     .69513E+01     .18795E+01     .23698E+04    -.45911E+03     .30270E+02         .000      .000
   4.540     .71931E+01     .19973E+01     .22628E+04    -.42276E+03     .18069E+02         .000      .000
   4.550     .73132E+01     .20926E+01     .22644E+04    -.43339E+03     .59936E+01         .000      .000
   4.560     .73131E+01     .21677E+01     .24973E+04    -.48096E+03    -.60074E+01         .000      .000
   4.570     .71923E+01     .22153E+01     .28204E+04    -.53914E+03    -.18226E+02         .000      .000
   4.580     .69475E+01     .22262E+01     .31347E+04    -.59096E+03    -.30761E+02         .000      .000
   4.590     .65768E+01     .21920E+01     .33675E+04    -.62399E+03    -.43372E+02         .000      .000
   4.600     .60807E+01     .21061E+01     .34433E+04    -.62091E+03    -.55802E+02         .000      .000
   4.610     .54619E+01     .19666E+01     .32123E+04    -.55372E+03    -.67901E+02         .000      .000
   4.620     .47255E+01     .17819E+01     .27757E+04    -.46400E+03    -.79182E+02         .000      .000
   4.630     .38832E+01     .15643E+01     .24149E+04    -.39978E+03    -.88970E+02         .000      .000
   4.640     .29515E+01     .13187E+01     .21565E+04    -.34982E+03    -.97114E+02         .000      .000
   4.650     .19460E+01     .10457E+01     .18614E+04    -.28781E+03    -.10373E+03         .000      .000
   4.660     .88185E+00     .74807E+00     .15231E+04    -.22226E+03    -.10886E+03         .000      .000
   4.670    -.22667E+00     .42872E+00     .11880E+04    -.15678E+03    -.11261E+03         .000      .000
   4.680    -.13663E+01     .88409E-01     .74876E+03    -.61960E+02    -.11513E+03         .000      .000
   4.690    -.25248E+01    -.26712E+00     .46467E+02     .80228E+02    -.11633E+03         .000      .000
   4.700    -.36892E+01    -.61868E+00    -.43195E+03     .14067E+03    -.11643E+03         .000      .000
   4.710    -.48524E+01    -.96077E+00    -.52131E+03     .15045E+03    -.11618E+03         .000      .000
   4.720    -.60112E+01    -.13018E+01    -.77104E+03     .21222E+03    -.11546E+03         .000      .000
   4.730    -.71586E+01    -.16398E+01    -.11814E+04     .29237E+03    -.11389E+03         .000      .000
   4.740    -.82852E+01    -.19688E+01    -.18321E+04     .43684E+03    -.11116E+03         .000      .000
   4.750    -.93752E+01    -.22695E+01    -.26348E+04     .56751E+03    -.10653E+03         .000      .000
   4.760    -.10412E+02    -.25175E+01    -.26965E+04     .52732E+03    -.10086E+03         .000      .000
   4.770    -.11393E+02    -.27216E+01    -.22010E+04     .42005E+03    -.95455E+02         .000      .000
   4.780    -.12323E+02    -.29043E+01    -.18094E+04     .35701E+03    -.90391E+02         .000      .000
   4.790    -.13201E+02    -.30769E+01    -.16700E+04     .33904E+03    -.85184E+02         .000      .000
   4.800    -.14025E+02    -.32406E+01    -.16898E+04     .34518E+03    -.79593E+02         .000      .000
   4.810    -.14792E+02    -.33924E+01    -.17197E+04     .34420E+03    -.73807E+02         .000      .000
   4.820    -.15502E+02    -.35319E+01    -.17057E+04     .34004E+03    -.68124E+02         .000      .000
   4.830    -.16154E+02    -.36614E+01    -.18036E+04     .36417E+03    -.62382E+02         .000      .000
   4.840    -.16748E+02    -.37778E+01    -.20042E+04     .40087E+03    -.56233E+02         .000      .000
   4.850    -.17276E+02    -.38745E+01    -.21546E+04     .41999E+03    -.49329E+02         .000      .000
   4.860    -.17731E+02    -.39477E+01    -.21905E+04     .41834E+03    -.41539E+02         .000      .000
   4.870    -.18105E+02    -.39976E+01    -.21788E+04     .41028E+03    -.32990E+02         .000      .000
   4.880    -.18389E+02    -.40233E+01    -.20787E+04     .37861E+03    -.23863E+02         .000      .000
   4.890    -.18581E+02    -.40266E+01    -.18022E+04     .31301E+03    -.14489E+02         .000      .000
   4.900    -.18679E+02    -.40161E+01    -.14514E+04     .24339E+03    -.51245E+01         .000      .000
   4.910    -.18684E+02    -.40023E+01    -.12136E+04     .20467E+03     .40943E+01         .000      .000
   4.920    -.18598E+02    -.39910E+01    -.11998E+04     .21103E+03     .13094E+02         .000      .000
   4.930    -.18422E+02    -.39807E+01    -.13715E+04     .24727E+03     .22095E+02         .000      .000
   4.940    -.18155E+02    -.39656E+01    -.16298E+04     .29573E+03     .31276E+02         .000      .000
   4.950    -.17796E+02    -.39389E+01    -.19232E+04     .34863E+03     .40681E+02         .000      .000
   4.960    -.17343E+02    -.38935E+01    -.22043E+04     .39635E+03     .49748E+02         .000      .000
   4.970    -.16806E+02    -.38227E+01    -.24052E+04     .42424E+03     .57345E+02         .000      .000
   4.980    -.16203E+02    -.37222E+01    -.24644E+04     .42838E+03     .62921E+02         .000      .000
   4.990    -.15552E+02    -.35914E+01    -.25004E+04     .43489E+03     .67160E+02         .000      .000
   5.000    -.14861E+02    -.34278E+01    -.24969E+04     .42663E+03     .70914E+02         .000      .000
   5.010    -.14136E+02    -.32287E+01    -.23287E+04     .38453E+03     .73994E+02         .000      .000
   5.020    -.13384E+02    -.29955E+01    -.20159E+04     .31771E+03     .76186E+02         .000      .000
   5.030    -.12615E+02    -.27307E+01    -.15328E+04     .21322E+03     .77501E+02         .000      .000
   5.040    -.11838E+02    -.24404E+01    -.76905E+03     .52304E+02     .77556E+02         .000      .000
   5.050    -.11070E+02    -.21395E+01     .22962E+03    -.14483E+03     .75905E+02         .000      .000
   5.060    -.10327E+02    -.18523E+01     .11638E+04    -.30171E+03     .72439E+02         .000      .000
   5.070    -.96255E+01    -.16003E+01     .16905E+04    -.37765E+03     .67567E+02         .000      .000
   5.080    -.89794E+01    -.13902E+01     .18374E+04    -.38059E+03     .61462E+02         .000      .000
   5.090    -.83994E+01    -.12187E+01     .16586E+04    -.33051E+03     .54417E+02         .000      .000
   5.100    -.78929E+01    -.10732E+01     .14286E+04    -.29007E+03     .46789E+02         .000      .000
   5.110    -.74659E+01    -.94395E+00     .14237E+04    -.29703E+03     .38476E+02         .000      .000
   5.120    -.71262E+01    -.83250E+00     .14960E+04    -.30316E+03     .29340E+02         .000      .000
   5.130    -.68802E+01    -.74006E+00     .14715E+04    -.29127E+03     .19856E+02         .000      .000
   5.140    -.67289E+01    -.66078E+00     .15991E+04    -.33022E+03     .10382E+02         .000      .000
   5.150    -.66741E+01    -.59735E+00     .20392E+04    -.41895E+03     .48450E+00         .000      .000
   5.160    -.67207E+01    -.56505E+00     .24204E+04    -.47394E+03    -.98282E+01         .000      .000
   5.170    -.68708E+01    -.57352E+00     .29736E+04    -.63938E+03    -.20360E+02         .000      .000
   5.180    -.71360E+01    -.67477E+00     .42976E+04    -.79698E+03    -.32861E+02         .000      .000
