

  DEFORMATION AND STRESS STATE AT IMPORTANT ANALYSIS STAGES





 ===========================================================================

 AT TIME   3.2975
 FIRST WALL    CRACKS AT V/W:   -.0840  , UTOP/H:   -.0032



 ===========================================================================

 AT TIME   3.7750
 FIRST WALL    YIELDS AT V/W:    .5564  , UTOP/H:   -.0006



 ===========================================================================

 AT TIME   3.7880
 FIRST COLUMN  CRACKS AT V/W:    .6071  , UTOP/H:   -.0005



 ===========================================================================

 AT TIME   8.3315
 FIRST COLUMN  YIELDS AT V/W:   -.3893  , UTOP/H:   -.0127



 ===========================================================================

 AT TIME  10.0000




 ******************************** MODAL ANALYSIS *******************************


 MODE       FREQUENCY(Hz)    PERIOD(SEC)  MODAL PARTICIPATION  MODAL WEIGHT     RELATIVE MODAL
                                               FACTOR         (WEIGHT UNITS)      WEIGHT (%)


   1              .40818           2.44991           5.2937           10822.682           77.350
   2             3.65526            .27358           2.4406            2300.417           16.441
   3            10.68395            .09360           1.2252             579.770            4.144
   4            20.05670            .04986            .7236             202.235            1.445
   5            29.94183            .03340            .4262              70.166             .501
   6            37.90578            .02638            .2073              16.598             .119
  TOTAL WEIGHT................................................. 13991.868



 ********************* EIGEN VECTORS (MAXIMUM NORMALIZED) *********************



 STORY        1        2        3        4        5        6
    6       1.000   -1.000     .895    -.583     .409    -.172
    5        .816    -.190    -.569     .916   -1.000     .528
    4        .633     .482   -1.000     .141     .942    -.886
    3        .455     .849    -.150    -.995     .041    1.000
    2        .287     .833     .916    -.041    -.962    -.881
    1        .134     .493     .977    1.000     .970     .523



 ********************** EIGEN VECTORS (MASS NORMALIZED) ***********************



 STORY        1        2        3        4        5        6
    6        .270    -.241     .184    -.132     .083    -.039
    5        .220    -.046    -.117     .207    -.204     .120
    4        .171     .116    -.206     .032     .192    -.201
    3        .123     .204    -.031    -.225     .008     .227
    2        .078     .201     .188    -.009    -.196    -.200
    1        .036     .119     .201     .227     .197     .119



 ***************** END OF MODAL ANALYSIS *****************






 ===========================================================================

 AT TIME  20.0005




 ******************************** MODAL ANALYSIS *******************************


 MODE       FREQUENCY(Hz)    PERIOD(SEC)  MODAL PARTICIPATION  MODAL WEIGHT     RELATIVE MODAL
                                               FACTOR         (WEIGHT UNITS)      WEIGHT (%)


   1              .36590           2.73301           5.2572           10673.945           76.287
   2             3.50669            .28517           2.5885            2587.591           18.494
   3             9.30214            .10750          -1.2627             615.784            4.401
   4            17.62322            .05674           -.5003              96.656             .691
   5            28.05295            .03565            .1992              15.331             .110
   6            37.24705            .02685            .0814               2.561             .018
  TOTAL WEIGHT................................................. 13991.868



 ********************* EIGEN VECTORS (MAXIMUM NORMALIZED) *********************



 STORY        1        2        3        4        5        6
    6       1.000   -1.000    -.704     .658     .430    -.194
    5        .814    -.200     .335    -.883    -.983     .584
    4        .630     .471     .753    -.422     .740    -.948
    3        .450     .861     .291     .890     .376    1.000
    2        .277     .896    -.565     .474   -1.000    -.742
    1        .117     .617   -1.000   -1.000     .644     .316



 ********************** EIGEN VECTORS (MASS NORMALIZED) ***********************



 STORY        1        2        3        4        5        6
    6        .271    -.230    -.179     .145     .096    -.045
    5        .221    -.046     .085    -.194    -.220     .137
    4        .171     .109     .191    -.093     .165    -.223
    3        .122     .198     .074     .195     .084     .235
    2        .075     .206    -.143     .104    -.224    -.174
    1        .032     .142    -.254    -.220     .144     .074



 ***************** END OF MODAL ANALYSIS *****************






 ===========================================================================

 STATE AT END OF PUSH-OVER, V/W:   -.0129  , UTOP/H:    .0017
 STORY   DISPLACEMENT
    6         1.6233
    5         1.3204
    4         1.0159
    3          .7057
    2          .3816
    1          .0611

 STRESS STATE IN: COLUMNS
 ELEM.   P/Pu   V/Vu   M/Mu   phy/phyu
    1   .0270   .0071   .1554   .0080
    2   .0270   .0131   .1522   .0076
    3   .0270   .0050   .1263   .0018
    4   .0089   .0006   .0065   .0004
    5   .0089   .0003   .0054   .0001
    6   .0089   .0000   .0002   .0000
    7   .0696   .0073   .1225   .0057
    8   .0696   .0159   .1379   .0055
    9   .0696   .0081   .1372   .0014
   10   .0245   .0002   .0070   .0003
   11   .0245   .0003   .0070   .0001
   12   .0245   .0000   .0003   .0000
   13   .0696   .0073   .1225   .0057
   14   .0696   .0159   .1379   .0055
   15   .0696   .0081   .1372   .0014
   16   .0245   .0002   .0070   .0003
   17   .0245   .0003   .0070   .0001
   18   .0245   .0000   .0003   .0000
   19   .0270   .0071   .1554   .0080
   20   .0270   .0131   .1522   .0076
   21   .0270   .0050   .1263   .0018
   22   .0089   .0006   .0065   .0004
   23   .0089   .0003   .0054   .0001
   24   .0089   .0000   .0002   .0000
   25   .0296   .0040   .1054   .0027
   26   .0296   .0114   .0778   .0038
   27   .0296   .0048   .0405   .0004
   28   .0174   .0011   .0068   .0001
   29   .0174   .0004   .0040   .0001
   30   .0174   .0001   .0006   .0000
   31   .1543   .0080   .1057   .0051
   32   .1543   .0219   .1818   .0046
   33   .1543   .0148   .1790   .0014
   34   .0541   .0019   .0187   .0011
   35   .0541   .0008   .0111   .0001
   36   .0541   .0001   .0018   .0000
   37   .1543   .0080   .1057   .0051
   38   .1543   .0219   .1818   .0046
   39   .1543   .0148   .1790   .0014
   40   .0541   .0019   .0187   .0011
   41   .0541   .0008   .0111   .0001
   42   .0541   .0001   .0018   .0000
   43   .1543   .0080   .1057   .0051
   44   .1543   .0219   .1818   .0046
   45   .1543   .0148   .1790   .0014
   46   .0541   .0019   .0187   .0011
   47   .0541   .0008   .0111   .0001
   48   .0541   .0001   .0018   .0000
   49   .1543   .0080   .1057   .0051
   50   .1543   .0219   .1818   .0046
   51   .1543   .0148   .1790   .0014
   52   .0541   .0019   .0187   .0011
   53   .0541   .0008   .0111   .0001
   54   .0541   .0001   .0018   .0000
   55   .0296   .0040   .1054   .0027
   56   .0296   .0114   .0778   .0038
   57   .0296   .0048   .0405   .0004
   58   .0174   .0011   .0068   .0001
   59   .0174   .0004   .0040   .0001
   60   .0174   .0001   .0006   .0000
   61   .0696   .0073   .1225   .0057
   62   .0696   .0159   .1379   .0055
   63   .0696   .0081   .1372   .0014
   64   .0245   .0002   .0070   .0003
   65   .0245   .0003   .0070   .0001
   66   .0245   .0000   .0003   .0000
   67   .1543   .0080   .1057   .0051
   68   .1543   .0219   .1818   .0046
   69   .1543   .0148   .1790   .0014
   70   .0541   .0019   .0187   .0011
   71   .0541   .0008   .0111   .0001
   72   .0541   .0001   .0018   .0000
   73   .1444   .0088   .1301   .0072
   74   .1444   .0217   .1873   .0067
   75   .1444   .0135   .1789   .0019
   76   .0490   .0020   .0197   .0006
   77   .0490   .0008   .0103   .0001
   78   .0490   .0001   .0017   .0000
   79   .1444   .0088   .1301   .0072
   80   .1444   .0217   .1873   .0067
   81   .1444   .0135   .1789   .0019
   82   .0490   .0020   .0197   .0006
   83   .0490   .0008   .0103   .0001
   84   .0490   .0001   .0017   .0000
   85   .1543   .0080   .1057   .0051
   86   .1543   .0219   .1818   .0046
   87   .1543   .0148   .1790   .0014
   88   .0541   .0019   .0187   .0011
   89   .0541   .0008   .0111   .0001
   90   .0541   .0001   .0018   .0000
   91   .0696   .0073   .1225   .0057
   92   .0696   .0159   .1379   .0055
   93   .0696   .0081   .1372   .0014
   94   .0245   .0002   .0070   .0003
   95   .0245   .0003   .0070   .0001
   96   .0245   .0000   .0003   .0000

 STRESS STATE IN: WALLS  
 ELEM.   P/Pu   V/Vu   M/Mu   phy/phyu
    1   .0066   .0113   .0256   .0138
    2   .0066   .0325   .0203   .0135
    3   .0066   .0088   .0069   .0001
    4   .0063   .0095   .0104   .0002
    5   .0063   .0103   .0074   .0001
    6   .0063   .0032   .0018   .0000
    7   .0066   .0113   .0256   .0138
    8   .0066   .0325   .0203   .0135
    9   .0066   .0088   .0069   .0001
   10   .0063   .0095   .0104   .0002
   11   .0063   .0103   .0074   .0001
   12   .0063   .0032   .0018   .0000
