

  DEFORMATION AND STRESS STATE AT IMPORTANT ANALYSIS STAGES





 ===========================================================================

 AT TIME   2.9840
 FIRST WALL    CRACKS AT V/W:   -.2539  , UTOP/H:   -.0012



 ===========================================================================

 AT TIME   3.1125
 FIRST COLUMN  CRACKS AT V/W:   -.2200  , UTOP/H:   -.0071



 ===========================================================================

 AT TIME   3.1170
 FIRST WALL    YIELDS AT V/W:   -.2430  , UTOP/H:   -.0073



 ===========================================================================

 AT TIME   3.7610
 FIRST COLUMN  YIELDS AT V/W:    .3777  , UTOP/H:    .0128



 ===========================================================================

 AT TIME  10.0000




 ******************************** MODAL ANALYSIS *******************************


 MODE       FREQUENCY(Hz)    PERIOD(SEC)  MODAL PARTICIPATION  MODAL WEIGHT     RELATIVE MODAL
                                               FACTOR         (WEIGHT UNITS)      WEIGHT (%)


   1              .32479           3.07892           5.1309           10166.986           72.664
   2             2.02762            .49319           2.9021            3252.660           23.247
   3             7.64267            .13084            .8270             264.152            1.888
   4            15.23636            .06563            .7839             237.333            1.696
   5            18.83784            .05308            .4276              70.624             .505
   6            32.42833            .03084            .0171                .113             .001
  TOTAL WEIGHT................................................. 13991.868



 ********************* EIGEN VECTORS (MAXIMUM NORMALIZED) *********************



 STORY        1        2        3        4        5        6
    6       1.000    -.755     .970    -.474     .568    -.327
    5        .797    -.193    -.301     .501    -.808     .873
    4        .596     .336   -1.000     .379    -.198   -1.000
    3        .398     .789    -.731    -.554    1.000     .504
    2        .216    1.000     .938    -.458    -.973    -.128
    1        .103     .565     .930    1.000     .805     .033



 ********************** EIGEN VECTORS (MASS NORMALIZED) ***********************



 STORY        1        2        3        4        5        6
    6        .281    -.188     .191    -.131     .121    -.091
    5        .224    -.048    -.059     .139    -.172     .242
    4        .168     .084    -.197     .105    -.042    -.277
    3        .112     .197    -.144    -.153     .213     .139
    2        .061     .250     .185    -.127    -.207    -.035
    1        .029     .141     .183     .277     .171     .009



 ***************** END OF MODAL ANALYSIS *****************






 ===========================================================================

 AT TIME  20.0005




 ******************************** MODAL ANALYSIS *******************************


 MODE       FREQUENCY(Hz)    PERIOD(SEC)  MODAL PARTICIPATION  MODAL WEIGHT     RELATIVE MODAL
                                               FACTOR         (WEIGHT UNITS)      WEIGHT (%)


   1              .79323           1.26067           4.9273            9376.174           67.012
   2             4.64658            .21521           2.7805            2985.833           21.340
   3            12.07044            .08285           1.6151            1007.381            7.200
   4            21.23249            .04710           1.0479             424.112            3.031
   5            30.62240            .03266            .6438             160.047            1.144
   6            38.08702            .02626            .3150              38.322             .274
  TOTAL WEIGHT................................................. 13991.868



 ********************* EIGEN VECTORS (MAXIMUM NORMALIZED) *********************



 STORY        1        2        3        4        5        6
    6       1.000   -1.000     .759    -.528     .349    -.167
    5        .769    -.036    -.590     .887    -.874     .513
    4        .545     .704    -.828     .010     .883    -.869
    3        .340     .994     .131    -.939    -.080    1.000
    2        .169     .799    1.000     .221    -.761    -.912
    1        .050     .340     .760    1.000    1.000     .628



 ********************** EIGEN VECTORS (MASS NORMALIZED) ***********************



 STORY        1        2        3        4        5        6
    6        .294    -.228     .173    -.123     .078    -.037
    5        .226    -.008    -.134     .207    -.195     .114
    4        .160     .161    -.188     .002     .197    -.193
    3        .100     .227     .030    -.219    -.018     .222
    2        .050     .183     .228     .052    -.170    -.202
    1        .015     .078     .173     .234     .224     .139



 ***************** END OF MODAL ANALYSIS *****************






 ===========================================================================

 STATE AT END OF PUSH-OVER, V/W:   -.0446  , UTOP/H:   -.0015
 STORY   DISPLACEMENT
    6        -1.3954
    5         -.9255
    4         -.4560
    3         -.0208
    2          .1331
    1         -.1237

 STRESS STATE IN: COLUMNS
 ELEM.   P/Pu   V/Vu   M/Mu   phy/phyu
    1   .0270   .0029   .0635   .0429
    2   .0270   .0004   .1280   .0121
    3   .0270   .0053   .2835   .0083
    4   .0089   .0137   .2207   .0039
    5   .0089   .0020   .0290   .0005
    6   .0089   .0004   .0082   .0001
    7   .0696   .0101   .1692   .0063
    8   .0696   .0174   .1711   .0089
    9   .0696   .0084   .2434   .0092
   10   .0245   .0157   .2962   .0051
   11   .0245   .0021   .0355   .0005
   12   .0245   .0005   .0100   .0001
   13   .0696   .0101   .1692   .0063
   14   .0696   .0174   .1711   .0089
   15   .0696   .0084   .2434   .0092
   16   .0245   .0157   .2962   .0051
   17   .0245   .0021   .0355   .0005
   18   .0245   .0005   .0100   .0001
   19   .0270   .0029   .0635   .0429
   20   .0270   .0004   .1280   .0121
   21   .0270   .0053   .2835   .0083
   22   .0089   .0137   .2207   .0039
   23   .0089   .0020   .0290   .0005
   24   .0089   .0004   .0082   .0001
   25   .0296   .0021   .0421   .0058
   26   .0296   .0094   .1076   .0079
   27   .0296   .0050   .1169   .0025
   28   .0174   .0061   .0591   .0011
   29   .0174   .0006   .0045   .0001
   30   .0174   .0001   .0014   .0000
   31   .1543   .0028   .0366   .0004
   32   .1543   .0285   .2427   .0149
   33   .1543   .0036   .2063   .0053
   34   .0541   .0150   .1952   .0035
   35   .0541   .0016   .0187   .0002
   36   .0541   .0004   .0054   .0001
   37   .1543   .0028   .0366   .0004
   38   .1543   .0285   .2427   .0149
   39   .1543   .0036   .2063   .0053
   40   .0541   .0150   .1952   .0035
   41   .0541   .0016   .0187   .0002
   42   .0541   .0004   .0054   .0001
   43   .1543   .0028   .0366   .0004
   44   .1543   .0285   .2427   .0149
   45   .1543   .0036   .2063   .0053
   46   .0541   .0150   .1952   .0035
   47   .0541   .0016   .0187   .0002
   48   .0541   .0004   .0054   .0001
   49   .1543   .0028   .0366   .0004
   50   .1543   .0285   .2427   .0149
   51   .1543   .0036   .2063   .0053
   52   .0541   .0150   .1952   .0035
   53   .0541   .0016   .0187   .0002
   54   .0541   .0004   .0054   .0001
   55   .0296   .0021   .0421   .0058
   56   .0296   .0094   .1076   .0079
   57   .0296   .0050   .1169   .0025
   58   .0174   .0061   .0591   .0011
   59   .0174   .0006   .0045   .0001
   60   .0174   .0001   .0014   .0000
   61   .0696   .0101   .1692   .0063
   62   .0696   .0174   .1711   .0089
   63   .0696   .0084   .2434   .0092
   64   .0245   .0157   .2962   .0051
   65   .0245   .0021   .0355   .0005
   66   .0245   .0005   .0100   .0001
   67   .1543   .0028   .0366   .0004
   68   .1543   .0285   .2427   .0149
   69   .1543   .0036   .2063   .0053
   70   .0541   .0150   .1952   .0035
   71   .0541   .0016   .0187   .0002
   72   .0541   .0004   .0054   .0001
   73   .1444   .0038   .0560   .0008
   74   .1444   .0150   .1506   .0249
   75   .1444   .0068   .2207   .0046
   76   .0490   .0157   .1978   .0034
   77   .0490   .0017   .0196   .0003
   78   .0490   .0004   .0056   .0001
   79   .1444   .0038   .0560   .0008
   80   .1444   .0150   .1506   .0249
   81   .1444   .0068   .2207   .0046
   82   .0490   .0157   .1978   .0034
   83   .0490   .0017   .0196   .0003
   84   .0490   .0004   .0056   .0001
   85   .1543   .0028   .0366   .0004
   86   .1543   .0285   .2427   .0149
   87   .1543   .0036   .2063   .0053
   88   .0541   .0150   .1952   .0035
   89   .0541   .0016   .0187   .0002
   90   .0541   .0004   .0054   .0001
   91   .0696   .0101   .1692   .0063
   92   .0696   .0174   .1711   .0089
   93   .0696   .0084   .2434   .0092
   94   .0245   .0157   .2962   .0051
   95   .0245   .0021   .0355   .0005
   96   .0245   .0005   .0100   .0001

 STRESS STATE IN: WALLS  
 ELEM.   P/Pu   V/Vu   M/Mu   phy/phyu
    1   .0066   .0615   .0381   .0065
    2   .0066   .1601   .0571   .0407
    3   .0066   .0607   .0436   .0014
    4   .0063   .3232   .2199   .0305
    5   .0063   .0684   .0377   .0006
    6   .0063   .0006   .0004   .0000
    7   .0066   .0615   .0381   .0065
    8   .0066   .1601   .0571   .0407
    9   .0066   .0607   .0436   .0014
   10   .0063   .3232   .2199   .0305
   11   .0063   .0684   .0377   .0006
   12   .0063   .0006   .0004   .0000
