


 TIME HISTORY FOR STORY NO.  6



    TIME   DISPLACEMENT    STORY DRIFT    STORY SHEAR   ACCELERATION     VELOCITY          DAMAGE    DAMAGE
                                                                                          BEAM-SLAB  COL-WALL

    .000     .00000E+00     .00000E+00     .00000E+00     .00000E+00     .00000E+00         .000      .000
    .010    -.30252E-05    -.97554E-09    -.53003E-05     .25545E-03    -.57693E-03         .000      .000
    .020    -.11706E-04    -.16822E-07    -.25844E-02     .14076E-02    -.12200E-02         .000      .000
    .030    -.27492E-04     .16145E-06    -.14291E-01     .42499E-02    -.18837E-02         .000      .000
    .040    -.49410E-04     .14191E-05    -.15610E-01     .31048E-02    -.25592E-02         .000      .000
    .050    -.78658E-04     .43787E-05     .30551E-01    -.86110E-02    -.32308E-02         .000      .000
    .060    -.11384E-03     .78377E-05     .12476E+00    -.27977E-01    -.38444E-02         .000      .000
    .070    -.15566E-03     .90568E-05     .22609E+00    -.46333E-01    -.44902E-02         .000      .000
    .080    -.20408E-03     .53465E-05     .30187E+00    -.58433E-01    -.52649E-02         .000      .000
    .090    -.26171E-03    -.51932E-05     .33113E+00    -.60549E-01    -.62621E-02         .000      .000
    .100    -.33093E-03    -.23239E-04     .29840E+00    -.50086E-01    -.77402E-02         .000      .000
    .110    -.41763E-03    -.47709E-04     .20564E+00    -.29004E-01    -.95547E-02         .000      .000
    .120    -.52100E-03    -.75759E-04     .83213E-01    -.47193E-02    -.11067E-01         .000      .000
    .130    -.63661E-03    -.10362E-03    -.13330E-01     .10361E-01    -.11879E-01         .000      .000
    .140    -.75740E-03    -.12849E-03    -.99581E-02     .28126E-02    -.12339E-01         .000      .000
    .150    -.88253E-03    -.15144E-03     .11077E+00    -.25162E-01    -.12536E-01         .000      .000
    .160    -.10066E-02    -.17783E-03     .25576E+00    -.50448E-01    -.12268E-01         .000      .000
    .170    -.11275E-02    -.21328E-03     .29958E+00    -.51572E-01    -.11885E-01         .000      .000
    .180    -.12437E-02    -.25960E-03     .20595E+00    -.26834E-01    -.11333E-01         .000      .000
    .190    -.13523E-02    -.31475E-03    -.10621E-01     .20124E-01    -.10227E-01         .000      .000
    .200    -.14432E-02    -.37364E-03    -.32125E+00     .81548E-01    -.75939E-02         .000      .000
    .210    -.14971E-02    -.42856E-03    -.64218E+00     .13774E+00    -.28506E-02         .000      .000
    .220    -.14964E-02    -.47227E-03    -.85769E+00     .16802E+00     .30329E-02         .000      .000
    .230    -.14385E-02    -.50238E-03    -.93714E+00     .17555E+00     .83234E-02         .000      .000
    .240    -.13390E-02    -.52189E-03    -.10179E+01     .19579E+00     .10895E-01         .000      .000
    .250    -.12257E-02    -.53253E-03    -.12907E+01     .26094E+00     .11939E-01         .000      .000
    .260    -.11006E-02    -.52656E-03    -.17679E+01     .35773E+00     .12867E-01         .000      .000
    .270    -.97237E-03    -.48634E-03    -.21530E+01     .41356E+00     .12560E-01         .000      .000
    .280    -.85200E-03    -.39673E-03    -.20302E+01     .35637E+00     .11460E-01         .000      .000
    .290    -.74679E-03    -.25998E-03    -.13281E+01     .19709E+00     .92935E-02         .000      .000
    .300    -.66892E-03    -.94073E-04    -.26731E+00    -.17236E-01     .63018E-02         .000      .000
    .310    -.61960E-03     .76320E-04     .95712E+00    -.25328E+00     .36669E-02         .000      .000
    .320    -.59996E-03     .22358E-03     .21544E+01    -.47172E+00    -.26340E-03         .000      .000
    .330    -.64000E-03     .32045E-03     .30882E+01    -.62378E+00    -.87107E-02         .000      .000
    .340    -.78698E-03     .34570E-03     .34734E+01    -.65318E+00    -.20975E-01         .000      .000
    .350    -.10624E-02     .29412E-03     .30927E+01    -.53335E+00    -.34104E-01         .000      .000
    .360    -.14746E-02     .18557E-03     .21935E+01    -.34531E+00    -.48930E-01         .000      .000
    .370    -.20371E-02     .53695E-04     .14877E+01    -.23417E+00    -.62644E-01         .000      .000
    .380    -.27034E-02    -.81611E-04     .14053E+01    -.25097E+00    -.69160E-01         .000      .000
    .390    -.33923E-02    -.22357E-03     .18669E+01    -.36724E+00    -.67289E-01         .000      .000
    .400    -.40282E-02    -.39226E-03     .27497E+01    -.55703E+00    -.59092E-01         .000      .000
    .410    -.45658E-02    -.62653E-03     .35990E+01    -.69690E+00    -.48319E-01         .000      .000
    .420    -.50009E-02    -.97096E-03     .33522E+01    -.56280E+00    -.39387E-01         .000      .000
    .430    -.53680E-02    -.14359E-02     .11325E+01    -.26406E-01    -.34765E-01         .000      .000
    .440    -.57165E-02    -.19674E-02    -.29212E+01     .82290E+00    -.36279E-01         .000      .000
    .450    -.61031E-02    -.24549E-02    -.76491E+01     .17179E+01    -.40774E-01         .000      .000
    .460    -.65317E-02    -.27683E-02    -.11397E+02     .23328E+01    -.45304E-01         .000      .000
    .470    -.70296E-02    -.28061E-02    -.12597E+02     .23892E+01    -.56012E-01         .000      .000
    .480    -.76715E-02    -.25405E-02    -.10364E+02     .17812E+01    -.72554E-01         .000      .000
    .490    -.84785E-02    -.20403E-02    -.52656E+01     .69826E+00    -.88351E-01         .000      .000
    .500    -.94345E-02    -.14411E-02     .11978E+01    -.56467E+00    -.10287E+00         .000      .000
    .510    -.10547E-01    -.89750E-03     .78415E+01    -.18041E+01    -.12060E+00         .000      .000
    .520    -.11833E-01    -.56663E-03     .13442E+02    -.27611E+01    -.13407E+00         .000      .000
    .530    -.13153E-01    -.58085E-03     .16300E+02    -.31193E+01    -.12495E+00         .000      .000
    .540    -.14225E-01    -.99199E-03     .15694E+02    -.28497E+01    -.83877E-01         .000      .000
    .550    -.14724E-01    -.17652E-02     .12733E+02    -.22270E+01    -.11058E-01         .000      .000
    .560    -.14372E-01    -.28454E-02     .82343E+01    -.13135E+01     .84002E-01         .000      .000
    .570    -.13003E-01    -.41849E-02     .11191E+01     .18684E+00     .19142E+00         .000      .000
    .580    -.10536E-01    -.56812E-02    -.10055E+02     .25046E+01     .30117E+00         .000      .000
    .590    -.69945E-02    -.71094E-02    -.24945E+02     .54478E+01     .40643E+00         .000      .000
    .600    -.23873E-02    -.81276E-02    -.41038E+02     .84386E+01     .51741E+00         .000      .000
    .610     .33877E-02    -.83490E-02    -.54673E+02     .10738E+02     .63833E+00         .000      .000
    .620     .10386E-01    -.74401E-02    -.61789E+02     .11582E+02     .76110E+00         .000      .000
    .630     .18552E-01    -.52399E-02    -.59548E+02     .10579E+02     .86643E+00         .000      .000
    .640     .27582E-01    -.18369E-02    -.48554E+02     .80626E+01     .93204E+00         .000      .000
    .650     .37014E-01     .24795E-02    -.32317E+02     .48013E+01     .94451E+00         .000      .000
    .660     .46244E-01     .73517E-02    -.14570E+02     .14476E+01     .88895E+00         .000      .000
    .670     .54523E-01     .12463E-01     .28820E+01    -.17740E+01     .75228E+00         .000      .000
    .680     .61042E-01     .17558E-01     .20007E+02    -.49260E+01     .54127E+00         .000      .000
    .690     .65194E-01     .22422E-01     .37537E+02    -.81971E+01     .28419E+00         .000      .000
    .700     .66647E-01     .26844E-01     .57089E+02    -.11963E+02     .33732E-02         .000      .000
    .710     .65226E-01     .30541E-01     .80569E+02    -.16537E+02    -.28829E+00         .000      .000
    .720     .60925E-01     .33049E-01     .10688E+03    -.21457E+02    -.56658E+00         .000      .000
    .730     .54030E-01     .33742E-01     .13000E+03    -.25366E+02    -.80362E+00         .000      .000
    .740     .44979E-01     .32027E-01     .14230E+03    -.26857E+02    -.10022E+01         .000      .000
    .750     .34060E-01     .27556E-01     .13835E+03    -.25036E+02    -.11786E+01         .000      .000
    .760     .21540E-01     .20342E-01     .11480E+03    -.19366E+02    -.13154E+01         .000      .000
    .770     .79989E-02     .10865E-01     .71114E+02    -.10023E+02    -.13785E+01         .000      .000
    .780    -.57160E-02     .12589E-03     .13891E+02     .12512E+01    -.13484E+01         .000      .000
    .790    -.18622E-01    -.10564E-01    -.43620E+02     .11760E+02    -.12152E+01         .000      .000
    .800    -.29650E-01    -.20008E-01    -.89882E+02     .19628E+02    -.97180E+00         .000      .000
    .810    -.37751E-01    -.27412E-01    -.12046E+03     .24403E+02    -.63646E+00         .000      .000
    .820    -.42210E-01    -.32407E-01    -.13614E+03     .26461E+02    -.25016E+00         .000      .000
    .830    -.42691E-01    -.34963E-01    -.14080E+03     .26712E+02     .15565E+00         .000      .000
    .840    -.39125E-01    -.35235E-01    -.14048E+03     .26361E+02     .55364E+00         .000      .000
    .850    -.31719E-01    -.33349E-01    -.13939E+03     .25982E+02     .92120E+00         .000      .000
    .860    -.20901E-01    -.29273E-01    -.13641E+03     .25074E+02     .12283E+01         .000      .000
    .870    -.74592E-02    -.22904E-01    -.12663E+03     .22616E+02     .14434E+01         .000      .000
    .880     .76211E-02    -.14251E-01    -.10523E+03     .17782E+02     .15548E+01         .000      .000
    .890     .23213E-01    -.35814E-02    -.69684E+02     .10239E+02     .15392E+01         .000      .000
    .900     .37924E-01     .85155E-02    -.19886E+02     .11654E+00     .13796E+01         .000      .000
    .910     .50350E-01     .21101E-01     .40726E+02    -.11685E+02     .10842E+01         .000      .000
    .920     .59176E-01     .32973E-01     .10444E+03    -.23532E+02     .66009E+00         .000      .000
    .930     .63225E-01     .42882E-01     .16269E+03    -.33872E+02     .13841E+00         .000      .000
    .940     .61856E-01     .49731E-01     .20870E+03    -.41555E+02    -.40937E+00         .000      .000
    .950     .55260E-01     .52705E-01     .23789E+03    -.45899E+02    -.89024E+00         .000      .000
    .960     .44520E-01     .51337E-01     .24890E+03    -.46866E+02    -.12307E+01         .000      .000
    .970     .31005E-01     .45449E-01     .24218E+03    -.44504E+02    -.14637E+01         .000      .000
    .980     .15293E-01     .35061E-01     .21527E+03    -.38021E+02    -.16820E+01         .000      .000
    .990    -.26065E-02     .20472E-01     .16030E+03    -.25688E+02    -.18909E+01         .000      .000
   1.000    -.22288E-01     .26508E-02     .71203E+02    -.68966E+01    -.20289E+01         .000      .000
   1.010    -.42623E-01    -.16413E-01    -.41152E+02     .15037E+02    -.20007E+01         .000      .000
   1.020    -.61438E-01    -.34068E-01    -.14784E+03     .33996E+02    -.17156E+01         .000      .000
   1.030    -.76149E-01    -.47983E-01    -.22093E+03     .45292E+02    -.11956E+01         .000      .000
   1.040    -.84931E-01    -.56956E-01    -.24951E+03     .48045E+02    -.54960E+00         .000      .000
   1.050    -.87109E-01    -.61077E-01    -.24318E+03     .45167E+02     .10719E+00         .000      .000
   1.060    -.82974E-01    -.61221E-01    -.22440E+03     .41271E+02     .70939E+00         .000      .000
   1.070    -.73126E-01    -.58212E-01    -.21196E+03     .39274E+02     .12508E+01         .000      .000
   1.080    -.58125E-01    -.52257E-01    -.20842E+03     .38665E+02     .17416E+01         .000      .000
   1.090    -.38392E-01    -.43031E-01    -.20169E+03     .36589E+02     .22020E+01         .000      .000
   1.100    -.14163E-01    -.30208E-01    -.17620E+03     .30206E+02     .26381E+01         .000      .000
   1.110     .14121E-01    -.13998E-01    -.12268E+03     .18281E+02     .29994E+01         .000      .000
   1.120     .45346E-01     .45754E-02    -.42723E+02     .18220E+01     .32177E+01         .000      .000
   1.130     .77850E-01     .23730E-01     .49394E+02    -.15768E+02     .32498E+01         .000      .000
   1.140     .10970E+00     .41398E-01     .13149E+03    -.30141E+02     .30921E+01         .000      .000
   1.150     .13906E+00     .55920E-01     .18584E+03    -.38490E+02     .27450E+01         .000      .000
   1.160     .16396E+00     .66496E-01     .20748E+03    -.40618E+02     .22037E+01         .000      .000
   1.170     .18261E+00     .73188E-01     .20245E+03    -.38126E+02     .15054E+01         .000      .000
   1.180     .19364E+00     .76656E-01     .18212E+03    -.33415E+02     .67873E+00         .000      .000
   1.190     .19597E+00     .77834E-01     .16144E+03    -.29506E+02    -.21245E+00         .000      .000
   1.200     .18946E+00     .77493E-01     .15472E+03    -.28898E+02    -.10821E+01         .000      .000
   1.210     .17436E+00     .75827E-01     .16822E+03    -.32222E+02    -.19442E+01         .000      .000
   1.220     .15046E+00     .72309E-01     .19752E+03    -.37975E+02    -.28421E+01         .000      .000
   1.230     .11751E+00     .65855E-01     .22616E+03    -.42419E+02    -.37398E+01         .000      .000
   1.240     .75907E-01     .55417E-01     .23257E+03    -.41664E+02    -.45630E+01         .000      .000
   1.250     .26831E-01     .40724E-01     .20797E+03    -.35169E+02    -.52124E+01         .000      .000
   1.260    -.27426E-01     .22405E-01     .16166E+03    -.25460E+02    -.55885E+01         .000      .000
   1.270    -.83925E-01     .14913E-02     .10762E+03    -.15075E+02    -.56613E+01         .000      .000
   1.280    -.13976E+00    -.21068E-01     .53689E+02    -.50243E+01    -.54682E+01         .000      .000
   1.290    -.19264E+00    -.44590E-01    -.11837E+01     .54107E+01    -.50817E+01         .000      .000
   1.300    -.24090E+00    -.68515E-01    -.64836E+02     .17962E+02    -.45461E+01         .000      .000
   1.310    -.28306E+00    -.92025E-01    -.14436E+03     .33669E+02    -.38597E+01         .000      .000
   1.320    -.31754E+00    -.11373E+00    -.23703E+03     .51309E+02    -.30081E+01         .000      .000
   1.330    -.34260E+00    -.13174E+00    -.32816E+03     .67549E+02    -.19717E+01         .000      .000
   1.340    -.35647E+00    -.14415E+00    -.39856E+03     .78794E+02    -.78383E+00         .000      .000
   1.350    -.35800E+00    -.14959E+00    -.43407E+03     .82843E+02     .48920E+00         .000      .000
   1.360    -.34660E+00    -.14760E+00    -.43091E+03     .79657E+02     .17878E+01         .000      .000
   1.370    -.32248E+00    -.13858E+00    -.39594E+03     .71032E+02     .30158E+01         .000      .000
   1.380    -.28687E+00    -.12354E+00    -.34049E+03     .59253E+02     .40696E+01         .000      .000
   1.390    -.24215E+00    -.10375E+00    -.27604E+03     .46521E+02     .48055E+01         .000      .000
   1.400    -.19231E+00    -.80397E-01    -.21190E+03     .34448E+02     .50756E+01         .000      .000
   1.410    -.14206E+00    -.54367E-01    -.15122E+03     .23169E+02     .49190E+01         .000      .000
   1.420    -.94703E-01    -.26134E-01    -.87502E+02     .10714E+02     .45308E+01         .000      .000
   1.430    -.51775E-01     .39971E-02    -.13860E+01    -.73435E+01     .40419E+01         .000      .000
   1.440    -.14270E-01     .35084E-01     .12994E+03    -.34817E+02     .34311E+01         .000      .000
   1.450     .16192E-01     .64531E-01     .30336E+03    -.68892E+02     .26264E+01         .000      .000
   1.460     .37514E-01     .88168E-01     .47542E+03    -.99442E+02     .16030E+01         .000      .000
   1.470     .47870E-01     .10183E+00     .58904E+03    -.11608E+03     .46804E+00         .000      .000
   1.480     .47121E-01     .10313E+00     .61167E+03    -.11467E+03    -.59322E+00         .000      .000
   1.490     .36698E-01     .92170E-01     .54691E+03    -.97757E+02    -.14486E+01         .000      .000
   1.500     .19050E-01     .71029E-01     .42109E+03    -.71035E+02    -.20357E+01         .000      .000
   1.510    -.30867E-02     .42762E-01     .26250E+03    -.39583E+02    -.23456E+01         .000      .000
   1.520    -.26921E-01     .10694E-01     .91816E+02    -.69260E+01    -.23745E+01         .000      .000
   1.530    -.49745E-01    -.21908E-01    -.75370E+02     .24156E+02    -.21549E+01         .000      .000
   1.540    -.69380E-01    -.52053E-01    -.22595E+03     .51367E+02    -.17442E+01         .000      .000
   1.550    -.83987E-01    -.77224E-01    -.35161E+03     .73478E+02    -.11413E+01         .000      .000
   1.560    -.91671E-01    -.95420E-01    -.44898E+03     .89977E+02    -.37837E+00         .000      .000
   1.570    -.91451E-01    -.10504E+00    -.51203E+03     .99428E+02     .41477E+00         .000      .000
   1.580    -.83603E-01    -.10502E+00    -.53066E+03     .10000E+03     .11393E+01         .000      .000
   1.590    -.69071E-01    -.95157E-01    -.50115E+03     .91539E+02     .17424E+01         .000      .000
   1.600    -.49335E-01    -.76086E-01    -.42573E+03     .74512E+02     .21719E+01         .000      .000
   1.610    -.26265E-01    -.49209E-01    -.30423E+03     .48775E+02     .24119E+01         .000      .000
   1.620    -.16741E-02    -.16836E-01    -.13985E+03     .15443E+02     .24799E+01         .000      .000
   1.630     .22638E-01     .17730E-01     .51929E+02    -.21826E+02     .23413E+01         .000      .000
   1.640     .44314E-01     .50549E-01     .24593E+03    -.57862E+02     .19534E+01         .000      .000
   1.650     .61016E-01     .77640E-01     .41229E+03    -.86837E+02     .13608E+01         .000      .000
   1.660     .71067E-01     .95726E-01     .52240E+03    -.10374E+03     .63069E+00         .000      .000
   1.670     .73434E-01     .10297E+00     .56193E+03    -.10697E+03    -.15814E+00         .000      .000
   1.680     .67945E-01     .99169E-01     .53502E+03    -.98143E+02    -.93565E+00         .000      .000
   1.690     .54934E-01     .85449E-01     .45452E+03    -.79960E+02    -.16504E+01         .000      .000
   1.700     .35341E-01     .63834E-01     .33546E+03    -.55374E+02    -.22451E+01         .000      .000
   1.710     .10535E-01     .36931E-01     .19415E+03    -.27575E+02    -.26900E+01         .000      .000
   1.720    -.17825E-01     .75947E-02     .47652E+02     .20337E+00    -.29460E+01         .000      .000
   1.730    -.47664E-01    -.21420E-01    -.89458E+02     .25418E+02    -.29866E+01         .000      .000
   1.740    -.76886E-01    -.47710E-01    -.20697E+03     .46343E+02    -.28265E+01         .000      .000
   1.750    -.10348E+00    -.69353E-01    -.29771E+03     .61773E+02    -.24534E+01         .000      .000
   1.760    -.12522E+00    -.84984E-01    -.35776E+03     .71145E+02    -.18599E+01         .000      .000
   1.770    -.14013E+00    -.93810E-01    -.38509E+03     .74118E+02    -.11002E+01         .000      .000
   1.780    -.14696E+00    -.95641E-01    -.37842E+03     .70633E+02    -.26256E+00         .000      .000
   1.790    -.14543E+00    -.90969E-01    -.34219E+03     .62015E+02     .56108E+00         .000      .000
   1.800    -.13603E+00    -.80821E-01    -.28735E+03     .50562E+02     .12990E+01         .000      .000
   1.810    -.11981E+00    -.66391E-01    -.22355E+03     .37832E+02     .19280E+01         .000      .000
   1.820    -.97737E-01    -.48812E-01    -.15402E+03     .24077E+02     .24769E+01         .000      .000
   1.830    -.70584E-01    -.29192E-01    -.77803E+02     .90151E+01     .29324E+01         .000      .000
   1.840    -.39608E-01    -.87959E-02     .52271E+01    -.71507E+01     .32328E+01         .000      .000
   1.850    -.65542E-02     .10834E-01     .88307E+02    -.22599E+02     .33463E+01         .000      .000
   1.860     .26685E-01     .28058E-01     .15650E+03    -.34238E+02     .32712E+01         .000      .000
   1.870     .58507E-01     .41644E-01     .19708E+03    -.40158E+02     .30877E+01         .000      .000
   1.880     .88359E-01     .51120E-01     .20869E+03    -.40792E+02     .28795E+01         .000      .000
   1.890     .11604E+00     .56678E-01     .19914E+03    -.37955E+02     .26538E+01         .000      .000
   1.900     .14126E+00     .58823E-01     .17722E+03    -.33082E+02     .23755E+01         .000      .000
   1.910     .16323E+00     .58087E-01     .14462E+03    -.26028E+02     .19999E+01         .000      .000
   1.920     .18092E+00     .55137E-01     .98787E+02    -.16353E+02     .15224E+01         .000      .000
   1.930     .19352E+00     .51017E-01     .43003E+02    -.52312E+01     .99793E+00         .000      .000
   1.940     .20100E+00     .47113E-01    -.97313E+01     .43724E+01     .51016E+00         .000      .000
   1.950     .20400E+00     .44748E-01    -.42120E+02     .91504E+01     .10526E+00         .000      .000
   1.960     .20339E+00     .44630E-01    -.41867E+02     .73005E+01    -.21396E+00         .000      .000
   1.970     .19983E+00     .46506E-01    -.97850E+01    -.16000E+00    -.50113E+00         .000      .000
   1.980     .19327E+00     .49257E-01     .39643E+02    -.98499E+01    -.81768E+00         .000      .000
   1.990     .18337E+00     .51414E-01     .85909E+02    -.17804E+02    -.11652E+01         .000      .000
   2.000     .16998E+00     .51799E-01     .11273E+03    -.21456E+02    -.15084E+01         .000      .000
   2.010     .15343E+00     .49957E-01     .11658E+03    -.20965E+02    -.17828E+01         .000      .000
   2.020     .13482E+00     .46104E-01     .10605E+03    -.18459E+02    -.19094E+01         .000      .000
   2.030     .11576E+00     .40712E-01     .92727E+02    -.16053E+02    -.18818E+01         .000      .000
   2.040     .97429E-01     .34092E-01     .83212E+02    -.14537E+02    -.17801E+01         .000      .000
   2.050     .80204E-01     .26201E-01     .74119E+02    -.12603E+02    -.16633E+01         .000      .000
   2.060     .63953E-01     .16837E-01     .52567E+02    -.74782E+01    -.16087E+01         .000      .000
   2.070     .47916E-01     .61951E-02     .84362E+01     .21786E+01    -.15885E+01         .000      .000
   2.080     .32568E-01    -.47571E-02    -.54550E+02     .14778E+02    -.14537E+01         .000      .000
   2.090     .19299E-01    -.14424E-01    -.11913E+03     .26345E+02    -.11836E+01         .000      .000
   2.100     .91644E-02    -.21182E-01    -.16037E+03     .32154E+02    -.83433E+00         .000      .000
   2.110     .26756E-02    -.24251E-01    -.16514E+03     .30970E+02    -.46557E+00         .000      .000
   2.120    -.25653E-03    -.23978E-01    -.14381E+03     .25838E+02    -.12829E+00         .000      .000
   2.130    -.29640E-04    -.21244E-01    -.11413E+03     .19950E+02     .16794E+00         .000      .000
   2.140     .30167E-02    -.16851E-01    -.85408E+02     .14519E+02     .43868E+00         .000      .000
   2.150     .87086E-02    -.11372E-01    -.59679E+02     .96918E+01     .69882E+00         .000      .000
   2.160     .17030E-01    -.52166E-02    -.36715E+02     .53515E+01     .97005E+00         .000      .000
   2.170     .27986E-01     .12998E-02    -.15448E+02     .12742E+01     .12042E+01         .000      .000
   2.180     .40676E-01     .78880E-02     .54889E+01    -.27277E+01     .13071E+01         .000      .000
   2.190     .53934E-01     .14203E-01     .24730E+02    -.61599E+01     .13520E+01         .000      .000
   2.200     .67959E-01     .19923E-01     .37244E+02    -.81266E+01     .14694E+01         .000      .000
   2.210     .83642E-01     .24990E-01     .44857E+02    -.96571E+01     .16818E+01         .000      .000
   2.220     .10184E+00     .29428E-01     .57552E+02    -.12601E+02     .19665E+01         .000      .000
   2.230     .12295E+00     .32828E-01     .72929E+02    -.15334E+02     .22448E+01         .000      .000
   2.240     .14651E+00     .34502E-01     .72013E+02    -.13786E+02     .24580E+01         .000      .000
   2.250     .17197E+00     .34291E-01     .39933E+02    -.59120E+01     .26311E+01         .000      .000
   2.260     .19914E+00     .33066E-01    -.19925E+02     .65313E+01     .28034E+01         .000      .000
   2.270     .22815E+00     .32536E-01    -.87435E+02     .19036E+02     .30075E+01         .000      .000
   2.280     .25942E+00     .34543E-01    -.13800E+03     .27085E+02     .32518E+01         .000      .000
   2.290     .29324E+00     .40325E-01    -.15559E+03     .28314E+02     .35110E+01         .000      .000
   2.300     .32955E+00     .50165E-01    -.13688E+03     .22797E+02     .37411E+01         .000      .000
   2.310     .36779E+00     .63411E-01    -.89618E+02     .12557E+02     .38900E+01         .000      .000
   2.320     .40692E+00     .78785E-01    -.28890E+02     .75554E+00     .39133E+01         .000      .000
   2.330     .44555E+00     .94855E-01     .28894E+02    -.96061E+01     .37871E+01         .000      .000
   2.340     .48215E+00     .11051E+00     .73177E+02    -.17005E+02     .35065E+01         .000      .000
   2.350     .51516E+00     .12518E+00     .10347E+03    -.21922E+02     .30700E+01         .000      .000
   2.360     .54294E+00     .13878E+00     .12776E+03    -.26200E+02     .24512E+01         .000      .000
   2.370     .56351E+00     .15131E+00     .15629E+03    -.31695E+02     .16276E+01         .000      .000
   2.380     .57493E+00     .16255E+00     .19492E+03    -.39197E+02     .63340E+00         .000      .000
   2.390     .57577E+00     .17194E+00     .24357E+03    -.48453E+02    -.48216E+00         .000      .000
   2.400     .56503E+00     .17860E+00     .29950E+03    -.58886E+02    -.16740E+01         .000      .000
   2.410     .54227E+00     .18137E+00     .35716E+03    -.69195E+02    -.28699E+01         .000      .000
   2.420     .50792E+00     .17891E+00     .40482E+03    -.76859E+02    -.39774E+01         .000      .000
   2.430     .46315E+00     .17001E+00     .42834E+03    -.79303E+02    -.49579E+01         .000      .000
   2.440     .40928E+00     .15402E+00     .41829E+03    -.75077E+02    -.57838E+01         .000      .000
   2.450     .34825E+00     .13095E+00     .36975E+03    -.63426E+02    -.63760E+01         .000      .000
   2.460     .28270E+00     .10165E+00     .28141E+03    -.44473E+02    -.66859E+01         .000      .000
   2.470     .21553E+00     .67853E-01     .16170E+03    -.20456E+02    -.66989E+01         .000      .000
   2.480     .14978E+00     .31901E-01     .26865E+02     .53888E+01    -.63952E+01         .000      .000
   2.490     .88592E-01    -.37097E-02    -.10913E+03     .30698E+02    -.58015E+01         .000      .000
   2.500     .34544E-01    -.36596E-01    -.23614E+03     .53674E+02    -.49717E+01         .000      .000
   2.510    -.10244E-01    -.64618E-01    -.34530E+03     .72755E+02    -.39633E+01         .000      .000
   2.520    -.44291E-01    -.86013E-01    -.43030E+03     .86914E+02    -.28257E+01         .000      .000
   2.530    -.66293E-01    -.99435E-01    -.48617E+03     .95200E+02    -.15492E+01         .000      .000
   2.540    -.74821E-01    -.10401E+00    -.50703E+03     .96422E+02    -.13732E+00         .000      .000
   2.550    -.68954E-01    -.99484E-01    -.48664E+03     .89530E+02     .13001E+01         .000      .000
   2.560    -.49395E-01    -.86490E-01    -.42455E+03     .75104E+02     .25654E+01         .000      .000
   2.570    -.18572E-01    -.66597E-01    -.33397E+03     .56506E+02     .35545E+01         .000      .000
   2.580     .20588E-01    -.41824E-01    -.23699E+03     .37980E+02     .42130E+01         .000      .000
   2.590     .64466E-01    -.13870E-01    -.14518E+03     .20680E+02     .45047E+01         .000      .000
   2.600     .10975E+00     .16084E-01    -.51858E+02     .25938E+01     .45162E+01         .000      .000
   2.610     .15402E+00     .46886E-01     .52648E+02    -.17895E+02     .42981E+01         .000      .000
   2.620     .19503E+00     .77007E-01     .17176E+03    -.41094E+02     .38752E+01         .000      .000
   2.630     .23102E+00     .10434E+00     .30041E+03    -.65414E+02     .32997E+01         .000      .000
   2.640     .26062E+00     .12629E+00     .41997E+03    -.86622E+02     .26067E+01         .000      .000
   2.650     .28306E+00     .14031E+00     .50483E+03    -.99851E+02     .18870E+01         .000      .000
   2.660     .29857E+00     .14461E+00     .53389E+03    -.10159E+03     .12306E+01         .000      .000
   2.670     .30798E+00     .13873E+00     .49731E+03    -.90732E+02     .66851E+00         .000      .000
   2.680     .31235E+00     .12365E+00     .39873E+03    -.68641E+02     .22720E+00         .000      .000
   2.690     .31305E+00     .10167E+00     .25108E+03    -.38198E+02    -.58991E-01         .000      .000
   2.700     .31184E+00     .76099E-01     .74958E+02    -.38195E+01    -.14710E+00         .000      .000
   2.710     .31091E+00     .50773E-01    -.10084E+03     .28659E+02     .26969E-02         .000      .000
   2.720     .31284E+00     .29346E-01    -.24642E+03     .53794E+02     .43416E+00         .000      .000
   2.730     .32061E+00     .14528E-01    -.34182E+03     .68550E+02     .11715E+01         .000      .000
   2.740     .33711E+00     .76861E-02    -.38198E+03     .72806E+02     .21632E+01         .000      .000
   2.750     .36437E+00     .88607E-02    -.37530E+03     .68893E+02     .33033E+01         .000      .000
   2.760     .40326E+00     .17112E-01    -.34090E+03     .60978E+02     .44688E+01         .000      .000
   2.770     .45358E+00     .31158E-01    -.30141E+03     .53255E+02     .55875E+01         .000      .000
   2.780     .51470E+00     .50088E-01    -.27014E+03     .47443E+02     .66125E+01         .000      .000
   2.790     .58540E+00     .73676E-01    -.24298E+03     .41805E+02     .75066E+01         .000      .000
   2.800     .66437E+00     .10207E+00    -.20344E+03     .32882E+02     .82628E+01         .000      .000
   2.810     .74996E+00     .13515E+00    -.13638E+03     .18209E+02     .88097E+01         .000      .000
   2.820     .83937E+00     .17201E+00    -.36507E+02    -.25031E+01     .89977E+01         .000      .000
   2.830     .92813E+00     .21081E+00     .87784E+02    -.26747E+02     .86517E+01         .000      .000
   2.840     .10103E+01     .24910E+00     .21483E+03    -.49858E+02     .76788E+01         .000      .000
   2.850     .10794E+01     .28460E+00     .32240E+03    -.68073E+02     .60230E+01         .000      .000
   2.860     .11285E+01     .31586E+00     .40505E+03    -.81582E+02     .36787E+01         .000      .000
   2.870     .11516E+01     .34234E+00     .47696E+03    -.93987E+02     .91141E+00         .000      .000
   2.880     .11460E+01     .36378E+00     .55967E+03    -.10965E+03    -.20521E+01         .000      .000
   2.890     .11098E+01     .37944E+00     .67565E+03    -.13270E+03    -.52474E+01         .000      .000
   2.900     .10401E+01     .38723E+00     .83225E+03    -.16277E+03    -.87353E+01         .000      .000
   2.910     .93404E+00     .38327E+00     .99380E+03    -.19056E+03    -.12529E+02         .000      .000
   2.920     .78873E+00     .36334E+00     .10991E+04    -.20448E+03    -.16560E+02         .000      .000
   2.930     .60259E+00     .32490E+00     .11112E+04    -.19977E+03    -.20666E+02         .000      .000
   2.940     .37567E+00     .26798E+00     .10330E+04    -.17898E+03    -.24697E+02         .000      .000
   2.950     .10933E+00     .19465E+00     .89160E+03    -.14808E+03    -.28527E+02         .000      .000
   2.960    -.19383E+00     .10803E+00     .71976E+03    -.11333E+03    -.32049E+02         .000      .000
   2.970    -.53050E+00     .11443E-01     .54611E+03    -.79810E+02    -.35227E+02         .000      .000
   2.980    -.89716E+00    -.92321E-01     .38994E+03    -.50517E+02    -.38043E+02         .000      .000
   2.990    -.12901E+01    -.20136E+00     .25558E+03    -.25335E+02    -.40486E+02         .000      .000
   3.000    -.17054E+01    -.31457E+00     .13260E+03    -.17321E+01    -.42488E+02         .000      .000
   3.010    -.21369E+01    -.43112E+00     .74152E+01     .22483E+02    -.43596E+02         .000      .000
   3.020    -.25734E+01    -.54993E+00    -.12332E+03     .46964E+02    -.43526E+02         .000      .000
   3.030    -.30051E+01    -.66979E+00    -.25073E+03     .70124E+02    -.42745E+02         .000      .000
   3.040    -.34272E+01    -.79001E+00    -.38209E+03     .95239E+02    -.41624E+02         .000      .000
   3.050    -.38365E+01    -.91006E+00    -.55394E+03     .13024E+03    -.40190E+02         .000      .000
   3.060    -.42299E+01    -.10279E+01    -.79133E+03     .17758E+03    -.38434E+02         .000      .000
   3.070    -.46047E+01    -.11390E+01    -.10608E+04     .22759E+03    -.36544E+02         .000      .000
   3.080    -.49629E+01    -.12375E+01    -.12918E+04     .26677E+03    -.35292E+02         .000      .000
   3.090    -.53139E+01    -.13191E+01    -.14361E+04     .28864E+03    -.35042E+02         .000      .000
   3.100    -.56648E+01    -.13814E+01    -.14933E+04     .29491E+03    -.35118E+02         .000      .000
   3.110    -.60161E+01    -.14232E+01    -.14660E+04     .28383E+03    -.35146E+02         .000      .000
   3.120    -.63684E+01    -.14438E+01    -.12988E+04     .24195E+03    -.35380E+02         .000      .000
   3.130    -.67253E+01    -.14459E+01    -.93224E+03     .16116E+03    -.36097E+02         .000      .000
   3.140    -.70924E+01    -.14377E+01    -.40470E+03     .55094E+02    -.37403E+02         .000      .000
   3.150    -.74743E+01    -.14324E+01     .15784E+03    -.49014E+02    -.38986E+02         .000      .000
   3.160    -.78715E+01    -.14435E+01     .58281E+03    -.11705E+03    -.40391E+02         .000      .000
   3.170    -.82801E+01    -.14798E+01     .73681E+03    -.13044E+03    -.41172E+02         .000      .000
   3.180    -.86918E+01    -.15415E+01     .65160E+03    -.10466E+03    -.41003E+02         .000      .000
   3.190    -.90974E+01    -.16231E+01     .45550E+03    -.65118E+02    -.40023E+02         .000      .000
   3.200    -.94902E+01    -.17184E+01     .24512E+03    -.26786E+02    -.38450E+02         .000      .000
   3.210    -.98645E+01    -.18230E+01     .55411E+02     .69043E+01    -.36307E+02         .000      .000
   3.220    -.10214E+02    -.19344E+01    -.12347E+03     .39398E+02    -.33515E+02         .000      .000
   3.230    -.10532E+02    -.20510E+01    -.31839E+03     .76174E+02    -.29809E+02         .000      .000
   3.240    -.10807E+02    -.21711E+01    -.54525E+03     .11844E+03    -.24935E+02         .000      .000
   3.250    -.11027E+02    -.22928E+01    -.82631E+03     .17483E+03    -.19050E+02         .000      .000
   3.260    -.11185E+02    -.24130E+01    -.12402E+04     .25732E+03    -.12369E+02         .000      .000
   3.270    -.11272E+02    -.25232E+01    -.17430E+04     .35162E+03    -.48326E+01         .000      .000
   3.280    -.11279E+02    -.26118E+01    -.21734E+04     .42068E+03     .35176E+01         .000      .000
   3.290    -.11200E+02    -.26713E+01    -.24635E+04     .46781E+03     .12308E+02         .000      .000
   3.300    -.11032E+02    -.26983E+01    -.26701E+04     .49696E+03     .21306E+02         .000      .000
   3.310    -.10774E+02    -.26899E+01    -.28349E+04     .52745E+03     .30247E+02         .000      .000
   3.320    -.10429E+02    -.26419E+01    -.30572E+04     .56570E+03     .38696E+02         .000      .000
   3.330    -.10006E+02    -.25452E+01    -.30608E+04     .54031E+03     .45373E+02         .000      .000
   3.340    -.95319E+01    -.23995E+01    -.26323E+04     .44057E+03     .48808E+02         .000      .000
   3.350    -.90393E+01    -.22191E+01    -.21263E+04     .35138E+03     .49385E+02         .000      .000
   3.360    -.85496E+01    -.20143E+01    -.17973E+04     .29807E+03     .48337E+02         .000      .000
   3.370    -.80770E+01    -.17828E+01    -.14448E+04     .22010E+03     .45942E+02         .000      .000
   3.380    -.76347E+01    -.15218E+01    -.68120E+03     .46861E+02     .42376E+02         .000      .000
   3.390    -.72317E+01    -.12456E+01     .56377E+03    -.20133E+03     .38173E+02         .000      .000
   3.400    -.68718E+01    -.98624E+00     .17179E+04    -.40285E+03     .33803E+02         .000      .000
   3.410    -.65553E+01    -.76720E+00     .26378E+04    -.56667E+03     .29535E+02         .000      .000
   3.420    -.62808E+01    -.60572E+00     .33659E+04    -.68450E+03     .25377E+02         .000      .000
   3.430    -.60469E+01    -.51770E+00     .35840E+04    -.69395E+03     .21449E+02         .000      .000
   3.440    -.58503E+01    -.50366E+00     .34299E+04    -.64852E+03     .17964E+02         .000      .000
   3.450    -.56852E+01    -.55893E+00     .29107E+04    -.52131E+03     .15248E+02         .000      .000
   3.460    -.55403E+01    -.67178E+00     .19151E+04    -.30953E+03     .14013E+02         .000      .000
   3.470    -.53978E+01    -.81760E+00     .68369E+03    -.71125E+02     .14875E+02         .000      .000
   3.480    -.52354E+01    -.96844E+00    -.49383E+03     .14078E+03     .17959E+02         .000      .000
   3.490    -.50337E+01    -.11004E+01    -.13523E+04     .28243E+03     .22533E+02         .000      .000
   3.500    -.47846E+01    -.12010E+01    -.20067E+04     .40232E+03     .27179E+02         .000      .000
   3.510    -.44926E+01    -.12600E+01    -.25789E+04     .49488E+03     .31056E+02         .000      .000
   3.520    -.41676E+01    -.12661E+01    -.26818E+04     .48360E+03     .33696E+02         .000      .000
   3.530    -.38235E+01    -.12243E+01    -.24164E+04     .42280E+03     .34904E+02         .000      .000
   3.540    -.34718E+01    -.11480E+01    -.21262E+04     .37329E+03     .35419E+02         .000      .000
   3.550    -.31136E+01    -.10462E+01    -.20350E+04     .36977E+03     .36390E+02         .000      .000
   3.560    -.27387E+01    -.91543E+00    -.20713E+04     .37259E+03     .38930E+02         .000      .000
   3.570    -.23288E+01    -.74609E+00    -.18396E+04     .30372E+03     .43323E+02         .000      .000
   3.580    -.18687E+01    -.53887E+00    -.11521E+04     .14680E+03     .48781E+02         .000      .000
   3.590    -.13554E+01    -.30972E+00    -.12118E+03    -.63365E+02     .53588E+02         .000      .000
   3.600    -.80485E+00    -.84938E-01     .96612E+03    -.26338E+03     .56057E+02         .000      .000
   3.610    -.24021E+00     .10780E+00     .16986E+04    -.37208E+03     .56765E+02         .000      .000
   3.620     .33044E+00     .25380E+00     .18093E+04    -.35834E+03     .57464E+02         .000      .000
   3.630     .91109E+00     .35833E+00     .14262E+04    -.26707E+03     .58746E+02         .000      .000
   3.640     .15075E+01     .43831E+00     .89645E+03    -.16671E+03     .60637E+02         .000      .000
   3.650     .21264E+01     .50888E+00     .41653E+03    -.78549E+02     .63309E+02         .000      .000
   3.660     .27769E+01     .58067E+00    -.36281E+02     .45812E+01     .66967E+02         .000      .000
   3.670     .34691E+01     .66485E+00    -.36719E+03     .53273E+02     .71598E+02         .000      .000
   3.680     .42103E+01     .76899E+00    -.37871E+03     .33773E+02     .76634E+02         .000      .000
   3.690     .50005E+01     .88820E+00    -.12701E+03    -.21650E+02     .81331E+02         .000      .000
   3.700     .58352E+01     .10091E+01     .28413E+02    -.37093E+02     .85559E+02         .000      .000
   3.710     .67118E+01     .11255E+01    -.15941E+03     .15556E+02     .89801E+02         .000      .000
   3.720     .76323E+01     .12454E+01    -.51790E+03     .81908E+02     .94339E+02         .000      .000
   3.730     .85970E+01     .13809E+01    -.72817E+03     .10836E+03     .98412E+02         .000      .000
   3.740     .95962E+01     .15350E+01    -.75554E+03     .10747E+03     .10119E+03         .000      .000
   3.750     .10616E+02     .17052E+01    -.78077E+03     .11663E+03     .10264E+03         .000      .000
   3.760     .11645E+02     .18915E+01    -.88463E+03     .13946E+03     .10299E+03         .000      .000
   3.770     .12672E+02     .20997E+01    -.93905E+03     .14275E+03     .10220E+03         .000      .000
   3.780     .13686E+02     .23342E+01    -.77256E+03     .98671E+02     .10031E+03         .000      .000
   3.790     .14676E+02     .25918E+01    -.39375E+03     .20242E+02     .97592E+02         .000      .000
   3.800     .15635E+02     .28637E+01     .70821E+02    -.66733E+02     .94124E+02         .000      .000
   3.810     .16556E+02     .31411E+01     .50179E+03    -.14267E+03     .90005E+02         .000      .000
   3.820     .17434E+02     .34184E+01     .90611E+03    -.21804E+03     .85521E+02         .000      .000
   3.830     .18265E+02     .36911E+01     .13715E+04    -.30847E+03     .80689E+02         .000      .000
   3.840     .19046E+02     .39508E+01     .18892E+04    -.40019E+03     .75284E+02         .000      .000
   3.850     .19769E+02     .41858E+01     .21821E+04    -.43595E+03     .69394E+02         .000      .000
   3.860     .20433E+02     .43951E+01     .23151E+04    -.45911E+03     .63273E+02         .000      .000
   3.870     .21033E+02     .45807E+01     .25181E+04    -.49492E+03     .56659E+02         .000      .000
   3.880     .21564E+02     .47383E+01     .26734E+04    -.51757E+03     .49425E+02         .000      .000
   3.890     .22020E+02     .48652E+01     .27918E+04    -.53459E+03     .41611E+02         .000      .000
   3.900     .22395E+02     .49589E+01     .28527E+04    -.53719E+03     .33365E+02         .000      .000
   3.910     .22686E+02     .50186E+01     .27986E+04    -.51558E+03     .24956E+02         .000      .000
   3.920     .22895E+02     .50469E+01     .26252E+04    -.47472E+03     .16719E+02         .000      .000
   3.930     .23022E+02     .50496E+01     .24398E+04    -.43750E+03     .88627E+01         .000      .000
   3.940     .23073E+02     .50307E+01     .22831E+04    -.40614E+03     .14198E+01         .000      .000
   3.950     .23052E+02     .49922E+01     .21561E+04    -.37997E+03    -.56150E+01         .000      .000
   3.960     .22962E+02     .49346E+01     .20002E+04    -.34339E+03    -.12183E+02         .000      .000
   3.970     .22810E+02     .48594E+01     .17529E+04    -.28956E+03    -.18098E+02         .000      .000
   3.980     .22603E+02     .47720E+01     .14774E+04    -.23676E+03    -.23300E+02         .000      .000
   3.990     .22347E+02     .46779E+01     .12630E+04    -.19822E+03    -.27758E+02         .000      .000
   4.000     .22052E+02     .45797E+01     .10958E+04    -.16674E+03    -.31069E+02         .000      .000
   4.010     .21730E+02     .44790E+01     .95330E+03    -.14114E+03    -.32945E+02         .000      .000
   4.020     .21397E+02     .43771E+01     .85889E+03    -.12634E+03    -.33454E+02         .000      .000
   4.030     .21064E+02     .42735E+01     .80218E+03    -.11679E+03    -.33157E+02         .000      .000
   4.040     .20734E+02     .41662E+01     .72316E+03    -.99112E+02    -.32893E+02         .000      .000
   4.050     .20406E+02     .40542E+01     .55549E+03    -.61250E+02    -.32664E+02         .000      .000
   4.060     .20082E+02     .39390E+01     .25936E+03     .15807E+01    -.31962E+02         .000      .000
   4.070     .19769E+02     .38269E+01    -.12853E+03     .76144E+02    -.30706E+02         .000      .000
   4.080     .19469E+02     .37277E+01    -.44860E+03     .12858E+03    -.29184E+02         .000      .000
   4.090     .19185E+02     .36481E+01    -.64086E+03     .15771E+03    -.27755E+02         .000      .000
   4.100     .18912E+02     .35917E+01    -.68921E+03     .15659E+03    -.26923E+02         .000      .000
   4.110     .18643E+02     .35588E+01    -.55570E+03     .12171E+03    -.26975E+02         .000      .000
   4.120     .18371E+02     .35447E+01    -.29424E+03     .66644E+02    -.27368E+02         .000      .000
   4.130     .18096E+02     .35433E+01     .49999E+02    -.33987E+01    -.27556E+02         .000      .000
   4.140     .17821E+02     .35473E+01     .47483E+03    -.88677E+02    -.27608E+02         .000      .000
   4.150     .17544E+02     .35472E+01     .94542E+03    -.17832E+03    -.27712E+02         .000      .000
   4.160     .17266E+02     .35309E+01     .13390E+04    -.24477E+03    -.27924E+02         .000      .000
   4.170     .16985E+02     .34887E+01     .15162E+04    -.26424E+03    -.28189E+02         .000      .000
   4.180     .16703E+02     .34173E+01     .14313E+04    -.23452E+03    -.28244E+02         .000      .000
   4.190     .16422E+02     .33199E+01     .11329E+04    -.16853E+03    -.27733E+02         .000      .000
   4.200     .16151E+02     .32040E+01     .69987E+03    -.81483E+02    -.26435E+02         .000      .000
   4.210     .15897E+02     .30792E+01     .20281E+03     .13375E+02    -.24267E+02         .000      .000
   4.220     .15668E+02     .29559E+01    -.29772E+03     .10596E+03    -.21251E+02         .000      .000
   4.230     .15474E+02     .28460E+01    -.66938E+03     .15967E+03    -.17623E+02         .000      .000
   4.240     .15315E+02     .27562E+01    -.71734E+03     .15198E+03    -.14151E+02         .000      .000
   4.250     .15189E+02     .26807E+01    -.69043E+03     .15129E+03    -.11229E+02         .000      .000
   4.260     .15090E+02     .26149E+01    -.83544E+03     .18692E+03    -.84860E+01         .000      .000
   4.270     .15019E+02     .25627E+01    -.10761E+04     .23246E+03    -.56390E+01         .000      .000
   4.280     .14978E+02     .25311E+01    -.12826E+04     .26637E+03    -.26593E+01         .000      .000
   4.290     .14967E+02     .25252E+01    -.14002E+04     .28217E+03     .39988E+00         .000      .000
   4.300     .14986E+02     .25484E+01    -.14019E+04     .27237E+03     .34009E+01         .000      .000
   4.310     .15033E+02     .26021E+01    -.11863E+04     .21648E+03     .59751E+01         .000      .000
   4.320     .15102E+02     .26814E+01    -.74827E+03     .12280E+03     .76417E+01         .000      .000
   4.330     .15182E+02     .27757E+01    -.19921E+03     .15566E+02     .80767E+01         .000      .000
   4.340     .15259E+02     .28727E+01     .34303E+03    -.83950E+02     .71595E+01         .000      .000
   4.350     .15320E+02     .29616E+01     .79333E+03    -.16193E+03     .48526E+01         .000      .000
   4.360     .15352E+02     .30351E+01     .11212E+04    -.21623E+03     .11926E+01         .000      .000
   4.370     .15340E+02     .30889E+01     .13507E+04    -.25251E+03    -.36033E+01         .000      .000
   4.380     .15277E+02     .31198E+01     .14496E+04    -.25895E+03    -.91383E+01         .000      .000
   4.390     .15157E+02     .31280E+01     .13550E+04    -.22898E+03    -.14903E+02         .000      .000
   4.400     .14979E+02     .31206E+01     .11908E+04    -.19794E+03    -.20640E+02         .000      .000
   4.410     .14744E+02     .31059E+01     .11744E+04    -.20433E+03    -.26494E+02         .000      .000
   4.420     .14448E+02     .30849E+01     .13662E+04    -.24782E+03    -.32758E+02         .000      .000
   4.430     .14087E+02     .30513E+01     .16566E+04    -.30179E+03    -.39582E+02         .000      .000
   4.440     .13655E+02     .29966E+01     .19075E+04    -.34172E+03    -.46857E+02         .000      .000
   4.450     .13149E+02     .29143E+01     .20373E+04    -.35582E+03    -.54295E+02         .000      .000
   4.460     .12570E+02     .28016E+01     .20204E+04    -.34181E+03    -.61541E+02         .000      .000
   4.470     .11920E+02     .26592E+01     .18638E+04    -.30252E+03    -.68277E+02         .000      .000
   4.480     .11207E+02     .24908E+01     .15981E+04    -.24531E+03    -.74146E+02         .000      .000
   4.490     .10442E+02     .23024E+01     .12784E+04    -.18205E+03    -.78607E+02         .000      .000
   4.500     .96404E+01     .21005E+01     .96883E+03    -.12485E+03    -.81382E+02         .000      .000
   4.510     .88182E+01     .18902E+01     .71934E+03    -.81705E+02    -.82934E+02         .000      .000
   4.520     .79839E+01     .16739E+01     .53956E+03    -.50438E+02    -.83823E+02         .000      .000
   4.530     .71447E+01     .14510E+01     .33610E+03    -.73217E+01    -.83813E+02         .000      .000
   4.540     .63119E+01     .12229E+01     .19646E+02     .56398E+02    -.82528E+02         .000      .000
   4.550     .54986E+01     .99572E+00    -.30548E+03     .11310E+03    -.79905E+02         .000      .000
   4.560     .47193E+01     .77509E+00    -.57401E+03     .15902E+03    -.75641E+02         .000      .000
   4.570     .39909E+01     .56460E+00    -.77666E+03     .18910E+03    -.69859E+02         .000      .000
   4.580     .33243E+01     .36571E+00    -.91176E+03     .20965E+03    -.63419E+02         .000      .000
   4.590     .27228E+01     .17865E+00    -.10060E+04     .22075E+03    -.56899E+02         .000      .000
   4.600     .21860E+01     .16535E-02    -.10766E+04     .23228E+03    -.50454E+02         .000      .000
   4.610     .17130E+01    -.17000E+00    -.13143E+04     .29569E+03    -.44165E+02         .000      .000
   4.620     .13030E+01    -.33269E+00    -.20043E+04     .44050E+03    -.37833E+02         .000      .000
   4.630     .95634E+00    -.46390E+00    -.26391E+04     .53918E+03    -.31547E+02         .000      .000
   4.640     .66971E+00    -.54731E+00    -.28159E+04     .54416E+03    -.25964E+02         .000      .000
   4.650     .43254E+00    -.58384E+00    -.27445E+04     .52849E+03    -.21700E+02         .000      .000
   4.660     .23207E+00    -.57632E+00    -.26840E+04     .50710E+03    -.18562E+02         .000      .000
   4.670     .57162E-01    -.52088E+00    -.22390E+04     .39309E+03    -.16677E+02         .000      .000
   4.680    -.10784E+00    -.42767E+00    -.13657E+04     .21107E+03    -.16676E+02         .000      .000
   4.690    -.28329E+00    -.31976E+00    -.38880E+03     .29858E+02    -.18728E+02         .000      .000
   4.700    -.48824E+00    -.22031E+00     .37595E+03    -.95463E+02    -.22519E+02         .000      .000
   4.710    -.73857E+00    -.14305E+00     .73771E+03    -.13793E+03    -.27776E+02         .000      .000
   4.720    -.10463E+01    -.88056E-01     .78424E+03    -.13422E+03    -.33809E+02         .000      .000
   4.730    -.14141E+01    -.48039E-01     .73987E+03    -.12281E+03    -.39658E+02         .000      .000
   4.740    -.18374E+01    -.15028E-01     .77371E+03    -.13491E+03    -.44902E+02         .000      .000
   4.750    -.23108E+01     .16727E-01     .10730E+04    -.21323E+03    -.49773E+02         .000      .000
   4.760    -.28350E+01     .42707E-01     .18467E+04    -.38078E+03    -.55267E+02         .000      .000
   4.770    -.34213E+01     .39729E-01     .27410E+04    -.53841E+03    -.62270E+02         .000      .000
   4.780    -.40843E+01    -.17455E-01     .32408E+04    -.59963E+03    -.70439E+02         .000      .000
   4.790    -.48300E+01    -.13846E+00     .32296E+04    -.57584E+03    -.78618E+02         .000      .000
   4.800    -.56546E+01    -.31879E+00     .30052E+04    -.51764E+03    -.86165E+02         .000      .000
   4.810    -.65497E+01    -.55282E+00     .24671E+04    -.39665E+03    -.92619E+02         .000      .000
   4.820    -.75021E+01    -.82627E+00     .17905E+04    -.26740E+03    -.97626E+02         .000      .000
   4.830    -.84976E+01    -.11249E+01     .11692E+04    -.15089E+03    -.10126E+03         .000      .000
   4.840    -.95230E+01    -.14395E+01     .54404E+03    -.30013E+02    -.10361E+03         .000      .000
   4.850    -.10566E+02    -.17593E+01    -.88883E+02     .85886E+02    -.10470E+03         .000      .000
   4.860    -.11614E+02    -.20707E+01    -.48427E+03     .13771E+03    -.10485E+03         .000      .000
   4.870    -.12662E+02    -.23698E+01    -.45404E+03     .11122E+03    -.10490E+03         .000      .000
   4.880    -.13713E+02    -.26716E+01    -.37236E+03     .11378E+03    -.10520E+03         .000      .000
   4.890    -.14764E+02    -.29897E+01    -.10144E+04     .28544E+03    -.10468E+03         .000      .000
   4.900    -.15799E+02    -.33017E+01    -.21518E+04     .49190E+03    -.10202E+03         .000      .000
   4.910    -.16800E+02    -.35701E+01    -.26236E+04     .52794E+03    -.98072E+02         .000      .000
   4.920    -.17761E+02    -.37911E+01    -.24059E+04     .46436E+03    -.94334E+02         .000      .000
   4.930    -.18687E+02    -.39815E+01    -.21349E+04     .41815E+03    -.90877E+02         .000      .000
   4.940    -.19577E+02    -.41509E+01    -.19969E+04     .39321E+03    -.86906E+02         .000      .000
   4.950    -.20424E+02    -.43004E+01    -.18328E+04     .35286E+03    -.82528E+02         .000      .000
   4.960    -.21229E+02    -.44333E+01    -.15301E+04     .28733E+03    -.78540E+02         .000      .000
   4.970    -.21996E+02    -.45599E+01    -.12764E+04     .24854E+03    -.74939E+02         .000      .000
   4.980    -.22727E+02    -.46873E+01    -.13225E+04     .27236E+03    -.70982E+02         .000      .000
   4.990    -.23414E+02    -.48094E+01    -.15286E+04     .30734E+03    -.66313E+02         .000      .000
   5.000    -.24051E+02    -.49166E+01    -.15546E+04     .29537E+03    -.61163E+02         .000      .000
   5.010    -.24636E+02    -.50098E+01    -.13906E+04     .25679E+03    -.55798E+02         .000      .000
   5.020    -.25167E+02    -.50964E+01    -.12599E+04     .23611E+03    -.50337E+02         .000      .000
   5.030    -.25642E+02    -.51813E+01    -.12931E+04     .24961E+03    -.44659E+02         .000      .000
   5.040    -.26059E+02    -.52621E+01    -.14731E+04     .28603E+03    -.38798E+02         .000      .000
   5.050    -.26418E+02    -.53321E+01    -.16496E+04     .31164E+03    -.32833E+02         .000      .000
   5.060    -.26715E+02    -.53861E+01    -.16892E+04     .30824E+03    -.26568E+02         .000      .000
   5.070    -.26948E+02    -.54245E+01    -.16300E+04     .29152E+03    -.20049E+02         .000      .000
   5.080    -.27115E+02    -.54506E+01    -.15644E+04     .27678E+03    -.13322E+02         .000      .000
   5.090    -.27214E+02    -.54662E+01    -.15064E+04     .26245E+03    -.62427E+01         .000      .000
   5.100    -.27239E+02    -.54728E+01    -.14425E+04     .24710E+03     .11397E+01         .000      .000
   5.110    -.27190E+02    -.54729E+01    -.14063E+04     .24034E+03     .85983E+01         .000      .000
   5.120    -.27067E+02    -.54683E+01    -.14568E+04     .25268E+03     .16027E+02         .000      .000
   5.130    -.26870E+02    -.54579E+01    -.16113E+04     .28427E+03     .23550E+02         .000      .000
   5.140    -.26596E+02    -.54380E+01    -.18451E+04     .32928E+03     .31282E+02         .000      .000
   5.150    -.26243E+02    -.54022E+01    -.21153E+04     .37685E+03     .39167E+02         .000      .000
   5.160    -.25813E+02    -.53430E+01    -.23011E+04     .40153E+03     .46833E+02         .000      .000
   5.170    -.25309E+02    -.52561E+01    -.23331E+04     .39737E+03     .53910E+02         .000      .000
   5.180    -.24737E+02    -.51425E+01    -.23129E+04     .39309E+03     .60448E+02         .000      .000
   5.190    -.24101E+02    -.50024E+01    -.23227E+04     .39150E+03     .66730E+02         .000      .000
   5.200    -.23403E+02    -.48324E+01    -.22330E+04     .36407E+03     .72805E+02         .000      .000
   5.210    -.22646E+02    -.46326E+01    -.19853E+04     .30702E+03     .78477E+02         .000      .000
   5.220    -.21836E+02    -.44072E+01    -.16168E+04     .23065E+03     .83451E+02         .000      .000
   5.230    -.20980E+02    -.41631E+01    -.11993E+04     .14976E+03     .87474E+02         .000      .000
   5.240    -.20089E+02    -.39067E+01    -.78706E+03     .70966E+02     .90523E+02         .000      .000
   5.250    -.19173E+02    -.36432E+01    -.34437E+03    -.16520E+02     .92629E+02         .000      .000
   5.260    -.18240E+02    -.33789E+01     .15244E+03    -.11261E+03     .93660E+02         .000      .000
   5.270    -.17303E+02    -.31238E+01     .61472E+03    -.19137E+03     .93585E+02         .000      .000
   5.280    -.16371E+02    -.28875E+01     .85937E+03    -.22513E+03     .92759E+02         .000      .000
   5.290    -.15449E+02    -.26722E+01     .97451E+03    -.24088E+03     .91515E+02         .000      .000
   5.300    -.14542E+02    -.24785E+01     .95403E+03    -.22466E+03     .90035E+02         .000      .000
   5.310    -.13649E+02    -.23038E+01     .75285E+03    -.17834E+03     .88615E+02         .000      .000
   5.320    -.12769E+02    -.21396E+01     .54051E+03    -.14117E+03     .87367E+02         .000      .000
   5.330    -.11901E+02    -.19793E+01     .44877E+03    -.12964E+03     .86107E+02         .000      .000
   5.340    -.11047E+02    -.18217E+01     .45441E+03    -.13229E+03     .84596E+02         .000      .000
   5.350    -.10211E+02    -.16682E+01     .47247E+03    -.13356E+03     .82666E+02         .000      .000
   5.360    -.93961E+01    -.15195E+01     .48627E+03    -.13511E+03     .80154E+02         .000      .000
   5.370    -.86096E+01    -.13753E+01     .52414E+03    -.14198E+03     .77051E+02         .000      .000
   5.380    -.78562E+01    -.12367E+01     .57908E+03    -.15028E+03     .73599E+02         .000      .000
   5.390    -.71379E+01    -.11051E+01     .61462E+03    -.15332E+03     .70058E+02         .000      .000
   5.400    -.64548E+01    -.98097E+00     .62582E+03    -.15257E+03     .66582E+02         .000      .000
   5.410    -.58061E+01    -.86399E+00     .63103E+03    -.15163E+03     .63154E+02         .000      .000
   5.420    -.51922E+01    -.75393E+00     .63878E+03    -.15121E+03     .59582E+02         .000      .000
   5.430    -.46152E+01    -.65087E+00     .64563E+03    -.15018E+03     .55780E+02         .000      .000
   5.440    -.40771E+01    -.55496E+00     .64364E+03    -.14697E+03     .51837E+02         .000      .000
   5.450    -.35787E+01    -.46613E+00     .62493E+03    -.14020E+03     .47847E+02         .000      .000
   5.460    -.31201E+01    -.38372E+00     .58844E+03    -.13048E+03     .43880E+02         .000      .000
   5.470    -.27010E+01    -.30642E+00     .55007E+03    -.12169E+03     .39935E+02         .000      .000
   5.480    -.23215E+01    -.23293E+00     .53210E+03    -.11770E+03     .35937E+02         .000      .000
   5.490    -.19829E+01    -.16264E+00     .54009E+03    -.11851E+03     .31751E+02         .000      .000
   5.500    -.16875E+01    -.95579E-01     .57383E+03    -.12424E+03     .27268E+02         .000      .000
   5.510    -.14385E+01    -.32334E-01     .63304E+03    -.13441E+03     .22500E+02         .000      .000
   5.520    -.12382E+01     .25861E-01     .70548E+03    -.14607E+03     .17512E+02         .000      .000
   5.530    -.10888E+01     .77642E-01     .77182E+03    -.15541E+03     .12360E+02         .000      .000
   5.540    -.99130E+00     .12260E+00     .83349E+03    -.16599E+03     .71263E+01         .000      .000
   5.550    -.94654E+00     .16085E+00     .94338E+03    -.18785E+03     .18043E+01         .000      .000
   5.560    -.95572E+00     .19072E+00     .11075E+04    -.21936E+03    -.36683E+01         .000      .000
   5.570    -.10205E+01     .20891E+00     .13130E+04    -.25779E+03    -.93243E+01         .000      .000
   5.580    -.11427E+01     .21072E+00     .15244E+04    -.29434E+03    -.15135E+02         .000      .000
   5.590    -.13227E+01     .19116E+00     .16899E+04    -.32015E+03    -.20800E+02         .000      .000
   5.600    -.15564E+01     .14631E+00     .17807E+04    -.33053E+03    -.25757E+02         .000      .000
   5.610    -.18344E+01     .73535E-01     .17639E+04    -.31921E+03    -.29672E+02         .000      .000
   5.620    -.21458E+01    -.27647E-01     .16215E+04    -.28430E+03    -.32373E+02         .000      .000
   5.630    -.24777E+01    -.15544E+00     .13512E+04    -.22532E+03    -.33820E+02         .000      .000
   5.640    -.28193E+01    -.30590E+00     .94295E+03    -.13994E+03    -.34423E+02         .000      .000
   5.650    -.31634E+01    -.47229E+00     .39797E+03    -.29607E+02    -.34218E+02         .000      .000
   5.660    -.34993E+01    -.64457E+00    -.26849E+03     .10205E+03    -.32680E+02         .000      .000
   5.670    -.38121E+01    -.80844E+00    -.96494E+03     .22871E+03    -.29672E+02         .000      .000
   5.680    -.40895E+01    -.94863E+00    -.14829E+04     .31141E+03    -.25706E+02         .000      .000
   5.690    -.43251E+01    -.10562E+01    -.17450E+04     .34485E+03    -.21413E+02         .000      .000
   5.700    -.45184E+01    -.11294E+01    -.17461E+04     .32932E+03    -.17325E+02         .000      .000
   5.710    -.46739E+01    -.11734E+01    -.15912E+04     .29568E+03    -.13918E+02         .000      .000
   5.720    -.47990E+01    -.11956E+01    -.14715E+04     .27534E+03    -.11181E+02         .000      .000
   5.730    -.48986E+01    -.11989E+01    -.13793E+04     .25594E+03    -.87570E+01         .000      .000
   5.740    -.49746E+01    -.11849E+01    -.12901E+04     .24055E+03    -.64417E+01         .000      .000
   5.750    -.50268E+01    -.11541E+01    -.12624E+04     .23579E+03    -.39656E+01         .000      .000
   5.760    -.50529E+01    -.11021E+01    -.11338E+04     .19693E+03    -.12156E+01         .000      .000
   5.770    -.50521E+01    -.10280E+01    -.68699E+03     .92181E+02     .12431E+01         .000      .000
   5.780    -.50317E+01    -.94305E+00     .56962E+01    -.46898E+02     .26277E+01         .000      .000
   5.790    -.50038E+01    -.86620E+00     .67462E+03    -.16546E+03     .27573E+01         .000      .000
   5.800    -.49790E+01    -.81432E+00     .10746E+04    -.22102E+03     .21664E+01         .000      .000
   5.810    -.49602E+01    -.79509E+00     .10690E+04    -.19713E+03     .16490E+01         .000      .000
   5.820    -.49433E+01    -.80342E+00     .74663E+03    -.12474E+03     .19166E+01         .000      .000
   5.830    -.49183E+01    -.82653E+00     .35754E+03    -.53797E+02     .32644E+01         .000      .000
   5.840    -.48756E+01    -.85332E+00     .75789E+02    -.89005E+01     .53313E+01         .000      .000
   5.850    -.48111E+01    -.87862E+00    -.66414E+02     .10237E+02     .75696E+01         .000      .000
   5.860    -.47249E+01    -.90272E+00    -.12895E+03     .20161E+02     .96012E+01         .000      .000
   5.870    -.46198E+01    -.92852E+00    -.25159E+03     .50158E+02     .11405E+02         .000      .000
   5.880    -.44973E+01    -.95585E+00    -.54897E+03     .11663E+03     .13076E+02         .000      .000
   5.890    -.43589E+01    -.97714E+00    -.98300E+03     .20119E+03     .14571E+02         .000      .000
   5.900    -.42058E+01    -.97943E+00    -.13206E+04     .25220E+03     .16066E+02         .000      .000
   5.910    -.40376E+01    -.95427E+00    -.13738E+04     .24591E+03     .17555E+02         .000      .000
   5.920    -.38558E+01    -.90304E+00    -.12129E+04     .20747E+03     .18727E+02         .000      .000
   5.930    -.36643E+01    -.83145E+00    -.97102E+03     .15849E+03     .19511E+02         .000      .000
   5.940    -.34662E+01    -.74473E+00    -.67873E+03     .99857E+02     .20093E+02         .000      .000
   5.950    -.32629E+01    -.64833E+00    -.33948E+03     .33494E+02     .20532E+02         .000      .000
   5.960    -.30561E+01    -.54856E+00     .14935E+02    -.33742E+02     .20814E+02         .000      .000
   5.970    -.28467E+01    -.45182E+00     .35443E+03    -.96618E+02     .21095E+02         .000      .000
   5.980    -.26344E+01    -.36422E+00     .64819E+03    -.14886E+03     .21331E+02         .000      .000
   5.990    -.24206E+01    -.29102E+00     .86213E+03    -.18411E+03     .21413E+02         .000      .000
   6.000    -.22059E+01    -.23596E+00     .96530E+03    -.19655E+03     .21568E+02         .000      .000
   6.010    -.19882E+01    -.20056E+00     .92799E+03    -.18118E+03     .22026E+02         .000      .000
   6.020    -.17642E+01    -.18309E+00     .74940E+03    -.14036E+03     .22822E+02         .000      .000
   6.030    -.15306E+01    -.17871E+00     .46596E+03    -.81903E+02     .23960E+02         .000      .000
   6.040    -.12833E+01    -.18041E+00     .11679E+03    -.14241E+02     .25605E+02         .000      .000
   6.050    -.10163E+01    -.17928E+00    -.19364E+03     .37517E+02     .27909E+02         .000      .000
   6.060    -.72396E+00    -.16852E+00    -.33534E+03     .52919E+02     .30565E+02         .000      .000
   6.070    -.40618E+00    -.14807E+00    -.33040E+03     .46523E+02     .32866E+02         .000      .000
   6.080    -.69224E-01    -.12230E+00    -.31865E+03     .47069E+02     .34402E+02         .000      .000
   6.090     .28062E+00    -.94303E-01    -.40488E+03     .69846E+02     .35570E+02         .000      .000
   6.100     .64277E+00    -.62761E-01    -.60380E+03     .11245E+03     .36913E+02         .000      .000
   6.110     .10199E+01    -.22204E-01    -.84878E+03     .15831E+03     .38561E+02         .000      .000
   6.120     .14149E+01     .34301E-01    -.10335E+04     .18701E+03     .40480E+02         .000      .000
   6.130     .18301E+01     .11160E+00    -.10852E+04     .18816E+03     .42568E+02         .000      .000
   6.140     .22664E+01     .21080E+00    -.99270E+03     .16240E+03     .44694E+02         .000      .000
   6.150     .27236E+01     .32970E+00    -.77421E+03     .11408E+03     .46710E+02         .000      .000
   6.160     .32006E+01     .46342E+00    -.46151E+03     .50165E+02     .48724E+02         .000      .000
   6.170     .36981E+01     .60514E+00    -.10835E+03    -.17862E+02     .50748E+02         .000      .000
   6.180     .42144E+01     .74745E+00     .21980E+03    -.77571E+02     .52438E+02         .000      .000
   6.190     .47457E+01     .88403E+00     .47096E+03    -.12004E+03     .53799E+02         .000      .000
   6.200     .52899E+01     .10107E+01     .60836E+03    -.13926E+03     .55025E+02         .000      .000
   6.210     .58461E+01     .11264E+01     .62504E+03    -.13650E+03     .56204E+02         .000      .000
   6.220     .64141E+01     .12332E+01     .56485E+03    -.12261E+03     .57410E+02         .000      .000
   6.230     .69945E+01     .13344E+01     .48980E+03    -.10886E+03     .58667E+02         .000      .000
   6.240     .75871E+01     .14326E+01     .43661E+03    -.10060E+03     .59827E+02         .000      .000
   6.250     .81900E+01     .15291E+01     .42499E+03    -.10078E+03     .60688E+02         .000      .000
   6.260     .87997E+01     .16228E+01     .43376E+03    -.10122E+03     .61190E+02         .000      .000
   6.270     .94132E+01     .17115E+01     .37202E+03    -.82751E+02     .61503E+02         .000      .000
   6.280     .10029E+02     .17959E+01     .18609E+03    -.40832E+02     .61710E+02         .000      .000
   6.290     .10647E+02     .18813E+01    -.62865E+02     .75145E+01     .61791E+02         .000      .000
   6.300     .11265E+02     .19744E+01    -.27632E+03     .44933E+02     .61833E+02         .000      .000
   6.310     .11883E+02     .20803E+01    -.41115E+03     .66237E+02     .61715E+02         .000      .000
   6.320     .12498E+02     .22025E+01    -.44028E+03     .65583E+02     .61120E+02         .000      .000
   6.330     .13103E+02     .23421E+01    -.33229E+03     .38683E+02     .59731E+02         .000      .000
   6.340     .13689E+02     .24969E+01    -.10909E+03    -.76351E+01     .57303E+02         .000      .000
   6.350     .14245E+02     .26628E+01     .20722E+03    -.70655E+02     .53634E+02         .000      .000
   6.360     .14756E+02     .28340E+01     .59118E+03    -.14278E+03     .48414E+02         .000      .000
   6.370     .15207E+02     .30033E+01     .96491E+03    -.20826E+03     .41450E+02         .000      .000
   6.380     .15580E+02     .31656E+01     .13318E+04    -.27568E+03     .32775E+02         .000      .000
   6.390     .15858E+02     .33155E+01     .17257E+04    -.34561E+03     .22609E+02         .000      .000
   6.400     .16029E+02     .34450E+01     .20197E+04    -.38527E+03     .11660E+02         .000      .000
   6.410     .16090E+02     .35513E+01     .21524E+04    -.40382E+03     .44564E+00         .000      .000
   6.420     .16037E+02     .36384E+01     .24398E+04    -.46625E+03    -.11228E+02         .000      .000
   6.430     .15864E+02     .36998E+01     .28185E+04    -.53104E+03    -.23411E+02         .000      .000
   6.440     .15567E+02     .37256E+01     .31468E+04    -.58539E+03    -.36076E+02         .000      .000
   6.450     .15141E+02     .37074E+01     .33882E+04    -.61782E+03    -.49027E+02         .000      .000
   6.460     .14588E+02     .36396E+01     .34285E+04    -.60784E+03    -.61440E+02         .000      .000
   6.470     .13916E+02     .35236E+01     .32569E+04    -.56035E+03    -.72679E+02         .000      .000
   6.480     .13139E+02     .33666E+01     .29679E+04    -.50049E+03    -.82647E+02         .000      .000
   6.490     .12268E+02     .31771E+01     .27351E+04    -.45857E+03    -.91376E+02         .000      .000
   6.500     .11316E+02     .29589E+01     .25913E+04    -.43285E+03    -.98789E+02         .000      .000
   6.510     .10295E+02     .27113E+01     .24825E+04    -.40988E+03    -.10516E+03         .000      .000
   6.520     .92149E+01     .24317E+01     .23080E+04    -.36886E+03    -.11080E+03         .000      .000
   6.530     .80836E+01     .21190E+01     .19787E+04    -.29534E+03    -.11516E+03         .000      .000
   6.540     .69174E+01     .17760E+01     .14535E+04    -.18436E+03    -.11782E+03         .000      .000
   6.550     .57323E+01     .14104E+01     .74593E+03    -.41669E+02    -.11895E+03         .000      .000
   6.560     .45440E+01     .10350E+01    -.12028E+03     .12817E+03    -.11839E+03         .000      .000
   6.570     .33697E+01     .67158E+00    -.84402E+03     .24088E+03    -.11630E+03         .000      .000
   6.580     .22197E+01     .33554E+00    -.10927E+04     .26190E+03    -.11368E+03         .000      .000
   6.590     .10955E+01     .24022E-01    -.10788E+04     .25167E+03    -.11121E+03         .000      .000
   6.600    -.48739E-02    -.27135E+00    -.10934E+04     .25832E+03    -.10885E+03         .000      .000
   6.610    -.10810E+01    -.55426E+00    -.11958E+04     .27697E+03    -.10633E+03         .000      .000
   6.620    -.21304E+01    -.82673E+00    -.13896E+04     .32580E+03    -.10344E+03         .000      .000
   6.630    -.31460E+01    -.10859E+01    -.19455E+04     .44606E+03    -.99436E+02         .000      .000
   6.640    -.41138E+01    -.13118E+01    -.24236E+04     .50672E+03    -.93910E+02         .000      .000
   6.650    -.50219E+01    -.14910E+01    -.22756E+04     .44280E+03    -.87686E+02         .000      .000
   6.660    -.58678E+01    -.16356E+01    -.18093E+04     .34801E+03    -.81487E+02         .000      .000
   6.670    -.66511E+01    -.17640E+01    -.14903E+04     .29940E+03    -.75103E+02         .000      .000
   6.680    -.73680E+01    -.18846E+01    -.14765E+04     .30906E+03    -.68195E+02         .000      .000
   6.690    -.80128E+01    -.19934E+01    -.16259E+04     .33446E+03    -.60641E+02         .000      .000
   6.700    -.85786E+01    -.20824E+01    -.16685E+04     .32897E+03    -.52416E+02         .000      .000
   6.710    -.90602E+01    -.21504E+01    -.15521E+04     .29603E+03    -.43914E+02         .000      .000
   6.720    -.94581E+01    -.22020E+01    -.13695E+04     .25716E+03    -.35778E+02         .000      .000
   6.730    -.97776E+01    -.22433E+01    -.12467E+04     .23700E+03    -.28176E+02         .000      .000
   6.740    -.10023E+02    -.22772E+01    -.12701E+04     .24611E+03    -.20831E+02         .000      .000
   6.750    -.10194E+02    -.23009E+01    -.13749E+04     .26314E+03    -.13510E+02         .000      .000
   6.760    -.10293E+02    -.23095E+01    -.14188E+04     .26257E+03    -.62418E+01         .000      .000
   6.770    -.10320E+02    -.23016E+01    -.13654E+04     .24536E+03     .81211E+00         .000      .000
   6.780    -.10278E+02    -.22792E+01    -.12746E+04     .22480E+03     .76062E+01         .000      .000
   6.790    -.10168E+02    -.22447E+01    -.11879E+04     .20597E+03     .14215E+02         .000      .000
   6.800    -.99937E+01    -.21995E+01    -.11014E+04     .18650E+03     .20669E+02         .000      .000
   6.810    -.97556E+01    -.21454E+01    -.10089E+04     .16672E+03     .26910E+02         .000      .000
   6.820    -.94563E+01    -.20849E+01    -.95484E+03     .15841E+03     .32921E+02         .000      .000
   6.830    -.90977E+01    -.20196E+01    -.10088E+04     .17338E+03     .38796E+02         .000      .000
   6.840    -.86804E+01    -.19469E+01    -.11669E+04     .20529E+03     .44672E+02         .000      .000
   6.850    -.82040E+01    -.18609E+01    -.13484E+04     .23634E+03     .50620E+02         .000      .000
   6.860    -.76680E+01    -.17551E+01    -.14549E+04     .24771E+03     .56548E+02         .000      .000
   6.870    -.70747E+01    -.16254E+01    -.13973E+04     .22421E+03     .61964E+02         .000      .000
   6.880    -.64335E+01    -.14728E+01    -.11475E+04     .16586E+03     .65945E+02         .000      .000
   6.890    -.57618E+01    -.13041E+01    -.78095E+03     .93373E+02     .68143E+02         .000      .000
   6.900    -.50749E+01    -.11290E+01    -.46174E+03     .39924E+02     .69071E+02         .000      .000
   6.910    -.43830E+01    -.95352E+00    -.29912E+03     .18023E+02     .69209E+02         .000      .000
   6.920    -.36927E+01    -.77715E+00    -.22254E+03     .47544E+01     .68761E+02         .000      .000
   6.930    -.30097E+01    -.59724E+00    -.91161E+02    -.24130E+02     .67723E+02         .000      .000
   6.940    -.23407E+01    -.41479E+00     .12260E+03    -.66391E+02     .65932E+02         .000      .000
   6.950    -.16941E+01    -.23457E+00     .32810E+03    -.99580E+02     .63253E+02         .000      .000
   6.960    -.10782E+01    -.59960E-01     .43510E+03    -.11275E+03     .59809E+02         .000      .000
   6.970    -.49965E+00     .11047E+00     .51716E+03    -.12848E+03     .55825E+02         .000      .000
   6.980     .36633E-01     .27956E+00     .72915E+03    -.17894E+03     .51332E+02         .000      .000
   6.990     .52435E+00     .44427E+00     .11785E+04    -.27043E+03     .46065E+02         .000      .000
   7.000     .95518E+00     .59211E+00     .16109E+04    -.34041E+03     .39990E+02         .000      .000
   7.010     .13238E+01     .71392E+00     .18474E+04    -.37295E+03     .33818E+02         .000      .000
   7.020     .16342E+01     .80812E+00     .19842E+04    -.39411E+03     .28443E+02         .000      .000
   7.030     .18958E+01     .87364E+00     .20744E+04    -.40457E+03     .24002E+02         .000      .000
   7.040     .21155E+01     .90918E+00     .20708E+04    -.39802E+03     .19922E+02         .000      .000
   7.050     .22940E+01     .91506E+00     .20304E+04    -.38615E+03     .15771E+02         .000      .000
   7.060     .24304E+01     .88921E+00     .18478E+04    -.33520E+03     .11474E+02         .000      .000
   7.070     .25231E+01     .83355E+00     .13489E+04    -.22099E+03     .70591E+01         .000      .000
   7.080     .25731E+01     .76181E+00     .66643E+03    -.88464E+02     .31002E+01         .000      .000
   7.090     .25882E+01     .69262E+00     .13248E+03    -.94262E+00     .41416E-01         .000      .000
   7.100     .25755E+01     .63688E+00    -.95161E+02     .27060E+02    -.25486E+01         .000      .000
   7.110     .25368E+01     .59507E+00    -.92451E+02     .18576E+02    -.52444E+01         .000      .000
   7.120     .24698E+01     .56224E+00     .47252E+01    -.77731E+00    -.81856E+01         .000      .000
   7.130     .23727E+01     .53289E+00     .92003E+02    -.13756E+02    -.11242E+02         .000      .000
   7.140     .22450E+01     .50363E+00     .11974E+03    -.14277E+02    -.14284E+02         .000      .000
   7.150     .20875E+01     .47384E+00     .89750E+02    -.47332E+01    -.17183E+02         .000      .000
   7.160     .19023E+01     .44507E+00     .22613E+02     .10166E+02    -.19792E+02         .000      .000
   7.170     .16927E+01     .42079E+00    -.20693E+02     .14693E+02    -.22107E+02         .000      .000
   7.180     .14600E+01     .40419E+00     .91237E+02    -.17740E+02    -.24471E+02         .000      .000
   7.190     .12012E+01     .39230E+00     .40645E+03    -.84431E+02    -.27426E+02         .000      .000
   7.200     .90880E+00     .37465E+00     .72722E+03    -.13699E+03    -.31177E+02         .000      .000
   7.210     .57599E+00     .34272E+00     .85351E+03    -.14769E+03    -.35440E+02         .000      .000
   7.220     .19957E+00     .29638E+00     .82978E+03    -.13738E+03    -.39840E+02         .000      .000
   7.230    -.22054E+00     .23952E+00     .79718E+03    -.13166E+03    -.44162E+02         .000      .000
   7.240    -.68338E+00     .17444E+00     .81329E+03    -.13590E+03    -.48398E+02         .000      .000
   7.250    -.11874E+01     .10104E+00     .86838E+03    -.14671E+03    -.52297E+02         .000      .000
   7.260    -.17265E+01     .18016E-01     .94495E+03    -.16123E+03    -.55347E+02         .000      .000
   7.270    -.22911E+01    -.76509E-01     .10357E+04    -.17895E+03    -.57437E+02         .000      .000
   7.280    -.28724E+01    -.18520E+00     .11399E+04    -.19903E+03    -.58678E+02         .000      .000
   7.290    -.34618E+01    -.31231E+00     .12141E+04    -.20907E+03    -.59039E+02         .000      .000
   7.300    -.40498E+01    -.46229E+00     .11388E+04    -.18390E+03    -.58381E+02         .000      .000
   7.310    -.46258E+01    -.63454E+00     .84202E+03    -.11844E+03    -.56655E+02         .000      .000
   7.320    -.51794E+01    -.82135E+00     .47101E+03    -.51658E+02    -.53898E+02         .000      .000
   7.330    -.57009E+01    -.10162E+01     .15320E+03     .62172E+01    -.50259E+02         .000      .000
   7.340    -.61814E+01    -.12169E+01    -.22218E+03     .79383E+02    -.45673E+02         .000      .000
   7.350    -.66104E+01    -.14214E+01    -.73856E+03     .18978E+03    -.39880E+02         .000      .000
   7.360    -.69732E+01    -.16226E+01    -.16146E+04     .37062E+03    -.32340E+02         .000      .000
   7.370    -.72507E+01    -.17968E+01    -.25558E+04     .53293E+03    -.22893E+02         .000      .000
   7.380    -.74278E+01    -.19181E+01    -.29916E+04     .56960E+03    -.12505E+02         .000      .000
   7.390    -.75055E+01    -.19806E+01    -.27026E+04     .48101E+03    -.34975E+01         .000      .000
   7.400    -.75089E+01    -.20031E+01    -.22100E+04     .38838E+03     .21885E+01         .000      .000
   7.410    -.74729E+01    -.20046E+01    -.19414E+04     .35429E+03     .45389E+01         .000      .000
   7.420    -.74230E+01    -.19918E+01    -.20124E+04     .38547E+03     .54179E+01         .000      .000
   7.430    -.73628E+01    -.19586E+01    -.23487E+04     .45868E+03     .68016E+01         .000      .000
   7.440    -.72847E+01    -.18877E+01    -.26433E+04     .49761E+03     .88348E+01         .000      .000
   7.450    -.71874E+01    -.17625E+01    -.23780E+04     .40447E+03     .10466E+02         .000      .000
   7.460    -.70811E+01    -.15876E+01    -.13706E+04     .18033E+03     .10416E+02         .000      .000
   7.470    -.69872E+01    -.13924E+01    -.11049E+03    -.53296E+02     .79692E+01         .000      .000
   7.480    -.69285E+01    -.12077E+01     .86045E+03    -.21352E+03     .35104E+01         .000      .000
   7.490    -.69208E+01    -.10513E+01     .14255E+04    -.29828E+03    -.21128E+01         .000      .000
   7.500    -.69723E+01    -.92790E+00     .17237E+04    -.34106E+03    -.82087E+01         .000      .000
   7.510    -.70854E+01    -.83557E+00     .19004E+04    -.37316E+03    -.14456E+02         .000      .000
   7.520    -.72617E+01    -.77154E+00     .22563E+04    -.44871E+03    -.20797E+02         .000      .000
   7.530    -.75016E+01    -.74619E+00     .25617E+04    -.48671E+03    -.27170E+02         .000      .000
   7.540    -.78039E+01    -.76700E+00     .24676E+04    -.44724E+03    -.33208E+02         .000      .000
   7.550    -.81637E+01    -.82548E+00     .22599E+04    -.41129E+03    -.38639E+02         .000      .000
   7.560    -.85754E+01    -.91509E+00     .21929E+04    -.40002E+03    -.43651E+02         .000      .000
   7.570    -.90344E+01    -.10387E+01     .20063E+04    -.34934E+03    -.47964E+02         .000      .000
   7.580    -.95303E+01    -.11926E+01     .16198E+04    -.27040E+03    -.50981E+02         .000      .000
   7.590    -.10051E+02    -.13666E+01     .13099E+04    -.22268E+03    -.52995E+02         .000      .000
   7.600    -.10589E+02    -.15575E+01     .12052E+04    -.20900E+03    -.54722E+02         .000      .000
   7.610    -.11144E+02    -.17731E+01     .96486E+03    -.14207E+03    -.56195E+02         .000      .000
   7.620    -.11710E+02    -.20141E+01     .27318E+03     .11002E+02    -.56678E+02         .000      .000
   7.630    -.12273E+02    -.22640E+01    -.60247E+03     .17581E+03    -.55714E+02         .000      .000
   7.640    -.12819E+02    -.25049E+01    -.14742E+04     .34475E+03    -.53285E+02         .000      .000
   7.650    -.13333E+02    -.27192E+01    -.23849E+04     .50845E+03    -.49149E+02         .000      .000
   7.660    -.13798E+02    -.28844E+01    -.29210E+04     .57645E+03    -.43717E+02         .000      .000
   7.670    -.14206E+02    -.29906E+01    -.28623E+04     .53180E+03    -.38007E+02         .000      .000
   7.680    -.14560E+02    -.30464E+01    -.23917E+04     .42494E+03    -.32809E+02         .000      .000
   7.690    -.14865E+02    -.30696E+01    -.18197E+04     .31648E+03    -.28358E+02         .000      .000
   7.700    -.15129E+02    -.30761E+01    -.13724E+04     .23806E+03    -.24441E+02         .000      .000
   7.710    -.15355E+02    -.30748E+01    -.10677E+04     .18552E+03    -.20782E+02         .000      .000
   7.720    -.15544E+02    -.30704E+01    -.89205E+03     .15796E+03    -.17156E+02         .000      .000
   7.730    -.15698E+02    -.30639E+01    -.83802E+03     .15096E+03    -.13434E+02         .000      .000
   7.740    -.15813E+02    -.30526E+01    -.80754E+03     .14121E+03    -.95367E+01         .000      .000
   7.750    -.15888E+02    -.30344E+01    -.69034E+03     .11064E+03    -.54240E+01         .000      .000
   7.760    -.15922E+02    -.30109E+01    -.45172E+03     .57406E+02    -.14779E+01         .000      .000
   7.770    -.15919E+02    -.29891E+01    -.16357E+03     .31246E+01     .18594E+01         .000      .000
   7.780    -.15886E+02    -.29779E+01    -.12321E+02    -.14761E+02     .47521E+01         .000      .000
   7.790    -.15824E+02    -.29809E+01    -.94835E+02     .11710E+02     .76436E+01         .000      .000
   7.800    -.15732E+02    -.29945E+01    -.33726E+03     .62310E+02     .10885E+02         .000      .000
   7.810    -.15605E+02    -.30118E+01    -.64647E+03     .12194E+03     .14655E+02         .000      .000
   7.820    -.15437E+02    -.30259E+01    -.98383E+03     .18518E+03     .18997E+02         .000      .000
   7.830    -.15223E+02    -.30293E+01    -.13114E+04     .24343E+03     .23883E+02         .000      .000
   7.840    -.14958E+02    -.30151E+01    -.15689E+04     .28493E+03     .29263E+02         .000      .000
   7.850    -.14636E+02    -.29782E+01    -.17185E+04     .30508E+03     .35034E+02         .000      .000
   7.860    -.14256E+02    -.29168E+01    -.17745E+04     .30968E+03     .41055E+02         .000      .000
   7.870    -.13815E+02    -.28301E+01    -.17827E+04     .30612E+03     .47145E+02         .000      .000
   7.880    -.13314E+02    -.27166E+01    -.16765E+04     .27352E+03     .53076E+02         .000      .000
   7.890    -.12755E+02    -.25781E+01    -.13669E+04     .20302E+03     .58488E+02         .000      .000
   7.900    -.12147E+02    -.24233E+01    -.97930E+03     .12921E+03     .63077E+02         .000      .000
   7.910    -.11496E+02    -.22620E+01    -.69001E+03     .81114E+02     .66885E+02         .000      .000
   7.920    -.10811E+02    -.20991E+01    -.54358E+03     .59416E+02     .70192E+02         .000      .000
   7.930    -.10094E+02    -.19342E+01    -.48494E+03     .50408E+02     .73011E+02         .000      .000
   7.940    -.93529E+01    -.17652E+01    -.43676E+03     .39884E+02     .75073E+02         .000      .000
   7.950    -.85985E+01    -.15904E+01    -.35031E+03     .21322E+02     .75366E+02         .000      .000
   7.960    -.78532E+01    -.14097E+01    -.20173E+03    -.97241E+01     .73364E+02         .000      .000
   7.970    -.71360E+01    -.12253E+01     .19620E+02    -.51901E+02     .69921E+02         .000      .000
   7.980    -.64583E+01    -.10425E+01     .18000E+03    -.70492E+02     .65434E+02         .000      .000
   7.990    -.58309E+01    -.86237E+00     .18119E+03    -.63657E+02     .59866E+02         .000      .000
   8.000    -.52652E+01    -.67770E+00     .28840E+03    -.95830E+02     .53011E+02         .000      .000
   8.010    -.47755E+01    -.48637E+00     .74053E+03    -.19558E+03     .44701E+02         .000      .000
   8.020    -.43757E+01    -.29950E+00     .13638E+04    -.31073E+03     .35070E+02         .000      .000
   8.030    -.40792E+01    -.13073E+00     .19541E+04    -.41631E+03     .23901E+02         .000      .000
   8.040    -.39036E+01     .81520E-02     .24902E+04    -.50470E+03     .10977E+02         .000      .000
   8.050    -.38632E+01     .10629E+00     .28108E+04    -.54441E+03    -.29790E+01         .000      .000
   8.060    -.39635E+01     .15959E+00     .28736E+04    -.54068E+03    -.17060E+02         .000      .000
   8.070    -.42022E+01     .17072E+00     .28910E+04    -.53952E+03    -.30508E+02         .000      .000
   8.080    -.45695E+01     .14041E+00     .28825E+04    -.52700E+03    -.42690E+02         .000      .000
   8.090    -.50524E+01     .69757E-01     .27390E+04    -.48951E+03    -.53790E+02         .000      .000
   8.100    -.56437E+01    -.35120E-01     .26072E+04    -.46836E+03    -.64418E+02         .000      .000
   8.110    -.63413E+01    -.17359E+00     .31437E+04    -.63953E+03    -.75335E+02         .000      .000
   8.120    -.71569E+01    -.40452E+00     .38471E+04    -.63142E+03    -.87777E+02         .000      .000
   8.130    -.80787E+01    -.74525E+00     .64932E+03     .80118E+02    -.95277E+02         .000      .000
