


 TIME HISTORY FOR STORY NO.  1



    TIME   DISPLACEMENT    STORY DRIFT    STORY SHEAR   ACCELERATION     VELOCITY          DAMAGE    DAMAGE
                                                                                          BEAM-SLAB  COL-WALL

    .000     .00000E+00     .00000E+00     .00000E+00     .00000E+00     .00000E+00         .000      .000
    .010    -.24407E-05    -.24407E-05    -.13869E+00     .36010E-01    -.39630E-03         .000      .000
    .020    -.71629E-05    -.71629E-05    -.34616E+00     .58187E-01    -.57491E-03         .000      .000
    .030    -.13402E-04    -.13402E-04    -.56563E+00     .68472E-01    -.60682E-03         .000      .000
    .040    -.19421E-04    -.19421E-04    -.71602E+00     .69598E-01    -.65347E-03         .000      .000
    .050    -.26003E-04    -.26003E-04    -.87069E+00     .69352E-01    -.58334E-03         .000      .000
    .060    -.30846E-04    -.30846E-04    -.90417E+00     .50541E-01    -.42339E-03         .000      .000
    .070    -.34448E-04    -.34448E-04    -.88622E+00     .32876E-01    -.26595E-03         .000      .000
    .080    -.36753E-04    -.36753E-04    -.82889E+00     .21567E-01    -.26554E-03         .000      .000
    .090    -.40132E-04    -.40132E-04    -.87414E+00     .33044E-01    -.38896E-03         .000      .000
    .100    -.45641E-04    -.45641E-04    -.10533E+01     .74354E-01    -.81914E-03         .000      .000
    .110    -.56064E-04    -.56064E-04    -.14712E+01     .13460E+00    -.11549E-02         .000      .000
    .120    -.67251E-04    -.67251E-04    -.18163E+01     .15032E+00    -.10437E-02         .000      .000
    .130    -.75453E-04    -.75453E-04    -.19166E+01     .11893E+00    -.50004E-03         .000      .000
    .140    -.77951E-04    -.77951E-04    -.17088E+01     .73002E-01    -.12382E-03         .000      .000
    .150    -.77518E-04    -.77518E-04    -.14085E+01     .26716E-01     .33193E-03         .000      .000
    .160    -.71220E-04    -.71220E-04    -.84161E+00    -.53786E-01     .84616E-03         .000      .000
    .170    -.62016E-04    -.62016E-04    -.24948E+00    -.10372E+00     .94278E-03         .000      .000
    .180    -.53248E-04    -.53248E-04     .18049E+00    -.11599E+00     .77617E-03         .000      .000
    .190    -.45811E-04    -.45811E-04     .44069E+00    -.11468E+00     .79268E-03         .000      .000
    .200    -.34660E-04    -.34660E-04     .84292E+00    -.16359E+00     .16014E-02         .000      .000
    .210    -.11720E-04    -.11720E-04     .17658E+01    -.28399E+00     .30395E-02         .000      .000
    .220     .24120E-04     .24120E-04     .31102E+01    -.38947E+00     .39297E-02         .000      .000
    .230     .62467E-04     .62467E-04     .42522E+01    -.38517E+00     .35167E-02         .000      .000
    .240     .87609E-04     .87609E-04     .45163E+01    -.20875E+00     .10996E-02         .000      .000
    .250     .86191E-04     .86191E-04     .35844E+01     .51091E-02    -.96279E-03         .000      .000
    .260     .69680E-04     .69680E-04     .24237E+01     .12241E+00    -.25295E-02         .000      .000
    .270     .33831E-04     .33831E-04     .67238E+00     .31428E+00    -.46298E-02         .000      .000
    .280    -.19131E-04    -.19131E-04    -.14650E+01     .46352E+00    -.56730E-02         .000      .000
    .290    -.76745E-04    -.76745E-04    -.32638E+01     .49309E+00    -.58246E-02         .000      .000
    .300    -.13256E-03    -.13256E-03    -.45349E+01     .40651E+00    -.51025E-02         .000      .000
    .310    -.17564E-03    -.17564E-03    -.49062E+01     .17063E+00    -.34138E-02         .000      .000
    .320    -.20555E-03    -.20555E-03    -.48228E+01     .12537E-01    -.29940E-02         .000      .000
    .330    -.24436E-03    -.24436E-03    -.58065E+01     .19259E+00    -.51761E-02         .000      .000
    .340    -.30797E-03    -.30797E-03    -.83814E+01     .54839E+00    -.71867E-02         .000      .000
    .350    -.38210E-03    -.38210E-03    -.11273E+02     .80467E+00    -.74178E-02         .000      .000
    .360    -.45946E-03    -.45946E-03    -.14111E+02     .11124E+01    -.84578E-02         .000      .000
    .370    -.54144E-03    -.54144E-03    -.16877E+02     .12999E+01    -.68673E-02         .000      .000
    .380    -.57820E-03    -.57820E-03    -.16634E+02     .85276E+00     .25458E-03         .000      .000
    .390    -.53014E-03    -.53014E-03    -.12070E+02    -.50235E-01     .93717E-02         .000      .000
    .400    -.39710E-03    -.39710E-03    -.43227E+01    -.10133E+01     .16732E-01         .000      .000
    .410    -.20948E-03    -.20948E-03     .43034E+01    -.16913E+01     .20023E-01         .000      .000
    .420    -.16283E-04    -.16283E-04     .11165E+02    -.17877E+01     .17560E-01         .000      .000
    .430     .12479E-03     .12479E-03     .13886E+02    -.12002E+01     .10001E-01         .000      .000
    .440     .16931E-03     .16931E-03     .11414E+02     .46068E-02    -.18450E-02         .000      .000
    .450     .95110E-04     .95110E-04     .41965E+01     .13770E+01    -.11920E-01         .000      .000
    .460    -.56554E-04    -.56554E-04    -.40933E+01     .23394E+01    -.18206E-01         .000      .000
    .470    -.27338E-03    -.27338E-03    -.12573E+02     .31377E+01    -.25680E-01         .000      .000
    .480    -.55754E-03    -.55754E-03    -.20997E+02     .34436E+01    -.29804E-01         .000      .000
    .490    -.84607E-03    -.84607E-03    -.25818E+02     .26448E+01    -.26942E-01         .000      .000
    .500    -.10922E-02    -.10922E-02    -.26386E+02     .12799E+01    -.22491E-01         .000      .000
    .510    -.13074E-02    -.13074E-02    -.25880E+02     .24581E+00    -.21215E-01         .000      .000
    .520    -.14924E-02    -.14924E-02    -.25700E+02    -.71972E+00    -.13264E-01         .000      .000
    .530    -.15211E-02    -.15211E-02    -.19945E+02    -.26259E+01     .10001E-01         .000      .000
    .540    -.12628E-02    -.12628E-02    -.44287E+01    -.51944E+01     .42429E-01         .000      .000
    .550    -.66895E-03    -.66895E-03     .20191E+02    -.76905E+01     .76138E-01         .000      .000
    .560     .23417E-03     .23417E-03     .50857E+02    -.94742E+01     .10247E+00         .000      .000
    .570     .13412E-02     .13412E-02     .82499E+02    -.10193E+02     .11702E+00         .000      .000
    .580     .25127E-02     .25127E-02     .11037E+03    -.96322E+01     .11340E+00         .000      .000
    .590     .35512E-02     .35512E-02     .12782E+03    -.75803E+01     .92200E-01         .000      .000
    .600     .43543E-02     .43543E-02     .13475E+03    -.53279E+01     .69581E-01         .000      .000
    .610     .49483E-02     .49483E-02     .13657E+03    -.37192E+01     .48780E-01         .000      .000
    .620     .53291E-02     .53291E-02     .13445E+03    -.25694E+01     .27591E-01         .000      .000
    .630     .54752E-02     .54752E-02     .12807E+03    -.16034E+01    -.61851E-03         .000      .000
    .640     .52848E-02     .52848E-02     .11245E+03    -.20277E+00    -.38468E-01         .000      .000
    .650     .46804E-02     .46804E-02     .84473E+02     .17146E+01    -.83738E-01         .000      .000
    .660     .35769E-02     .35769E-02     .39620E+02     .49781E+01    -.13855E+00         .000      .000
    .670     .18896E-02     .18896E-02    -.26614E+02     .10210E+02    -.19920E+00         .000      .000
    .680    -.35163E-03    -.35163E-03    -.11129E+03     .16169E+02    -.24423E+00         .000      .000
    .690    -.28660E-02    -.28660E-02    -.19826E+03     .20204E+02    -.25152E+00         .000      .000
    .700    -.52614E-02    -.52614E-02    -.26968E+03     .21221E+02    -.22262E+00         .000      .000
    .710    -.72278E-02    -.72278E-02    -.31574E+03     .19482E+02    -.16662E+00         .000      .000
    .720    -.84949E-02    -.84949E-02    -.32905E+03     .14539E+02    -.81515E-01         .000      .000
    .730    -.87908E-02    -.87908E-02    -.30290E+03     .65301E+01     .24258E-01         .000      .000
    .740    -.80713E-02    -.80713E-02    -.24466E+03    -.11869E+01     .11355E+00         .000      .000
    .750    -.66486E-02    -.66486E-02    -.17723E+03    -.50054E+01     .16492E+00         .000      .000
    .760    -.48282E-02    -.48282E-02    -.11382E+03    -.56641E+01     .19872E+00         .000      .000
    .770    -.26835E-02    -.26835E-02    -.50517E+02    -.54054E+01     .22941E+00         .000      .000
    .780    -.26556E-03    -.26556E-03     .16494E+02    -.48839E+01     .25231E+00         .000      .000
    .790     .23474E-02     .23474E-02     .89777E+02    -.52200E+01     .26988E+00         .000      .000
    .800     .51395E-02     .51395E-02     .17554E+03    -.83450E+01     .28896E+00         .000      .000
    .810     .80656E-02     .80656E-02     .27531E+03    -.14046E+02     .29069E+00         .000      .000
    .820     .10813E-01     .10813E-01     .37306E+03    -.19632E+02     .25122E+00         .000      .000
    .830     .12960E-01     .12960E-01     .44802E+03    -.23394E+02     .17319E+00         .000      .000
    .840     .14174E-01     .14174E-01     .48465E+03    -.24029E+02     .65233E-01         .000      .000
    .850     .14222E-01     .14222E-01     .47221E+03    -.20722E+02    -.55767E-01         .000      .000
    .860     .13048E-01     .13048E-01     .41006E+03    -.13571E+02    -.17978E+00         .000      .000
    .870     .10671E-01     .10671E-01     .30189E+03    -.34674E+01    -.29123E+00         .000      .000
    .880     .73427E-02     .73427E-02     .16506E+03     .63971E+01    -.36794E+00         .000      .000
    .890     .33958E-02     .33958E-02     .18031E+02     .14766E+02    -.41935E+00         .000      .000
    .900    -.96922E-03    -.96922E-03    -.13154E+03     .21549E+02    -.44893E+00         .000      .000
    .910    -.54842E-02    -.54842E-02    -.27303E+03     .25609E+02    -.44919E+00         .000      .000
    .920    -.98860E-02    -.98860E-02    -.39990E+03     .27808E+02    -.42869E+00         .000      .000
    .930    -.13954E-01    -.13954E-01    -.50951E+03     .28569E+02    -.37769E+00         .000      .000
    .940    -.17247E-01    -.17247E-01    -.58650E+03     .25800E+02    -.26997E+00         .000      .000
    .950    -.19105E-01    -.19105E-01    -.60679E+03     .17503E+02    -.88807E-01         .000      .000
    .960    -.18841E-01    -.18841E-01    -.54922E+03     .39272E+01     .14780E+00         .000      .000
    .970    -.16289E-01    -.16289E-01    -.42279E+03    -.81885E+01     .34712E+00         .000      .000
    .980    -.12257E-01    -.12257E-01    -.27807E+03    -.11090E+02     .44040E+00         .000      .000
    .990    -.77124E-02    -.77124E-02    -.14996E+03    -.72004E+01     .46166E+00         .000      .000
   1.000    -.31485E-02    -.31485E-02    -.37845E+02    -.20273E+01     .44486E+00         .000      .000
   1.010     .12009E-02     .12009E-02     .66484E+02     .66140E+00     .43042E+00         .000      .000
   1.020     .55991E-02     .55991E-02     .19013E+03    -.38557E+01     .45651E+00         .000      .000
   1.030     .10332E-01     .10332E-01     .34877E+03    -.14172E+02     .48501E+00         .000      .000
   1.040     .15115E-01     .15115E-01     .52266E+03    -.25348E+02     .45959E+00         .000      .000
   1.050     .19230E-01     .19230E-01     .67544E+03    -.33915E+02     .34748E+00         .000      .000
   1.060     .21802E-01     .21802E-01     .76645E+03    -.37391E+02     .15720E+00         .000      .000
   1.070     .22253E-01     .22253E-01     .77094E+03    -.34926E+02    -.69064E-01         .000      .000
   1.080     .20474E-01     .20474E-01     .68486E+03    -.26621E+02    -.27975E+00         .000      .000
   1.090     .16930E-01     .16930E-01     .53225E+03    -.16157E+02    -.41119E+00         .000      .000
   1.100     .12616E-01     .12616E-01     .36247E+03    -.89237E+01    -.43464E+00         .000      .000
   1.110     .84551E-02     .84551E-02     .21436E+03    -.59101E+01    -.39203E+00         .000      .000
   1.120     .48342E-02     .48342E-02     .95749E+02    -.52971E+01    -.33137E+00         .000      .000
   1.130     .17854E-02     .17854E-02    -.69687E+00    -.52860E+01    -.28233E+00         .000      .000
   1.140    -.87706E-03    -.87706E-03    -.91880E+02    -.34565E+01    -.25212E+00         .000      .000
   1.150    -.33812E-02    -.33812E-02    -.19496E+03     .35672E+01    -.25681E+00         .000      .000
   1.160    -.61180E-02    -.61180E-02    -.33157E+03     .18633E+02    -.29300E+00         .000      .000
   1.170    -.91803E-02    -.91803E-02    -.49629E+03     .37761E+02    -.31326E+00         .000      .000
   1.180    -.12304E-01    -.12304E-01    -.66093E+03     .56290E+02    -.31024E+00         .000      .000
   1.190    -.15195E-01    -.15195E-01    -.79759E+03     .68692E+02    -.25428E+00         .000      .000
   1.200    -.17185E-01    -.17185E-01    -.86226E+03     .68800E+02    -.13760E+00         .000      .000
   1.210    -.18033E-01    -.18033E-01    -.84973E+03     .61655E+02    -.43076E-01         .000      .000
   1.220    -.18262E-01    -.18262E-01    -.79867E+03     .54142E+02    -.12194E-01         .000      .000
   1.230    -.18346E-01    -.18346E-01    -.73455E+03     .45662E+02    -.36479E-02         .000      .000
   1.240    -.18336E-01    -.18336E-01    -.66064E+03     .35683E+02     .53927E-02         .000      .000
   1.250    -.18119E-01    -.18119E-01    -.57861E+03     .24838E+02     .48866E-01         .000      .000
   1.260    -.17134E-01    -.17134E-01    -.46797E+03     .11041E+02     .15944E+00         .000      .000
   1.270    -.14766E-01    -.14766E-01    -.30929E+03    -.51988E+01     .31995E+00         .000      .000
   1.280    -.10749E-01    -.10749E-01    -.99746E+02    -.21724E+02     .47753E+00         .000      .000
   1.290    -.54252E-02    -.54252E-02     .13948E+03    -.35501E+02     .57336E+00         .000      .000
   1.300     .44764E-03     .44764E-03     .37531E+03    -.45036E+02     .58835E+00         .000      .000
   1.310     .61230E-02     .61230E-02     .58201E+03    -.50621E+02     .53768E+00         .000      .000
   1.320     .11064E-01     .11064E-01     .74472E+03    -.52656E+02     .44568E+00         .000      .000
   1.330     .15048E-01     .15048E-01     .86347E+03    -.53387E+02     .35557E+00         .000      .000
   1.340     .18178E-01     .18178E-01     .95164E+03    -.54231E+02     .26725E+00         .000      .000
   1.350     .20402E-01     .20402E-01     .10101E+04    -.55252E+02     .18009E+00         .000      .000
   1.360     .21782E-01     .21782E-01     .10464E+04    -.58304E+02     .94053E-01         .000      .000
   1.370     .22150E-01     .22150E-01     .10489E+04    -.59849E+02    -.29482E-01         .000      .000
   1.380     .21000E-01     .21000E-01     .98645E+03    -.54832E+02    -.20915E+00         .000      .000
   1.390     .17660E-01     .17660E-01     .82273E+03    -.37381E+02    -.47725E+00         .000      .000
   1.400     .11180E-01     .11180E-01     .51511E+03    -.33920E+01    -.82788E+00         .000      .000
   1.410     .13707E-02     .13707E-02     .78428E+02     .35586E+02    -.11062E+01         .000      .000
   1.420    -.10202E-01    -.10202E-01    -.38218E+03     .60803E+02    -.11676E+01         .000      .000
   1.430    -.21308E-01    -.21308E-01    -.76148E+03     .67104E+02    -.10264E+01         .000      .000
   1.440    -.30410E-01    -.30410E-01    -.10181E+04     .61300E+02    -.78616E+00         .000      .000
   1.450    -.36930E-01    -.36930E-01    -.11599E+04     .49777E+02    -.51505E+00         .000      .000
   1.460    -.40772E-01    -.40772E-01    -.12063E+04     .36038E+02    -.26033E+00         .000      .000
   1.470    -.42152E-01    -.42152E-01    -.11852E+04     .22117E+02    -.11126E-01         .000      .000
   1.480    -.40964E-01    -.40964E-01    -.11036E+04     .91783E+01     .24926E+00         .000      .000
   1.490    -.37146E-01    -.37146E-01    -.97333E+03     .20042E+01     .51703E+00         .000      .000
   1.500    -.30609E-01    -.30609E-01    -.79233E+03     .60274E+00     .78880E+00         .000      .000
   1.510    -.21425E-01    -.21425E-01    -.54863E+03     .69668E+00     .10420E+01         .000      .000
   1.520    -.99565E-02    -.99565E-02    -.23250E+03    -.32134E+01     .12376E+01         .000      .000
   1.530     .28743E-02     .28743E-02     .13735E+03    -.10702E+02     .12995E+01         .000      .000
   1.540     .15452E-01     .15452E-01     .50258E+03    -.16986E+02     .11882E+01         .000      .000
   1.550     .26273E-01     .26273E-01     .81364E+03    -.22733E+02     .96549E+00         .000      .000
   1.560     .34449E-01     .34449E-01     .10472E+04    -.27243E+02     .65177E+00         .000      .000
   1.570     .38939E-01     .38939E-01     .11579E+04    -.23201E+02     .22964E+00         .000      .000
   1.580     .38937E-01     .38937E-01     .11158E+04    -.11267E+02    -.22634E+00         .000      .000
   1.590     .34580E-01     .34580E-01     .94223E+03     .20645E+01    -.63371E+00         .000      .000
   1.600     .26537E-01     .26537E-01     .67199E+03     .13935E+02    -.95975E+00         .000      .000
   1.610     .15807E-01     .15807E-01     .34426E+03     .21275E+02    -.11614E+01         .000      .000
   1.620     .38456E-02     .38456E-02     .11753E+02     .20553E+02    -.12031E+01         .000      .000
   1.630    -.78909E-02    -.78909E-02    -.28711E+03     .15134E+02    -.11324E+01         .000      .000
   1.640    -.18565E-01    -.18565E-01    -.55025E+03     .10835E+02    -.98993E+00         .000      .000
   1.650    -.27400E-01    -.27400E-01    -.76619E+03     .68754E+01    -.76144E+00         .000      .000
   1.660    -.33607E-01    -.33607E-01    -.91707E+03     .42200E+01    -.47513E+00         .000      .000
   1.670    -.36787E-01    -.36787E-01    -.10007E+04     .51822E+01    -.15471E+00         .000      .000
   1.680    -.36686E-01    -.36686E-01    -.10089E+04     .92628E+01     .17124E+00         .000      .000
   1.690    -.33426E-01    -.33426E-01    -.94081E+03     .15289E+02     .47664E+00         .000      .000
   1.700    -.27296E-01    -.27296E-01    -.79082E+03     .19366E+02     .73833E+00         .000      .000
   1.710    -.18958E-01    -.18958E-01    -.56825E+03     .20447E+02     .91070E+00         .000      .000
   1.720    -.94046E-02    -.94046E-02    -.29753E+03     .17669E+02     .98526E+00         .000      .000
   1.730     .40514E-03     .40514E-03    -.26119E+01     .10859E+02     .95832E+00         .000      .000
   1.740     .94040E-02     .94040E-02     .27962E+03     .30791E+01     .82498E+00         .000      .000
   1.750     .16738E-01     .16738E-01     .52087E+03    -.62915E+01     .63985E+00         .000      .000
   1.760     .22151E-01     .22151E-01     .71787E+03    -.18569E+02     .44048E+00         .000      .000
   1.770     .25484E-01     .25484E-01     .85833E+03    -.29907E+02     .22359E+00         .000      .000
   1.780     .26577E-01     .26577E-01     .92503E+03    -.36874E+02    -.61025E-02         .000      .000
   1.790     .25381E-01     .25381E-01     .90845E+03    -.38429E+02    -.22989E+00         .000      .000
   1.800     .22065E-01     .22065E-01     .81188E+03    -.35159E+02    -.42804E+00         .000      .000
   1.810     .17030E-01     .17030E-01     .65075E+03    -.29436E+02    -.56502E+00         .000      .000
   1.820     .11115E-01     .11115E-01     .46091E+03    -.25613E+02    -.59859E+00         .000      .000
   1.830     .53064E-02     .53064E-02     .27779E+03    -.23395E+02    -.55580E+00         .000      .000
   1.840     .10835E-03     .10835E-03     .10756E+03    -.19087E+02    -.47960E+00         .000      .000
   1.850    -.41992E-02    -.41992E-02    -.45051E+02    -.13368E+02    -.37817E+00         .000      .000
   1.860    -.74275E-02    -.74275E-02    -.17311E+03    -.71588E+01    -.26817E+00         .000      .000
   1.870    -.94304E-02    -.94304E-02    -.26920E+03    -.30721E+01    -.12123E+00         .000      .000
   1.880    -.97732E-02    -.97732E-02    -.31162E+03    -.25584E+01     .51340E-01         .000      .000
   1.890    -.84778E-02    -.84778E-02    -.30914E+03    -.74182E+00     .20284E+00         .000      .000
   1.900    -.59096E-02    -.59096E-02    -.27968E+03     .48922E+01     .29771E+00         .000      .000
   1.910    -.27778E-02    -.27778E-02    -.24732E+03     .14931E+02     .31594E+00         .000      .000
   1.920     .17060E-03     .17060E-03    -.22827E+03     .27216E+02     .26200E+00         .000      .000
   1.930     .23622E-02     .23622E-02    -.22835E+03     .38112E+02     .17579E+00         .000      .000
   1.940     .37341E-02     .37341E-02    -.23269E+03     .43392E+02     .10273E+00         .000      .000
   1.950     .45122E-02     .45122E-02    -.22450E+03     .42097E+02     .58041E-01         .000      .000
   1.960     .49833E-02     .49833E-02    -.19335E+03     .34737E+02     .39943E-01         .000      .000
   1.970     .52638E-02     .52638E-02    -.14320E+03     .24592E+02     .99126E-02         .000      .000
   1.980     .50623E-02     .50623E-02    -.10056E+03     .16193E+02    -.55057E-01         .000      .000
   1.990     .41278E-02     .41278E-02    -.84499E+02     .10339E+02    -.13069E+00         .000      .000
   2.000     .25057E-02     .25057E-02    -.98138E+02     .70671E+01    -.18896E+00         .000      .000
   2.010     .55280E-03     .55280E-03    -.13018E+03     .49824E+01    -.18753E+00         .000      .000
   2.020    -.91212E-03    -.91212E-03    -.14526E+03    -.15485E+00    -.87979E-01         .000      .000
   2.030    -.10220E-02    -.10220E-02    -.10990E+03    -.85653E+01     .68674E-01         .000      .000
   2.040     .36892E-03     .36892E-03    -.29539E+02    -.15409E+02     .19962E+00         .000      .000
   2.050     .27993E-02     .27993E-02     .70947E+02    -.19299E+02     .27855E+00         .000      .000
   2.060     .55521E-02     .55521E-02     .16312E+03    -.17167E+02     .24536E+00         .000      .000
   2.070     .75624E-02     .75624E-02     .20620E+03    -.96484E+01     .16350E+00         .000      .000
   2.080     .90054E-02     .90054E-02     .23294E+03    -.74479E+01     .13490E+00         .000      .000
   2.090     .10288E-01     .10288E-01     .26650E+03    -.80371E+01     .11773E+00         .000      .000
   2.100     .11330E-01     .11330E-01     .29648E+03    -.75175E+01     .90807E-01         .000      .000
   2.110     .12097E-01     .12097E-01     .32528E+03    -.84340E+01     .61138E-01         .000      .000
   2.120     .12495E-01     .12495E-01     .35248E+03    -.11510E+02     .14477E-01         .000      .000
   2.130     .12314E-01     .12314E-01     .36744E+03    -.15666E+02    -.53736E-01         .000      .000
   2.140     .11393E-01     .11393E-01     .35731E+03    -.18952E+02    -.12949E+00         .000      .000
   2.150     .97879E-02     .97879E-02     .31676E+03    -.19785E+02    -.18580E+00         .000      .000
   2.160     .78708E-02     .78708E-02     .25764E+03    -.19548E+02    -.18542E+00         .000      .000
   2.170     .61112E-02     .61112E-02     .19679E+03    -.17062E+02    -.17252E+00         .000      .000
   2.180     .43069E-02     .43069E-02     .11741E+03    -.82484E+01    -.19361E+00         .000      .000
   2.190     .24924E-02     .24924E-02     .31592E+02    -.22641E+01    -.14581E+00         .000      .000
   2.200     .17169E-02     .17169E-02     .24066E+01    -.80688E+01     .57559E-03         .000      .000
   2.210     .25587E-02     .25587E-02     .42667E+02    -.19159E+02     .16629E+00         .000      .000
   2.220     .49810E-02     .49810E-02     .13167E+03    -.29899E+02     .31455E+00         .000      .000
   2.230     .86252E-02     .86252E-02     .24274E+03    -.35938E+02     .39835E+00         .000      .000
   2.240     .12692E-01     .12692E-01     .33724E+03    -.34527E+02     .40467E+00         .000      .000
   2.250     .16561E-01     .16561E-01     .39928E+03    -.28616E+02     .36286E+00         .000      .000
   2.260     .19848E-01     .19848E-01     .42486E+03    -.19538E+02     .29082E+00         .000      .000
   2.270     .22395E-01     .22395E-01     .41852E+03    -.91124E+01     .22250E+00         .000      .000
   2.280     .24397E-01     .24397E-01     .40263E+03    -.13318E+01     .18247E+00         .000      .000
   2.290     .26115E-01     .26115E-01     .39887E+03     .11615E+01     .16286E+00         .000      .000
   2.300     .27621E-01     .27621E-01     .41342E+03    -.14832E+01     .13404E+00         .000      .000
   2.310     .28661E-01     .28661E-01     .42956E+03    -.58617E+01     .66347E-01         .000      .000
   2.320     .28787E-01     .28787E-01     .41804E+03    -.76073E+01    -.47976E-01         .000      .000
   2.330     .27607E-01     .27607E-01     .35351E+03    -.37952E+01    -.18992E+00         .000      .000
   2.340     .25000E-01     .25000E-01     .22776E+03     .60149E+01    -.32861E+00         .000      .000
   2.350     .21130E-01     .21130E-01     .49669E+02     .20556E+02    -.43933E+00         .000      .000
   2.360     .16296E-01     .16296E-01    -.16336E+03     .38530E+02    -.52519E+00         .000      .000
   2.370     .10736E-01     .10736E-01    -.39421E+03     .57301E+02    -.58017E+00         .000      .000
   2.380     .49028E-02     .49028E-02    -.61071E+03     .70586E+02    -.57477E+00         .000      .000
   2.390    -.58810E-03    -.58810E-03    -.77879E+03     .75164E+02    -.51785E+00         .000      .000
   2.400    -.53508E-02    -.53508E-02    -.88754E+03     .72492E+02    -.42978E+00         .000      .000
   2.410    -.90446E-02    -.90446E-02    -.93226E+03     .63068E+02    -.30053E+00         .000      .000
   2.420    -.11186E-01    -.11186E-01    -.90349E+03     .47041E+02    -.11861E+00         .000      .000
   2.430    -.11420E-01    -.11420E-01    -.80344E+03     .29257E+02     .65901E-01         .000      .000
   2.440    -.99175E-02    -.99175E-02    -.65893E+03     .14557E+02     .23506E+00         .000      .000
   2.450    -.66709E-02    -.66709E-02    -.47294E+03     .46886E+00     .41748E+00         .000      .000
   2.460    -.16115E-02    -.16115E-02    -.24189E+03    -.12905E+02     .58825E+00         .000      .000
   2.470     .49567E-02     .49567E-02     .20404E+02    -.23660E+02     .71786E+00         .000      .000
   2.480     .12628E-01     .12628E-01     .30433E+03    -.33739E+02     .81109E+00         .000      .000
   2.490     .20945E-01     .20945E-01     .60091E+03    -.43176E+02     .83613E+00         .000      .000
   2.500     .29060E-01     .29060E-01     .88070E+03    -.50060E+02     .77373E+00         .000      .000
   2.510     .36116E-01     .36116E-01     .11180E+04    -.54335E+02     .62100E+00         .000      .000
   2.520     .41269E-01     .41269E-01     .12864E+04    -.55871E+02     .40385E+00         .000      .000
   2.530     .44225E-01     .44225E-01     .13858E+04    -.58881E+02     .19414E+00         .000      .000
   2.540     .45276E-01     .45276E-01     .14355E+04    -.65407E+02     .22127E-01         .000      .000
   2.550     .44625E-01     .44625E-01     .14338E+04    -.69767E+02    -.15879E+00         .000      .000
   2.560     .41887E-01     .41887E-01     .13458E+04    -.63783E+02    -.40074E+00         .000      .000
   2.570     .36634E-01     .36634E-01     .11493E+04    -.49422E+02    -.63946E+00         .000      .000
   2.580     .29153E-01     .29153E-01     .86667E+03    -.30810E+02    -.85959E+00         .000      .000
   2.590     .19549E-01     .19549E-01     .50031E+03    -.64270E+01    -.10495E+01         .000      .000
   2.600     .86257E-02     .86257E-02     .93068E+02     .15078E+02    -.11054E+01         .000      .000
   2.610    -.21066E-02    -.21066E-02    -.28427E+03     .28840E+02    -.10248E+01         .000      .000
   2.620    -.11472E-01    -.11472E-01    -.59178E+03     .34939E+02    -.82710E+00         .000      .000
   2.630    -.18331E-01    -.18331E-01    -.78895E+03     .30604E+02    -.53387E+00         .000      .000
   2.640    -.22048E-01    -.22048E-01    -.86661E+03     .19438E+02    -.20831E+00         .000      .000
   2.650    -.22435E-01    -.22435E-01    -.83670E+03     .44471E+01     .13559E+00         .000      .000
   2.660    -.19405E-01    -.19405E-01    -.71098E+03    -.10743E+02     .46194E+00         .000      .000
   2.670    -.13444E-01    -.13444E-01    -.52689E+03    -.18711E+02     .71623E+00         .000      .000
   2.680    -.53432E-02    -.53432E-02    -.31959E+03    -.17682E+02     .89150E+00         .000      .000
   2.690     .41607E-02     .41607E-02    -.10249E+03    -.11161E+02     .99794E+00         .000      .000
   2.700     .14425E-01     .14425E-01     .12501E+03    -.43220E+01     .10454E+01         .000      .000
   2.710     .24900E-01     .24900E-01     .36840E+03    -.19753E+01     .10407E+01         .000      .000
   2.720     .35157E-01     .35157E-01     .63316E+03    -.84716E+01     .10094E+01         .000      .000
   2.730     .45033E-01     .45033E-01     .92646E+03    -.25954E+02     .96223E+00         .000      .000
   2.740     .54220E-01     .54220E-01     .12307E+04    -.49512E+02     .86339E+00         .000      .000
   2.750     .62019E-01     .62019E-01     .14982E+04    -.70936E+02     .68267E+00         .000      .000
   2.760     .67580E-01     .67580E-01     .16747E+04    -.83175E+02     .41658E+00         .000      .000
   2.770     .70256E-01     .70256E-01     .17224E+04    -.84098E+02     .12119E+00         .000      .000
   2.780     .70047E-01     .70047E-01     .16419E+04    -.74920E+02    -.16030E+00         .000      .000
   2.790     .67262E-01     .67262E-01     .14485E+04    -.57714E+02    -.38055E+00         .000      .000
   2.800     .62822E-01     .62822E-01     .11927E+04    -.39834E+02    -.48741E+00         .000      .000
   2.810     .57762E-01     .57762E-01     .92473E+03    -.23746E+02    -.51885E+00         .000      .000
   2.820     .52392E-01     .52392E-01     .65249E+03    -.54769E+01    -.56407E+00         .000      .000
   2.830     .46171E-01     .46171E-01     .34652E+03     .20254E+02    -.69966E+00         .000      .000
   2.840     .38127E-01     .38127E-01    -.31696E+02     .54600E+02    -.91783E+00         .000      .000
   2.850     .27505E-01     .27505E-01    -.50182E+03     .98342E+02    -.12256E+01         .000      .000
   2.860     .13495E-01     .13495E-01    -.10865E+04     .15174E+03    -.15725E+01         .000      .000
   2.870    -.32030E-02    -.32030E-02    -.17186E+04     .19425E+03    -.17099E+01         .000      .000
   2.880    -.19932E-01    -.19932E-01    -.22507E+04     .21195E+03    -.16130E+01         .000      .000
   2.890    -.35261E-01    -.35261E-01    -.26465E+04     .21748E+03    -.14511E+01         .000      .000
   2.900    -.48948E-01    -.48948E-01    -.29261E+04     .21702E+03    -.12874E+01         .000      .000
   2.910    -.61129E-01    -.61129E-01    -.31114E+04     .21254E+03    -.11583E+01         .000      .000
   2.920    -.72334E-01    -.72334E-01    -.32409E+04     .20917E+03    -.10935E+01         .000      .000
   2.930    -.83137E-01    -.83137E-01    -.33514E+04     .21032E+03    -.10695E+01         .000      .000
   2.940    -.93777E-01    -.93777E-01    -.34575E+04     .21813E+03    -.10600E+01         .000      .000
   2.950    -.10419E+00    -.10419E+00    -.35506E+04     .22961E+03    -.10093E+01         .000      .000
   2.960    -.11373E+00    -.11373E+00    -.35792E+04     .23501E+03    -.89265E+00         .000      .000
   2.970    -.12203E+00    -.12203E+00    -.35068E+04     .23001E+03    -.77314E+00         .000      .000
   2.980    -.12939E+00    -.12939E+00    -.33379E+04     .21460E+03    -.71046E+00         .000      .000
   2.990    -.13656E+00    -.13656E+00    -.31036E+04     .19150E+03    -.74200E+00         .000      .000
   3.000    -.14442E+00    -.14442E+00    -.28458E+04     .16273E+03    -.83182E+00         .000      .000
   3.010    -.15260E+00    -.15260E+00    -.23594E+04     .92653E+02    -.75118E+00         .000      .000
   3.020    -.15880E+00    -.15880E+00    -.18090E+04     .19134E+02    -.47375E+00         .000      .000
   3.030    -.16276E+00    -.16276E+00    -.12589E+04    -.35186E+02    -.38911E+00         .000      .001
   3.040    -.16747E+00    -.16747E+00    -.82269E+03    -.58356E+02    -.57679E+00         .000      .001
   3.050    -.17469E+00    -.17469E+00    -.51492E+03    -.65078E+02    -.88643E+00         .000      .001
   3.060    -.18555E+00    -.18555E+00    -.32993E+03    -.60740E+02    -.13000E+01         .000      .001
   3.070    -.20154E+00    -.20154E+00    -.28549E+03    -.38548E+02    -.19585E+01         .000      .002
   3.080    -.22703E+00    -.22703E+00    -.48595E+03     .28371E+02    -.32956E+01         .000      .003
   3.090    -.26869E+00    -.26869E+00    -.10617E+04     .13490E+03    -.50255E+01         .000      .004
   3.100    -.32571E+00    -.32571E+00    -.18395E+04     .21859E+03    -.62238E+01         .000      .006
   3.110    -.39098E+00    -.39098E+00    -.26137E+04     .25409E+03    -.67646E+01         .000      .008
   3.120    -.46030E+00    -.46030E+00    -.33161E+04     .25672E+03    -.70870E+01         .000      .011
   3.130    -.53296E+00    -.53296E+00    -.33784E+04     .16963E+03    -.75709E+01         .000      .013
   3.140    -.61423E+00    -.61423E+00    -.32237E+04     .92205E+02    -.87233E+01         .000      .015
   3.150    -.70638E+00    -.70638E+00    -.32177E+04     .54801E+02    -.95870E+01         .000      .018
   3.160    -.80366E+00    -.80366E+00    -.32656E+04     .21511E+02    -.97488E+01         .000      .022
   3.170    -.89870E+00    -.89870E+00    -.33977E+04     .10289E+02    -.91078E+01         .000      .025
   3.180    -.98308E+00    -.98308E+00    -.35584E+04     .93785E+01    -.76506E+01         .000      .028
   3.190    -.10500E+01    -.10500E+01    -.36747E+04     .21544E+02    -.56778E+01         .000      .030
   3.200    -.10954E+01    -.10954E+01    -.36885E+04     .37940E+02    -.33426E+01         .000      .032
   3.210    -.11159E+01    -.11159E+01    -.35461E+04     .46322E+02    -.71385E+00         .000      .033
   3.220    -.11084E+01    -.11084E+01    -.29946E+04    -.23605E+02     .21607E+01         .000      .032
   3.230    -.10760E+01    -.10760E+01    -.14069E+04    -.21896E+03     .41104E+01         .000      .032
   3.240    -.10303E+01    -.10303E+01     .60984E+03    -.42890E+03     .48255E+01         .000      .032
   3.250    -.98372E+00    -.98372E+00     .22421E+04    -.47352E+03     .44635E+01         .000      .031
   3.260    -.93846E+00    -.93846E+00     .32838E+04    -.40218E+03     .46998E+01         .000      .032
   3.270    -.88983E+00    -.88983E+00     .45477E+04    -.47623E+03     .48949E+01         .000      .032
   3.280    -.84374E+00    -.84374E+00     .56237E+04    -.51258E+03     .42367E+01         .000      .032
   3.290    -.80266E+00    -.80266E+00     .52776E+04    -.36427E+03     .42207E+01         .000      .033
   3.300    -.75664E+00    -.75664E+00     .51039E+04    -.32687E+03     .50078E+01         .000      .033
   3.310    -.70379E+00    -.70379E+00     .52870E+04    -.36295E+03     .54314E+01         .000      .033
   3.320    -.65259E+00    -.65259E+00     .55375E+04    -.40295E+03     .45220E+01         .000      .033
   3.330    -.61941E+00    -.61941E+00     .53572E+04    -.32079E+03     .18337E+01         .000      .033
   3.340    -.61938E+00    -.61938E+00     .43555E+04    -.90587E+02    -.18844E+01         .000      .033
   3.350    -.65358E+00    -.65358E+00     .21329E+04     .18104E+03    -.46820E+01         .000      .034
   3.360    -.70916E+00    -.70916E+00    -.43661E+03     .33026E+03    -.63137E+01         .000      .034
   3.370    -.77868E+00    -.77868E+00    -.30654E+04     .43668E+03    -.75396E+01         .000      .034
   3.380    -.85609E+00    -.85609E+00    -.54262E+04     .46871E+03    -.77165E+01         .000      .034
   3.390    -.93012E+00    -.93012E+00    -.65220E+04     .40952E+03    -.68029E+01         .000      .034
   3.400    -.98712E+00    -.98712E+00    -.67800E+04     .26845E+03    -.45044E+01         .000      .034
   3.410    -.10208E+01    -.10208E+01    -.62646E+04     .83314E+02    -.22508E+01         .000      .034
   3.420    -.10316E+01    -.10316E+01    -.58965E+04    -.43494E+02     .10904E+00         .000      .034
   3.430    -.10203E+01    -.10203E+01    -.53450E+04    -.16572E+03     .19999E+01         .000      .034
   3.440    -.99191E+00    -.99191E+00    -.47793E+04    -.11540E+03     .37901E+01         .000      .034
   3.450    -.94288E+00    -.94288E+00    -.38325E+04    -.94391E+02     .60206E+01         .000      .034
   3.460    -.87246E+00    -.87246E+00    -.22664E+04    -.10462E+03     .79905E+01         .000      .034
   3.470    -.78418E+00    -.78418E+00    -.17878E+03    -.13112E+03     .96091E+01         .000      .034
   3.480    -.67798E+00    -.67798E+00     .16919E+03     .63085E+02     .12000E+02         .000      .034
   3.490    -.54222E+00    -.54222E+00     .83262E+03     .50292E+02     .15052E+02         .000      .034
   3.500    -.38288E+00    -.38288E+00     .20938E+04    -.44434E+02     .16342E+02         .000      .035
   3.510    -.22492E+00    -.22492E+00     .34480E+04    -.10965E+03     .14817E+02         .000      .035
   3.520    -.93066E-01    -.93066E-01     .46169E+04    -.14682E+03     .11271E+02         .000      .035
   3.530    -.44325E-02    -.44325E-02     .52132E+04    -.14666E+03     .63478E+01         .000      .035
   3.540     .35287E-01     .35287E-01     .50885E+04    -.76569E+02     .17894E+01         .000      .035
   3.550     .35712E-01     .35712E-01     .45261E+04    -.35695E+02    -.14731E+01         .000      .035
   3.560     .11875E-01     .11875E-01     .34227E+04    -.27398E+02    -.29500E+01         .000      .035
   3.570    -.16868E-01    -.16868E-01     .23211E+04    -.86717E+02    -.25148E+01         .000      .035
   3.580    -.34326E-01    -.34326E-01     .18267E+04    -.21358E+03    -.83535E+00         .000      .035
   3.590    -.34098E-01    -.34098E-01     .19770E+04    -.33627E+03     .73170E+00         .000      .035
   3.600    -.23214E-01    -.23214E-01     .22324E+04    -.36899E+03     .12635E+01         .000      .035
   3.610    -.95669E-02    -.95669E-02     .23727E+04    -.39622E+03     .14891E+01         .000      .035
   3.620     .68555E-02     .68555E-02     .24267E+04    -.41441E+03     .18390E+01         .000      .035
   3.630     .27782E-01     .27782E-01     .23639E+04    -.35412E+03     .23818E+01         .000      .035
   3.640     .55942E-01     .55942E-01     .18619E+04    -.20869E+03     .34377E+01         .000      .034
   3.650     .10240E+00     .10240E+00     .11246E+04    -.50036E+02     .61270E+01         .000      .034
   3.660     .18175E+00     .18175E+00     .14153E+04    -.79645E+02     .97128E+01         .000      .034
   3.670     .29410E+00     .29410E+00     .27307E+04    -.19447E+03     .12622E+02         .000      .034
   3.680     .43105E+00     .43105E+00     .44422E+04    -.32931E+03     .14572E+02         .000      .035
   3.690     .58265E+00     .58265E+00     .50481E+04    -.29718E+03     .15852E+02         .000      .035
   3.700     .74947E+00     .74947E+00     .52716E+04    -.31772E+03     .17454E+02         .000      .036
   3.710     .92889E+00     .92889E+00     .56952E+04    -.40302E+03     .18244E+02         .000      .040
   3.720     .11107E+01     .11107E+01     .60641E+04    -.44721E+03     .17963E+02         .000      .046
   3.730     .12849E+01     .12849E+01     .61412E+04    -.39623E+03     .16727E+02         .000      .052
   3.740     .14440E+01     .14440E+01     .58923E+04    -.27497E+03     .15077E+02         .000      .058
   3.750     .15857E+01     .15857E+01     .54691E+04    -.16474E+03     .13246E+02         .000      .063
   3.760     .17067E+01     .17067E+01     .52187E+04    -.14581E+03     .10760E+02         .000      .067
   3.770     .17977E+01     .17977E+01     .48095E+04    -.87047E+02     .73232E+01         .000      .070
   3.780     .18526E+01     .18526E+01     .41797E+04    -.32461E+01     .37129E+01         .000      .072
   3.790     .18749E+01     .18749E+01     .34466E+04     .96222E+02     .93224E+00         .000      .072
   3.800     .18734E+01     .18734E+01     .26585E+04     .15160E+03    -.11386E+01         .000      .072
   3.810     .18555E+01     .18555E+01     .13715E+04     .27638E+03    -.21815E+01         .000      .071
   3.820     .18352E+01     .18352E+01     .21536E+03     .32090E+03    -.17178E+01         .000      .071
   3.830     .18212E+01     .18212E+01    -.40471E+03     .22279E+03    -.11941E+01         .000      .070
   3.840     .18098E+01     .18098E+01    -.78075E+03     .17589E+03    -.11119E+01         .000      .070
   3.850     .17995E+01     .17995E+01    -.12115E+04     .20872E+03    -.88039E+00         .000      .070
   3.860     .17932E+01     .17932E+01    -.15369E+04     .21832E+03    -.37563E+00         .000      .070
   3.870     .17911E+01     .17911E+01    -.17204E+04     .19839E+03    -.12176E+00         .000      .070
   3.880     .17893E+01     .17893E+01    -.19351E+04     .21046E+03    -.29347E+00         .000      .070
   3.890     .17854E+01     .17854E+01    -.22856E+04     .28045E+03    -.42194E+00         .000      .069
   3.900     .17826E+01     .17826E+01    -.27033E+04     .36772E+03    -.42064E-01         .000      .069
   3.910     .17857E+01     .17857E+01    -.28247E+04     .36341E+03     .60897E+00         .000      .069
   3.920     .17930E+01     .17930E+01    -.26110E+04     .32879E+03     .78798E+00         .000      .069
   3.930     .18004E+01     .18004E+01    -.23966E+04     .32753E+03     .69742E+00         .000      .069
   3.940     .18082E+01     .18082E+01    -.21778E+04     .36498E+03     .94436E+00         .000      .069
   3.950     .18205E+01     .18205E+01    -.17666E+04     .36236E+03     .15191E+01         .000      .069
   3.960     .18383E+01     .18383E+01    -.11012E+04     .31337E+03     .20054E+01         .000      .069
   3.970     .18584E+01     .18584E+01    -.19148E+03     .21551E+03     .18878E+01         .000      .069
   3.980     .18750E+01     .18750E+01     .10637E+03     .21551E+03     .14599E+01         .000      .069
   3.990     .18880E+01     .18880E+01     .47709E+03     .17697E+03     .11572E+01         .000      .070
   4.000     .18991E+01     .18991E+01     .97146E+03     .11285E+03     .11394E+01         .000      .070
   4.010     .19121E+01     .19121E+01     .16029E+04     .23957E+02     .14966E+01         .000      .071
   4.020     .19297E+01     .19297E+01     .23481E+04    -.79114E+02     .20459E+01         .000      .072
   4.030     .19519E+01     .19519E+01     .31225E+04    -.16634E+03     .22979E+01         .000      .073
   4.040     .19730E+01     .19730E+01     .37470E+04    -.20077E+03     .17654E+01         .000      .073
   4.050     .19859E+01     .19859E+01     .41453E+04    -.19896E+03     .80986E+00         .000      .074
   4.060     .19892E+01     .19892E+01     .43953E+04    -.19010E+03    -.12803E+00         .000      .074
   4.070     .19837E+01     .19837E+01     .43557E+04    -.14187E+03    -.94735E+00         .000      .074
   4.080     .19709E+01     .19709E+01     .40481E+04    -.86695E+02    -.16060E+01         .000      .074
   4.090     .19516E+01     .19516E+01     .35822E+04    -.41753E+02    -.22748E+01         .000      .074
   4.100     .19247E+01     .19247E+01     .28938E+04     .35291E+02    -.31150E+01         .000      .074
   4.110     .18899E+01     .18899E+01     .20081E+04     .10940E+03    -.38092E+01         .000      .074
   4.120     .18502E+01     .18502E+01     .12059E+04     .99843E+02    -.40307E+01         .000      .074
   4.130     .18105E+01     .18105E+01     .64065E+03     .31138E+02    -.38711E+01         .000      .074
   4.140     .17733E+01     .17733E+01     .23814E+03    -.39898E+02    -.35302E+01         .000      .074
   4.150     .17405E+01     .17405E+01    -.71973E+02    -.96358E+02    -.29837E+01         .000      .074
   4.160     .17143E+01     .17143E+01    -.26718E+03    -.14040E+03    -.22449E+01         .000      .074
   4.170     .16958E+01     .16958E+01    -.35190E+03    -.16445E+03    -.14673E+01         .000      .074
   4.180     .16848E+01     .16848E+01    -.12387E+03    -.18633E+03    -.75381E+00         .000      .074
   4.190     .16810E+01     .16810E+01     .19259E+02    -.15514E+03     .54912E-01         .000      .074
   4.200     .16869E+01     .16869E+01     .28449E+03    -.14731E+03     .11283E+01         .000      .074
   4.210     .17032E+01     .17032E+01     .87909E+03    -.17580E+03     .20750E+01         .000      .074
   4.220     .17270E+01     .17270E+01     .15853E+04    -.19003E+03     .26366E+01         .000      .075
   4.230     .17551E+01     .17551E+01     .23227E+04    -.19584E+03     .29480E+01         .000      .075
   4.240     .17846E+01     .17846E+01     .30516E+04    -.19241E+03     .28818E+01         .000      .075
   4.250     .18115E+01     .18115E+01     .36801E+04    -.18181E+03     .24505E+01         .000      .075
   4.260     .18327E+01     .18327E+01     .41772E+04    -.18074E+03     .17200E+01         .000      .075
   4.270     .18448E+01     .18448E+01     .44533E+04    -.17696E+03     .66417E+00         .000      .075
   4.280     .18454E+01     .18454E+01     .43766E+04    -.15725E+03    -.55178E+00         .000      .075
   4.290     .18345E+01     .18345E+01     .38927E+04    -.10155E+03    -.15609E+01         .000      .075
   4.300     .18157E+01     .18157E+01     .32054E+04    -.56879E+02    -.21321E+01         .000      .075
   4.310     .17925E+01     .17925E+01     .24940E+04    -.36537E+02    -.24955E+01         .000      .075
   4.320     .17658E+01     .17658E+01     .17564E+04    -.23679E+02    -.28485E+01         .000      .074
   4.330     .17354E+01     .17354E+01     .92576E+03    -.35059E+01    -.32537E+01         .000      .074
   4.340     .17007E+01     .17007E+01    -.61972E+02     .32747E+02    -.36850E+01         .000      .074
   4.350     .16613E+01     .16613E+01    -.58192E+03     .82493E+01    -.43375E+01         .000      .074
   4.360     .16098E+01     .16098E+01    -.84669E+03     .34402E+02    -.60280E+01         .000      .074
   4.370     .15416E+01     .15416E+01    -.16230E+04     .16227E+03    -.75035E+01         .000      .074
   4.380     .14624E+01     .14624E+01    -.25759E+04     .28319E+03    -.81962E+01         .000      .074
   4.390     .13800E+01     .13800E+01    -.34577E+04     .37102E+03    -.81996E+01         .000      .074
   4.400     .12998E+01     .12998E+01    -.41541E+04     .42672E+03    -.78100E+01         .000      .074
   4.410     .12244E+01     .12244E+01    -.46318E+04     .45679E+03    -.72521E+01         .000      .074
   4.420     .11548E+01     .11548E+01    -.48792E+04     .46153E+03    -.66624E+01         .000      .074
   4.430     .10906E+01     .10906E+01    -.49014E+04     .43704E+03    -.62176E+01         .000      .074
   4.440     .10293E+01     .10293E+01    -.47537E+04     .39070E+03    -.61081E+01         .000      .074
   4.450     .96722E+00     .96722E+00    -.45511E+04     .34660E+03    -.63611E+01         .000      .074
   4.460     .90160E+00     .90160E+00    -.43966E+04     .32467E+03    -.67608E+01         .000      .074
   4.470     .83244E+00     .83244E+00    -.42776E+04     .32000E+03    -.70393E+01         .000      .074
   4.480     .76208E+00     .76208E+00    -.41614E+04     .32165E+03    -.69453E+01         .000      .074
   4.490     .69595E+00     .69595E+00    -.39307E+04     .29665E+03    -.61407E+01         .000      .074
   4.500     .64127E+00     .64127E+00    -.34505E+04     .22863E+03    -.47334E+01         .000      .075
   4.510     .60125E+00     .60125E+00    -.29793E+04     .21498E+03    -.32306E+01         .000      .075
   4.520     .57853E+00     .57853E+00    -.25450E+04     .19984E+03    -.13046E+01         .000      .075
   4.530     .57508E+00     .57508E+00    -.18166E+04     .94393E+02     .59199E+00         .000      .075
   4.540     .58748E+00     .58748E+00    -.53648E+03    -.82291E+02     .16900E+01         .000      .074
   4.550     .60462E+00     .60462E+00     .84021E+03    -.28066E+03     .15321E+01         .000      .074
   4.560     .61794E+00     .61794E+00     .17981E+04    -.33179E+03     .12879E+01         .000      .074
   4.570     .63333E+00     .63333E+00     .26563E+04    -.35645E+03     .18926E+01         .000      .074
   4.580     .65560E+00     .65560E+00     .37367E+04    -.43427E+03     .24289E+01         .000      .074
   4.590     .67855E+00     .67855E+00     .48069E+04    -.51434E+03     .19977E+01         .000      .074
   4.600     .69394E+00     .69394E+00     .54591E+04    -.44866E+03     .11753E+01         .000      .074
   4.610     .70371E+00     .70371E+00     .57606E+04    -.42313E+03     .68813E+00         .000      .074
   4.620     .70372E+00     .70372E+00     .57876E+04    -.41180E+03    -.91138E+00         .000      .074
   4.630     .68387E+00     .68387E+00     .49459E+04    -.23268E+03    -.29695E+01         .000      .074
   4.640     .64798E+00     .64798E+00     .34189E+04    -.14634E+02    -.40306E+01         .000      .074
   4.650     .60486E+00     .60486E+00     .19506E+04     .97146E+02    -.46110E+01         .000      .074
   4.660     .55610E+00     .55610E+00     .10672E+04     .12132E+03    -.52157E+01         .000      .074
   4.670     .49439E+00     .49439E+00     .11734E+04    -.97755E+01    -.74140E+01         .000      .074
   4.680     .40349E+00     .40349E+00     .10584E+04    -.72806E+02    -.10920E+02         .000      .074
   4.690     .27512E+00     .27512E+00     .43289E+03     .29937E+01    -.14623E+02         .000      .074
   4.700     .11380E+00     .11380E+00    -.62381E+03     .98454E+02    -.17542E+02         .000      .074
   4.710    -.73817E-01    -.73817E-01    -.21360E+04     .23377E+03    -.19920E+02         .000      .075
   4.720    -.28102E+00    -.28102E+00    -.38366E+04     .46459E+03    -.21168E+02         .000      .075
   4.730    -.49080E+00    -.49080E+00    -.51667E+04     .51867E+03    -.20630E+02         .000      .075
   4.740    -.69267E+00    -.69267E+00    -.63780E+04     .44789E+03    -.19747E+02         .000      .076
   4.750    -.88490E+00    -.88490E+00    -.76388E+04     .46182E+03    -.18539E+02         .000      .076
   4.760    -.10605E+01    -.10605E+01    -.81509E+04     .40991E+03    -.16635E+02         .000      .077
   4.770    -.12176E+01    -.12176E+01    -.84789E+04     .46671E+03    -.14688E+02         .000      .077
   4.780    -.13523E+01    -.13523E+01    -.87319E+04     .49557E+03    -.12212E+02         .000      .078
   4.790    -.14620E+01    -.14620E+01    -.85565E+04     .41011E+03    -.98535E+01         .000      .078
   4.800    -.15521E+01    -.15521E+01    -.81531E+04     .32343E+03    -.82670E+01         .000      .078
   4.810    -.16278E+01    -.16278E+01    -.79800E+04     .36290E+03    -.67791E+01         .000      .078
   4.820    -.16850E+01    -.16850E+01    -.77838E+04     .43145E+03    -.45232E+01         .000      .079
   4.830    -.17156E+01    -.17156E+01    -.74289E+04     .47149E+03    -.14995E+01         .000      .079
   4.840    -.17156E+01    -.17156E+01    -.63884E+04     .35598E+03     .13223E+01         .000      .078
   4.850    -.16945E+01    -.16945E+01    -.46665E+04     .11621E+03     .25287E+01         .000      .078
   4.860    -.16707E+01    -.16707E+01    -.32371E+04     .90381E+02     .21927E+01         .000      .078
   4.870    -.16507E+01    -.16507E+01    -.19376E+04     .10955E+03     .18750E+01         .000      .078
   4.880    -.16350E+01    -.16350E+01    -.65038E+03    -.32133E+02     .98804E+00         .000      .077
   4.890    -.16343E+01    -.16343E+01    -.12077E+02    -.49626E+02    -.88227E+00         .000      .077
   4.900    -.16514E+01    -.16514E+01    -.11161E+03     .90989E+01    -.24212E+01         .000      .077
   4.910    -.16806E+01    -.16806E+01    -.65059E+03     .73543E+02    -.32965E+01         .000      .077
   4.920    -.17153E+01    -.17153E+01    -.12996E+04     .11802E+03    -.35637E+01         .000      .076
   4.930    -.17512E+01    -.17512E+01    -.82425E+03     .23087E+02    -.37143E+01         .000      .076
   4.940    -.17899E+01    -.17899E+01    -.24352E+03    -.62264E+02    -.39846E+01         .000      .076
   4.950    -.18314E+01    -.18314E+01     .15313E+02    -.86000E+02    -.42683E+01         .000      .075
   4.960    -.18745E+01    -.18745E+01     .11769E+03    -.10906E+03    -.44061E+01         .000      .075
   4.970    -.19208E+01    -.19208E+01     .25127E+03    -.20431E+03    -.49566E+01         .000      .075
   4.980    -.19756E+01    -.19756E+01     .35152E+03    -.28468E+03    -.60494E+01         .000      .074
   4.990    -.20425E+01    -.20425E+01     .40268E+03    -.32297E+03    -.73588E+01         .000      .074
   5.000    -.21225E+01    -.21225E+01     .42122E+03    -.33050E+03    -.85640E+01         .000      .075
   5.010    -.22117E+01    -.22117E+01     .37366E+03    -.29139E+03    -.91386E+01         .000      .075
   5.020    -.23012E+01    -.23012E+01     .14501E+03    -.20780E+03    -.85609E+01         .000      .076
   5.030    -.23806E+01    -.23806E+01     .21276E+02    -.20464E+03    -.72870E+01         .000      .078
   5.040    -.24478E+01    -.24478E+01     .18766E+02    -.22389E+03    -.62605E+01         .000      .080
   5.050    -.25067E+01    -.25067E+01    -.34152E+02    -.21192E+03    -.55077E+01         .000      .082
   5.060    -.25567E+01    -.25567E+01    -.12062E+03    -.19508E+03    -.43827E+01         .000      .084
   5.070    -.25929E+01    -.25929E+01    -.11714E+03    -.20282E+03    -.28312E+01         .000      .085
   5.080    -.26128E+01    -.26128E+01     .22213E+02    -.23868E+03    -.11272E+01         .000      .085
   5.090    -.26154E+01    -.26154E+01     .22194E+03    -.28164E+03     .62356E+00         .000      .086
   5.100    -.26006E+01    -.26006E+01     .80163E+03    -.37865E+03     .22322E+01         .000      .085
   5.110    -.25737E+01    -.25737E+01     .13311E+04    -.42609E+03     .30823E+01         .000      .085
   5.120    -.25389E+01    -.25389E+01     .16584E+04    -.40464E+03     .39036E+01         .000      .085
   5.130    -.24955E+01    -.24955E+01     .20478E+04    -.39734E+03     .47731E+01         .000      .085
   5.140    -.24443E+01    -.24443E+01     .25098E+04    -.41059E+03     .54040E+01         .000      .085
   5.150    -.23888E+01    -.23888E+01     .29711E+04    -.41128E+03     .56209E+01         .000      .084
   5.160    -.23334E+01    -.23334E+01     .33580E+04    -.38279E+03     .53733E+01         .000      .084
   5.170    -.22822E+01    -.22822E+01     .36308E+04    -.33387E+03     .48519E+01         .000      .084
   5.180    -.22365E+01    -.22365E+01     .38204E+04    -.30353E+03     .42920E+01         .000      .084
   5.190    -.21967E+01    -.21967E+01     .39475E+04    -.29693E+03     .36454E+01         .000      .084
   5.200    -.21637E+01    -.21637E+01     .39859E+04    -.29437E+03     .29603E+01         .000      .084
   5.210    -.21373E+01    -.21373E+01     .39249E+04    -.28836E+03     .23343E+01         .000      .084
   5.220    -.21150E+01    -.21150E+01     .30120E+04    -.18522E+03     .22972E+01         .000      .084
   5.230    -.20898E+01    -.20898E+01     .22725E+04    -.15851E+03     .27398E+01         .000      .085
   5.240    -.20603E+01    -.20603E+01     .16473E+04    -.14702E+03     .31510E+01         .000      .085
   5.250    -.20266E+01    -.20266E+01     .10319E+04    -.12400E+03     .36065E+01         .000      .085
   5.260    -.19888E+01    -.19888E+01     .80104E+03    -.18185E+03     .38114E+01         .000      .085
   5.270    -.19515E+01    -.19515E+01     .51412E+03    -.11035E+03     .37394E+01         .000      .085
   5.280    -.19118E+01    -.19118E+01     .20579E+03    -.57862E+02     .42481E+01         .000      .085
   5.290    -.18666E+01    -.18666E+01    -.71529E+01    -.65685E+02     .47534E+01         .000      .085
   5.300    -.18178E+01    -.18178E+01    -.21486E+03    -.61241E+02     .49672E+01         .000      .085
   5.310    -.17674E+01    -.17674E+01    -.48768E+03    -.19457E+02     .51494E+01         .000      .084
   5.320    -.17140E+01    -.17140E+01    -.78716E+03     .48279E+02     .55989E+01         .000      .084
   5.330    -.16538E+01    -.16538E+01    -.10505E+04     .11387E+03     .65045E+01         .000      .084
   5.340    -.15829E+01    -.15829E+01    -.12180E+04     .16480E+03     .77043E+01         .000      .084
   5.350    -.14996E+01    -.14996E+01    -.12818E+04     .19698E+03     .89373E+01         .000      .084
   5.360    -.14055E+01    -.14055E+01    -.12292E+04     .20021E+03     .97750E+01         .000      .084
   5.370    -.13062E+01    -.13062E+01    -.11023E+04     .18322E+03     .99735E+01         .000      .084
   5.380    -.12073E+01    -.12073E+01    -.10179E+04     .17311E+03     .97722E+01         .000      .084
   5.390    -.11113E+01    -.11113E+01    -.91481E+03     .15852E+03     .94140E+01         .000      .084
   5.400    -.10193E+01    -.10193E+01    -.81040E+03     .14349E+03     .89788E+01         .000      .084
   5.410    -.93206E+00    -.93206E+00    -.71601E+03     .13195E+03     .84433E+01         .000      .084
   5.420    -.85119E+00    -.85119E+00    -.64759E+03     .12935E+03     .76819E+01         .000      .084
   5.430    -.77909E+00    -.77909E+00    -.62157E+03     .13889E+03     .67201E+01         .000      .084
   5.440    -.71684E+00    -.71684E+00    -.63866E+03     .15712E+03     .57404E+01         .000      .084
   5.450    -.66393E+00    -.66393E+00    -.68505E+03     .17732E+03     .48630E+01         .000      .084
   5.460    -.61916E+00    -.61916E+00    -.74339E+03     .19362E+03     .41100E+01         .000      .084
   5.470    -.58153E+00    -.58153E+00    -.80245E+03     .20448E+03     .34173E+01         .000      .084
   5.480    -.55090E+00    -.55090E+00    -.86259E+03     .21371E+03     .27014E+01         .000      .084
   5.490    -.52785E+00    -.52785E+00    -.92950E+03     .22450E+03     .18820E+01         .000      .084
   5.500    -.51375E+00    -.51375E+00    -.10097E+04     .23715E+03     .91572E+00         .000      .084
   5.510    -.50979E+00    -.50979E+00    -.11092E+04     .25105E+03    -.12533E+00         .000      .084
   5.520    -.51557E+00    -.51557E+00    -.14297E+04     .30360E+03    -.95597E+00         .000      .084
   5.530    -.52722E+00    -.52722E+00    -.19227E+04     .35060E+03    -.12981E+01         .000      .084
   5.540    -.54111E+00    -.54111E+00    -.23056E+04     .32232E+03    -.15268E+01         .000      .084
   5.550    -.55850E+00    -.55850E+00    -.27087E+04     .31608E+03    -.19455E+01         .000      .084
   5.560    -.57903E+00    -.57903E+00    -.32538E+04     .34442E+03    -.20883E+01         .000      .084
   5.570    -.59900E+00    -.59900E+00    -.37144E+04     .34814E+03    -.18669E+01         .000      .084
   5.580    -.61598E+00    -.61598E+00    -.39682E+04     .32880E+03    -.15163E+01         .000      .084
   5.590    -.62880E+00    -.62880E+00    -.39807E+04     .28175E+03    -.10161E+01         .000      .084
   5.600    -.63543E+00    -.63543E+00    -.36961E+04     .20259E+03    -.25573E+00         .000      .084
   5.610    -.63346E+00    -.63346E+00    -.30838E+04     .10884E+03     .65272E+00         .000      .084
   5.620    -.62218E+00    -.62218E+00    -.21976E+04     .16893E+02     .16195E+01         .000      .084
   5.630    -.60147E+00    -.60147E+00    -.10719E+04    -.66453E+02     .24751E+01         .000      .084
   5.640    -.57451E+00    -.57451E+00     .11529E+03    -.10741E+03     .27989E+01         .000      .084
   5.650    -.54670E+00    -.54670E+00     .11424E+04    -.12696E+03     .27156E+01         .000      .084
   5.660    -.51985E+00    -.51985E+00     .19299E+04    -.10311E+03     .27476E+01         .000      .085
   5.670    -.49021E+00    -.49021E+00     .21306E+04    -.33065E+02     .33224E+01         .000      .085
   5.680    -.45228E+00    -.45228E+00     .24096E+04    -.57891E+02     .41796E+01         .000      .085
   5.690    -.40891E+00    -.40891E+00     .30130E+04    -.10760E+03     .43547E+01         .000      .085
   5.700    -.36734E+00    -.36734E+00     .34467E+04    -.14566E+03     .38448E+01         .000      .085
   5.710    -.33577E+00    -.33577E+00     .41740E+04    -.26907E+03     .21753E+01         .000      .085
   5.720    -.32895E+00    -.32895E+00     .46334E+04    -.27972E+03    -.88471E+00         .000      .085
   5.730    -.35056E+00    -.35056E+00     .38396E+04    -.13550E+03    -.31880E+01         .000      .085
   5.740    -.38835E+00    -.38835E+00     .24945E+04    -.45971E+02    -.41979E+01         .000      .085
   5.750    -.43158E+00    -.43158E+00     .11252E+04    -.29542E+01    -.43206E+01         .000      .085
   5.760    -.47248E+00    -.47248E+00    -.10493E+02     .39358E-01    -.37638E+01         .000      .085
   5.770    -.50593E+00    -.50593E+00    -.76900E+03    -.25135E+02    -.29173E+01         .000      .085
   5.780    -.53306E+00    -.53306E+00    -.41781E+03    -.12815E+03    -.26666E+01         .000      .085
   5.790    -.56020E+00    -.56020E+00    -.39620E+03    -.12580E+03    -.27408E+01         .000      .085
   5.800    -.58692E+00    -.58692E+00    -.55540E+03    -.11758E+03    -.25425E+01         .000      .085
   5.810    -.61005E+00    -.61005E+00    -.80556E+03    -.10298E+03    -.20317E+01         .000      .085
   5.820    -.62575E+00    -.62575E+00    -.11326E+04    -.63261E+02    -.98419E+00         .000      .085
   5.830    -.62713E+00    -.62713E+00    -.13622E+04    -.35687E+02     .81550E+00         .000      .085
   5.840    -.60954E+00    -.60954E+00    -.91611E+03    -.76892E+02     .26247E+01         .000      .085
   5.850    -.57664E+00    -.57664E+00     .63699E+02    -.12297E+03     .38389E+01         .000      .085
   5.860    -.53539E+00    -.53539E+00     .12804E+04    -.16599E+03     .42696E+01         .000      .085
   5.870    -.49288E+00    -.49288E+00     .15146E+04    -.84967E+02     .43391E+01         .000      .085
   5.880    -.44807E+00    -.44807E+00     .15218E+04    -.71786E+02     .44990E+01         .000      .085
   5.890    -.40641E+00    -.40641E+00     .16311E+04    -.68546E+02     .36552E+01         .000      .085
   5.900    -.37643E+00    -.37643E+00     .15706E+04    -.24843E+02     .23569E+01         .000      .085
   5.910    -.35849E+00    -.35849E+00     .14047E+04     .15067E+02     .12813E+01         .000      .085
   5.920    -.35009E+00    -.35009E+00     .12500E+04     .28447E+02     .41691E+00         .000      .085
   5.930    -.35003E+00    -.35003E+00     .11135E+04     .20030E+02    -.39813E+00         .000      .085
   5.940    -.35721E+00    -.35721E+00     .82320E+03     .40539E+01    -.97673E+00         .000      .085
   5.950    -.36873E+00    -.36873E+00     .43752E+03    -.19389E+02    -.12934E+01         .000      .085
   5.960    -.38194E+00    -.38194E+00    -.17417E+02    -.33400E+02    -.12741E+01         .000      .085
   5.970    -.39257E+00    -.39257E+00    -.39625E+03    -.56561E+02    -.76933E+00         .000      .085
   5.980    -.39655E+00    -.39655E+00    -.56612E+03    -.87433E+02    -.20920E-01         .000      .085
   5.990    -.39289E+00    -.39289E+00    -.55499E+03    -.10792E+03     .75719E+00         .000      .085
   6.000    -.38096E+00    -.38096E+00    -.35428E+03    -.12934E+03     .16608E+01         .000      .085
   6.010    -.35959E+00    -.35959E+00     .94259E+02    -.15740E+03     .25955E+01         .000      .085
   6.020    -.32911E+00    -.32911E+00     .92088E+02    -.88016E+02     .36244E+01         .000      .085
   6.030    -.28465E+00    -.28465E+00    -.86092E+02    -.42890E+02     .52997E+01         .000      .085
   6.040    -.22318E+00    -.22318E+00     .41821E+02    -.52890E+02     .69715E+01         .000      .085
   6.050    -.14582E+00    -.14582E+00     .40677E+03    -.82800E+02     .84669E+01         .000      .085
   6.060    -.55025E-01    -.55025E-01     .94238E+03    -.12395E+03     .96127E+01         .000      .085
   6.070     .43811E-01     .43811E-01     .15480E+04    -.15785E+03     .99841E+01         .000      .085
   6.080     .14150E+00     .14150E+00     .20766E+04    -.17054E+03     .94087E+01         .000      .085
   6.090     .23021E+00     .23021E+00     .24465E+04    -.17265E+03     .82949E+01         .000      .085
   6.100     .30687E+00     .30687E+00     .26458E+04    -.16702E+03     .70268E+01         .000      .085
   6.110     .37073E+00     .37073E+00     .26603E+04    -.14080E+03     .57563E+01         .000      .085
   6.120     .42279E+00     .42279E+00     .25224E+04    -.10154E+03     .47163E+01         .000      .085
   6.130     .46632E+00     .46632E+00     .23358E+04    -.73402E+02     .40477E+01         .000      .085
   6.140     .50483E+00     .50483E+00     .21917E+04    -.71319E+02     .37006E+01         .000      .085
   6.150     .54083E+00     .54083E+00     .21227E+04    -.93929E+02     .35064E+01         .000      .085
   6.160     .57580E+00     .57580E+00     .21070E+04    -.13503E+03     .35632E+01         .000      .085
   6.170     .61275E+00     .61275E+00     .21304E+04    -.18252E+03     .38311E+01         .000      .085
   6.180     .65220E+00     .65220E+00     .21063E+04    -.20606E+03     .40380E+01         .000      .086
   6.190     .69387E+00     .69387E+00     .19797E+04    -.20313E+03     .43447E+01         .000      .086
   6.200     .74001E+00     .74001E+00     .17902E+04    -.18690E+03     .49274E+01         .000      .086
   6.210     .79324E+00     .79324E+00     .15837E+04    -.16093E+03     .57554E+01         .000      .086
   6.220     .85584E+00     .85584E+00     .14104E+04    -.13243E+03     .67956E+01         .000      .086
   6.230     .92948E+00     .92948E+00     .14230E+04    -.14563E+03     .78912E+01         .000      .086
   6.240     .10120E+01     .10120E+01     .17127E+04    -.16805E+03     .85204E+01         .000      .086
   6.250     .10981E+01     .10981E+01     .21224E+04    -.17597E+03     .86370E+01         .000      .086
   6.260     .11837E+01     .11837E+01     .24822E+04    -.16822E+03     .84317E+01         .000      .086
   6.270     .12662E+01     .12662E+01     .27908E+04    -.16024E+03     .80465E+01         .000      .086
   6.280     .13435E+01     .13435E+01     .30274E+04    -.14732E+03     .73364E+01         .000      .086
   6.290     .14121E+01     .14121E+01     .27192E+04    -.90779E+02     .63939E+01         .000      .086
   6.300     .14715E+01     .14715E+01     .26093E+04    -.38605E+02     .55112E+01         .000      .086
   6.310     .15223E+01     .15223E+01     .24856E+04    -.24079E+01     .46170E+01         .000      .087
   6.320     .15639E+01     .15639E+01     .22915E+04     .70312E+02     .37280E+01         .000      .087
   6.330     .15958E+01     .15958E+01     .21008E+04     .78068E+02     .25575E+01         .000      .087
   6.340     .16130E+01     .16130E+01     .18262E+04     .96485E+02     .81268E+00         .000      .086
   6.350     .16108E+01     .16108E+01     .12557E+04     .16878E+03    -.12494E+01         .000      .086
   6.360     .15892E+01     .15892E+01    -.14459E+02     .31461E+03    -.30134E+01         .000      .086
   6.370     .15528E+01     .15528E+01    -.17313E+04     .51715E+03    -.40699E+01         .000      .086
   6.380     .15094E+01     .15094E+01    -.33418E+04     .57699E+03    -.46906E+01         .000      .086
   6.390     .14565E+01     .14565E+01    -.48992E+04     .61879E+03    -.59118E+01         .000      .086
   6.400     .13938E+01     .13938E+01    -.62207E+04     .65112E+03    -.65651E+01         .000      .086
   6.410     .13229E+01     .13229E+01    -.78469E+04     .51075E+03    -.79938E+01         .000      .086
   6.420     .12330E+01     .12330E+01    -.81777E+04     .56602E+03    -.98794E+01         .000      .086
   6.430     .11263E+01     .11263E+01    -.84087E+04     .56073E+03    -.11423E+02         .000      .086
   6.440     .10049E+01     .10049E+01    -.86985E+04     .57941E+03    -.12839E+02         .000      .086
   6.450     .87147E+00     .87147E+00    -.90668E+04     .63732E+03    -.13675E+02         .000      .085
   6.460     .73547E+00     .73547E+00    -.93741E+04     .67255E+03    -.13313E+02         .000      .085
   6.470     .60815E+00     .60815E+00    -.94881E+04     .64899E+03    -.12048E+02         .000      .085
   6.480     .49561E+00     .49561E+00    -.94959E+04     .60707E+03    -.10441E+02         .000      .085
   6.490     .40044E+00     .40044E+00    -.92718E+04     .56915E+03    -.85038E+01         .000      .085
   6.500     .32711E+00     .32711E+00    -.86870E+04     .49148E+03    -.61143E+01         .000      .085
   6.510     .27737E+00     .27737E+00    -.77053E+04     .36952E+03    -.39453E+01         .000      .086
   6.520     .24542E+00     .24542E+00    -.64962E+04     .24635E+03    -.25971E+01         .000      .086
   6.530     .22388E+00     .22388E+00    -.52214E+04     .13037E+03    -.17209E+01         .000      .086
   6.540     .20995E+00     .20995E+00    -.40409E+04     .99651E+02    -.10601E+01         .000      .086
   6.550     .20512E+00     .20512E+00    -.32934E+04     .78346E+02     .85572E-01         .000      .086
   6.560     .20794E+00     .20794E+00    -.25123E+04    -.33859E+02     .31093E+00         .000      .086
   6.570     .20993E+00     .20993E+00    -.19567E+04    -.42222E+02     .56318E-01         .000      .086
   6.580     .20911E+00     .20911E+00    -.15686E+04    -.13366E+02    -.19547E+00         .000      .086
   6.590     .20668E+00     .20668E+00    -.12535E+04     .13076E+02    -.26858E+00         .000      .086
   6.600     .20419E+00     .20419E+00    -.82497E+03     .62057E+02    -.13632E+00         .000      .086
   6.610     .20442E+00     .20442E+00    -.97843E+02    -.22946E+02     .37285E-01         .000      .086
   6.620     .20066E+00     .20066E+00     .60842E+03    -.18314E+03    -.10318E+01         .000      .086
   6.630     .17942E+00     .17942E+00     .12421E+04    -.32386E+03    -.34063E+01         .000      .085
   6.640     .13052E+00     .13052E+00     .16270E+04    -.37280E+03    -.63416E+01         .000      .085
   6.650     .55232E-01     .55232E-01     .16778E+04    -.33336E+03    -.85120E+01         .000      .085
   6.660    -.35057E-01    -.35057E-01     .15932E+04    -.28910E+03    -.93198E+01         .000      .085
   6.670    -.12743E+00    -.12743E+00     .15779E+04    -.29653E+03    -.90050E+01         .000      .086
   6.680    -.21392E+00    -.21392E+00     .16674E+04    -.35581E+03    -.83168E+01         .000      .086
   6.690    -.29524E+00    -.29524E+00     .18134E+04    -.45910E+03    -.80594E+01         .000      .086
   6.700    -.37627E+00    -.37627E+00     .18672E+04    -.51638E+03    -.81220E+01         .000      .086
   6.710    -.45661E+00    -.45661E+00     .17589E+04    -.49395E+03    -.78646E+01         .000      .086
   6.720    -.53163E+00    -.53163E+00     .14697E+04    -.41707E+03    -.70417E+01         .000      .086
   6.730    -.59620E+00    -.59620E+00     .12017E+04    -.38703E+03    -.58616E+01         .000      .086
   6.740    -.64922E+00    -.64922E+00     .10201E+04    -.38532E+03    -.47715E+01         .000      .086
   6.750    -.69210E+00    -.69210E+00     .83498E+03    -.37373E+03    -.38147E+01         .000      .086
   6.760    -.72532E+00    -.72532E+00     .60976E+03    -.34657E+03    -.28031E+01         .000      .086
   6.770    -.74755E+00    -.74755E+00     .38828E+03    -.31820E+03    -.16137E+01         .000      .086
   6.780    -.75708E+00    -.75708E+00     .23952E+03    -.30711E+03    -.27554E+00         .000      .086
   6.790    -.75330E+00    -.75330E+00     .33270E+03    -.34815E+03     .96280E+00         .000      .086
   6.800    -.73960E+00    -.73960E+00     .72812E+03    -.39743E+03     .16997E+01         .000      .086
   6.810    -.72044E+00    -.72044E+00     .11353E+04    -.41363E+03     .20964E+01         .000      .086
   6.820    -.69803E+00    -.69803E+00     .14689E+04    -.40818E+03     .23790E+01         .000      .086
   6.830    -.67293E+00    -.67293E+00     .16124E+04    -.36798E+03     .26738E+01         .000      .086
   6.840    -.64371E+00    -.64371E+00     .16557E+04    -.33267E+03     .31863E+01         .000      .086
   6.850    -.60838E+00    -.60838E+00     .11983E+04    -.26528E+03     .39529E+01         .000      .086
   6.860    -.56389E+00    -.56389E+00     .87664E+03    -.23606E+03     .49539E+01         .000      .086
   6.870    -.51079E+00    -.51079E+00     .87295E+03    -.25240E+03     .55168E+01         .000      .086
   6.880    -.45675E+00    -.45675E+00     .78028E+03    -.22142E+03     .51186E+01         .000      .086
   6.890    -.41055E+00    -.41055E+00     .53306E+03    -.16913E+03     .40685E+01         .000      .086
   6.900    -.37576E+00    -.37576E+00     .16774E+03    -.13711E+03     .28864E+01         .000      .086
   6.910    -.35403E+00    -.35403E+00    -.19396E+03    -.12664E+03     .14007E+01         .000      .086
   6.920    -.34809E+00    -.34809E+00    -.73629E+03    -.69183E+02    -.18934E+00         .000      .086
   6.930    -.35598E+00    -.35598E+00    -.16980E+04     .62352E+02    -.12308E+01         .000      .086
   6.940    -.36824E+00    -.36824E+00    -.27941E+04     .22386E+03    -.10184E+01         .000      .086
   6.950    -.37517E+00    -.37517E+00    -.34519E+04     .24259E+03    -.43303E+00         .000      .086
   6.960    -.37913E+00    -.37913E+00    -.38460E+04     .22807E+03    -.47219E+00         .000      .086
   6.970    -.38584E+00    -.38584E+00    -.44448E+04     .25776E+03    -.87057E+00         .000      .086
   6.980    -.39611E+00    -.39611E+00    -.50961E+04     .28405E+03    -.11570E+01         .000      .086
   6.990    -.40812E+00    -.40812E+00    -.57749E+04     .32023E+03    -.11772E+01         .000      .086
   7.000    -.41822E+00    -.41822E+00    -.63578E+04     .35047E+03    -.78445E+00         .000      .086
   7.010    -.42220E+00    -.42220E+00    -.66322E+04     .32420E+03     .70608E-01         .000      .086
   7.020    -.41549E+00    -.41549E+00    -.64115E+04     .22656E+03     .13300E+01         .000      .086
   7.030    -.39574E+00    -.39574E+00    -.57066E+04     .10932E+03     .25696E+01         .000      .086
   7.040    -.36616E+00    -.36616E+00    -.47484E+04     .39597E+02     .32059E+01         .000      .086
   7.050    -.33329E+00    -.33329E+00    -.43213E+04     .94562E+02     .34209E+01         .000      .086
   7.060    -.29478E+00    -.29478E+00    -.44993E+04     .20366E+03     .43529E+01         .000      .086
   7.070    -.24717E+00    -.24717E+00    -.44617E+04     .24366E+03     .50273E+01         .000      .086
   7.080    -.19611E+00    -.19611E+00    -.42915E+04     .26283E+03     .51451E+01         .000      .086
   7.090    -.14474E+00    -.14474E+00    -.40239E+04     .25877E+03     .51137E+01         .000      .086
   7.100    -.94649E-01    -.94649E-01    -.36110E+04     .23905E+03     .48464E+01         .000      .086
   7.110    -.49253E-01    -.49253E-01    -.30995E+04     .20509E+03     .41420E+01         .000      .086
   7.120    -.13624E-01    -.13624E-01    -.25423E+04     .14770E+03     .28930E+01         .000      .086
   7.130     .66782E-02     .66782E-02    -.20531E+04     .87172E+02     .10792E+01         .000      .086
   7.140     .67261E-02     .67261E-02    -.18785E+04     .85484E+02    -.10634E+01         .000      .086
   7.150    -.12478E-01    -.12478E-01    -.24590E+04     .16129E+03    -.26316E+01         .000      .086
   7.160    -.43018E-01    -.43018E-01    -.33714E+04     .21660E+03    -.33483E+01         .000      .086
   7.170    -.79222E-01    -.79222E-01    -.33127E+04     .13399E+03    -.40397E+01         .000      .086
   7.180    -.12506E+00    -.12506E+00    -.33544E+04     .14107E+03    -.51114E+01         .000      .086
   7.190    -.18072E+00    -.18072E+00    -.35875E+04     .17286E+03    -.59917E+01         .000      .086
   7.200    -.24455E+00    -.24455E+00    -.38700E+04     .19145E+03    -.67708E+01         .000      .086
   7.210    -.31635E+00    -.31635E+00    -.41824E+04     .20326E+03    -.76071E+01         .000      .086
   7.220    -.39675E+00    -.39675E+00    -.45676E+04     .22335E+03    -.84568E+01         .000      .086
   7.230    -.48467E+00    -.48467E+00    -.49820E+04     .25129E+03    -.90708E+01         .000      .086
   7.240    -.57677E+00    -.57677E+00    -.54142E+04     .29015E+03    -.92691E+01         .000      .086
   7.250    -.66761E+00    -.66761E+00    -.57418E+04     .30094E+03    -.87579E+01         .000      .086
   7.260    -.74931E+00    -.74931E+00    -.57877E+04     .25014E+03    -.74634E+01         .000      .086
   7.270    -.81570E+00    -.81570E+00    -.55130E+04     .15768E+03    -.58012E+01         .000      .086
   7.280    -.86469E+00    -.86469E+00    -.51323E+04     .11191E+03    -.38784E+01         .000      .087
   7.290    -.89134E+00    -.89134E+00    -.46594E+04     .29937E+02    -.14193E+01         .000      .087
   7.300    -.89390E+00    -.89390E+00    -.39037E+04    -.12883E+03     .78606E+00         .000      .087
   7.310    -.87885E+00    -.87885E+00    -.27773E+04    -.24965E+03     .20742E+01         .000      .087
   7.320    -.85394E+00    -.85394E+00    -.15690E+04    -.30115E+03     .28837E+01         .000      .087
   7.330    -.82162E+00    -.82162E+00    -.27355E+03    -.32301E+03     .35635E+01         .000      .087
   7.340    -.78149E+00    -.78149E+00     .53592E+03    -.28792E+03     .45883E+01         .000      .086
   7.350    -.72729E+00    -.72729E+00     .93160E+03    -.27393E+03     .63318E+01         .000      .086
   7.360    -.65476E+00    -.65476E+00     .15716E+04    -.34801E+03     .80961E+01         .000      .086
   7.370    -.56892E+00    -.56892E+00     .23079E+04    -.45697E+03     .88821E+01         .000      .086
   7.380    -.47999E+00    -.47999E+00     .29022E+04    -.48941E+03     .88147E+01         .000      .086
   7.390    -.39576E+00    -.39576E+00     .32603E+04    -.44698E+03     .77937E+01         .000      .086
   7.400    -.32985E+00    -.32985E+00     .34214E+04    -.36691E+03     .50546E+01         .000      .086
   7.410    -.30010E+00    -.30010E+00     .32582E+04    -.23514E+03     .69561E+00         .000      .086
   7.420    -.31567E+00    -.31567E+00     .22574E+04    -.65106E+02    -.35831E+01         .000      .086
   7.430    -.36654E+00    -.36654E+00     .11762E+03     .84731E+02    -.62934E+01         .000      .086
   7.440    -.43957E+00    -.43957E+00    -.60392E+03     .11121E+02    -.85553E+01         .000      .086
   7.450    -.53849E+00    -.53849E+00    -.15838E+04     .11291E+03    -.11065E+02         .000      .087
   7.460    -.65648E+00    -.65648E+00    -.28658E+04     .22783E+03    -.12336E+02         .000      .087
   7.470    -.78284E+00    -.78284E+00    -.39726E+04     .25131E+03    -.12898E+02         .000      .087
   7.480    -.91499E+00    -.91499E+00    -.48442E+04     .24528E+03    -.13551E+02         .000      .087
   7.490    -.10520E+01    -.10520E+01    -.57157E+04     .31333E+03    -.13706E+02         .000      .087
   7.500    -.11890E+01    -.11890E+01    -.62199E+04     .21946E+03    -.13823E+02         .000      .087
   7.510    -.13316E+01    -.13316E+01    -.68794E+04     .15650E+03    -.14779E+02         .000      .088
   7.520    -.14824E+01    -.14824E+01    -.77345E+04     .20396E+03    -.15149E+02         .000      .088
   7.530    -.16330E+01    -.16330E+01    -.81065E+04     .21386E+03    -.14883E+02         .000      .088
   7.540    -.17755E+01    -.17755E+01    -.86845E+04     .37191E+03    -.13320E+02         .000      .088
   7.550    -.18938E+01    -.18938E+01    -.91906E+04     .48277E+03    -.10126E+02         .000      .089
   7.560    -.19750E+01    -.19750E+01    -.94643E+04     .52424E+03    -.60150E+01         .000      .089
   7.570    -.20118E+01    -.20118E+01    -.93841E+04     .48667E+03    -.12799E+01         .000      .089
   7.580    -.20040E+01    -.20040E+01    -.81119E+04     .22233E+03     .24800E+01         .000      .089
   7.590    -.19704E+01    -.19704E+01    -.59204E+04     .57539E+01     .38892E+01         .000      .089
   7.600    -.19312E+01    -.19312E+01    -.39830E+04    -.97562E+02     .37557E+01         .000      .089
   7.610    -.18957E+01    -.18957E+01    -.27380E+04    -.12225E+01     .34957E+01         .000      .089
   7.620    -.18598E+01    -.18598E+01    -.12747E+04    -.97440E+02     .34716E+01         .000      .089
   7.630    -.18291E+01    -.18291E+01    -.90359E+03    -.48138E+02     .27300E+01         .000      .088
   7.640    -.18037E+01    -.18037E+01    -.60436E+03     .11786E+02     .24244E+01         .000      .088
   7.650    -.17795E+01    -.17795E+01    -.23461E+03     .17448E+02     .24263E+01         .000      .088
   7.660    -.17560E+01    -.17560E+01     .20235E+03    -.62966E+02     .21452E+01         .000      .088
   7.670    -.17386E+01    -.17386E+01     .58157E+03    -.11445E+03     .13048E+01         .000      .088
   7.680    -.17299E+01    -.17299E+01     .84872E+03    -.13231E+03     .45618E+00         .000      .088
   7.690    -.17291E+01    -.17291E+01     .10754E+04    -.18454E+03    -.30625E+00         .000      .088
   7.700    -.17376E+01    -.17376E+01     .12868E+04    -.29937E+03    -.15345E+01         .000      .088
   7.710    -.17615E+01    -.17615E+01     .10180E+04    -.33927E+03    -.32413E+01         .000      .088
   7.720    -.18010E+01    -.18010E+01    -.23822E+02    -.27822E+03    -.44881E+01         .000      .088
   7.730    -.18470E+01    -.18470E+01    -.14889E+04    -.16573E+03    -.45149E+01         .000      .088
   7.740    -.18872E+01    -.18872E+01    -.26849E+04    -.10909E+03    -.33663E+01         .000      .088
   7.750    -.19142E+01    -.19142E+01    -.26154E+04    -.18282E+03    -.20725E+01         .000      .088
   7.760    -.19289E+01    -.19289E+01    -.25961E+04    -.18843E+03    -.86246E+00         .000      .088
   7.770    -.19315E+01    -.19315E+01    -.25746E+04    -.18481E+03     .34355E+00         .000      .088
   7.780    -.19228E+01    -.19228E+01    -.22897E+04    -.21598E+03     .13407E+01         .000      .088
   7.790    -.19059E+01    -.19059E+01    -.18341E+04    -.24118E+03     .19736E+01         .000      .088
   7.800    -.18839E+01    -.18839E+01    -.13604E+04    -.24519E+03     .24105E+01         .000      .088
   7.810    -.18577E+01    -.18577E+01    -.87360E+03    -.23832E+03     .28421E+01         .000      .088
   7.820    -.18270E+01    -.18270E+01    -.32062E+03    -.23276E+03     .32987E+01         .000      .088
   7.830    -.17919E+01    -.17919E+01     .34374E+03    -.23797E+03     .36912E+01         .000      .088
   7.840    -.17537E+01    -.17537E+01     .11155E+04    -.26138E+03     .39318E+01         .000      .088
   7.850    -.17131E+01    -.17131E+01     .14303E+04    -.20567E+03     .43187E+01         .000      .088
   7.860    -.16655E+01    -.16655E+01     .14659E+04    -.22359E+03     .51960E+01         .000      .088
   7.870    -.16105E+01    -.16105E+01     .15563E+04    -.26670E+03     .57170E+01         .000      .088
   7.880    -.15522E+01    -.15522E+01     .16397E+04    -.29558E+03     .59057E+01         .000      .088
   7.890    -.14934E+01    -.14934E+01     .16915E+04    -.31895E+03     .58206E+01         .000      .088
   7.900    -.14363E+01    -.14363E+01     .16168E+04    -.31410E+03     .55797E+01         .000      .088
   7.910    -.13819E+01    -.13819E+01     .14079E+04    -.29578E+03     .53042E+01         .000      .088
   7.920    -.13300E+01    -.13300E+01     .10758E+04    -.26754E+03     .50998E+01         .000      .088
   7.930    -.12798E+01    -.12798E+01     .61800E+03    -.21606E+03     .49264E+01         .000      .088
   7.940    -.12314E+01    -.12314E+01     .38661E+02    -.15388E+03     .47497E+01         .000      .088
   7.950    -.11897E+01    -.11897E+01    -.37342E+03    -.11656E+03     .32472E+01         .000      .088
   7.960    -.11698E+01    -.11698E+01    -.10744E+04     .30801E+02     .70319E+00         .000      .088
   7.970    -.11735E+01    -.11735E+01    -.21740E+04     .23208E+03    -.11751E+01         .000      .088
   7.980    -.11888E+01    -.11888E+01    -.35892E+04     .40400E+03    -.17623E+01         .000      .088
   7.990    -.12072E+01    -.12072E+01    -.48288E+04     .53169E+03    -.18877E+01         .000      .088
   8.000    -.12289E+01    -.12289E+01    -.58005E+04     .53011E+03    -.26591E+01         .000      .088
   8.010    -.12627E+01    -.12627E+01    -.70747E+04     .58193E+03    -.40784E+01         .000      .088
   8.020    -.13078E+01    -.13078E+01    -.86672E+04     .67854E+03    -.47568E+01         .000      .088
   8.030    -.13620E+01    -.13620E+01    -.87605E+04     .52248E+03    -.64706E+01         .000      .088
   8.040    -.14408E+01    -.14408E+01    -.91827E+04     .59776E+03    -.92728E+01         .000      .088
   8.050    -.15453E+01    -.15453E+01    -.96530E+04     .66799E+03    -.11527E+02         .000      .088
   8.060    -.16704E+01    -.16704E+01    -.10119E+05     .66941E+03    -.13466E+02         .000      .089
   8.070    -.18126E+01    -.18126E+01    -.10616E+05     .68408E+03    -.14775E+02         .000      .089
   8.080    -.19607E+01    -.19607E+01    -.11103E+05     .72642E+03    -.14542E+02         .000      .089
   8.090    -.20996E+01    -.20996E+01    -.11429E+05     .74519E+03    -.13167E+02         .000      .090
   8.100    -.23466E+01    -.23466E+01    -.11862E+05    -.15689E+05    -.67156E+02         .000      .091
   8.110    -.42034E+01    -.42034E+01    -.12329E+05    -.42406E+05    -.34468E+03         .000      .146
   8.120    -.10716E+02    -.10716E+02    -.12666E+05    -.97647E+05    -.10498E+04         .000      .436
   8.130    -.27060E+02    -.27060E+02    -.10626E+05    -.15390E+06    -.23125E+04         .000     1.338
