


 TIME HISTORY FOR STORY NO.  3



    TIME   DISPLACEMENT    STORY DRIFT    STORY SHEAR   ACCELERATION     VELOCITY          DAMAGE    DAMAGE
                                                                                          BEAM-SLAB  COL-WALL

    .000     .00000E+00     .00000E+00     .00000E+00     .00000E+00     .00000E+00         .000      .000
    .010    -.30565E-05     .63039E-07     .15915E-01    -.42842E-02    -.59103E-03         .000      .000
    .020    -.12205E-04    -.55087E-06     .68513E-01    -.61690E-02    -.13049E-02         .000      .000
    .030    -.29121E-04    -.38406E-05     .86841E-01     .53602E-02    -.20104E-02         .000      .000
    .040    -.51946E-04    -.10842E-04     .35785E-01     .24635E-01    -.25796E-02         .000      .000
    .050    -.79941E-04    -.21017E-04    -.51476E-01     .36438E-01    -.29210E-02         .000      .000
    .060    -.10929E-03    -.33755E-04    -.16588E+00     .47835E-01    -.29352E-02         .000      .000
    .070    -.13773E-03    -.47885E-04    -.30810E+00     .56969E-01    -.26775E-02         .000      .000
    .080    -.16251E-03    -.61451E-04    -.43100E+00     .61901E-01    -.23224E-02         .000      .000
    .090    -.18465E-03    -.72797E-04    -.48099E+00     .57763E-01    -.21097E-02         .000      .000
    .100    -.20667E-03    -.81949E-04    -.44183E+00     .50597E-01    -.24805E-02         .000      .000
    .110    -.23622E-03    -.90731E-04    -.31947E+00     .41239E-01    -.34383E-02         .000      .000
    .120    -.27529E-03    -.10316E-03    -.20834E+00     .50474E-01    -.43458E-02         .000      .000
    .130    -.32086E-03    -.12251E-03    -.24142E+00     .74841E-01    -.45778E-02         .000      .000
    .140    -.36502E-03    -.14811E-03    -.42718E+00     .92233E-01    -.42714E-02         .000      .000
    .150    -.40468E-03    -.17589E-03    -.63844E+00     .80536E-01    -.34839E-02         .000      .000
    .160    -.43271E-03    -.20235E-03    -.83241E+00     .67989E-01    -.20898E-02         .000      .000
    .170    -.44597E-03    -.22366E-03    -.99348E+00     .53922E-01    -.55274E-03         .000      .000
    .180    -.44434E-03    -.23558E-03    -.98212E+00     .23862E-01     .81212E-03         .000      .000
    .190    -.43026E-03    -.23763E-03    -.77319E+00    -.12669E-01     .20221E-02         .000      .000
    .200    -.40174E-03    -.23311E-03    -.50234E+00    -.37442E-01     .38861E-02         .000      .000
    .210    -.34807E-03    -.22473E-03    -.35194E+00    -.50372E-01     .70808E-02         .000      .000
    .220    -.25847E-03    -.20986E-03    -.32571E+00    -.89232E-01     .10755E-01         .000      .000
    .230    -.13780E-03    -.18178E-03    -.18171E+00    -.18737E+00     .12982E-01         .000      .000
    .240    -.12166E-04    -.13778E-03     .28287E+00    -.31154E+00     .11231E-01         .000      .000
    .250     .76452E-04    -.84498E-04     .10893E+01    -.39763E+00     .64051E-02         .000      .000
    .260     .11199E-03    -.38949E-04     .17647E+01    -.34797E+00     .40861E-03         .000      .000
    .270     .80777E-04    -.13662E-04     .20171E+01    -.24790E+00    -.67929E-02         .000      .000
    .280    -.23629E-04    -.14617E-04     .19974E+01    -.16318E+00    -.13910E-01         .000      .000
    .290    -.19384E-03    -.49307E-04     .14668E+01    -.31708E-01    -.19934E-01         .000      .000
    .300    -.41346E-03    -.11684E-03     .31074E+00     .14393E+00    -.23320E-01         .000      .000
    .310    -.64513E-03    -.20456E-03    -.12486E+01     .33985E+00    -.22190E-01         .000      .000
    .320    -.84762E-03    -.29195E-03    -.28536E+01     .49503E+00    -.18205E-01         .000      .000
    .330    -.10148E-02    -.35670E-03    -.38037E+01     .51781E+00    -.15915E-01         .000      .000
    .340    -.11766E-02    -.39322E-03    -.36342E+01     .46572E+00    -.16770E-01         .000      .000
    .350    -.13552E-02    -.42210E-03    -.29214E+01     .51336E+00    -.19077E-01         .000      .000
    .360    -.15659E-02    -.46841E-03    -.24060E+01     .63272E+00    -.23764E-01         .000      .000
    .370    -.18293E-02    -.54662E-03    -.20168E+01     .67815E+00    -.28095E-01         .000      .000
    .380    -.21035E-02    -.67347E-03    -.23455E+01     .78062E+00    -.25089E-01         .000      .000
    .390    -.22958E-02    -.84507E-03    -.42051E+01     .92673E+00    -.11601E-01         .000      .000
    .400    -.23068E-02    -.10112E-02    -.67203E+01     .86938E+00     .10416E-01         .000      .000
    .410    -.20800E-02    -.11035E-02    -.82192E+01     .50529E+00     .34697E-01         .000      .000
    .420    -.16344E-02    -.10748E-02    -.75771E+01    -.60781E-01     .52566E-01         .000      .000
    .430    -.10745E-02    -.91881E-03    -.44017E+01    -.67200E+00     .56769E-01         .000      .000
    .440    -.56225E-03    -.67900E-03     .82949E+00    -.11736E+01     .42082E-01         .000      .000
    .450    -.28663E-03    -.44228E-03     .68341E+01    -.14695E+01     .11320E-01         .000      .000
    .460    -.36592E-03    -.32029E-03     .11222E+02    -.13803E+01    -.28410E-01         .000      .000
    .470    -.87867E-03    -.39589E-03     .12137E+02    -.10185E+01    -.75378E-01         .000      .000
    .480    -.18700E-02    -.69541E-03     .97858E+01    -.54490E+00    -.12127E+00         .000      .000
    .490    -.32518E-02    -.12129E-02     .39930E+01     .28556E+00    -.15139E+00         .000      .000
    .500    -.48199E-02    -.18882E-02    -.51227E+01     .13860E+01    -.15830E+00         .000      .000
    .510    -.63516E-02    -.25932E-02    -.14797E+02     .22429E+01    -.14555E+00         .000      .000
    .520    -.76584E-02    -.32005E-02    -.21797E+02     .26689E+01    -.11104E+00         .000      .000
    .530    -.84621E-02    -.36466E-02    -.26290E+02     .30593E+01    -.43367E-01         .000      .000
    .540    -.84055E-02    -.38762E-02    -.29752E+02     .32869E+01     .60134E-01         .000      .000
    .550    -.71738E-02    -.37807E-02    -.30761E+02     .26223E+01     .18906E+00         .000      .000
    .560    -.46173E-02    -.32462E-02    -.26902E+02     .78228E+00     .32010E+00         .000      .000
    .570    -.84773E-03    -.22145E-02    -.16952E+02    -.19204E+01     .42856E+00         .000      .000
    .580     .38018E-02    -.70947E-03    -.12574E+01    -.48564E+01     .49164E+00         .000      .000
    .590     .87841E-02     .11652E-02     .19239E+02    -.76622E+01     .49461E+00         .000      .000
    .600     .13526E-01     .32100E-02     .41923E+02    -.98457E+01     .44754E+00         .000      .000
    .610     .17624E-01     .51596E-02     .60799E+02    -.10861E+02     .36717E+00         .000      .000
    .620     .20805E-01     .68135E-02     .71611E+02    -.10980E+02     .26711E+00         .000      .000
    .630     .22917E-01     .80881E-02     .73799E+02    -.10480E+02     .15236E+00         .000      .000
    .640     .23806E-01     .89905E-02     .69030E+02    -.93954E+01     .23834E-01         .000      .000
    .650     .23365E-01     .95635E-02     .59644E+02    -.73898E+01    -.11313E+00         .000      .000
    .660     .21512E-01     .98453E-02     .47732E+02    -.43707E+01    -.25937E+00         .000      .000
    .670     .18130E-01     .98371E-02     .35990E+02    -.69183E+00    -.42004E+00         .000      .000
    .680     .13101E-01     .94392E-02     .25161E+02     .35736E+01    -.58380E+00         .000      .000
    .690     .65642E-02     .84478E-02     .10983E+02     .88365E+01    -.71435E+00         .000      .000
    .700    -.95834E-03     .67100E-02    -.12107E+02     .14778E+02    -.77696E+00         .000      .000
    .710    -.86799E-02     .42940E-02    -.43779E+02     .20011E+02    -.75167E+00         .000      .000
    .720    -.15637E-01     .14780E-02    -.78900E+02     .23597E+02    -.62034E+00         .000      .000
    .730    -.20706E-01    -.13349E-02    -.11264E+03     .25467E+02    -.37492E+00         .000      .000
    .740    -.22887E-01    -.36281E-02    -.13804E+03     .24956E+02    -.55231E-01         .000      .000
    .750    -.21814E-01    -.48733E-02    -.14284E+03     .20910E+02     .26325E+00         .000      .000
    .760    -.17803E-01    -.48365E-02    -.11956E+03     .14066E+02     .52802E+00         .000      .000
    .770    -.11506E-01    -.37348E-02    -.75071E+02     .66163E+01     .71776E+00         .000      .000
    .780    -.37338E-02    -.20171E-02    -.21852E+02    -.71272E+00     .82174E+00         .000      .000
    .790     .46549E-02    -.13519E-03     .31012E+02    -.82563E+01     .84358E+00         .000      .000
    .800     .12945E-01     .15239E-02     .74932E+02    -.15477E+02     .80803E+00         .000      .000
    .810     .20690E-01     .27500E-02     .10219E+03    -.21446E+02     .73497E+00         .000      .000
    .820     .27524E-01     .36449E-02     .11397E+03    -.26266E+02     .62562E+00         .000      .000
    .830     .33088E-01     .45033E-02     .11901E+03    -.29932E+02     .48233E+00         .000      .000
    .840     .37056E-01     .55529E-02     .12327E+03    -.31645E+02     .30510E+00         .000      .000
    .850     .39082E-01     .68464E-02     .12868E+03    -.31055E+02     .95425E-01         .000      .000
    .860     .38840E-01     .82380E-02     .13398E+03    -.28192E+02    -.15156E+00         .000      .000
    .870     .35925E-01     .94136E-02     .13562E+03    -.23431E+02    -.43628E+00         .000      .000
    .880     .30081E-01     .99485E-02     .12724E+03    -.16519E+02    -.73087E+00         .000      .000
    .890     .21361E-01     .94626E-02     .10114E+03    -.73302E+01    -.10096E+01         .000      .000
    .900     .10035E-01     .78241E-02     .57269E+02     .30049E+01    -.12450E+01         .000      .000
    .910    -.32686E-02     .51244E-02     .74911E+00     .13857E+02    -.13994E+01         .000      .000
    .920    -.17618E-01     .16030E-02    -.63062E+02     .24720E+02    -.14534E+01         .000      .000
    .930    -.31942E-01    -.23722E-02    -.12546E+03     .34408E+02    -.13893E+01         .000      .000
    .940    -.44892E-01    -.64312E-02    -.17947E+03     .42375E+02    -.11719E+01         .000      .000
    .950    -.54723E-01    -.10235E-01    -.22397E+03     .48100E+02    -.75798E+00         .000      .000
    .960    -.59358E-01    -.13337E-01    -.25816E+03     .50073E+02    -.13692E+00         .000      .000
    .970    -.57153E-01    -.15083E-01    -.27424E+03     .45781E+02     .57556E+00         .000      .000
    .980    -.48223E-01    -.14777E-01    -.25282E+03     .33225E+02     .11755E+01         .000      .000
    .990    -.34449E-01    -.12259E-01    -.18189E+03     .15619E+02     .15363E+01         .000      .000
   1.000    -.18368E-01    -.82260E-02    -.77636E+02    -.65520E+00     .16379E+01         .000      .000
   1.010    -.23151E-02    -.37847E-02     .33067E+02    -.13400E+02     .15524E+01         .000      .000
   1.020     .12466E-01     .28050E-04     .12633E+03    -.23255E+02     .14022E+01         .000      .000
   1.030     .25703E-01     .25824E-02     .18296E+03    -.31654E+02     .12435E+01         .000      .000
   1.040     .37245E-01     .39464E-02     .20233E+03    -.40237E+02     .10573E+01         .000      .000
   1.050     .46616E-01     .47089E-02     .19961E+03    -.48013E+02     .80225E+00         .000      .000
   1.060     .53020E-01     .55385E-02     .19178E+03    -.52380E+02     .46729E+00         .000      .000
   1.070     .55800E-01     .68270E-02     .18924E+03    -.51499E+02     .83894E-01         .000      .000
   1.080     .54684E-01     .85322E-02     .19269E+03    -.45690E+02    -.30427E+00         .000      .000
   1.090     .49905E-01     .10214E-01     .19401E+03    -.36407E+02    -.63569E+00         .000      .000
   1.100     .42381E-01     .11256E-01     .17682E+03    -.24515E+02    -.84431E+00         .000      .000
   1.110     .33498E-01     .11318E-01     .12873E+03    -.11524E+02    -.91006E+00         .000      .000
   1.120     .24602E-01     .10665E-01     .56319E+02     .21661E+00    -.84983E+00         .000      .000
   1.130     .16819E-01     .99731E-02    -.21797E+02     .10067E+02    -.69426E+00         .000      .000
   1.140     .10930E-01     .99675E-02    -.87108E+02     .18424E+02    -.47471E+00         .000      .000
   1.150     .73333E-02     .11144E-01    -.12571E+03     .25283E+02    -.25295E+00         .000      .000
   1.160     .55834E-02     .13574E-01    -.12834E+03     .29494E+02    -.11768E+00         .000      .000
   1.170     .45409E-02     .16696E-01    -.97756E+02     .31570E+02    -.11321E+00         .000      .000
   1.180     .28261E-02     .19384E-01    -.55388E+02     .33606E+02    -.25600E+00         .000      .000
   1.190    -.87320E-03     .20460E-01    -.23682E+02     .36037E+02    -.48688E+00         .000      .000
   1.200    -.68216E-02     .19091E-01    -.20961E+02     .39564E+02    -.69067E+00         .000      .000
   1.210    -.14491E-01     .15152E-01    -.54252E+02     .42694E+02    -.83703E+00         .000      .000
   1.220    -.23470E-01     .93307E-02    -.10387E+03     .42322E+02    -.95637E+00         .000      .000
   1.230    -.33500E-01     .25069E-02    -.14586E+03     .39641E+02    -.10390E+01         .000      .000
   1.240    -.44014E-01    -.47279E-02    -.17441E+03     .37878E+02    -.10502E+01         .000      .000
   1.250    -.54095E-01    -.11949E-01    -.18832E+03     .36376E+02    -.93951E+00         .000      .000
   1.260    -.62243E-01    -.18852E-01    -.18776E+03     .33154E+02    -.66120E+00         .000      .000
   1.270    -.66806E-01    -.25213E-01    -.17884E+03     .26457E+02    -.22978E+00         .000      .000
   1.280    -.66592E-01    -.30689E-01    -.16389E+03     .15137E+02     .27553E+00         .000      .000
   1.290    -.61442E-01    -.34786E-01    -.13704E+03    -.46233E+00     .73738E+00         .000      .000
   1.300    -.52294E-01    -.37077E-01    -.89630E+02    -.18278E+02     .10655E+01         .000      .000
   1.310    -.40692E-01    -.37476E-01    -.20558E+02    -.35231E+02     .12268E+01         .000      .000
   1.320    -.28291E-01    -.36293E-01     .61692E+02    -.49331E+02     .12285E+01         .000      .000
   1.330    -.16498E-01    -.34110E-01     .14370E+03    -.60121E+02     .11176E+01         .000      .000
   1.340    -.61996E-02    -.31599E-01     .20812E+03    -.67283E+02     .92858E+00         .000      .000
   1.350     .19125E-02    -.29213E-01     .24388E+03    -.71391E+02     .69113E+00         .000      .000
   1.360     .76179E-02    -.27084E-01     .24783E+03    -.71721E+02     .45261E+00         .000      .000
   1.370     .10993E-01    -.25004E-01     .22302E+03    -.67975E+02     .22225E+00         .000      .000
   1.380     .12004E-01    -.22490E-01     .18521E+03    -.61433E+02    -.26035E-01         .000      .000
   1.390     .10083E-01    -.19190E-01     .15232E+03    -.52606E+02    -.39086E+00         .000      .000
   1.400     .33775E-02    -.15277E-01     .13725E+03    -.41589E+02    -.99803E+00         .000      .000
   1.410    -.10483E-01    -.11790E-01     .13636E+03    -.25578E+02    -.17849E+01         .000      .000
   1.420    -.32018E-01    -.10512E-01     .11097E+03     .30476E+00    -.24802E+01         .000      .000
   1.430    -.58914E-01    -.12789E-01     .18559E+02     .33348E+02    -.28266E+01         .000      .000
   1.440    -.87109E-01    -.18415E-01    -.13900E+03     .63299E+02    -.27446E+01         .000      .000
   1.450    -.11256E+00    -.25831E-01    -.32144E+03     .83277E+02    -.22913E+01         .000      .000
   1.460    -.13204E+00    -.33037E-01    -.48638E+03     .94649E+02    -.15698E+01         .000      .000
   1.470    -.14325E+00    -.38172E-01    -.59958E+03     .10022E+03    -.63422E+00         .000      .000
   1.480    -.14412E+00    -.39910E-01    -.63861E+03     .10045E+03     .48183E+00         .000      .000
   1.490    -.13337E+00    -.37683E-01    -.59574E+03     .91927E+02     .16700E+01         .000      .000
   1.500    -.11104E+00    -.31773E-01    -.47796E+03     .72346E+02     .27629E+01         .000      .000
   1.510    -.78982E-01    -.23223E-01    -.31067E+03     .43966E+02     .35954E+01         .000      .000
   1.520    -.40307E-01    -.13381E-01    -.12701E+03     .11673E+02     .40782E+01         .000      .000
   1.530     .12547E-02    -.33668E-02     .47168E+02    -.20533E+02     .41640E+01         .000      .000
   1.540     .41583E-01     .61610E-02     .20429E+03    -.50971E+02     .38335E+01         .000      .000
   1.550     .76787E-01     .14723E-01     .34309E+03    -.76667E+02     .31635E+01         .000      .000
   1.560     .10402E+00     .21748E-01     .45001E+03    -.93294E+02     .22461E+01         .000      .000
   1.570     .12097E+00     .26825E-01     .51731E+03    -.10113E+03     .11070E+01         .000      .000
   1.580     .12563E+00     .29646E-01     .55070E+03    -.10121E+03    -.19230E+00         .000      .000
   1.590     .11702E+00     .29637E-01     .54177E+03    -.90772E+02    -.15239E+01         .000      .000
   1.600     .95541E-01     .26242E-01     .47397E+03    -.69134E+02    -.27396E+01         .000      .000
   1.610     .63174E-01     .19438E-01     .34643E+03    -.39561E+02    -.36717E+01         .000      .000
   1.620     .23597E-01     .97883E-02     .16901E+03    -.56377E+01    -.41582E+01         .000      .000
   1.630    -.18330E-01    -.15671E-02    -.42209E+02     .28612E+02    -.41491E+01         .000      .000
   1.640    -.57903E-01    -.12935E-01    -.25346E+03     .57811E+02    -.36973E+01         .000      .000
   1.650    -.91003E-01    -.22604E-01    -.42733E+03     .79789E+02    -.28642E+01         .000      .000
   1.660    -.11425E+00    -.29360E-01    -.54440E+03     .94551E+02    -.17518E+01         .000      .000
   1.670    -.12555E+00    -.32486E-01    -.59281E+03     .99963E+02    -.49483E+00         .000      .000
   1.680    -.12421E+00    -.31871E-01    -.56849E+03     .94830E+02     .74490E+00         .000      .000
   1.690    -.11125E+00    -.28047E-01    -.48097E+03     .79795E+02     .18077E+01         .000      .000
   1.700    -.89007E-01    -.22034E-01    -.35056E+03     .57798E+02     .25859E+01         .000      .000
   1.710    -.60719E-01    -.15004E-01    -.20137E+03     .32097E+02     .30086E+01         .000      .000
   1.720    -.30031E-01    -.79859E-02    -.50628E+02     .50936E+01     .30740E+01         .000      .000
   1.730    -.29359E-03    -.18144E-02     .86687E+02    -.20190E+02     .28244E+01         .000      .000
   1.740     .25566E-01     .29448E-02     .19941E+03    -.41807E+02     .23080E+01         .000      .000
   1.750     .45325E-01     .60007E-02     .28349E+03    -.58310E+02     .16298E+01         .000      .000
   1.760     .58048E-01     .72166E-02     .33150E+03    -.67574E+02     .91783E+00         .000      .000
   1.770     .63839E-01     .67574E-02     .33991E+03    -.70264E+02     .25222E+00         .000      .000
   1.780     .63351E-01     .51309E-02     .31852E+03    -.68635E+02    -.33651E+00         .000      .000
   1.790     .57384E-01     .28913E-02     .27942E+03    -.63342E+02    -.84257E+00         .000      .000
   1.800     .46800E-01     .42004E-03     .22888E+03    -.53823E+02    -.12585E+01         .000      .000
   1.810     .32645E-01    -.20701E-02     .16978E+03    -.40184E+02    -.15455E+01         .000      .000
   1.820     .16578E-01    -.44740E-02     .10193E+03    -.23346E+02    -.16268E+01         .000      .000
   1.830     .86976E-03    -.66365E-02     .23397E+02    -.55737E+01    -.14817E+01         .000      .000
   1.840    -.12492E-01    -.81486E-02    -.56652E+02     .91588E+01    -.11693E+01         .000      .000
   1.850    -.22189E-01    -.85310E-02    -.12274E+03     .19551E+02    -.75860E+00         .000      .000
   1.860    -.27540E-01    -.75140E-02    -.16795E+03     .27122E+02    -.30997E+00         .000      .000
   1.870    -.28239E-01    -.50185E-02    -.18960E+03     .32585E+02     .18346E+00         .000      .000
   1.880    -.23694E-01    -.11260E-02    -.19096E+03     .36056E+02     .72926E+00         .000      .000
   1.890    -.13702E-01     .40911E-02    -.17312E+03     .34955E+02     .12594E+01         .000      .000
   1.900     .10506E-02     .10531E-01    -.13107E+03     .27956E+02     .16569E+01         .000      .000
   1.910     .18604E-01     .17819E-01    -.65342E+02     .17168E+02     .18062E+01         .000      .000
   1.920     .36181E-01     .25238E-01     .15478E+02     .64450E+01     .16591E+01         .000      .000
   1.930     .50961E-01     .31835E-01     .96987E+02    -.12249E+01     .12654E+01         .000      .000
   1.940     .61073E-01     .36620E-01     .16073E+03    -.44483E+01     .74712E+00         .000      .000
   1.950     .65892E-01     .38873E-01     .18994E+03    -.40296E+01     .22486E+00         .000      .000
   1.960     .65856E-01     .38434E-01     .17914E+03    -.18271E+01    -.21232E+00         .000      .000
   1.970     .62002E-01     .35739E-01     .13482E+03     .97520E+00    -.54301E+00         .000      .000
   1.980     .55286E-01     .31670E-01     .75529E+02     .35328E+01    -.78690E+00         .000      .000
   1.990     .46552E-01     .27153E-01     .21851E+02     .64510E+01    -.94423E+00         .000      .000
   2.000     .36731E-01     .22801E-01    -.16388E+02     .10595E+02    -.10028E+01         .000      .000
   2.010     .26923E-01     .18878E-01    -.37760E+02     .15036E+02    -.93393E+00         .000      .000
   2.020     .18625E-01     .15381E-01    -.48497E+02     .18527E+02    -.69375E+00         .000      .000
   2.030     .13561E-01     .12283E-01    -.59230E+02     .19623E+02    -.30045E+00         .000      .000
   2.040     .12762E-01     .98576E-02    -.68407E+02     .15854E+02     .13583E+00         .000      .000
   2.050     .16059E-01     .85577E-02    -.62163E+02     .70972E+01     .50745E+00         .000      .000
   2.060     .22262E-01     .86010E-02    -.33774E+02    -.33013E+01     .68552E+00         .000      .000
   2.070     .29055E-01     .98490E-02     .20901E+02    -.13483E+02     .65019E+00         .000      .000
   2.080     .34986E-01     .11585E-01     .87612E+02    -.19310E+02     .53244E+00         .000      .000
   2.090     .39633E-01     .12916E-01     .13662E+03    -.20848E+02     .39177E+00         .000      .000
   2.100     .42734E-01     .13462E-01     .16287E+03    -.23252E+02     .22382E+00         .000      .000
   2.110     .43993E-01     .13142E-01     .17055E+03    -.26600E+02     .22094E-01         .000      .000
   2.120     .43104E-01     .11982E-01     .15669E+03    -.27600E+02    -.20027E+00         .000      .000
   2.130     .40067E-01     .10288E-01     .12527E+03    -.25007E+02    -.39866E+00         .000      .000
   2.140     .35371E-01     .85723E-02     .88877E+02    -.19906E+02    -.52564E+00         .000      .000
   2.150     .29879E-01     .72657E-02     .57918E+02    -.14021E+02    -.55581E+00         .000      .000
   2.160     .24640E-01     .65510E-02     .34391E+02    -.82504E+01    -.47070E+00         .000      .000
   2.170     .20671E-01     .64427E-02     .13804E+02    -.29552E+01    -.32443E+00         .000      .000
   2.180     .17990E-01     .69993E-02     .89068E+00    -.17906E+00    -.22725E+00         .000      .000
   2.190     .16112E-01     .81052E-02     .18349E+01     .12820E+01    -.13268E+00         .000      .000
   2.200     .15766E-01     .93121E-02    -.35914E+01     .61519E+01     .91359E-01         .000      .000
   2.210     .18506E-01     .10622E-01    -.28578E+02     .11430E+02     .48280E+00         .000      .000
   2.220     .25830E-01     .12781E-01    -.52611E+02     .10939E+02     .99533E+00         .000      .000
   2.230     .38369E-01     .16585E-01    -.54751E+02     .43241E+01     .14956E+01         .000      .000
   2.240     .55265E-01     .22455E-01    -.24674E+02    -.56399E+01     .18540E+01         .000      .000
   2.250     .74821E-01     .30282E-01     .38324E+02    -.15090E+02     .20253E+01         .000      .000
   2.260     .95144E-01     .39424E-01     .12277E+03    -.22119E+02     .20087E+01         .000      .000
   2.270     .11447E+00     .48916E-01     .21250E+03    -.27401E+02     .18341E+01         .000      .000
   2.280     .13146E+00     .57676E-01     .28702E+03    -.30873E+02     .15495E+01         .000      .000
   2.290     .14528E+00     .64856E-01     .32702E+03    -.31860E+02     .12098E+01         .000      .000
   2.300     .15564E+00     .70184E-01     .32619E+03    -.30204E+02     .86698E+00         .000      .000
   2.310     .16271E+00     .74020E-01     .29434E+03    -.26461E+02     .55164E+00         .000      .000
   2.320     .16679E+00     .77066E-01     .25090E+03    -.21253E+02     .26887E+00         .000      .000
   2.330     .16816E+00     .79949E-01     .21378E+03    -.14728E+02     .80248E-02         .000      .000
   2.340     .16697E+00     .82904E-01     .19160E+03    -.67660E+01    -.24567E+00         .000      .000
   2.350     .16321E+00     .85699E-01     .18251E+03     .23629E+01    -.50885E+00         .000      .000
   2.360     .15665E+00     .87760E-01     .17812E+03     .11936E+02    -.81580E+00         .000      .000
   2.370     .14669E+00     .88371E-01     .16962E+03     .21269E+02    -.11855E+01         .000      .000
   2.380     .13290E+00     .86816E-01     .14662E+03     .31303E+02    -.15653E+01         .000      .000
   2.390     .11562E+00     .82623E-01     .97531E+02     .42935E+02    -.18735E+01         .000      .000
   2.400     .95902E-01     .75901E-01     .23702E+02     .54219E+02    -.20421E+01         .000      .000
   2.410     .75456E-01     .67297E-01    -.60478E+02     .62906E+02    -.20084E+01         .000      .000
   2.420     .56574E-01     .57705E-01    -.14162E+03     .68278E+02    -.17234E+01         .000      .000
   2.430     .41701E-01     .48162E-01    -.20791E+03     .69185E+02    -.12257E+01         .000      .000
   2.440     .32468E-01     .39765E-01    -.23962E+03     .63081E+02    -.60626E+00         .000      .000
   2.450     .29775E-01     .33231E-01    -.22466E+03     .50744E+02     .73531E-01         .000      .000
   2.460     .33885E-01     .28722E-01    -.17099E+03     .34410E+02     .73753E+00         .000      .000
   2.470     .44178E-01     .26153E-01    -.87217E+02     .13970E+02     .12974E+01         .000      .000
   2.480     .59303E-01     .25253E-01     .19674E+02    -.97787E+01     .16994E+01         .000      .000
   2.490     .77463E-01     .25530E-01     .13427E+03    -.34121E+02     .18916E+01         .000      .000
   2.500     .96312E-01     .26513E-01     .24428E+03    -.57378E+02     .18378E+01         .000      .000
   2.510     .11338E+00     .27786E-01     .34281E+03    -.77295E+02     .15331E+01         .000      .000
   2.520     .12627E+00     .28925E-01     .42260E+03    -.91712E+02     .10175E+01         .000      .000
   2.530     .13345E+00     .29488E-01     .47392E+03    -.98497E+02     .41979E+00         .000      .000
   2.540     .13487E+00     .29163E-01     .48320E+03    -.96747E+02    -.11553E+00         .000      .000
   2.550     .13149E+00     .28107E-01     .44861E+03    -.89320E+02    -.54783E+00         .000      .000
   2.560     .12399E+00     .26934E-01     .38971E+03    -.80264E+02    -.95934E+00         .000      .000
   2.570     .11226E+00     .26150E-01     .32948E+03    -.69313E+02    -.13812E+01         .000      .000
   2.580     .96350E-01     .25671E-01     .26730E+03    -.52003E+02    -.18064E+01         .000      .000
   2.590     .76186E-01     .25165E-01     .19965E+03    -.29499E+02    -.22179E+01         .000      .000
   2.600     .52439E-01     .24181E-01     .12838E+03    -.43079E+01    -.24956E+01         .000      .000
   2.610     .27031E-01     .22117E-01     .38325E+02     .22788E+02    -.25473E+01         .000      .000
   2.620     .24249E-02     .18841E-01    -.76377E+02     .47650E+02    -.23216E+01         .000      .000
   2.630    -.18355E-01     .14900E-01    -.20384E+03     .67622E+02    -.17831E+01         .000      .000
   2.640    -.32288E-01     .11359E-01    -.32570E+03     .81154E+02    -.96109E+00         .000      .000
   2.650    -.36760E-01     .95997E-02    -.41459E+03     .86473E+02     .10518E+00         .000      .000
   2.660    -.29679E-01     .10867E-01    -.44841E+03     .83337E+02     .13229E+01         .000      .000
   2.670    -.10402E-01     .15984E-01    -.41198E+03     .70466E+02     .25102E+01         .000      .000
   2.680     .19775E-01     .25061E-01    -.29798E+03     .48067E+02     .34734E+01         .000      .000
   2.690     .57838E-01     .37231E-01    -.12175E+03     .20110E+02     .40702E+01         .000      .000
   2.700     .99780E-01     .50898E-01     .82910E+02    -.86993E+01     .42493E+01         .000      .000
   2.710     .14155E+00     .64303E-01     .27911E+03    -.35078E+02     .40490E+01         .000      .000
   2.720     .17991E+00     .76021E-01     .43692E+03    -.57095E+02     .35951E+01         .000      .000
   2.730     .21317E+00     .85295E-01     .53555E+03    -.73182E+02     .30550E+01         .000      .000
   2.740     .24111E+00     .92296E-01     .57100E+03    -.83602E+02     .25439E+01         .000      .000
   2.750     .26427E+00     .98071E-01     .56340E+03    -.90197E+02     .20987E+01         .000      .000
   2.760     .28321E+00     .10397E+00     .54315E+03    -.93496E+02     .16920E+01         .000      .000
   2.770     .29818E+00     .11097E+00     .53294E+03    -.92468E+02     .13068E+01         .000      .000
   2.780     .30939E+00     .11932E+00     .53672E+03    -.85562E+02     .93464E+00         .000      .000
   2.790     .31693E+00     .12862E+00     .54715E+03    -.73914E+02     .58059E+00         .000      .000
   2.800     .32123E+00     .13807E+00     .54995E+03    -.58699E+02     .29352E+00         .000      .000
   2.810     .32305E+00     .14684E+00     .52566E+03    -.40966E+02     .80362E-01         .000      .000
   2.820     .32283E+00     .15454E+00     .47208E+03    -.23541E+02    -.13578E+00         .000      .000
   2.830     .31987E+00     .16124E+00     .40787E+03    -.79513E+01    -.49282E+00         .000      .000
   2.840     .31219E+00     .16687E+00     .35410E+03     .75614E+01    -.10833E+01         .000      .000
   2.850     .29718E+00     .17077E+00     .31555E+03     .26635E+02    -.19773E+01         .000      .000
   2.860     .27157E+00     .17169E+00     .28913E+03     .49358E+02    -.31936E+01         .000      .000
   2.870     .23315E+00     .16775E+00     .25684E+03     .77226E+02    -.44575E+01         .000      .000
   2.880     .18329E+00     .15686E+00     .16315E+03     .11318E+03    -.54600E+01         .000      .000
   2.890     .12504E+00     .13843E+00    -.13711E+02     .14739E+03    -.61406E+01         .000      .000
   2.900     .61365E-01     .11367E+00    -.22873E+03     .17009E+03    -.65570E+01         .000      .000
   2.910    -.55389E-02     .84293E-01    -.43745E+03     .18364E+03    -.68032E+01         .000      .000
   2.920    -.74403E-01     .51828E-01    -.61179E+03     .19252E+03    -.69600E+01         .000      .000
   2.930    -.14461E+00     .17416E-01    -.72571E+03     .19690E+03    -.70777E+01         .000      .000
   2.940    -.21610E+00    -.18655E-01    -.76872E+03     .19486E+03    -.72387E+01         .000      .000
   2.950    -.28979E+00    -.57136E-01    -.75540E+03     .18515E+03    -.75224E+01         .000      .000
   2.960    -.36705E+00    -.99518E-01    -.72427E+03     .17049E+03    -.79560E+01         .000      .000
   2.970    -.44944E+00    -.14719E+00    -.71691E+03     .15347E+03    -.85489E+01         .000      .000
   2.980    -.53848E+00    -.20071E+00    -.75006E+03     .13456E+03    -.92763E+01         .000      .000
   2.990    -.63528E+00    -.25974E+00    -.82040E+03     .11510E+03    -.10095E+02         .000      .000
   3.000    -.74034E+00    -.32343E+00    -.91670E+03     .97178E+02    -.10903E+02         .000      .000
   3.010    -.85166E+00    -.39064E+00    -.10406E+04     .85203E+02    -.11208E+02         .000      .000
   3.020    -.96171E+00    -.45934E+00    -.12058E+04     .75475E+02    -.10679E+02         .000      .000
   3.030    -.10641E+01    -.52626E+00    -.13630E+04     .54876E+02    -.98187E+01         .000      .000
   3.040    -.11587E+01    -.58830E+00    -.14371E+04     .18313E+02    -.91439E+01         .000      .000
   3.050    -.12483E+01    -.64446E+00    -.14075E+04    -.20618E+02    -.88430E+01         .000      .000
   3.060    -.13370E+01    -.69573E+00    -.13190E+04    -.49331E+02    -.89782E+01         .000      .000
   3.070    -.14298E+01    -.74380E+00    -.12079E+04    -.69852E+02    -.97165E+01         .000      .000
   3.080    -.15357E+01    -.79059E+00    -.10769E+04    -.91227E+02    -.11751E+02         .000      .000
   3.090    -.16700E+01    -.83896E+00    -.90138E+03    -.11497E+03    -.15329E+02         .000      .000
   3.100    -.18443E+01    -.89421E+00    -.74982E+03    -.11184E+03    -.19505E+02         .000      .000
   3.110    -.20590E+01    -.96217E+00    -.78483E+03    -.61930E+02    -.23350E+02         .000      .000
   3.120    -.23089E+01    -.10449E+01    -.10635E+04     .14817E+02    -.26489E+02         .000      .000
   3.130    -.25857E+01    -.11401E+01    -.15280E+04     .94891E+02    -.28706E+02         .000      .000
   3.140    -.28792E+01    -.12418E+01    -.21278E+04     .16249E+03    -.29787E+02         .000      .000
   3.150    -.31772E+01    -.13407E+01    -.26224E+04     .19143E+03    -.29593E+02         .000      .000
   3.160    -.34667E+01    -.14310E+01    -.29096E+04     .21681E+03    -.28094E+02         .000      .000
   3.170    -.37346E+01    -.15107E+01    -.30307E+04     .24765E+03    -.25267E+02         .000      .000
   3.180    -.39683E+01    -.15794E+01    -.29825E+04     .26601E+03    -.21319E+02         .000      .000
   3.190    -.41592E+01    -.16387E+01    -.28306E+04     .26374E+03    -.16818E+02         .000      .000
   3.200    -.43045E+01    -.16916E+01    -.26588E+04     .23710E+03    -.12268E+02         .000      .000
   3.210    -.44050E+01    -.17410E+01    -.25468E+04     .19923E+03    -.78423E+01         .000      .000
   3.220    -.44618E+01    -.17877E+01    -.24869E+04     .15007E+03    -.35348E+01         .000      .000
   3.230    -.44752E+01    -.18303E+01    -.25281E+04     .11313E+03     .90922E+00         .000      .000
   3.240    -.44425E+01    -.18619E+01    -.23799E+04     .26308E+02     .56324E+01         .000      .000
   3.250    -.43644E+01    -.18805E+01    -.20241E+04    -.51718E+02     .98951E+01         .000      .002
   3.260    -.42468E+01    -.18813E+01    -.17091E+04    -.12854E+03     .13470E+02         .000      .003
   3.270    -.40962E+01    -.18539E+01    -.15528E+04    -.17357E+03     .16570E+02         .000      .003
   3.280    -.39191E+01    -.17964E+01    -.84820E+03    -.31464E+03     .18602E+02         .000      .003
   3.290    -.37293E+01    -.17222E+01    -.31817E+02    -.45541E+03     .19118E+02         .000      .004
   3.300    -.35419E+01    -.16480E+01     .59706E+03    -.52746E+03     .18202E+02         .000      .004
   3.310    -.33659E+01    -.15848E+01     .68795E+03    -.44737E+03     .17062E+02         .000      .005
   3.320    -.31998E+01    -.15248E+01     .50158E+03    -.36561E+03     .16070E+02         .000      .005
   3.330    -.30504E+01    -.14593E+01     .51129E+03    -.39565E+03     .13350E+02         .000      .005
   3.340    -.29426E+01    -.13893E+01     .67256E+03    -.43054E+03     .77202E+01         .000      .005
   3.350    -.29030E+01    -.13213E+01     .10106E+04    -.42293E+03     .14774E-01         .000      .005
   3.360    -.29428E+01    -.12707E+01     .10898E+04    -.26182E+03    -.78242E+01         .000      .005
   3.370    -.30546E+01    -.12468E+01     .61804E+03    -.85516E+01    -.14228E+02         .000      .005
   3.380    -.32192E+01    -.12487E+01    -.15371E+02     .15097E+03    -.18260E+02         .000      .005
   3.390    -.34112E+01    -.12789E+01    -.95901E+03     .31795E+03    -.19466E+02         .000      .005
   3.400    -.35951E+01    -.13279E+01    -.23186E+04     .48563E+03    -.16700E+02         .000      .006
   3.410    -.37341E+01    -.13732E+01    -.38450E+04     .61664E+03    -.10593E+02         .000      .008
   3.420    -.37978E+01    -.13929E+01    -.46199E+04     .71190E+03    -.17286E+01         .000      .009
   3.430    -.37653E+01    -.13756E+01    -.46820E+04     .65321E+03     .81719E+01         .000      .009
   3.440    -.36361E+01    -.13267E+01    -.44052E+04     .58572E+03     .17583E+02         .000      .009
   3.450    -.34165E+01    -.12468E+01    -.36117E+04     .45192E+03     .26081E+02         .000      .009
   3.460    -.31210E+01    -.11430E+01    -.23725E+04     .27289E+03     .32667E+02         .000      .009
   3.470    -.27698E+01    -.10265E+01    -.10688E+04     .90088E+02     .37264E+02         .000      .009
   3.480    -.23827E+01    -.90357E+00     .23027E+03    -.11712E+03     .39796E+02         .000      .009
   3.490    -.19816E+01    -.78829E+00     .14004E+04    -.28494E+03     .40030E+02         .000      .009
   3.500    -.15882E+01    -.69636E+00     .17768E+04    -.28777E+03     .38354E+02         .000      .009
   3.510    -.12218E+01    -.62165E+00     .17910E+04    -.36429E+03     .34468E+02         .000      .009
   3.520    -.90701E+00    -.55575E+00     .16202E+04    -.40731E+03     .28214E+02         .000      .009
   3.530    -.66235E+00    -.48943E+00     .14748E+04    -.48797E+03     .20474E+02         .000      .009
   3.540    -.50135E+00    -.42558E+00     .17398E+04    -.56600E+03     .11656E+02         .000      .009
   3.550    -.42615E+00    -.37214E+00     .17869E+04    -.46422E+03     .37279E+01         .000      .009
   3.560    -.41747E+00    -.32865E+00     .17014E+04    -.32247E+03    -.14280E+01         .000      .009
   3.570    -.44251E+00    -.29699E+00     .13929E+04    -.16490E+03    -.29345E+01         .000      .009
   3.580    -.46366E+00    -.27614E+00     .69958E+03    -.24577E+02    -.70812E+00         .000      .009
   3.590    -.44866E+00    -.25630E+00    -.23912E+03     .60356E+02     .39091E+01         .000      .009
   3.600    -.38504E+00    -.22244E+00    -.97600E+03     .72328E+02     .87071E+01         .000      .009
   3.610    -.27463E+00    -.16275E+00    -.13180E+04     .84032E+02     .13470E+02         .000      .009
   3.620    -.11343E+00    -.73424E-01    -.12181E+04     .11511E+03     .18897E+02         .000      .009
   3.630     .10450E+00     .44551E-01    -.93432E+03     .13929E+03     .24665E+02         .000      .009
   3.640     .37764E+00     .18917E+00    -.12715E+03     .55869E+02     .29764E+02         .000      .009
   3.650     .69565E+00     .34558E+00     .93015E+03    -.46816E+02     .33671E+02         .000      .009
   3.660     .10490E+01     .49471E+00     .16731E+04    -.85042E+02     .36966E+02         .000      .009
   3.670     .14357E+01     .62941E+00     .18130E+04    -.77854E+02     .40445E+02         .000      .009
   3.680     .18583E+01     .75961E+00     .16630E+04    -.12927E+03     .44019E+02         .000      .009
   3.690     .23136E+01     .89694E+00     .16301E+04    -.23527E+03     .46865E+02         .000      .009
   3.700     .27919E+01     .10435E+01     .17792E+04    -.30049E+03     .48673E+02         .000      .009
   3.710     .32861E+01     .11952E+01     .17766E+04    -.26285E+03     .50195E+02         .000      .009
   3.720     .37963E+01     .13546E+01     .16999E+04    -.22429E+03     .51835E+02         .000      .009
   3.730     .43199E+01     .15263E+01     .18179E+04    -.25558E+03     .52580E+02         .000      .009
   3.740     .48412E+01     .17087E+01     .21832E+04    -.33377E+03     .51330E+02         .000      .009
   3.750     .53397E+01     .18940E+01     .26000E+04    -.37632E+03     .48087E+02         .000      .009
   3.760     .57983E+01     .20748E+01     .28629E+04    -.34818E+03     .43469E+02         .000      .009
   3.770     .62065E+01     .22486E+01     .29291E+04    -.29727E+03     .38030E+02         .000      .009
   3.780     .65570E+01     .24164E+01     .29963E+04    -.27595E+03     .32027E+02         .000      .009
   3.790     .68475E+01     .25777E+01     .29015E+04    -.24769E+03     .26133E+02         .000      .009
   3.800     .70805E+01     .27314E+01     .29993E+04    -.21424E+03     .20526E+02         .000      .010
   3.810     .72604E+01     .28715E+01     .28428E+04    -.12232E+03     .15653E+02         .000      .011
   3.820     .73990E+01     .30004E+01     .24209E+04    -.10399E+02     .12313E+02         .000      .012
   3.830     .75115E+01     .31230E+01     .23615E+04     .85650E+00     .10302E+02         .000      .013
   3.840     .76050E+01     .32257E+01     .24645E+04     .46934E+02     .85279E+01         .000      .015
   3.850     .76868E+01     .33041E+01     .19831E+04     .19692E+03     .80918E+01         .000      .017
   3.860     .77710E+01     .33757E+01     .14998E+04     .28601E+03     .88961E+01         .000      .018
   3.870     .78665E+01     .34529E+01     .13710E+04     .31895E+03     .10199E+02         .000      .019
   3.880     .79733E+01     .35346E+01     .15297E+04     .27527E+03     .11023E+02         .000      .020
   3.890     .80842E+01     .36121E+01     .16949E+04     .24482E+03     .11047E+02         .000      .021
   3.900     .81927E+01     .36810E+01     .17897E+04     .24117E+03     .10597E+02         .000      .021
   3.910     .82954E+01     .37415E+01     .18895E+04     .25105E+03     .99248E+01         .000      .021
   3.920     .83910E+01     .37931E+01     .20012E+04     .23887E+03     .91504E+01         .000      .022
   3.930     .84773E+01     .38324E+01     .21930E+04     .21947E+03     .80955E+01         .000      .022
   3.940     .85528E+01     .38581E+01     .22387E+04     .18946E+03     .69623E+01         .000      .022
   3.950     .86151E+01     .38733E+01     .23988E+04     .12253E+03     .54188E+01         .000      .022
   3.960     .86597E+01     .38765E+01     .25834E+04     .74400E+02     .34454E+01         .000      .022
   3.970     .86836E+01     .38670E+01     .26799E+04     .54275E+02     .13280E+01         .000      .022
   3.980     .86862E+01     .38469E+01     .27123E+04     .28433E+02    -.81524E+00         .000      .022
   3.990     .86670E+01     .38177E+01     .27879E+04    -.64450E+01    -.30085E+01         .000      .022
   4.000     .86279E+01     .37782E+01     .27709E+04    -.24402E+02    -.46651E+01         .000      .022
   4.010     .85772E+01     .37294E+01     .26136E+04    -.32223E+02    -.52958E+01         .000      .022
   4.020     .85256E+01     .36753E+01     .23658E+04    -.41909E+02    -.48413E+01         .000      .022
   4.030     .84822E+01     .36211E+01     .21044E+04    -.62944E+02    -.38386E+01         .000      .022
   4.040     .84473E+01     .35719E+01     .19349E+04    -.10354E+03    -.32976E+01         .000      .022
   4.050     .84136E+01     .35309E+01     .19646E+04    -.15789E+03    -.35518E+01         .000      .022
   4.060     .83744E+01     .34971E+01     .21599E+04    -.19991E+03    -.43399E+01         .000      .021
   4.070     .83251E+01     .34668E+01     .24110E+04    -.23220E+03    -.56279E+01         .000      .021
   4.080     .82598E+01     .34354E+01     .26037E+04    -.23049E+03    -.75218E+01         .000      .021
   4.090     .81737E+01     .33998E+01     .26562E+04    -.22139E+03    -.97698E+01         .000      .021
   4.100     .80617E+01     .33560E+01     .26874E+04    -.23094E+03    -.12805E+02         .000      .021
   4.110     .79154E+01     .32990E+01     .24990E+04    -.19683E+03    -.16454E+02         .000      .021
   4.120     .77348E+01     .32286E+01     .20929E+04    -.12802E+03    -.19452E+02         .000      .021
   4.130     .75320E+01     .31466E+01     .14658E+04    -.28627E+02    -.20769E+02         .000      .021
   4.140     .73259E+01     .30590E+01     .69222E+03     .65372E+02    -.20164E+02         .000      .021
   4.150     .71341E+01     .29740E+01    -.25650E+02     .12421E+03    -.17950E+02         .000      .021
   4.160     .69707E+01     .28986E+01    -.57468E+03     .15628E+03    -.14596E+02         .000      .021
   4.170     .68443E+01     .28368E+01    -.91412E+03     .17007E+03    -.10625E+02         .000      .021
   4.180     .67588E+01     .27912E+01    -.10046E+04     .16172E+03    -.64705E+01         .000      .021
   4.190     .67143E+01     .27618E+01    -.83838E+03     .12121E+03    -.24753E+01         .000      .021
   4.200     .67074E+01     .27456E+01    -.46521E+03     .58644E+02     .98794E+00         .000      .021
   4.210     .67317E+01     .27369E+01     .81409E+02    -.23084E+02     .37241E+01         .000      .021
   4.220     .67803E+01     .27305E+01     .21563E+03    -.66655E+01     .60177E+01         .000      .021
   4.230     .68504E+01     .27311E+01     .47496E+03    -.96470E+02     .78225E+01         .000      .021
   4.240     .69318E+01     .27373E+01     .82081E+03    -.20239E+03     .81888E+01         .000      .021
   4.250     .70097E+01     .27451E+01     .11046E+04    -.27843E+03     .71954E+01         .000      .021
   4.260     .70725E+01     .27530E+01     .13122E+04    -.31772E+03     .52530E+01         .000      .021
   4.270     .71130E+01     .27613E+01     .14677E+04    -.32056E+03     .27880E+01         .000      .021
   4.280     .71274E+01     .27700E+01     .16687E+04    -.32518E+03     .47358E-01         .000      .021
   4.290     .71134E+01     .27745E+01     .18411E+04    -.30116E+03    -.28358E+01         .000      .021
   4.300     .70717E+01     .27710E+01     .18140E+04    -.25930E+03    -.54460E+01         .000      .021
   4.310     .70057E+01     .27584E+01     .15827E+04    -.20056E+03    -.76715E+01         .000      .021
   4.320     .69200E+01     .27377E+01     .11651E+04    -.13133E+03    -.93847E+01         .000      .021
   4.330     .68197E+01     .27122E+01     .65619E+03    -.58724E+02    -.10598E+02         .000      .021
   4.340     .67096E+01     .26854E+01     .15101E+03     .20024E+02    -.11358E+02         .000      .021
   4.350     .65936E+01     .26599E+01    -.27528E+03     .10347E+03    -.11804E+02         .000      .021
   4.360     .64739E+01     .26385E+01    -.61119E+03     .16905E+03    -.12140E+02         .000      .021
   4.370     .63494E+01     .26259E+01    -.57187E+03     .16155E+03    -.12879E+02         .000      .021
   4.380     .62140E+01     .26178E+01    -.19391E+03     .14928E+03    -.14299E+02         .000      .021
   4.390     .60625E+01     .26038E+01     .17789E+03     .17824E+03    -.15994E+02         .000      .021
   4.400     .58944E+01     .25767E+01     .38701E+03     .22225E+03    -.17610E+02         .000      .021
   4.410     .57107E+01     .25337E+01     .43845E+03     .24936E+03    -.19112E+02         .000      .021
   4.420     .55122E+01     .24738E+01     .33795E+03     .25862E+03    -.20589E+02         .000      .021
   4.430     .52991E+01     .23980E+01     .87809E+02     .26807E+03    -.22035E+02         .000      .021
   4.440     .50721E+01     .23099E+01    -.24300E+03     .28496E+03    -.23312E+02         .000      .021
   4.450     .48338E+01     .22146E+01    -.52851E+03     .29839E+03    -.24313E+02         .000      .021
   4.460     .45867E+01     .21162E+01    -.66662E+03     .29617E+03    -.25059E+02         .000      .021
   4.470     .43330E+01     .20156E+01    -.64149E+03     .27789E+03    -.25675E+02         .000      .021
   4.480     .40737E+01     .19113E+01    -.52239E+03     .25148E+03    -.26142E+02         .000      .021
   4.490     .38119E+01     .18007E+01    -.40207E+03     .22337E+03    -.26096E+02         .000      .021
   4.500     .35545E+01     .16817E+01    -.39511E+03     .20143E+03    -.25226E+02         .000      .021
   4.510     .33090E+01     .15552E+01    -.53399E+03     .16811E+03    -.23873E+02         .000      .021
   4.520     .30760E+01     .14258E+01    -.52956E+03     .85059E+02    -.22835E+02         .000      .021
   4.530     .28518E+01     .12924E+01    -.49446E+03     .40978E+02    -.21935E+02         .000      .021
   4.540     .26392E+01     .11547E+01    -.66205E+03     .40756E+02    -.20487E+02         .000      .021
   4.550     .24433E+01     .10171E+01    -.38757E+03    -.14625E+02    -.18656E+02         .000      .021
   4.560     .22692E+01     .87759E+00    -.42970E+03    -.23591E+02    -.15929E+02         .000      .021
   4.570     .21274E+01     .74389E+00    -.55437E+03    -.71278E+02    -.12384E+02         .000      .021
   4.580     .20231E+01     .62733E+00    -.95531E+03    -.61530E+02    -.84690E+01         .000      .021
   4.590     .19558E+01     .53982E+00    -.90908E+03    -.16272E+03    -.51948E+01         .000      .022
   4.600     .19135E+01     .47661E+00    -.44977E+03    -.34644E+03    -.36022E+01         .000      .022
   4.610     .18791E+01     .43159E+00    -.21623E+03    -.32679E+03    -.33300E+01         .000      .022
   4.620     .18438E+01     .40719E+00     .21554E+03    -.35692E+03    -.40263E+01         .000      .022
   4.630     .17925E+01     .39299E+00     .78852E+03    -.41244E+03    -.65323E+01         .000      .022
   4.640     .17069E+01     .37364E+00     .12726E+04    -.45665E+03    -.10852E+02         .000      .022
   4.650     .15720E+01     .33552E+00     .13593E+04    -.37043E+03    -.16160E+02         .000      .022
   4.660     .13835E+01     .27581E+00     .10498E+04    -.28733E+03    -.21553E+02         .000      .022
   4.670     .11425E+01     .19767E+00     .38271E+03    -.15870E+03    -.26496E+02         .000      .022
   4.680     .85636E+00     .11236E+00    -.41233E+03    -.70339E+02    -.30631E+02         .000      .022
   4.690     .53127E+00     .31006E-01    -.10063E+04    -.28895E+02    -.34329E+02         .000      .022
   4.700     .17034E+00    -.41061E-01    -.12083E+04     .17035E+02    -.37829E+02         .000      .022
   4.710    -.22494E+00    -.10641E+00    -.90387E+03     .60986E+02    -.41279E+02         .000      .021
   4.720    -.65791E+00    -.17724E+00    -.57105E+03     .13136E+03    -.45234E+02         .000      .021
   4.730    -.11248E+01    -.25753E+00    -.54524E+03     .23493E+03    -.47900E+02         .000      .021
   4.740    -.16097E+01    -.34768E+00    -.93149E+03     .42061E+03    -.48596E+02         .000      .022
   4.750    -.20902E+01    -.45185E+00    -.11955E+04     .46670E+03    -.47292E+02         .000      .022
   4.760    -.25523E+01    -.57779E+00    -.17355E+04     .49595E+03    -.45005E+02         .000      .022
   4.770    -.29883E+01    -.72405E+00    -.25538E+04     .57121E+03    -.42063E+02         .000      .022
   4.780    -.33909E+01    -.86999E+00    -.33830E+04     .62425E+03    -.38363E+02         .000      .022
   4.790    -.37561E+01    -.10017E+01    -.33920E+04     .54187E+03    -.34800E+02         .000      .022
   4.800    -.40870E+01    -.11280E+01    -.33060E+04     .57665E+03    -.31264E+02         .000      .022
   4.810    -.43801E+01    -.12506E+01    -.31239E+04     .54637E+03    -.27390E+02         .000      .022
   4.820    -.46371E+01    -.13705E+01    -.26742E+04     .43504E+03    -.24164E+02         .000      .021
   4.830    -.48668E+01    -.14954E+01    -.21655E+04     .32156E+03    -.21935E+02         .000      .021
   4.840    -.50796E+01    -.16357E+01    -.14627E+04     .21939E+03    -.20811E+02         .000      .021
   4.850    -.52838E+01    -.18004E+01    -.16456E+04     .25461E+03    -.19951E+02         .000      .021
   4.860    -.54767E+01    -.19730E+01    -.22637E+04     .23108E+03    -.18666E+02         .000      .021
   4.870    -.56614E+01    -.21321E+01    -.27026E+04    -.10775E+02    -.18678E+02         .000      .022
   4.880    -.58604E+01    -.22816E+01    -.17232E+04    -.23869E+03    -.21520E+02         .000      .022
   4.890    -.60927E+01    -.24432E+01    -.15940E+04    -.94162E+02    -.24678E+02         .000      .022
   4.900    -.63487E+01    -.26029E+01    -.19055E+04    -.20701E+02    -.26406E+02         .000      .022
   4.910    -.66211E+01    -.27506E+01    -.17080E+04    -.90927E+02    -.28178E+02         .000      .022
   4.920    -.69156E+01    -.29003E+01    -.13597E+04    -.20324E+03    -.30914E+02         .000      .022
   4.930    -.72408E+01    -.30717E+01    -.14527E+04    -.22176E+03    -.34065E+02         .000      .022
   4.940    -.75926E+01    -.32648E+01    -.21899E+04    -.11058E+03    -.35908E+02         .000      .023
   4.950    -.79525E+01    -.34572E+01    -.29836E+04    -.30486E+02    -.35886E+02         .000      .023
   4.960    -.83092E+01    -.36288E+01    -.32863E+04    -.61270E+02    -.35519E+02         .000      .023
   4.970    -.86638E+01    -.37800E+01    -.31562E+04    -.93740E+02    -.35381E+02         .000      .023
   4.980    -.90148E+01    -.39217E+01    -.31460E+04    -.21182E+02    -.34622E+02         .000      .023
   4.990    -.93521E+01    -.40533E+01    -.33314E+04     .47490E+02    -.32691E+02         .000      .023
   5.000    -.96663E+01    -.41697E+01    -.34147E+04     .48070E+02    -.30068E+02         .000      .023
   5.010    -.99526E+01    -.42702E+01    -.34096E+04     .10273E+02    -.27160E+02         .000      .023
   5.020    -.10210E+02    -.43562E+01    -.33377E+04    -.38214E+02    -.24279E+02         .000      .023
   5.030    -.10439E+02    -.44301E+01    -.31963E+04    -.48759E+02    -.21489E+02         .000      .023
   5.040    -.10639E+02    -.44949E+01    -.31425E+04    -.17329E+02    -.18637E+02         .000      .023
   5.050    -.10811E+02    -.45503E+01    -.31097E+04    -.73480E+01    -.15773E+02         .000      .023
   5.060    -.10954E+02    -.45961E+01    -.30230E+04    -.26854E+02    -.12790E+02         .000      .023
   5.070    -.11066E+02    -.46348E+01    -.29926E+04    -.38865E+02    -.96173E+01         .000      .023
   5.080    -.11145E+02    -.46671E+01    -.31043E+04    -.30375E+02    -.60889E+01         .000      .023
   5.090    -.11186E+02    -.46907E+01    -.33036E+04    -.16095E+02    -.19325E+01         .000      .023
   5.100    -.11182E+02    -.47007E+01    -.34328E+04    -.25333E+02     .27116E+01         .000      .023
   5.110    -.11132E+02    -.46936E+01    -.34209E+04    -.48188E+02     .74028E+01         .000      .023
   5.120    -.11036E+02    -.46677E+01    -.32858E+04    -.83568E+02     .11733E+02         .000      .023
   5.130    -.10899E+02    -.46220E+01    -.30103E+04    -.12999E+03     .15528E+02         .000      .023
   5.140    -.10727E+02    -.45585E+01    -.26456E+04    -.16050E+03     .18693E+02         .000      .023
   5.150    -.10526E+02    -.44804E+01    -.22797E+04    -.18837E+03     .21325E+02         .000      .023
   5.160    -.10304E+02    -.43895E+01    -.18424E+04    -.24366E+03     .22936E+02         .000      .023
   5.170    -.10072E+02    -.42898E+01    -.14032E+04    -.29793E+03     .23256E+02         .000      .023
   5.180    -.98415E+01    -.41845E+01    -.10460E+04    -.30980E+03     .22810E+02         .000      .023
   5.190    -.96171E+01    -.40748E+01    -.74318E+03    -.30845E+03     .22036E+02         .000      .023
   5.200    -.94004E+01    -.39623E+01    -.56242E+03    -.27916E+03     .21360E+02         .000      .023
   5.210    -.91888E+01    -.38464E+01    -.44996E+03    -.25084E+03     .21009E+02         .000      .023
   5.220    -.89794E+01    -.37268E+01    -.35421E+03    -.22750E+03     .20891E+02         .000      .022
   5.230    -.87704E+01    -.36059E+01    -.31378E+03    -.17013E+03     .20982E+02         .000      .022
   5.240    -.85578E+01    -.34855E+01    -.45088E+03    -.80423E+02     .21669E+02         .000      .022
   5.250    -.83345E+01    -.33629E+01    -.63781E+03    -.58800E+01     .23083E+02         .000      .022
   5.260    -.80946E+01    -.32361E+01    -.60041E+03     .34815E+01     .24885E+02         .000      .022
   5.270    -.78371E+01    -.31093E+01    -.93431E+03     .89700E+02     .26759E+02         .000      .022
   5.280    -.75575E+01    -.29703E+01    -.12602E+04     .11870E+03     .29174E+02         .000      .022
   5.290    -.72545E+01    -.28121E+01    -.11316E+04     .10261E+03     .31367E+02         .000      .022
   5.300    -.69310E+01    -.26420E+01    -.85758E+03     .11014E+03     .33301E+02         .000      .022
   5.310    -.65891E+01    -.24670E+01    -.56673E+03     .11576E+03     .35044E+02         .000      .022
   5.320    -.62311E+01    -.22917E+01    -.29288E+03     .10879E+03     .36509E+02         .000      .022
   5.330    -.58604E+01    -.21194E+01    -.11517E+02     .72901E+02     .37520E+02         .000      .022
   5.340    -.54830E+01    -.19551E+01     .22648E+03     .40384E+02     .37859E+02         .000      .022
   5.350    -.51051E+01    -.18021E+01     .31498E+03     .33420E+02     .37615E+02         .000      .022
   5.360    -.47326E+01    -.16593E+01     .31185E+03     .36919E+02     .36792E+02         .000      .022
   5.370    -.43710E+01    -.15246E+01     .30956E+03     .36101E+02     .35448E+02         .000      .022
   5.380    -.40246E+01    -.13971E+01     .31304E+03     .36597E+02     .33817E+02         .000      .022
   5.390    -.36947E+01    -.12763E+01     .30512E+03     .41439E+02     .32186E+02         .000      .022
   5.400    -.33804E+01    -.11614E+01     .29535E+03     .48076E+02     .30690E+02         .000      .022
   5.410    -.30806E+01    -.10514E+01     .29480E+03     .52500E+02     .29289E+02         .000      .022
   5.420    -.27951E+01    -.94582E+00     .31152E+03     .51772E+02     .27756E+02         .000      .022
   5.430    -.25263E+01    -.84437E+00     .34764E+03     .46493E+02     .25957E+02         .000      .022
   5.440    -.22768E+01    -.74724E+00     .40948E+03     .37335E+02     .23922E+02         .000      .022
   5.450    -.20485E+01    -.65511E+00     .48948E+03     .30479E+02     .21707E+02         .000      .022
   5.460    -.18430E+01    -.56887E+00     .57569E+03     .27186E+02     .19380E+02         .000      .022
   5.470    -.16612E+01    -.48965E+00     .66451E+03     .24448E+02     .16957E+02         .000      .022
   5.480    -.15044E+01    -.41892E+00     .74214E+03     .23487E+02     .14384E+02         .000      .022
   5.490    -.13741E+01    -.35793E+00     .77859E+03     .27695E+02     .11629E+02         .000      .022
   5.500    -.12725E+01    -.30682E+00     .78115E+03     .33662E+02     .86615E+01         .000      .022
   5.510    -.12014E+01    -.26514E+00     .76806E+03     .40146E+02     .55533E+01         .000      .022
   5.520    -.11616E+01    -.23256E+00     .75801E+03     .46591E+02     .24016E+01         .000      .022
   5.530    -.11530E+01    -.20938E+00     .63004E+03     .80334E+02    -.63375E+00         .000      .022
   5.540    -.11731E+01    -.19571E+00     .55629E+03     .10667E+03    -.33312E+01         .000      .022
   5.550    -.12183E+01    -.19505E+00     .44262E+03     .14781E+03    -.56340E+01         .000      .022
   5.560    -.12839E+01    -.20883E+00     .22385E+03     .18982E+03    -.73800E+01         .000      .022
   5.570    -.13642E+01    -.23543E+00    -.35775E+02     .22126E+03    -.85946E+01         .000      .022
   5.580    -.14539E+01    -.27322E+00    -.34920E+03     .25838E+03    -.92451E+01         .000      .022
   5.590    -.15464E+01    -.31848E+00    -.68546E+03     .28284E+03    -.91054E+01         .000      .022
   5.600    -.16325E+01    -.36713E+00    -.96678E+03     .29329E+03    -.79028E+01         .000      .022
   5.610    -.17008E+01    -.41550E+00    -.11879E+04     .28774E+03    -.56252E+01         .000      .022
   5.620    -.17423E+01    -.45925E+00    -.12943E+04     .25211E+03    -.25617E+01         .000      .022
   5.630    -.17512E+01    -.49464E+00    -.12352E+04     .18578E+03     .77353E+00         .000      .022
   5.640    -.17291E+01    -.51949E+00    -.98891E+03     .91766E+02     .34296E+01         .000      .022
   5.650    -.16868E+01    -.53414E+00    -.33607E+03    -.40122E+02     .47931E+01         .000      .022
   5.660    -.16368E+01    -.54669E+00     .33041E+03    -.11966E+03     .51404E+01         .000      .022
   5.670    -.15858E+01    -.56142E+00     .82457E+03    -.19047E+03     .49341E+01         .000      .022
   5.680    -.15409E+01    -.58154E+00     .11548E+04    -.24739E+03     .39222E+01         .000      .022
   5.690    -.15087E+01    -.61058E+00     .92469E+03    -.24901E+03     .24670E+01         .000      .022
   5.700    -.14937E+01    -.64251E+00     .77567E+03    -.30511E+03     .38115E+00         .000      .022
   5.710    -.15037E+01    -.67623E+00     .59391E+03    -.31097E+03    -.24797E+01         .000      .022
   5.720    -.15437E+01    -.70906E+00     .21989E+03    -.27377E+03    -.54906E+01         .000      .022
   5.730    -.16135E+01    -.73296E+00     .11500E+03    -.28481E+03    -.84984E+01         .000      .022
   5.740    -.17135E+01    -.75184E+00     .26767E+03    -.25301E+03    -.11421E+02         .000      .022
   5.750    -.18385E+01    -.77691E+00     .17874E+03    -.14089E+03    -.13341E+02         .000      .022
   5.760    -.19746E+01    -.81137E+00    -.23599E+03    -.18305E+02    -.13583E+02         .000      .022
   5.770    -.21052E+01    -.85178E+00    -.83424E+03     .68954E+02    -.12331E+02         .000      .022
   5.780    -.22183E+01    -.89212E+00    -.15168E+04     .12181E+03    -.10195E+02         .000      .022
   5.790    -.23078E+01    -.92274E+00    -.20676E+04     .12903E+03    -.76779E+01         .000      .022
   5.800    -.23715E+01    -.93667E+00    -.22520E+04     .12709E+03    -.50084E+01         .000      .022
   5.810    -.24069E+01    -.93431E+00    -.21586E+04     .14940E+03    -.20049E+01         .000      .022
   5.820    -.24099E+01    -.91882E+00    -.18811E+04     .16540E+03     .14847E+01         .000      .022
   5.830    -.23760E+01    -.89505E+00    -.15023E+04     .15245E+03     .53203E+01         .000      .022
   5.840    -.23038E+01    -.86871E+00    -.12081E+04     .11929E+03     .90537E+01         .000      .022
   5.850    -.21970E+01    -.84069E+00    -.10477E+04     .53121E+02     .12163E+02         .000      .022
   5.860    -.20645E+01    -.80740E+00    -.86714E+03    -.40622E+02     .14119E+02         .000      .022
   5.870    -.19192E+01    -.76609E+00    -.55283E+03    -.13559E+03     .14715E+02         .000      .022
   5.880    -.17749E+01    -.71991E+00    -.10743E+03    -.18225E+03     .13916E+02         .000      .022
   5.890    -.16443E+01    -.67615E+00     .16608E+03    -.16379E+03     .12072E+02         .000      .022
   5.900    -.15354E+01    -.63594E+00     .35639E+03    -.16756E+03     .96324E+01         .000      .022
   5.910    -.14530E+01    -.60049E+00     .55370E+03    -.19334E+03     .67812E+01         .000      .022
   5.920    -.14006E+01    -.57360E+00     .60659E+03    -.19472E+03     .37007E+01         .000      .022
   5.930    -.13782E+01    -.55621E+00     .44514E+03    -.15934E+03     .85284E+00         .000      .022
   5.940    -.13808E+01    -.54529E+00     .17040E+03    -.10387E+03    -.11929E+01         .000      .022
   5.950    -.13984E+01    -.53753E+00    -.13929E+03    -.37967E+02    -.21379E+01         .000      .022
   5.960    -.14197E+01    -.53019E+00    -.45803E+03     .25590E+02    -.19078E+01         .000      .022
   5.970    -.14324E+01    -.52064E+00    -.75159E+03     .79875E+02    -.43410E+00         .000      .022
   5.980    -.14249E+01    -.50628E+00    -.10035E+04     .12176E+03     .20637E+01         .000      .022
   5.990    -.13892E+01    -.48403E+00    -.11584E+04     .13884E+03     .51547E+01         .000      .022
   6.000    -.13207E+01    -.45141E+00    -.11545E+04     .12974E+03     .85941E+01         .000      .022
   6.010    -.12169E+01    -.40770E+00    -.10021E+04     .10402E+03     .12146E+02         .000      .022
   6.020    -.10787E+01    -.35296E+00    -.70584E+03     .55857E+02     .15396E+02         .000      .022
   6.030    -.91148E+00    -.29039E+00    -.25006E+03     .33489E+01     .17924E+02         .000      .022
   6.040    -.72176E+00    -.22785E+00     .78065E+02    -.96480E+01     .19995E+02         .000      .022
   6.050    -.51168E+00    -.16848E+00     .18709E+03    -.20306E+02     .22021E+02         .000      .022
   6.060    -.28200E+00    -.11072E+00     .17577E+03    -.52947E+02     .23847E+02         .000      .022
   6.070    -.37353E-01    -.52083E-01     .11120E+03    -.98250E+02     .24894E+02         .000      .022
   6.080     .21193E+00     .10242E-01     .68276E+02    -.14357E+03     .24763E+02         .000      .022
   6.090     .45493E+00     .78391E-01     .13249E+03    -.17776E+03     .23746E+02         .000      .022
   6.100     .68546E+00     .15219E+00     .31203E+03    -.19488E+03     .22313E+02         .000      .022
   6.110     .90030E+00     .22948E+00     .55826E+03    -.20360E+03     .20607E+02         .000      .022
   6.120     .10969E+01     .30714E+00     .81795E+03    -.21211E+03     .18699E+02         .000      .022
   6.130     .12741E+01     .38154E+00     .10098E+04    -.21263E+03     .16752E+02         .000      .022
   6.140     .14328E+01     .45003E+00     .10517E+04    -.19560E+03     .15047E+02         .000      .022
   6.150     .15768E+01     .51267E+00     .92795E+03    -.16207E+03     .13866E+02         .000      .022
   6.160     .17132E+01     .57222E+00     .69746E+03    -.12142E+03     .13628E+02         .000      .022
   6.170     .18531E+01     .63263E+00     .42691E+03    -.78147E+02     .14496E+02         .000      .022
   6.180     .20056E+01     .69823E+00     .18977E+03    -.42684E+02     .16082E+02         .000      .022
   6.190     .21763E+01     .77265E+00     .80968E+02    -.23078E+02     .18132E+02         .000      .022
   6.200     .23693E+01     .85685E+00     .11758E+03    -.11292E+02     .20505E+02         .000      .022
   6.210     .25868E+01     .94955E+00     .24911E+03    -.32416E+01     .23010E+02         .000      .022
   6.220     .28294E+01     .10486E+01     .42998E+03    -.27361E+01     .25493E+02         .000      .022
   6.230     .30963E+01     .11515E+01     .60493E+03    -.61923E+01     .27852E+02         .000      .022
   6.240     .33858E+01     .12561E+01     .65223E+03    -.52504E+01     .30006E+02         .000      .022
   6.250     .36949E+01     .13641E+01     .65027E+03    -.30130E+02     .31718E+02         .000      .022
   6.260     .40177E+01     .14781E+01     .73876E+03    -.77341E+02     .32706E+02         .000      .022
   6.270     .43466E+01     .15981E+01     .92097E+03    -.11819E+03     .32969E+02         .000      .022
   6.280     .46747E+01     .17223E+01     .11476E+04    -.14222E+03     .32496E+02         .000      .022
   6.290     .49938E+01     .18493E+01     .14366E+04    -.16926E+03     .31198E+02         .000      .022
   6.300     .52960E+01     .19762E+01     .18066E+04    -.19821E+03     .29117E+02         .000      .022
   6.310     .55739E+01     .20976E+01     .21208E+04    -.21002E+03     .26366E+02         .000      .022
   6.320     .58212E+01     .22101E+01     .23150E+04    -.21310E+03     .22985E+02         .000      .022
   6.330     .60314E+01     .23117E+01     .24355E+04    -.19812E+03     .18966E+02         .000      .022
   6.340     .61995E+01     .24006E+01     .23724E+04    -.15415E+03     .14601E+02         .000      .022
   6.350     .63226E+01     .24790E+01     .22449E+04    -.11426E+03     .99765E+01         .000      .022
   6.360     .63973E+01     .25478E+01     .21928E+04    -.75662E+02     .48616E+01         .000      .022
   6.370     .64185E+01     .26044E+01     .17808E+04     .26436E+02    -.60764E+00         .000      .022
   6.380     .63842E+01     .26523E+01     .15838E+04     .74986E+02    -.63617E+01         .000      .022
   6.390     .62894E+01     .26799E+01     .18229E+04     .69155E+02    -.12726E+02         .000      .023
   6.400     .61313E+01     .26672E+01     .15271E+04     .22339E+03    -.18620E+02         .000      .023
   6.410     .59233E+01     .26168E+01     .73871E+03     .41320E+03    -.22680E+02         .000      .023
   6.420     .56826E+01     .25500E+01    -.38109E+01     .52935E+03    -.25249E+02         .000      .023
   6.430     .54204E+01     .24856E+01    -.18009E+03     .49167E+03    -.27218E+02         .000      .023
   6.440     .51361E+01     .24182E+01    -.83842E+02     .41627E+03    -.29791E+02         .000      .023
   6.450     .48237E+01     .23369E+01    -.98126E+02     .41050E+03    -.32620E+02         .000      .023
   6.460     .44866E+01     .22407E+01    -.19887E+03     .44776E+03    -.34591E+02         .000      .023
   6.470     .41364E+01     .21335E+01    -.21586E+03     .49581E+03    -.35225E+02         .000      .023
   6.480     .37851E+01     .20150E+01    -.46986E+02     .48071E+03    -.34986E+02         .000      .023
   6.490     .34386E+01     .18793E+01    -.27811E+02     .47451E+03    -.34157E+02         .000      .023
   6.500     .31047E+01     .17270E+01    -.21342E+03     .44281E+03    -.32510E+02         .000      .023
   6.510     .27897E+01     .15623E+01    -.52097E+03     .39733E+03    -.30460E+02         .000      .023
   6.520     .24953E+01     .13913E+01    -.88138E+03     .34261E+03    -.28464E+02         .000      .023
   6.530     .22207E+01     .12213E+01    -.11263E+04     .26780E+03    -.26409E+02         .000      .023
   6.540     .19670E+01     .10570E+01    -.11848E+04     .17813E+03    -.24385E+02         .000      .022
   6.550     .17298E+01     .90111E+00    -.61497E+03     .10048E+02    -.23316E+02         .000      .022
   6.560     .14976E+01     .74191E+00    -.38265E+03     .48393E+02    -.22988E+02         .000      .022
   6.570     .12713E+01     .57848E+00    -.38033E+03     .40599E+02    -.22299E+02         .000      .022
   6.580     .10495E+01     .41667E+00    -.27758E+03    -.49535E+02    -.22238E+02         .000      .022
   6.590     .82222E+00     .25379E+00    -.11672E+03    -.17377E+03    -.23456E+02         .000      .022
   6.600     .57693E+00     .84553E-01    -.75563E+03    -.18732E+03    -.25613E+02         .000      .022
   6.610     .30816E+00    -.81028E-01    -.40493E+03    -.36616E+03    -.28474E+02         .000      .022
   6.620     .45386E-02    -.25149E+00    -.18081E+03    -.30421E+03    -.32105E+02         .000      .023
   6.630    -.32836E+00    -.42741E+00    -.41880E+03    -.17723E+03    -.34217E+02         .000      .023
   6.640    -.67606E+00    -.59892E+00    -.64125E+03    -.15332E+03    -.35169E+02         .000      .023
   6.650    -.10294E+01    -.76072E+00    -.82985E+03    -.19129E+03    -.35434E+02         .000      .023
   6.660    -.13841E+01    -.91119E+00    -.90298E+03    -.27469E+03    -.35497E+02         .000      .023
   6.670    -.17386E+01    -.10543E+01    -.98566E+03    -.30542E+03    -.35279E+02         .000      .023
   6.680    -.20863E+01    -.11907E+01    -.12848E+04    -.21475E+03    -.34029E+02         .000      .023
   6.690    -.24147E+01    -.13124E+01    -.15132E+04    -.14990E+03    -.31481E+02         .000      .023
   6.700    -.27125E+01    -.14171E+01    -.16014E+04    -.11566E+03    -.27912E+02         .000      .023
   6.710    -.29707E+01    -.15053E+01    -.19164E+04    -.11795E+03    -.23677E+02         .000      .023
   6.720    -.31868E+01    -.15762E+01    -.19459E+04    -.15000E+03    -.19633E+02         .000      .023
   6.730    -.33651E+01    -.16307E+01    -.18762E+04    -.16813E+03    -.16104E+02         .000      .023
   6.740    -.35094E+01    -.16718E+01    -.18311E+04    -.14490E+03    -.12743E+02         .000      .023
   6.750    -.36196E+01    -.17003E+01    -.18118E+04    -.11907E+03    -.92804E+01         .000      .023
   6.760    -.36950E+01    -.17161E+01    -.17476E+04    -.11617E+03    -.58168E+01         .000      .023
   6.770    -.37365E+01    -.17210E+01    -.16682E+04    -.12446E+03    -.25140E+01         .000      .023
   6.780    -.37457E+01    -.17170E+01    -.16495E+04    -.12382E+03     .67645E+00         .000      .023
   6.790    -.37226E+01    -.17045E+01    -.17170E+04    -.10852E+03     .39604E+01         .000      .023
   6.800    -.36658E+01    -.16812E+01    -.18288E+04    -.97019E+02     .74413E+01         .000      .023
   6.810    -.35740E+01    -.16427E+01    -.18318E+04    -.11610E+03     .10879E+02         .000      .023
   6.820    -.34495E+01    -.15870E+01    -.16523E+04    -.15182E+03     .13943E+02         .000      .023
   6.830    -.32968E+01    -.15153E+01    -.13394E+04    -.18318E+03     .16501E+02         .000      .023
   6.840    -.31213E+01    -.14305E+01    -.91618E+03    -.20855E+03     .18519E+02         .000      .023
   6.850    -.29278E+01    -.13374E+01    -.50152E+03    -.21224E+03     .20125E+02         .000      .023
   6.860    -.27193E+01    -.12420E+01    -.24473E+03    -.19472E+03     .21562E+02         .000      .023
   6.870    -.24973E+01    -.11471E+01    -.21640E+03    -.16677E+03     .22773E+02         .000      .022
   6.880    -.22664E+01    -.10510E+01    -.35418E+03    -.15428E+03     .23202E+02         .000      .022
   6.890    -.20370E+01    -.95003E+00    -.42576E+03    -.16380E+03     .22517E+02         .000      .022
   6.900    -.18183E+01    -.84364E+00    -.39098E+03    -.15324E+03     .21188E+02         .000      .022
   6.910    -.16135E+01    -.73393E+00    -.36785E+03    -.98469E+02     .19774E+02         .000      .022
   6.920    -.14222E+01    -.62115E+00    -.33982E+03    -.47660E+02     .18501E+02         .000      .022
   6.930    -.12437E+01    -.50582E+00    -.20682E+03    -.36777E+02     .17174E+02         .000      .022
   6.940    -.10800E+01    -.39222E+00    -.13998E+03    -.36003E+02     .15493E+02         .000      .022
   6.950    -.93553E+00    -.28403E+00     .17631E+02    -.25988E+02     .13317E+02         .000      .022
   6.960    -.81427E+00    -.18797E+00     .48044E+02     .34296E+02     .10952E+02         .000      .022
   6.970    -.71514E+00    -.10486E+00    -.32346E+03     .16369E+03     .90458E+01         .000      .022
   6.980    -.63039E+00    -.25671E-01    -.57499E+03     .18646E+03     .79157E+01         .000      .022
   6.990    -.55740E+00     .47825E-01    -.56522E+03     .18109E+03     .66815E+01         .000      .022
   7.000    -.49594E+00     .10888E+00    -.70018E+03     .22090E+03     .56832E+01         .000      .022
   7.010    -.44074E+00     .15844E+00    -.92835E+03     .27478E+03     .55740E+01         .000      .023
   7.020    -.37952E+00     .20002E+00    -.10655E+04     .29549E+03     .69125E+01         .000      .023
   7.030    -.29780E+00     .23531E+00    -.12204E+04     .33854E+03     .96512E+01         .000      .023
   7.040    -.18414E+00     .27258E+00    -.13955E+04     .32690E+03     .13040E+02         .000      .023
   7.050    -.39897E-01     .32002E+00    -.12112E+04     .22397E+03     .15607E+02         .000      .023
   7.060     .12277E+00     .37526E+00    -.69243E+03     .11461E+03     .16631E+02         .000      .023
   7.070     .28682E+00     .42826E+00    -.12689E+03     .67816E+02     .15896E+02         .000      .022
   7.080     .43717E+00     .47142E+00     .28752E+03     .53807E+02     .14080E+02         .000      .022
   7.090     .56693E+00     .50180E+00     .59650E+03     .21291E+02     .11810E+02         .000      .022
   7.100     .67167E+00     .51670E+00     .73891E+03    -.23985E+02     .90364E+01         .000      .022
   7.110     .74559E+00     .51555E+00     .66180E+03    -.62649E+02     .56475E+01         .000      .022
   7.120     .78336E+00     .50148E+00     .43639E+03    -.80050E+02     .18831E+01         .000      .022
   7.130     .78324E+00     .47956E+00     .18485E+03    -.77182E+02    -.18886E+01         .000      .022
   7.140     .74610E+00     .45458E+00     .27399E+02    -.70586E+02    -.55138E+01         .000      .022
   7.150     .67337E+00     .42806E+00     .50006E+02    -.67345E+02    -.90099E+01         .000      .022
   7.160     .56695E+00     .39518E+00     .11005E+03    -.31484E+02    -.12178E+02         .000      .022
   7.170     .43233E+00     .35018E+00    -.49848E+02     .42760E+02    -.14598E+02         .000      .022
   7.180     .27749E+00     .29579E+00    -.38352E+03     .79268E+02    -.16307E+02         .000      .022
   7.190     .10598E+00     .23825E+00    -.56473E+03     .59392E+02    -.18056E+02         .000      .022
   7.200    -.84737E-01     .17738E+00    -.65812E+03     .58026E+02    -.20116E+02         .000      .022
   7.210    -.29637E+00     .11190E+00    -.77160E+03     .93131E+02    -.22189E+02         .000      .022
   7.220    -.52766E+00     .42655E-01    -.84296E+03     .13360E+03    -.24017E+02         .000      .022
   7.230    -.77566E+00    -.30413E-01    -.81907E+03     .15606E+03    -.25538E+02         .000      .022
   7.240    -.10377E+01    -.10978E+00    -.77382E+03     .16542E+03    -.26828E+02         .000      .022
   7.250    -.13106E+01    -.19808E+00    -.79191E+03     .17477E+03    -.27626E+02         .000      .022
   7.260    -.15864E+01    -.29657E+00    -.95489E+03     .20028E+03    -.27278E+02         .000      .022
   7.270    -.18514E+01    -.40335E+00    -.12915E+04     .23302E+03    -.25499E+02         .000      .022
   7.280    -.20920E+01    -.51263E+00    -.16833E+04     .23728E+03    -.22449E+02         .000      .022
   7.290    -.22976E+01    -.61787E+00    -.18982E+04     .20462E+03    -.18544E+02         .000      .022
   7.300    -.24610E+01    -.71908E+00    -.18053E+04     .17385E+03    -.14048E+02         .000      .022
   7.310    -.25764E+01    -.81855E+00    -.19641E+04     .19067E+03    -.89428E+01         .000      .022
   7.320    -.26392E+01    -.90652E+00    -.20438E+04     .12814E+03    -.36720E+01         .000      .022
   7.330    -.26519E+01    -.97446E+00    -.22128E+04     .57140E+02     .10544E+01         .000      .022
   7.340    -.26203E+01    -.10136E+01    -.20888E+04    -.16424E+03     .49196E+01         .000      .022
   7.350    -.25603E+01    -.10340E+01    -.12590E+04    -.30554E+03     .68915E+01         .000      .023
   7.360    -.24834E+01    -.10525E+01    -.63600E+03    -.32547E+03     .85206E+01         .000      .023
   7.370    -.23888E+01    -.10733E+01    -.49365E+03    -.24332E+03     .10540E+02         .000      .023
   7.380    -.22716E+01    -.10910E+01    -.58184E+03    -.27366E+03     .12802E+02         .000      .023
   7.390    -.21385E+01    -.11012E+01    -.66224E+03    -.36406E+03     .13355E+02         .000      .023
   7.400    -.20161E+01    -.11032E+01    -.69006E+03    -.47732E+03     .10479E+02         .000      .023
   7.410    -.19405E+01    -.10973E+01    -.74468E+03    -.51885E+03     .41359E+01         .000      .023
   7.420    -.19389E+01    -.10809E+01    -.48345E+03    -.51851E+03    -.38793E+01         .000      .023
   7.430    -.20165E+01    -.10646E+01     .13247E+02    -.40544E+03    -.11418E+02         .000      .023
   7.440    -.21618E+01    -.10659E+01     .81875E+02    -.20780E+03    -.17342E+02         .000      .023
   7.450    -.23579E+01    -.10860E+01    -.32862E+03    -.88952E+02    -.21696E+02         .000      .023
   7.460    -.25943E+01    -.11170E+01    -.64702E+03    -.83693E+02    -.25583E+02         .000      .023
   7.470    -.28688E+01    -.11608E+01    -.10770E+04    -.15732E+02    -.29214E+02         .000      .023
   7.480    -.31759E+01    -.12183E+01    -.11632E+04     .18788E+02    -.32188E+02         .000      .023
   7.490    -.35095E+01    -.12906E+01    -.19942E+04     .20982E+03    -.34181E+02         .000      .022
   7.500    -.38521E+01    -.13568E+01    -.31858E+04     .45909E+03    -.33916E+02         .000      .022
   7.510    -.41789E+01    -.13969E+01    -.37835E+04     .52441E+03    -.31337E+02         .000      .022
   7.520    -.44796E+01    -.14187E+01    -.32982E+04     .42625E+03    -.28843E+02         .000      .023
   7.530    -.47556E+01    -.14495E+01    -.29472E+04     .44341E+03    -.26252E+02         .000      .023
   7.540    -.50012E+01    -.14952E+01    -.32075E+04     .52703E+03    -.22696E+02         .000      .023
   7.550    -.52076E+01    -.15395E+01    -.32461E+04     .48771E+03    -.18620E+02         .000      .023
   7.560    -.53762E+01    -.15836E+01    -.27919E+04     .39525E+03    -.15211E+02         .000      .023
   7.570    -.55123E+01    -.16410E+01    -.25354E+04     .37000E+03    -.11954E+02         .000      .023
   7.580    -.56130E+01    -.17156E+01    -.27529E+04     .40956E+03    -.80148E+01         .000      .023
   7.590    -.56703E+01    -.17969E+01    -.33065E+04     .39662E+03    -.34503E+01         .000      .022
   7.600    -.56855E+01    -.18672E+01    -.30229E+04     .19606E+03     .33085E-01         .000      .022
   7.610    -.56761E+01    -.19288E+01    -.29686E+04     .83304E+02     .16485E+01         .000      .022
   7.620    -.56549E+01    -.19719E+01    -.30586E+04     .33965E+01     .24406E+01         .000      .023
   7.630    -.56339E+01    -.19956E+01    -.17972E+04    -.23691E+03     .12801E+01         .000      .023
   7.640    -.56347E+01    -.20267E+01    -.96375E+03    -.26669E+03    -.14904E+01         .000      .023
   7.650    -.56640E+01    -.20717E+01    -.58795E+03    -.28232E+03    -.44090E+01         .000      .023
   7.660    -.57225E+01    -.21300E+01    -.37623E+03    -.29021E+03    -.73077E+01         .000      .023
   7.670    -.58103E+01    -.22045E+01    -.48595E+03    -.31706E+03    -.10243E+02         .000      .023
   7.680    -.59274E+01    -.22946E+01    -.90451E+03    -.33679E+03    -.13151E+02         .000      .023
   7.690    -.60715E+01    -.23920E+01    -.16246E+04    -.27734E+03    -.15502E+02         .000      .023
   7.700    -.62336E+01    -.24819E+01    -.23417E+04    -.20125E+03    -.16733E+02         .000      .023
   7.710    -.64023E+01    -.25540E+01    -.28400E+04    -.13595E+03    -.16824E+02         .000      .023
   7.720    -.65670E+01    -.26078E+01    -.30171E+04    -.77440E+02    -.15972E+02         .000      .023
   7.730    -.67188E+01    -.26486E+01    -.30870E+04    -.16245E+02    -.14249E+02         .000      .023
   7.740    -.68493E+01    -.26821E+01    -.31563E+04     .42263E+02    -.11696E+02         .000      .023
   7.750    -.69493E+01    -.27121E+01    -.33776E+04     .10084E+03    -.81336E+01         .000      .023
   7.760    -.70097E+01    -.27351E+01    -.50091E+04     .10876E+03    -.39352E+01         .000      .023
   7.770    -.70287E+01    -.27469E+01    -.51523E+04     .83309E+02     .74946E-01         .000      .023
   7.780    -.70091E+01    -.27462E+01    -.52089E+04     .69594E+02     .38193E+01         .000      .023
   7.790    -.69529E+01    -.27313E+01    -.51622E+04     .56849E+02     .73990E+01         .000      .023
   7.800    -.68621E+01    -.26998E+01    -.49249E+04     .21002E+02     .10695E+02         .000      .023
   7.810    -.67407E+01    -.26530E+01    -.44954E+04    -.38411E+02     .13474E+02         .000      .023
   7.820    -.65949E+01    -.25953E+01    -.39854E+04    -.10292E+03     .15570E+02         .000      .023
   7.830    -.64316E+01    -.25311E+01    -.35233E+04    -.15961E+03     .16985E+02         .000      .023
   7.840    -.62570E+01    -.24627E+01    -.31305E+04    -.21102E+03     .17849E+02         .000      .023
   7.850    -.60760E+01    -.23905E+01    -.27829E+04    -.26590E+03     .18287E+02         .000      .023
   7.860    -.58927E+01    -.23163E+01    -.24288E+04    -.29510E+03     .18342E+02         .000      .023
   7.870    -.57083E+01    -.22459E+01    -.24463E+04    -.24215E+03     .18626E+02         .000      .023
   7.880    -.55184E+01    -.21758E+01    -.26835E+04    -.20283E+03     .19431E+02         .000      .023
   7.890    -.53189E+01    -.21000E+01    -.28898E+04    -.18997E+03     .20485E+02         .000      .023
   7.900    -.51086E+01    -.20157E+01    -.30399E+04    -.18071E+03     .21570E+02         .000      .023
   7.910    -.48876E+01    -.19211E+01    -.31098E+04    -.16074E+03     .22632E+02         .000      .023
   7.920    -.46556E+01    -.18158E+01    -.30766E+04    -.12884E+03     .23801E+02         .000      .023
   7.930    -.44116E+01    -.17007E+01    -.29336E+04    -.99728E+02     .24941E+02         .000      .023
   7.940    -.41582E+01    -.15783E+01    -.27015E+04    -.84552E+02     .25635E+02         .000      .023
   7.950    -.39037E+01    -.14534E+01    -.25478E+04    -.50501E+02     .24924E+02         .000      .023
   7.960    -.36657E+01    -.13275E+01    -.24536E+04    -.47671E+02     .22410E+02         .000      .023
   7.970    -.34603E+01    -.12023E+01    -.20156E+04    -.10784E+03     .18479E+02         .000      .023
   7.980    -.32994E+01    -.10891E+01    -.15861E+04    -.96796E+02     .13561E+02         .000      .023
   7.990    -.31901E+01    -.99551E+00    -.19944E+04     .41968E+02     .83493E+01         .000      .023
   8.000    -.31317E+01    -.91341E+00    -.22545E+04     .13647E+03     .32768E+01         .000      .022
   8.010    -.31258E+01    -.84580E+00    -.22856E+04     .17491E+03    -.20904E+01         .000      .023
   8.020    -.31721E+01    -.80393E+00    -.25605E+04     .26174E+03    -.70292E+01         .000      .023
   8.030    -.32653E+01    -.79224E+00    -.27747E+04     .29085E+03    -.11745E+02         .000      .023
   8.040    -.34069E+01    -.81341E+00    -.34828E+04     .43818E+03    -.16430E+02         .000      .023
   8.050    -.35906E+01    -.84400E+00    -.41062E+04     .53229E+03    -.20149E+02         .000      .023
   8.060    -.38091E+01    -.86960E+00    -.40409E+04     .49559E+03    -.23598E+02         .000      .023
   8.070    -.40620E+01    -.90159E+00    -.37759E+04     .47671E+03    -.26850E+02         .000      .023
   8.080    -.43414E+01    -.95168E+00    -.36971E+04     .52169E+03    -.28709E+02         .000      .023
   8.090    -.46320E+01    -.10207E+01    -.36940E+04     .55053E+03    -.29333E+02         .000      .023
   8.100    -.49245E+01    -.10986E+01    -.60560E+04     .12533E+04    -.28078E+02         .000      .023
   8.110    -.51687E+01    -.89029E+00    -.93270E+04     .19455E+03    -.22364E+02         .000      .025
   8.120    -.54050E+01    -.76066E+00    -.89111E+04     .27983E+04    -.21281E+02         .000      .208
   8.130    -.55154E+01    -.30619E+01    -.11963E+05    -.11509E+05    -.27820E+02         .000      .867
