


 TIME HISTORY FOR STORY NO.  5



    TIME   DISPLACEMENT    STORY DRIFT    STORY SHEAR   ACCELERATION     VELOCITY          DAMAGE    DAMAGE
                                                                                          BEAM-SLAB  COL-WALL

    .000     .00000E+00     .00000E+00     .00000E+00     .00000E+00     .00000E+00         .000      .000
    .010    -.30242E-05    -.15929E-09    -.61265E-03     .46037E-03    -.57644E-03         .000      .000
    .020    -.11689E-04     .11772E-06    -.37738E-02     .29254E-03    -.12192E-02         .000      .000
    .030    -.27653E-04     .83812E-06     .16066E-01    -.66665E-02    -.19368E-02         .000      .000
    .040    -.50829E-04     .20659E-05     .73258E-01    -.15716E-01    -.27713E-02         .000      .000
    .050    -.83037E-04     .26801E-05     .13809E+00    -.15105E-01    -.35900E-02         .000      .000
    .060    -.12168E-03     .15028E-05     .18584E+00    -.53240E-02    -.41278E-02         .000      .000
    .070    -.16472E-03    -.22575E-05     .23013E+00     .36126E-02    -.44051E-02         .000      .000
    .080    -.20943E-03    -.96909E-05     .25924E+00     .10866E-01    -.45756E-02         .000      .000
    .090    -.25651E-03    -.21641E-04     .25285E+00     .16042E-01    -.48312E-02         .000      .000
    .100    -.30769E-03    -.38034E-04     .21179E+00     .15748E-01    -.55798E-02         .000      .000
    .110    -.36992E-03    -.57925E-04     .15860E+00     .76420E-02    -.68700E-02         .000      .000
    .120    -.44525E-03    -.79976E-04     .11857E+00    -.71606E-02    -.82067E-02         .000      .000
    .130    -.53299E-03    -.10318E-03     .12699E+00    -.23115E-01    -.92195E-02         .000      .000
    .140    -.62891E-03    -.12828E-03     .15739E+00    -.20655E-01    -.10008E-01         .000      .000
    .150    -.73109E-03    -.15707E-03     .14313E+00     .89498E-02    -.10180E-01         .000      .000
    .160    -.82878E-03    -.19035E-03     .66647E-01     .44206E-01    -.92440E-02         .000      .000
    .170    -.91424E-03    -.22779E-03    -.26161E-01     .60114E-01    -.77903E-02         .000      .000
    .180    -.98415E-03    -.26937E-03    -.16452E+00     .64085E-01    -.62001E-02         .000      .000
    .190    -.10376E-02    -.31370E-03    -.37756E+00     .59989E-01    -.44131E-02         .000      .000
    .200    -.10695E-02    -.35717E-03    -.60737E+00     .41797E-01    -.17633E-02         .000      .000
    .210    -.10686E-02    -.39625E-03    -.80475E+00     .21016E-01     .21740E-02         .000      .000
    .220    -.10241E-02    -.42922E-03    -.10080E+01     .26499E-01     .67079E-02         .000      .000
    .230    -.93610E-03    -.45503E-03    -.13047E+01     .70406E-01     .10733E-01         .000      .000
    .240    -.81713E-03    -.47000E-03    -.16916E+01     .11595E+00     .12433E-01         .000      .000
    .250    -.69316E-03    -.46687E-03    -.20149E+01     .10492E+00     .12402E-01         .000      .000
    .260    -.57402E-03    -.43766E-03    -.20683E+01     .13743E-01     .10894E-01         .000      .000
    .270    -.48603E-03    -.37930E-03    -.17510E+01    -.97673E-01     .62034E-02         .000      .000
    .280    -.45527E-03    -.29642E-03    -.12621E+01    -.12901E+00    -.62028E-04         .000      .000
    .290    -.48681E-03    -.19459E-03    -.64985E+00    -.98856E-01    -.62163E-02         .000      .000
    .300    -.57485E-03    -.81430E-04     .21735E+00    -.64842E-01    -.10956E-01         .000      .000
    .310    -.69592E-03     .28062E-04     .12055E+01    -.21765E-01    -.12689E-01         .000      .000
    .320    -.82354E-03     .11593E-03     .20708E+01     .36628E-01    -.12897E-01         .000      .000
    .330    -.96045E-03     .16671E-03     .25987E+01     .10530E+00    -.15081E-01         .000      .000
    .340    -.11327E-02     .17320E-03     .26909E+01     .13903E+00    -.19547E-01         .000      .000
    .350    -.13565E-02     .14025E-03     .26283E+01     .50736E-01    -.25565E-01         .000      .000
    .360    -.16601E-02     .75062E-04     .27412E+01    -.12674E+00    -.36377E-01         .000      .000
    .370    -.20908E-02    -.22869E-04     .28533E+01    -.22176E+00    -.49168E-01         .000      .000
    .380    -.26218E-02    -.15409E-03     .28151E+01    -.19595E+00    -.55500E-01         .000      .000
    .390    -.31688E-02    -.31858E-03     .28955E+01    -.11772E+00    -.52237E-01         .000      .000
    .400    -.36359E-02    -.53003E-03     .27522E+01     .89633E-01    -.39743E-01         .000      .000
    .410    -.39393E-02    -.80380E-03     .16272E+01     .43478E+00    -.19993E-01         .000      .000
    .420    -.40300E-02    -.11328E-02    -.54653E+00     .70069E+00     .14003E-02         .000      .000
    .430    -.39321E-02    -.14858E-02    -.32738E+01     .69115E+00     .16518E-01         .000      .000
    .440    -.37491E-02    -.18166E-02    -.60192E+01     .39957E+00     .16839E-01         .000      .000
    .450    -.36482E-02    -.20716E-02    -.81878E+01    -.47207E-01     .13609E-02         .000      .000
    .460    -.37635E-02    -.22018E-02    -.91024E+01    -.48675E+00    -.26525E-01         .000      .000
    .470    -.42235E-02    -.21828E-02    -.82610E+01    -.73332E+00    -.67748E-01         .000      .000
    .480    -.51310E-02    -.20291E-02    -.59485E+01    -.62226E+00    -.11273E+00         .000      .000
    .490    -.64382E-02    -.17813E-02    -.24668E+01    -.30293E+00    -.14585E+00         .000      .000
    .500    -.79934E-02    -.15026E-02     .21984E+01    -.11958E-01    -.16264E+00         .000      .000
    .510    -.96493E-02    -.12886E-02     .68800E+01     .33799E+00    -.16690E+00         .000      .000
    .520    -.11266E-01    -.12339E-02     .98873E+01     .76382E+00    -.15161E+00         .000      .000
    .530    -.12572E-01    -.13882E-02     .11007E+02     .93487E+00    -.10367E+00         .000      .000
    .540    -.13233E-01    -.17698E-02     .10714E+02     .78176E+00    -.23653E-01         .000      .000
    .550    -.12959E-01    -.23955E-02     .78038E+01     .82316E+00     .82385E-01         .000      .000
    .560    -.11526E-01    -.32468E-02     .66406E+00     .13251E+01     .20594E+00         .000      .000
    .570    -.88186E-02    -.42243E-02    -.10265E+02     .18673E+01     .33581E+00         .000      .000
    .580    -.48546E-02    -.51589E-02    -.23109E+02     .19299E+01     .45229E+00         .000      .000
    .590     .11482E-03    -.58454E-02    -.35927E+02     .13873E+01     .53513E+00         .000      .000
    .600     .57403E-02    -.60662E-02    -.46952E+02     .43004E+00     .58577E+00         .000      .000
    .610     .11737E-01    -.56158E-02    -.53857E+02    -.71289E+00     .60850E+00         .000      .000
    .620     .17826E-01    -.43602E-02    -.55014E+02    -.15586E+01     .60632E+00         .000      .000
    .630     .23791E-01    -.22748E-02    -.50883E+02    -.16263E+01     .58274E+00         .000      .000
    .640     .29419E-01     .58217E-03    -.42082E+02    -.11246E+01     .54020E+00         .000      .000
    .650     .34535E-01     .40914E-02    -.28659E+02    -.71233E+00     .47923E+00         .000      .000
    .660     .38893E-01     .80764E-02    -.10779E+02    -.88088E+00     .38508E+00         .000      .000
    .670     .42060E-01     .12309E-01     .10465E+02    -.15871E+01     .23814E+00         .000      .000
    .680     .43484E-01     .16539E-01     .33776E+02    -.26029E+01     .39890E-01         .000      .000
    .690     .42772E-01     .20515E-01     .59067E+02    -.38330E+01    -.18387E+00         .000      .000
    .700     .39803E-01     .23947E-01     .86208E+02    -.48734E+01    -.40853E+00         .000      .000
    .710     .34685E-01     .26465E-01     .11213E+03    -.48125E+01    -.60802E+00         .000      .000
    .720     .27876E-01     .27667E-01     .13189E+03    -.32796E+01    -.73765E+00         .000      .000
    .730     .20288E-01     .27223E-01     .14234E+03    -.10629E+01    -.76091E+00         .000      .000
    .740     .12953E-01     .24912E-01     .14144E+03     .10048E+01    -.69595E+00         .000      .000
    .750     .65038E-02     .20656E-01     .12582E+03     .27758E+01    -.59063E+00         .000      .000
    .760     .11976E-02     .14632E-01     .94214E+02     .37425E+01    -.46840E+00         .000      .000
    .770    -.28664E-02     .73387E-02     .52005E+02     .28940E+01    -.34707E+00         .000      .000
    .780    -.58419E-02    -.55756E-03     .65351E+01     .63870E+00    -.25458E+00         .000      .000
    .790    -.80580E-02    -.83911E-02    -.38930E+02    -.10727E+01    -.19139E+00         .000      .000
    .800    -.96423E-02    -.15527E-01    -.81967E+02    -.11408E+01    -.11994E+00         .000      .000
    .810    -.10339E-01    -.21393E-01    -.11799E+03     .29890E-01    -.13541E-01         .000      .000
    .820    -.98032E-02    -.25588E-01    -.14431E+03     .18963E+01     .12566E+00         .000      .000
    .830    -.77280E-02    -.27891E-01    -.16186E+03     .39189E+01     .29397E+00         .000      .000
    .840    -.38895E-02    -.28165E-01    -.17048E+03     .49309E+01     .47211E+00         .000      .000
    .850     .16293E-02    -.26334E-01    -.16825E+03     .41553E+01     .62475E+00         .000      .000
    .860     .83712E-02    -.22423E-01    -.15465E+03     .20463E+01     .70747E+00         .000      .000
    .870     .15444E-01    -.16566E-01    -.12998E+03    -.44724E+00     .69036E+00         .000      .000
    .880     .21872E-01    -.90048E-02    -.94187E+02    -.26632E+01     .58165E+00         .000      .000
    .890     .26794E-01    -.12984E-03    -.46898E+02    -.43358E+01     .38807E+00         .000      .000
    .900     .29408E-01     .94666E-02     .96167E+01    -.50151E+01     .12707E+00         .000      .000
    .910     .29249E-01     .19022E-01     .70020E+02    -.45786E+01    -.16000E+00         .000      .000
    .920     .26203E-01     .27714E-01     .12978E+03    -.37598E+01    -.44900E+00         .000      .000
    .930     .20343E-01     .34715E-01     .18407E+03    -.30402E+01    -.71577E+00         .000      .000
    .940     .12125E-01     .39268E-01     .22694E+03    -.25053E+01    -.91133E+00         .000      .000
    .950     .25547E-02     .40785E-01     .25424E+03    -.22172E+01    -.97558E+00         .000      .000
    .960    -.68175E-02     .38870E-01     .26200E+03    -.15262E+01    -.86899E+00         .000      .000
    .970    -.14445E-01     .33333E-01     .24422E+03     .69236E+00    -.64806E+00         .000      .000
    .980    -.19768E-01     .24323E-01     .19559E+03     .45434E+01    -.42428E+00         .000      .000
    .990    -.23078E-01     .12518E-01     .11861E+03     .75777E+01    -.24612E+00         .000      .000
   1.000    -.24939E-01    -.84400E-03     .29111E+02     .61804E+01    -.14317E+00         .000      .000
   1.010    -.26210E-01    -.14333E-01    -.55265E+02     .64269E+00    -.11963E+00         .000      .000
   1.020    -.27370E-01    -.26707E-01    -.12808E+03    -.44290E+01    -.10594E+00         .000      .000
   1.030    -.28166E-01    -.36989E-01    -.18771E+03    -.52827E+01    -.42569E-01         .000      .000
   1.040    -.27975E-01    -.44507E-01    -.23320E+03    -.11909E+01     .94388E-01         .000      .000
   1.050    -.26033E-01    -.48885E-01    -.26524E+03     .54925E+01     .30346E+00         .000      .000
   1.060    -.21753E-01    -.49913E-01    -.28169E+03     .10334E+02     .55673E+00         .000      .000
   1.070    -.14914E-01    -.47510E-01    -.27884E+03     .10313E+02     .80491E+00         .000      .000
   1.080    -.58676E-02    -.41762E-01    -.25595E+03     .59516E+01     .99006E+00         .000      .000
   1.090     .46393E-02    -.32925E-01    -.21535E+03     .14273E+00     .11019E+01         .000      .000
   1.100     .16045E-01    -.21423E-01    -.15931E+03    -.43858E+01     .11766E+01         .000      .000
   1.110     .28119E-01    -.79130E-02    -.90354E+02    -.60387E+01     .12360E+01         .000      .000
   1.120     .40770E-01     .66700E-02    -.15558E+02    -.42629E+01     .12970E+01         .000      .000
   1.130     .54120E-01     .21251E-01     .55779E+02    -.52717E+00     .13754E+01         .000      .000
   1.140     .68306E-01     .34845E-01     .11840E+03     .21016E+01     .14613E+01         .000      .000
   1.150     .83137E-01     .46656E-01     .16935E+03     .17192E+01     .14846E+01         .000      .000
   1.160     .97460E-01     .56128E-01     .20538E+03    -.12734E+01     .13473E+01         .000      .000
   1.170     .10942E+00     .63034E-01     .22570E+03    -.56418E+01     .10119E+01         .000      .000
   1.180     .11698E+00     .67473E-01     .23656E+03    -.10652E+02     .46230E+00         .000      .000
   1.190     .11814E+00     .69640E-01     .24559E+03    -.14831E+02    -.24524E+00         .000      .000
   1.200     .11197E+00     .69609E-01     .25503E+03    -.16285E+02    -.98445E+00         .000      .000
   1.210     .98529E-01     .67274E-01     .26422E+03    -.14226E+02    -.16997E+01         .000      .000
   1.220     .78148E-01     .62330E-01     .26684E+03    -.86068E+01    -.23640E+01         .000      .000
   1.230     .51655E-01     .54503E-01     .25598E+03    -.18594E+01    -.29081E+01         .000      .000
   1.240     .20490E-01     .43789E-01     .23470E+03     .17361E+01    -.33025E+01         .000      .000
   1.250    -.13893E-01     .30329E-01     .20673E+03     .14246E+01    -.35459E+01         .000      .000
   1.260    -.49831E-01     .14310E-01     .16722E+03     .36548E+00    -.36092E+01         .000      .000
   1.270    -.85416E-01    -.39019E-02     .11216E+03     .11215E+01    -.34740E+01         .000      .000
   1.280    -.11870E+00    -.23740E-01     .41607E+02     .44798E+01    -.31547E+01         .000      .000
   1.290    -.14805E+00    -.44474E-01    -.43445E+02     .96524E+01    -.26993E+01         .000      .000
   1.300    -.17239E+00    -.65167E-01    -.13902E+03     .14337E+02    -.21566E+01         .000      .000
   1.310    -.19104E+00    -.84672E-01    -.23657E+03     .16094E+02    -.15706E+01         .000      .000
   1.320    -.20381E+00    -.10175E+00    -.32602E+03     .14394E+02    -.98860E+00         .000      .000
   1.330    -.21086E+00    -.11523E+00    -.40001E+03     .11048E+02    -.42179E+00         .000      .000
   1.340    -.21232E+00    -.12414E+00    -.45341E+03     .83508E+01     .12478E+00         .000      .000
   1.350    -.20840E+00    -.12782E+00    -.48223E+03     .76681E+01     .66142E+00         .000      .000
   1.360    -.19900E+00    -.12598E+00    -.48525E+03     .89329E+01     .12240E+01         .000      .000
   1.370    -.18390E+00    -.11869E+00    -.46214E+03     .10661E+02     .17932E+01         .000      .000
   1.380    -.16332E+00    -.10641E+00    -.41609E+03     .11716E+02     .23066E+01         .000      .000
   1.390    -.13840E+00    -.89834E-01    -.35292E+03     .11223E+02     .26302E+01         .000      .000
   1.400    -.11192E+00    -.69708E-01    -.27472E+03     .80431E+01     .25952E+01         .000      .000
   1.410    -.87694E-01    -.46762E-01    -.17888E+03     .13684E+01     .22010E+01         .000      .000
   1.420    -.68568E-01    -.21802E-01    -.57267E+02    -.87662E+01     .16060E+01         .000      .000
   1.430    -.55772E-01     .39235E-02     .93194E+02    -.18416E+02     .95401E+00         .000      .000
   1.440    -.49353E-01     .28395E-01     .25238E+03    -.19952E+02     .34480E+00         .000      .000
   1.450    -.48339E-01     .49226E-01     .38861E+03    -.10820E+02    -.10438E+00         .000      .000
   1.460    -.50654E-01     .64378E-01     .48528E+03     .20170E+01    -.32106E+00         .000      .000
   1.470    -.53955E-01     .72445E-01     .54039E+03     .97125E+01    -.29877E+00         .000      .000
   1.480    -.56005E-01     .72633E-01     .54986E+03     .95949E+01    -.89172E-01         .000      .000
   1.490    -.55471E-01     .64879E-01     .50711E+03     .48734E+01     .20218E+00         .000      .000
   1.500    -.51979E-01     .49984E-01     .40989E+03     .40329E+00     .48951E+00         .000      .000
   1.510    -.45848E-01     .29624E-01     .26769E+03    -.16403E+01     .72682E+00         .000      .000
   1.520    -.37616E-01     .60875E-02     .10061E+03    -.18003E+01     .91190E+00         .000      .000
   1.530    -.27837E-01    -.18147E-01    -.70699E+02    -.84328E+00     .10289E+01         .000      .000
   1.540    -.17328E-01    -.40746E-01    -.23175E+03     .11755E+01     .10590E+01         .000      .000
   1.550    -.67629E-02    -.59611E-01    -.37137E+03     .34248E+01     .10568E+01         .000      .000
   1.560     .37485E-02    -.72926E-01    -.47495E+03     .38230E+01     .10359E+01         .000      .000
   1.570     .13590E-01    -.79407E-01    -.53087E+03     .22712E+01     .90642E+00         .000      .000
   1.580     .21421E-01    -.78474E-01    -.53914E+03     .76535E+00     .64082E+00         .000      .000
   1.590     .26086E-01    -.70097E-01    -.49888E+03    -.10658E+01     .27856E+00         .000      .000
   1.600     .26752E-01    -.54826E-01    -.40467E+03    -.43407E+01    -.15558E+00         .000      .000
   1.610     .22944E-01    -.34056E-01    -.26325E+03    -.70696E+01    -.59799E+00         .000      .000
   1.620     .15162E-01    -.99134E-02    -.93090E+02    -.70403E+01    -.92926E+00         .000      .000
   1.630     .49078E-02     .15079E-01     .87210E+02    -.44107E+01    -.10962E+01         .000      .000
   1.640    -.62352E-02     .38233E-01     .25696E+03    -.37112E-02    -.11055E+01         .000      .000
   1.650    -.16624E-01     .57049E-01     .39433E+03     .44903E+01    -.94260E+00         .000      .000
   1.660    -.24659E-01     .69655E-01     .48755E+03     .61532E+01    -.65212E+00         .000      .000
   1.670    -.29533E-01     .74913E-01     .53099E+03     .45230E+01    -.32112E+00         .000      .000
   1.680    -.31224E-01     .72437E-01     .51871E+03     .18246E+01    -.32332E-01         .000      .000
   1.690    -.30515E-01     .62721E-01     .45291E+03    -.52099E+00     .15607E+00         .000      .000
   1.700    -.28493E-01     .47043E-01     .34546E+03    -.22702E+01     .22759E+00         .000      .000
   1.710    -.26395E-01     .27194E-01     .21232E+03    -.33535E+01     .16988E+00         .000      .000
   1.720    -.25420E-01     .51799E-02     .68297E+02    -.33251E+01     .15055E-01         .000      .000
   1.730    -.26244E-01    -.16971E-01    -.73246E+02    -.22175E+01    -.18493E+00         .000      .000
   1.740    -.29176E-01    -.37372E-01    -.19912E+03    -.61932E+00    -.40224E+00         .000      .000
   1.750    -.34129E-01    -.54463E-01    -.30004E+03     .11811E+01    -.57180E+00         .000      .000
   1.760    -.40235E-01    -.67077E-01    -.36945E+03     .26078E+01    -.62854E+00         .000      .000
   1.770    -.46315E-01    -.74527E-01    -.40317E+03     .35628E+01    -.56971E+00         .000      .000
   1.780    -.51321E-01    -.76681E-01    -.40499E+03     .51204E+01    -.41834E+00         .000      .000
   1.790    -.54456E-01    -.73801E-01    -.38139E+03     .71290E+01    -.19973E+00         .000      .000
   1.800    -.55209E-01    -.66382E-01    -.33455E+03     .78400E+01     .50429E-01         .000      .000
   1.810    -.53419E-01    -.55149E-01    -.26625E+03     .63674E+01     .30931E+00         .000      .000
   1.820    -.48925E-01    -.41069E-01    -.18209E+03     .35442E+01     .59781E+00         .000      .000
   1.830    -.41391E-01    -.25286E-01    -.89889E+02     .97518E+00     .90825E+00         .000      .000
   1.840    -.30812E-01    -.90528E-02    -.93225E-01     .37879E+00     .12036E+01         .000      .000
   1.850    -.17388E-01     .64341E-02     .76237E+02     .18308E+01     .14778E+01         .000      .000
   1.860    -.13727E-02     .20264E-01     .13565E+03     .28338E+01     .17161E+01         .000      .000
   1.870     .16863E-01     .31817E-01     .17937E+03     .15392E+01     .19333E+01         .000      .000
   1.880     .37239E-01     .40689E-01     .20602E+03    -.13744E+01     .21349E+01         .000      .000
   1.890     .59362E-01     .46700E-01     .21285E+03    -.38386E+01     .22776E+01         .000      .000
   1.900     .82437E-01     .49932E-01     .19675E+03    -.41907E+01     .23142E+01         .000      .000
   1.910     .10514E+00     .50833E-01     .16117E+03    -.35308E+01     .21979E+01         .000      .000
   1.920     .12578E+00     .50174E-01     .11755E+03    -.43173E+01     .18971E+01         .000      .000
   1.930     .14250E+00     .48820E-01     .78155E+02    -.74397E+01     .14235E+01         .000      .000
   1.940     .15389E+00     .47515E-01     .51139E+02    -.11534E+02     .84230E+00         .000      .000
   1.950     .15926E+00     .46736E-01     .40186E+02    -.14194E+02     .23378E+00         .000      .000
   1.960     .15876E+00     .46599E-01     .43687E+02    -.13414E+02    -.31453E+00         .000      .000
   1.970     .15332E+00     .46899E-01     .56790E+02    -.92150E+01    -.75624E+00         .000      .000
   1.980     .14401E+00     .47227E-01     .74412E+02    -.36414E+01    -.10872E+01         .000      .000
   1.990     .13195E+00     .47114E-01     .92000E+02     .57890E+00    -.13067E+01         .000      .000
   2.000     .11818E+00     .46175E-01     .10768E+03     .14268E+01    -.14365E+01         .000      .000
   2.010     .10347E+00     .44127E-01     .11999E+03    -.64534E+00    -.14907E+01         .000      .000
   2.020     .88715E-01     .40774E-01     .12530E+03    -.32298E+01    -.14395E+01         .000      .000
   2.030     .75047E-01     .36033E-01     .12078E+03    -.41233E+01    -.12789E+01         .000      .000
   2.040     .63337E-01     .29900E-01     .10334E+03    -.20048E+01    -.10581E+01         .000      .000
   2.050     .54003E-01     .22502E-01     .69357E+02     .24895E+01    -.80259E+00         .000      .000
   2.060     .47116E-01     .14255E-01     .22461E+02     .60064E+01    -.59904E+00         .000      .000
   2.070     .41721E-01     .58311E-02    -.27880E+02     .58559E+01    -.48623E+00         .000      .000
   2.080     .37325E-01    -.19970E-02    -.73733E+02     .20023E+01    -.39304E+00         .000      .000
   2.090     .33723E-01    -.84851E-02    -.10596E+03    -.35257E+01    -.33964E+00         .000      .000
   2.100     .30346E-01    -.13217E-01    -.12557E+03    -.58161E+01    -.34026E+00         .000      .000
   2.110     .26927E-01    -.16033E-01    -.13986E+03    -.28807E+01    -.33878E+00         .000      .000
   2.120     .23721E-01    -.16785E-01    -.14418E+03     .13689E+01    -.29388E+00         .000      .000
   2.130     .21215E-01    -.15508E-01    -.13222E+03     .35636E+01    -.19974E+00         .000      .000
   2.140     .19868E-01    -.12545E-01    -.10832E+03     .37879E+01    -.62904E-01         .000      .000
   2.150     .20080E-01    -.83568E-02    -.79846E+02     .30156E+01     .11123E+00         .000      .000
   2.160     .22247E-01    -.33596E-02    -.50512E+02     .17668E+01     .33172E+00         .000      .000
   2.170     .26686E-01     .20820E-02    -.21842E+02     .49072E+00     .54389E+00         .000      .000
   2.180     .32788E-01     .76162E-02     .34533E+01    -.12463E-01     .65565E+00         .000      .000
   2.190     .39731E-01     .12971E-01     .22304E+02     .70979E-01     .74653E+00         .000      .000
   2.200     .48036E-01     .18059E-01     .40234E+02    -.14598E+01     .93154E+00         .000      .000
   2.210     .58651E-01     .22722E-01     .61912E+02    -.38410E+01     .12045E+01         .000      .000
   2.220     .72408E-01     .26524E-01     .73497E+02    -.25369E+01     .15632E+01         .000      .000
   2.230     .90118E-01     .29197E-01     .62356E+02     .24064E+01     .19813E+01         .000      .000
   2.240     .11201E+00     .30962E-01     .34002E+02     .60210E+01     .23902E+01         .000      .000
   2.250     .13768E+00     .32363E-01    -.14193E+01     .50022E+01     .27263E+01         .000      .000
   2.260     .16607E+00     .34093E-01    -.36051E+02    -.31948E+00     .29236E+01         .000      .000
   2.270     .19562E+00     .36879E-01    -.64275E+02    -.68831E+01     .29613E+01         .000      .000
   2.280     .22488E+00     .41365E-01    -.82023E+02    -.11519E+02     .28755E+01         .000      .000
   2.290     .25292E+00     .48005E-01    -.84197E+02    -.13068E+02     .27262E+01         .000      .000
   2.300     .27938E+00     .56914E-01    -.68049E+02    -.11817E+02     .25693E+01         .000      .000
   2.310     .30438E+00     .67821E-01    -.36176E+02    -.88435E+01     .24346E+01         .000      .000
   2.320     .32814E+00     .80187E-01     .60205E+01    -.59174E+01     .23186E+01         .000      .000
   2.330     .35070E+00     .93384E-01     .53965E+02    -.49271E+01     .21868E+01         .000      .000
   2.340     .37164E+00     .10681E+00     .10513E+03    -.68293E+01     .19854E+01         .000      .000
   2.350     .38998E+00     .11994E+00     .15829E+03    -.11019E+02     .16569E+01         .000      .000
   2.360     .40416E+00     .13228E+00     .21241E+03    -.15721E+02     .11443E+01         .000      .000
   2.370     .41220E+00     .14334E+00     .26656E+03    -.19196E+02     .43252E+00         .000      .000
   2.380     .41238E+00     .15263E+00     .32086E+03    -.20929E+02    -.41072E+00         .000      .000
   2.390     .40383E+00     .15958E+00     .37669E+03    -.21370E+02    -.13018E+01         .000      .000
   2.400     .38643E+00     .16344E+00     .43084E+03    -.20176E+02    -.21671E+01         .000      .000
   2.410     .36090E+00     .16335E+00     .47328E+03    -.16729E+02    -.29078E+01         .000      .000
   2.420     .32901E+00     .15854E+00     .49539E+03    -.12086E+02    -.34260E+01         .000      .000
   2.430     .29313E+00     .14851E+00     .49230E+03    -.77179E+01    -.37190E+01         .000      .000
   2.440     .25526E+00     .13305E+00     .45752E+03    -.36865E+01    -.38240E+01         .000      .000
   2.450     .21730E+00     .11244E+00     .38651E+03    -.30319E+00    -.37361E+01         .000      .000
   2.460     .18105E+00     .87580E-01     .28545E+03     .10800E+01    -.34953E+01         .000      .000
   2.470     .14767E+00     .59768E-01     .16314E+03     .11519E+01    -.31696E+01         .000      .000
   2.480     .11788E+00     .30562E-01     .24621E+02     .18656E+01    -.27760E+01         .000      .000
   2.490     .92302E-01     .17655E-02    -.12002E+03     .32584E+01    -.23385E+01         .000      .000
   2.500     .71139E-01    -.24755E-01    -.25687E+03     .47109E+01    -.18934E+01         .000      .000
   2.510     .54374E-01    -.47305E-01    -.37590E+03     .61199E+01    -.14665E+01         .000      .000
   2.520     .41722E-01    -.64438E-01    -.46768E+03     .68103E+01    -.10661E+01         .000      .000
   2.530     .33141E-01    -.75066E-01    -.52325E+03     .62126E+01    -.63925E+00         .000      .000
   2.540     .29187E-01    -.78608E-01    -.53719E+03     .46870E+01    -.13716E+00         .000      .000
   2.550     .30530E-01    -.75113E-01    -.51155E+03     .39767E+01     .40529E+00         .000      .000
   2.560     .37095E-01    -.65214E-01    -.45695E+03     .56791E+01     .88851E+00         .000      .000
   2.570     .48025E-01    -.49823E-01    -.38250E+03     .80543E+01     .12879E+01         .000      .000
   2.580     .62412E-01    -.29894E-01    -.28622E+03     .67093E+01     .15536E+01         .000      .000
   2.590     .78335E-01    -.65749E-02    -.16511E+03     .68521E+00     .15919E+01         .000      .000
   2.600     .93666E-01     .18646E-01    -.29358E+02    -.62468E+01     .14568E+01         .000      .000
   2.610     .10714E+00     .44168E-01     .11149E+03    -.11569E+02     .12221E+01         .000      .000
   2.620     .11802E+00     .68301E-01     .25093E+03    -.13756E+02     .96202E+00         .000      .000
   2.630     .12667E+00     .89213E-01     .37400E+03    -.11522E+02     .78980E+00         .000      .000
   2.640     .13433E+00     .10523E+00     .46701E+03    -.65788E+01     .77011E+00         .000      .000
   2.650     .14275E+00     .11505E+00     .52020E+03    -.16018E+01     .95116E+00         .000      .000
   2.660     .15396E+00     .11793E+00     .52521E+03     .15702E+01     .13143E+01         .000      .000
   2.670     .16926E+00     .11389E+00     .47893E+03     .22900E+01     .17451E+01         .000      .000
   2.680     .18870E+00     .10374E+00     .38311E+03     .11832E+01     .21277E+01         .000      .000
   2.690     .21138E+00     .89125E-01     .24928E+03    -.17298E+01     .23800E+01         .000      .000
   2.700     .23574E+00     .72322E-01     .99070E+02    -.64448E+01     .24632E+01         .000      .000
   2.710     .26013E+00     .55741E-01    -.46514E+02    -.11168E+02     .23955E+01         .000      .000
   2.720     .28349E+00     .41565E-01    -.17251E+03    -.13470E+02     .22810E+01         .000      .000
   2.730     .30608E+00     .31519E-01    -.26846E+03    -.12346E+02     .22656E+01         .000      .000
   2.740     .32943E+00     .26716E-01    -.32906E+03    -.82255E+01     .24374E+01         .000      .000
   2.750     .35551E+00     .27610E-01    -.35747E+03    -.21727E+01     .28109E+01         .000      .000
   2.760     .38615E+00     .34199E-01    -.36061E+03     .33848E+01     .33335E+01         .000      .000
   2.770     .42243E+00     .46304E-01    -.34104E+03     .50813E+01     .39292E+01         .000      .000
   2.780     .46461E+00     .63653E-01    -.29746E+03     .12101E+01     .44880E+01         .000      .000
   2.790     .51172E+00     .85822E-01    -.22956E+03    -.65589E+01     .49096E+01         .000      .000
   2.800     .56230E+00     .11217E+00    -.14089E+03    -.14596E+02     .51815E+01         .000      .000
   2.810     .61481E+00     .14184E+00    -.34249E+02    -.20374E+02     .52903E+01         .000      .000
   2.820     .66736E+00     .17367E+00     .85646E+02    -.22546E+02     .51774E+01         .000      .000
   2.830     .71732E+00     .20625E+00     .20944E+03    -.21581E+02     .47543E+01         .000      .000
   2.840     .76120E+00     .23821E+00     .33224E+03    -.21028E+02     .39566E+01         .000      .000
   2.850     .79483E+00     .26830E+00     .45772E+03    -.24934E+02     .26700E+01         .000      .000
   2.860     .81261E+00     .29536E+00     .59019E+03    -.33559E+02     .78698E+00         .000      .000
   2.870     .80925E+00     .31814E+00     .72901E+03    -.43863E+02    -.14903E+01         .000      .000
   2.880     .78227E+00     .33534E+00     .87770E+03    -.53102E+02    -.39274E+01         .000      .000
   2.890     .73034E+00     .34514E+00     .10309E+04    -.55661E+02    -.64710E+01         .000      .000
   2.900     .65289E+00     .34514E+00     .11556E+04    -.45776E+02    -.90020E+01         .000      .000
   2.910     .55076E+00     .33325E+00     .12289E+04    -.29158E+02    -.11397E+02         .000      .000
   2.920     .42539E+00     .30817E+00     .12551E+04    -.17109E+02    -.13662E+02         .000      .000
   2.930     .27768E+00     .26917E+00     .12352E+04    -.13177E+02    -.15877E+02         .000      .000
   2.940     .10769E+00     .21614E+00     .11611E+04    -.13960E+02    -.18137E+02         .000      .000
   2.950    -.85316E-01     .14985E+00     .10339E+04    -.15198E+02    -.20473E+02         .000      .000
   2.960    -.30187E+00     .71815E-01     .86629E+03    -.14030E+02    -.22837E+02         .000      .000
   2.970    -.54195E+00    -.16071E-01     .67501E+03    -.88643E+01    -.25169E+02         .000      .000
   2.980    -.80484E+00    -.11196E+00     .47087E+03     .14969E+01    -.27379E+02         .000      .000
   2.990    -.10888E+01    -.21417E+00     .25866E+03     .16198E+02    -.29360E+02         .000      .000
   3.000    -.13908E+01    -.32111E+00     .44592E+02     .31888E+02    -.30985E+02         .000      .000
   3.010    -.17058E+01    -.43128E+00    -.16471E+03     .45306E+02    -.31807E+02         .000      .000
   3.020    -.20235E+01    -.54346E+00    -.36764E+03     .56937E+02    -.31575E+02         .000      .000
   3.030    -.23353E+01    -.65683E+00    -.58642E+03     .73297E+02    -.30735E+02         .000      .000
   3.040    -.26372E+01    -.77029E+00    -.84638E+03     .94944E+02    -.29596E+02         .000      .000
   3.050    -.29264E+01    -.88157E+00    -.11342E+04     .11073E+03    -.28239E+02         .000      .000
   3.060    -.32020E+01    -.98751E+00    -.14037E+04     .11080E+03    -.26894E+02         .000      .000
   3.070    -.34657E+01    -.10852E+01    -.16288E+04     .10116E+03    -.25971E+02         .000      .000
   3.080    -.37254E+01    -.11723E+01    -.18113E+04     .94788E+02    -.26232E+02         .000      .000
   3.090    -.39948E+01    -.12466E+01    -.19443E+04     .95056E+02    -.27826E+02         .000      .000
   3.100    -.42835E+01    -.13061E+01    -.19817E+04     .90091E+02    -.29894E+02         .000      .000
   3.110    -.45929E+01    -.13494E+01    -.18494E+04     .69660E+02    -.32026E+02         .000      .000
   3.120    -.49246E+01    -.13786E+01    -.15454E+04     .50406E+02    -.34333E+02         .000      .000
   3.130    -.52794E+01    -.13991E+01    -.11564E+04     .55226E+02    -.36591E+02         .000      .000
   3.140    -.56546E+01    -.14171E+01    -.75338E+03     .81888E+02    -.38317E+02         .000      .000
   3.150    -.60420E+01    -.14395E+01    -.40646E+03     .11979E+03    -.38909E+02         .000      .000
   3.160    -.64281E+01    -.14716E+01    -.16827E+03     .14357E+03    -.38097E+02         .000      .000
   3.170    -.68003E+01    -.15156E+01     .53291E+01     .12845E+03    -.36207E+02         .000      .000
   3.180    -.71503E+01    -.15734E+01     .10248E+03     .94428E+02    -.33726E+02         .000      .000
   3.190    -.74743E+01    -.16454E+01     .71971E+02     .70112E+02    -.31085E+02         .000      .000
   3.200    -.77718E+01    -.17303E+01    -.76570E+02     .64358E+02    -.28400E+02         .000      .000
   3.210    -.80415E+01    -.18254E+01    -.30851E+03     .74069E+02    -.25477E+02         .000      .000
   3.220    -.82798E+01    -.19276E+01    -.59240E+03     .91971E+02    -.22091E+02         .000      .000
   3.230    -.84808E+01    -.20343E+01    -.91628E+03     .11122E+03    -.17939E+02         .000      .000
   3.240    -.86354E+01    -.21429E+01    -.12835E+04     .13486E+03    -.12819E+02         .000      .000
   3.250    -.87343E+01    -.22502E+01    -.17696E+04     .16422E+03    -.68596E+01         .000      .000
   3.260    -.87719E+01    -.23494E+01    -.22389E+04     .16296E+03    -.67385E+00         .000      .000
   3.270    -.87484E+01    -.24349E+01    -.26111E+04     .12944E+03     .53008E+01         .000      .000
   3.280    -.86670E+01    -.25026E+01    -.29441E+04     .12499E+03     .10975E+02         .000      .000
   3.290    -.85286E+01    -.25478E+01    -.33117E+04     .14278E+03     .16714E+02         .000      .000
   3.300    -.83336E+01    -.25640E+01    -.34462E+04     .14420E+03     .22261E+02         .000      .001
   3.310    -.80841E+01    -.25465E+01    -.36476E+04     .13860E+03     .27561E+02         .000      .002
   3.320    -.77866E+01    -.24875E+01    -.35608E+04     .71256E+02     .31606E+02         .000      .002
   3.330    -.74607E+01    -.23913E+01    -.32196E+04     .34489E+02     .33088E+02         .000      .002
   3.340    -.71325E+01    -.22665E+01    -.30587E+04     .99828E+02     .32236E+02         .000      .002
   3.350    -.68202E+01    -.21110E+01    -.27972E+04     .11937E+03     .30071E+02         .000      .002
   3.360    -.65353E+01    -.19231E+01    -.21079E+04     .32511E+02     .26625E+02         .000      .002
   3.370    -.62942E+01    -.17104E+01    -.10102E+04    -.89803E+02     .21273E+02         .000      .002
   3.380    -.61128E+01    -.14884E+01     .20644E+03    -.13179E+03     .15066E+02         .000      .003
   3.390    -.59861E+01    -.12736E+01     .84785E+03    -.16756E+02     .10872E+02         .000      .005
   3.400    -.58856E+01    -.10717E+01     .16770E+04     .50215E+01     .95967E+01         .000      .007
   3.410    -.57881E+01    -.89909E+00     .26052E+04     .75849E+01     .10207E+02         .000      .009
   3.420    -.56751E+01    -.77387E+00     .28248E+04     .73384E+02     .12737E+02         .000      .011
   3.430    -.55292E+01    -.69747E+00     .29713E+04     .46811E+02     .16447E+02         .000      .012
   3.440    -.53466E+01    -.67598E+00     .28891E+04     .52525E+02     .20100E+02         .000      .012
   3.450    -.51262E+01    -.70488E+00     .22055E+04     .67388E+02     .23980E+02         .000      .012
   3.460    -.48686E+01    -.76823E+00     .13928E+04     .22158E+02     .27421E+02         .000      .012
   3.470    -.45802E+01    -.85294E+00     .45784E+03    -.24427E+02     .30153E+02         .000      .012
   3.480    -.42669E+01    -.94514E+00    -.31162E+03    -.64829E+02     .32422E+02         .000      .012
   3.490    -.39333E+01    -.10333E+01    -.11963E+04    -.29835E+02     .34288E+02         .000      .012
   3.500    -.35835E+01    -.11001E+01    -.22143E+04    -.50225E+01     .35400E+02         .000      .012
   3.510    -.32325E+01    -.11310E+01    -.25714E+04    -.55933E+02     .34388E+02         .000      .012
   3.520    -.29015E+01    -.11318E+01    -.28106E+04    -.59242E+00     .31694E+02         .000      .012
   3.530    -.25992E+01    -.11027E+01    -.30370E+04     .81642E+02     .28785E+02         .000      .012
   3.540    -.23239E+01    -.10404E+01    -.31054E+04     .13024E+03     .26444E+02         .000      .012
   3.550    -.20675E+01    -.94317E+00    -.29404E+04     .87826E+02     .24932E+02         .000      .012
   3.560    -.18233E+01    -.81162E+00    -.23584E+04    -.24497E+02     .24044E+02         .000      .012
   3.570    -.15827E+01    -.65467E+00    -.16229E+04    -.88693E+02     .24348E+02         .000      .012
   3.580    -.13298E+01    -.48193E+00    -.86404E+03    -.81598E+02     .26587E+02         .000      .012
   3.590    -.10457E+01    -.30388E+00    -.12168E+03    -.22042E+02     .30401E+02         .000      .012
   3.600    -.71991E+00    -.13260E+00     .43446E+03     .69113E+02     .34777E+02         .000      .012
   3.610    -.34802E+00     .24266E-01     .76118E+03     .11411E+03     .39755E+02         .000      .012
   3.620     .76636E-01     .16462E+00     .98930E+03     .66795E+02     .45170E+02         .000      .012
   3.630     .55276E+00     .28754E+00     .11064E+04    -.24681E+02     .49826E+02         .000      .012
   3.640     .10691E+01     .39333E+00     .98491E+03    -.77784E+02     .53306E+02         .000      .012
   3.650     .16175E+01     .48778E+00     .61120E+03    -.88512E+02     .56364E+02         .000      .012
   3.660     .21963E+01     .58202E+00     .30357E+03    -.12165E+03     .59360E+02         .000      .012
   3.670     .28042E+01     .68235E+00     .21361E+03    -.15861E+03     .62223E+02         .000      .012
   3.680     .34413E+01     .78711E+00     .13603E+03    -.12570E+03     .65269E+02         .000      .012
   3.690     .41123E+01     .89454E+00    -.12084E+03    -.31910E+02     .69107E+02         .000      .012
   3.700     .48261E+01     .10085E+01    -.42362E+03     .23575E+02     .73719E+02         .000      .012
   3.710     .55863E+01     .11341E+01    -.53707E+03    -.17241E+02     .78212E+02         .000      .012
   3.720     .63869E+01     .12713E+01    -.50406E+03    -.82384E+02     .81715E+02         .000      .012
   3.730     .72162E+01     .14170E+01    -.58462E+03    -.85084E+02     .83903E+02         .000      .012
   3.740     .80611E+01     .15729E+01    -.79775E+03    -.48262E+02     .84923E+02         .000      .012
   3.750     .89112E+01     .17445E+01    -.94386E+03    -.40162E+02     .84881E+02         .000      .012
   3.760     .97539E+01     .19358E+01    -.87740E+03    -.79940E+02     .83376E+02         .000      .012
   3.770     .10573E+02     .21463E+01    -.62324E+03    -.12779E+03     .80085E+02         .000      .012
   3.780     .11352E+02     .23722E+01    -.31667E+03    -.13663E+03     .75587E+02         .000      .012
   3.790     .12084E+02     .26109E+01     .19705E+02    -.12408E+03     .70953E+02         .000      .012
   3.800     .12771E+02     .28597E+01     .43202E+03    -.11679E+03     .66533E+02         .000      .012
   3.810     .13415E+02     .31154E+01     .96005E+03    -.14010E+03     .62211E+02         .000      .012
   3.820     .14016E+02     .33720E+01     .15918E+04    -.17622E+03     .57927E+02         .000      .012
   3.830     .14574E+02     .36212E+01     .21918E+04    -.18570E+03     .53856E+02         .000      .012
   3.840     .15095E+02     .38558E+01     .24929E+04    -.13884E+03     .50413E+02         .000      .012
   3.850     .15584E+02     .40767E+01     .28480E+04    -.17639E+03     .47261E+02         .000      .012
   3.860     .16038E+02     .42790E+01     .33679E+04    -.23626E+03     .43477E+02         .000      .012
   3.870     .16452E+02     .44544E+01     .34199E+04    -.21108E+03     .39436E+02         .000      .012
   3.880     .16826E+02     .46037E+01     .35551E+04    -.21089E+03     .35165E+02         .000      .012
   3.890     .17155E+02     .47242E+01     .36504E+04    -.20195E+03     .30543E+02         .000      .012
   3.900     .17436E+02     .48148E+01     .36628E+04    -.19411E+03     .25706E+02         .000      .012
   3.910     .17668E+02     .48772E+01     .36210E+04    -.19827E+03     .20637E+02         .000      .012
   3.920     .17848E+02     .49140E+01     .35774E+04    -.22051E+03     .15261E+02         .000      .012
   3.930     .17973E+02     .49258E+01     .34593E+04    -.22258E+03     .97258E+01         .000      .012
   3.940     .18043E+02     .49148E+01     .32783E+04    -.21339E+03     .43066E+01         .000      .012
   3.950     .18060E+02     .48828E+01     .30332E+04    -.18665E+03    -.81132E+00         .000      .012
   3.960     .18028E+02     .48332E+01     .27284E+04    -.16401E+03    -.54796E+01         .000      .012
   3.970     .17951E+02     .47704E+01     .24721E+04    -.16769E+03    -.98621E+01         .000      .012
   3.980     .17831E+02     .46967E+01     .22527E+04    -.17302E+03    -.14162E+02         .000      .012
   3.990     .17669E+02     .46134E+01     .19868E+04    -.15722E+03    -.18118E+02         .000      .012
   4.000     .17472E+02     .45237E+01     .17220E+04    -.14128E+03    -.21091E+02         .000      .012
   4.010     .17251E+02     .44302E+01     .15190E+04    -.13122E+03    -.22800E+02         .000      .012
   4.020     .17020E+02     .43331E+01     .13254E+04    -.11114E+03    -.23204E+02         .000      .012
   4.030     .16790E+02     .42326E+01     .10929E+04    -.79922E+02    -.22651E+02         .000      .012
   4.040     .16568E+02     .41296E+01     .81364E+03    -.47960E+02    -.21931E+02         .000      .012
   4.050     .16352E+02     .40262E+01     .48712E+03    -.25981E+02    -.21235E+02         .000      .012
   4.060     .16143E+02     .39258E+01     .14999E+03    -.26848E+02    -.20458E+02         .000      .012
   4.070     .15942E+02     .38330E+01    -.71962E+02    -.56572E+02    -.19983E+02         .000      .012
   4.080     .15741E+02     .37498E+01    -.25003E+03    -.69218E+02    -.20164E+02         .000      .012
   4.090     .15536E+02     .36799E+01    -.39196E+03    -.78403E+02    -.20915E+02         .000      .012
   4.100     .15320E+02     .36259E+01    -.39531E+03    -.81527E+02    -.22500E+02         .000      .012
   4.110     .15084E+02     .35863E+01    -.31448E+03    -.68251E+02    -.24720E+02         .000      .012
   4.120     .14827E+02     .35593E+01    -.10944E+03    -.60823E+02    -.26702E+02         .000      .012
   4.130     .14553E+02     .35406E+01     .22815E+03    -.60294E+02    -.27826E+02         .000      .012
   4.140     .14273E+02     .35235E+01     .60928E+03    -.48599E+02    -.27990E+02         .000      .012
   4.150     .13997E+02     .35000E+01     .91104E+03    -.15645E+02    -.27088E+02         .000      .012
   4.160     .13735E+02     .34644E+01     .10755E+04     .19815E+02    -.25122E+02         .000      .012
   4.170     .13497E+02     .34136E+01     .11156E+04     .34423E+02    -.22507E+02         .000      .012
   4.180     .13286E+02     .33465E+01     .10250E+04     .29215E+02    -.19702E+02         .000      .012
   4.190     .13103E+02     .32639E+01     .78373E+03     .17710E+02    -.16918E+02         .000      .012
   4.200     .12947E+02     .31695E+01     .40517E+03     .82798E+01    -.14229E+02         .000      .012
   4.210     .12817E+02     .30695E+01    -.39329E+02    -.10181E+01    -.11686E+02         .000      .012
   4.220     .12712E+02     .29710E+01    -.41872E+03    -.31455E+02    -.93897E+01         .000      .012
   4.230     .12628E+02     .28791E+01    -.54359E+03    -.56159E+02    -.76396E+01         .000      .012
   4.240     .12559E+02     .27919E+01    -.84580E+03     .11095E+02    -.60312E+01         .000      .012
   4.250     .12508E+02     .27157E+01    -.12202E+04     .63885E+02    -.41599E+01         .000      .012
   4.260     .12475E+02     .26572E+01    -.13957E+04     .51859E+02    -.24721E+01         .000      .012
   4.270     .12457E+02     .26169E+01    -.14856E+04     .25167E+02    -.13452E+01         .000      .012
   4.280     .12447E+02     .25956E+01    -.15681E+04     .72594E+01    -.71954E+00         .000      .012
   4.290     .12441E+02     .25955E+01    -.15942E+04    -.86001E+01    -.41600E+00         .000      .012
   4.300     .12437E+02     .26185E+01    -.14267E+04    -.38969E+02    -.45882E+00         .000      .012
   4.310     .12431E+02     .26613E+01    -.11203E+04    -.45058E+02    -.81728E+00         .000      .012
   4.320     .12421E+02     .27188E+01    -.75341E+03    -.28289E+02    -.12437E+01         .000      .012
   4.330     .12406E+02     .27858E+01    -.31846E+03    -.99406E+01    -.16892E+01         .000      .012
   4.340     .12386E+02     .28558E+01     .14677E+03    -.16840E+00    -.22914E+01         .000      .012
   4.350     .12359E+02     .29222E+01     .59913E+03    -.44298E+01    -.33586E+01         .000      .012
   4.360     .12317E+02     .29792E+01     .10084E+04    -.19072E+02    -.52278E+01         .000      .012
   4.370     .12252E+02     .30214E+01     .12838E+04    -.20783E+02    -.78793E+01         .000      .012
   4.380     .12157E+02     .30474E+01     .13921E+04    -.25209E+02    -.11028E+02         .000      .012
   4.390     .12029E+02     .30600E+01     .15190E+04    -.72426E+02    -.14786E+02         .000      .012
   4.400     .11859E+02     .30603E+01     .17305E+04    -.13105E+03    -.19443E+02         .000      .012
   4.410     .11638E+02     .30461E+01     .19161E+04    -.14824E+03    -.24763E+02         .000      .012
   4.420     .11363E+02     .30156E+01     .20355E+04    -.12378E+03    -.30170E+02         .000      .012
   4.430     .11035E+02     .29678E+01     .21321E+04    -.88620E+02    -.35302E+02         .000      .012
   4.440     .10658E+02     .29008E+01     .22176E+04    -.62770E+02    -.40087E+02         .000      .012
   4.450     .10235E+02     .28122E+01     .22526E+04    -.48519E+02    -.44563E+02         .000      .012
   4.460     .97679E+01     .27004E+01     .21940E+04    -.41938E+02    -.48744E+02         .000      .012
   4.470     .92607E+01     .25658E+01     .20325E+04    -.41051E+02    -.52650E+02         .000      .012
   4.480     .87161E+01     .24106E+01     .17921E+04    -.44718E+02    -.56196E+02         .000      .012
   4.490     .81393E+01     .22382E+01     .15038E+04    -.47877E+02    -.58987E+02         .000      .012
   4.500     .75399E+01     .20517E+01     .11900E+04    -.43764E+02    -.60704E+02         .000      .012
   4.510     .69280E+01     .18540E+01     .85855E+03    -.25015E+02    -.61597E+02         .000      .012
   4.520     .63100E+01     .16470E+01     .46109E+03     .17520E+02    -.61883E+02         .000      .012
   4.530     .56937E+01     .14346E+01     .11727E+02     .51069E+02    -.61187E+02         .000      .012
   4.540     .50891E+01     .12223E+01    -.32911E+03     .44184E+02    -.59642E+02         .000      .012
   4.550     .45029E+01     .10114E+01    -.63956E+03     .47114E+02    -.57451E+02         .000      .012
   4.560     .39442E+01     .80440E+00    -.97414E+03     .55487E+02    -.54032E+02         .000      .012
   4.570     .34263E+01     .60423E+00    -.12604E+04     .72966E+02    -.49393E+02         .000      .012
   4.580     .29586E+01     .41220E+00    -.15331E+04     .89080E+02    -.44115E+02         .000      .012
   4.590     .25441E+01     .22974E+00    -.17636E+04     .11692E+03    -.38764E+02         .000      .012
   4.600     .21844E+01     .56710E-01    -.21486E+04     .18112E+03    -.33106E+02         .000      .012
   4.610     .18830E+01    -.10206E+00    -.29170E+04     .23213E+03    -.27185E+02         .000      .012
   4.620     .16357E+01    -.23124E+00    -.31550E+04     .11487E+03    -.22726E+02         .000      .012
   4.630     .14202E+01    -.33194E+00    -.31699E+04     .44320E+02    -.20685E+02         .000      .012
   4.640     .12170E+01    -.40612E+00    -.32623E+04     .73989E+02    -.20094E+02         .000      .012
   4.650     .10164E+01    -.44528E+00    -.34648E+04     .10242E+03    -.20182E+02         .000      .012
   4.660     .80838E+00    -.44156E+00    -.29775E+04     .10695E+02    -.21713E+02         .000      .012
   4.670     .57805E+00    -.40883E+00    -.23052E+04     .37942E+01    -.24432E+02         .000      .012
   4.680     .31983E+00    -.35880E+00    -.17124E+04     .64680E+02    -.27157E+02         .000      .012
   4.690     .36470E-01    -.29914E+00    -.11081E+04     .12272E+03    -.29428E+02         .000      .012
   4.700    -.26794E+00    -.23761E+00    -.52395E+03     .13830E+03    -.31472E+02         .000      .012
   4.710    -.59551E+00    -.17881E+00    -.41416E+02     .88625E+02    -.34285E+02         .000      .012
   4.720    -.95822E+00    -.12676E+00     .44899E+03     .17171E+02    -.38423E+02         .000      .012
   4.730    -.13661E+01    -.84986E-01     .85946E+03    -.55647E+02    -.43191E+02         .000      .012
   4.740    -.18224E+01    -.54389E-01     .13474E+04    -.13091E+03    -.48078E+02         .000      .012
   4.750    -.23275E+01    -.38681E-01     .21021E+04    -.17717E+03    -.52897E+02         .000      .012
   4.760    -.28777E+01    -.51021E-01     .26258E+04    -.92171E+02    -.56911E+02         .000      .012
   4.770    -.34611E+01    -.97307E-01     .28313E+04     .16548E+02    -.59581E+02         .000      .012
   4.780    -.40669E+01    -.17900E+00     .27924E+04     .56033E+02    -.61509E+02         .000      .012
   4.790    -.46916E+01    -.30032E+00     .29762E+04     .77303E+01    -.63475E+02         .000      .012
   4.800    -.53358E+01    -.46927E+00     .26954E+04     .32193E+02    -.65290E+02         .000      .012
   4.810    -.59968E+01    -.67654E+00     .22784E+04    -.43938E+01    -.66956E+02         .000      .012
   4.820    -.66758E+01    -.91653E+00     .17861E+04    -.20791E+02    -.68842E+02         .000      .012
   4.830    -.73727E+01    -.11839E+01     .10379E+04     .10165E+02    -.70446E+02         .000      .012
   4.840    -.80835E+01    -.14670E+01     .27793E+03     .25680E+02    -.71681E+02         .000      .012
   4.850    -.88063E+01    -.17552E+01    -.19584E+03    -.64481E+01    -.72932E+02         .000      .012
   4.860    -.95432E+01    -.20470E+01    -.45341E+03    -.43203E+01    -.74432E+02         .000      .012
   4.870    -.10293E+02    -.23467E+01    -.10302E+04     .13543E+03    -.75218E+02         .000      .012
   4.880    -.11041E+02    -.26504E+01    -.20897E+04     .31279E+03    -.74209E+02         .000      .012
   4.890    -.11774E+02    -.29359E+01    -.29015E+04     .24210E+03    -.72452E+02         .000      .012
   4.900    -.12497E+02    -.31935E+01    -.27196E+04     .15539E+02    -.72595E+02         .000      .012
   4.910    -.13230E+02    -.34393E+01    -.28502E+04     .36166E+02    -.73844E+02         .000      .012
   4.920    -.13970E+02    -.36702E+01    -.33542E+04     .16976E+03    -.74030E+02         .000      .012
   4.930    -.14706E+02    -.38736E+01    -.35154E+04     .21451E+03    -.72936E+02         .000      .012
   4.940    -.15426E+02    -.40500E+01    -.33291E+04     .19217E+03    -.70965E+02         .000      .012
   4.950    -.16124E+02    -.42080E+01    -.30442E+04     .17876E+03    -.68530E+02         .000      .012
   4.960    -.16796E+02    -.43557E+01    -.29393E+04     .22709E+03    -.65763E+02         .000      .012
   4.970    -.17436E+02    -.44945E+01    -.30128E+04     .27029E+03    -.62254E+02         .000      .012
   4.980    -.18039E+02    -.46197E+01    -.29466E+04     .22314E+03    -.58315E+02         .000      .012
   4.990    -.18604E+02    -.47323E+01    -.26943E+04     .14721E+03    -.54753E+02         .000      .012
   5.000    -.19135E+02    -.48384E+01    -.25882E+04     .14813E+03    -.51252E+02         .000      .012
   5.010    -.19626E+02    -.49394E+01    -.26758E+04     .19583E+03    -.46933E+02         .000      .012
   5.020    -.20070E+02    -.50322E+01    -.27750E+04     .22339E+03    -.41785E+02         .000      .012
   5.030    -.20461E+02    -.51153E+01    -.28368E+04     .21514E+03    -.36284E+02         .000      .012
   5.040    -.20797E+02    -.51875E+01    -.28346E+04     .17549E+03    -.31126E+02         .000      .012
   5.050    -.21086E+02    -.52490E+01    -.27991E+04     .14471E+03    -.26600E+02         .000      .012
   5.060    -.21329E+02    -.53009E+01    -.28304E+04     .15186E+03    -.21999E+02         .000      .012
   5.070    -.21524E+02    -.53422E+01    -.28878E+04     .16920E+03    -.16867E+02         .000      .012
   5.080    -.21665E+02    -.53714E+01    -.28799E+04     .17216E+03    -.11261E+02         .000      .012
   5.090    -.21747E+02    -.53899E+01    -.28348E+04     .17194E+03    -.51638E+01         .000      .012
   5.100    -.21766E+02    -.53997E+01    -.28297E+04     .18201E+03     .14320E+01         .000      .012
   5.110    -.21718E+02    -.54014E+01    -.28950E+04     .19548E+03     .83583E+01         .000      .012
   5.120    -.21599E+02    -.53941E+01    -.30028E+04     .19838E+03     .15321E+02         .000      .012
   5.130    -.21412E+02    -.53761E+01    -.31430E+04     .19035E+03     .22123E+02         .000      .012
   5.140    -.21158E+02    -.53446E+01    -.33088E+04     .17304E+03     .28626E+02         .000      .012
   5.150    -.20841E+02    -.52956E+01    -.34024E+04     .13777E+03     .34528E+02         .000      .012
   5.160    -.20470E+02    -.52273E+01    -.34420E+04     .11994E+03     .39548E+02         .000      .012
   5.170    -.20053E+02    -.51387E+01    -.34820E+04     .13196E+03     .43846E+02         .000      .012
   5.180    -.19594E+02    -.50259E+01    -.35266E+04     .13202E+03     .47809E+02         .000      .012
   5.190    -.19098E+02    -.48856E+01    -.33371E+04     .89796E+02     .51271E+02         .000      .012
   5.200    -.18570E+02    -.47204E+01    -.30476E+04     .61085E+02     .54277E+02         .000      .012
   5.210    -.18013E+02    -.45331E+01    -.27097E+04     .49214E+02     .57114E+02         .000      .012
   5.220    -.17428E+02    -.43262E+01    -.23059E+04     .43457E+02     .59852E+02         .000      .012
   5.230    -.16817E+02    -.41030E+01    -.18351E+04     .29995E+02     .62358E+02         .000      .012
   5.240    -.16183E+02    -.38675E+01    -.12584E+04    -.26695E+01     .64448E+02         .000      .012
   5.250    -.15529E+02    -.36263E+01    -.64217E+03    -.27349E+02     .66100E+02         .000      .012
   5.260    -.14861E+02    -.33869E+01    -.11424E+03    -.23938E+02     .67486E+02         .000      .012
   5.270    -.14179E+02    -.31543E+01     .12198E+03     .67124E+01     .68929E+02         .000      .012
   5.280    -.13484E+02    -.29304E+01     .44476E+03    -.17861E+02     .70178E+02         .000      .012
   5.290    -.12777E+02    -.27208E+01     .64362E+03    -.20452E+02     .71050E+02         .000      .012
   5.300    -.12063E+02    -.25260E+01     .62691E+03    -.28479E+02     .71729E+02         .000      .012
   5.310    -.11345E+02    -.23416E+01     .66232E+03    -.75878E+02     .71823E+02         .000      .012
   5.320    -.10629E+02    -.21672E+01     .69218E+03    -.10779E+03     .71204E+02         .000      .012
   5.330    -.99219E+01    -.20023E+01     .64451E+03    -.10523E+03     .70189E+02         .000      .012
   5.340    -.92258E+01    -.18448E+01     .56357E+03    -.88694E+02     .69018E+02         .000      .012
   5.350    -.85425E+01    -.16922E+01     .54084E+03    -.86013E+02     .67561E+02         .000      .012
   5.360    -.78766E+01    -.15442E+01     .58182E+03    -.90405E+02     .65504E+02         .000      .012
   5.370    -.72343E+01    -.14020E+01     .62177E+03    -.87169E+02     .62886E+02         .000      .012
   5.380    -.66195E+01    -.12660E+01     .63666E+03    -.78898E+02     .60070E+02         .000      .012
   5.390    -.60328E+01    -.11362E+01     .65957E+03    -.77990E+02     .57274E+02         .000      .012
   5.400    -.54739E+01    -.10126E+01     .69422E+03    -.81349E+02     .54533E+02         .000      .012
   5.410    -.49421E+01    -.89590E+00     .71926E+03    -.82674E+02     .51803E+02         .000      .012
   5.420    -.44383E+01    -.78622E+00     .73011E+03    -.81246E+02     .48923E+02         .000      .012
   5.430    -.39644E+01    -.68349E+00     .72965E+03    -.78463E+02     .45831E+02         .000      .012
   5.440    -.35221E+01    -.58747E+00     .71878E+03    -.75728E+02     .42605E+02         .000      .012
   5.450    -.31125E+01    -.49770E+00     .70066E+03    -.75330E+02     .39302E+02         .000      .012
   5.460    -.27363E+01    -.41351E+00     .68978E+03    -.79249E+02     .35920E+02         .000      .012
   5.470    -.23946E+01    -.33437E+00     .69243E+03    -.84495E+02     .32413E+02         .000      .012
   5.480    -.20886E+01    -.26001E+00     .70041E+03    -.86088E+02     .28751E+02         .000      .012
   5.490    -.18202E+01    -.19011E+00     .72291E+03    -.86756E+02     .24879E+02         .000      .012
   5.500    -.15919E+01    -.12472E+00     .76918E+03    -.86662E+02     .20736E+02         .000      .012
   5.510    -.14061E+01    -.64393E-01     .82775E+03    -.84044E+02     .16404E+02         .000      .012
   5.520    -.12641E+01    -.97562E-02     .89321E+03    -.81201E+02     .11993E+02         .000      .012
   5.530    -.11664E+01     .38715E-01     .98079E+03    -.86103E+02     .75304E+01         .000      .012
   5.540    -.11139E+01     .80399E-01     .11389E+04    -.10107E+03     .29554E+01         .000      .012
   5.550    -.11074E+01     .11304E+00     .13044E+04    -.10514E+03    -.16453E+01         .000      .012
   5.560    -.11464E+01     .13466E+00     .14813E+04    -.10394E+03    -.61381E+01         .000      .012
   5.570    -.12294E+01     .14260E+00     .16560E+04    -.94287E+02    -.10412E+02         .000      .012
   5.580    -.13534E+01     .13395E+00     .17918E+04    -.79655E+02    -.14323E+02         .000      .012
   5.590    -.15139E+01     .10622E+00     .18843E+04    -.66239E+02    -.17637E+02         .000      .012
   5.600    -.17027E+01     .56957E-01     .18837E+04    -.49327E+02    -.19904E+02         .000      .012
   5.610    -.19079E+01    -.14840E-01     .17689E+04    -.33215E+02    -.20962E+02         .000      .012
   5.620    -.21181E+01    -.10877E+00     .15288E+04    -.16571E+02    -.20877E+02         .000      .012
   5.630    -.23222E+01    -.22287E+00     .11371E+04     .38274E+01    -.19820E+02         .000      .012
   5.640    -.25134E+01    -.35274E+00     .60751E+03     .22026E+02    -.18441E+02         .000      .012
   5.650    -.26911E+01    -.49174E+00    -.22064E+02     .33202E+02    -.17087E+02         .000      .012
   5.660    -.28547E+01    -.63064E+00    -.66662E+03     .19812E+02    -.15598E+02         .000      .012
   5.670    -.30036E+01    -.75996E+00    -.11684E+04    -.14953E+02    -.14252E+02         .000      .012
   5.680    -.31408E+01    -.87436E+00    -.16009E+04    -.19475E+02    -.13230E+02         .000      .012
   5.690    -.32689E+01    -.96876E+00    -.19186E+04    -.70597E+01    -.12401E+02         .000      .012
   5.700    -.33890E+01    -.10416E+01    -.21179E+04     .35286E+02    -.11610E+02         .000      .012
   5.710    -.35006E+01    -.10928E+01    -.22833E+04     .84214E+02    -.10699E+02         .000      .012
   5.720    -.36034E+01    -.11208E+01    -.22610E+04     .86400E+02    -.99198E+01         .000      .012
   5.730    -.36997E+01    -.11289E+01    -.21380E+04     .83162E+02    -.93275E+01         .000      .012
   5.740    -.37896E+01    -.11193E+01    -.20503E+04     .78407E+02    -.86427E+01         .000      .012
   5.750    -.38727E+01    -.10903E+01    -.17626E+04     .20476E+02    -.80185E+01         .000      .012
   5.760    -.39508E+01    -.10453E+01    -.12485E+04    -.36045E+02    -.76033E+01         .000      .012
   5.770    -.40242E+01    -.99364E+00    -.75635E+03    -.22788E+02    -.69943E+01         .000      .012
   5.780    -.40886E+01    -.94286E+00    -.36885E+03     .36067E+02    -.57877E+01         .000      .012
   5.790    -.41376E+01    -.89890E+00    -.64157E+02     .92069E+02    -.39051E+01         .000      .012
   5.800    -.41646E+01    -.86665E+00     .10659E+03     .11747E+03    -.14109E+01         .000      .012
   5.810    -.41651E+01    -.84725E+00     .18532E+03     .85561E+02     .12860E+01         .000      .012
   5.820    -.41399E+01    -.84002E+00     .21770E+03     .20693E+02     .37145E+01         .000      .012
   5.830    -.40917E+01    -.84417E+00     .14047E+03    -.22509E+02     .58971E+01         .000      .012
   5.840    -.40223E+01    -.85700E+00    -.47189E+02    -.28395E+02     .79720E+01         .000      .012
   5.850    -.39324E+01    -.87504E+00    -.28894E+03    -.45387E+01     .99981E+01         .000      .012
   5.860    -.38222E+01    -.89563E+00    -.60109E+03     .39920E+02     .12052E+02         .000      .012
   5.870    -.36913E+01    -.91490E+00    -.96378E+03     .72329E+02     .14119E+02         .000      .012
   5.880    -.35414E+01    -.92730E+00    -.12864E+04     .62072E+02     .15702E+02         .000      .012
   5.890    -.33817E+01    -.92731E+00    -.14499E+04     .68360E+01     .15967E+02         .000      .012
   5.900    -.32264E+01    -.91323E+00    -.14877E+04    -.32398E+02     .14977E+02         .000      .012
   5.910    -.30833E+01    -.88540E+00    -.15387E+04    -.18066E+02     .13649E+02         .000      .012
   5.920    -.29528E+01    -.84196E+00    -.15219E+04     .51689E+01     .12491E+02         .000      .012
   5.930    -.28329E+01    -.78239E+00    -.13248E+04     .69289E+01     .11514E+02         .000      .012
   5.940    -.27215E+01    -.71035E+00    -.10050E+04     .20026E+01     .10838E+02         .000      .012
   5.950    -.26146E+01    -.63093E+00    -.64847E+03    -.17447E+00     .10615E+02         .000      .012
   5.960    -.25076E+01    -.54890E+00    -.27793E+03    -.31633E+01     .10884E+02         .000      .012
   5.970    -.23948E+01    -.46916E+00     .71855E+02    -.45399E+01     .11781E+02         .000      .012
   5.980    -.22702E+01    -.39624E+00     .35957E+03    -.36060E+01     .13214E+02         .000      .012
   5.990    -.21295E+01    -.33371E+00     .55587E+03    -.88567E+00     .14953E+02         .000      .012
   6.000    -.19699E+01    -.28376E+00     .63064E+03     .28746E+01     .17044E+02         .000      .012
   6.010    -.17876E+01    -.24647E+00     .58662E+03     .88462E+00     .19441E+02         .000      .012
   6.020    -.15811E+01    -.22012E+00     .44655E+03    -.79529E+01     .21830E+02         .000      .012
   6.030    -.13519E+01    -.20165E+00     .21817E+03    -.18825E+02     .23963E+02         .000      .012
   6.040    -.11029E+01    -.18606E+00    -.88452E+01    -.44084E+02     .25787E+02         .000      .012
   6.050    -.83697E+00    -.16967E+00    -.16712E+03    -.65634E+02     .27377E+02         .000      .012
   6.060    -.55544E+00    -.15178E+00    -.34719E+03    -.48043E+02     .28948E+02         .000      .012
   6.070    -.25811E+00    -.13121E+00    -.57909E+03    -.50390E+01     .30476E+02         .000      .012
   6.080     .53080E-01    -.10566E+00    -.80328E+03     .28709E+02     .31695E+02         .000      .012
   6.090     .37492E+00    -.73193E-01    -.99501E+03     .38213E+02     .32655E+02         .000      .012
   6.100     .70553E+00    -.31777E-01    -.11473E+04     .23665E+02     .33424E+02         .000      .012
   6.110     .10421E+01     .20798E-01    -.12436E+04    -.32017E+01     .33816E+02         .000      .012
   6.120     .13806E+01     .86315E-01    -.12834E+04    -.24358E+02     .33840E+02         .000      .012
   6.130     .17185E+01     .16609E+00    -.12583E+04    -.33625E+02     .33731E+02         .000      .012
   6.140     .20556E+01     .26064E+00    -.11380E+04    -.36679E+02     .33728E+02         .000      .012
   6.150     .23939E+01     .36861E+00    -.91720E+03    -.35987E+02     .33979E+02         .000      .012
   6.160     .27372E+01     .48673E+00    -.63243E+03    -.30329E+02     .34827E+02         .000      .012
   6.170     .30929E+01     .61087E+00    -.32859E+03    -.22798E+02     .36427E+02         .000      .012
   6.180     .34670E+01     .73684E+00    -.38849E+02    -.18448E+02     .38402E+02         .000      .012
   6.190     .38617E+01     .86089E+00     .19751E+03    -.18326E+02     .40589E+02         .000      .012
   6.200     .42792E+01     .98067E+00     .36236E+03    -.26701E+02     .42917E+02         .000      .012
   6.210     .47197E+01     .10954E+01     .47446E+03    -.46182E+02     .45132E+02         .000      .012
   6.220     .51809E+01     .12050E+01     .54111E+03    -.67436E+02     .47066E+02         .000      .012
   6.230     .56601E+01     .13098E+01     .55733E+03    -.80412E+02     .48729E+02         .000      .012
   6.240     .61545E+01     .14107E+01     .54353E+03    -.85030E+02     .50096E+02         .000      .012
   6.250     .66609E+01     .15078E+01     .49554E+03    -.74409E+02     .51142E+02         .000      .012
   6.260     .71769E+01     .16012E+01     .36355E+03    -.48701E+02     .52043E+02         .000      .012
   6.270     .77016E+01     .16932E+01     .18493E+03    -.35407E+02     .52899E+02         .000      .012
   6.280     .82335E+01     .17869E+01     .35645E+02    -.48912E+02     .53335E+02         .000      .012
   6.290     .87657E+01     .18845E+01    -.80894E+02    -.71381E+02     .52974E+02         .000      .012
   6.300     .92907E+01     .19881E+01    -.19241E+03    -.85115E+02     .51953E+02         .000      .012
   6.310     .98028E+01     .21007E+01    -.24591E+03    -.98177E+02     .50351E+02         .000      .012
   6.320     .10295E+02     .22242E+01    -.18310E+03    -.11153E+03     .48021E+02         .000      .012
   6.330     .10761E+02     .23584E+01    -.31049E+02    -.11491E+03     .44954E+02         .000      .012
   6.340     .11192E+02     .25020E+01     .22792E+03    -.12051E+03     .41185E+02         .000      .012
   6.350     .11582E+02     .26521E+01     .58800E+03    -.12433E+03     .36661E+02         .000      .012
   6.360     .11922E+02     .28040E+01     .97472E+03    -.12181E+03     .31280E+02         .000      .012
   6.370     .12204E+02     .29545E+01     .14240E+04    -.13881E+03     .24802E+02         .000      .012
   6.380     .12414E+02     .30981E+01     .19308E+04    -.15405E+03     .17048E+02         .000      .012
   6.390     .12542E+02     .32284E+01     .22974E+04    -.13609E+03     .85070E+01         .000      .012
   6.400     .12584E+02     .33438E+01     .25672E+04    -.14524E+03    -.74702E-01         .000      .012
   6.410     .12539E+02     .34434E+01     .31249E+04    -.22420E+03    -.91985E+01         .000      .012
   6.420     .12398E+02     .35159E+01     .34144E+04    -.20773E+03    -.18856E+02         .000      .012
   6.430     .12164E+02     .35579E+01     .35391E+04    -.17247E+03    -.27910E+02         .000      .012
   6.440     .11841E+02     .35662E+01     .37265E+04    -.14483E+03    -.36584E+02         .000      .013
   6.450     .11434E+02     .35356E+01     .37960E+04    -.11543E+03    -.44773E+02         .000      .013
   6.460     .10948E+02     .34657E+01     .38276E+04    -.12180E+03    -.52177E+02         .000      .014
   6.470     .10393E+02     .33582E+01     .37933E+04    -.14757E+03    -.58868E+02         .000      .014
   6.480     .97722E+01     .32152E+01     .37402E+04    -.18117E+03    -.65209E+02         .000      .014
   6.490     .90905E+01     .30372E+01     .35553E+04    -.17513E+03    -.70971E+02         .000      .014
   6.500     .83568E+01     .28264E+01     .32634E+04    -.14133E+03    -.75538E+02         .000      .014
   6.510     .75840E+01     .25847E+01     .28687E+04    -.88366E+02    -.78848E+02         .000      .014
   6.520     .67832E+01     .23144E+01     .23629E+04    -.33708E+02    -.81172E+02         .000      .013
   6.530     .59646E+01     .20185E+01     .17399E+04     .12107E+02    -.82282E+02         .000      .013
   6.540     .51414E+01     .17021E+01     .99310E+03     .43998E+02    -.82220E+02         .000      .013
   6.550     .43219E+01     .13721E+01     .14024E+03     .65696E+02    -.81647E+02         .000      .013
   6.560     .35090E+01     .10399E+01    -.36263E+03    -.15104E+01    -.81028E+02         .000      .013
   6.570     .26981E+01     .71217E+00    -.60132E+03    -.52023E+02    -.81245E+02         .000      .013
   6.580     .18842E+01     .38914E+00    -.10729E+04     .13035E+02    -.81453E+02         .000      .013
   6.590     .10715E+01     .77787E-01    -.15683E+04     .95496E+02    -.80981E+02         .000      .013
   6.600     .26648E+00    -.21637E+00    -.19160E+04     .13574E+03    -.79950E+02         .000      .013
   6.610    -.52673E+00    -.49387E+00    -.22032E+04     .17324E+03    -.78628E+02         .000      .013
   6.620    -.13037E+01    -.75545E+00    -.27357E+04     .21061E+03    -.76660E+02         .000      .013
   6.630    -.20601E+01    -.98721E+00    -.30102E+04     .10504E+03    -.74762E+02         .000      .014
   6.640    -.28020E+01    -.11906E+01    -.27696E+04     .13058E+02    -.73670E+02         .000      .014
   6.650    -.35309E+01    -.13769E+01    -.28470E+04     .92648E+02    -.71833E+02         .000      .014
   6.660    -.42321E+01    -.15439E+01    -.30386E+04     .19623E+03    -.68087E+02         .000      .014
   6.670    -.48871E+01    -.16877E+01    -.30827E+04     .23257E+03    -.62681E+02         .000      .014
   6.680    -.54834E+01    -.18091E+01    -.29814E+04     .19441E+03    -.56581E+02         .000      .014
   6.690    -.60194E+01    -.19110E+01    -.27584E+04     .13007E+03    -.50660E+02         .000      .014
   6.700    -.64962E+01    -.19982E+01    -.26270E+04     .11366E+03    -.44604E+02         .000      .014
   6.710    -.69098E+01    -.20719E+01    -.25813E+04     .13009E+03    -.38038E+02         .000      .014
   6.720    -.72561E+01    -.21324E+01    -.25687E+04     .15684E+03    -.31229E+02         .000      .014
   6.730    -.75343E+01    -.21795E+01    -.25797E+04     .16976E+03    -.24415E+02         .000      .013
   6.740    -.77453E+01    -.22124E+01    -.25394E+04     .14571E+03    -.17859E+02         .000      .013
   6.750    -.78933E+01    -.22312E+01    -.24346E+04     .10786E+03    -.11833E+02         .000      .013
   6.760    -.79834E+01    -.22378E+01    -.23622E+04     .94476E+02    -.62251E+01         .000      .013
   6.770    -.80182E+01    -.22325E+01    -.23371E+04     .10092E+03    -.74747E+00         .000      .013
   6.780    -.79983E+01    -.22146E+01    -.22916E+04     .10415E+03     .47304E+01         .000      .013
   6.790    -.79236E+01    -.21844E+01    -.22017E+04     .99351E+02     .10208E+02         .000      .013
   6.800    -.77942E+01    -.21435E+01    -.21017E+04     .95981E+02     .15667E+02         .000      .013
   6.810    -.76102E+01    -.20940E+01    -.20520E+04     .10403E+03     .21135E+02         .000      .013
   6.820    -.73714E+01    -.20361E+01    -.20774E+04     .11357E+03     .26635E+02         .000      .013
   6.830    -.70781E+01    -.19681E+01    -.21203E+04     .10283E+03     .31973E+02         .000      .013
   6.840    -.67335E+01    -.18877E+01    -.21363E+04     .72853E+02     .36851E+02         .000      .013
   6.850    -.63430E+01    -.17929E+01    -.21150E+04     .36629E+02     .41132E+02         .000      .013
   6.860    -.59129E+01    -.16821E+01    -.20189E+04     .37032E+01     .44809E+02         .000      .013
   6.870    -.54492E+01    -.15555E+01    -.18438E+04    -.10505E+02     .47778E+02         .000      .013
   6.880    -.49607E+01    -.14153E+01    -.16302E+04     .23294E+01     .49722E+02         .000      .013
   6.890    -.44577E+01    -.12646E+01    -.14332E+04     .32745E+02     .50799E+02         .000      .013
   6.900    -.39460E+01    -.11052E+01    -.12316E+04     .43174E+02     .51500E+02         .000      .013
   6.910    -.34295E+01    -.93806E+00    -.94479E+03     .10731E+02     .51670E+02         .000      .013
   6.920    -.29155E+01    -.76594E+00    -.59191E+03    -.34655E+02     .50970E+02         .000      .013
   6.930    -.24125E+01    -.59283E+00    -.29086E+03    -.53281E+02     .49548E+02         .000      .013
   6.940    -.19260E+01    -.42095E+00    -.90223E+02    -.42881E+02     .47708E+02         .000      .013
   6.950    -.14595E+01    -.25076E+00     .62157E+02    -.38137E+02     .45497E+02         .000      .013
   6.960    -.10183E+01    -.81540E-01     .30869E+03    -.70291E+02     .42611E+02         .000      .013
   6.970    -.61012E+00     .84490E-01     .67319E+03    -.11861E+03     .38885E+02         .000      .013
   6.980    -.24292E+00     .24246E+00     .11451E+04    -.14689E+03     .34488E+02         .000      .013
   6.990     .80081E-01     .38493E+00     .14128E+04    -.96753E+02     .30209E+02         .000      .013
   7.000     .36307E+00     .51151E+00     .16229E+04    -.72323E+02     .26436E+02         .000      .013
   7.010     .60993E+00     .62128E+00     .19563E+04    -.97233E+02     .23018E+02         .000      .013
   7.020     .82609E+00     .70841E+00     .22127E+04    -.10808E+03     .20419E+02         .000      .014
   7.030     .10222E+01     .76958E+00     .22745E+04    -.10167E+03     .18952E+02         .000      .014
   7.040     .12063E+01     .80526E+00     .22972E+04    -.10581E+03     .17842E+02         .000      .014
   7.050     .13789E+01     .81337E+00     .20996E+04    -.65618E+02     .16726E+02         .000      .014
   7.060     .15411E+01     .79715E+00     .16331E+04    -.24899E+02     .15676E+02         .000      .013
   7.070     .16896E+01     .76638E+00     .11937E+04    -.55384E+02     .13747E+02         .000      .013
   7.080     .18113E+01     .72813E+00     .89754E+03    -.12197E+03     .10425E+02         .000      .013
   7.090     .18955E+01     .68522E+00     .61179E+03    -.14529E+03     .63711E+01         .000      .013
   7.100     .19386E+01     .64101E+00     .29811E+03    -.11636E+03     .22715E+01         .000      .013
   7.110     .19417E+01     .59945E+00     .53004E+02    -.71532E+02    -.16113E+01         .000      .013
   7.120     .19076E+01     .56212E+00    -.89691E+02    -.33616E+02    -.51567E+01         .000      .013
   7.130     .18398E+01     .52863E+00    -.15668E+03    -.12127E+02    -.83443E+01         .000      .013
   7.140     .17414E+01     .49805E+00    -.17825E+03    -.72859E+01    -.11322E+02         .000      .013
   7.150     .16137E+01     .46972E+00    -.18284E+03    -.13159E+02    -.14213E+02         .000      .013
   7.160     .14572E+01     .44416E+00    -.14406E+03    -.34259E+02    -.17069E+02         .000      .013
   7.170     .12719E+01     .42173E+00     .13042E+02    -.67722E+02    -.20039E+02         .000      .013
   7.180     .10558E+01     .39932E+00     .23570E+03    -.72914E+02    -.23175E+02         .000      .013
   7.190     .80894E+00     .37198E+00     .34687E+03    -.24798E+02    -.26148E+02         .000      .013
   7.200     .53414E+00     .33878E+00     .38655E+03     .14603E+02    -.28771E+02         .000      .013
   7.210     .23326E+00     .30054E+00     .51801E+03    -.18645E+00    -.31469E+02         .000      .013
   7.220    -.96806E-01     .25504E+00     .69690E+03    -.34373E+02    -.34618E+02         .000      .013
   7.230    -.46006E+00     .19958E+00     .81292E+03    -.51598E+02    -.38051E+02         .000      .013
   7.240    -.85782E+00     .13364E+00     .87249E+03    -.53635E+02    -.41489E+02         .000      .013
   7.250    -.12884E+01     .57501E-01     .92513E+03    -.50784E+02    -.44503E+02         .000      .013
   7.260    -.17445E+01    -.29332E-01     .98486E+03    -.46804E+02    -.46505E+02         .000      .013
   7.270    -.22146E+01    -.12836E+00     .10405E+04    -.38841E+02    -.47333E+02         .000      .013
   7.280    -.26872E+01    -.24212E+00     .10340E+04    -.15709E+02    -.46972E+02         .000      .013
   7.290    -.31494E+01    -.37261E+00     .88284E+03     .24072E+02    -.45237E+02         .000      .013
   7.300    -.35875E+01    -.51849E+00     .61418E+03     .46909E+02    -.42191E+02         .000      .013
   7.310    -.39913E+01    -.67592E+00     .36774E+03     .25360E+02    -.38543E+02         .000      .013
   7.320    -.43581E+01    -.84428E+00     .75267E+02     .22228E+02    -.34766E+02         .000      .013
   7.330    -.46847E+01    -.10228E+01    -.47823E+03     .68675E+02    -.30441E+02         .000      .013
   7.340    -.49645E+01    -.12045E+01    -.11340E+04     .11696E+03    -.25383E+02         .000      .013
   7.350    -.51889E+01    -.13825E+01    -.20658E+04     .17545E+03    -.19346E+02         .000      .013
   7.360    -.53506E+01    -.15401E+01    -.27525E+04     .10366E+03    -.13077E+02         .000      .013
   7.370    -.54538E+01    -.16685E+01    -.30104E+04    -.15355E+02    -.77810E+01         .000      .014
   7.380    -.55097E+01    -.17688E+01    -.29403E+04    -.45928E+02    -.34884E+01         .000      .014
   7.390    -.55249E+01    -.18450E+01    -.32246E+04     .85261E+02     .36389E+00         .000      .014
   7.400    -.55058E+01    -.18912E+01    -.34599E+04     .18923E+03     .31618E+01         .000      .014
   7.410    -.54683E+01    -.19057E+01    -.35263E+04     .22244E+03     .39755E+01         .000      .014
   7.420    -.54312E+01    -.18895E+01    -.35191E+04     .19182E+03     .33240E+01         .000      .014
   7.430    -.54042E+01    -.18402E+01    -.33328E+04     .82924E+02     .19458E+01         .000      .014
   7.440    -.53970E+01    -.17560E+01    -.27388E+04    -.65026E+02    -.80638E+00         .000      .014
   7.450    -.54249E+01    -.16450E+01    -.19219E+04    -.11762E+03    -.48644E+01         .000      .014
   7.460    -.54935E+01    -.15199E+01    -.12545E+04    -.23137E+02    -.86899E+01         .000      .013
   7.470    -.55948E+01    -.13866E+01    -.61848E+03     .66645E+02    -.11429E+02         .000      .013
   7.480    -.57207E+01    -.12501E+01     .56093E+02     .86617E+02    -.13723E+02         .000      .013
   7.490    -.58696E+01    -.11219E+01     .91559E+03     .35609E+02    -.16113E+02         .000      .013
   7.500    -.60444E+01    -.10135E+01     .15612E+04    -.23285E+02    -.18909E+02         .000      .013
   7.510    -.62499E+01    -.93091E+00     .22686E+04    -.10864E+03    -.22325E+02         .000      .014
   7.520    -.64902E+01    -.88478E+00     .25743E+04    -.58775E+02    -.25515E+02         .000      .014
   7.530    -.67554E+01    -.87382E+00     .24762E+04    -.61260E+01    -.27366E+02         .000      .014
   7.540    -.70369E+01    -.89010E+00     .26175E+04    -.73997E+02    -.29038E+02         .000      .014
   7.550    -.73382E+01    -.93884E+00     .27735E+04    -.11265E+03    -.31240E+02         .000      .014
   7.560    -.76603E+01    -.10247E+01     .24720E+04    -.51620E+02    -.33037E+02         .000      .014
   7.570    -.79957E+01    -.11385E+01     .20778E+04    -.37533E+02    -.33927E+02         .000      .014
   7.580    -.83376E+01    -.12735E+01     .18830E+04    -.78035E+02    -.34424E+02         .000      .014
   7.590    -.86840E+01    -.14322E+01     .16332E+04    -.66554E+02    -.34820E+02         .000      .013
   7.600    -.90318E+01    -.16170E+01     .10053E+04     .45763E+02    -.34558E+02         .000      .013
   7.610    -.93713E+01    -.18193E+01     .11123E+03     .13192E+03    -.33204E+02         .000      .013
   7.620    -.96957E+01    -.20261E+01    -.55552E+03     .96247E+02    -.31774E+02         .000      .013
   7.630    -.10009E+02    -.22327E+01    -.12511E+04     .85380E+02    -.30949E+02         .000      .013
   7.640    -.10314E+02    -.24298E+01    -.22109E+04     .88283E+02    -.30141E+02         .000      .013
   7.650    -.10614E+02    -.25993E+01    -.27084E+04     .35748E+01    -.29847E+02         .000      .014
   7.660    -.10913E+02    -.27384E+01    -.29092E+04    -.30689E+02    -.30154E+02         .000      .014
   7.670    -.11216E+02    -.28474E+01    -.29624E+04     .20829E+02    -.30163E+02         .000      .014
   7.680    -.11513E+02    -.29260E+01    -.29462E+04     .10082E+03    -.29173E+02         .000      .014
   7.690    -.11795E+02    -.29771E+01    -.27875E+04     .15636E+03    -.27076E+02         .000      .014
   7.700    -.12053E+02    -.30058E+01    -.24632E+04     .16330E+03    -.24284E+02         .000      .014
   7.710    -.12280E+02    -.30198E+01    -.21422E+04     .15674E+03    -.21121E+02         .000      .014
   7.720    -.12474E+02    -.30242E+01    -.19042E+04     .14110E+03    -.17684E+02         .000      .013
   7.730    -.12634E+02    -.30207E+01    -.16636E+04     .10339E+03    -.14262E+02         .000      .013
   7.740    -.12760E+02    -.30114E+01    -.14060E+04     .67332E+02    -.10999E+02         .000      .013
   7.750    -.12853E+02    -.29992E+01    -.11705E+04     .53490E+02    -.75829E+01         .000      .013
   7.760    -.12911E+02    -.29875E+01    -.99053E+03     .71528E+02    -.38984E+01         .000      .013
   7.770    -.12930E+02    -.29797E+01    -.94887E+03     .11484E+03     .81587E-01         .000      .013
   7.780    -.12908E+02    -.29758E+01    -.98777E+03     .13465E+03     .43556E+01         .000      .013
   7.790    -.12843E+02    -.29747E+01    -.10387E+04     .11902E+03     .85780E+01         .000      .013
   7.800    -.12737E+02    -.29764E+01    -.11688E+04     .99663E+02     .12546E+02         .000      .013
   7.810    -.12593E+02    -.29783E+01    -.14126E+04     .89686E+02     .16342E+02         .000      .013
   7.820    -.12411E+02    -.29755E+01    -.16985E+04     .78953E+02     .19997E+02         .000      .013
   7.830    -.12194E+02    -.29627E+01    -.19510E+04     .64681E+02     .23448E+02         .000      .013
   7.840    -.11942E+02    -.29357E+01    -.21515E+04     .56273E+02     .26765E+02         .000      .014
   7.850    -.11658E+02    -.28913E+01    -.23006E+04     .57393E+02     .30131E+02         .000      .014
   7.860    -.11339E+02    -.28270E+01    -.23872E+04     .59829E+02     .33667E+02         .000      .014
   7.870    -.10985E+02    -.27401E+01    -.23059E+04     .35224E+02     .37166E+02         .000      .014
   7.880    -.10597E+02    -.26322E+01    -.20491E+04     .14932E+02     .40380E+02         .000      .014
   7.890    -.10177E+02    -.25090E+01    -.18274E+04     .40100E+02     .43636E+02         .000      .014
   7.900    -.97233E+01    -.23732E+01    -.16441E+04     .69676E+02     .47145E+02         .000      .013
   7.910    -.92342E+01    -.22264E+01    -.14128E+04     .68241E+02     .50643E+02         .000      .013
   7.920    -.87115E+01    -.20709E+01    -.11521E+04     .42025E+02     .53830E+02         .000      .013
   7.930    -.81598E+01    -.19092E+01    -.90189E+03     .84049E+01     .56355E+02         .000      .013
   7.940    -.75877E+01    -.17429E+01    -.67515E+03    -.19260E+02     .57898E+02         .000      .013
   7.950    -.70081E+01    -.15726E+01    -.45577E+03    -.39520E+02     .57582E+02         .000      .013
   7.960    -.64435E+01    -.13994E+01    -.20921E+03    -.50598E+02     .55040E+02         .000      .013
   7.970    -.59107E+01    -.12259E+01    -.44761E+02    -.32245E+02     .51466E+02         .000      .013
   7.980    -.54158E+01    -.10508E+01     .48323E+02    -.34051E+02     .47366E+02         .000      .013
   7.990    -.49685E+01    -.87122E+00     .45175E+03    -.11401E+03     .41760E+02         .000      .013
   8.000    -.45875E+01    -.69275E+00     .10388E+04    -.17711E+03     .34126E+02         .000      .013
   8.010    -.42892E+01    -.52416E+00     .15013E+04    -.15169E+03     .25536E+02         .000      .013
   8.020    -.40762E+01    -.36821E+00     .19483E+04    -.12583E+03     .17098E+02         .000      .013
   8.030    -.39485E+01    -.22891E+00     .25287E+04    -.11915E+03     .83003E+01         .000      .014
   8.040    -.39117E+01    -.11605E+00     .29095E+04    -.90408E+02    -.99954E+00         .000      .014
   8.050    -.39694E+01    -.33670E-01     .30699E+04    -.85708E+02    -.10545E+02         .000      .014
   8.060    -.41231E+01     .15617E-01     .33066E+04    -.12347E+03    -.20231E+02         .000      .014
   8.070    -.43729E+01     .25401E-01     .34356E+04    -.12524E+03    -.29565E+02         .000      .014
   8.080    -.47099E+01    -.42226E-02     .33808E+04    -.11628E+03    -.37574E+02         .000      .014
   8.090    -.51221E+01    -.67886E-01     .33979E+04    -.15041E+03    -.44898E+02         .000      .014
   8.100    -.56085E+01    -.16636E+00     .34602E+04    -.17599E+03    -.52409E+02         .000      .014
   8.110    -.61677E+01    -.32959E+00     .27896E+04     .22492E+03    -.58729E+02         .000      .014
   8.120    -.67524E+01    -.58345E+00    -.14999E+04     .89310E+03    -.56912E+02         .000      .014
   8.130    -.73334E+01    -.77063E+00     .28818E+04    -.62063E+03    -.62254E+02         .000      .014
