

  DEFORMATION AND STRESS STATE AT IMPORTANT ANALYSIS STAGES





 ===========================================================================

 AT TIME   3.0380
 FIRST WALL    CRACKS AT V/W:   -.0682  , UTOP/H:   -.0032



 ===========================================================================

 AT TIME   3.1315
 FIRST WALL    YIELDS AT V/W:   -.2695  , UTOP/H:   -.0066



 ===========================================================================

 AT TIME   3.1360
 FIRST COLUMN  CRACKS AT V/W:   -.2610  , UTOP/H:   -.0067



 ===========================================================================

 AT TIME   4.8115
 FIRST COLUMN  YIELDS AT V/W:   -.5557  , UTOP/H:   -.0091



 ===========================================================================

 AT TIME  10.0000




 ******************************** MODAL ANALYSIS *******************************


 MODE       FREQUENCY(Hz)    PERIOD(SEC)  MODAL PARTICIPATION  MODAL WEIGHT     RELATIVE MODAL
                                               FACTOR         (WEIGHT UNITS)      WEIGHT (%)


   1              .65275           1.53197           4.7482            8706.988           62.229
   2             3.89788            .25655           3.0558            3606.375           25.775
   3            10.12864            .09873           1.5470             924.253            6.606
   4            18.54387            .05393           -.8775             297.347            2.125
   5            27.48225            .03639          -1.0466             423.038            3.023
   6            31.89289            .03135            .2961              33.867             .242
  TOTAL WEIGHT................................................. 13991.868



 ********************* EIGEN VECTORS (MAXIMUM NORMALIZED) *********************



 STORY        1        2        3        4        5        6
    6       1.000    -.836     .664     .535    -.200    -.337
    5        .754    -.023    -.400    -.755     .438     .855
    4        .513     .658    -.768    -.229    -.325   -1.000
    3        .288    1.000    -.019    1.000    -.100     .663
    2        .112     .796    1.000    -.366     .610    -.449
    1        .032     .306     .575    -.664   -1.000     .402



 ********************** EIGEN VECTORS (MASS NORMALIZED) ***********************



 STORY        1        2        3        4        5        6
    6        .302    -.202     .170     .137    -.061    -.084
    5        .228    -.006    -.102    -.194     .134     .212
    4        .155     .159    -.197    -.059    -.100    -.248
    3        .087     .242    -.005     .257    -.031     .165
    2        .034     .193     .256    -.094     .187    -.112
    1        .010     .074     .147    -.171    -.306     .100



 ***************** END OF MODAL ANALYSIS *****************






 ===========================================================================

 AT TIME  20.0005




 ******************************** MODAL ANALYSIS *******************************


 MODE       FREQUENCY(Hz)    PERIOD(SEC)  MODAL PARTICIPATION  MODAL WEIGHT     RELATIVE MODAL
                                               FACTOR         (WEIGHT UNITS)      WEIGHT (%)


   1              .79087           1.26443           4.9314            9391.916           67.124
   2             4.63845            .21559           2.7781            2980.695           21.303
   3            12.05303            .08297           1.6140            1006.094            7.191
   4            21.20179            .04717           1.0435             420.534            3.006
   5            30.59974            .03268            .6346             155.541            1.112
   6            38.11875            .02623            .3099              37.088             .265
  TOTAL WEIGHT................................................. 13991.868



 ********************* EIGEN VECTORS (MAXIMUM NORMALIZED) *********************



 STORY        1        2        3        4        5        6
    6       1.000   -1.000     .761    -.526     .353    -.166
    5        .770    -.038    -.591     .883    -.882     .511
    4        .546     .702    -.831     .013     .889    -.867
    3        .341     .992     .128    -.936    -.076    1.000
    2        .170     .799    1.000     .211    -.770    -.911
    1        .051     .342     .768    1.000    1.000     .622



 ********************** EIGEN VECTORS (MASS NORMALIZED) ***********************



 STORY        1        2        3        4        5        6
    6        .293    -.229     .173    -.123     .078    -.037
    5        .226    -.009    -.134     .207    -.196     .114
    4        .160     .160    -.188     .003     .198    -.193
    3        .100     .227     .029    -.219    -.017     .223
    2        .050     .183     .227     .049    -.171    -.203
    1        .015     .078     .174     .234     .222     .139



 ***************** END OF MODAL ANALYSIS *****************






 ===========================================================================

 STATE AT END OF PUSH-OVER, V/W:   -.0831  , UTOP/H:    .0059
 STORY   DISPLACEMENT
    6         5.4779
    5         4.4526
    4         3.4245
    3         2.3805
    2         1.3240
    1          .2566

 STRESS STATE IN: COLUMNS
 ELEM.   P/Pu   V/Vu   M/Mu   phy/phyu
    1   .0270   .0065   .1411   .0261
    2   .0270   .0101   .1341   .0269
    3   .0270   .0021   .0619   .0008
    4   .0089   .0016   .0153   .0003
    5   .0089   .0012   .0198   .0004
    6   .0089   .0002   .0032   .0001
    7   .0696   .0067   .1129   .0263
    8   .0696   .0095   .0958   .0100
    9   .0696   .0046   .0523   .0005
   10   .0245   .0007   .0165   .0006
   11   .0245   .0016   .0305   .0004
   12   .0245   .0002   .0055   .0001
   13   .0696   .0067   .1129   .0263
   14   .0696   .0095   .0958   .0100
   15   .0696   .0046   .0523   .0005
   16   .0245   .0007   .0165   .0006
   17   .0245   .0016   .0305   .0004
   18   .0245   .0002   .0055   .0001
   19   .0270   .0065   .1411   .0261
   20   .0270   .0101   .1341   .0269
   21   .0270   .0021   .0619   .0008
   22   .0089   .0016   .0153   .0003
   23   .0089   .0012   .0198   .0004
   24   .0089   .0002   .0032   .0001
   25   .0296   .0093   .0694   .0079
   26   .0296   .0134   .1037   .0107
   27   .0296   .0050   .0414   .0008
   28   .0174   .0018   .0097   .0002
   29   .0174   .0010   .0085   .0002
   30   .0174   .0001   .0014   .0000
   31   .1543   .0052   .0682   .0138
   32   .1543   .0111   .0763   .0168
   33   .1543   .0065   .0655   .0002
   34   .0541   .0004   .0084   .0001
   35   .0541   .0014   .0184   .0002
   36   .0541   .0002   .0028   .0000
   37   .1543   .0052   .0682   .0138
   38   .1543   .0111   .0763   .0168
   39   .1543   .0065   .0655   .0002
   40   .0541   .0004   .0084   .0001
   41   .0541   .0014   .0184   .0002
   42   .0541   .0002   .0028   .0000
   43   .1543   .0052   .0682   .0138
   44   .1543   .0111   .0763   .0168
   45   .1543   .0065   .0655   .0002
   46   .0541   .0004   .0084   .0001
   47   .0541   .0014   .0184   .0002
   48   .0541   .0002   .0028   .0000
   49   .1543   .0052   .0682   .0138
   50   .1543   .0111   .0763   .0168
   51   .1543   .0065   .0655   .0002
   52   .0541   .0004   .0084   .0001
   53   .0541   .0014   .0184   .0002
   54   .0541   .0002   .0028   .0000
   55   .0296   .0093   .0694   .0079
   56   .0296   .0134   .1037   .0107
   57   .0296   .0050   .0414   .0008
   58   .0174   .0018   .0097   .0002
   59   .0174   .0010   .0085   .0002
   60   .0174   .0001   .0014   .0000
   61   .0696   .0067   .1129   .0263
   62   .0696   .0095   .0958   .0100
   63   .0696   .0046   .0523   .0005
   64   .0245   .0007   .0165   .0006
   65   .0245   .0016   .0305   .0004
   66   .0245   .0002   .0055   .0001
   67   .1543   .0052   .0682   .0138
   68   .1543   .0111   .0763   .0168
   69   .1543   .0065   .0655   .0002
   70   .0541   .0004   .0084   .0001
   71   .0541   .0014   .0184   .0002
   72   .0541   .0002   .0028   .0000
   73   .1444   .0051   .0752   .0222
   74   .1444   .0098   .0713   .0235
   75   .1444   .0049   .0651   .0001
   76   .0490   .0012   .0120   .0002
   77   .0490   .0012   .0163   .0002
   78   .0490   .0002   .0025   .0000
   79   .1444   .0051   .0752   .0222
   80   .1444   .0098   .0713   .0235
   81   .1444   .0049   .0651   .0001
   82   .0490   .0012   .0120   .0002
   83   .0490   .0012   .0163   .0002
   84   .0490   .0002   .0025   .0000
   85   .1543   .0052   .0682   .0138
   86   .1543   .0111   .0763   .0168
   87   .1543   .0065   .0655   .0002
   88   .0541   .0004   .0084   .0001
   89   .0541   .0014   .0184   .0002
   90   .0541   .0002   .0028   .0000
   91   .0696   .0067   .1129   .0263
   92   .0696   .0095   .0958   .0100
   93   .0696   .0046   .0523   .0005
   94   .0245   .0007   .0165   .0006
   95   .0245   .0016   .0305   .0004
   96   .0245   .0002   .0055   .0001

 STRESS STATE IN: WALLS  
 ELEM.   P/Pu   V/Vu   M/Mu   phy/phyu
    1   .0066   .0876   .0504   .0958
    2   .0066   .0753   .0622   .0063
    3   .0066   .0004   .0182   .0002
    4   .0063   .0075   .0216   .0003
    5   .0063   .0336   .0216   .0003
    6   .0063   .0057   .0032   .0000
    7   .0066   .0876   .0504   .0958
    8   .0066   .0753   .0622   .0063
    9   .0066   .0004   .0182   .0002
   10   .0063   .0075   .0216   .0003
   11   .0063   .0336   .0216   .0003
   12   .0063   .0057   .0032   .0000
