

  DEFORMATION AND STRESS STATE AT IMPORTANT ANALYSIS STAGES





 ===========================================================================

 AT TIME   3.7580
 FIRST WALL    CRACKS AT V/W:    .3560  , UTOP/H:   -.0004



 ===========================================================================

 AT TIME   3.7955
 FIRST WALL    YIELDS AT V/W:    .5532  , UTOP/H:   -.0003



 ===========================================================================

 AT TIME   3.9950
 FIRST COLUMN  CRACKS AT V/W:    .1545  , UTOP/H:    .0063



 ===========================================================================

 AT TIME   8.9865
 FIRST COLUMN  YIELDS AT V/W:    .1241  , UTOP/H:    .0185



 ===========================================================================

 AT TIME  10.0000




 ******************************** MODAL ANALYSIS *******************************


 MODE       FREQUENCY(Hz)    PERIOD(SEC)  MODAL PARTICIPATION  MODAL WEIGHT     RELATIVE MODAL
                                               FACTOR         (WEIGHT UNITS)      WEIGHT (%)


   1              .26160           3.82267           5.3592           11092.207           79.276
   2             3.51867            .28420           2.3340            2103.832           15.036
   3            10.55887            .09471           1.1703             528.931            3.780
   4            19.97814            .05005            .6942             186.108            1.330
   5            29.91494            .03343            .4108              65.170             .466
   6            37.90925            .02638            .2011              15.619             .112
  TOTAL WEIGHT................................................. 13991.868



 ********************* EIGEN VECTORS (MAXIMUM NORMALIZED) *********************



 STORY        1        2        3        4        5        6
    6       1.000   -1.000     .895    -.588     .409    -.172
    5        .826    -.213    -.557     .919   -1.000     .527
    4        .653     .444   -1.000     .151     .940    -.885
    3        .481     .816    -.177   -1.000     .047    1.000
    2        .314     .822     .885    -.061    -.966    -.881
    1        .153     .501     .973     .996     .957     .519



 ********************** EIGEN VECTORS (MASS NORMALIZED) ***********************



 STORY        1        2        3        4        5        6
    6        .265    -.245     .186    -.133     .084    -.039
    5        .219    -.052    -.116     .208    -.204     .120
    4        .173     .109    -.208     .034     .192    -.201
    3        .128     .200    -.037    -.226     .010     .227
    2        .083     .201     .184    -.014    -.197    -.200
    1        .041     .123     .202     .225     .195     .118



 ***************** END OF MODAL ANALYSIS *****************






 ===========================================================================

 AT TIME  20.0005




 ******************************** MODAL ANALYSIS *******************************


 MODE       FREQUENCY(Hz)    PERIOD(SEC)  MODAL PARTICIPATION  MODAL WEIGHT     RELATIVE MODAL
                                               FACTOR         (WEIGHT UNITS)      WEIGHT (%)


   1              .41562           2.40602           5.2881           10799.899           77.187
   2             3.67137            .27238           2.4458            2310.190           16.511
   3            10.71944            .09329           1.2309             585.126            4.182
   4            20.11176            .04972            .7305             206.069            1.473
   5            30.01169            .03332            .4342              72.806             .520
   6            37.95173            .02635            .2146              17.778             .127
  TOTAL WEIGHT................................................. 13991.868



 ********************* EIGEN VECTORS (MAXIMUM NORMALIZED) *********************



 STORY        1        2        3        4        5        6
    6       1.000   -1.000     .895    -.583     .408    -.171
    5        .815    -.187    -.572     .919   -1.000     .524
    4        .632     .485   -1.000     .135     .949    -.882
    3        .454     .851    -.143    -.999     .028    1.000
    2        .285     .833     .923    -.029    -.954    -.887
    1        .132     .489     .972    1.000     .976     .533



 ********************** EIGEN VECTORS (MASS NORMALIZED) ***********************



 STORY        1        2        3        4        5        6
    6        .271    -.241     .184    -.132     .083    -.039
    5        .221    -.045    -.118     .208    -.203     .119
    4        .171     .117    -.206     .031     .193    -.200
    3        .123     .205    -.029    -.226     .006     .226
    2        .077     .201     .190    -.007    -.194    -.201
    1        .036     .118     .200     .226     .198     .121



 ***************** END OF MODAL ANALYSIS *****************






 ===========================================================================

 STATE AT END OF PUSH-OVER, V/W:    .0447  , UTOP/H:    .0036
 STORY   DISPLACEMENT
    6         3.3706
    5         2.8199
    4         2.2684
    3         1.7135
    2         1.1467
    1          .5688

 STRESS STATE IN: COLUMNS
 ELEM.   P/Pu   V/Vu   M/Mu   phy/phyu
    1   .0270   .0006   .0132   .0008
    2   .0270   .0008   .0302   .0007
    3   .0270   .0006   .0245   .0002
    4   .0089   .0001   .0037   .0001
    5   .0089   .0001   .0017   .0000
    6   .0089   .0000   .0002   .0000
    7   .0696   .0018   .0310   .0008
    8   .0696   .0006   .0338   .0006
    9   .0696   .0009   .0218   .0001
   10   .0245   .0003   .0079   .0001
   11   .0245   .0001   .0017   .0000
   12   .0245   .0000   .0003   .0000
   13   .0696   .0018   .0310   .0008
   14   .0696   .0006   .0338   .0006
   15   .0696   .0009   .0218   .0001
   16   .0245   .0003   .0079   .0001
   17   .0245   .0001   .0017   .0000
   18   .0245   .0000   .0003   .0000
   19   .0270   .0006   .0132   .0008
   20   .0270   .0008   .0302   .0007
   21   .0270   .0006   .0245   .0002
   22   .0089   .0001   .0037   .0001
   23   .0089   .0001   .0017   .0000
   24   .0089   .0000   .0002   .0000
   25   .0296   .0164   .1357   .0121
   26   .0296   .0037   .0317   .0006
   27   .0296   .0012   .0065   .0001
   28   .0174   .0006   .0060   .0001
   29   .0174   .0001   .0006   .0000
   30   .0174   .0000   .0004   .0000
   31   .1543   .0040   .0525   .0007
   32   .1543   .0048   .0530   .0007
   33   .1543   .0009   .0101   .0001
   34   .0541   .0008   .0112   .0001
   35   .0541   .0001   .0008   .0000
   36   .0541   .0001   .0008   .0000
   37   .1543   .0040   .0525   .0007
   38   .1543   .0048   .0530   .0007
   39   .1543   .0009   .0101   .0001
   40   .0541   .0008   .0112   .0001
   41   .0541   .0001   .0008   .0000
   42   .0541   .0001   .0008   .0000
   43   .1543   .0040   .0525   .0007
   44   .1543   .0048   .0530   .0007
   45   .1543   .0009   .0101   .0001
   46   .0541   .0008   .0112   .0001
   47   .0541   .0001   .0008   .0000
   48   .0541   .0001   .0008   .0000
   49   .1543   .0040   .0525   .0007
   50   .1543   .0048   .0530   .0007
   51   .1543   .0009   .0101   .0001
   52   .0541   .0008   .0112   .0001
   53   .0541   .0001   .0008   .0000
   54   .0541   .0001   .0008   .0000
   55   .0296   .0164   .1357   .0121
   56   .0296   .0037   .0317   .0006
   57   .0296   .0012   .0065   .0001
   58   .0174   .0006   .0060   .0001
   59   .0174   .0001   .0006   .0000
   60   .0174   .0000   .0004   .0000
   61   .0696   .0018   .0310   .0008
   62   .0696   .0006   .0338   .0006
   63   .0696   .0009   .0218   .0001
   64   .0245   .0003   .0079   .0001
   65   .0245   .0001   .0017   .0000
   66   .0245   .0000   .0003   .0000
   67   .1543   .0040   .0525   .0007
   68   .1543   .0048   .0530   .0007
   69   .1543   .0009   .0101   .0001
   70   .0541   .0008   .0112   .0001
   71   .0541   .0001   .0008   .0000
   72   .0541   .0001   .0008   .0000
   73   .1444   .0033   .0486   .0009
   74   .1444   .0038   .0483   .0010
   75   .1444   .0009   .0115   .0002
   76   .0490   .0007   .0097   .0001
   77   .0490   .0001   .0007   .0000
   78   .0490   .0000   .0007   .0000
   79   .1444   .0033   .0486   .0009
   80   .1444   .0038   .0483   .0010
   81   .1444   .0009   .0115   .0002
   82   .0490   .0007   .0097   .0001
   83   .0490   .0001   .0007   .0000
   84   .0490   .0000   .0007   .0000
   85   .1543   .0040   .0525   .0007
   86   .1543   .0048   .0530   .0007
   87   .1543   .0009   .0101   .0001
   88   .0541   .0008   .0112   .0001
   89   .0541   .0001   .0008   .0000
   90   .0541   .0001   .0008   .0000
   91   .0696   .0018   .0310   .0008
   92   .0696   .0006   .0338   .0006
   93   .0696   .0009   .0218   .0001
   94   .0245   .0003   .0079   .0001
   95   .0245   .0001   .0017   .0000
   96   .0245   .0000   .0003   .0000

 STRESS STATE IN: WALLS  
 ELEM.   P/Pu   V/Vu   M/Mu   phy/phyu
    1   .0066   .0299   .0536   .0546
    2   .0066   .0860   .0358   .0005
    3   .0066   .0014   .0127   .0002
    4   .0063   .0191   .0146   .0002
    5   .0063   .0056   .0040   .0001
    6   .0063   .0016   .0009   .0000
    7   .0066   .0299   .0536   .0546
    8   .0066   .0860   .0358   .0005
    9   .0066   .0014   .0127   .0002
   10   .0063   .0191   .0146   .0002
   11   .0063   .0056   .0040   .0001
   12   .0063   .0016   .0009   .0000
