

  DEFORMATION AND STRESS STATE AT IMPORTANT ANALYSIS STAGES





 ===========================================================================

 AT TIME   3.1150
 FIRST WALL    CRACKS AT V/W:   -.1347  , UTOP/H:   -.0028



 ===========================================================================

 AT TIME   3.6875
 FIRST WALL    YIELDS AT V/W:    .2940  , UTOP/H:    .0053



 ===========================================================================

 AT TIME   3.7065
 FIRST COLUMN  CRACKS AT V/W:    .3176  , UTOP/H:    .0060



 ===========================================================================

 AT TIME   8.9335
 FIRST COLUMN  YIELDS AT V/W:   -.0272  , UTOP/H:    .0249



 ===========================================================================

 AT TIME  10.0000




 ******************************** MODAL ANALYSIS *******************************


 MODE       FREQUENCY(Hz)    PERIOD(SEC)  MODAL PARTICIPATION  MODAL WEIGHT     RELATIVE MODAL
                                               FACTOR         (WEIGHT UNITS)      WEIGHT (%)


   1              .69605           1.43669           4.8083            8928.930           63.815
   2             4.14340            .24135           3.0021            3480.588           24.876
   3            10.89256            .09181           1.5003             869.346            6.213
   4            19.46404            .05138           -.9160             324.024            2.316
   5            28.33939            .03529           -.9743             366.623            2.620
   6            34.10485            .02932            .2406              22.356             .160
  TOTAL WEIGHT................................................. 13991.868



 ********************* EIGEN VECTORS (MAXIMUM NORMALIZED) *********************



 STORY        1        2        3        4        5        6
    6       1.000    -.867     .722     .559    -.196    -.275
    5        .760    -.037    -.463    -.834     .453     .768
    4        .525     .641    -.785    -.155    -.356   -1.000
    3        .305    1.000    -.028    1.000    -.128     .716
    2        .129     .826    1.000    -.335     .670    -.450
    1        .038     .328     .623    -.761   -1.000     .344



 ********************** EIGEN VECTORS (MASS NORMALIZED) ***********************



 STORY        1        2        3        4        5        6
    6        .299    -.206     .178     .137    -.058    -.070
    5        .227    -.009    -.114    -.205     .134     .196
    4        .157     .153    -.193    -.038    -.106    -.255
    3        .091     .238    -.007     .245    -.038     .183
    2        .039     .197     .246    -.082     .199    -.115
    1        .011     .078     .153    -.187    -.296     .088



 ***************** END OF MODAL ANALYSIS *****************






 ===========================================================================

 AT TIME  20.0005




 ******************************** MODAL ANALYSIS *******************************


 MODE       FREQUENCY(Hz)    PERIOD(SEC)  MODAL PARTICIPATION  MODAL WEIGHT     RELATIVE MODAL
                                               FACTOR         (WEIGHT UNITS)      WEIGHT (%)


   1              .79516           1.25761           4.9276            9377.506           67.021
   2             4.65259            .21493           2.7793            2983.239           21.321
   3            12.08914            .08272           1.6146            1006.777            7.195
   4            21.27455            .04700           1.0481             424.206            3.032
   5            30.68291            .03259            .6451             160.705            1.149
   6            38.15816            .02621            .3196              39.436             .282
  TOTAL WEIGHT................................................. 13991.868



 ********************* EIGEN VECTORS (MAXIMUM NORMALIZED) *********************



 STORY        1        2        3        4        5        6
    6       1.000   -1.000     .759    -.528     .349    -.165
    5        .769    -.036    -.592     .890    -.875     .508
    4        .545     .704    -.827     .005     .889    -.864
    3        .340     .994     .134    -.941    -.090    1.000
    2        .169     .798    1.000     .226    -.754    -.918
    1        .050     .339     .758    1.000    1.000     .636



 ********************** EIGEN VECTORS (MASS NORMALIZED) ***********************



 STORY        1        2        3        4        5        6
    6        .294    -.229     .173    -.123     .078    -.037
    5        .226    -.008    -.135     .207    -.195     .113
    4        .160     .161    -.188     .001     .199    -.192
    3        .100     .227     .031    -.219    -.020     .222
    2        .050     .182     .228     .053    -.169    -.204
    1        .015     .077     .173     .233     .224     .141



 ***************** END OF MODAL ANALYSIS *****************






 ===========================================================================

 STATE AT END OF PUSH-OVER, V/W:   -.1577  , UTOP/H:   -.0042
 STORY   DISPLACEMENT
    6        -3.8981
    5        -3.1961
    4        -2.4981
    3        -1.8119
    2        -1.1564
    1         -.5448

 STRESS STATE IN: COLUMNS
 ELEM.   P/Pu   V/Vu   M/Mu   phy/phyu
    1   .0270   .0041   .0907   .0012
    2   .0270   .0042   .0924   .0012
    3   .0270   .0002   .0153   .0010
    4   .0089   .0010   .0221   .0004
    5   .0089   .0000   .0030   .0001
    6   .0089   .0001   .0025   .0000
    7   .0696   .0053   .0884   .0009
    8   .0696   .0057   .0791   .0008
    9   .0696   .0023   .0241   .0007
   10   .0245   .0012   .0306   .0008
   11   .0245   .0001   .0039   .0001
   12   .0245   .0002   .0039   .0001
   13   .0696   .0053   .0884   .0009
   14   .0696   .0057   .0791   .0008
   15   .0696   .0023   .0241   .0007
   16   .0245   .0012   .0306   .0008
   17   .0245   .0001   .0039   .0001
   18   .0245   .0002   .0039   .0001
   19   .0270   .0041   .0907   .0012
   20   .0270   .0042   .0924   .0012
   21   .0270   .0002   .0153   .0010
   22   .0089   .0010   .0221   .0004
   23   .0089   .0000   .0030   .0001
   24   .0089   .0001   .0025   .0000
   25   .0296   .0286   .3090   .0128
   26   .0296   .0003   .0120   .0002
   27   .0296   .0002   .0092   .0002
   28   .0174   .0005   .0073   .0001
   29   .0174   .0001   .0019   .0000
   30   .0174   .0001   .0009   .0000
   31   .1543   .0043   .0570   .0006
   32   .1543   .0027   .0550   .0006
   33   .1543   .0002   .0219   .0002
   34   .0541   .0011   .0203   .0003
   35   .0541   .0001   .0033   .0000
   36   .0541   .0002   .0023   .0000
   37   .1543   .0043   .0570   .0006
   38   .1543   .0027   .0550   .0006
   39   .1543   .0002   .0219   .0002
   40   .0541   .0011   .0203   .0003
   41   .0541   .0001   .0033   .0000
   42   .0541   .0002   .0023   .0000
   43   .1543   .0043   .0570   .0006
   44   .1543   .0027   .0550   .0006
   45   .1543   .0002   .0219   .0002
   46   .0541   .0011   .0203   .0003
   47   .0541   .0001   .0033   .0000
   48   .0541   .0002   .0023   .0000
   49   .1543   .0043   .0570   .0006
   50   .1543   .0027   .0550   .0006
   51   .1543   .0002   .0219   .0002
   52   .0541   .0011   .0203   .0003
   53   .0541   .0001   .0033   .0000
   54   .0541   .0002   .0023   .0000
   55   .0296   .0286   .3090   .0128
   56   .0296   .0003   .0120   .0002
   57   .0296   .0002   .0092   .0002
   58   .0174   .0005   .0073   .0001
   59   .0174   .0001   .0019   .0000
   60   .0174   .0001   .0009   .0000
   61   .0696   .0053   .0884   .0009
   62   .0696   .0057   .0791   .0008
   63   .0696   .0023   .0241   .0007
   64   .0245   .0012   .0306   .0008
   65   .0245   .0001   .0039   .0001
   66   .0245   .0002   .0039   .0001
   67   .1543   .0043   .0570   .0006
   68   .1543   .0027   .0550   .0006
   69   .1543   .0002   .0219   .0002
   70   .0541   .0011   .0203   .0003
   71   .0541   .0001   .0033   .0000
   72   .0541   .0002   .0023   .0000
   73   .1444   .0043   .0629   .0009
   74   .1444   .0031   .0622   .0009
   75   .1444   .0003   .0234   .0004
   76   .0490   .0010   .0185   .0003
   77   .0490   .0001   .0030   .0000
   78   .0490   .0001   .0021   .0000
   79   .1444   .0043   .0629   .0009
   80   .1444   .0031   .0622   .0009
   81   .1444   .0003   .0234   .0004
   82   .0490   .0010   .0185   .0003
   83   .0490   .0001   .0030   .0000
   84   .0490   .0001   .0021   .0000
   85   .1543   .0043   .0570   .0006
   86   .1543   .0027   .0550   .0006
   87   .1543   .0002   .0219   .0002
   88   .0541   .0011   .0203   .0003
   89   .0541   .0001   .0033   .0000
   90   .0541   .0002   .0023   .0000
   91   .0696   .0053   .0884   .0009
   92   .0696   .0057   .0791   .0008
   93   .0696   .0023   .0241   .0007
   94   .0245   .0012   .0306   .0008
   95   .0245   .0001   .0039   .0001
   96   .0245   .0002   .0039   .0001

 STRESS STATE IN: WALLS  
 ELEM.   P/Pu   V/Vu   M/Mu   phy/phyu
    1   .0066   .2239   .2212   .0511
    2   .0066   .0535   .0870   .0012
    3   .0066   .0323   .0548   .0007
    4   .0063   .0512   .0417   .0006
    5   .0063   .0160   .0135   .0002
    6   .0063   .0081   .0046   .0001
    7   .0066   .2239   .2212   .0511
    8   .0066   .0535   .0870   .0012
    9   .0066   .0323   .0548   .0007
   10   .0063   .0512   .0417   .0006
   11   .0063   .0160   .0135   .0002
   12   .0063   .0081   .0046   .0001
