

  DEFORMATION AND STRESS STATE AT IMPORTANT ANALYSIS STAGES





 ===========================================================================

 AT TIME   3.1070
 FIRST WALL    CRACKS AT V/W:   -.1286  , UTOP/H:   -.0030



 ===========================================================================

 AT TIME   3.6850
 FIRST WALL    YIELDS AT V/W:    .2854  , UTOP/H:    .0056



 ===========================================================================

 AT TIME   3.7020
 FIRST COLUMN  CRACKS AT V/W:    .3097  , UTOP/H:    .0062



 ===========================================================================

 AT TIME   8.8990
 FIRST COLUMN  YIELDS AT V/W:   -.0451  , UTOP/H:    .0239



 ===========================================================================

 AT TIME  10.0000




 ******************************** MODAL ANALYSIS *******************************


 MODE       FREQUENCY(Hz)    PERIOD(SEC)  MODAL PARTICIPATION  MODAL WEIGHT     RELATIVE MODAL
                                               FACTOR         (WEIGHT UNITS)      WEIGHT (%)


   1              .68348           1.46311           4.7938            8875.230           63.431
   2             4.06871            .24578           3.0241            3531.860           25.242
   3            10.77565            .09280           1.4984             867.107            6.197
   4            19.13563            .05226           -.8931             308.050            2.202
   5            28.11925            .03556          -1.0042             389.473            2.784
   6            33.76825            .02961            .2284              20.148             .144
  TOTAL WEIGHT................................................. 13991.868



 ********************* EIGEN VECTORS (MAXIMUM NORMALIZED) *********************



 STORY        1        2        3        4        5        6
    6       1.000    -.849     .712     .563    -.181    -.284
    5        .759    -.036    -.448    -.819     .415     .788
    4        .522     .633    -.775    -.181    -.318   -1.000
    3        .301    1.000    -.046    1.000    -.133     .679
    2        .125     .820    1.000    -.344     .658    -.409
    1        .037     .323     .615    -.722   -1.000     .318



 ********************** EIGEN VECTORS (MASS NORMALIZED) ***********************



 STORY        1        2        3        4        5        6
    6        .300    -.204     .177     .140    -.055    -.074
    5        .228    -.009    -.111    -.203     .126     .204
    4        .157     .152    -.193    -.045    -.096    -.259
    3        .090     .240    -.011     .248    -.040     .176
    2        .038     .197     .249    -.085     .199    -.106
    1        .011     .078     .153    -.179    -.303     .082



 ***************** END OF MODAL ANALYSIS *****************






 ===========================================================================

 AT TIME  20.0005




 ******************************** MODAL ANALYSIS *******************************


 MODE       FREQUENCY(Hz)    PERIOD(SEC)  MODAL PARTICIPATION  MODAL WEIGHT     RELATIVE MODAL
                                               FACTOR         (WEIGHT UNITS)      WEIGHT (%)


   1              .79390           1.25960           4.9294            9384.258           67.069
   2             4.64651            .21522           2.7790            2982.626           21.317
   3            12.07731            .08280           1.6126            1004.356            7.178
   4            21.26191            .04703           1.0453             421.992            3.016
   5            30.67462            .03260            .6427             159.528            1.140
   6            38.15539            .02621            .3182              39.109             .280
  TOTAL WEIGHT................................................. 13991.868



 ********************* EIGEN VECTORS (MAXIMUM NORMALIZED) *********************



 STORY        1        2        3        4        5        6
    6       1.000   -1.000     .760    -.529     .350    -.165
    5        .769    -.037    -.592     .890    -.876     .508
    4        .545     .703    -.829     .007     .890    -.864
    3        .340     .993     .132    -.941    -.089    1.000
    2        .169     .799    1.000     .223    -.757    -.917
    1        .050     .340     .761    1.000    1.000     .634



 ********************** EIGEN VECTORS (MASS NORMALIZED) ***********************



 STORY        1        2        3        4        5        6
    6        .294    -.229     .173    -.123     .078    -.037
    5        .226    -.008    -.134     .207    -.196     .113
    4        .160     .161    -.188     .002     .199    -.192
    3        .100     .227     .030    -.219    -.020     .222
    2        .050     .183     .227     .052    -.169    -.204
    1        .015     .078     .173     .233     .223     .141



 ***************** END OF MODAL ANALYSIS *****************






 ===========================================================================

 STATE AT END OF PUSH-OVER, V/W:   -.1929  , UTOP/H:   -.0066
 STORY   DISPLACEMENT
    6        -6.2131
    5        -5.1189
    4        -4.0297
    3        -2.9541
    2        -1.9128
    1         -.9182

 STRESS STATE IN: COLUMNS
 ELEM.   P/Pu   V/Vu   M/Mu   phy/phyu
    1   .0270   .0045   .0984   .0012
    2   .0270   .0033   .1048   .0013
    3   .0270   .0019   .0410   .0013
    4   .0089   .0001   .0101   .0002
    5   .0089   .0003   .0079   .0001
    6   .0089   .0001   .0019   .0000
    7   .0696   .0051   .0862   .0009
    8   .0696   .0047   .0903   .0009
    9   .0696   .0010   .0230   .0007
   10   .0245   .0003   .0141   .0012
   11   .0245   .0003   .0088   .0001
   12   .0245   .0001   .0027   .0000
   13   .0696   .0051   .0862   .0009
   14   .0696   .0047   .0903   .0009
   15   .0696   .0010   .0230   .0007
   16   .0245   .0003   .0141   .0012
   17   .0245   .0003   .0088   .0001
   18   .0245   .0001   .0027   .0000
   19   .0270   .0045   .0984   .0012
   20   .0270   .0033   .1048   .0013
   21   .0270   .0019   .0410   .0013
   22   .0089   .0001   .0101   .0002
   23   .0089   .0003   .0079   .0001
   24   .0089   .0001   .0019   .0000
   25   .0296   .0375   .4069   .0221
   26   .0296   .0006   .0152   .0003
   27   .0296   .0000   .0089   .0002
   28   .0174   .0006   .0086   .0002
   29   .0174   .0001   .0021   .0000
   30   .0174   .0001   .0011   .0000
   31   .1543   .0050   .0656   .0007
   32   .1543   .0042   .0646   .0007
   33   .1543   .0009   .0244   .0003
   34   .0541   .0014   .0246   .0003
   35   .0541   .0000   .0034   .0000
   36   .0541   .0002   .0030   .0000
   37   .1543   .0050   .0656   .0007
   38   .1543   .0042   .0646   .0007
   39   .1543   .0009   .0244   .0003
   40   .0541   .0014   .0246   .0003
   41   .0541   .0000   .0034   .0000
   42   .0541   .0002   .0030   .0000
   43   .1543   .0050   .0656   .0007
   44   .1543   .0042   .0646   .0007
   45   .1543   .0009   .0244   .0003
   46   .0541   .0014   .0246   .0003
   47   .0541   .0000   .0034   .0000
   48   .0541   .0002   .0030   .0000
   49   .1543   .0050   .0656   .0007
   50   .1543   .0042   .0646   .0007
   51   .1543   .0009   .0244   .0003
   52   .0541   .0014   .0246   .0003
   53   .0541   .0000   .0034   .0000
   54   .0541   .0002   .0030   .0000
   55   .0296   .0375   .4069   .0221
   56   .0296   .0006   .0152   .0003
   57   .0296   .0000   .0089   .0002
   58   .0174   .0006   .0086   .0002
   59   .0174   .0001   .0021   .0000
   60   .0174   .0001   .0011   .0000
   61   .0696   .0051   .0862   .0009
   62   .0696   .0047   .0903   .0009
   63   .0696   .0010   .0230   .0007
   64   .0245   .0003   .0141   .0012
   65   .0245   .0003   .0088   .0001
   66   .0245   .0001   .0027   .0000
   67   .1543   .0050   .0656   .0007
   68   .1543   .0042   .0646   .0007
   69   .1543   .0009   .0244   .0003
   70   .0541   .0014   .0246   .0003
   71   .0541   .0000   .0034   .0000
   72   .0541   .0002   .0030   .0000
   73   .1444   .0048   .0714   .0010
   74   .1444   .0050   .0780   .0011
   75   .1444   .0010   .0277   .0006
   76   .0490   .0012   .0219   .0003
   77   .0490   .0000   .0033   .0000
   78   .0490   .0002   .0027   .0000
   79   .1444   .0048   .0714   .0010
   80   .1444   .0050   .0780   .0011
   81   .1444   .0010   .0277   .0006
   82   .0490   .0012   .0219   .0003
   83   .0490   .0000   .0033   .0000
   84   .0490   .0002   .0027   .0000
   85   .1543   .0050   .0656   .0007
   86   .1543   .0042   .0646   .0007
   87   .1543   .0009   .0244   .0003
   88   .0541   .0014   .0246   .0003
   89   .0541   .0000   .0034   .0000
   90   .0541   .0002   .0030   .0000
   91   .0696   .0051   .0862   .0009
   92   .0696   .0047   .0903   .0009
   93   .0696   .0010   .0230   .0007
   94   .0245   .0003   .0141   .0012
   95   .0245   .0003   .0088   .0001
   96   .0245   .0001   .0027   .0000

 STRESS STATE IN: WALLS  
 ELEM.   P/Pu   V/Vu   M/Mu   phy/phyu
    1   .0066   .2667   .2685   .0881
    2   .0066   .0677   .1092   .0014
    3   .0066   .0372   .0681   .0009
    4   .0063   .0507   .0437   .0007
    5   .0063   .0180   .0157   .0002
    6   .0063   .0100   .0056   .0001
    7   .0066   .2667   .2685   .0881
    8   .0066   .0677   .1092   .0014
    9   .0066   .0372   .0681   .0009
   10   .0063   .0507   .0437   .0007
   11   .0063   .0180   .0157   .0002
   12   .0063   .0100   .0056   .0001
