


 TIME HISTORY FOR STORY NO.  3



    TIME   DISPLACEMENT    STORY DRIFT    STORY SHEAR   ACCELERATION     VELOCITY          DAMAGE    DAMAGE
                                                                                          BEAM-SLAB  COL-WALL

    .000     .00000E+00     .00000E+00     .00000E+00     .00000E+00     .00000E+00         .000      .000
    .010    -.23973E-05     .48447E-07     .18201E-01    -.39956E-02    -.37707E-04         .000      .000
    .020    -.68598E-06    -.71034E-06    -.13806E-01     .91365E-02    -.82117E-04         .000      .000
    .030    -.38873E-05    -.74431E-06    -.49470E-02    -.53861E-02    -.95341E-04         .000      .000
    .040    -.30155E-05    -.11408E-05     .23674E-02     .43812E-02    -.21320E-03         .000      .000
    .050    -.82093E-05    -.16518E-05     .38352E-02    -.38445E-02    -.37154E-03         .000      .000
    .060    -.11003E-04    -.28836E-05     .61383E-02     .71649E-02    -.67477E-03         .000      .000
    .070    -.21569E-04    -.46732E-05     .14064E-01     .24947E-03    -.95798E-03         .000      .000
    .080    -.30412E-04    -.81602E-05     .23077E-03     .15893E-01    -.12948E-02         .000      .000
    .090    -.47244E-04    -.12946E-04    -.27431E-01     .11754E-01    -.15882E-02         .000      .000
    .100    -.62497E-04    -.19557E-04    -.68861E-01     .27268E-01    -.19560E-02         .000      .000
    .110    -.86161E-04    -.27379E-04    -.11070E+00     .23005E-01    -.22845E-02         .000      .000
    .120    -.10849E-03    -.37034E-04    -.16265E+00     .40749E-01    -.26804E-02         .000      .000
    .130    -.13944E-03    -.47918E-04    -.21042E+00     .38458E-01    -.29993E-02         .000      .000
    .140    -.16844E-03    -.60734E-04    -.26526E+00     .57662E-01    -.32864E-02         .000      .000
    .150    -.20205E-03    -.74992E-04    -.33279E+00     .58596E-01    -.26604E-02         .000      .000
    .160    -.22044E-03    -.90699E-04    -.49216E+00     .86355E-01    -.16567E-02         .000      .000
    .170    -.23971E-03    -.10310E-03    -.57302E+00     .50189E-01    -.20476E-02         .000      .000
    .180    -.26773E-03    -.11174E-03    -.36217E+00     .84682E-02    -.42884E-02         .000      .000
    .190    -.32821E-03    -.12422E-03    -.78339E-01     .20979E-02    -.73523E-02         .000      .000
    .200    -.41424E-03    -.14988E-03    -.23661E-01     .75052E-01    -.10250E-01         .000      .000
    .210    -.52860E-03    -.19067E-03    -.21230E+00     .13078E+00    -.11804E-01         .000      .000
    .220    -.64504E-03    -.24566E-03    -.63376E+00     .18834E+00    -.11755E-01         .000      .000
    .230    -.76135E-03    -.30856E-03    -.12138E+01     .19422E+00    -.11030E-01         .000      .000
    .240    -.86634E-03    -.37106E-03    -.17120E+01     .18915E+00    -.10487E-01         .000      .000
    .250    -.97133E-03    -.42684E-03    -.19762E+01     .17039E+00    -.10024E-01         .000      .000
    .260    -.10628E-02    -.47546E-03    -.20518E+01     .19586E+00    -.83175E-02         .000      .000
    .270    -.11249E-02    -.51748E-03    -.21223E+01     .22332E+00    -.28137E-02         .000      .000
    .280    -.11088E-02    -.54995E-03    -.23739E+01     .23887E+00     .57449E-02         .000      .000
    .290    -.10102E-02    -.55889E-03    -.24551E+01     .94963E-01     .14216E-01         .000      .000
    .300    -.83463E-03    -.53451E-03    -.19650E+01    -.12887E+00     .19709E-01         .000      .000
    .310    -.63624E-03    -.47866E-03    -.93234E+00    -.35946E+00     .19138E-01         .000      .000
    .320    -.47301E-03    -.40429E-03     .59759E+00    -.51470E+00     .12271E-01         .000      .000
    .330    -.39604E-03    -.33681E-03     .21801E+01    -.54758E+00     .38532E-02         .000      .000
    .340    -.37971E-03    -.30550E-03     .28290E+01    -.39361E+00     .30113E-03         .000      .000
    .350    -.34748E-03    -.31561E-03     .19424E+01    -.20004E+00     .94274E-02         .000      .000
    .360    -.14475E-03    -.33641E-03    -.46646E+00    -.62740E-01     .32418E-01         .000      .000
    .370     .29502E-03    -.29518E-03    -.29352E+01    -.29153E+00     .53527E-01         .000      .000
    .380     .84163E-03    -.11943E-03    -.23816E+01    -.98957E+00     .49499E-01         .000      .000
    .390     .11767E-02     .17488E-03     .26136E+01    -.16686E+01     .13280E-01         .000      .000
    .400     .10601E-02     .45044E-03     .90822E+01    -.14778E+01    -.36832E-01         .000      .000
    .410     .49250E-03     .54315E-03     .12051E+02    -.34055E+00    -.71392E-01         .000      .000
    .420    -.28631E-03     .38431E-03     .89838E+01     .96635E+00    -.81923E-01         .000      .000
    .430    -.11002E-02     .39971E-04     .21492E+01     .14400E+01    -.78942E-01         .000      .000
    .440    -.18689E-02    -.38001E-03    -.52300E+01     .13422E+01    -.76804E-01         .000      .000
    .450    -.26812E-02    -.78196E-03    -.11200E+02     .12834E+01    -.87996E-01         .000      .000
    .460    -.36638E-02    -.11103E-02    -.13748E+02     .15831E+01    -.10960E+00         .000      .000
    .470    -.48484E-02    -.13888E-02    -.13065E+02     .23103E+01    -.12378E+00         .000      .000
    .480    -.60675E-02    -.17013E-02    -.12157E+02     .32787E+01    -.11655E+00         .000      .000
    .490    -.70955E-02    -.21016E-02    -.13257E+02     .38354E+01    -.84381E-01         .000      .000
    .500    -.76711E-02    -.25740E-02    -.16739E+02     .37543E+01    -.27014E-01         .000      .000
    .510    -.75951E-02    -.30268E-02    -.21939E+02     .31009E+01     .42512E-01         .000      .000
    .520    -.68695E-02    -.32984E-02    -.25091E+02     .17520E+01     .97444E-01         .000      .000
    .530    -.57604E-02    -.32604E-02    -.21325E+02    -.12146E+00     .11835E+00         .000      .000
    .540    -.46236E-02    -.29456E-02    -.10387E+02    -.16792E+01     .10328E+00         .000      .000
    .550    -.37445E-02    -.25332E-02     .32851E+01    -.24185E+01     .73407E-01         .000      .000
    .560    -.30871E-02    -.22377E-02     .13346E+02    -.23178E+01     .63901E-01         .000      .000
    .570    -.23528E-02    -.21632E-02     .15093E+02    -.20798E+01     .88058E-01         .000      .000
    .580    -.12989E-02    -.22123E-02     .10319E+02    -.27474E+01     .12007E+00         .000      .000
    .590    -.48669E-04    -.21749E-02     .59684E+01    -.44746E+01     .12319E+00         .000      .000
    .600     .95386E-03    -.19227E-02     .69054E+01    -.60200E+01     .63543E-01         .000      .000
    .610     .97079E-03    -.14966E-02     .14871E+02    -.65088E+01    -.71242E-01         .000      .000
    .620    -.62345E-03    -.11531E-02     .27159E+02    -.52612E+01    -.25149E+00         .000      .000
    .630    -.40474E-02    -.13035E-02     .34542E+02    -.20882E+01    -.42841E+00         .000      .000
    .640    -.90199E-02    -.22843E-02     .28035E+02     .21781E+01    -.55428E+00         .000      .000
    .650    -.14810E-01    -.41636E-02     .42128E+01     .64815E+01    -.58381E+00         .000      .000
    .660    -.20336E-01    -.66713E-02    -.34579E+02     .10170E+02    -.50569E+00         .000      .000
    .670    -.24481E-01    -.92141E-02    -.77549E+02     .12309E+02    -.29480E+00         .000      .000
    .680    -.25796E-01    -.11092E-01    -.11479E+03     .13314E+02     .46826E-01         .000      .000
    .690    -.23520E-01    -.11569E-01    -.13333E+03     .11278E+02     .39466E+00         .000      .000
    .700    -.18349E-01    -.10154E-01    -.11260E+03     .46599E+01     .60900E+00         .000      .000
    .710    -.11869E-01    -.71999E-02    -.53629E+02    -.26570E+01     .66690E+00         .000      .000
    .720    -.53282E-02    -.37904E-02     .13286E+02    -.61048E+01     .63052E+00         .000      .000
    .730     .56354E-03    -.91047E-03     .62114E+02    -.71145E+01     .53934E+00         .000      .000
    .740     .53277E-02     .97883E-03     .88826E+02    -.92207E+01     .40829E+00         .000      .000
    .750     .86950E-02     .17428E-02     .93503E+02    -.11866E+02     .26784E+00         .000      .000
    .760     .10902E-01     .15291E-02     .73700E+02    -.12407E+02     .19335E+00         .000      .000
    .770     .12923E-01     .93170E-03     .35019E+02    -.10515E+02     .22633E+00         .000      .000
    .780     .15532E-01     .92916E-03     .46458E+00    -.97534E+01     .28871E+00         .000      .000
    .790     .18365E-01     .22766E-02    -.20037E+01    -.12159E+02     .25183E+00         .000      .000
    .800     .20087E-01     .48061E-02     .31231E+02    -.14246E+02     .72542E-01         .000      .000
    .810     .19628E-01     .74808E-02     .73560E+02    -.11268E+02    -.16209E+00         .000      .000
    .820     .17055E-01     .91845E-02     .93231E+02    -.35632E+01    -.33508E+00         .000      .000
    .830     .13286E-01     .94289E-02     .78782E+02     .39199E+01    -.40201E+00         .000      .000
    .840     .91431E-02     .84203E-02     .39045E+02     .76967E+01    -.43096E+00         .000      .000
    .850     .44954E-02     .67312E-02    -.70622E+01     .84185E+01    -.51029E+00         .000      .000
    .860    -.12797E-02     .48573E-02    -.44526E+02     .10141E+02    -.65319E+00         .000      .000
    .870    -.86069E-02     .30072E-02    -.68202E+02     .15135E+02    -.80764E+00         .000      .000
    .880    -.17196E-01     .11135E-02    -.78768E+02     .21968E+02    -.89207E+00         .000      .000
    .890    -.25956E-01    -.11096E-02    -.84702E+02     .28181E+02    -.82973E+00         .000      .000
    .900    -.33119E-01    -.39198E-02    -.10009E+03     .32208E+02    -.56662E+00         .000      .000
    .910    -.36485E-01    -.71383E-02    -.13284E+03     .32943E+02    -.62995E-01         .000      .000
    .920    -.33634E-01    -.99099E-02    -.17635E+03     .29371E+02     .66349E+00         .000      .000
    .930    -.23044E-01    -.10793E-01    -.20491E+03     .19268E+02     .14404E+01         .000      .000
    .940    -.58223E-02    -.83732E-02    -.17720E+03     .97382E+00     .19189E+01         .000      .000
    .950     .13427E-01    -.23799E-02    -.62176E+02    -.22028E+02     .18289E+01         .000      .000
    .960     .29118E-01     .54091E-02     .11512E+03    -.38326E+02     .12526E+01         .000      .000
    .970     .38291E-01     .11863E-01     .27226E+03    -.39378E+02     .62061E+00         .000      .000
    .980     .42714E-01     .14564E-01     .32851E+03    -.29101E+02     .33930E+00         .000      .000
    .990     .46449E-01     .13539E-01     .27132E+03    -.22340E+02     .46385E+00         .000      .000
   1.000     .52318E-01     .11027E-01     .15824E+03    -.27897E+02     .68585E+00         .000      .000
   1.010     .59010E-01     .98063E-02     .68846E+02    -.41503E+02     .56479E+00         .000      .000
   1.020     .61901E-01     .11407E-01     .59871E+02    -.50456E+02    -.64640E-01         .000      .000
   1.030     .56786E-01     .15060E-01     .12422E+03    -.43186E+02    -.97062E+00         .000      .000
   1.040     .42795E-01     .18281E-01     .20015E+03    -.20163E+02    -.17876E+01         .000      .000
   1.050     .21956E-01     .18505E-01     .22479E+03     .64641E+01    -.23333E+01         .000      .000
   1.060    -.28678E-02     .14277E-01     .16828E+03     .26391E+02    -.25798E+01         .000      .000
   1.070    -.28538E-01     .56118E-02     .23737E+02     .41069E+02    -.24944E+01         .000      .000
   1.080    -.51708E-01    -.57346E-02    -.18712E+03     .54421E+02    -.20950E+01         .000      .000
   1.090    -.69787E-01    -.16476E-01    -.39022E+03     .63151E+02    -.15026E+01         .000      .000
   1.100    -.81657E-01    -.23493E-01    -.49818E+03     .64068E+02    -.87933E+00         .000      .000
   1.110    -.87531E-01    -.25705E-01    -.47892E+03     .60043E+02    -.30110E+00         .000      .000
   1.120    -.87613E-01    -.24345E-01    -.37171E+03     .55955E+02     .29802E+00         .000      .000
   1.130    -.81264E-01    -.21621E-01    -.24601E+03     .51126E+02     .98733E+00         .000      .000
   1.140    -.67880E-01    -.19106E-01    -.14637E+03     .38949E+02     .16700E+01         .000      .000
   1.150    -.48600E-01    -.17171E-01    -.73751E+02     .15624E+02     .21323E+01         .000      .000
   1.160    -.26384E-01    -.15511E-01    -.11948E+02    -.12667E+02     .22536E+01         .000      .000
   1.170    -.45388E-02    -.13725E-01     .46998E+02    -.35784E+02     .20749E+01         .000      .000
   1.180     .14565E-01    -.11431E-01     .10955E+03    -.50301E+02     .17315E+01         .000      .000
   1.190     .29987E-01    -.84821E-02     .18113E+03    -.58936E+02     .13557E+01         .000      .000
   1.200     .41930E-01    -.52149E-02     .25178E+03    -.64465E+02     .10550E+01         .000      .000
   1.210     .51529E-01    -.22345E-02     .29501E+03    -.66924E+02     .88678E+00         .000      .000
   1.220     .59973E-01     .29688E-03     .29482E+03    -.67398E+02     .80968E+00         .000      .000
   1.230     .67796E-01     .29642E-02     .26562E+03    -.67638E+02     .75451E+00         .000      .000
   1.240     .74797E-01     .65898E-02     .23161E+03    -.66433E+02     .62036E+00         .000      .000
   1.250     .79474E-01     .11704E-01     .21513E+03    -.62694E+02     .26789E+00         .000      .000
   1.260     .79250E-01     .18047E-01     .22995E+03    -.54852E+02    -.35465E+00         .000      .000
   1.270     .72074E-01     .24214E-01     .25732E+03    -.38938E+02    -.10677E+01         .000      .000
   1.280     .58660E-01     .28236E-01     .24464E+03    -.12676E+02    -.15523E+01         .000      .000
   1.290     .42440E-01     .29076E-01     .15387E+03     .17263E+02    -.16177E+01         .000      .000
   1.300     .27547E-01     .27498E-01     .26886E+01     .40026E+02    -.13141E+01         .000      .000
   1.310     .16529E-01     .25434E-01    -.15501E+03     .51464E+02    -.89925E+00         .000      .000
   1.320     .87994E-02     .24767E-01    -.26172E+03     .54953E+02    -.71108E+00         .000      .000
   1.330     .14897E-02     .26189E-01    -.28044E+03     .57649E+02    -.76452E+00         .000      .000
   1.340    -.61709E-02     .28538E-01    -.24100E+03     .68987E+02    -.72017E+00         .000      .000
   1.350    -.11861E-01     .30077E-01    -.20858E+03     .84612E+02    -.36536E+00         .000      .000
   1.360    -.12733E-01     .30191E-01    -.19856E+03     .88433E+02     .20803E+00         .000      .000
   1.370    -.77605E-02     .29168E-01    -.19231E+03     .75384E+02     .76502E+00         .000      .000
   1.380     .19591E-02     .27457E-01    -.18285E+03     .54840E+02     .11438E+01         .000      .000
   1.390     .14496E-01     .25695E-01    -.16507E+03     .36192E+02     .13389E+01         .000      .000
   1.400     .28500E-01     .24689E-01    -.12172E+03     .20824E+02     .14623E+01         .000      .000
   1.410     .43819E-01     .24899E-01    -.43636E+02     .58956E+01     .16074E+01         .000      .000
   1.420     .60505E-01     .26185E-01     .59092E+02    -.11705E+02     .17088E+01         .000      .000
   1.430     .77440E-01     .28015E-01     .17223E+03    -.32664E+02     .16449E+01         .000      .000
   1.440     .92772E-01     .29586E-01     .27531E+03    -.52068E+02     .13947E+01         .000      .000
   1.450     .10492E+00     .30194E-01     .34350E+03    -.65015E+02     .10217E+01         .000      .000
   1.460     .11308E+00     .29745E-01     .37064E+03    -.71916E+02     .60960E+00         .000      .000
   1.470     .11715E+00     .28687E-01     .36897E+03    -.75036E+02     .20841E+00         .000      .000
   1.480     .11719E+00     .27572E-01     .35258E+03    -.75213E+02    -.20994E+00         .000      .000
   1.490     .11262E+00     .26751E-01     .33364E+03    -.72200E+02    -.72876E+00         .000      .000
   1.500     .10227E+00     .26109E-01     .31890E+03    -.64371E+02    -.13494E+01         .000      .000
   1.510     .85785E-01     .24926E-01     .29480E+03    -.48608E+02    -.19222E+01         .000      .000
   1.520     .64491E-01     .22375E-01     .23512E+03    -.25513E+02    -.22975E+01         .000      .000
   1.530     .40567E-01     .18306E-01     .13590E+03    -.18470E+01    -.24564E+01         .000      .000
   1.540     .15726E-01     .13239E-01     .19453E+02     .17111E+02    -.25074E+01         .000      .000
   1.550    -.96349E-02     .77767E-02    -.89146E+02     .32070E+02    -.25733E+01         .000      .000
   1.560    -.35798E-01     .21518E-02    -.17745E+03     .47349E+02    -.26551E+01         .000      .000
   1.570    -.62321E-01    -.38060E-02    -.24893E+03     .65415E+02    -.26124E+01         .000      .000
   1.580    -.87067E-01    -.10346E-01    -.31521E+03     .83682E+02    -.22779E+01         .000      .000
   1.590    -.10685E+00    -.17354E-01    -.38193E+03     .95695E+02    -.16381E+01         .000      .000
   1.600    -.11926E+00    -.24176E-01    -.43623E+03     .95849E+02    -.82722E+00         .000      .000
   1.610    -.12301E+00    -.29996E-01    -.46146E+03     .85822E+02     .10153E+00         .000      .000
   1.620    -.11678E+00    -.34125E-01    -.46062E+03     .71941E+02     .11659E+01         .000      .000
   1.630    -.99643E-01    -.35589E-01    -.42887E+03     .52908E+02     .22430E+01         .000      .000
   1.640    -.72577E-01    -.33282E-01    -.33290E+03     .23376E+02     .31216E+01         .000      .000
   1.650    -.38444E-01    -.27137E-01    -.16202E+03    -.12806E+02     .36336E+01         .000      .000
   1.660    -.13199E-02    -.18442E-01     .49277E+02    -.47085E+02     .37240E+01         .000      .000
   1.670     .34779E-01    -.90118E-02     .25480E+03    -.74677E+02     .34381E+01         .000      .000
   1.680     .66322E-01    -.40448E-03     .42257E+03    -.95999E+02     .28157E+01         .000      .000
   1.690     .90111E-01     .63190E-02     .53891E+03    -.11205E+03     .18997E+01         .000      .000
   1.700     .10374E+00     .10461E-01     .59358E+03    -.11959E+03     .81183E+00         .000      .000
   1.710     .10647E+00     .11774E-01     .57602E+03    -.11467E+03    -.24005E+00         .000      .000
   1.720     .99806E-01     .10760E-01     .48966E+03    -.98204E+02    -.10322E+01         .000      .000
   1.730     .86863E-01     .86681E-02     .35786E+03    -.75778E+02    -.15146E+01         .000      .000
   1.740     .70154E-01     .70544E-02     .22295E+03    -.54240E+02    -.18070E+01         .000      .000
   1.750     .51210E-01     .68424E-02     .11655E+03    -.33128E+02    -.19521E+01         .000      .000
   1.760     .31677E-01     .78996E-02     .29170E+02    -.73565E+01    -.19270E+01         .000      .000
   1.770     .13049E-01     .98183E-02    -.51740E+02     .20023E+02    -.17910E+01         .000      .000
   1.780    -.39703E-02     .12306E-01    -.11452E+03     .42232E+02    -.16046E+01         .000      .000
   1.790    -.18951E-01     .14706E-01    -.16198E+03     .59972E+02    -.13892E+01         .000      .000
   1.800    -.31803E-01     .16248E-01    -.21212E+03     .75208E+02    -.11884E+01         .000      .000
   1.810    -.42691E-01     .16629E-01    -.26363E+03     .86825E+02    -.97961E+00         .000      .000
   1.820    -.51072E-01     .15864E-01    -.31063E+03     .95247E+02    -.67373E+00         .000      .000
   1.830    -.55705E-01     .14222E-01    -.35223E+03     .99598E+02    -.23063E+00         .000      .000
   1.840    -.55372E-01     .12342E-01    -.37635E+03     .96803E+02     .30523E+00         .000      .000
   1.850    -.49635E-01     .10931E-01    -.36588E+03     .85816E+02     .83104E+00         .000      .000
   1.860    -.39194E-01     .10347E-01    -.31345E+03     .68586E+02     .12253E+01         .000      .000
   1.870    -.25793E-01     .10456E-01    -.22273E+03     .48001E+02     .14217E+01         .000      .000
   1.880    -.11413E-01     .10662E-01    -.10931E+03     .27157E+02     .14233E+01         .000      .000
   1.890     .23977E-02     .10167E-01     .39205E+01     .75782E+01     .13428E+01         .000      .000
   1.900     .15560E-01     .83531E-02     .89459E+02    -.95425E+01     .12975E+01         .000      .000
   1.910     .28239E-01     .53555E-02     .13813E+03    -.27184E+02     .12182E+01         .000      .000
   1.920     .39501E-01     .20269E-02     .17544E+03    -.47902E+02     .10128E+01         .000      .000
   1.930     .48153E-01    -.10250E-02     .21509E+03    -.65439E+02     .70783E+00         .000      .000
   1.940     .53496E-01    -.36283E-02     .24635E+03    -.74485E+02     .35474E+00         .000      .000
   1.950     .55172E-01    -.55924E-02     .27051E+03    -.77764E+02    -.22659E-01         .000      .000
   1.960     .52862E-01    -.69132E-02     .29463E+03    -.78363E+02    -.45476E+00         .000      .000
   1.970     .45839E-01    -.80807E-02     .31200E+03    -.75896E+02    -.95741E+00         .000      .000
   1.980     .33678E-01    -.99069E-02     .30257E+03    -.67153E+02    -.14698E+01         .000      .000
   1.990     .16620E-01    -.12955E-01     .25037E+03    -.51698E+02    -.19298E+01         .000      .000
   2.000    -.46843E-02    -.17162E-01     .16323E+03    -.33238E+02    -.23210E+01         .000      .000
   2.010    -.29657E-01    -.22139E-01     .61814E+02    -.14348E+02    -.26699E+01         .000      .000
   2.020    -.57871E-01    -.27641E-01    -.39521E+02     .56695E+01    -.29550E+01         .000      .000
   2.030    -.88199E-01    -.33721E-01    -.14167E+03     .28837E+02    -.30725E+01         .000      .000
   2.040    -.11851E+00    -.40402E-01    -.24988E+03     .53308E+02    -.29481E+01         .000      .000
   2.050    -.14629E+00    -.47357E-01    -.35532E+03     .73359E+02    -.25651E+01         .000      .000
   2.060    -.16911E+00    -.54098E-01    -.44599E+03     .86160E+02    -.19718E+01         .000      .000
   2.070    -.18528E+00    -.60108E-01    -.51354E+03     .91428E+02    -.12450E+01         .000      .000
   2.080    -.19367E+00    -.64877E-01    -.55031E+03     .90400E+02    -.41510E+00         .000      .000
   2.090    -.19338E+00    -.67944E-01    -.55271E+03     .83762E+02     .47664E+00         .000      .000
   2.100    -.18420E+00    -.68885E-01    -.51420E+03     .69904E+02     .13475E+01         .000      .000
   2.110    -.16678E+00    -.67530E-01    -.43080E+03     .48797E+02     .21135E+01         .000      .000
   2.120    -.14254E+00    -.64149E-01    -.31288E+03     .23300E+02     .26983E+01         .000      .000
   2.130    -.11362E+00    -.59255E-01    -.17639E+03    -.40785E+01     .30434E+01         .000      .000
   2.140    -.82538E-01    -.53408E-01    -.34311E+02    -.31330E+02     .31297E+01         .000      .000
   2.150    -.51847E-01    -.47182E-01     .10010E+03    -.56197E+02     .29698E+01         .000      .000
   2.160    -.23734E-01    -.41083E-01     .21394E+03    -.76591E+02     .26333E+01         .000      .000
   2.170     .65077E-03    -.35451E-01     .29414E+03    -.90409E+02     .22469E+01         .000      .000
   2.180     .21253E-01    -.30243E-01     .33269E+03    -.97666E+02     .18745E+01         .000      .000
   2.190     .38030E-01    -.24921E-01     .34191E+03    -.10144E+03     .14681E+01         .000      .000
   2.200     .50155E-01    -.18908E-01     .34460E+03    -.10241E+03     .92446E+00         .000      .000
   2.210     .55727E-01    -.12212E-01     .35175E+03    -.97712E+02     .14454E+00         .000      .000
   2.220     .52458E-01    -.56226E-02     .35852E+03    -.83993E+02    -.81021E+00         .000      .000
   2.230     .39768E-01    -.55590E-03     .33736E+03    -.58286E+02    -.16912E+01         .000      .000
   2.240     .19669E-01     .17648E-02     .25379E+03    -.23461E+02    -.22648E+01         .000      .000
   2.250    -.41235E-02     .12505E-02     .10456E+03     .11668E+02    -.24204E+01         .000      .000
   2.260    -.27414E-01    -.10408E-02    -.83775E+02     .41251E+02    -.21799E+01         .000      .000
   2.270    -.46639E-01    -.34087E-02    -.27313E+03     .64284E+02    -.16146E+01         .000      .000
   2.280    -.58792E-01    -.40706E-02    -.42619E+03     .82148E+02    -.77486E+00         .000      .000
   2.290    -.61547E-01    -.16064E-02    -.51369E+03     .93986E+02     .24062E+00         .000      .000
   2.300    -.53915E-01     .46807E-02    -.51432E+03     .96286E+02     .12744E+01         .000      .000
   2.310    -.36947E-01     .14369E-01    -.42824E+03     .88040E+02     .20420E+01         .000      .000
   2.320    -.14692E-01     .25927E-01    -.27216E+03     .70798E+02     .23267E+01         .000      .000
   2.330     .84578E-02     .36825E-01    -.92355E+02     .53634E+02     .22771E+01         .000      .000
   2.340     .30570E-01     .44529E-01     .35504E+02     .43829E+02     .21438E+01         .000      .000
   2.350     .51404E-01     .48296E-01     .85815E+02     .33926E+02     .20277E+01         .000      .000
   2.360     .71107E-01     .49186E-01     .94514E+02     .16847E+02     .19061E+01         .000      .000
   2.370     .89258E-01     .48713E-01     .97102E+02    -.37976E+01     .17066E+01         .000      .000
   2.380     .10491E+00     .48134E-01     .11309E+03    -.21260E+02     .14108E+01         .000      .000
   2.390     .11746E+00     .48227E-01     .15330E+03    -.32464E+02     .11096E+01         .000      .000
   2.400     .12745E+00     .49120E-01     .21227E+03    -.38404E+02     .91197E+00         .000      .000
   2.410     .13601E+00     .50502E-01     .27301E+03    -.43320E+02     .80705E+00         .000      .000
   2.420     .14352E+00     .51981E-01     .32378E+03    -.50413E+02     .67990E+00         .000      .000
   2.430     .14910E+00     .53194E-01     .35821E+03    -.57955E+02     .40153E+00         .000      .000
   2.440     .15086E+00     .53833E-01     .37335E+03    -.61771E+02    -.82765E-01         .000      .000
   2.450     .14705E+00     .53638E-01     .36943E+03    -.58570E+02    -.68372E+00         .000      .000
   2.460     .13733E+00     .52343E-01     .34205E+03    -.47362E+02    -.12405E+01         .000      .000
   2.470     .12283E+00     .49853E-01     .28759E+03    -.31326E+02    -.16224E+01         .000      .000
   2.480     .10559E+00     .46368E-01     .20974E+03    -.14617E+02    -.17955E+01         .000      .000
   2.490     .87374E-01     .42355E-01     .11993E+03    -.94015E-01    -.18338E+01         .000      .000
   2.500     .68996E-01     .38353E-01     .35688E+02     .11925E+02    -.18469E+01         .000      .000
   2.510     .50468E-01     .34648E-01    -.29533E+02     .23311E+02    -.18496E+01         .000      .000
   2.520     .32235E-01     .31100E-01    -.79034E+02     .36490E+02    -.17830E+01         .000      .000
   2.530     .15165E-01     .27454E-01    -.12035E+03     .49114E+02    -.16109E+01         .000      .000
   2.540     .22528E-03     .23572E-01    -.15281E+03     .57232E+02    -.13772E+01         .000      .000
   2.550    -.12244E-01     .19351E-01    -.17352E+03     .59400E+02    -.11025E+01         .000      .000
   2.560    -.21323E-01     .14620E-01    -.19276E+03     .59459E+02    -.67580E+00         .000      .000
   2.570    -.25218E-01     .95985E-02    -.22496E+03     .58364E+02    -.88116E-01         .000      .000
   2.580    -.22998E-01     .53952E-02    -.24505E+03     .49320E+02     .52358E+00         .000      .000
   2.590    -.14627E-01     .30934E-02    -.21822E+03     .32126E+02     .11732E+01         .000      .000
   2.600     .10629E-02     .28829E-02    -.16314E+03     .15715E+02     .20039E+01         .000      .000
   2.610     .26143E-01     .50558E-02    -.10693E+03    -.63312E+00     .30392E+01         .000      .000
   2.620     .62284E-01     .10713E-01    -.31055E+02    -.25225E+02     .42035E+01         .000      .000
   2.630     .10990E+00     .20899E-01     .84311E+02    -.58607E+02     .52762E+01         .000      .000
   2.640     .16632E+00     .36089E-01     .24662E+03    -.97351E+02     .59032E+01         .000      .000
   2.650     .22530E+00     .55909E-01     .46452E+03    -.13572E+03     .57342E+01         .000      .000
   2.660     .27774E+00     .78548E-01     .72919E+03    -.16579E+03     .45909E+01         .000      .000
   2.670     .31427E+00     .10050E+00     .99163E+03    -.17809E+03     .25957E+01         .000      .000
   2.680     .32807E+00     .11740E+00     .11696E+04    -.16682E+03     .12767E+00         .000      .000
   2.690     .31724E+00     .12562E+00     .11866E+04    -.13291E+03    -.22156E+01         .000      .000
   2.700     .28562E+00     .12379E+00     .99976E+03    -.82567E+02    -.40033E+01         .000      .000
   2.710     .23944E+00     .11375E+00     .64899E+03    -.29699E+02    -.51165E+01         .000      .000
   2.720     .18562E+00     .99516E-01     .23512E+03     .19541E+02    -.55330E+01         .000      .000
   2.730     .13084E+00     .85266E-01    -.15426E+03     .67288E+02    -.53317E+01         .000      .000
   2.740     .80437E-01     .74347E-01    -.44676E+03     .11078E+03    -.46971E+01         .000      .000
   2.750     .37893E-01     .68322E-01    -.59402E+03     .14476E+03    -.37660E+01         .000      .000
   2.760     .59817E-02     .66304E-01    -.61560E+03     .16915E+03    -.25755E+01         .000      .000
   2.770    -.12820E-01     .65995E-01    -.58033E+03     .18290E+03    -.11475E+01         .000      .000
   2.780    -.16671E-01     .65578E-01    -.54084E+03     .18132E+03     .36778E+00         .000      .000
   2.790    -.61202E-02     .64679E-01    -.49876E+03     .15995E+03     .16862E+01         .000      .000
   2.800     .15620E-01     .63841E-01    -.42620E+03     .12304E+03     .25785E+01         .000      .000
   2.810     .43918E-01     .63540E-01    -.30704E+03     .81454E+02     .30156E+01         .000      .000
   2.820     .74719E-01     .63793E-01    -.14632E+03     .43124E+02     .30902E+01         .000      .000
   2.830     .10489E+00     .64252E-01     .45347E+02     .71262E+01     .29150E+01         .000      .000
   2.840     .13238E+00     .64119E-01     .24657E+03    -.28180E+02     .25488E+01         .000      .000
   2.850     .15500E+00     .62366E-01     .42465E+03    -.62529E+02     .19241E+01         .000      .000
   2.860     .16970E+00     .58216E-01     .55973E+03    -.93555E+02     .95311E+00         .000      .000
   2.870     .17305E+00     .51196E-01     .64366E+03    -.11584E+03    -.32027E+00         .000      .000
   2.880     .16315E+00     .41036E-01     .66569E+03    -.12347E+03    -.16362E+01         .000      .000
   2.890     .14109E+00     .27902E-01     .61300E+03    -.11568E+03    -.27243E+01         .000      .000
   2.900     .10938E+00     .12825E-01     .50036E+03    -.10075E+03    -.36009E+01         .000      .000
   2.910     .69444E-01    -.27565E-02     .37612E+03    -.86537E+02    -.43667E+01         .000      .000
   2.920     .22493E-01    -.18306E-01     .25653E+03    -.67137E+02    -.49961E+01         .000      .000
   2.930    -.29271E-01    -.34068E-01     .11825E+03    -.37065E+02    -.52634E+01         .000      .000
   2.940    -.80522E-01    -.49968E-01    -.58749E+02     .65859E+00    -.48583E+01         .000      .000
   2.950    -.12406E+00    -.64813E-01    -.26666E+03     .33897E+02    -.37456E+01         .000      .000
   2.960    -.15424E+00    -.76338E-01    -.45439E+03     .50002E+02    -.22770E+01         .000      .000
   2.970    -.16970E+00    -.82424E-01    -.55794E+03     .48038E+02    -.83550E+00         .000      .000
   2.980    -.17138E+00    -.82478E-01    -.56211E+03     .41220E+02     .48041E+00         .000      .000
   2.990    -.16039E+00    -.77202E-01    -.49815E+03     .37179E+02     .17046E+01         .000      .000
   3.000    -.13760E+00    -.67521E-01    -.38505E+03     .29396E+02     .28324E+01         .000      .000
   3.010    -.10470E+00    -.54508E-01    -.23199E+03     .11219E+02     .36744E+01         .000      .000
   3.020    -.66621E-01    -.39596E-01    -.52078E+02    -.16985E+02     .37665E+01         .000      .000
   3.030    -.32917E-01    -.24686E-01     .15242E+03    -.47998E+02     .27996E+01         .000      .000
   3.040    -.13878E-01    -.12767E-01     .34840E+03    -.64339E+02     .86525E+00         .000      .000
   3.050    -.18122E-01    -.73225E-02     .47521E+03    -.57668E+02    -.18217E+01         .000      .000
   3.060    -.51971E-01    -.11207E-01     .50653E+03    -.33935E+02    -.50080E+01         .000      .000
   3.070    -.11813E+00    -.26814E-01     .42330E+03     .48577E+01    -.81486E+01         .000      .000
   3.080    -.21286E+00    -.55864E-01     .16715E+03     .63726E+02    -.10664E+02         .000      .000
   3.090    -.32816E+00    -.97336E-01    -.26770E+03     .13123E+03    -.12210E+02         .000      .000
   3.100    -.45273E+00    -.14719E+00    -.79555E+03     .19298E+03    -.12463E+02         .000      .000
   3.110    -.57273E+00    -.20013E+00    -.13338E+04     .24446E+03    -.11313E+02         .000      .000
   3.120    -.67492E+00    -.25024E+00    -.18007E+04     .27769E+03    -.89445E+01         .000      .000
   3.130    -.74904E+00    -.29133E+00    -.20791E+04     .27562E+03    -.58098E+01         .000      .000
   3.140    -.79116E+00    -.31994E+00    -.20687E+04     .24119E+03    -.26801E+01         .000      .000
   3.150    -.80479E+00    -.33750E+00    -.18332E+04     .19485E+03    -.18992E+00         .000      .000
   3.160    -.79842E+00    -.34756E+00    -.14555E+04     .13638E+03     .12611E+01         .000      .000
   3.170    -.78374E+00    -.35472E+00    -.99197E+03     .66534E+02     .14642E+01         .000      .000
   3.180    -.77307E+00    -.36471E+00    -.55307E+03     .43706E+00     .49310E+00         .000      .000
   3.190    -.77628E+00    -.38249E+00    -.25718E+03    -.49215E+02    -.11924E+01         .000      .000
   3.200    -.79735E+00    -.41026E+00    -.17091E+03    -.77335E+02    -.30066E+01         .000      .000
   3.210    -.83571E+00    -.44656E+00    -.27584E+03    -.92012E+02    -.46163E+01         .000      .000
   3.220    -.88879E+00    -.48737E+00    -.48014E+03    -.10188E+03    -.59635E+01         .000      .000
   3.230    -.95411E+00    -.52847E+00    -.69272E+03    -.10500E+03    -.70460E+01         .000      .000
   3.240    -.10286E+01    -.56711E+00    -.87343E+03    -.93756E+02    -.77842E+01         .000      .000
   3.250    -.11084E+01    -.60210E+00    -.10195E+04    -.69275E+02    -.81050E+01         .000      .000
   3.260    -.11892E+01    -.63335E+00    -.11384E+04    -.40148E+02    -.79990E+01         .000      .000
   3.270    -.12672E+01    -.66155E+00    -.12520E+04    -.12715E+02    -.75506E+01         .000      .000
   3.280    -.13397E+01    -.68708E+00    -.13996E+04     .10260E+02    -.69507E+01         .000      .000
   3.290    -.14064E+01    -.70835E+00    -.15038E+04     .11155E+02    -.64053E+01         .000      .000
   3.300    -.14679E+01    -.72532E+00    -.15344E+04     .14116E+02    -.58696E+01         .000      .000
   3.310    -.15225E+01    -.73965E+00    -.15855E+04     .37648E+02    -.49572E+01         .000      .000
   3.320    -.15640E+01    -.75151E+00    -.16858E+04     .67716E+02    -.31271E+01         .000      .000
   3.330    -.15809E+01    -.75950E+00    -.18257E+04     .89559E+02    -.38130E-01         .000      .000
   3.340    -.15607E+01    -.76078E+00    -.20089E+04     .93295E+02     .42633E+01         .000      .000
   3.350    -.14935E+01    -.74964E+00    -.21483E+04     .62949E+02     .92066E+01         .000      .000
   3.360    -.13781E+01    -.71959E+00    -.20981E+04    -.63505E+01     .13666E+02         .000      .000
   3.370    -.12243E+01    -.66699E+00    -.17082E+04    -.10178E+03     .16900E+02         .000      .000
   3.380    -.10446E+01    -.59487E+00    -.10513E+04    -.18227E+03     .18821E+02         .000      .000
   3.390    -.85338E+00    -.51005E+00    -.29216E+03    -.24259E+03     .19082E+02         .000      .000
   3.400    -.67000E+00    -.42012E+00     .50735E+03    -.30314E+03     .17215E+02         .000      .000
   3.410    -.51572E+00    -.33554E+00     .12100E+04    -.33857E+03     .13376E+02         .000      .000
   3.420    -.40667E+00    -.26656E+00     .15674E+04    -.32396E+03     .82815E+01         .000      .000
   3.430    -.35154E+00    -.21747E+00     .15389E+04    -.27163E+03     .27457E+01         .000      .000
   3.440    -.34927E+00    -.18801E+00     .11922E+04    -.18267E+03    -.20425E+01         .000      .000
   3.450    -.38645E+00    -.17520E+00     .54631E+03    -.54875E+02    -.50539E+01         .000      .000
   3.460    -.44523E+00    -.17178E+00    -.27007E+03     .78609E+02    -.65473E+01         .000      .000
   3.470    -.51382E+00    -.16859E+00    -.96660E+03     .18202E+03    -.69736E+01         .000      .000
   3.480    -.57920E+00    -.16151E+00    -.14402E+04     .27952E+03    -.57370E+01         .000      .000
   3.490    -.61965E+00    -.15072E+00    -.18508E+04     .39152E+03    -.18332E+01         .000      .000
   3.500    -.60635E+00    -.13333E+00    -.22629E+04     .47565E+03     .48975E+01         .000      .000
   3.510    -.51440E+00    -.10142E+00    -.25162E+04     .47259E+03     .13801E+02         .000      .000
   3.520    -.32947E+00    -.46750E-01    -.24590E+04     .37826E+03     .22970E+02         .000      .000
   3.530    -.61371E-01     .36802E-01    -.19388E+04     .20607E+03     .30240E+02         .000      .000
   3.540     .26453E+00     .14894E+00    -.86069E+03     .25405E+01     .34293E+02         .000      .000
   3.550     .60985E+00     .27805E+00     .58671E+03    -.16052E+03     .33987E+02         .000      .000
   3.560     .93246E+00     .40715E+00     .20426E+04    -.28001E+03     .30123E+02         .000      .000
   3.570     .12053E+01     .51996E+00     .33100E+04    -.37295E+03     .24156E+02         .000      .000
   3.580     .14059E+01     .60074E+00     .39972E+04    -.40540E+03     .15298E+02         .000      .000
   3.590     .15032E+01     .64475E+00     .41390E+04    -.42902E+03     .40193E+01         .000      .000
   3.600     .14880E+01     .65237E+00     .39008E+04    -.39464E+03    -.67282E+01         .000      .000
   3.610     .13759E+01     .62427E+00     .31094E+04    -.23807E+03    -.15280E+02         .000      .000
   3.620     .11900E+01     .57000E+00     .18995E+04    -.35742E+02    -.21582E+02         .000      .000
   3.630     .94890E+00     .50387E+00     .77634E+03     .12853E+03    -.26513E+02         .000      .000
   3.640     .66411E+00     .43163E+00    -.67913E+02     .28146E+03    -.30120E+02         .000      .000
   3.650     .35492E+00     .35150E+00    -.37168E+03     .31986E+03    -.31392E+02         .000      .001
   3.660     .45173E-01     .25708E+00    -.11238E+04     .53316E+03    -.29855E+02         .000      .002
   3.670    -.22967E+00     .16091E+00    -.18055E+04     .65823E+03    -.24632E+02         .000      .004
   3.680    -.44043E+00     .73077E-01    -.23286E+04     .72535E+03    -.17256E+02         .000      .004
   3.690    -.57180E+00     .81947E-03    -.26275E+04     .64839E+03    -.90822E+01         .000      .005
   3.700    -.62375E+00    -.56976E-01    -.26820E+04     .53950E+03    -.13186E+01         .000      .004
   3.710    -.59927E+00    -.98653E-01    -.26204E+04     .43037E+03     .60959E+01         .000      .004
   3.720    -.50576E+00    -.11742E+00    -.22115E+04     .28796E+03     .12326E+02         .000      .004
   3.730    -.35730E+00    -.11020E+00    -.12718E+04     .85678E+02     .17190E+02         .000      .004
   3.740    -.16401E+00    -.82801E-01    -.41687E+03    -.41888E+02     .21592E+02         .000      .004
   3.750     .74513E-01    -.44011E-01     .51623E+03    -.19646E+03     .26067E+02         .000      .006
   3.760     .35751E+00    -.38374E-02     .10037E+04    -.30429E+03     .30565E+02         .000      .008
   3.770     .68467E+00     .45893E-01     .14110E+04    -.45195E+03     .34808E+02         .000      .010
   3.780     .10520E+01     .11063E+00     .18950E+04    -.69767E+03     .38309E+02         .000      .013
   3.790     .14446E+01     .17296E+00     .25960E+04    -.79272E+03     .40002E+02         .000      .014
   3.800     .18508E+01     .22181E+00     .26372E+04    -.73125E+03     .41260E+02         .000      .015
   3.810     .22711E+01     .26652E+00     .22988E+04    -.61624E+03     .42899E+02         .000      .015
   3.820     .27001E+01     .29766E+00     .63499E+04    -.17197E+04     .40585E+02         .000      .016
   3.830     .30538E+01    -.52859E-01     .85288E+04    -.28504E+03     .32888E+02         .000      .032
   3.840     .33352E+01     .21982E+00     .12874E+05    -.42901E+04     .14736E+02         .000      .352
