

  DEFORMATION AND STRESS STATE AT IMPORTANT ANALYSIS STAGES





 ===========================================================================

 AT TIME   3.7950
 FIRST WALL    CRACKS AT V/W:    .3418  , UTOP/H:   -.0002



 ===========================================================================

 AT TIME   8.8400
 FIRST COLUMN  CRACKS AT V/W:    .2465  , UTOP/H:    .0066



 ===========================================================================

 AT TIME   8.8430
 FIRST WALL    YIELDS AT V/W:    .2466  , UTOP/H:    .0067



 ===========================================================================

 AT TIME  10.0000




 ******************************** MODAL ANALYSIS *******************************


 MODE       FREQUENCY(Hz)    PERIOD(SEC)  MODAL PARTICIPATION  MODAL WEIGHT     RELATIVE MODAL
                                               FACTOR         (WEIGHT UNITS)      WEIGHT (%)


   1              .79623           1.25592           4.9260            9371.150           66.976
   2             4.65828            .21467           2.7795            2983.590           21.324
   3            12.10004            .08264           1.6166            1009.320            7.214
   4            21.28421            .04698           1.0508             426.439            3.048
   5            30.68744            .03259            .6471             161.703            1.156
   6            38.15914            .02621            .3205              39.666             .283
  TOTAL WEIGHT................................................. 13991.868



 ********************* EIGEN VECTORS (MAXIMUM NORMALIZED) *********************



 STORY        1        2        3        4        5        6
    6       1.000   -1.000     .758    -.528     .349    -.165
    5        .769    -.035    -.592     .890    -.873     .508
    4        .545     .705    -.826     .004     .888    -.863
    3        .339     .994     .136    -.941    -.091    1.000
    2        .169     .797    1.000     .228    -.753    -.918
    1        .050     .338     .756    1.000    1.000     .637



 ********************** EIGEN VECTORS (MASS NORMALIZED) ***********************



 STORY        1        2        3        4        5        6
    6        .294    -.229     .173    -.123     .078    -.037
    5        .226    -.008    -.135     .207    -.195     .113
    4        .160     .161    -.188     .001     .199    -.192
    3        .100     .227     .031    -.219    -.020     .222
    2        .049     .182     .228     .053    -.168    -.204
    1        .015     .077     .172     .233     .224     .141



 ***************** END OF MODAL ANALYSIS *****************






 ===========================================================================

 AT TIME  20.0005




 ******************************** MODAL ANALYSIS *******************************


 MODE       FREQUENCY(Hz)    PERIOD(SEC)  MODAL PARTICIPATION  MODAL WEIGHT     RELATIVE MODAL
                                               FACTOR         (WEIGHT UNITS)      WEIGHT (%)


   1              .79669           1.25519           4.9255            9369.289           66.962
   2             4.65997            .21459           2.7797            2983.975           21.326
   3            12.10352            .08262           1.6170            1009.740            7.217
   4            21.28958            .04697           1.0514             426.917            3.051
   5            30.69274            .03258            .6479             162.118            1.159
   6            38.16143            .02620            .3211              39.829             .285
  TOTAL WEIGHT................................................. 13991.868



 ********************* EIGEN VECTORS (MAXIMUM NORMALIZED) *********************



 STORY        1        2        3        4        5        6
    6       1.000   -1.000     .757    -.528     .348    -.165
    5        .769    -.035    -.592     .890    -.873     .508
    4        .544     .706    -.826     .004     .888    -.863
    3        .339     .994     .137    -.941    -.092    1.000
    2        .168     .797    1.000     .229    -.752    -.918
    1        .050     .337     .756    1.000    1.000     .637



 ********************** EIGEN VECTORS (MASS NORMALIZED) ***********************



 STORY        1        2        3        4        5        6
    6        .294    -.229     .173    -.123     .078    -.036
    5        .226    -.008    -.135     .207    -.195     .113
    4        .160     .161    -.188     .001     .199    -.191
    3        .100     .227     .031    -.219    -.021     .222
    2        .049     .182     .228     .053    -.168    -.204
    1        .015     .077     .172     .233     .224     .141



 ***************** END OF MODAL ANALYSIS *****************






 ===========================================================================

 STATE AT END OF PUSH-OVER, V/W:   -.0048  , UTOP/H:    .0014
 STORY   DISPLACEMENT
    6         1.3041
    5         1.1081
    4          .9097
    3          .7044
    2          .4885
    1          .2553

 STRESS STATE IN: COLUMNS
 ELEM.   P/Pu   V/Vu   M/Mu   phy/phyu
    1   .0270   .0012   .0258   .0003
    2   .0270   .0003   .0264   .0003
    3   .0270   .0008   .0229   .0003
    4   .0089   .0000   .0043   .0001
    5   .0089   .0002   .0043   .0001
    6   .0089   .0000   .0008   .0000
    7   .0696   .0014   .0232   .0002
    8   .0696   .0008   .0231   .0002
    9   .0696   .0005   .0150   .0002
   10   .0245   .0001   .0070   .0001
   11   .0245   .0002   .0049   .0001
   12   .0245   .0001   .0011   .0000
   13   .0696   .0014   .0232   .0002
   14   .0696   .0008   .0231   .0002
   15   .0696   .0005   .0150   .0002
   16   .0245   .0001   .0070   .0001
   17   .0245   .0002   .0049   .0001
   18   .0245   .0001   .0011   .0000
   19   .0270   .0012   .0258   .0003
   20   .0270   .0003   .0264   .0003
   21   .0270   .0008   .0229   .0003
   22   .0089   .0000   .0043   .0001
   23   .0089   .0002   .0043   .0001
   24   .0089   .0000   .0008   .0000
   25   .0296   .0113   .0833   .0049
   26   .0296   .0039   .0352   .0007
   27   .0296   .0010   .0051   .0001
   28   .0174   .0004   .0048   .0001
   29   .0174   .0000   .0009   .0000
   30   .0174   .0001   .0006   .0000
   31   .1543   .0030   .0393   .0001
   32   .1543   .0028   .0417   .0001
   33   .1543   .0000   .0063   .0001
   34   .0541   .0002   .0067   .0001
   35   .0541   .0002   .0034   .0000
   36   .0541   .0001   .0010   .0000
   37   .1543   .0030   .0393   .0001
   38   .1543   .0028   .0417   .0001
   39   .1543   .0000   .0063   .0001
   40   .0541   .0002   .0067   .0001
   41   .0541   .0002   .0034   .0000
   42   .0541   .0001   .0010   .0000
   43   .1543   .0030   .0393   .0001
   44   .1543   .0028   .0417   .0001
   45   .1543   .0000   .0063   .0001
   46   .0541   .0002   .0067   .0001
   47   .0541   .0002   .0034   .0000
   48   .0541   .0001   .0010   .0000
   49   .1543   .0030   .0393   .0001
   50   .1543   .0028   .0417   .0001
   51   .1543   .0000   .0063   .0001
   52   .0541   .0002   .0067   .0001
   53   .0541   .0002   .0034   .0000
   54   .0541   .0001   .0010   .0000
   55   .0296   .0113   .0833   .0049
   56   .0296   .0039   .0352   .0007
   57   .0296   .0010   .0051   .0001
   58   .0174   .0004   .0048   .0001
   59   .0174   .0000   .0009   .0000
   60   .0174   .0001   .0006   .0000
   61   .0696   .0014   .0232   .0002
   62   .0696   .0008   .0231   .0002
   63   .0696   .0005   .0150   .0002
   64   .0245   .0001   .0070   .0001
   65   .0245   .0002   .0049   .0001
   66   .0245   .0001   .0011   .0000
   67   .1543   .0030   .0393   .0001
   68   .1543   .0028   .0417   .0001
   69   .1543   .0000   .0063   .0001
   70   .0541   .0002   .0067   .0001
   71   .0541   .0002   .0034   .0000
   72   .0541   .0001   .0010   .0000
   73   .1444   .0027   .0390   .0001
   74   .1444   .0023   .0406   .0001
   75   .1444   .0000   .0073   .0001
   76   .0490   .0002   .0059   .0001
   77   .0490   .0002   .0032   .0000
   78   .0490   .0001   .0009   .0000
   79   .1444   .0027   .0390   .0001
   80   .1444   .0023   .0406   .0001
   81   .1444   .0000   .0073   .0001
   82   .0490   .0002   .0059   .0001
   83   .0490   .0002   .0032   .0000
   84   .0490   .0001   .0009   .0000
   85   .1543   .0030   .0393   .0001
   86   .1543   .0028   .0417   .0001
   87   .1543   .0000   .0063   .0001
   88   .0541   .0002   .0067   .0001
   89   .0541   .0002   .0034   .0000
   90   .0541   .0001   .0010   .0000
   91   .0696   .0014   .0232   .0002
   92   .0696   .0008   .0231   .0002
   93   .0696   .0005   .0150   .0002
   94   .0245   .0001   .0070   .0001
   95   .0245   .0002   .0049   .0001
   96   .0245   .0001   .0011   .0000

 STRESS STATE IN: WALLS  
 ELEM.   P/Pu   V/Vu   M/Mu   phy/phyu
    1   .0066   .0367   .0496   .0272
    2   .0066   .0108   .0279   .0004
    3   .0066   .0104   .0216   .0003
    4   .0063   .0145   .0160   .0001
    5   .0063   .0092   .0079   .0001
    6   .0063   .0048   .0027   .0000
    7   .0066   .0367   .0496   .0272
    8   .0066   .0108   .0279   .0004
    9   .0066   .0104   .0216   .0003
   10   .0063   .0145   .0160   .0001
   11   .0063   .0092   .0079   .0001
   12   .0063   .0048   .0027   .0000
