

  DEFORMATION AND STRESS STATE AT IMPORTANT ANALYSIS STAGES





 ===========================================================================

 AT TIME   3.0855
 FIRST WALL    CRACKS AT V/W:   -.0722  , UTOP/H:   -.0037



 ===========================================================================

 AT TIME   3.1630
 FIRST WALL    YIELDS AT V/W:   -.2783  , UTOP/H:   -.0057



 ===========================================================================

 AT TIME   3.1705
 FIRST COLUMN  CRACKS AT V/W:   -.2645  , UTOP/H:   -.0059



 ===========================================================================

 AT TIME   4.9965
 FIRST COLUMN  YIELDS AT V/W:   -.1772  , UTOP/H:   -.0191



 ===========================================================================

 AT TIME  10.0000




 ******************************** MODAL ANALYSIS *******************************


 MODE       FREQUENCY(Hz)    PERIOD(SEC)  MODAL PARTICIPATION  MODAL WEIGHT     RELATIVE MODAL
                                               FACTOR         (WEIGHT UNITS)      WEIGHT (%)


   1              .44118           2.26665           5.2049           10462.606           74.776
   2             3.11971            .32054           2.6236            2658.352           18.999
   3             9.89802            .10103           1.1294             492.611            3.521
   4            18.64423            .05364           -.7127             196.147            1.402
   5            27.51758            .03634           -.6664             171.490            1.226
   6            34.18336            .02925            .1662              10.663             .076
  TOTAL WEIGHT................................................. 13991.868



 ********************* EIGEN VECTORS (MAXIMUM NORMALIZED) *********************



 STORY        1        2        3        4        5        6
    6       1.000   -1.000     .905     .589    -.256    -.273
    5        .804    -.204    -.495    -.831     .575     .764
    4        .609     .492   -1.000    -.241    -.406   -1.000
    3        .421     .959    -.282    1.000    -.247     .727
    2        .251     .966     .992    -.088     .885    -.462
    1        .114     .522     .872    -.824   -1.000     .299



 ********************** EIGEN VECTORS (MASS NORMALIZED) ***********************



 STORY        1        2        3        4        5        6
    6        .277    -.222     .187     .143    -.066    -.070
    5        .222    -.045    -.103    -.202     .149     .195
    4        .169     .109    -.207    -.059    -.105    -.256
    3        .117     .213    -.058     .243    -.064     .186
    2        .070     .215     .205    -.021     .229    -.118
    1        .031     .116     .181    -.200    -.259     .077



 ***************** END OF MODAL ANALYSIS *****************






 ===========================================================================

 AT TIME  20.0005




 ******************************** MODAL ANALYSIS *******************************


 MODE       FREQUENCY(Hz)    PERIOD(SEC)  MODAL PARTICIPATION  MODAL WEIGHT     RELATIVE MODAL
                                               FACTOR         (WEIGHT UNITS)      WEIGHT (%)


   1              .44026           2.27138           5.2742           10743.022           76.780
   2             3.69794            .27042           2.4694            2355.004           16.831
   3            10.72382            .09325           1.2439             597.580            4.271
   4            20.05772            .04986            .7351             208.684            1.491
   5            29.89149            .03345            .4296              71.266             .509
   6            37.87131            .02641            .2055              16.312             .117
  TOTAL WEIGHT................................................. 13991.868



 ********************* EIGEN VECTORS (MAXIMUM NORMALIZED) *********************



 STORY        1        2        3        4        5        6
    6       1.000   -1.000     .896    -.578     .410    -.173
    5        .813    -.182    -.573     .908   -1.000     .531
    4        .627     .493   -1.000     .140     .937    -.889
    3        .448     .858    -.141    -.987     .051    1.000
    2        .280     .836     .926    -.040    -.967    -.874
    1        .128     .490     .980    1.000     .972     .517



 ********************** EIGEN VECTORS (MASS NORMALIZED) ***********************



 STORY        1        2        3        4        5        6
    6        .272    -.240     .184    -.132     .083    -.039
    5        .221    -.044    -.117     .207    -.203     .120
    4        .170     .118    -.205     .032     .191    -.202
    3        .122     .206    -.029    -.225     .010     .227
    2        .076     .200     .190    -.009    -.197    -.198
    1        .035     .117     .201     .228     .198     .117



 ***************** END OF MODAL ANALYSIS *****************






 ===========================================================================

 STATE AT END OF PUSH-OVER, V/W:    .4811  , UTOP/H:   -.0132
 STORY   DISPLACEMENT
    6       -12.3365
    5       -10.0138
    4        -7.6980
    3        -5.4053
    2        -3.1341
    1         -.8346

 STRESS STATE IN: COLUMNS
 ELEM.   P/Pu   V/Vu   M/Mu   phy/phyu
    1   .0270   .0305   .6660   .0990
    2   .0270   .0120   .2783   .0047
    3   .0270   .0075   .1115   .0014
    4   .0089   .0016   .0377   .0007
    5   .0089   .0002   .0077   .0001
    6   .0089   .0002   .0035   .0001
    7   .0696   .0396   .6634   .0672
    8   .0696   .0179   .2788   .0032
    9   .0696   .0094   .1204   .0012
   10   .0245   .0033   .0725   .0010
   11   .0245   .0001   .0076   .0001
   12   .0245   .0002   .0051   .0001
   13   .0696   .0396   .6634   .0672
   14   .0696   .0179   .2788   .0032
   15   .0696   .0094   .1204   .0012
   16   .0245   .0033   .0725   .0010
   17   .0245   .0001   .0076   .0001
   18   .0245   .0002   .0051   .0001
   19   .0270   .0305   .6660   .0990
   20   .0270   .0120   .2783   .0047
   21   .0270   .0075   .1115   .0014
   22   .0089   .0016   .0377   .0007
   23   .0089   .0002   .0077   .0001
   24   .0089   .0002   .0035   .0001
   25   .0296   .0334   .4312   .0105
   26   .0296   .0563   .4347   .0107
   27   .0296   .0183   .1399   .0028
   28   .0174   .0053   .0487   .0009
   29   .0174   .0010   .0062   .0001
   30   .0174   .0004   .0041   .0001
   31   .1543   .0468   .6163   .0226
   32   .1543   .0621   .6142   .0225
   33   .1543   .0211   .2090   .0025
   34   .0541   .0054   .0779   .0010
   35   .0541   .0007   .0066   .0001
   36   .0541   .0004   .0067   .0001
   37   .1543   .0468   .6163   .0226
   38   .1543   .0621   .6142   .0225
   39   .1543   .0211   .2090   .0025
   40   .0541   .0054   .0779   .0010
   41   .0541   .0007   .0066   .0001
   42   .0541   .0004   .0067   .0001
   43   .1543   .0468   .6163   .0226
   44   .1543   .0621   .6142   .0225
   45   .1543   .0211   .2090   .0025
   46   .0541   .0054   .0779   .0010
   47   .0541   .0007   .0066   .0001
   48   .0541   .0004   .0067   .0001
   49   .1543   .0468   .6163   .0226
   50   .1543   .0621   .6142   .0225
   51   .1543   .0211   .2090   .0025
   52   .0541   .0054   .0779   .0010
   53   .0541   .0007   .0066   .0001
   54   .0541   .0004   .0067   .0001
   55   .0296   .0334   .4312   .0105
   56   .0296   .0563   .4347   .0107
   57   .0296   .0183   .1399   .0028
   58   .0174   .0053   .0487   .0009
   59   .0174   .0010   .0062   .0001
   60   .0174   .0004   .0041   .0001
   61   .0696   .0396   .6634   .0672
   62   .0696   .0179   .2788   .0032
   63   .0696   .0094   .1204   .0012
   64   .0245   .0033   .0725   .0010
   65   .0245   .0001   .0076   .0001
   66   .0245   .0002   .0051   .0001
   67   .1543   .0468   .6163   .0226
   68   .1543   .0621   .6142   .0225
   69   .1543   .0211   .2090   .0025
   70   .0541   .0054   .0779   .0010
   71   .0541   .0007   .0066   .0001
   72   .0541   .0004   .0067   .0001
   73   .1444   .0517   .7614   .0428
   74   .1444   .0571   .6850   .0251
   75   .1444   .0189   .2069   .0032
   76   .0490   .0043   .0631   .0009
   77   .0490   .0005   .0054   .0001
   78   .0490   .0004   .0055   .0001
   79   .1444   .0517   .7614   .0428
   80   .1444   .0571   .6850   .0251
   81   .1444   .0189   .2069   .0032
   82   .0490   .0043   .0631   .0009
   83   .0490   .0005   .0054   .0001
   84   .0490   .0004   .0055   .0001
   85   .1543   .0468   .6163   .0226
   86   .1543   .0621   .6142   .0225
   87   .1543   .0211   .2090   .0025
   88   .0541   .0054   .0779   .0010
   89   .0541   .0007   .0066   .0001
   90   .0541   .0004   .0067   .0001
   91   .0696   .0396   .6634   .0672
   92   .0696   .0179   .2788   .0032
   93   .0696   .0094   .1204   .0012
   94   .0245   .0033   .0725   .0010
   95   .0245   .0001   .0076   .0001
   96   .0245   .0002   .0051   .0001

 STRESS STATE IN: WALLS  
 ELEM.   P/Pu   V/Vu   M/Mu   phy/phyu
    1   .0066   .4925   .5365   .0821
    2   .0066   .6973   .5356   .0637
    3   .0066   .1343   .1166   .0015
    4   .0063   .0063   .0270   .0004
    5   .0063   .0343   .0269   .0004
    6   .0063   .0139   .0078   .0001
    7   .0066   .4925   .5365   .0821
    8   .0066   .6973   .5356   .0637
    9   .0066   .1343   .1166   .0015
   10   .0063   .0063   .0270   .0004
   11   .0063   .0343   .0269   .0004
   12   .0063   .0139   .0078   .0001
