

  DEFORMATION AND STRESS STATE AT IMPORTANT ANALYSIS STAGES





 ===========================================================================

 AT TIME   3.0740
 FIRST WALL    CRACKS AT V/W:   -.0424  , UTOP/H:   -.0039



 ===========================================================================

 AT TIME   3.1470
 FIRST WALL    YIELDS AT V/W:   -.2799  , UTOP/H:   -.0060



 ===========================================================================

 AT TIME   3.1550
 FIRST COLUMN  CRACKS AT V/W:   -.2661  , UTOP/H:   -.0063



 ===========================================================================

 AT TIME   4.9710
 FIRST COLUMN  YIELDS AT V/W:   -.0868  , UTOP/H:   -.0208



 ===========================================================================

 AT TIME  10.0000




 ******************************** MODAL ANALYSIS *******************************


 MODE       FREQUENCY(Hz)    PERIOD(SEC)  MODAL PARTICIPATION  MODAL WEIGHT     RELATIVE MODAL
                                               FACTOR         (WEIGHT UNITS)      WEIGHT (%)


   1              .70855           1.41133           4.8827            9207.267           65.804
   2             4.08277            .24493           3.0770            3656.574           26.134
   3             9.86062            .10141           1.4207             779.510            5.571
   4            18.98913            .05266            .8365             270.224            1.931
   5            26.14586            .03825            .4375              73.926             .528
   6            35.22307            .02839            .1063               4.368             .031
  TOTAL WEIGHT................................................. 13991.868



 ********************* EIGEN VECTORS (MAXIMUM NORMALIZED) *********************



 STORY        1        2        3        4        5        6
    6       1.000    -.948     .876    -.464     .438    -.238
    5        .767    -.064    -.481     .686    -.924     .666
    4        .540     .654    -.970     .204     .517   -1.000
    3        .329    1.000    -.158    -.771     .487     .903
    2        .147     .967    1.000    -.203   -1.000    -.550
    1        .049     .510     .942    1.000     .861     .244



 ********************** EIGEN VECTORS (MASS NORMALIZED) ***********************



 STORY        1        2        3        4        5        6
    6        .295    -.206     .182    -.122     .097    -.059
    5        .227    -.014    -.100     .180    -.206     .164
    4        .159     .143    -.202     .054     .115    -.246
    3        .097     .218    -.033    -.203     .108     .222
    2        .044     .211     .208    -.053    -.222    -.135
    1        .014     .111     .196     .263     .191     .060



 ***************** END OF MODAL ANALYSIS *****************






 ===========================================================================

 AT TIME  20.0005




 ******************************** MODAL ANALYSIS *******************************


 MODE       FREQUENCY(Hz)    PERIOD(SEC)  MODAL PARTICIPATION  MODAL WEIGHT     RELATIVE MODAL
                                               FACTOR         (WEIGHT UNITS)      WEIGHT (%)


   1              .39487           2.53247           5.2996           10846.751           77.522
   2             3.64565            .27430           2.4287            2277.995           16.281
   3            10.68915            .09355           1.2211             575.894            4.116
   4            20.08154            .04980            .7242             202.554            1.448
   5            29.98762            .03335            .4298              71.328             .510
   6            37.94159            .02636            .2119              17.346             .124
  TOTAL WEIGHT................................................. 13991.868



 ********************* EIGEN VECTORS (MAXIMUM NORMALIZED) *********************



 STORY        1        2        3        4        5        6
    6       1.000   -1.000     .895    -.584     .408    -.171
    5        .817    -.192    -.569     .919   -1.000     .525
    4        .635     .479   -1.000     .139     .947    -.883
    3        .458     .845    -.149    -.999     .032    1.000
    2        .290     .832     .916    -.036    -.957    -.885
    1        .135     .492     .973    1.000     .972     .530



 ********************** EIGEN VECTORS (MASS NORMALIZED) ***********************



 STORY        1        2        3        4        5        6
    6        .270    -.241     .184    -.132     .083    -.039
    5        .220    -.046    -.117     .208    -.204     .119
    4        .171     .116    -.206     .031     .193    -.200
    3        .124     .204    -.031    -.226     .007     .226
    2        .078     .201     .189    -.008    -.195    -.200
    1        .036     .119     .200     .226     .198     .120



 ***************** END OF MODAL ANALYSIS *****************






 ===========================================================================

 STATE AT END OF PUSH-OVER, V/W:   -.2521  , UTOP/H:   -.0088
 STORY   DISPLACEMENT
    6        -8.2400
    5        -6.8389
    4        -5.4455
    3        -4.0792
    2        -2.7331
    1        -1.4431

 STRESS STATE IN: COLUMNS
 ELEM.   P/Pu   V/Vu   M/Mu   phy/phyu
    1   .0270   .0034   .0740   .0051
    2   .0270   .0088   .1177   .0048
    3   .0270   .0035   .0894   .0011
    4   .0089   .0018   .0244   .0004
    5   .0089   .0013   .0246   .0004
    6   .0089   .0000   .0005   .0000
    7   .0696   .0030   .0511   .0037
    8   .0696   .0086   .0949   .0033
    9   .0696   .0059   .0824   .0008
   10   .0245   .0006   .0264   .0004
   11   .0245   .0017   .0356   .0005
   12   .0245   .0001   .0018   .0000
   13   .0696   .0030   .0511   .0037
   14   .0696   .0086   .0949   .0033
   15   .0696   .0059   .0824   .0008
   16   .0245   .0006   .0264   .0004
   17   .0245   .0017   .0356   .0005
   18   .0245   .0001   .0018   .0000
   19   .0270   .0034   .0740   .0051
   20   .0270   .0088   .1177   .0048
   21   .0270   .0035   .0894   .0011
   22   .0089   .0018   .0244   .0004
   23   .0089   .0013   .0246   .0004
   24   .0089   .0000   .0005   .0000
   25   .0296   .0047   .2326   .0276
   26   .0296   .0195   .1702   .0063
   27   .0296   .0039   .0272   .0005
   28   .0174   .0007   .0133   .0003
   29   .0174   .0004   .0055   .0001
   30   .0174   .0001   .0011   .0000
   31   .1543   .0121   .1597   .0058
   32   .1543   .0089   .1698   .0042
   33   .1543   .0033   .0427   .0003
   34   .0541   .0010   .0187   .0002
   35   .0541   .0015   .0231   .0003
   36   .0541   .0000   .0002   .0000
   37   .1543   .0121   .1597   .0058
   38   .1543   .0089   .1698   .0042
   39   .1543   .0033   .0427   .0003
   40   .0541   .0010   .0187   .0002
   41   .0541   .0015   .0231   .0003
   42   .0541   .0000   .0002   .0000
   43   .1543   .0121   .1597   .0058
   44   .1543   .0089   .1698   .0042
   45   .1543   .0033   .0427   .0003
   46   .0541   .0010   .0187   .0002
   47   .0541   .0015   .0231   .0003
   48   .0541   .0000   .0002   .0000
   49   .1543   .0121   .1597   .0058
   50   .1543   .0089   .1698   .0042
   51   .1543   .0033   .0427   .0003
   52   .0541   .0010   .0187   .0002
   53   .0541   .0015   .0231   .0003
   54   .0541   .0000   .0002   .0000
   55   .0296   .0047   .2326   .0276
   56   .0296   .0195   .1702   .0063
   57   .0296   .0039   .0272   .0005
   58   .0174   .0007   .0133   .0003
   59   .0174   .0004   .0055   .0001
   60   .0174   .0001   .0011   .0000
   61   .0696   .0030   .0511   .0037
   62   .0696   .0086   .0949   .0033
   63   .0696   .0059   .0824   .0008
   64   .0245   .0006   .0264   .0004
   65   .0245   .0017   .0356   .0005
   66   .0245   .0001   .0018   .0000
   67   .1543   .0121   .1597   .0058
   68   .1543   .0089   .1698   .0042
   69   .1543   .0033   .0427   .0003
   70   .0541   .0010   .0187   .0002
   71   .0541   .0015   .0231   .0003
   72   .0541   .0000   .0002   .0000
   73   .1444   .0109   .1605   .0087
   74   .1444   .0081   .1722   .0057
   75   .1444   .0027   .0439   .0004
   76   .0490   .0014   .0198   .0003
   77   .0490   .0013   .0198   .0003
   78   .0490   .0000   .0001   .0000
   79   .1444   .0109   .1605   .0087
   80   .1444   .0081   .1722   .0057
   81   .1444   .0027   .0439   .0004
   82   .0490   .0014   .0198   .0003
   83   .0490   .0013   .0198   .0003
   84   .0490   .0000   .0001   .0000
   85   .1543   .0121   .1597   .0058
   86   .1543   .0089   .1698   .0042
   87   .1543   .0033   .0427   .0003
   88   .0541   .0010   .0187   .0002
   89   .0541   .0015   .0231   .0003
   90   .0541   .0000   .0002   .0000
   91   .0696   .0030   .0511   .0037
   92   .0696   .0086   .0949   .0033
   93   .0696   .0059   .0824   .0008
   94   .0245   .0006   .0264   .0004
   95   .0245   .0017   .0356   .0005
   96   .0245   .0001   .0018   .0000

 STRESS STATE IN: WALLS  
 ELEM.   P/Pu   V/Vu   M/Mu   phy/phyu
    1   .0066   .4165   .2897   .1186
    2   .0066   .0465   .0688   .0009
    3   .0066   .0629   .0724   .0010
    4   .0063   .0182   .0339   .0005
    5   .0063   .0457   .0340   .0005
    6   .0063   .0156   .0087   .0001
    7   .0066   .4165   .2897   .1186
    8   .0066   .0465   .0688   .0009
    9   .0066   .0629   .0724   .0010
   10   .0063   .0182   .0339   .0005
   11   .0063   .0457   .0340   .0005
   12   .0063   .0156   .0087   .0001
