

  DEFORMATION AND STRESS STATE AT IMPORTANT ANALYSIS STAGES





 ===========================================================================

 AT TIME   3.5725
 FIRST WALL    CRACKS AT V/W:    .1433  , UTOP/H:    .0015



 ===========================================================================

 AT TIME   3.7805
 FIRST WALL    YIELDS AT V/W:    .5571  , UTOP/H:   -.0006



 ===========================================================================

 AT TIME   3.8005
 FIRST COLUMN  CRACKS AT V/W:    .6136  , UTOP/H:   -.0002



 ===========================================================================

 AT TIME   8.4170
 FIRST COLUMN  YIELDS AT V/W:   -.1957  , UTOP/H:   -.0171



 ===========================================================================

 AT TIME  10.0000




 ******************************** MODAL ANALYSIS *******************************


 MODE       FREQUENCY(Hz)    PERIOD(SEC)  MODAL PARTICIPATION  MODAL WEIGHT     RELATIVE MODAL
                                               FACTOR         (WEIGHT UNITS)      WEIGHT (%)


   1              .27991           3.57254           5.3526           11064.786           79.080
   2             3.53081            .28322           2.3456            2124.746           15.186
   3            10.56545            .09465           1.1758             533.913            3.816
   4            19.97334            .05007            .6967             187.436            1.340
   5            29.90250            .03344            .4115              65.404             .467
   6            37.89688            .02639            .2009              15.583             .111
  TOTAL WEIGHT................................................. 13991.868



 ********************* EIGEN VECTORS (MAXIMUM NORMALIZED) *********************



 STORY        1        2        3        4        5        6
    6       1.000   -1.000     .895    -.588     .410    -.172
    5        .825    -.211    -.558     .919   -1.000     .528
    4        .651     .448   -1.000     .151     .938    -.886
    3        .479     .819    -.175   -1.000     .049    1.000
    2        .311     .823     .888    -.061    -.967    -.879
    1        .151     .501     .974     .998     .958     .517



 ********************** EIGEN VECTORS (MASS NORMALIZED) ***********************



 STORY        1        2        3        4        5        6
    6        .266    -.244     .186    -.133     .084    -.039
    5        .219    -.052    -.116     .208    -.204     .120
    4        .173     .110    -.207     .034     .192    -.201
    3        .127     .200    -.036    -.226     .010     .227
    2        .083     .201     .184    -.014    -.197    -.200
    1        .040     .122     .202     .225     .196     .117



 ***************** END OF MODAL ANALYSIS *****************






 ===========================================================================

 AT TIME  20.0005




 ******************************** MODAL ANALYSIS *******************************


 MODE       FREQUENCY(Hz)    PERIOD(SEC)  MODAL PARTICIPATION  MODAL WEIGHT     RELATIVE MODAL
                                               FACTOR         (WEIGHT UNITS)      WEIGHT (%)


   1              .36126           2.76812           5.3181           10922.761           78.065
   2             3.60466            .27742           2.4016            2227.502           15.920
   3            10.64136            .09397           1.2045             560.313            4.005
   4            20.03688            .04991            .7129             196.295            1.403
   5            29.94906            .03339            .4213              68.562             .490
   6            37.92107            .02637            .2063              16.435             .117
  TOTAL WEIGHT................................................. 13991.868



 ********************* EIGEN VECTORS (MAXIMUM NORMALIZED) *********************



 STORY        1        2        3        4        5        6
    6       1.000   -1.000     .895    -.586     .409    -.172
    5        .819    -.198    -.565     .919   -1.000     .526
    4        .640     .468   -1.000     .144     .943    -.884
    3        .465     .837    -.159   -1.000     .040    1.000
    2        .297     .829     .905    -.047    -.962    -.883
    1        .141     .496     .974    1.000     .966     .524



 ********************** EIGEN VECTORS (MASS NORMALIZED) ***********************



 STORY        1        2        3        4        5        6
    6        .268    -.242     .185    -.132     .083    -.039
    5        .220    -.048    -.117     .208    -.204     .119
    4        .172     .113    -.206     .032     .192    -.200
    3        .125     .203    -.033    -.226     .008     .227
    2        .080     .201     .187    -.011    -.196    -.200
    1        .038     .120     .201     .226     .197     .119



 ***************** END OF MODAL ANALYSIS *****************






 ===========================================================================

 STATE AT END OF PUSH-OVER, V/W:    .0481  , UTOP/H:    .0050
 STORY   DISPLACEMENT
    6         4.6817
    5         3.8671
    4         3.0554
    3         2.2476
    2         1.4428
    1          .6637

 STRESS STATE IN: COLUMNS
 ELEM.   P/Pu   V/Vu   M/Mu   phy/phyu
    1   .0270   .0015   .0320   .0032
    2   .0270   .0028   .0316   .0045
    3   .0270   .0006   .0184   .0012
    4   .0089   .0009   .0116   .0002
    5   .0089   .0003   .0061   .0001
    6   .0089   .0000   .0007   .0000
    7   .0696   .0002   .0026   .0032
    8   .0696   .0026   .0420   .0027
    9   .0696   .0022   .0255   .0011
   10   .0245   .0014   .0188   .0003
   11   .0245   .0000   .0030   .0000
   12   .0245   .0001   .0022   .0000
   13   .0696   .0002   .0026   .0032
   14   .0696   .0026   .0420   .0027
   15   .0696   .0022   .0255   .0011
   16   .0245   .0014   .0188   .0003
   17   .0245   .0000   .0030   .0000
   18   .0245   .0001   .0022   .0000
   19   .0270   .0015   .0320   .0032
   20   .0270   .0028   .0316   .0045
   21   .0270   .0006   .0184   .0012
   22   .0089   .0009   .0116   .0002
   23   .0089   .0003   .0061   .0001
   24   .0089   .0000   .0007   .0000
   25   .0296   .0226   .2150   .0128
   26   .0296   .0030   .0165   .0003
   27   .0296   .0016   .0135   .0003
   28   .0174   .0005   .0033   .0001
   29   .0174   .0002   .0022   .0000
   30   .0174   .0000   .0004   .0000
   31   .1543   .0042   .0557   .0031
   32   .1543   .0030   .0571   .0029
   33   .1543   .0010   .0080   .0010
   34   .0541   .0001   .0032   .0000
   35   .0541   .0001   .0020   .0000
   36   .0541   .0001   .0020   .0000
   37   .1543   .0042   .0557   .0031
   38   .1543   .0030   .0571   .0029
   39   .1543   .0010   .0080   .0010
   40   .0541   .0001   .0032   .0000
   41   .0541   .0001   .0020   .0000
   42   .0541   .0001   .0020   .0000
   43   .1543   .0042   .0557   .0031
   44   .1543   .0030   .0571   .0029
   45   .1543   .0010   .0080   .0010
   46   .0541   .0001   .0032   .0000
   47   .0541   .0001   .0020   .0000
   48   .0541   .0001   .0020   .0000
   49   .1543   .0042   .0557   .0031
   50   .1543   .0030   .0571   .0029
   51   .1543   .0010   .0080   .0010
   52   .0541   .0001   .0032   .0000
   53   .0541   .0001   .0020   .0000
   54   .0541   .0001   .0020   .0000
   55   .0296   .0226   .2150   .0128
   56   .0296   .0030   .0165   .0003
   57   .0296   .0016   .0135   .0003
   58   .0174   .0005   .0033   .0001
   59   .0174   .0002   .0022   .0000
   60   .0174   .0000   .0004   .0000
   61   .0696   .0002   .0026   .0032
   62   .0696   .0026   .0420   .0027
   63   .0696   .0022   .0255   .0011
   64   .0245   .0014   .0188   .0003
   65   .0245   .0000   .0030   .0000
   66   .0245   .0001   .0022   .0000
   67   .1543   .0042   .0557   .0031
   68   .1543   .0030   .0571   .0029
   69   .1543   .0010   .0080   .0010
   70   .0541   .0001   .0032   .0000
   71   .0541   .0001   .0020   .0000
   72   .0541   .0001   .0020   .0000
   73   .1444   .0031   .0454   .0034
   74   .1444   .0026   .0501   .0051
   75   .1444   .0005   .0047   .0013
   76   .0490   .0001   .0029   .0000
   77   .0490   .0000   .0017   .0000
   78   .0490   .0001   .0016   .0000
   79   .1444   .0031   .0454   .0034
   80   .1444   .0026   .0501   .0051
   81   .1444   .0005   .0047   .0013
   82   .0490   .0001   .0029   .0000
   83   .0490   .0000   .0017   .0000
   84   .0490   .0001   .0016   .0000
   85   .1543   .0042   .0557   .0031
   86   .1543   .0030   .0571   .0029
   87   .1543   .0010   .0080   .0010
   88   .0541   .0001   .0032   .0000
   89   .0541   .0001   .0020   .0000
   90   .0541   .0001   .0020   .0000
   91   .0696   .0002   .0026   .0032
   92   .0696   .0026   .0420   .0027
   93   .0696   .0022   .0255   .0011
   94   .0245   .0014   .0188   .0003
   95   .0245   .0000   .0030   .0000
   96   .0245   .0001   .0022   .0000

 STRESS STATE IN: WALLS  
 ELEM.   P/Pu   V/Vu   M/Mu   phy/phyu
    1   .0066   .0290   .1092   .0613
    2   .0066   .0977   .0915   .0050
    3   .0066   .0563   .0344   .0005
    4   .0063   .0033   .0062   .0001
    5   .0063   .0021   .0046   .0001
    6   .0063   .0059   .0033   .0001
    7   .0066   .0290   .1092   .0613
    8   .0066   .0977   .0915   .0050
    9   .0066   .0563   .0344   .0005
   10   .0063   .0033   .0062   .0001
   11   .0063   .0021   .0046   .0001
   12   .0063   .0059   .0033   .0001
