

  DEFORMATION AND STRESS STATE AT IMPORTANT ANALYSIS STAGES





 ===========================================================================

 AT TIME   3.0655
 FIRST WALL    CRACKS AT V/W:   -.0367  , UTOP/H:   -.0038



 ===========================================================================

 AT TIME   3.1410
 FIRST WALL    YIELDS AT V/W:   -.2782  , UTOP/H:   -.0062



 ===========================================================================

 AT TIME   3.1485
 FIRST COLUMN  CRACKS AT V/W:   -.2655  , UTOP/H:   -.0064



 ===========================================================================

 AT TIME   4.9650
 FIRST COLUMN  YIELDS AT V/W:   -.0296  , UTOP/H:   -.0212



 ===========================================================================

 AT TIME  10.0000




 ******************************** MODAL ANALYSIS *******************************


 MODE       FREQUENCY(Hz)    PERIOD(SEC)  MODAL PARTICIPATION  MODAL WEIGHT     RELATIVE MODAL
                                               FACTOR         (WEIGHT UNITS)      WEIGHT (%)


   1              .36445           2.74389           5.2798           10765.999           76.945
   2             3.16718            .31574           2.5263            2464.862           17.616
   3             9.58080            .10438           1.0228             404.040            2.888
   4            20.01698            .04996           -.7408             211.919            1.515
   5            27.34449            .03657           -.5876             133.342             .953
   6            35.28519            .02834            .1741              11.706             .084
  TOTAL WEIGHT................................................. 13991.868



 ********************* EIGEN VECTORS (MAXIMUM NORMALIZED) *********************



 STORY        1        2        3        4        5        6
    6       1.000   -1.000     .891     .556    -.369    -.236
    5        .815    -.220    -.472    -.874     .814     .659
    4        .631     .454   -1.000    -.144    -.566   -1.000
    3        .451     .867    -.229     .975    -.259     .929
    2        .280     .969     .892     .046     .918    -.622
    1        .131     .547     .781   -1.000   -1.000     .343



 ********************** EIGEN VECTORS (MASS NORMALIZED) ***********************



 STORY        1        2        3        4        5        6
    6        .271    -.228     .196     .129    -.085    -.056
    5        .221    -.050    -.104    -.203     .188     .157
    4        .171     .104    -.219    -.033    -.131    -.238
    3        .122     .198    -.050     .226    -.060     .221
    2        .076     .221     .196     .011     .213    -.148
    1        .036     .125     .171    -.232    -.232     .082



 ***************** END OF MODAL ANALYSIS *****************






 ===========================================================================

 AT TIME  20.0005




 ******************************** MODAL ANALYSIS *******************************


 MODE       FREQUENCY(Hz)    PERIOD(SEC)  MODAL PARTICIPATION  MODAL WEIGHT     RELATIVE MODAL
                                               FACTOR         (WEIGHT UNITS)      WEIGHT (%)


   1              .79077           1.26460           4.9327            9396.910           67.160
   2             4.63511            .21574           2.7777            2979.860           21.297
   3            12.05412            .08296           1.6103            1001.393            7.157
   4            21.22630            .04711           1.0414             418.858            2.994
   5            30.63780            .03264            .6373             156.841            1.121
   6            38.13806            .02622            .3137              38.005             .272
  TOTAL WEIGHT................................................. 13991.868



 ********************* EIGEN VECTORS (MAXIMUM NORMALIZED) *********************



 STORY        1        2        3        4        5        6
    6       1.000   -1.000     .762    -.528     .351    -.165
    5        .770    -.038    -.591     .887    -.879     .509
    4        .546     .701    -.831     .010     .890    -.865
    3        .341     .992     .128    -.940    -.083    1.000
    2        .170     .800    1.000     .216    -.764    -.914
    1        .051     .343     .766    1.000    1.000     .628



 ********************** EIGEN VECTORS (MASS NORMALIZED) ***********************



 STORY        1        2        3        4        5        6
    6        .293    -.229     .173    -.123     .078    -.037
    5        .226    -.009    -.134     .207    -.196     .113
    4        .160     .160    -.189     .002     .198    -.192
    3        .100     .227     .029    -.219    -.018     .222
    2        .050     .183     .227     .050    -.170    -.203
    1        .015     .078     .174     .234     .223     .140



 ***************** END OF MODAL ANALYSIS *****************






 ===========================================================================

 STATE AT END OF PUSH-OVER, V/W:   -.0072  , UTOP/H:    .0069
 STORY   DISPLACEMENT
    6         6.4971
    5         5.3693
    4         4.2380
    3         3.0931
    2         1.9496
    1          .7801

 STRESS STATE IN: COLUMNS
 ELEM.   P/Pu   V/Vu   M/Mu   phy/phyu
    1   .0270   .0015   .0318   .0074
    2   .0270   .0014   .0629   .0210
    3   .0270   .0022   .0441   .0006
    4   .0089   .0014   .0140   .0003
    5   .0089   .0008   .0143   .0003
    6   .0089   .0000   .0009   .0000
    7   .0696   .0036   .0604   .0054
    8   .0696   .0013   .0623   .0147
    9   .0696   .0034   .0292   .0005
   10   .0245   .0014   .0273   .0004
   11   .0245   .0012   .0234   .0003
   12   .0245   .0001   .0026   .0000
   13   .0696   .0036   .0604   .0054
   14   .0696   .0013   .0623   .0147
   15   .0696   .0034   .0292   .0005
   16   .0245   .0014   .0273   .0004
   17   .0245   .0012   .0234   .0003
   18   .0245   .0001   .0026   .0000
   19   .0270   .0015   .0318   .0074
   20   .0270   .0014   .0629   .0210
   21   .0270   .0022   .0441   .0006
   22   .0089   .0014   .0140   .0003
   23   .0089   .0008   .0143   .0003
   24   .0089   .0000   .0009   .0000
   25   .0296   .0060   .0583   .0203
   26   .0296   .0042   .0415   .0060
   27   .0296   .0003   .0021   .0000
   28   .0174   .0007   .0052   .0001
   29   .0174   .0005   .0053   .0001
   30   .0174   .0000   .0002   .0000
   31   .1543   .0090   .1187   .0079
   32   .1543   .0069   .1223   .0101
   33   .1543   .0029   .0226   .0004
   34   .0541   .0009   .0097   .0001
   35   .0541   .0010   .0145   .0002
   36   .0541   .0001   .0011   .0000
   37   .1543   .0090   .1187   .0079
   38   .1543   .0069   .1223   .0101
   39   .1543   .0029   .0226   .0004
   40   .0541   .0009   .0097   .0001
   41   .0541   .0010   .0145   .0002
   42   .0541   .0001   .0011   .0000
   43   .1543   .0090   .1187   .0079
   44   .1543   .0069   .1223   .0101
   45   .1543   .0029   .0226   .0004
   46   .0541   .0009   .0097   .0001
   47   .0541   .0010   .0145   .0002
   48   .0541   .0001   .0011   .0000
   49   .1543   .0090   .1187   .0079
   50   .1543   .0069   .1223   .0101
   51   .1543   .0029   .0226   .0004
   52   .0541   .0009   .0097   .0001
   53   .0541   .0010   .0145   .0002
   54   .0541   .0001   .0011   .0000
   55   .0296   .0060   .0583   .0203
   56   .0296   .0042   .0415   .0060
   57   .0296   .0003   .0021   .0000
   58   .0174   .0007   .0052   .0001
   59   .0174   .0005   .0053   .0001
   60   .0174   .0000   .0002   .0000
   61   .0696   .0036   .0604   .0054
   62   .0696   .0013   .0623   .0147
   63   .0696   .0034   .0292   .0005
   64   .0245   .0014   .0273   .0004
   65   .0245   .0012   .0234   .0003
   66   .0245   .0001   .0026   .0000
   67   .1543   .0090   .1187   .0079
   68   .1543   .0069   .1223   .0101
   69   .1543   .0029   .0226   .0004
   70   .0541   .0009   .0097   .0001
   71   .0541   .0010   .0145   .0002
   72   .0541   .0001   .0011   .0000
   73   .1444   .0081   .1192   .0130
   74   .1444   .0065   .1247   .0135
   75   .1444   .0022   .0199   .0004
   76   .0490   .0013   .0116   .0002
   77   .0490   .0008   .0118   .0002
   78   .0490   .0000   .0006   .0000
   79   .1444   .0081   .1192   .0130
   80   .1444   .0065   .1247   .0135
   81   .1444   .0022   .0199   .0004
   82   .0490   .0013   .0116   .0002
   83   .0490   .0008   .0118   .0002
   84   .0490   .0000   .0006   .0000
   85   .1543   .0090   .1187   .0079
   86   .1543   .0069   .1223   .0101
   87   .1543   .0029   .0226   .0004
   88   .0541   .0009   .0097   .0001
   89   .0541   .0010   .0145   .0002
   90   .0541   .0001   .0011   .0000
   91   .0696   .0036   .0604   .0054
   92   .0696   .0013   .0623   .0147
   93   .0696   .0034   .0292   .0005
   94   .0245   .0014   .0273   .0004
   95   .0245   .0012   .0234   .0003
   96   .0245   .0001   .0026   .0000

 STRESS STATE IN: WALLS  
 ELEM.   P/Pu   V/Vu   M/Mu   phy/phyu
    1   .0066   .0520   .0420   .0742
    2   .0066   .1339   .0403   .0206
    3   .0066   .0609   .0376   .0005
    4   .0063   .0373   .0200   .0003
    5   .0063   .0289   .0202   .0003
    6   .0063   .0074   .0041   .0001
    7   .0066   .0520   .0420   .0742
    8   .0066   .1339   .0403   .0206
    9   .0066   .0609   .0376   .0005
   10   .0063   .0373   .0200   .0003
   11   .0063   .0289   .0202   .0003
   12   .0063   .0074   .0041   .0001
