

  DEFORMATION AND STRESS STATE AT IMPORTANT ANALYSIS STAGES





 ===========================================================================

 AT TIME   3.1010
 FIRST WALL    CRACKS AT V/W:   -.1181  , UTOP/H:   -.0032



 ===========================================================================

 AT TIME   3.6830
 FIRST WALL    YIELDS AT V/W:    .2863  , UTOP/H:    .0056



 ===========================================================================

 AT TIME   3.6985
 FIRST COLUMN  CRACKS AT V/W:    .3115  , UTOP/H:    .0062



 ===========================================================================

 AT TIME   8.7990
 FIRST COLUMN  YIELDS AT V/W:    .1518  , UTOP/H:    .0190



 ===========================================================================

 AT TIME  10.0000




 ******************************** MODAL ANALYSIS *******************************


 MODE       FREQUENCY(Hz)    PERIOD(SEC)  MODAL PARTICIPATION  MODAL WEIGHT     RELATIVE MODAL
                                               FACTOR         (WEIGHT UNITS)      WEIGHT (%)


   1              .71560           1.39744           4.8310            9013.486           64.419
   2             4.21124            .23746           2.9634            3391.401           24.238
   3            11.12125            .08992           1.5189             891.025            6.368
   4            19.71793            .05072           -.9598             355.743            2.542
   5            28.78070            .03475           -.8999             312.751            2.235
   6            34.55884            .02894            .2667              27.463             .196
  TOTAL WEIGHT................................................. 13991.868



 ********************* EIGEN VECTORS (MAXIMUM NORMALIZED) *********************



 STORY        1        2        3        4        5        6
    6       1.000    -.886     .734     .555    -.226    -.263
    5        .761    -.038    -.490    -.843     .531     .744
    4        .528     .648    -.800    -.134    -.440   -1.000
    3        .311    1.000     .005    1.000    -.112     .772
    2        .137     .818    1.000    -.321     .701    -.534
    1        .040     .329     .651    -.824   -1.000     .408



 ********************** EIGEN VECTORS (MASS NORMALIZED) ***********************



 STORY        1        2        3        4        5        6
    6        .298    -.210     .178     .134    -.064    -.065
    5        .227    -.009    -.118    -.203     .150     .184
    4        .158     .154    -.193    -.032    -.124    -.247
    3        .093     .237     .001     .241    -.032     .190
    2        .041     .194     .242    -.077     .198    -.132
    1        .012     .078     .157    -.199    -.282     .101



 ***************** END OF MODAL ANALYSIS *****************






 ===========================================================================

 AT TIME  20.0005




 ******************************** MODAL ANALYSIS *******************************


 MODE       FREQUENCY(Hz)    PERIOD(SEC)  MODAL PARTICIPATION  MODAL WEIGHT     RELATIVE MODAL
                                               FACTOR         (WEIGHT UNITS)      WEIGHT (%)


   1              .46105           2.16898           5.2605           10687.441           76.383
   2             3.73261            .26791           2.4866            2387.850           17.066
   3            10.78187            .09275           1.2554             608.687            4.350
   4            20.15628            .04961            .7445             214.072            1.530
   5            30.03602            .03329            .4420              75.436             .539
   6            37.95938            .02634            .2182              18.381             .131
  TOTAL WEIGHT................................................. 13991.868



 ********************* EIGEN VECTORS (MAXIMUM NORMALIZED) *********************



 STORY        1        2        3        4        5        6
    6       1.000   -1.000     .896    -.580     .408    -.170
    5        .811    -.177    -.578     .917   -1.000     .523
    4        .624     .501   -1.000     .130     .952    -.881
    3        .443     .864    -.130    -.996     .023    1.000
    2        .275     .836     .937    -.019    -.952    -.888
    1        .124     .485     .973    1.000     .982     .537



 ********************** EIGEN VECTORS (MASS NORMALIZED) ***********************



 STORY        1        2        3        4        5        6
    6        .273    -.239     .183    -.132     .083    -.039
    5        .221    -.042    -.118     .208    -.203     .118
    4        .170     .120    -.205     .029     .193    -.199
    3        .121     .207    -.027    -.226     .005     .226
    2        .075     .200     .192    -.004    -.193    -.201
    1        .034     .116     .199     .227     .199     .121



 ***************** END OF MODAL ANALYSIS *****************






 ===========================================================================

 STATE AT END OF PUSH-OVER, V/W:    .0526  , UTOP/H:   -.0014
 STORY   DISPLACEMENT
    6        -1.3322
    5        -1.0692
    4         -.8091
    3         -.5576
    2         -.3328
    1         -.1357

 STRESS STATE IN: COLUMNS
 ELEM.   P/Pu   V/Vu   M/Mu   phy/phyu
    1   .0270   .0037   .0807   .0010
    2   .0270   .0028   .0754   .0010
    3   .0270   .0013   .0311   .0004
    4   .0089   .0013   .0247   .0004
    5   .0089   .0001   .0024   .0000
    6   .0089   .0001   .0024   .0000
    7   .0696   .0042   .0712   .0007
    8   .0696   .0036   .0699   .0007
    9   .0696   .0007   .0208   .0002
   10   .0245   .0017   .0338   .0005
   11   .0245   .0001   .0028   .0000
   12   .0245   .0001   .0028   .0000
   13   .0696   .0042   .0712   .0007
   14   .0696   .0036   .0699   .0007
   15   .0696   .0007   .0208   .0002
   16   .0245   .0017   .0338   .0005
   17   .0245   .0001   .0028   .0000
   18   .0245   .0001   .0028   .0000
   19   .0270   .0037   .0807   .0010
   20   .0270   .0028   .0754   .0010
   21   .0270   .0013   .0311   .0004
   22   .0089   .0013   .0247   .0004
   23   .0089   .0001   .0024   .0000
   24   .0089   .0001   .0024   .0000
   25   .0296   .0025   .0964   .0058
   26   .0296   .0084   .0719   .0014
   27   .0296   .0026   .0137   .0003
   28   .0174   .0014   .0132   .0003
   29   .0174   .0002   .0012   .0000
   30   .0174   .0001   .0012   .0000
   31   .1543   .0039   .0511   .0005
   32   .1543   .0024   .0507   .0005
   33   .1543   .0004   .0182   .0002
   34   .0541   .0014   .0215   .0003
   35   .0541   .0001   .0021   .0000
   36   .0541   .0001   .0021   .0000
   37   .1543   .0039   .0511   .0005
   38   .1543   .0024   .0507   .0005
   39   .1543   .0004   .0182   .0002
   40   .0541   .0014   .0215   .0003
   41   .0541   .0001   .0021   .0000
   42   .0541   .0001   .0021   .0000
   43   .1543   .0039   .0511   .0005
   44   .1543   .0024   .0507   .0005
   45   .1543   .0004   .0182   .0002
   46   .0541   .0014   .0215   .0003
   47   .0541   .0001   .0021   .0000
   48   .0541   .0001   .0021   .0000
   49   .1543   .0039   .0511   .0005
   50   .1543   .0024   .0507   .0005
   51   .1543   .0004   .0182   .0002
   52   .0541   .0014   .0215   .0003
   53   .0541   .0001   .0021   .0000
   54   .0541   .0001   .0021   .0000
   55   .0296   .0025   .0964   .0058
   56   .0296   .0084   .0719   .0014
   57   .0296   .0026   .0137   .0003
   58   .0174   .0014   .0132   .0003
   59   .0174   .0002   .0012   .0000
   60   .0174   .0001   .0012   .0000
   61   .0696   .0042   .0712   .0007
   62   .0696   .0036   .0699   .0007
   63   .0696   .0007   .0208   .0002
   64   .0245   .0017   .0338   .0005
   65   .0245   .0001   .0028   .0000
   66   .0245   .0001   .0028   .0000
   67   .1543   .0039   .0511   .0005
   68   .1543   .0024   .0507   .0005
   69   .1543   .0004   .0182   .0002
   70   .0541   .0014   .0215   .0003
   71   .0541   .0001   .0021   .0000
   72   .0541   .0001   .0021   .0000
   73   .1444   .0039   .0582   .0008
   74   .1444   .0027   .0571   .0008
   75   .1444   .0004   .0208   .0003
   76   .0490   .0012   .0189   .0003
   77   .0490   .0001   .0019   .0000
   78   .0490   .0001   .0019   .0000
   79   .1444   .0039   .0582   .0008
   80   .1444   .0027   .0571   .0008
   81   .1444   .0004   .0208   .0003
   82   .0490   .0012   .0189   .0003
   83   .0490   .0001   .0019   .0000
   84   .0490   .0001   .0019   .0000
   85   .1543   .0039   .0511   .0005
   86   .1543   .0024   .0507   .0005
   87   .1543   .0004   .0182   .0002
   88   .0541   .0014   .0215   .0003
   89   .0541   .0001   .0021   .0000
   90   .0541   .0001   .0021   .0000
   91   .0696   .0042   .0712   .0007
   92   .0696   .0036   .0699   .0007
   93   .0696   .0007   .0208   .0002
   94   .0245   .0017   .0338   .0005
   95   .0245   .0001   .0028   .0000
   96   .0245   .0001   .0028   .0000

 STRESS STATE IN: WALLS  
 ELEM.   P/Pu   V/Vu   M/Mu   phy/phyu
    1   .0066   .0675   .1501   .0108
    2   .0066   .1788   .1491   .0020
    3   .0066   .0031   .0435   .0006
    4   .0063   .0464   .0356   .0005
    5   .0063   .0121   .0100   .0002
    6   .0063   .0057   .0032   .0000
    7   .0066   .0675   .1501   .0108
    8   .0066   .1788   .1491   .0020
    9   .0066   .0031   .0435   .0006
   10   .0063   .0464   .0356   .0005
   11   .0063   .0121   .0100   .0002
   12   .0063   .0057   .0032   .0000
