

  DEFORMATION AND STRESS STATE AT IMPORTANT ANALYSIS STAGES





 ===========================================================================

 AT TIME   3.7615
 FIRST WALL    CRACKS AT V/W:    .3566  , UTOP/H:   -.0004



 ===========================================================================

 AT TIME   4.0095
 FIRST COLUMN  CRACKS AT V/W:    .1819  , UTOP/H:    .0056



 ===========================================================================

 AT TIME   4.8150
 FIRST WALL    YIELDS AT V/W:   -.1905  , UTOP/H:   -.0072



 ===========================================================================

 AT TIME   8.9720
 FIRST COLUMN  YIELDS AT V/W:    .1495  , UTOP/H:    .0179



 ===========================================================================

 AT TIME  10.0000




 ******************************** MODAL ANALYSIS *******************************


 MODE       FREQUENCY(Hz)    PERIOD(SEC)  MODAL PARTICIPATION  MODAL WEIGHT     RELATIVE MODAL
                                               FACTOR         (WEIGHT UNITS)      WEIGHT (%)


   1              .26807           3.73043           5.3570           11083.011           79.210
   2             3.52327            .28383           2.3378            2110.636           15.085
   3            10.56332            .09467           1.1721             530.564            3.792
   4            19.98152            .05005            .6952             186.639            1.334
   5            29.91712            .03343            .4114              65.353             .467
   6            37.91014            .02638            .2014              15.665             .112
  TOTAL WEIGHT................................................. 13991.868



 ********************* EIGEN VECTORS (MAXIMUM NORMALIZED) *********************



 STORY        1        2        3        4        5        6
    6       1.000   -1.000     .895    -.588     .409    -.172
    5        .826    -.213    -.558     .919   -1.000     .527
    4        .652     .446   -1.000     .150     .940    -.885
    3        .481     .817    -.176   -1.000     .046    1.000
    2        .313     .822     .886    -.060    -.966    -.881
    1        .152     .501     .973     .996     .958     .519



 ********************** EIGEN VECTORS (MASS NORMALIZED) ***********************



 STORY        1        2        3        4        5        6
    6        .265    -.245     .186    -.133     .084    -.039
    5        .219    -.052    -.116     .208    -.204     .120
    4        .173     .109    -.207     .034     .192    -.201
    3        .127     .200    -.036    -.226     .009     .227
    2        .083     .201     .184    -.014    -.197    -.200
    1        .040     .123     .202     .225     .196     .118



 ***************** END OF MODAL ANALYSIS *****************






 ===========================================================================

 AT TIME  20.0005




 ******************************** MODAL ANALYSIS *******************************


 MODE       FREQUENCY(Hz)    PERIOD(SEC)  MODAL PARTICIPATION  MODAL WEIGHT     RELATIVE MODAL
                                               FACTOR         (WEIGHT UNITS)      WEIGHT (%)


   1              .46222           2.16349           5.2598           10684.379           76.361
   2             3.73422            .26779           2.4877            2390.037           17.082
   3            10.78303            .09274           1.2561             609.371            4.355
   4            20.15609            .04961            .7448             214.255            1.531
   5            30.03491            .03329            .4420              75.454             .539
   6            37.95862            .02634            .2181              18.372             .131
  TOTAL WEIGHT................................................. 13991.868



 ********************* EIGEN VECTORS (MAXIMUM NORMALIZED) *********************



 STORY        1        2        3        4        5        6
    6       1.000   -1.000     .896    -.580     .408    -.170
    5        .811    -.177    -.578     .916   -1.000     .524
    4        .623     .502   -1.000     .130     .952    -.881
    3        .443     .865    -.129    -.995     .023    1.000
    2        .274     .837     .938    -.019    -.952    -.888
    1        .124     .485     .973    1.000     .982     .537



 ********************** EIGEN VECTORS (MASS NORMALIZED) ***********************



 STORY        1        2        3        4        5        6
    6        .273    -.239     .183    -.132     .083    -.039
    5        .221    -.042    -.118     .208    -.203     .118
    4        .170     .120    -.205     .029     .193    -.199
    3        .121     .207    -.026    -.226     .005     .226
    2        .075     .200     .192    -.004    -.193    -.201
    1        .034     .116     .199     .227     .199     .121



 ***************** END OF MODAL ANALYSIS *****************






 ===========================================================================

 STATE AT END OF PUSH-OVER, V/W:    .0422  , UTOP/H:    .0037
 STORY   DISPLACEMENT
    6         3.4663
    5         2.9045
    4         2.3416
    3         1.7747
    2         1.1959
    1          .5951

 STRESS STATE IN: COLUMNS
 ELEM.   P/Pu   V/Vu   M/Mu   phy/phyu
    1   .0270   .0011   .0244   .0009
    2   .0270   .0005   .0348   .0007
    3   .0270   .0011   .0313   .0002
    4   .0089   .0001   .0039   .0001
    5   .0089   .0001   .0021   .0000
    6   .0089   .0000   .0004   .0000
    7   .0696   .0024   .0397   .0008
    8   .0696   .0013   .0448   .0005
    9   .0696   .0015   .0295   .0003
   10   .0245   .0001   .0056   .0001
   11   .0245   .0001   .0025   .0000
   12   .0245   .0000   .0005   .0000
   13   .0696   .0024   .0397   .0008
   14   .0696   .0013   .0448   .0005
   15   .0696   .0015   .0295   .0003
   16   .0245   .0001   .0056   .0001
   17   .0245   .0001   .0025   .0000
   18   .0245   .0000   .0005   .0000
   19   .0270   .0011   .0244   .0009
   20   .0270   .0005   .0348   .0007
   21   .0270   .0011   .0313   .0002
   22   .0089   .0001   .0039   .0001
   23   .0089   .0001   .0021   .0000
   24   .0089   .0000   .0004   .0000
   25   .0296   .0172   .1432   .0126
   26   .0296   .0039   .0359   .0007
   27   .0296   .0009   .0049   .0001
   28   .0174   .0005   .0052   .0001
   29   .0174   .0001   .0004   .0000
   30   .0174   .0000   .0004   .0000
   31   .1543   .0044   .0575   .0008
   32   .1543   .0047   .0598   .0007
   33   .1543   .0000   .0080   .0001
   34   .0541   .0005   .0082   .0001
   35   .0541   .0000   .0008   .0000
   36   .0541   .0000   .0007   .0000
   37   .1543   .0044   .0575   .0008
   38   .1543   .0047   .0598   .0007
   39   .1543   .0000   .0080   .0001
   40   .0541   .0005   .0082   .0001
   41   .0541   .0000   .0008   .0000
   42   .0541   .0000   .0007   .0000
   43   .1543   .0044   .0575   .0008
   44   .1543   .0047   .0598   .0007
   45   .1543   .0000   .0080   .0001
   46   .0541   .0005   .0082   .0001
   47   .0541   .0000   .0008   .0000
   48   .0541   .0000   .0007   .0000
   49   .1543   .0044   .0575   .0008
   50   .1543   .0047   .0598   .0007
   51   .1543   .0000   .0080   .0001
   52   .0541   .0005   .0082   .0001
   53   .0541   .0000   .0008   .0000
   54   .0541   .0000   .0007   .0000
   55   .0296   .0172   .1432   .0126
   56   .0296   .0039   .0359   .0007
   57   .0296   .0009   .0049   .0001
   58   .0174   .0005   .0052   .0001
   59   .0174   .0001   .0004   .0000
   60   .0174   .0000   .0004   .0000
   61   .0696   .0024   .0397   .0008
   62   .0696   .0013   .0448   .0005
   63   .0696   .0015   .0295   .0003
   64   .0245   .0001   .0056   .0001
   65   .0245   .0001   .0025   .0000
   66   .0245   .0000   .0005   .0000
   67   .1543   .0044   .0575   .0008
   68   .1543   .0047   .0598   .0007
   69   .1543   .0000   .0080   .0001
   70   .0541   .0005   .0082   .0001
   71   .0541   .0000   .0008   .0000
   72   .0541   .0000   .0007   .0000
   73   .1444   .0037   .0539   .0010
   74   .1444   .0038   .0570   .0009
   75   .1444   .0001   .0105   .0001
   76   .0490   .0004   .0068   .0001
   77   .0490   .0000   .0009   .0000
   78   .0490   .0000   .0006   .0000
   79   .1444   .0037   .0539   .0010
   80   .1444   .0038   .0570   .0009
   81   .1444   .0001   .0105   .0001
   82   .0490   .0004   .0068   .0001
   83   .0490   .0000   .0009   .0000
   84   .0490   .0000   .0006   .0000
   85   .1543   .0044   .0575   .0008
   86   .1543   .0047   .0598   .0007
   87   .1543   .0000   .0080   .0001
   88   .0541   .0005   .0082   .0001
   89   .0541   .0000   .0008   .0000
   90   .0541   .0000   .0007   .0000
   91   .0696   .0024   .0397   .0008
   92   .0696   .0013   .0448   .0005
   93   .0696   .0015   .0295   .0003
   94   .0245   .0001   .0056   .0001
   95   .0245   .0001   .0025   .0000
   96   .0245   .0000   .0005   .0000

 STRESS STATE IN: WALLS  
 ELEM.   P/Pu   V/Vu   M/Mu   phy/phyu
    1   .0066   .0226   .0385   .0578
    2   .0066   .0960   .0290   .0009
    3   .0066   .0230   .0285   .0004
    4   .0063   .0191   .0151   .0002
    5   .0063   .0059   .0046   .0001
    6   .0063   .0023   .0013   .0000
    7   .0066   .0226   .0385   .0578
    8   .0066   .0960   .0290   .0009
    9   .0066   .0230   .0285   .0004
   10   .0063   .0191   .0151   .0002
   11   .0063   .0059   .0046   .0001
   12   .0063   .0023   .0013   .0000
