

  DEFORMATION AND STRESS STATE AT IMPORTANT ANALYSIS STAGES





 ===========================================================================

 AT TIME   2.9925
 FIRST WALL    CRACKS AT V/W:   -.2269  , UTOP/H:   -.0016



 ===========================================================================

 AT TIME   3.1180
 FIRST COLUMN  CRACKS AT V/W:   -.2395  , UTOP/H:   -.0070



 ===========================================================================

 AT TIME   3.1200
 FIRST WALL    YIELDS AT V/W:   -.2492  , UTOP/H:   -.0071



 ===========================================================================

 AT TIME   3.7705
 FIRST COLUMN  YIELDS AT V/W:    .3275  , UTOP/H:    .0138



 ===========================================================================

 AT TIME  10.0000




 ******************************** MODAL ANALYSIS *******************************


 MODE       FREQUENCY(Hz)    PERIOD(SEC)  MODAL PARTICIPATION  MODAL WEIGHT     RELATIVE MODAL
                                               FACTOR         (WEIGHT UNITS)      WEIGHT (%)


   1              .50199           1.99208           4.6814            8463.612           60.490
   2             2.85288            .35052           3.5337            4822.430           34.466
   3             6.98731            .14312           1.1478             508.833            3.637
   4            14.73087            .06788           -.5911             134.956             .965
   5            19.01775            .05258           -.4002              61.857             .442
   6            29.23313            .03421            .0217                .182             .001
  TOTAL WEIGHT................................................. 13991.868



 ********************* EIGEN VECTORS (MAXIMUM NORMALIZED) *********************



 STORY        1        2        3        4        5        6
    6       1.000    -.727     .882     .533    -.379    -.442
    5        .752    -.050    -.285    -.577     .557    1.000
    4        .507     .564   -1.000    -.511     .135    -.969
    3        .274     .963    -.529     .854    -.783     .457
    2        .082    1.000     .981     .378    1.000    -.157
    1        .033     .621     .978   -1.000    -.845     .053



 ********************** EIGEN VECTORS (MASS NORMALIZED) ***********************



 STORY        1        2        3        4        5        6
    6        .304    -.166     .179     .130    -.091    -.116
    5        .229    -.011    -.058    -.141     .134     .264
    4        .154     .129    -.202    -.125     .032    -.255
    3        .083     .220    -.107     .208    -.188     .121
    2        .025     .228     .198     .092     .240    -.041
    1        .010     .142     .198    -.244    -.203     .014



 ***************** END OF MODAL ANALYSIS *****************






 ===========================================================================

 AT TIME  20.0005




 ******************************** MODAL ANALYSIS *******************************


 MODE       FREQUENCY(Hz)    PERIOD(SEC)  MODAL PARTICIPATION  MODAL WEIGHT     RELATIVE MODAL
                                               FACTOR         (WEIGHT UNITS)      WEIGHT (%)


   1              .79020           1.26550           4.9299            9386.218           67.083
   2             4.62864            .21605           2.7829            2990.981           21.377
   3            12.02889            .08313           1.6080             998.602            7.137
   4            21.19268            .04719           1.0413             418.794            2.993
   5            30.58174            .03270            .6420             159.193            1.138
   6            37.99417            .02632            .3140              38.080             .272
  TOTAL WEIGHT................................................. 13991.868



 ********************* EIGEN VECTORS (MAXIMUM NORMALIZED) *********************



 STORY        1        2        3        4        5        6
    6       1.000   -1.000     .761    -.529     .350    -.169
    5        .769    -.038    -.589     .887    -.873     .518
    4        .545     .702    -.831     .014     .879    -.874
    3        .340     .995     .126    -.943    -.075    1.000
    2        .169     .803    1.000     .218    -.764    -.910
    1        .051     .343     .763    1.000    1.000     .627



 ********************** EIGEN VECTORS (MASS NORMALIZED) ***********************



 STORY        1        2        3        4        5        6
    6        .293    -.228     .173    -.123     .078    -.037
    5        .226    -.009    -.134     .207    -.195     .115
    4        .160     .160    -.189     .003     .197    -.194
    3        .100     .227     .029    -.220    -.017     .222
    2        .050     .183     .227     .051    -.171    -.202
    1        .015     .078     .173     .233     .224     .139



 ***************** END OF MODAL ANALYSIS *****************






 ===========================================================================

 STATE AT END OF PUSH-OVER, V/W:    .0483  , UTOP/H:   -.0043
 STORY   DISPLACEMENT
    6        -4.0547
    5        -2.6510
    4        -1.2454
    3          .1555
    2          .8843
    1          .4725

 STRESS STATE IN: COLUMNS
 ELEM.   P/Pu   V/Vu   M/Mu   phy/phyu
    1   .0270   .0022   .0472   .0008
    2   .0270   .0151   .3548   .0165
    3   .0270   .0012   .5361   .0415
    4   .0089   .0237   .3465   .0066
    5   .0089   .0062   .0938   .0017
    6   .0089   .0013   .0238   .0004
    7   .0696   .0010   .0168   .0002
    8   .0696   .0201   .3123   .0160
    9   .0696   .0073   .4881   .0253
   10   .0245   .0274   .4621   .0147
   11   .0245   .0067   .1187   .0017
   12   .0245   .0014   .0302   .0004
   13   .0696   .0010   .0168   .0002
   14   .0696   .0201   .3123   .0160
   15   .0696   .0073   .4881   .0253
   16   .0245   .0274   .4621   .0147
   17   .0245   .0067   .1187   .0017
   18   .0245   .0014   .0302   .0004
   19   .0270   .0022   .0472   .0008
   20   .0270   .0151   .3548   .0165
   21   .0270   .0012   .5361   .0415
   22   .0089   .0237   .3465   .0066
   23   .0089   .0062   .0938   .0017
   24   .0089   .0013   .0238   .0004
   25   .0296   .0167   .1674   .0146
   26   .0296   .0034   .1531   .0082
   27   .0296   .0069   .2013   .0093
   28   .0174   .0249   .2009   .0038
   29   .0174   .0069   .0564   .0011
   30   .0174   .0014   .0146   .0003
   31   .1543   .0031   .0402   .0023
   32   .1543   .0278   .4114   .0130
   33   .1543   .0055   .4390   .0170
   34   .0541   .0343   .3995   .0101
   35   .0541   .0086   .1043   .0014
   36   .0541   .0017   .0267   .0004
   37   .1543   .0031   .0402   .0023
   38   .1543   .0278   .4114   .0130
   39   .1543   .0055   .4390   .0170
   40   .0541   .0343   .3995   .0101
   41   .0541   .0086   .1043   .0014
   42   .0541   .0017   .0267   .0004
   43   .1543   .0031   .0402   .0023
   44   .1543   .0278   .4114   .0130
   45   .1543   .0055   .4390   .0170
   46   .0541   .0343   .3995   .0101
   47   .0541   .0086   .1043   .0014
   48   .0541   .0017   .0267   .0004
   49   .1543   .0031   .0402   .0023
   50   .1543   .0278   .4114   .0130
   51   .1543   .0055   .4390   .0170
   52   .0541   .0343   .3995   .0101
   53   .0541   .0086   .1043   .0014
   54   .0541   .0017   .0267   .0004
   55   .0296   .0167   .1674   .0146
   56   .0296   .0034   .1531   .0082
   57   .0296   .0069   .2013   .0093
   58   .0174   .0249   .2009   .0038
   59   .0174   .0069   .0564   .0011
   60   .0174   .0014   .0146   .0003
   61   .0696   .0010   .0168   .0002
   62   .0696   .0201   .3123   .0160
   63   .0696   .0073   .4881   .0253
   64   .0245   .0274   .4621   .0147
   65   .0245   .0067   .1187   .0017
   66   .0245   .0014   .0302   .0004
   67   .1543   .0031   .0402   .0023
   68   .1543   .0278   .4114   .0130
   69   .1543   .0055   .4390   .0170
   70   .0541   .0343   .3995   .0101
   71   .0541   .0086   .1043   .0014
   72   .0541   .0017   .0267   .0004
   73   .1444   .0080   .1174   .0017
   74   .1444   .0205   .3761   .0103
   75   .1444   .0084   .5632   .0343
   76   .0490   .0309   .3587   .0070
   77   .0490   .0078   .0940   .0013
   78   .0490   .0016   .0241   .0003
   79   .1444   .0080   .1174   .0017
   80   .1444   .0205   .3761   .0103
   81   .1444   .0084   .5632   .0343
   82   .0490   .0309   .3587   .0070
   83   .0490   .0078   .0940   .0013
   84   .0490   .0016   .0241   .0003
   85   .1543   .0031   .0402   .0023
   86   .1543   .0278   .4114   .0130
   87   .1543   .0055   .4390   .0170
   88   .0541   .0343   .3995   .0101
   89   .0541   .0086   .1043   .0014
   90   .0541   .0017   .0267   .0004
   91   .0696   .0010   .0168   .0002
   92   .0696   .0201   .3123   .0160
   93   .0696   .0073   .4881   .0253
   94   .0245   .0274   .4621   .0147
   95   .0245   .0067   .1187   .0017
   96   .0245   .0014   .0302   .0004

 STRESS STATE IN: WALLS  
 ELEM.   P/Pu   V/Vu   M/Mu   phy/phyu
    1   .0066   .0395   .0278   .0340
    2   .0066   .2159   .1425   .0570
    3   .0066   .2739   .1430   .0584
    4   .0063   .6443   .4389   .0660
    5   .0063   .1409   .0752   .0012
    6   .0063   .0049   .0028   .0000
    7   .0066   .0395   .0278   .0340
    8   .0066   .2159   .1425   .0570
    9   .0066   .2739   .1430   .0584
   10   .0063   .6443   .4389   .0660
   11   .0063   .1409   .0752   .0012
   12   .0063   .0049   .0028   .0000
