

  DEFORMATION AND STRESS STATE AT IMPORTANT ANALYSIS STAGES





 ===========================================================================

 AT TIME   3.6570
 FIRST WALL    CRACKS AT V/W:    .1083  , UTOP/H:    .0030



 ===========================================================================

 AT TIME   5.3325
 FIRST COLUMN  CRACKS AT V/W:    .1700  , UTOP/H:    .0061



 ===========================================================================

 AT TIME   8.7220
 FIRST WALL    YIELDS AT V/W:    .1785  , UTOP/H:    .0077



 ===========================================================================

 AT TIME  10.0000




 ******************************** MODAL ANALYSIS *******************************


 MODE       FREQUENCY(Hz)    PERIOD(SEC)  MODAL PARTICIPATION  MODAL WEIGHT     RELATIVE MODAL
                                               FACTOR         (WEIGHT UNITS)      WEIGHT (%)


   1              .38249           2.61447           5.2602           10685.900           76.372
   2             3.55919            .28096           2.5600            2530.957           18.089
   3             9.60678            .10409          -1.2805             633.227            4.526
   4            17.95309            .05570           -.5547             118.839             .849
   5            28.18286            .03548            .2266              19.833             .142
   6            37.25301            .02684            .0898               3.111             .022
  TOTAL WEIGHT................................................. 13991.868



 ********************* EIGEN VECTORS (MAXIMUM NORMALIZED) *********************



 STORY        1        2        3        4        5        6
    6       1.000   -1.000    -.724     .625     .425    -.193
    5        .814    -.195     .370    -.859    -.976     .584
    4        .629     .477     .786    -.370     .747    -.947
    3        .450     .860     .263     .882     .353    1.000
    2        .278     .880    -.622     .408   -1.000    -.748
    1        .119     .584   -1.000   -1.000     .678     .328



 ********************** EIGEN VECTORS (MASS NORMALIZED) ***********************



 STORY        1        2        3        4        5        6
    6        .272    -.233    -.179     .141     .095    -.045
    5        .221    -.045     .091    -.194    -.218     .137
    4        .171     .111     .194    -.084     .167    -.222
    3        .122     .200     .065     .199     .079     .235
    2        .075     .205    -.153     .092    -.223    -.175
    1        .032     .136    -.246    -.226     .151     .077



 ***************** END OF MODAL ANALYSIS *****************






 ===========================================================================

 AT TIME  20.0005




 ******************************** MODAL ANALYSIS *******************************


 MODE       FREQUENCY(Hz)    PERIOD(SEC)  MODAL PARTICIPATION  MODAL WEIGHT     RELATIVE MODAL
                                               FACTOR         (WEIGHT UNITS)      WEIGHT (%)


   1              .54735           1.82697           5.1977           10433.663           74.569
   2             3.87822            .25785           2.5713            2553.444           18.249
   3            10.93770            .09143           1.3146             667.381            4.770
   4            20.26663            .04934            .7802             235.096            1.680
   5            30.09097            .03323            .4618              82.375             .589
   6            37.97309            .02633            .2270              19.908             .142
  TOTAL WEIGHT................................................. 13991.868



 ********************* EIGEN VECTORS (MAXIMUM NORMALIZED) *********************



 STORY        1        2        3        4        5        6
    6       1.000   -1.000     .897    -.572     .407    -.170
    5        .802    -.153    -.593     .910   -1.000     .522
    4        .607     .538   -1.000     .117     .957    -.880
    3        .421     .893    -.096    -.987     .013    1.000
    2        .252     .842     .973     .007    -.945    -.890
    1        .108     .471     .974    1.000     .998     .545



 ********************** EIGEN VECTORS (MASS NORMALIZED) ***********************



 STORY        1        2        3        4        5        6
    6        .277    -.236     .182    -.131     .082    -.038
    5        .222    -.036    -.120     .208    -.202     .118
    4        .168     .127    -.202     .027     .194    -.199
    3        .117     .211    -.019    -.225     .003     .226
    2        .070     .199     .197     .002    -.191    -.201
    1        .030     .111     .197     .228     .202     .123



 ***************** END OF MODAL ANALYSIS *****************






 ===========================================================================

 STATE AT END OF PUSH-OVER, V/W:   -.0175  , UTOP/H:   -.0013
 STORY   DISPLACEMENT
    6        -1.1738
    5         -.9357
    4         -.6995
    3         -.4676
    2         -.2478
    1         -.0814

 STRESS STATE IN: COLUMNS
 ELEM.   P/Pu   V/Vu   M/Mu   phy/phyu
    1   .0270   .0006   .0123   .0025
    2   .0270   .0003   .0212   .0028
    3   .0270   .0012   .0324   .0014
    4   .0089   .0001   .0035   .0001
    5   .0089   .0001   .0024   .0000
    6   .0089   .0000   .0009   .0000
    7   .0696   .0001   .0013   .0016
    8   .0696   .0027   .0449   .0019
    9   .0696   .0033   .0543   .0008
   10   .0245   .0004   .0050   .0001
   11   .0245   .0002   .0051   .0001
   12   .0245   .0000   .0005   .0000
   13   .0696   .0001   .0013   .0016
   14   .0696   .0027   .0449   .0019
   15   .0696   .0033   .0543   .0008
   16   .0245   .0004   .0050   .0001
   17   .0245   .0002   .0051   .0001
   18   .0245   .0000   .0005   .0000
   19   .0270   .0006   .0123   .0025
   20   .0270   .0003   .0212   .0028
   21   .0270   .0012   .0324   .0014
   22   .0089   .0001   .0035   .0001
   23   .0089   .0001   .0024   .0000
   24   .0089   .0000   .0009   .0000
   25   .0296   .0006   .0235   .0011
   26   .0296   .0005   .0178   .0004
   27   .0296   .0012   .0123   .0002
   28   .0174   .0001   .0014   .0000
   29   .0174   .0001   .0014   .0000
   30   .0174   .0000   .0003   .0000
   31   .1543   .0002   .0028   .0012
   32   .1543   .0033   .0458   .0014
   33   .1543   .0037   .0459   .0005
   34   .0541   .0004   .0040   .0001
   35   .0541   .0002   .0041   .0001
   36   .0541   .0000   .0004   .0000
   37   .1543   .0002   .0028   .0012
   38   .1543   .0033   .0458   .0014
   39   .1543   .0037   .0459   .0005
   40   .0541   .0004   .0040   .0001
   41   .0541   .0002   .0041   .0001
   42   .0541   .0000   .0004   .0000
   43   .1543   .0002   .0028   .0012
   44   .1543   .0033   .0458   .0014
   45   .1543   .0037   .0459   .0005
   46   .0541   .0004   .0040   .0001
   47   .0541   .0002   .0041   .0001
   48   .0541   .0000   .0004   .0000
   49   .1543   .0002   .0028   .0012
   50   .1543   .0033   .0458   .0014
   51   .1543   .0037   .0459   .0005
   52   .0541   .0004   .0040   .0001
   53   .0541   .0002   .0041   .0001
   54   .0541   .0000   .0004   .0000
   55   .0296   .0006   .0235   .0011
   56   .0296   .0005   .0178   .0004
   57   .0296   .0012   .0123   .0002
   58   .0174   .0001   .0014   .0000
   59   .0174   .0001   .0014   .0000
   60   .0174   .0000   .0003   .0000
   61   .0696   .0001   .0013   .0016
   62   .0696   .0027   .0449   .0019
   63   .0696   .0033   .0543   .0008
   64   .0245   .0004   .0050   .0001
   65   .0245   .0002   .0051   .0001
   66   .0245   .0000   .0005   .0000
   67   .1543   .0002   .0028   .0012
   68   .1543   .0033   .0458   .0014
   69   .1543   .0037   .0459   .0005
   70   .0541   .0004   .0040   .0001
   71   .0541   .0002   .0041   .0001
   72   .0541   .0000   .0004   .0000
   73   .1444   .0006   .0082   .0017
   74   .1444   .0028   .0492   .0020
   75   .1444   .0036   .0500   .0007
   76   .0490   .0004   .0035   .0000
   77   .0490   .0002   .0036   .0001
   78   .0490   .0000   .0004   .0000
   79   .1444   .0006   .0082   .0017
   80   .1444   .0028   .0492   .0020
   81   .1444   .0036   .0500   .0007
   82   .0490   .0004   .0035   .0000
   83   .0490   .0002   .0036   .0001
   84   .0490   .0000   .0004   .0000
   85   .1543   .0002   .0028   .0012
   86   .1543   .0033   .0458   .0014
   87   .1543   .0037   .0459   .0005
   88   .0541   .0004   .0040   .0001
   89   .0541   .0002   .0041   .0001
   90   .0541   .0000   .0004   .0000
   91   .0696   .0001   .0013   .0016
   92   .0696   .0027   .0449   .0019
   93   .0696   .0033   .0543   .0008
   94   .0245   .0004   .0050   .0001
   95   .0245   .0002   .0051   .0001
   96   .0245   .0000   .0005   .0000

 STRESS STATE IN: WALLS  
 ELEM.   P/Pu   V/Vu   M/Mu   phy/phyu
    1   .0066   .0276   .0526   .0068
    2   .0066   .0368   .0364   .0034
    3   .0066   .0055   .0147   .0023
    4   .0063   .0148   .0131   .0004
    5   .0063   .0051   .0049   .0001
    6   .0063   .0038   .0021   .0000
    7   .0066   .0276   .0526   .0068
    8   .0066   .0368   .0364   .0034
    9   .0066   .0055   .0147   .0023
   10   .0063   .0148   .0131   .0004
   11   .0063   .0051   .0049   .0001
   12   .0063   .0038   .0021   .0000
