

  DEFORMATION AND STRESS STATE AT IMPORTANT ANALYSIS STAGES





 ===========================================================================

 AT TIME   3.1515
 FIRST WALL    CRACKS AT V/W:   -.1461  , UTOP/H:   -.0023



 ===========================================================================

 AT TIME   3.7165
 FIRST WALL    YIELDS AT V/W:    .3463  , UTOP/H:    .0046



 ===========================================================================

 AT TIME   3.7645
 FIRST COLUMN  CRACKS AT V/W:    .1986  , UTOP/H:    .0060



 ===========================================================================

 AT TIME   8.9740
 FIRST COLUMN  YIELDS AT V/W:   -.1893  , UTOP/H:    .0163



 ===========================================================================

 AT TIME  10.0000




 ******************************** MODAL ANALYSIS *******************************


 MODE       FREQUENCY(Hz)    PERIOD(SEC)  MODAL PARTICIPATION  MODAL WEIGHT     RELATIVE MODAL
                                               FACTOR         (WEIGHT UNITS)      WEIGHT (%)


   1              .78635           1.27170           4.9397            9423.368           67.349
   2             4.61104            .21687           2.7772            2978.772           21.289
   3            12.00701            .08328           1.6017             990.723            7.081
   4            21.18271            .04721           1.0296             409.383            2.926
   5            30.61749            .03266            .6285             152.573            1.090
   6            38.13345            .02622            .3097              37.050             .265
  TOTAL WEIGHT................................................. 13991.868



 ********************* EIGEN VECTORS (MAXIMUM NORMALIZED) *********************



 STORY        1        2        3        4        5        6
    6       1.000   -1.000     .766    -.530     .354    -.165
    5        .770    -.042    -.591     .888    -.885     .510
    4        .547     .697    -.837     .015     .893    -.866
    3        .343     .990     .120    -.942    -.080    1.000
    2        .172     .803    1.000     .206    -.772    -.914
    1        .052     .348     .775    1.000    1.000     .625



 ********************** EIGEN VECTORS (MASS NORMALIZED) ***********************



 STORY        1        2        3        4        5        6
    6        .293    -.229     .173    -.124     .078    -.037
    5        .226    -.009    -.133     .207    -.196     .113
    4        .160     .159    -.189     .004     .198    -.192
    3        .100     .226     .027    -.220    -.018     .222
    2        .050     .184     .226     .048    -.171    -.203
    1        .015     .080     .175     .233     .222     .139



 ***************** END OF MODAL ANALYSIS *****************






 ===========================================================================

 AT TIME  20.0005




 ******************************** MODAL ANALYSIS *******************************


 MODE       FREQUENCY(Hz)    PERIOD(SEC)  MODAL PARTICIPATION  MODAL WEIGHT     RELATIVE MODAL
                                               FACTOR         (WEIGHT UNITS)      WEIGHT (%)


   1              .78785           1.26927           4.9379            9416.557           67.300
   2             4.61721            .21658           2.7777            2979.838           21.297
   3            12.01927            .08320           1.6034             992.934            7.097
   4            21.19744            .04718           1.0321             411.365            2.940
   5            30.63020            .03265            .6309             153.730            1.099
   6            38.13927            .02622            .3114              37.444             .268
  TOTAL WEIGHT................................................. 13991.868



 ********************* EIGEN VECTORS (MAXIMUM NORMALIZED) *********************



 STORY        1        2        3        4        5        6
    6       1.000   -1.000     .765    -.530     .353    -.165
    5        .770    -.041    -.591     .889    -.883     .509
    4        .547     .698    -.836     .013     .893    -.865
    3        .343     .991     .122    -.942    -.082    1.000
    2        .172     .802    1.000     .210    -.769    -.915
    1        .052     .347     .773    1.000    1.000     .627



 ********************** EIGEN VECTORS (MASS NORMALIZED) ***********************



 STORY        1        2        3        4        5        6
    6        .293    -.229     .173    -.124     .078    -.037
    5        .226    -.009    -.134     .207    -.196     .113
    4        .160     .160    -.189     .003     .198    -.192
    3        .100     .227     .028    -.220    -.018     .222
    2        .050     .183     .226     .049    -.171    -.203
    1        .015     .079     .175     .233     .222     .139



 ***************** END OF MODAL ANALYSIS *****************






 ===========================================================================

 STATE AT END OF PUSH-OVER, V/W:   -.3209  , UTOP/H:   -.0171
 STORY   DISPLACEMENT
    6       -15.9865
    5       -13.2803
    4       -10.5800
    3        -7.8931
    2        -5.2274
    1        -2.6012

 STRESS STATE IN: COLUMNS
 ELEM.   P/Pu   V/Vu   M/Mu   phy/phyu
    1   .0270   .0009   .0193   .0002
    2   .0270   .0026   .0858   .0002
    3   .0270   .0040   .0884   .0001
    4   .0089   .0005   .0100   .0002
    5   .0089   .0004   .0100   .0002
    6   .0089   .0001   .0021   .0000
    7   .0696   .0002   .0039   .0000
    8   .0696   .0050   .0904   .0001
    9   .0696   .0055   .0884   .0000
   10   .0245   .0007   .0137   .0002
   11   .0245   .0005   .0138   .0002
   12   .0245   .0001   .0023   .0000
   13   .0696   .0002   .0039   .0000
   14   .0696   .0050   .0904   .0001
   15   .0696   .0055   .0884   .0000
   16   .0245   .0007   .0137   .0002
   17   .0245   .0005   .0138   .0002
   18   .0245   .0001   .0023   .0000
   19   .0270   .0009   .0193   .0002
   20   .0270   .0026   .0858   .0002
   21   .0270   .0040   .0884   .0001
   22   .0089   .0005   .0100   .0002
   23   .0089   .0004   .0100   .0002
   24   .0089   .0001   .0021   .0000
   25   .0296   .0536   .4445   .0579
   26   .0296   .0171   .1253   .0025
   27   .0296   .0056   .0487   .0010
   28   .0174   .0015   .0083   .0002
   29   .0174   .0006   .0068   .0001
   30   .0174   .0000   .0002   .0000
   31   .1543   .0061   .0805   .0002
   32   .1543   .0031   .0739   .0005
   33   .1543   .0015   .0285   .0003
   34   .0541   .0001   .0096   .0001
   35   .0541   .0003   .0073   .0001
   36   .0541   .0002   .0027   .0000
   37   .1543   .0061   .0805   .0002
   38   .1543   .0031   .0739   .0005
   39   .1543   .0015   .0285   .0003
   40   .0541   .0001   .0096   .0001
   41   .0541   .0003   .0073   .0001
   42   .0541   .0002   .0027   .0000
   43   .1543   .0061   .0805   .0002
   44   .1543   .0031   .0739   .0005
   45   .1543   .0015   .0285   .0003
   46   .0541   .0001   .0096   .0001
   47   .0541   .0003   .0073   .0001
   48   .0541   .0002   .0027   .0000
   49   .1543   .0061   .0805   .0002
   50   .1543   .0031   .0739   .0005
   51   .1543   .0015   .0285   .0003
   52   .0541   .0001   .0096   .0001
   53   .0541   .0003   .0073   .0001
   54   .0541   .0002   .0027   .0000
   55   .0296   .0536   .4445   .0579
   56   .0296   .0171   .1253   .0025
   57   .0296   .0056   .0487   .0010
   58   .0174   .0015   .0083   .0002
   59   .0174   .0006   .0068   .0001
   60   .0174   .0000   .0002   .0000
   61   .0696   .0002   .0039   .0000
   62   .0696   .0050   .0904   .0001
   63   .0696   .0055   .0884   .0000
   64   .0245   .0007   .0137   .0002
   65   .0245   .0005   .0138   .0002
   66   .0245   .0001   .0023   .0000
   67   .1543   .0061   .0805   .0002
   68   .1543   .0031   .0739   .0005
   69   .1543   .0015   .0285   .0003
   70   .0541   .0001   .0096   .0001
   71   .0541   .0003   .0073   .0001
   72   .0541   .0002   .0027   .0000
   73   .1444   .0049   .0722   .0002
   74   .1444   .0018   .0651   .0005
   75   .1444   .0017   .0339   .0003
   76   .0490   .0001   .0085   .0001
   77   .0490   .0003   .0067   .0001
   78   .0490   .0002   .0024   .0000
   79   .1444   .0049   .0722   .0002
   80   .1444   .0018   .0651   .0005
   81   .1444   .0017   .0339   .0003
   82   .0490   .0001   .0085   .0001
   83   .0490   .0003   .0067   .0001
   84   .0490   .0002   .0024   .0000
   85   .1543   .0061   .0805   .0002
   86   .1543   .0031   .0739   .0005
   87   .1543   .0015   .0285   .0003
   88   .0541   .0001   .0096   .0001
   89   .0541   .0003   .0073   .0001
   90   .0541   .0002   .0027   .0000
   91   .0696   .0002   .0039   .0000
   92   .0696   .0050   .0904   .0001
   93   .0696   .0055   .0884   .0000
   94   .0245   .0007   .0137   .0002
   95   .0245   .0005   .0138   .0002
   96   .0245   .0001   .0023   .0000

 STRESS STATE IN: WALLS  
 ELEM.   P/Pu   V/Vu   M/Mu   phy/phyu
    1   .0066   .4356   .3467   .2566
    2   .0066   .0631   .0882   .0012
    3   .0066   .0159   .0510   .0007
    4   .0063   .0470   .0413   .0002
    5   .0063   .0152   .0152   .0002
    6   .0063   .0120   .0067   .0001
    7   .0066   .4356   .3467   .2566
    8   .0066   .0631   .0882   .0012
    9   .0066   .0159   .0510   .0007
   10   .0063   .0470   .0413   .0002
   11   .0063   .0152   .0152   .0002
   12   .0063   .0120   .0067   .0001
