

  DEFORMATION AND STRESS STATE AT IMPORTANT ANALYSIS STAGES





 ===========================================================================

 AT TIME   3.3105
 FIRST WALL    CRACKS AT V/W:   -.0901  , UTOP/H:   -.0030



 ===========================================================================

 AT TIME   3.7760
 FIRST WALL    YIELDS AT V/W:    .5577  , UTOP/H:   -.0006



 ===========================================================================

 AT TIME   3.7915
 FIRST COLUMN  CRACKS AT V/W:    .6156  , UTOP/H:   -.0004



 ===========================================================================

 AT TIME   8.3540
 FIRST COLUMN  YIELDS AT V/W:   -.3424  , UTOP/H:   -.0138



 ===========================================================================

 AT TIME  10.0000




 ******************************** MODAL ANALYSIS *******************************


 MODE       FREQUENCY(Hz)    PERIOD(SEC)  MODAL PARTICIPATION  MODAL WEIGHT     RELATIVE MODAL
                                               FACTOR         (WEIGHT UNITS)      WEIGHT (%)


   1              .30430           3.28628           5.3434           11026.676           78.808
   2             3.54957            .28172           2.3614            2153.503           15.391
   3            10.58014            .09452           1.1833             540.720            3.865
   4            19.98152            .05005            .7003             189.399            1.354
   5            29.90093            .03344            .4132              65.924             .471
   6            37.89508            .02639            .2013              15.646             .112
  TOTAL WEIGHT................................................. 13991.868



 ********************* EIGEN VECTORS (MAXIMUM NORMALIZED) *********************



 STORY        1        2        3        4        5        6
    6       1.000   -1.000     .895    -.588     .410    -.172
    5        .823    -.208    -.559     .919   -1.000     .528
    4        .648     .453   -1.000     .150     .938    -.887
    3        .475     .824    -.172   -1.000     .049    1.000
    2        .307     .825     .892    -.059    -.967    -.879
    1        .148     .500     .975     .999     .959     .517



 ********************** EIGEN VECTORS (MASS NORMALIZED) ***********************



 STORY        1        2        3        4        5        6
    6        .266    -.244     .185    -.133     .084    -.039
    5        .219    -.051    -.116     .207    -.204     .120
    4        .172     .111    -.207     .034     .192    -.201
    3        .126     .201    -.036    -.226     .010     .227
    2        .082     .201     .185    -.013    -.197    -.199
    1        .039     .122     .202     .226     .196     .117



 ***************** END OF MODAL ANALYSIS *****************






 ===========================================================================

 AT TIME  20.0005




 ******************************** MODAL ANALYSIS *******************************


 MODE       FREQUENCY(Hz)    PERIOD(SEC)  MODAL PARTICIPATION  MODAL WEIGHT     RELATIVE MODAL
                                               FACTOR         (WEIGHT UNITS)      WEIGHT (%)


   1              .38224           2.61615           5.3077           10880.073           77.760
   2             3.62604            .27578           2.4187            2259.270           16.147
   3            10.65706            .09383           1.2135             568.706            4.065
   4            20.03844            .04990            .7170             198.514            1.419
   5            29.94093            .03340            .4224              68.906             .492
   6            37.91454            .02638            .2061              16.399             .117
  TOTAL WEIGHT................................................. 13991.868



 ********************* EIGEN VECTORS (MAXIMUM NORMALIZED) *********************



 STORY        1        2        3        4        5        6
    6       1.000   -1.000     .895    -.585     .409    -.172
    5        .818    -.195    -.566     .917   -1.000     .527
    4        .637     .474   -1.000     .143     .942    -.885
    3        .461     .842    -.156    -.997     .042    1.000
    2        .293     .831     .909    -.046    -.962    -.881
    1        .138     .495     .976    1.000     .966     .523



 ********************** EIGEN VECTORS (MASS NORMALIZED) ***********************



 STORY        1        2        3        4        5        6
    6        .269    -.242     .184    -.132     .083    -.039
    5        .220    -.047    -.117     .208    -.204     .119
    4        .171     .115    -.206     .032     .192    -.201
    3        .124     .203    -.032    -.226     .008     .227
    2        .079     .201     .187    -.010    -.196    -.200
    1        .037     .120     .201     .226     .197     .118



 ***************** END OF MODAL ANALYSIS *****************






 ===========================================================================

 STATE AT END OF PUSH-OVER, V/W:    .0122  , UTOP/H:    .0040
 STORY   DISPLACEMENT
    6         3.6989
    5         3.0256
    4         2.3550
    3         1.6879
    2         1.0232
    1          .3988

 STRESS STATE IN: COLUMNS
 ELEM.   P/Pu   V/Vu   M/Mu   phy/phyu
    1   .0270   .0284   .6220   .0317
    2   .0270   .0027   .5551   .0753
    3   .0270   .0114   .3407   .0066
    4   .0089   .0038   .0570   .0010
    5   .0089   .0010   .0131   .0002
    6   .0089   .0003   .0056   .0001
    7   .0696   .0108   .1802   .0041
    8   .0696   .0175   .1794   .0040
    9   .0696   .0068   .1007   .0015
   10   .0245   .0001   .0028   .0004
   11   .0245   .0001   .0026   .0000
   12   .0245   .0001   .0026   .0000
   13   .0696   .0108   .1802   .0041
   14   .0696   .0175   .1794   .0040
   15   .0696   .0068   .1007   .0015
   16   .0245   .0001   .0028   .0004
   17   .0245   .0001   .0026   .0000
   18   .0245   .0001   .0026   .0000
   19   .0270   .0284   .6220   .0317
   20   .0270   .0027   .5551   .0753
   21   .0270   .0114   .3407   .0066
   22   .0089   .0038   .0570   .0010
   23   .0089   .0010   .0131   .0002
   24   .0089   .0003   .0056   .0001
   25   .0296   .0128   .1363   .0073
   26   .0296   .0005   .0151   .0016
   27   .0296   .0011   .0088   .0002
   28   .0174   .0004   .0021   .0000
   29   .0174   .0001   .0017   .0000
   30   .0174   .0000   .0004   .0000
   31   .1543   .0120   .1581   .0038
   32   .1543   .0231   .1508   .0032
   33   .1543   .0125   .1404   .0014
   34   .0541   .0020   .0247   .0009
   35   .0541   .0006   .0059   .0001
   36   .0541   .0002   .0037   .0000
   37   .1543   .0120   .1581   .0038
   38   .1543   .0231   .1508   .0032
   39   .1543   .0125   .1404   .0014
   40   .0541   .0020   .0247   .0009
   41   .0541   .0006   .0059   .0001
   42   .0541   .0002   .0037   .0000
   43   .1543   .0120   .1581   .0038
   44   .1543   .0231   .1508   .0032
   45   .1543   .0125   .1404   .0014
   46   .0541   .0020   .0247   .0009
   47   .0541   .0006   .0059   .0001
   48   .0541   .0002   .0037   .0000
   49   .1543   .0120   .1581   .0038
   50   .1543   .0231   .1508   .0032
   51   .1543   .0125   .1404   .0014
   52   .0541   .0020   .0247   .0009
   53   .0541   .0006   .0059   .0001
   54   .0541   .0002   .0037   .0000
   55   .0296   .0128   .1363   .0073
   56   .0296   .0005   .0151   .0016
   57   .0296   .0011   .0088   .0002
   58   .0174   .0004   .0021   .0000
   59   .0174   .0001   .0017   .0000
   60   .0174   .0000   .0004   .0000
   61   .0696   .0108   .1802   .0041
   62   .0696   .0175   .1794   .0040
   63   .0696   .0068   .1007   .0015
   64   .0245   .0001   .0028   .0004
   65   .0245   .0001   .0026   .0000
   66   .0245   .0001   .0026   .0000
   67   .1543   .0120   .1581   .0038
   68   .1543   .0231   .1508   .0032
   69   .1543   .0125   .1404   .0014
   70   .0541   .0020   .0247   .0009
   71   .0541   .0006   .0059   .0001
   72   .0541   .0002   .0037   .0000
   73   .1444   .0121   .1790   .0053
   74   .1444   .0219   .1730   .0048
   75   .1444   .0117   .1394   .0018
   76   .0490   .0022   .0274   .0005
   77   .0490   .0006   .0055   .0001
   78   .0490   .0002   .0033   .0000
   79   .1444   .0121   .1790   .0053
   80   .1444   .0219   .1730   .0048
   81   .1444   .0117   .1394   .0018
   82   .0490   .0022   .0274   .0005
   83   .0490   .0006   .0055   .0001
   84   .0490   .0002   .0033   .0000
   85   .1543   .0120   .1581   .0038
   86   .1543   .0231   .1508   .0032
   87   .1543   .0125   .1404   .0014
   88   .0541   .0020   .0247   .0009
   89   .0541   .0006   .0059   .0001
   90   .0541   .0002   .0037   .0000
   91   .0696   .0108   .1802   .0041
   92   .0696   .0175   .1794   .0040
   93   .0696   .0068   .1007   .0015
   94   .0245   .0001   .0028   .0004
   95   .0245   .0001   .0026   .0000
   96   .0245   .0001   .0026   .0000

 STRESS STATE IN: WALLS  
 ELEM.   P/Pu   V/Vu   M/Mu   phy/phyu
    1   .0066   .0655   .1163   .0313
    2   .0066   .0092   .0551   .0007
    3   .0066   .0789   .0495   .0007
    4   .0063   .0165   .0049   .0001
    5   .0063   .0046   .0057   .0001
    6   .0063   .0052   .0029   .0000
    7   .0066   .0655   .1163   .0313
    8   .0066   .0092   .0551   .0007
    9   .0066   .0789   .0495   .0007
   10   .0063   .0165   .0049   .0001
   11   .0063   .0046   .0057   .0001
   12   .0063   .0052   .0029   .0000
