

  DEFORMATION AND STRESS STATE AT IMPORTANT ANALYSIS STAGES





 ===========================================================================

 AT TIME   3.0550
 FIRST WALL    CRACKS AT V/W:   -.0401  , UTOP/H:   -.0037



 ===========================================================================

 AT TIME   3.1360
 FIRST WALL    YIELDS AT V/W:   -.2747  , UTOP/H:   -.0064



 ===========================================================================

 AT TIME   3.1425
 FIRST COLUMN  CRACKS AT V/W:   -.2634  , UTOP/H:   -.0066



 ===========================================================================

 AT TIME   4.9535
 FIRST COLUMN  YIELDS AT V/W:   -.0066  , UTOP/H:   -.0214



 ===========================================================================

 AT TIME  10.0000




 ******************************** MODAL ANALYSIS *******************************


 MODE       FREQUENCY(Hz)    PERIOD(SEC)  MODAL PARTICIPATION  MODAL WEIGHT     RELATIVE MODAL
                                               FACTOR         (WEIGHT UNITS)      WEIGHT (%)


   1              .38090           2.62539           5.2493           10641.915           76.058
   2             3.03898            .32906           2.5924            2595.524           18.550
   3             9.19830            .10872            .9777             369.156            2.638
   4            19.98552            .05004            .7567             221.155            1.581
   5            26.50961            .03772            .6312             153.881            1.100
   6            34.35697            .02911            .1628              10.237             .073
  TOTAL WEIGHT................................................. 13991.868



 ********************* EIGEN VECTORS (MAXIMUM NORMALIZED) *********************



 STORY        1        2        3        4        5        6
    6       1.000    -.981     .884    -.539     .368    -.253
    5        .811    -.215    -.442     .848    -.782     .681
    4        .623     .454   -1.000     .146     .480   -1.000
    3        .440     .868    -.239    -.961     .305     .897
    2        .267    1.000     .889    -.047    -.892    -.561
    1        .124     .551     .724    1.000    1.000     .297



 ********************** EIGEN VECTORS (MASS NORMALIZED) ***********************



 STORY        1        2        3        4        5        6
    6        .273    -.223     .198    -.127     .088    -.062
    5        .221    -.049    -.099     .199    -.186     .166
    4        .170     .103    -.224     .034     .114    -.244
    3        .120     .197    -.054    -.226     .073     .219
    2        .073     .227     .199    -.011    -.212    -.137
    1        .034     .125     .162     .235     .238     .072



 ***************** END OF MODAL ANALYSIS *****************






 ===========================================================================

 AT TIME  20.0005




 ******************************** MODAL ANALYSIS *******************************


 MODE       FREQUENCY(Hz)    PERIOD(SEC)  MODAL PARTICIPATION  MODAL WEIGHT     RELATIVE MODAL
                                               FACTOR         (WEIGHT UNITS)      WEIGHT (%)


   1              .79063           1.26481           4.9319            9393.736           67.137
   2             4.63771            .21562           2.7774            2979.053           21.291
   3            12.05710            .08294           1.6125            1004.210            7.177
   4            21.21774            .04713           1.0436             420.593            3.006
   5            30.61944            .03266            .6369             156.644            1.120
   6            38.12751            .02623            .3122              37.632             .269
  TOTAL WEIGHT................................................. 13991.868



 ********************* EIGEN VECTORS (MAXIMUM NORMALIZED) *********************



 STORY        1        2        3        4        5        6
    6       1.000   -1.000     .761    -.527     .352    -.165
    5        .770    -.038    -.591     .885    -.880     .510
    4        .546     .702    -.831     .011     .889    -.866
    3        .341     .992     .129    -.937    -.079    1.000
    2        .170     .799    1.000     .214    -.766    -.913
    1        .051     .342     .766    1.000    1.000     .626



 ********************** EIGEN VECTORS (MASS NORMALIZED) ***********************



 STORY        1        2        3        4        5        6
    6        .293    -.229     .173    -.123     .078    -.037
    5        .226    -.009    -.134     .207    -.196     .113
    4        .160     .160    -.189     .003     .198    -.193
    3        .100     .227     .029    -.219    -.018     .222
    2        .050     .183     .227     .050    -.171    -.203
    1        .015     .078     .174     .234     .223     .139



 ***************** END OF MODAL ANALYSIS *****************






 ===========================================================================

 STATE AT END OF PUSH-OVER, V/W:   -.0316  , UTOP/H:    .0083
 STORY   DISPLACEMENT
    6         7.7781
    5         6.3891
    4         4.9972
    3         3.5853
    2         2.1708
    1          .7550

 STRESS STATE IN: COLUMNS
 ELEM.   P/Pu   V/Vu   M/Mu   phy/phyu
    1   .0270   .0054   .1174   .0136
    2   .0270   .0085   .1175   .0298
    3   .0270   .0016   .0438   .0006
    4   .0089   .0023   .0220   .0004
    5   .0089   .0014   .0224   .0004
    6   .0089   .0002   .0037   .0001
    7   .0696   .0051   .0847   .0100
    8   .0696   .0088   .0868   .0202
    9   .0696   .0044   .0386   .0005
   10   .0245   .0009   .0242   .0004
   11   .0245   .0017   .0322   .0004
   12   .0245   .0003   .0057   .0001
   13   .0696   .0051   .0847   .0100
   14   .0696   .0088   .0868   .0202
   15   .0696   .0044   .0386   .0005
   16   .0245   .0009   .0242   .0004
   17   .0245   .0017   .0322   .0004
   18   .0245   .0003   .0057   .0001
   19   .0270   .0054   .1174   .0136
   20   .0270   .0085   .1175   .0298
   21   .0270   .0016   .0438   .0006
   22   .0089   .0023   .0220   .0004
   23   .0089   .0014   .0224   .0004
   24   .0089   .0002   .0037   .0001
   25   .0296   .0047   .0287   .0186
   26   .0296   .0000   .0019   .0088
   27   .0296   .0008   .0056   .0001
   28   .0174   .0010   .0078   .0001
   29   .0174   .0009   .0079   .0001
   30   .0174   .0001   .0011   .0000
   31   .1543   .0034   .0449   .0124
   32   .1543   .0107   .0934   .0130
   33   .1543   .0079   .0812   .0005
   34   .0541   .0031   .0242   .0004
   35   .0541   .0019   .0249   .0003
   36   .0541   .0003   .0044   .0001
   37   .1543   .0034   .0449   .0124
   38   .1543   .0107   .0934   .0130
   39   .1543   .0079   .0812   .0005
   40   .0541   .0031   .0242   .0004
   41   .0541   .0019   .0249   .0003
   42   .0541   .0003   .0044   .0001
   43   .1543   .0034   .0449   .0124
   44   .1543   .0107   .0934   .0130
   45   .1543   .0079   .0812   .0005
   46   .0541   .0031   .0242   .0004
   47   .0541   .0019   .0249   .0003
   48   .0541   .0003   .0044   .0001
   49   .1543   .0034   .0449   .0124
   50   .1543   .0107   .0934   .0130
   51   .1543   .0079   .0812   .0005
   52   .0541   .0031   .0242   .0004
   53   .0541   .0019   .0249   .0003
   54   .0541   .0003   .0044   .0001
   55   .0296   .0047   .0287   .0186
   56   .0296   .0000   .0019   .0088
   57   .0296   .0008   .0056   .0001
   58   .0174   .0010   .0078   .0001
   59   .0174   .0009   .0079   .0001
   60   .0174   .0001   .0011   .0000
   61   .0696   .0051   .0847   .0100
   62   .0696   .0088   .0868   .0202
   63   .0696   .0044   .0386   .0005
   64   .0245   .0009   .0242   .0004
   65   .0245   .0017   .0322   .0004
   66   .0245   .0003   .0057   .0001
   67   .1543   .0034   .0449   .0124
   68   .1543   .0107   .0934   .0130
   69   .1543   .0079   .0812   .0005
   70   .0541   .0031   .0242   .0004
   71   .0541   .0019   .0249   .0003
   72   .0541   .0003   .0044   .0001
   73   .1444   .0049   .0724   .0348
   74   .1444   .0036   .0768   .0034
   75   .1444   .0069   .0818   .0008
   76   .0490   .0031   .0245   .0003
   77   .0490   .0017   .0220   .0003
   78   .0490   .0003   .0039   .0001
   79   .1444   .0049   .0724   .0348
   80   .1444   .0036   .0768   .0034
   81   .1444   .0069   .0818   .0008
   82   .0490   .0031   .0245   .0003
   83   .0490   .0017   .0220   .0003
   84   .0490   .0003   .0039   .0001
   85   .1543   .0034   .0449   .0124
   86   .1543   .0107   .0934   .0130
   87   .1543   .0079   .0812   .0005
   88   .0541   .0031   .0242   .0004
   89   .0541   .0019   .0249   .0003
   90   .0541   .0003   .0044   .0001
   91   .0696   .0051   .0847   .0100
   92   .0696   .0088   .0868   .0202
   93   .0696   .0044   .0386   .0005
   94   .0245   .0009   .0242   .0004
   95   .0245   .0017   .0322   .0004
   96   .0245   .0003   .0057   .0001

 STRESS STATE IN: WALLS  
 ELEM.   P/Pu   V/Vu   M/Mu   phy/phyu
    1   .0066   .0363   .0315   .0700
    2   .0066   .0678   .0334   .0214
    3   .0066   .0057   .0080   .0001
    4   .0063   .0465   .0232   .0006
    5   .0063   .0357   .0230   .0006
    6   .0063   .0061   .0034   .0001
    7   .0066   .0363   .0315   .0700
    8   .0066   .0678   .0334   .0214
    9   .0066   .0057   .0080   .0001
   10   .0063   .0465   .0232   .0006
   11   .0063   .0357   .0230   .0006
   12   .0063   .0061   .0034   .0001
