

  DEFORMATION AND STRESS STATE AT IMPORTANT ANALYSIS STAGES





 ===========================================================================

 AT TIME   3.2890
 FIRST WALL    CRACKS AT V/W:   -.0739  , UTOP/H:   -.0033



 ===========================================================================

 AT TIME   3.7740
 FIRST WALL    YIELDS AT V/W:    .5580  , UTOP/H:   -.0007



 ===========================================================================

 AT TIME   3.7845
 FIRST COLUMN  CRACKS AT V/W:    .5990  , UTOP/H:   -.0006



 ===========================================================================

 AT TIME   8.3195
 FIRST COLUMN  YIELDS AT V/W:   -.4260  , UTOP/H:   -.0120



 ===========================================================================

 AT TIME  10.0000




 ******************************** MODAL ANALYSIS *******************************


 MODE       FREQUENCY(Hz)    PERIOD(SEC)  MODAL PARTICIPATION  MODAL WEIGHT     RELATIVE MODAL
                                               FACTOR         (WEIGHT UNITS)      WEIGHT (%)


   1              .40095           2.49408           5.2977           10839.115           77.467
   2             3.64518            .27434           2.4349            2289.762           16.365
   3            10.67059            .09372           1.2211             575.887            4.116
   4            20.04572            .04989            .7213             200.904            1.436
   5            29.92657            .03342            .4251              69.790             .499
   6            37.89362            .02639            .2061              16.410             .117
  TOTAL WEIGHT................................................. 13991.868



 ********************* EIGEN VECTORS (MAXIMUM NORMALIZED) *********************



 STORY        1        2        3        4        5        6
    6       1.000   -1.000     .895    -.583     .409    -.172
    5        .816    -.191    -.568     .916   -1.000     .529
    4        .634     .479   -1.000     .142     .941    -.887
    3        .457     .847    -.152    -.995     .044    1.000
    2        .289     .833     .914    -.044    -.965    -.879
    1        .135     .494     .977    1.000     .970     .521



 ********************** EIGEN VECTORS (MASS NORMALIZED) ***********************



 STORY        1        2        3        4        5        6
    6        .270    -.241     .184    -.132     .083    -.039
    5        .220    -.046    -.117     .207    -.204     .120
    4        .171     .116    -.206     .032     .192    -.201
    3        .123     .204    -.031    -.225     .009     .227
    2        .078     .201     .188    -.010    -.196    -.199
    1        .036     .119     .201     .227     .197     .118



 ***************** END OF MODAL ANALYSIS *****************






 ===========================================================================

 AT TIME  20.0005




 ******************************** MODAL ANALYSIS *******************************


 MODE       FREQUENCY(Hz)    PERIOD(SEC)  MODAL PARTICIPATION  MODAL WEIGHT     RELATIVE MODAL
                                               FACTOR         (WEIGHT UNITS)      WEIGHT (%)


   1              .33804           2.95824           5.2709           10729.581           76.684
   2             3.09483            .32312           2.5959            2602.488           18.600
   3             9.29088            .10763           1.0405             418.141            2.988
   4            17.84297            .05604            .7188             199.516            1.426
   5            25.49341            .03923            .3223              40.112             .287
   6            35.87960            .02787            .0725               2.029             .015
  TOTAL WEIGHT................................................. 13991.868



 ********************* EIGEN VECTORS (MAXIMUM NORMALIZED) *********************



 STORY        1        2        3        4        5        6
    6       1.000    -.979     .944    -.473     .456    -.228
    5        .815    -.229    -.442     .642    -.944     .664
    4        .631     .423   -1.000     .283     .446   -1.000
    3        .451     .858    -.364    -.686     .636     .860
    2        .278    1.000     .795    -.389   -1.000    -.470
    1        .126     .616     .990    1.000     .700     .176



 ********************** EIGEN VECTORS (MASS NORMALIZED) ***********************



 STORY        1        2        3        4        5        6
    6        .271    -.221     .197    -.125     .103    -.058
    5        .221    -.052    -.092     .170    -.213     .170
    4        .171     .095    -.209     .075     .101    -.256
    3        .122     .194    -.076    -.181     .144     .220
    2        .075     .226     .166    -.103    -.226    -.120
    1        .034     .139     .207     .264     .158     .045



 ***************** END OF MODAL ANALYSIS *****************






 ===========================================================================

 STATE AT END OF PUSH-OVER, V/W:   -.0431  , UTOP/H:   -.0001
 STORY   DISPLACEMENT
    6         -.1156
    5         -.1621
    4         -.2075
    3         -.2611
    2         -.3075
    1         -.2448

 STRESS STATE IN: COLUMNS
 ELEM.   P/Pu   V/Vu   M/Mu   phy/phyu
    1   .0270   .0047   .1026   .0059
    2   .0270   .0019   .1096   .0032
    3   .0270   .0081   .1220   .0025
    4   .0089   .0016   .0300   .0001
    5   .0089   .0001   .0025   .0000
    6   .0089   .0000   .0003   .0000
    7   .0696   .0045   .0751   .0030
    8   .0696   .0004   .0834   .0034
    9   .0696   .0092   .1167   .0018
   10   .0245   .0036   .0645   .0007
   11   .0245   .0004   .0078   .0001
   12   .0245   .0000   .0009   .0000
   13   .0696   .0045   .0751   .0030
   14   .0696   .0004   .0834   .0034
   15   .0696   .0092   .1167   .0018
   16   .0245   .0036   .0645   .0007
   17   .0245   .0004   .0078   .0001
   18   .0245   .0000   .0009   .0000
   19   .0270   .0047   .1026   .0059
   20   .0270   .0019   .1096   .0032
   21   .0270   .0081   .1220   .0025
   22   .0089   .0016   .0300   .0001
   23   .0089   .0001   .0025   .0000
   24   .0089   .0000   .0003   .0000
   25   .0296   .0061   .0696   .0074
   26   .0296   .0037   .0252   .0023
   27   .0296   .0038   .0267   .0015
   28   .0174   .0015   .0092   .0002
   29   .0174   .0008   .0058   .0001
   30   .0174   .0002   .0020   .0000
   31   .1543   .0007   .0095   .0034
   32   .1543   .0036   .0529   .0028
   33   .1543   .0068   .0599   .0017
   34   .0541   .0016   .0257   .0005
   35   .0541   .0002   .0014   .0000
   36   .0541   .0001   .0013   .0000
   37   .1543   .0007   .0095   .0034
   38   .1543   .0036   .0529   .0028
   39   .1543   .0068   .0599   .0017
   40   .0541   .0016   .0257   .0005
   41   .0541   .0002   .0014   .0000
   42   .0541   .0001   .0013   .0000
   43   .1543   .0007   .0095   .0034
   44   .1543   .0036   .0529   .0028
   45   .1543   .0068   .0599   .0017
   46   .0541   .0016   .0257   .0005
   47   .0541   .0002   .0014   .0000
   48   .0541   .0001   .0013   .0000
   49   .1543   .0007   .0095   .0034
   50   .1543   .0036   .0529   .0028
   51   .1543   .0068   .0599   .0017
   52   .0541   .0016   .0257   .0005
   53   .0541   .0002   .0014   .0000
   54   .0541   .0001   .0013   .0000
   55   .0296   .0061   .0696   .0074
   56   .0296   .0037   .0252   .0023
   57   .0296   .0038   .0267   .0015
   58   .0174   .0015   .0092   .0002
   59   .0174   .0008   .0058   .0001
   60   .0174   .0002   .0020   .0000
   61   .0696   .0045   .0751   .0030
   62   .0696   .0004   .0834   .0034
   63   .0696   .0092   .1167   .0018
   64   .0245   .0036   .0645   .0007
   65   .0245   .0004   .0078   .0001
   66   .0245   .0000   .0009   .0000
   67   .1543   .0007   .0095   .0034
   68   .1543   .0036   .0529   .0028
   69   .1543   .0068   .0599   .0017
   70   .0541   .0016   .0257   .0005
   71   .0541   .0002   .0014   .0000
   72   .0541   .0001   .0013   .0000
   73   .1444   .0017   .0255   .0033
   74   .1444   .0029   .0583   .0057
   75   .1444   .0073   .0774   .0027
   76   .0490   .0012   .0192   .0000
   77   .0490   .0002   .0016   .0000
   78   .0490   .0001   .0013   .0000
   79   .1444   .0017   .0255   .0033
   80   .1444   .0029   .0583   .0057
   81   .1444   .0073   .0774   .0027
   82   .0490   .0012   .0192   .0000
   83   .0490   .0002   .0016   .0000
   84   .0490   .0001   .0013   .0000
   85   .1543   .0007   .0095   .0034
   86   .1543   .0036   .0529   .0028
   87   .1543   .0068   .0599   .0017
   88   .0541   .0016   .0257   .0005
   89   .0541   .0002   .0014   .0000
   90   .0541   .0001   .0013   .0000
   91   .0696   .0045   .0751   .0030
   92   .0696   .0004   .0834   .0034
   93   .0696   .0092   .1167   .0018
   94   .0245   .0036   .0645   .0007
   95   .0245   .0004   .0078   .0001
   96   .0245   .0000   .0009   .0000

 STRESS STATE IN: WALLS  
 ELEM.   P/Pu   V/Vu   M/Mu   phy/phyu
    1   .0066   .0659   .0473   .0247
    2   .0066   .0441   .0345   .0066
    3   .0066   .0147   .0084   .0051
    4   .0063   .0470   .0158   .0002
    5   .0063   .0212   .0101   .0002
    6   .0063   .0024   .0013   .0000
    7   .0066   .0659   .0473   .0247
    8   .0066   .0441   .0345   .0066
    9   .0066   .0147   .0084   .0051
   10   .0063   .0470   .0158   .0002
   11   .0063   .0212   .0101   .0002
   12   .0063   .0024   .0013   .0000
