

  DEFORMATION AND STRESS STATE AT IMPORTANT ANALYSIS STAGES





 ===========================================================================

 AT TIME   3.0955
 FIRST WALL    CRACKS AT V/W:   -.1049  , UTOP/H:   -.0034



 ===========================================================================

 AT TIME   3.1955
 FIRST COLUMN  CRACKS AT V/W:   -.2182  , UTOP/H:   -.0057



 ===========================================================================

 AT TIME   3.6825
 FIRST WALL    YIELDS AT V/W:    .2800  , UTOP/H:    .0057



 ===========================================================================

 AT TIME   8.7920
 FIRST COLUMN  YIELDS AT V/W:    .1569  , UTOP/H:    .0185



 ===========================================================================

 AT TIME  10.0000




 ******************************** MODAL ANALYSIS *******************************


 MODE       FREQUENCY(Hz)    PERIOD(SEC)  MODAL PARTICIPATION  MODAL WEIGHT     RELATIVE MODAL
                                               FACTOR         (WEIGHT UNITS)      WEIGHT (%)


   1              .70566           1.41711           4.8173            8962.409           64.054
   2             4.14901            .24102           2.9837            3438.105           24.572
   3            11.01920            .09075           1.5155             887.024            6.340
   4            19.44118            .05144           -.9405             341.637            2.442
   5            28.54255            .03504           -.9355             338.012            2.416
   6            34.17867            .02926            .2528              24.680             .176
  TOTAL WEIGHT................................................. 13991.868



 ********************* EIGEN VECTORS (MAXIMUM NORMALIZED) *********************



 STORY        1        2        3        4        5        6
    6       1.000    -.870     .725     .557    -.208    -.273
    5        .760    -.038    -.476    -.829     .485     .765
    4        .526     .642    -.790    -.155    -.391   -1.000
    3        .306    1.000    -.012    1.000    -.123     .730
    2        .133     .814    1.000    -.333     .689    -.483
    1        .039     .325     .640    -.785   -1.000     .373



 ********************** EIGEN VECTORS (MASS NORMALIZED) ***********************



 STORY        1        2        3        4        5        6
    6        .299    -.208     .177     .136    -.060    -.069
    5        .227    -.009    -.116    -.202     .141     .193
    4        .157     .153    -.193    -.038    -.113    -.252
    3        .092     .239    -.003     .244    -.036     .184
    2        .040     .194     .244    -.081     .200    -.122
    1        .012     .078     .156    -.192    -.290     .094



 ***************** END OF MODAL ANALYSIS *****************






 ===========================================================================

 AT TIME  20.0005




 ******************************** MODAL ANALYSIS *******************************


 MODE       FREQUENCY(Hz)    PERIOD(SEC)  MODAL PARTICIPATION  MODAL WEIGHT     RELATIVE MODAL
                                               FACTOR         (WEIGHT UNITS)      WEIGHT (%)


   1              .47013           2.12708           5.2545           10662.877           76.208
   2             3.74591            .26696           2.4954            2404.781           17.187
   3            10.79346            .09265           1.2611             614.215            4.390
   4            20.15993            .04960            .7475             215.765            1.542
   5            30.03407            .03330            .4431              75.813             .542
   6            37.95756            .02635            .2184              18.418             .132
  TOTAL WEIGHT................................................. 13991.868



 ********************* EIGEN VECTORS (MAXIMUM NORMALIZED) *********************



 STORY        1        2        3        4        5        6
    6       1.000   -1.000     .896    -.579     .408    -.171
    5        .810    -.175    -.579     .915   -1.000     .524
    4        .622     .505   -1.000     .129     .952    -.881
    3        .441     .867    -.127    -.994     .024    1.000
    2        .272     .837     .940    -.018    -.951    -.888
    1        .123     .484     .974    1.000     .983     .537



 ********************** EIGEN VECTORS (MASS NORMALIZED) ***********************



 STORY        1        2        3        4        5        6
    6        .273    -.239     .183    -.131     .083    -.039
    5        .221    -.042    -.118     .208    -.203     .118
    4        .170     .121    -.204     .029     .193    -.199
    3        .120     .207    -.026    -.226     .005     .226
    2        .074     .200     .192    -.004    -.193    -.201
    1        .034     .116     .199     .227     .200     .121



 ***************** END OF MODAL ANALYSIS *****************






 ===========================================================================

 STATE AT END OF PUSH-OVER, V/W:    .2953  , UTOP/H:   -.0043
 STORY   DISPLACEMENT
    6        -4.0428
    5        -3.2834
    4        -2.5285
    3        -1.7874
    2        -1.0767
    1         -.4102

 STRESS STATE IN: COLUMNS
 ELEM.   P/Pu   V/Vu   M/Mu   phy/phyu
    1   .0270   .0216   .4727   .0173
    2   .0270   .0086   .2179   .0044
    3   .0270   .0001   .0243   .0003
    4   .0089   .0013   .0284   .0005
    5   .0089   .0000   .0029   .0001
    6   .0089   .0002   .0029   .0001
    7   .0696   .0178   .2980   .0032
    8   .0696   .0199   .2964   .0032
    9   .0696   .0045   .0383   .0004
   10   .0245   .0024   .0511   .0007
   11   .0245   .0002   .0044   .0001
   12   .0245   .0002   .0043   .0001
   13   .0696   .0178   .2980   .0032
   14   .0696   .0199   .2964   .0032
   15   .0696   .0045   .0383   .0004
   16   .0245   .0024   .0511   .0007
   17   .0245   .0002   .0044   .0001
   18   .0245   .0002   .0043   .0001
   19   .0270   .0216   .4727   .0173
   20   .0270   .0086   .2179   .0044
   21   .0270   .0001   .0243   .0003
   22   .0089   .0013   .0284   .0005
   23   .0089   .0000   .0029   .0001
   24   .0089   .0002   .0029   .0001
   25   .0296   .0085   .2403   .0119
   26   .0296   .0171   .1451   .0029
   27   .0296   .0047   .0296   .0006
   28   .0174   .0019   .0190   .0004
   29   .0174   .0002   .0017   .0000
   30   .0174   .0002   .0018   .0000
   31   .1543   .0180   .2369   .0025
   32   .1543   .0190   .2343   .0025
   33   .1543   .0034   .0273   .0003
   34   .0541   .0021   .0334   .0004
   35   .0541   .0001   .0033   .0000
   36   .0541   .0002   .0032   .0000
   37   .1543   .0180   .2369   .0025
   38   .1543   .0190   .2343   .0025
   39   .1543   .0034   .0273   .0003
   40   .0541   .0021   .0334   .0004
   41   .0541   .0001   .0033   .0000
   42   .0541   .0002   .0032   .0000
   43   .1543   .0180   .2369   .0025
   44   .1543   .0190   .2343   .0025
   45   .1543   .0034   .0273   .0003
   46   .0541   .0021   .0334   .0004
   47   .0541   .0001   .0033   .0000
   48   .0541   .0002   .0032   .0000
   49   .1543   .0180   .2369   .0025
   50   .1543   .0190   .2343   .0025
   51   .1543   .0034   .0273   .0003
   52   .0541   .0021   .0334   .0004
   53   .0541   .0001   .0033   .0000
   54   .0541   .0002   .0032   .0000
   55   .0296   .0085   .2403   .0119
   56   .0296   .0171   .1451   .0029
   57   .0296   .0047   .0296   .0006
   58   .0174   .0019   .0190   .0004
   59   .0174   .0002   .0017   .0000
   60   .0174   .0002   .0018   .0000
   61   .0696   .0178   .2980   .0032
   62   .0696   .0199   .2964   .0032
   63   .0696   .0045   .0383   .0004
   64   .0245   .0024   .0511   .0007
   65   .0245   .0002   .0044   .0001
   66   .0245   .0002   .0043   .0001
   67   .1543   .0180   .2369   .0025
   68   .1543   .0190   .2343   .0025
   69   .1543   .0034   .0273   .0003
   70   .0541   .0021   .0334   .0004
   71   .0541   .0001   .0033   .0000
   72   .0541   .0002   .0032   .0000
   73   .1444   .0180   .2650   .0038
   74   .1444   .0198   .2638   .0038
   75   .1444   .0038   .0323   .0005
   76   .0490   .0019   .0298   .0004
   77   .0490   .0001   .0029   .0000
   78   .0490   .0002   .0029   .0000
   79   .1444   .0180   .2650   .0038
   80   .1444   .0198   .2638   .0038
   81   .1444   .0038   .0323   .0005
   82   .0490   .0019   .0298   .0004
   83   .0490   .0001   .0029   .0000
   84   .0490   .0002   .0029   .0000
   85   .1543   .0180   .2369   .0025
   86   .1543   .0190   .2343   .0025
   87   .1543   .0034   .0273   .0003
   88   .0541   .0021   .0334   .0004
   89   .0541   .0001   .0033   .0000
   90   .0541   .0002   .0032   .0000
   91   .0696   .0178   .2980   .0032
   92   .0696   .0199   .2964   .0032
   93   .0696   .0045   .0383   .0004
   94   .0245   .0024   .0511   .0007
   95   .0245   .0002   .0044   .0001
   96   .0245   .0002   .0043   .0001

 STRESS STATE IN: WALLS  
 ELEM.   P/Pu   V/Vu   M/Mu   phy/phyu
    1   .0066   .3889   .4193   .0381
    2   .0066   .1502   .1506   .0020
    3   .0066   .0300   .0625   .0008
    4   .0063   .0403   .0382   .0006
    5   .0063   .0195   .0160   .0002
    6   .0063   .0090   .0051   .0001
    7   .0066   .3889   .4193   .0381
    8   .0066   .1502   .1506   .0020
    9   .0066   .0300   .0625   .0008
   10   .0063   .0403   .0382   .0006
   11   .0063   .0195   .0160   .0002
   12   .0063   .0090   .0051   .0001
