

  DEFORMATION AND STRESS STATE AT IMPORTANT ANALYSIS STAGES





 ===========================================================================

 AT TIME   3.5680
 FIRST WALL    CRACKS AT V/W:    .1476  , UTOP/H:    .0016



 ===========================================================================

 AT TIME   3.7780
 FIRST WALL    YIELDS AT V/W:    .5558  , UTOP/H:   -.0006



 ===========================================================================

 AT TIME   3.7955
 FIRST COLUMN  CRACKS AT V/W:    .6140  , UTOP/H:   -.0003



 ===========================================================================

 AT TIME   8.3740
 FIRST COLUMN  YIELDS AT V/W:   -.3123  , UTOP/H:   -.0150



 ===========================================================================

 AT TIME  10.0000




 ******************************** MODAL ANALYSIS *******************************


 MODE       FREQUENCY(Hz)    PERIOD(SEC)  MODAL PARTICIPATION  MODAL WEIGHT     RELATIVE MODAL
                                               FACTOR         (WEIGHT UNITS)      WEIGHT (%)


   1              .30093           3.32308           5.3446           11031.811           78.844
   2             3.54629            .28198           2.3593            2149.792           15.365
   3            10.57664            .09455           1.1821             539.650            3.857
   4            19.97735            .05006            .6998             189.120            1.352
   5            29.89662            .03345            .4130              65.882             .471
   6            37.88924            .02639            .2011              15.612             .112
  TOTAL WEIGHT................................................. 13991.868



 ********************* EIGEN VECTORS (MAXIMUM NORMALIZED) *********************



 STORY        1        2        3        4        5        6
    6       1.000   -1.000     .895    -.588     .410    -.173
    5        .824    -.208    -.559     .919   -1.000     .529
    4        .648     .452   -1.000     .151     .938    -.887
    3        .475     .823    -.173   -1.000     .050    1.000
    2        .308     .825     .891    -.059    -.968    -.878
    1        .148     .500     .975     .999     .959     .517



 ********************** EIGEN VECTORS (MASS NORMALIZED) ***********************



 STORY        1        2        3        4        5        6
    6        .266    -.244     .185    -.133     .084    -.039
    5        .219    -.051    -.116     .207    -.204     .120
    4        .173     .110    -.207     .034     .191    -.201
    3        .127     .201    -.036    -.226     .010     .227
    2        .082     .201     .185    -.013    -.197    -.199
    1        .039     .122     .202     .226     .196     .117



 ***************** END OF MODAL ANALYSIS *****************






 ===========================================================================

 AT TIME  20.0005




 ******************************** MODAL ANALYSIS *******************************


 MODE       FREQUENCY(Hz)    PERIOD(SEC)  MODAL PARTICIPATION  MODAL WEIGHT     RELATIVE MODAL
                                               FACTOR         (WEIGHT UNITS)      WEIGHT (%)


   1              .35794           2.79378           5.3198           10929.635           78.114
   2             3.60138            .27767           2.3988            2222.354           15.883
   3            10.63995            .09399           1.2029             558.858            3.994
   4            20.03938            .04990            .7124             195.981            1.401
   5            29.95244            .03339            .4214              68.582             .490
   6            37.92171            .02637            .2064              16.458             .118
  TOTAL WEIGHT................................................. 13991.868



 ********************* EIGEN VECTORS (MAXIMUM NORMALIZED) *********************



 STORY        1        2        3        4        5        6
    6       1.000   -1.000     .895    -.586     .409    -.172
    5        .820    -.199    -.565     .920   -1.000     .526
    4        .641     .467   -1.000     .144     .943    -.884
    3        .466     .836    -.160   -1.000     .039    1.000
    2        .298     .829     .904    -.046    -.962    -.883
    1        .141     .496     .974    1.000     .966     .524



 ********************** EIGEN VECTORS (MASS NORMALIZED) ***********************



 STORY        1        2        3        4        5        6
    6        .268    -.243     .185    -.132     .083    -.039
    5        .220    -.048    -.117     .208    -.204     .119
    4        .172     .113    -.206     .032     .192    -.200
    3        .125     .203    -.033    -.226     .008     .227
    2        .080     .201     .187    -.010    -.196    -.200
    1        .038     .120     .201     .226     .197     .119



 ***************** END OF MODAL ANALYSIS *****************






 ===========================================================================

 STATE AT END OF PUSH-OVER, V/W:    .0500  , UTOP/H:    .0035
 STORY   DISPLACEMENT
    6         3.2816
    5         2.6976
    4         2.1163
    3         1.5379
    2          .9718
    1          .4487

 STRESS STATE IN: COLUMNS
 ELEM.   P/Pu   V/Vu   M/Mu   phy/phyu
    1   .0270   .0034   .0748   .0017
    2   .0270   .0054   .0668   .0025
    3   .0270   .0016   .0364   .0019
    4   .0089   .0002   .0038   .0001
    5   .0089   .0000   .0019   .0000
    6   .0089   .0001   .0018   .0000
    7   .0696   .0020   .0335   .0015
    8   .0696   .0058   .0644   .0021
    9   .0696   .0043   .0508   .0015
   10   .0245   .0012   .0166   .0002
   11   .0245   .0000   .0028   .0000
   12   .0245   .0001   .0020   .0000
   13   .0696   .0020   .0335   .0015
   14   .0696   .0058   .0644   .0021
   15   .0696   .0043   .0508   .0015
   16   .0245   .0012   .0166   .0002
   17   .0245   .0000   .0028   .0000
   18   .0245   .0001   .0020   .0000
   19   .0270   .0034   .0748   .0017
   20   .0270   .0054   .0668   .0025
   21   .0270   .0016   .0364   .0019
   22   .0089   .0002   .0038   .0001
   23   .0089   .0000   .0019   .0000
   24   .0089   .0001   .0018   .0000
   25   .0296   .0151   .1386   .0089
   26   .0296   .0030   .0172   .0003
   27   .0296   .0018   .0175   .0004
   28   .0174   .0002   .0011   .0000
   29   .0174   .0001   .0012   .0000
   30   .0174   .0001   .0006   .0000
   31   .1543   .0029   .0377   .0025
   32   .1543   .0028   .0756   .0021
   33   .1543   .0068   .0670   .0018
   34   .0541   .0015   .0196   .0006
   35   .0541   .0006   .0057   .0001
   36   .0541   .0002   .0037   .0000
   37   .1543   .0029   .0377   .0025
   38   .1543   .0028   .0756   .0021
   39   .1543   .0068   .0670   .0018
   40   .0541   .0015   .0196   .0006
   41   .0541   .0006   .0057   .0001
   42   .0541   .0002   .0037   .0000
   43   .1543   .0029   .0377   .0025
   44   .1543   .0028   .0756   .0021
   45   .1543   .0068   .0670   .0018
   46   .0541   .0015   .0196   .0006
   47   .0541   .0006   .0057   .0001
   48   .0541   .0002   .0037   .0000
   49   .1543   .0029   .0377   .0025
   50   .1543   .0028   .0756   .0021
   51   .1543   .0068   .0670   .0018
   52   .0541   .0015   .0196   .0006
   53   .0541   .0006   .0057   .0001
   54   .0541   .0002   .0037   .0000
   55   .0296   .0151   .1386   .0089
   56   .0296   .0030   .0172   .0003
   57   .0296   .0018   .0175   .0004
   58   .0174   .0002   .0011   .0000
   59   .0174   .0001   .0012   .0000
   60   .0174   .0001   .0006   .0000
   61   .0696   .0020   .0335   .0015
   62   .0696   .0058   .0644   .0021
   63   .0696   .0043   .0508   .0015
   64   .0245   .0012   .0166   .0002
   65   .0245   .0000   .0028   .0000
   66   .0245   .0001   .0020   .0000
   67   .1543   .0029   .0377   .0025
   68   .1543   .0028   .0756   .0021
   69   .1543   .0068   .0670   .0018
   70   .0541   .0015   .0196   .0006
   71   .0541   .0006   .0057   .0001
   72   .0541   .0002   .0037   .0000
   73   .1444   .0021   .0306   .0017
   74   .1444   .0026   .0707   .0047
   75   .1444   .0059   .0597   .0024
   76   .0490   .0018   .0226   .0003
   77   .0490   .0006   .0050   .0001
   78   .0490   .0002   .0033   .0000
   79   .1444   .0021   .0306   .0017
   80   .1444   .0026   .0707   .0047
   81   .1444   .0059   .0597   .0024
   82   .0490   .0018   .0226   .0003
   83   .0490   .0006   .0050   .0001
   84   .0490   .0002   .0033   .0000
   85   .1543   .0029   .0377   .0025
   86   .1543   .0028   .0756   .0021
   87   .1543   .0068   .0670   .0018
   88   .0541   .0015   .0196   .0006
   89   .0541   .0006   .0057   .0001
   90   .0541   .0002   .0037   .0000
   91   .0696   .0020   .0335   .0015
   92   .0696   .0058   .0644   .0021
   93   .0696   .0043   .0508   .0015
   94   .0245   .0012   .0166   .0002
   95   .0245   .0000   .0028   .0000
   96   .0245   .0001   .0020   .0000

 STRESS STATE IN: WALLS  
 ELEM.   P/Pu   V/Vu   M/Mu   phy/phyu
    1   .0066   .0514   .1255   .0426
    2   .0066   .0366   .0852   .0011
    3   .0066   .0621   .0634   .0008
    4   .0063   .0277   .0163   .0003
    5   .0063   .0023   .0033   .0001
    6   .0063   .0054   .0030   .0000
    7   .0066   .0514   .1255   .0426
    8   .0066   .0366   .0852   .0011
    9   .0066   .0621   .0634   .0008
   10   .0063   .0277   .0163   .0003
   11   .0063   .0023   .0033   .0001
   12   .0063   .0054   .0030   .0000
