

  DEFORMATION AND STRESS STATE AT IMPORTANT ANALYSIS STAGES





 ===========================================================================

 AT TIME   3.1240
 FIRST WALL    CRACKS AT V/W:   -.1403  , UTOP/H:   -.0027



 ===========================================================================

 AT TIME   3.6935
 FIRST WALL    YIELDS AT V/W:    .3155  , UTOP/H:    .0050



 ===========================================================================

 AT TIME   3.7165
 FIRST COLUMN  CRACKS AT V/W:    .3303  , UTOP/H:    .0058



 ===========================================================================

 AT TIME   8.8685
 FIRST COLUMN  YIELDS AT V/W:    .0505  , UTOP/H:    .0214



 ===========================================================================

 AT TIME  10.0000




 ******************************** MODAL ANALYSIS *******************************


 MODE       FREQUENCY(Hz)    PERIOD(SEC)  MODAL PARTICIPATION  MODAL WEIGHT     RELATIVE MODAL
                                               FACTOR         (WEIGHT UNITS)      WEIGHT (%)


   1              .73817           1.35471           4.8619            9129.030           65.245
   2             4.43649            .22540           2.9196            3292.035           23.528
   3            11.28424            .08862           1.5193             891.457            6.371
   4            20.75051            .04819           -.9774             368.949            2.637
   5            29.15411            .03430           -.8550             282.334            2.018
   6            35.86050            .02789            .2696              28.063             .201
  TOTAL WEIGHT................................................. 13991.868



 ********************* EIGEN VECTORS (MAXIMUM NORMALIZED) *********************



 STORY        1        2        3        4        5        6
    6       1.000    -.940     .748     .559    -.256    -.231
    5        .765    -.037    -.512    -.912     .610     .673
    4        .536     .675    -.812    -.053    -.525   -1.000
    3        .323    1.000     .033    1.000    -.086     .890
    2        .145     .848    1.000    -.278     .710    -.635
    1        .043     .348     .658    -.923   -1.000     .441



 ********************** EIGEN VECTORS (MASS NORMALIZED) ***********************



 STORY        1        2        3        4        5        6
    6        .296    -.216     .179     .129    -.069    -.055
    5        .227    -.008    -.122    -.210     .165     .159
    4        .159     .155    -.194    -.012    -.142    -.237
    3        .096     .230     .008     .231    -.023     .211
    2        .043     .195     .239    -.064     .191    -.150
    1        .013     .080     .157    -.213    -.270     .104



 ***************** END OF MODAL ANALYSIS *****************






 ===========================================================================

 AT TIME  20.0005




 ******************************** MODAL ANALYSIS *******************************


 MODE       FREQUENCY(Hz)    PERIOD(SEC)  MODAL PARTICIPATION  MODAL WEIGHT     RELATIVE MODAL
                                               FACTOR         (WEIGHT UNITS)      WEIGHT (%)


   1              .55706           1.79513           5.1899           10402.172           74.344
   2             3.89760            .25657           2.5810            2572.657           18.387
   3            10.96084            .09123           1.3224             675.317            4.826
   4            20.28498            .04930            .7852             238.118            1.702
   5            30.10429            .03322            .4647              83.415             .596
   6            37.97968            .02633            .2286              20.189             .144
  TOTAL WEIGHT................................................. 13991.868



 ********************* EIGEN VECTORS (MAXIMUM NORMALIZED) *********************



 STORY        1        2        3        4        5        6
    6       1.000   -1.000     .897    -.571     .407    -.170
    5        .801    -.150    -.596     .909   -1.000     .522
    4        .605     .543   -1.000     .114     .959    -.879
    3        .418     .897    -.091    -.986     .010    1.000
    2        .249     .842     .978     .011    -.943    -.891
    1        .106     .468     .974    1.000    1.000     .547



 ********************** EIGEN VECTORS (MASS NORMALIZED) ***********************



 STORY        1        2        3        4        5        6
    6        .278    -.236     .181    -.130     .082    -.038
    5        .222    -.035    -.120     .208    -.202     .118
    4        .168     .128    -.202     .026     .194    -.198
    3        .116     .211    -.018    -.225     .002     .226
    2        .069     .198     .198     .002    -.191    -.201
    1        .030     .110     .197     .228     .202     .123



 ***************** END OF MODAL ANALYSIS *****************






 ===========================================================================

 STATE AT END OF PUSH-OVER, V/W:   -.0744  , UTOP/H:   -.0009
 STORY   DISPLACEMENT
    6         -.8592
    5         -.6847
    4         -.5127
    3         -.3480
    2         -.2004
    1         -.0827

 STRESS STATE IN: COLUMNS
 ELEM.   P/Pu   V/Vu   M/Mu   phy/phyu
    1   .0270   .0019   .0418   .0005
    2   .0270   .0002   .0355   .0004
    3   .0270   .0007   .0253   .0003
    4   .0089   .0006   .0128   .0002
    5   .0089   .0000   .0021   .0000
    6   .0089   .0001   .0015   .0000
    7   .0696   .0022   .0366   .0004
    8   .0696   .0008   .0346   .0003
    9   .0696   .0009   .0249   .0003
   10   .0245   .0004   .0132   .0002
   11   .0245   .0001   .0035   .0000
   12   .0245   .0001   .0016   .0000
   13   .0696   .0022   .0366   .0004
   14   .0696   .0008   .0346   .0003
   15   .0696   .0009   .0249   .0003
   16   .0245   .0004   .0132   .0002
   17   .0245   .0001   .0035   .0000
   18   .0245   .0001   .0016   .0000
   19   .0270   .0019   .0418   .0005
   20   .0270   .0002   .0355   .0004
   21   .0270   .0007   .0253   .0003
   22   .0089   .0006   .0128   .0002
   23   .0089   .0000   .0021   .0000
   24   .0089   .0001   .0015   .0000
   25   .0296   .0104   .0885   .0006
   26   .0296   .0024   .0119   .0002
   27   .0296   .0010   .0123   .0002
   28   .0174   .0000   .0020   .0000
   29   .0174   .0002   .0019   .0000
   30   .0174   .0000   .0003   .0000
   31   .1543   .0021   .0276   .0003
   32   .1543   .0011   .0288   .0003
   33   .1543   .0008   .0192   .0002
   34   .0541   .0004   .0092   .0001
   35   .0541   .0001   .0030   .0000
   36   .0541   .0001   .0012   .0000
   37   .1543   .0021   .0276   .0003
   38   .1543   .0011   .0288   .0003
   39   .1543   .0008   .0192   .0002
   40   .0541   .0004   .0092   .0001
   41   .0541   .0001   .0030   .0000
   42   .0541   .0001   .0012   .0000
   43   .1543   .0021   .0276   .0003
   44   .1543   .0011   .0288   .0003
   45   .1543   .0008   .0192   .0002
   46   .0541   .0004   .0092   .0001
   47   .0541   .0001   .0030   .0000
   48   .0541   .0001   .0012   .0000
   49   .1543   .0021   .0276   .0003
   50   .1543   .0011   .0288   .0003
   51   .1543   .0008   .0192   .0002
   52   .0541   .0004   .0092   .0001
   53   .0541   .0001   .0030   .0000
   54   .0541   .0001   .0012   .0000
   55   .0296   .0104   .0885   .0006
   56   .0296   .0024   .0119   .0002
   57   .0296   .0010   .0123   .0002
   58   .0174   .0000   .0020   .0000
   59   .0174   .0002   .0019   .0000
   60   .0174   .0000   .0003   .0000
   61   .0696   .0022   .0366   .0004
   62   .0696   .0008   .0346   .0003
   63   .0696   .0009   .0249   .0003
   64   .0245   .0004   .0132   .0002
   65   .0245   .0001   .0035   .0000
   66   .0245   .0001   .0016   .0000
   67   .1543   .0021   .0276   .0003
   68   .1543   .0011   .0288   .0003
   69   .1543   .0008   .0192   .0002
   70   .0541   .0004   .0092   .0001
   71   .0541   .0001   .0030   .0000
   72   .0541   .0001   .0012   .0000
   73   .1444   .0021   .0303   .0004
   74   .1444   .0010   .0313   .0004
   75   .1444   .0008   .0212   .0003
   76   .0490   .0004   .0082   .0001
   77   .0490   .0001   .0028   .0000
   78   .0490   .0001   .0011   .0000
   79   .1444   .0021   .0303   .0004
   80   .1444   .0010   .0313   .0004
   81   .1444   .0008   .0212   .0003
   82   .0490   .0004   .0082   .0001
   83   .0490   .0001   .0028   .0000
   84   .0490   .0001   .0011   .0000
   85   .1543   .0021   .0276   .0003
   86   .1543   .0011   .0288   .0003
   87   .1543   .0008   .0192   .0002
   88   .0541   .0004   .0092   .0001
   89   .0541   .0001   .0030   .0000
   90   .0541   .0001   .0012   .0000
   91   .0696   .0022   .0366   .0004
   92   .0696   .0008   .0346   .0003
   93   .0696   .0009   .0249   .0003
   94   .0245   .0004   .0132   .0002
   95   .0245   .0001   .0035   .0000
   96   .0245   .0001   .0016   .0000

 STRESS STATE IN: WALLS  
 ELEM.   P/Pu   V/Vu   M/Mu   phy/phyu
    1   .0066   .1103   .1113   .0057
    2   .0066   .0105   .0463   .0006
    3   .0066   .0341   .0387   .0005
    4   .0063   .0242   .0217   .0003
    5   .0063   .0098   .0083   .0001
    6   .0063   .0051   .0028   .0000
    7   .0066   .1103   .1113   .0057
    8   .0066   .0105   .0463   .0006
    9   .0066   .0341   .0387   .0005
   10   .0063   .0242   .0217   .0003
   11   .0063   .0098   .0083   .0001
   12   .0063   .0051   .0028   .0000
