

  DEFORMATION AND STRESS STATE AT IMPORTANT ANALYSIS STAGES





 ===========================================================================

 AT TIME   3.0900
 FIRST WALL    CRACKS AT V/W:   -.0893  , UTOP/H:   -.0035



 ===========================================================================

 AT TIME   3.1780
 FIRST WALL    YIELDS AT V/W:   -.2677  , UTOP/H:   -.0057



 ===========================================================================

 AT TIME   3.1810
 FIRST COLUMN  CRACKS AT V/W:   -.2617  , UTOP/H:   -.0058



 ===========================================================================

 AT TIME   5.0300
 FIRST COLUMN  YIELDS AT V/W:   -.1604  , UTOP/H:   -.0186



 ===========================================================================

 AT TIME  10.0000




 ******************************** MODAL ANALYSIS *******************************


 MODE       FREQUENCY(Hz)    PERIOD(SEC)  MODAL PARTICIPATION  MODAL WEIGHT     RELATIVE MODAL
                                               FACTOR         (WEIGHT UNITS)      WEIGHT (%)


   1              .70593           1.41658           4.8157            8956.320           64.011
   2             4.15980            .24040           2.9838            3438.341           24.574
   3            11.02642            .09069           1.5146             885.959            6.332
   4            19.49774            .05129           -.9409             341.936            2.444
   5            28.63334            .03492           -.9422             342.827            2.450
   6            34.24691            .02920            .2619              26.485             .189
  TOTAL WEIGHT................................................. 13991.868



 ********************* EIGEN VECTORS (MAXIMUM NORMALIZED) *********************



 STORY        1        2        3        4        5        6
    6       1.000    -.871     .725     .557    -.209    -.271
    5        .760    -.037    -.476    -.832     .488     .761
    4        .526     .643    -.789    -.150    -.398   -1.000
    3        .306    1.000    -.009    1.000    -.115     .736
    2        .132     .814    1.000    -.338     .681    -.491
    1        .039     .324     .635    -.783   -1.000     .384



 ********************** EIGEN VECTORS (MASS NORMALIZED) ***********************



 STORY        1        2        3        4        5        6
    6        .299    -.208     .177     .136    -.061    -.068
    5        .227    -.009    -.116    -.203     .142     .191
    4        .157     .153    -.193    -.037    -.115    -.251
    3        .092     .239    -.002     .244    -.033     .185
    2        .040     .194     .245    -.082     .198    -.123
    1        .012     .077     .155    -.191    -.290     .096



 ***************** END OF MODAL ANALYSIS *****************






 ===========================================================================

 AT TIME  20.0005




 ******************************** MODAL ANALYSIS *******************************


 MODE       FREQUENCY(Hz)    PERIOD(SEC)  MODAL PARTICIPATION  MODAL WEIGHT     RELATIVE MODAL
                                               FACTOR         (WEIGHT UNITS)      WEIGHT (%)


   1              .40269           2.48330           5.2952           10828.640           77.392
   2             3.65527            .27358           2.4353            2290.416           16.370
   3            10.69909            .09347           1.2252             579.699            4.143
   4            20.08559            .04979            .7269             204.054            1.458
   5            29.98006            .03336            .4310              71.728             .513
   6            37.93397            .02636            .2118              17.331             .124
  TOTAL WEIGHT................................................. 13991.868



 ********************* EIGEN VECTORS (MAXIMUM NORMALIZED) *********************



 STORY        1        2        3        4        5        6
    6       1.000   -1.000     .895    -.583     .408    -.171
    5        .816    -.190    -.570     .918   -1.000     .526
    4        .634     .481   -1.000     .138     .946    -.883
    3        .456     .848    -.147    -.998     .034    1.000
    2        .288     .832     .919    -.035    -.958    -.884
    1        .134     .491     .973    1.000     .973     .529



 ********************** EIGEN VECTORS (MASS NORMALIZED) ***********************



 STORY        1        2        3        4        5        6
    6        .270    -.241     .184    -.132     .083    -.039
    5        .220    -.046    -.117     .208    -.204     .119
    4        .171     .116    -.206     .031     .193    -.200
    3        .123     .204    -.030    -.226     .007     .226
    2        .078     .201     .189    -.008    -.195    -.200
    1        .036     .118     .200     .226     .198     .120



 ***************** END OF MODAL ANALYSIS *****************






 ===========================================================================

 STATE AT END OF PUSH-OVER, V/W:    .3157  , UTOP/H:   -.0094
 STORY   DISPLACEMENT
    6        -8.7862
    5        -7.1729
    4        -5.5657
    3        -3.9779
    2        -2.4239
    1         -.9084

 STRESS STATE IN: COLUMNS
 ELEM.   P/Pu   V/Vu   M/Mu   phy/phyu
    1   .0270   .0287   .6276   .0418
    2   .0270   .0164   .3665   .0070
    3   .0270   .0037   .0420   .0005
    4   .0089   .0019   .0400   .0007
    5   .0089   .0000   .0040   .0001
    6   .0089   .0002   .0039   .0001
    7   .0696   .0308   .5159   .0208
    8   .0696   .0042   .1997   .0020
    9   .0696   .0044   .0393   .0004
   10   .0245   .0026   .0585   .0008
   11   .0245   .0000   .0057   .0001
   12   .0245   .0002   .0047   .0001
   13   .0696   .0308   .5159   .0208
   14   .0696   .0042   .1997   .0020
   15   .0696   .0044   .0393   .0004
   16   .0245   .0026   .0585   .0008
   17   .0245   .0000   .0057   .0001
   18   .0245   .0002   .0047   .0001
   19   .0270   .0287   .6276   .0418
   20   .0270   .0164   .3665   .0070
   21   .0270   .0037   .0420   .0005
   22   .0089   .0019   .0400   .0007
   23   .0089   .0000   .0040   .0001
   24   .0089   .0002   .0039   .0001
   25   .0296   .0046   .2149   .0149
   26   .0296   .0199   .1657   .0031
   27   .0296   .0057   .0371   .0007
   28   .0174   .0021   .0220   .0004
   29   .0174   .0002   .0020   .0000
   30   .0174   .0002   .0020   .0000
   31   .1543   .0302   .3975   .0078
   32   .1543   .0353   .3952   .0078
   33   .1543   .0082   .0644   .0009
   34   .0541   .0032   .0492   .0007
   35   .0541   .0002   .0046   .0001
   36   .0541   .0003   .0046   .0001
   37   .1543   .0302   .3975   .0078
   38   .1543   .0353   .3952   .0078
   39   .1543   .0082   .0644   .0009
   40   .0541   .0032   .0492   .0007
   41   .0541   .0002   .0046   .0001
   42   .0541   .0003   .0046   .0001
   43   .1543   .0302   .3975   .0078
   44   .1543   .0353   .3952   .0078
   45   .1543   .0082   .0644   .0009
   46   .0541   .0032   .0492   .0007
   47   .0541   .0002   .0046   .0001
   48   .0541   .0003   .0046   .0001
   49   .1543   .0302   .3975   .0078
   50   .1543   .0353   .3952   .0078
   51   .1543   .0082   .0644   .0009
   52   .0541   .0032   .0492   .0007
   53   .0541   .0002   .0046   .0001
   54   .0541   .0003   .0046   .0001
   55   .0296   .0046   .2149   .0149
   56   .0296   .0199   .1657   .0031
   57   .0296   .0057   .0371   .0007
   58   .0174   .0021   .0220   .0004
   59   .0174   .0002   .0020   .0000
   60   .0174   .0002   .0020   .0000
   61   .0696   .0308   .5159   .0208
   62   .0696   .0042   .1997   .0020
   63   .0696   .0044   .0393   .0004
   64   .0245   .0026   .0585   .0008
   65   .0245   .0000   .0057   .0001
   66   .0245   .0002   .0047   .0001
   67   .1543   .0302   .3975   .0078
   68   .1543   .0353   .3952   .0078
   69   .1543   .0082   .0644   .0009
   70   .0541   .0032   .0492   .0007
   71   .0541   .0002   .0046   .0001
   72   .0541   .0003   .0046   .0001
   73   .1444   .0506   .7453   .0557
   74   .1444   .0559   .5225   .0181
   75   .1444   .0034   .0622   .0007
   76   .0490   .0001   .0126   .0002
   77   .0490   .0006   .0102   .0001
   78   .0490   .0001   .0016   .0000
   79   .1444   .0506   .7453   .0557
   80   .1444   .0559   .5225   .0181
   81   .1444   .0034   .0622   .0007
   82   .0490   .0001   .0126   .0002
   83   .0490   .0006   .0102   .0001
   84   .0490   .0001   .0016   .0000
   85   .1543   .0302   .3975   .0078
   86   .1543   .0353   .3952   .0078
   87   .1543   .0082   .0644   .0009
   88   .0541   .0032   .0492   .0007
   89   .0541   .0002   .0046   .0001
   90   .0541   .0003   .0046   .0001
   91   .0696   .0308   .5159   .0208
   92   .0696   .0042   .1997   .0020
   93   .0696   .0044   .0393   .0004
   94   .0245   .0026   .0585   .0008
   95   .0245   .0000   .0057   .0001
   96   .0245   .0002   .0047   .0001

 STRESS STATE IN: WALLS  
 ELEM.   P/Pu   V/Vu   M/Mu   phy/phyu
    1   .0066   .3433   .4764   .0865
    2   .0066   .6516   .4757   .0274
    3   .0066   .0638   .0874   .0012
    4   .0063   .0316   .0401   .0006
    5   .0063   .0278   .0224   .0003
    6   .0063   .0123   .0069   .0001
    7   .0066   .3433   .4764   .0865
    8   .0066   .6516   .4757   .0274
    9   .0066   .0638   .0874   .0012
   10   .0063   .0316   .0401   .0006
   11   .0063   .0278   .0224   .0003
   12   .0063   .0123   .0069   .0001
