

  DEFORMATION AND STRESS STATE AT IMPORTANT ANALYSIS STAGES





 ===========================================================================

 AT TIME   3.7710
 FIRST WALL    CRACKS AT V/W:    .3562  , UTOP/H:   -.0003



 ===========================================================================

 AT TIME   4.8510
 FIRST COLUMN  CRACKS AT V/W:   -.1131  , UTOP/H:   -.0059



 ===========================================================================

 AT TIME   8.8035
 FIRST WALL    YIELDS AT V/W:    .2701  , UTOP/H:    .0059



 ===========================================================================

 AT TIME   8.9810
 FIRST COLUMN  YIELDS AT V/W:    .1890  , UTOP/H:    .0175



 ===========================================================================

 AT TIME  10.0000




 ******************************** MODAL ANALYSIS *******************************


 MODE       FREQUENCY(Hz)    PERIOD(SEC)  MODAL PARTICIPATION  MODAL WEIGHT     RELATIVE MODAL
                                               FACTOR         (WEIGHT UNITS)      WEIGHT (%)


   1              .54435           1.83706           5.0849            9985.793           71.369
   2             4.03553            .24780           2.7178            2852.732           20.389
   3            10.16621            .09837          -1.5667             947.934            6.775
   4            18.00321            .05555           -.6804             178.791            1.278
   5            28.06647            .03563            .2468              23.523             .168
   6            37.18516            .02689            .0895               3.096             .022
  TOTAL WEIGHT................................................. 13991.868



 ********************* EIGEN VECTORS (MAXIMUM NORMALIZED) *********************



 STORY        1        2        3        4        5        6
    6       1.000   -1.000    -.677     .581     .428    -.196
    5        .794    -.123     .385    -.801    -.978     .590
    4        .592     .584     .738    -.341     .737    -.953
    3        .398     .934     .158     .820     .374    1.000
    2        .221     .863    -.701     .356   -1.000    -.736
    1        .070     .487   -1.000   -1.000     .681     .318



 ********************** EIGEN VECTORS (MASS NORMALIZED) ***********************



 STORY        1        2        3        4        5        6
    6        .282    -.229    -.169     .138     .095    -.046
    5        .224    -.028     .096    -.191    -.218     .138
    4        .167     .134     .184    -.081     .164    -.224
    3        .112     .214     .039     .195     .083     .235
    2        .062     .198    -.175     .085    -.223    -.173
    1        .020     .112    -.249    -.238     .152     .075



 ***************** END OF MODAL ANALYSIS *****************






 ===========================================================================

 AT TIME  20.0005




 ******************************** MODAL ANALYSIS *******************************


 MODE       FREQUENCY(Hz)    PERIOD(SEC)  MODAL PARTICIPATION  MODAL WEIGHT     RELATIVE MODAL
                                               FACTOR         (WEIGHT UNITS)      WEIGHT (%)


   1              .79702           1.25467           4.9250            9367.406           66.949
   2             4.66147            .21452           2.7798            2984.174           21.328
   3            12.10670            .08260           1.6175            1010.383            7.221
   4            21.29232            .04697           1.0522             427.546            3.056
   5            30.69477            .03258            .6485             162.437            1.161
   6            38.16081            .02620            .3215              39.923             .285
  TOTAL WEIGHT................................................. 13991.868



 ********************* EIGEN VECTORS (MAXIMUM NORMALIZED) *********************



 STORY        1        2        3        4        5        6
    6       1.000   -1.000     .757    -.528     .348    -.165
    5        .769    -.034    -.592     .890    -.873     .508
    4        .544     .706    -.825     .003     .888    -.863
    3        .339     .994     .137    -.941    -.092    1.000
    2        .168     .797    1.000     .230    -.751    -.918
    1        .050     .337     .755    1.000    1.000     .638



 ********************** EIGEN VECTORS (MASS NORMALIZED) ***********************



 STORY        1        2        3        4        5        6
    6        .294    -.229     .173    -.123     .078    -.036
    5        .226    -.008    -.135     .207    -.195     .113
    4        .160     .161    -.188     .001     .199    -.191
    3        .100     .227     .031    -.219    -.021     .222
    2        .049     .182     .228     .054    -.168    -.204
    1        .015     .077     .172     .233     .224     .141



 ***************** END OF MODAL ANALYSIS *****************






 ===========================================================================

 STATE AT END OF PUSH-OVER, V/W:   -.0475  , UTOP/H:   -.0005
 STORY   DISPLACEMENT
    6         -.4356
    5         -.3386
    4         -.2454
    3         -.1621
    2         -.0799
    1         -.0222

 STRESS STATE IN: COLUMNS
 ELEM.   P/Pu   V/Vu   M/Mu   phy/phyu
    1   .0270   .0014   .0299   .0004
    2   .0270   .0018   .0697   .0004
    3   .0270   .0041   .0702   .0002
    4   .0089   .0014   .0143   .0003
    5   .0089   .0006   .0118   .0002
    6   .0089   .0000   .0000   .0000
    7   .0696   .0020   .0341   .0002
    8   .0696   .0011   .0550   .0003
    9   .0696   .0043   .0560   .0001
   10   .0245   .0014   .0171   .0002
   11   .0245   .0007   .0147   .0002
   12   .0245   .0000   .0001   .0000
   13   .0696   .0020   .0341   .0002
   14   .0696   .0011   .0550   .0003
   15   .0696   .0043   .0560   .0001
   16   .0245   .0014   .0171   .0002
   17   .0245   .0007   .0147   .0002
   18   .0245   .0000   .0001   .0000
   19   .0270   .0014   .0299   .0004
   20   .0270   .0018   .0697   .0004
   21   .0270   .0041   .0702   .0002
   22   .0089   .0014   .0143   .0003
   23   .0089   .0006   .0118   .0002
   24   .0089   .0000   .0000   .0000
   25   .0296   .0073   .0669   .0007
   26   .0296   .0020   .0110   .0002
   27   .0296   .0015   .0111   .0002
   28   .0174   .0008   .0042   .0001
   29   .0174   .0004   .0043   .0001
   30   .0174   .0000   .0002   .0000
   31   .1543   .0047   .0618   .0000
   32   .1543   .0044   .0635   .0001
   33   .1543   .0007   .0066   .0001
   34   .0541   .0007   .0082   .0001
   35   .0541   .0005   .0083   .0001
   36   .0541   .0001   .0009   .0000
   37   .1543   .0047   .0618   .0000
   38   .1543   .0044   .0635   .0001
   39   .1543   .0007   .0066   .0001
   40   .0541   .0007   .0082   .0001
   41   .0541   .0005   .0083   .0001
   42   .0541   .0001   .0009   .0000
   43   .1543   .0047   .0618   .0000
   44   .1543   .0044   .0635   .0001
   45   .1543   .0007   .0066   .0001
   46   .0541   .0007   .0082   .0001
   47   .0541   .0005   .0083   .0001
   48   .0541   .0001   .0009   .0000
   49   .1543   .0047   .0618   .0000
   50   .1543   .0044   .0635   .0001
   51   .1543   .0007   .0066   .0001
   52   .0541   .0007   .0082   .0001
   53   .0541   .0005   .0083   .0001
   54   .0541   .0001   .0009   .0000
   55   .0296   .0073   .0669   .0007
   56   .0296   .0020   .0110   .0002
   57   .0296   .0015   .0111   .0002
   58   .0174   .0008   .0042   .0001
   59   .0174   .0004   .0043   .0001
   60   .0174   .0000   .0002   .0000
   61   .0696   .0020   .0341   .0002
   62   .0696   .0011   .0550   .0003
   63   .0696   .0043   .0560   .0001
   64   .0245   .0014   .0171   .0002
   65   .0245   .0007   .0147   .0002
   66   .0245   .0000   .0001   .0000
   67   .1543   .0047   .0618   .0000
   68   .1543   .0044   .0635   .0001
   69   .1543   .0007   .0066   .0001
   70   .0541   .0007   .0082   .0001
   71   .0541   .0005   .0083   .0001
   72   .0541   .0001   .0009   .0000
   73   .1444   .0042   .0613   .0001
   74   .1444   .0037   .0629   .0001
   75   .1444   .0009   .0097   .0001
   76   .0490   .0007   .0076   .0001
   77   .0490   .0005   .0077   .0001
   78   .0490   .0001   .0008   .0000
   79   .1444   .0042   .0613   .0001
   80   .1444   .0037   .0629   .0001
   81   .1444   .0009   .0097   .0001
   82   .0490   .0007   .0076   .0001
   83   .0490   .0005   .0077   .0001
   84   .0490   .0001   .0008   .0000
   85   .1543   .0047   .0618   .0000
   86   .1543   .0044   .0635   .0001
   87   .1543   .0007   .0066   .0001
   88   .0541   .0007   .0082   .0001
   89   .0541   .0005   .0083   .0001
   90   .0541   .0001   .0009   .0000
   91   .0696   .0020   .0341   .0002
   92   .0696   .0011   .0550   .0003
   93   .0696   .0043   .0560   .0001
   94   .0245   .0014   .0171   .0002
   95   .0245   .0007   .0147   .0002
   96   .0245   .0000   .0001   .0000

 STRESS STATE IN: WALLS  
 ELEM.   P/Pu   V/Vu   M/Mu   phy/phyu
    1   .0066   .0796   .0910   .0006
    2   .0066   .0215   .0439   .0006
    3   .0066   .0090   .0312   .0006
    4   .0063   .0151   .0196   .0005
    5   .0063   .0117   .0110   .0002
    6   .0063   .0081   .0045   .0001
    7   .0066   .0796   .0910   .0006
    8   .0066   .0215   .0439   .0006
    9   .0066   .0090   .0312   .0006
   10   .0063   .0151   .0196   .0005
   11   .0063   .0117   .0110   .0002
   12   .0063   .0081   .0045   .0001
