

  DEFORMATION AND STRESS STATE AT IMPORTANT ANALYSIS STAGES





 ===========================================================================

 AT TIME   2.9760
 FIRST WALL    CRACKS AT V/W:   -.2788  , UTOP/H:   -.0009



 ===========================================================================

 AT TIME   3.1060
 FIRST COLUMN  CRACKS AT V/W:   -.1896  , UTOP/H:   -.0072



 ===========================================================================

 AT TIME   3.1140
 FIRST WALL    YIELDS AT V/W:   -.2369  , UTOP/H:   -.0075



 ===========================================================================

 AT TIME   3.7585
 FIRST COLUMN  YIELDS AT V/W:    .3813  , UTOP/H:    .0125



 ===========================================================================

 AT TIME  10.0000




 ******************************** MODAL ANALYSIS *******************************


 MODE       FREQUENCY(Hz)    PERIOD(SEC)  MODAL PARTICIPATION  MODAL WEIGHT     RELATIVE MODAL
                                               FACTOR         (WEIGHT UNITS)      WEIGHT (%)


   1              .32934           3.03641           5.0660            9911.516           70.838
   2             1.90902            .52383           3.0192            3520.526           25.161
   3             6.57793            .15202            .8536             281.380            2.011
   4            13.35764            .07486           -.7918             242.142            1.731
   5            17.41109            .05743           -.3063              36.230             .259
   6            29.00491            .03448            .0139                .074             .001
  TOTAL WEIGHT................................................. 13991.868



 ********************* EIGEN VECTORS (MAXIMUM NORMALIZED) *********************



 STORY        1        2        3        4        5        6
    6       1.000    -.746     .899     .360    -.494    -.446
    5        .790    -.173    -.256    -.343     .657    1.000
    4        .580     .371   -1.000    -.388     .309    -.949
    3        .377     .804    -.621     .475   -1.000     .425
    2        .192    1.000     .866     .509     .814    -.123
    1        .092     .583     .885   -1.000    -.548     .030



 ********************** EIGEN VECTORS (MASS NORMALIZED) ***********************



 STORY        1        2        3        4        5        6
    6        .285    -.185     .188     .106    -.121    -.119
    5        .225    -.043    -.054    -.101     .160     .268
    4        .166     .092    -.210    -.114     .075    -.254
    3        .108     .199    -.130     .139    -.244     .114
    2        .055     .247     .182     .150     .199    -.033
    1        .026     .144     .186    -.294    -.134     .008



 ***************** END OF MODAL ANALYSIS *****************






 ===========================================================================

 AT TIME  20.0005




 ******************************** MODAL ANALYSIS *******************************


 MODE       FREQUENCY(Hz)    PERIOD(SEC)  MODAL PARTICIPATION  MODAL WEIGHT     RELATIVE MODAL
                                               FACTOR         (WEIGHT UNITS)      WEIGHT (%)


   1              .79423           1.25908           4.9263            9372.658           66.986
   2             4.65244            .21494           2.7807            2986.262           21.343
   3            12.07491            .08282           1.6175            1010.424            7.222
   4            21.23611            .04709           1.0490             424.938            3.037
   5            30.61489            .03266            .6429             159.627            1.141
   6            38.10229            .02625            .3135              37.959             .271
  TOTAL WEIGHT................................................. 13991.868



 ********************* EIGEN VECTORS (MAXIMUM NORMALIZED) *********************



 STORY        1        2        3        4        5        6
    6       1.000   -1.000     .758    -.527     .350    -.166
    5        .769    -.036    -.590     .885    -.874     .512
    4        .545     .705    -.827     .009     .883    -.868
    3        .340     .994     .132    -.937    -.078    1.000
    2        .169     .799    1.000     .219    -.763    -.910
    1        .050     .339     .761    1.000    1.000     .625



 ********************** EIGEN VECTORS (MASS NORMALIZED) ***********************



 STORY        1        2        3        4        5        6
    6        .294    -.228     .173    -.123     .078    -.037
    5        .226    -.008    -.134     .207    -.195     .114
    4        .160     .161    -.188     .002     .197    -.193
    3        .100     .227     .030    -.219    -.018     .222
    2        .050     .182     .228     .051    -.170    -.202
    1        .015     .077     .173     .234     .223     .139



 ***************** END OF MODAL ANALYSIS *****************






 ===========================================================================

 STATE AT END OF PUSH-OVER, V/W:   -.0736  , UTOP/H:   -.0046
 STORY   DISPLACEMENT
    6        -4.3009
    5        -3.4146
    4        -2.5352
    3        -1.6962
    2         -.9404
    1         -.6354

 STRESS STATE IN: COLUMNS
 ELEM.   P/Pu   V/Vu   M/Mu   phy/phyu
    1   .0270   .0013   .0286   .0015
    2   .0270   .0075   .1408   .0265
    3   .0270   .0023   .1291   .0051
    4   .0089   .0011   .0394   .0007
    5   .0089   .0017   .0294   .0005
    6   .0089   .0001   .0024   .0000
    7   .0696   .0053   .0880   .0032
    8   .0696   .0123   .2046   .0135
    9   .0696   .0107   .1948   .0073
   10   .0245   .0012   .0485   .0007
   11   .0245   .0020   .0406   .0006
   12   .0245   .0002   .0039   .0001
   13   .0696   .0053   .0880   .0032
   14   .0696   .0123   .2046   .0135
   15   .0696   .0107   .1948   .0073
   16   .0245   .0012   .0485   .0007
   17   .0245   .0020   .0406   .0006
   18   .0245   .0002   .0039   .0001
   19   .0270   .0013   .0286   .0015
   20   .0270   .0075   .1408   .0265
   21   .0270   .0023   .1291   .0051
   22   .0089   .0011   .0394   .0007
   23   .0089   .0017   .0294   .0005
   24   .0089   .0001   .0024   .0000
   25   .0296   .0009   .0182   .0152
   26   .0296   .0162   .1558   .0085
   27   .0296   .0172   .1571   .0031
   28   .0174   .0044   .0239   .0005
   29   .0174   .0024   .0213   .0004
   30   .0174   .0003   .0034   .0001
   31   .1543   .0014   .0184   .0002
   32   .1543   .0267   .1963   .0095
   33   .1543   .0088   .1257   .0100
   34   .0541   .0018   .0415   .0006
   35   .0541   .0023   .0314   .0004
   36   .0541   .0002   .0031   .0000
   37   .1543   .0014   .0184   .0002
   38   .1543   .0267   .1963   .0095
   39   .1543   .0088   .1257   .0100
   40   .0541   .0018   .0415   .0006
   41   .0541   .0023   .0314   .0004
   42   .0541   .0002   .0031   .0000
   43   .1543   .0014   .0184   .0002
   44   .1543   .0267   .1963   .0095
   45   .1543   .0088   .1257   .0100
   46   .0541   .0018   .0415   .0006
   47   .0541   .0023   .0314   .0004
   48   .0541   .0002   .0031   .0000
   49   .1543   .0014   .0184   .0002
   50   .1543   .0267   .1963   .0095
   51   .1543   .0088   .1257   .0100
   52   .0541   .0018   .0415   .0006
   53   .0541   .0023   .0314   .0004
   54   .0541   .0002   .0031   .0000
   55   .0296   .0009   .0182   .0152
   56   .0296   .0162   .1558   .0085
   57   .0296   .0172   .1571   .0031
   58   .0174   .0044   .0239   .0005
   59   .0174   .0024   .0213   .0004
   60   .0174   .0003   .0034   .0001
   61   .0696   .0053   .0880   .0032
   62   .0696   .0123   .2046   .0135
   63   .0696   .0107   .1948   .0073
   64   .0245   .0012   .0485   .0007
   65   .0245   .0020   .0406   .0006
   66   .0245   .0002   .0039   .0001
   67   .1543   .0014   .0184   .0002
   68   .1543   .0267   .1963   .0095
   69   .1543   .0088   .1257   .0100
   70   .0541   .0018   .0415   .0006
   71   .0541   .0023   .0314   .0004
   72   .0541   .0002   .0031   .0000
   73   .1444   .0021   .0305   .0004
   74   .1444   .0080   .1153   .0216
   75   .1444   .0016   .0522   .0020
   76   .0490   .0049   .0720   .0010
   77   .0490   .0015   .0222   .0003
   78   .0490   .0001   .0011   .0000
   79   .1444   .0021   .0305   .0004
   80   .1444   .0080   .1153   .0216
   81   .1444   .0016   .0522   .0020
   82   .0490   .0049   .0720   .0010
   83   .0490   .0015   .0222   .0003
   84   .0490   .0001   .0011   .0000
   85   .1543   .0014   .0184   .0002
   86   .1543   .0267   .1963   .0095
   87   .1543   .0088   .1257   .0100
   88   .0541   .0018   .0415   .0006
   89   .0541   .0023   .0314   .0004
   90   .0541   .0002   .0031   .0000
   91   .0696   .0053   .0880   .0032
   92   .0696   .0123   .2046   .0135
   93   .0696   .0107   .1948   .0073
   94   .0245   .0012   .0485   .0007
   95   .0245   .0020   .0406   .0006
   96   .0245   .0002   .0039   .0001

 STRESS STATE IN: WALLS  
 ELEM.   P/Pu   V/Vu   M/Mu   phy/phyu
    1   .0066   .1037   .1616   .0504
    2   .0066   .0683   .0750   .0401
    3   .0066   .0056   .0823   .0402
    4   .0063   .0629   .0859   .0040
    5   .0063   .0841   .0538   .0008
    6   .0063   .0141   .0079   .0001
    7   .0066   .1037   .1616   .0504
    8   .0066   .0683   .0750   .0401
    9   .0066   .0056   .0823   .0402
   10   .0063   .0629   .0859   .0040
   11   .0063   .0841   .0538   .0008
   12   .0063   .0141   .0079   .0001
