

  DEFORMATION AND STRESS STATE AT IMPORTANT ANALYSIS STAGES





 ===========================================================================

 AT TIME   3.0100
 FIRST WALL    CRACKS AT V/W:   -.1716  , UTOP/H:   -.0022



 ===========================================================================

 AT TIME   3.1275
 FIRST WALL    YIELDS AT V/W:   -.2624  , UTOP/H:   -.0068



 ===========================================================================

 AT TIME   3.1295
 FIRST COLUMN  CRACKS AT V/W:   -.2584  , UTOP/H:   -.0068



 ===========================================================================

 AT TIME   4.9660
 FIRST COLUMN  YIELDS AT V/W:    .0110  , UTOP/H:   -.0228



 ===========================================================================

 AT TIME  10.0000




 ******************************** MODAL ANALYSIS *******************************


 MODE       FREQUENCY(Hz)    PERIOD(SEC)  MODAL PARTICIPATION  MODAL WEIGHT     RELATIVE MODAL
                                               FACTOR         (WEIGHT UNITS)      WEIGHT (%)


   1              .65209           1.53354           4.7612            8754.866           62.571
   2             3.96610            .25214           3.0328            3552.219           25.388
   3             9.81943            .10184           1.5537             932.293            6.663
   4            19.30781            .05179           -.8893             305.406            2.183
   5            27.27954            .03666          -1.0196             401.462            2.869
   6            31.74697            .03150            .3437              45.622             .326
  TOTAL WEIGHT................................................. 13991.868



 ********************* EIGEN VECTORS (MAXIMUM NORMALIZED) *********************



 STORY        1        2        3        4        5        6
    6       1.000    -.882     .659     .517    -.244    -.334
    5        .756    -.018    -.392    -.776     .525     .824
    4        .517     .698    -.788    -.179    -.389   -1.000
    3        .295    1.000     .016    1.000    -.078     .756
    2        .114     .826    1.000    -.338     .597    -.555
    1        .033     .320     .559    -.717   -1.000     .484



 ********************** EIGEN VECTORS (MASS NORMALIZED) ***********************



 STORY        1        2        3        4        5        6
    6        .301    -.207     .169     .131    -.072    -.079
    5        .228    -.004    -.100    -.197     .155     .195
    4        .156     .164    -.202    -.046    -.115    -.237
    3        .089     .234     .004     .254    -.023     .179
    2        .034     .194     .256    -.086     .177    -.131
    1        .010     .075     .143    -.182    -.296     .115



 ***************** END OF MODAL ANALYSIS *****************






 ===========================================================================

 AT TIME  20.0005




 ******************************** MODAL ANALYSIS *******************************


 MODE       FREQUENCY(Hz)    PERIOD(SEC)  MODAL PARTICIPATION  MODAL WEIGHT     RELATIVE MODAL
                                               FACTOR         (WEIGHT UNITS)      WEIGHT (%)


   1              .79065           1.26478           4.9309            9389.801           67.109
   2             4.63986            .21552           2.7778            2980.020           21.298
   3            12.05702            .08294           1.6140            1006.007            7.190
   4            21.21222            .04714           1.0450             421.723            3.014
   5            30.60079            .03268            .6376             156.998            1.122
   6            38.10921            .02624            .3109              37.319             .267
  TOTAL WEIGHT................................................. 13991.868



 ********************* EIGEN VECTORS (MAXIMUM NORMALIZED) *********************



 STORY        1        2        3        4        5        6
    6       1.000   -1.000     .761    -.526     .352    -.166
    5        .770    -.037    -.590     .884    -.879     .512
    4        .546     .702    -.830     .012     .886    -.868
    3        .341     .993     .129    -.936    -.076    1.000
    2        .170     .799    1.000     .213    -.768    -.910
    1        .050     .341     .766    1.000    1.000     .623



 ********************** EIGEN VECTORS (MASS NORMALIZED) ***********************



 STORY        1        2        3        4        5        6
    6        .293    -.229     .173    -.123     .078    -.037
    5        .226    -.009    -.134     .207    -.196     .114
    4        .160     .160    -.188     .003     .197    -.193
    3        .100     .227     .029    -.219    -.017     .222
    2        .050     .183     .227     .050    -.171    -.202
    1        .015     .078     .174     .234     .223     .139



 ***************** END OF MODAL ANALYSIS *****************






 ===========================================================================

 STATE AT END OF PUSH-OVER, V/W:   -.0533  , UTOP/H:    .0092
 STORY   DISPLACEMENT
    6         8.6450
    5         7.0364
    4         5.4263
    3         3.7950
    2         2.1522
    1          .6390

 STRESS STATE IN: COLUMNS
 ELEM.   P/Pu   V/Vu   M/Mu   phy/phyu
    1   .0270   .0097   .2119   .0502
    2   .0270   .0241   .4959   .0231
    3   .0270   .0295   .4447   .0139
    4   .0089   .0006   .0218   .0004
    5   .0089   .0009   .0140   .0002
    6   .0089   .0001   .0026   .0000
    7   .0696   .0099   .1656   .0166
    8   .0696   .0110   .1554   .0217
    9   .0696   .0021   .0247   .0019
   10   .0245   .0013   .0361   .0011
   11   .0245   .0018   .0321   .0004
   12   .0245   .0003   .0072   .0001
   13   .0696   .0099   .1656   .0166
   14   .0696   .0110   .1554   .0217
   15   .0696   .0021   .0247   .0019
   16   .0245   .0013   .0361   .0011
   17   .0245   .0018   .0321   .0004
   18   .0245   .0003   .0072   .0001
   19   .0270   .0097   .2119   .0502
   20   .0270   .0241   .4959   .0231
   21   .0270   .0295   .4447   .0139
   22   .0089   .0006   .0218   .0004
   23   .0089   .0009   .0140   .0002
   24   .0089   .0001   .0026   .0000
   25   .0296   .0167   .1213   .0171
   26   .0296   .0165   .0950   .0144
   27   .0296   .0081   .0622   .0012
   28   .0174   .0019   .0213   .0004
   29   .0174   .0001   .0016   .0000
   30   .0174   .0000   .0001   .0000
   31   .1543   .0077   .1018   .0123
   32   .1543   .0093   .0977   .0194
   33   .1543   .0009   .0097   .0019
   34   .0541   .0012   .0246   .0003
   35   .0541   .0015   .0190   .0003
   36   .0541   .0003   .0040   .0001
   37   .1543   .0077   .1018   .0123
   38   .1543   .0093   .0977   .0194
   39   .1543   .0009   .0097   .0019
   40   .0541   .0012   .0246   .0003
   41   .0541   .0015   .0190   .0003
   42   .0541   .0003   .0040   .0001
   43   .1543   .0077   .1018   .0123
   44   .1543   .0093   .0977   .0194
   45   .1543   .0009   .0097   .0019
   46   .0541   .0012   .0246   .0003
   47   .0541   .0015   .0190   .0003
   48   .0541   .0003   .0040   .0001
   49   .1543   .0077   .1018   .0123
   50   .1543   .0093   .0977   .0194
   51   .1543   .0009   .0097   .0019
   52   .0541   .0012   .0246   .0003
   53   .0541   .0015   .0190   .0003
   54   .0541   .0003   .0040   .0001
   55   .0296   .0167   .1213   .0171
   56   .0296   .0165   .0950   .0144
   57   .0296   .0081   .0622   .0012
   58   .0174   .0019   .0213   .0004
   59   .0174   .0001   .0016   .0000
   60   .0174   .0000   .0001   .0000
   61   .0696   .0099   .1656   .0166
   62   .0696   .0110   .1554   .0217
   63   .0696   .0021   .0247   .0019
   64   .0245   .0013   .0361   .0011
   65   .0245   .0018   .0321   .0004
   66   .0245   .0003   .0072   .0001
   67   .1543   .0077   .1018   .0123
   68   .1543   .0093   .0977   .0194
   69   .1543   .0009   .0097   .0019
   70   .0541   .0012   .0246   .0003
   71   .0541   .0015   .0190   .0003
   72   .0541   .0003   .0040   .0001
   73   .1444   .0076   .1115   .0100
   74   .1444   .0090   .1125   .0378
   75   .1444   .0004   .0030   .0027
   76   .0490   .0000   .0108   .0002
   77   .0490   .0013   .0166   .0002
   78   .0490   .0002   .0034   .0000
   79   .1444   .0076   .1115   .0100
   80   .1444   .0090   .1125   .0378
   81   .1444   .0004   .0030   .0027
   82   .0490   .0000   .0108   .0002
   83   .0490   .0013   .0166   .0002
   84   .0490   .0002   .0034   .0000
   85   .1543   .0077   .1018   .0123
   86   .1543   .0093   .0977   .0194
   87   .1543   .0009   .0097   .0019
   88   .0541   .0012   .0246   .0003
   89   .0541   .0015   .0190   .0003
   90   .0541   .0003   .0040   .0001
   91   .0696   .0099   .1656   .0166
   92   .0696   .0110   .1554   .0217
   93   .0696   .0021   .0247   .0019
   94   .0245   .0013   .0361   .0011
   95   .0245   .0018   .0321   .0004
   96   .0245   .0003   .0072   .0001

 STRESS STATE IN: WALLS  
 ELEM.   P/Pu   V/Vu   M/Mu   phy/phyu
    1   .0066   .0694   .0400   .0624
    2   .0066   .0248   .0283   .0453
    3   .0066   .0505   .0173   .0050
    4   .0063   .0299   .0282   .0004
    5   .0063   .0479   .0279   .0004
    6   .0063   .0031   .0018   .0000
    7   .0066   .0694   .0400   .0624
    8   .0066   .0248   .0283   .0453
    9   .0066   .0505   .0173   .0050
   10   .0063   .0299   .0282   .0004
   11   .0063   .0479   .0279   .0004
   12   .0063   .0031   .0018   .0000
