


 TIME HISTORY FOR STORY NO.  5



    TIME   DISPLACEMENT    STORY DRIFT    STORY SHEAR   ACCELERATION     VELOCITY          DAMAGE    DAMAGE
                                                                                          BEAM-SLAB  COL-WALL

    .000     .00000E+00     .00000E+00     .00000E+00     .00000E+00     .00000E+00         .000      .000
    .010    -.21478E-05     .43477E-10    -.73502E-03     .24015E-03    -.18180E-04         .000      .000
    .020    -.38866E-06     .11218E-06     .13715E-02    -.14208E-02    -.77582E-04         .000      .000
    .030    -.37542E-05     .19460E-06     .13446E-01    -.15199E-02    -.14793E-03         .000      .000
    .040    -.33156E-05    -.80530E-07    -.27240E-02     .28252E-02    -.21538E-03         .000      .000
    .050    -.83673E-05    -.83779E-07     .69938E-02    -.58298E-03    -.37127E-03         .000      .000
    .060    -.11150E-04    -.18059E-06     .10088E-01    -.10645E-02    -.65053E-03         .000      .000
    .070    -.21569E-04    -.26612E-06     .23853E-01    -.33426E-02    -.98510E-03         .000      .000
    .080    -.31028E-04    -.54224E-06     .31870E-01    -.33061E-02    -.13752E-02         .000      .000
    .090    -.49330E-04    -.95940E-06     .61873E-01    -.55886E-02    -.18388E-02         .000      .000
    .100    -.68026E-04    -.21904E-05     .78572E-01    -.25009E-02    -.23720E-02         .000      .000
    .110    -.96910E-04    -.43449E-05     .10800E+00    -.20454E-02    -.29455E-02         .000      .000
    .120    -.12713E-03    -.80185E-05     .12599E+00     .26471E-03    -.35816E-02         .000      .000
    .130    -.16871E-03    -.13376E-04     .15806E+00    -.15202E-02    -.42633E-02         .000      .000
    .140    -.21240E-03    -.21109E-04     .17279E+00    -.18951E-03    -.49490E-02         .000      .000
    .150    -.26536E-03    -.31341E-04     .19708E+00    -.19821E-02    -.49358E-02         .000      .000
    .160    -.31030E-03    -.44800E-04     .20371E+00     .56920E-03    -.46780E-02         .000      .000
    .170    -.36316E-03    -.62247E-04     .18989E+00     .11516E-01    -.56816E-02         .000      .000
    .180    -.42733E-03    -.84204E-04     .68938E-01     .35149E-01    -.77167E-02         .000      .000
    .190    -.51895E-03    -.10714E-03    -.23253E-01     .21328E-01    -.10200E-01         .000      .000
    .200    -.63303E-03    -.12819E-03     .39219E-01    -.29628E-01    -.13180E-01         .000      .000
    .210    -.78238E-03    -.14870E-03     .21765E+00    -.64691E-01    -.16085E-01         .000      .000
    .220    -.95166E-03    -.17270E-03     .35536E+00    -.43673E-01    -.18074E-01         .000      .000
    .230    -.11416E-02    -.20316E-03     .46089E+00     .75979E-02    -.19407E-01         .000      .000
    .240    -.13382E-02    -.24361E-03     .48468E+00     .67577E-01    -.20267E-01         .000      .000
    .250    -.15453E-02    -.29577E-03     .43798E+00     .96994E-01    -.20632E-01         .000      .000
    .260    -.17467E-02    -.35954E-03     .34439E+00     .82194E-01    -.19770E-01         .000      .000
    .270    -.19312E-02    -.43385E-03     .24423E+00     .39785E-01    -.16061E-01         .000      .000
    .280    -.20605E-02    -.51888E-03     .50952E-01     .25631E-01    -.10122E-01         .000      .000
    .290    -.21317E-02    -.61488E-03    -.36066E+00     .79847E-01    -.35912E-02         .000      .000
    .300    -.21324E-02    -.71867E-03    -.11243E+01     .18133E+00     .28860E-02         .000      .000
    .310    -.20828E-02    -.81833E-03    -.20036E+01     .21918E+00     .66907E-02         .000      .000
    .320    -.20121E-02    -.89926E-03    -.27554E+01     .15750E+00     .64605E-02         .000      .000
    .330    -.19588E-02    -.94753E-03    -.32171E+01     .23671E-01     .46893E-02         .000      .000
    .340    -.19103E-02    -.95277E-03    -.32291E+01    -.12180E+00     .53468E-02         .000      .000
    .350    -.18229E-02    -.91515E-03    -.27900E+01    -.17599E+00     .14748E-01         .000      .000
    .360    -.15772E-02    -.84866E-03    -.23055E+01    -.39658E-01     .35570E-01         .000      .000
    .370    -.11090E-02    -.77293E-03    -.22632E+01     .27918E+00     .57120E-01         .000      .000
    .380    -.48423E-03    -.70016E-03    -.32062E+01     .65902E+00     .63799E-01         .000      .000
    .390     .10119E-03    -.60993E-03    -.47890E+01     .72782E+00     .50609E-01         .000      .000
    .400     .48651E-03    -.44893E-03    -.53286E+01     .12698E+00     .24941E-01         .000      .000
    .410     .59614E-03    -.17804E-03    -.33348E+01    -.90690E+00    -.16654E-02         .000      .000
    .420     .45547E-03     .17981E-03     .53608E+00    -.15109E+01    -.27278E-01         .000      .000
    .430     .59841E-04     .55109E-03     .41964E+01    -.10620E+01    -.50043E-01         .000      .000
    .440    -.52171E-03     .86492E-03     .63889E+01     .73277E-01    -.66022E-01         .000      .000
    .450    -.12617E-02     .10840E-02     .79613E+01     .88801E+00    -.82648E-01         .000      .000
    .460    -.21955E-02     .11813E-02     .96189E+01     .88783E+00    -.10556E+00         .000      .000
    .470    -.33785E-02     .11361E-02     .11227E+02     .22610E+00    -.13002E+00         .000      .000
    .480    -.47850E-02     .94061E-03     .12742E+02    -.62089E+00    -.15103E+00         .000      .000
    .490    -.63712E-02     .58277E-03     .13787E+02    -.10232E+01    -.16348E+00         .000      .000
    .500    -.79850E-02     .40260E-04     .13336E+02    -.62766E+00    -.15506E+00         .000      .000
    .510    -.94008E-02    -.69819E-03     .11062E+02     .27565E+00    -.12533E+00         .000      .000
    .520    -.10473E-01    -.16304E-02     .68619E+01     .12286E+01    -.90250E-01         .000      .000
    .530    -.11231E-01    -.27257E-02     .38649E+00     .18319E+01    -.62943E-01         .000      .000
    .540    -.11779E-01    -.38899E-02    -.73454E+01     .16231E+01    -.49851E-01         .000      .000
    .550    -.12261E-01    -.49838E-02    -.13985E+02     .54009E+00    -.46381E-01         .000      .000
    .560    -.12678E-01    -.58882E-02    -.18259E+02    -.70893E+00    -.34060E-01         .000      .000
    .570    -.12879E-01    -.65425E-02    -.20451E+02    -.11859E+01    -.27189E-02         .000      .000
    .580    -.12699E-01    -.69501E-02    -.22159E+02    -.34174E+00     .38841E-01         .000      .000
    .590    -.12105E-01    -.71358E-02    -.25008E+02     .13904E+01     .79219E-01         .000      .000
    .600    -.11197E-01    -.70818E-02    -.28289E+02     .26142E+01     .94343E-01         .000      .000
    .610    -.10399E-01    -.67274E-02    -.29360E+02     .22299E+01     .55186E-01         .000      .000
    .620    -.10281E-01    -.60150E-02    -.26444E+02     .37909E+00    -.40132E-01         .000      .000
    .630    -.11336E-01    -.49176E-02    -.18147E+02    -.20393E+01    -.17520E+00         .000      .000
    .640    -.13819E-01    -.34981E-02    -.41701E+01    -.36958E+01    -.32003E+00         .000      .000
    .650    -.17602E-01    -.19531E-02     .13224E+02    -.35025E+01    -.42446E+00         .000      .000
    .660    -.22065E-01    -.58295E-03     .30702E+02    -.14967E+01    -.45621E+00         .000      .000
    .670    -.26325E-01     .26456E-03     .44639E+02     .14165E+01    -.36806E+00         .000      .000
    .680    -.28979E-01     .27587E-03     .51220E+02     .40009E+01    -.14636E+00         .000      .000
    .690    -.29157E-01    -.74604E-03     .47702E+02     .55370E+01     .10386E+00         .000      .000
    .700    -.27136E-01    -.28182E-02     .29835E+02     .63013E+01     .28411E+00         .000      .000
    .710    -.23723E-01    -.55945E-02     .24323E-01     .51062E+01     .38921E+00         .000      .000
    .720    -.19566E-01    -.84076E-02    -.28099E+02     .53192E+00     .42993E+00         .000      .000
    .730    -.15418E-01    -.10687E-01    -.45658E+02    -.47768E+01     .38445E+00         .000      .000
    .740    -.12082E-01    -.12175E-01    -.57175E+02    -.62177E+01     .27884E+00         .000      .000
    .750    -.97584E-02    -.12738E-01    -.66156E+02    -.33816E+01     .19724E+00         .000      .000
    .760    -.77588E-02    -.12280E-01    -.67716E+02     .35783E+00     .22781E+00         .000      .000
    .770    -.47937E-02    -.10906E-01    -.59861E+02     .28703E+01     .38059E+00         .000      .000
    .780    -.41188E-04    -.89416E-02    -.49884E+02     .46623E+01     .56549E+00         .000      .000
    .790     .62976E-02    -.66734E-02    -.46866E+02     .60764E+01     .68466E+00         .000      .000
    .800     .13318E-01    -.40613E-02    -.49002E+02     .50462E+01     .70276E+00         .000      .000
    .810     .20074E-01    -.80949E-03    -.44012E+02    -.16927E+00     .63724E+00         .000      .000
    .820     .25858E-01     .32464E-02    -.24156E+02    -.70354E+01     .51210E+00         .000      .000
    .830     .30207E-01     .78963E-02     .49791E+01    -.10215E+02     .35611E+00         .000      .000
    .840     .32919E-01     .12687E-01     .32875E+02    -.72530E+01     .18153E+00         .000      .000
    .850     .33795E-01     .17169E-01     .55439E+02    -.10484E+01    -.74754E-02         .000      .000
    .860     .32742E-01     .21004E-01     .75416E+02     .31677E+01    -.20628E+00         .000      .000
    .870     .29593E-01     .23926E-01     .96937E+02     .23930E+01    -.42842E+00         .000      .000
    .880     .24104E-01     .25666E-01     .11900E+03    -.18575E+01    -.67043E+00         .000      .000
    .890     .16275E-01     .25970E-01     .13664E+03    -.58994E+01    -.88399E+00         .000      .000
    .900     .67826E-02     .24656E-01     .14652E+03    -.71256E+01    -.98957E+00         .000      .000
    .910    -.28398E-02     .21570E-01     .14647E+03    -.47646E+01    -.89236E+00         .000      .000
    .920    -.10213E-01     .16553E-01     .13220E+03     .57087E+00    -.54038E+00         .000      .000
    .930    -.13083E-01     .95376E-02     .97446E+02     .73372E+01    -.20024E-01         .000      .000
    .940    -.10866E-01     .75331E-03     .36695E+02     .13338E+02     .42365E+00         .000      .000
    .950    -.55478E-02    -.89844E-02    -.46607E+02     .15029E+02     .58503E+00         .000      .000
    .960    -.88597E-04    -.18166E-01    -.13104E+03     .82530E+01     .46880E+00         .000      .000
    .970     .35505E-02    -.25060E-01    -.18466E+03    -.65722E+01     .27101E+00         .000      .000
    .980     .57093E-02    -.28622E-01    -.19389E+03    -.19958E+02     .19081E+00         .000      .000
    .990     .80511E-02    -.28958E-01    -.17709E+03    -.19509E+02     .31899E+00         .000      .000
   1.000     .12674E-01    -.26881E-01    -.16479E+03    -.26398E+01     .62047E+00         .000      .000
   1.010     .20433E-01    -.23062E-01    -.16715E+03     .18545E+02     .90807E+00         .000      .000
   1.020     .30226E-01    -.17640E-01    -.17032E+03     .27636E+02     .10085E+01         .000      .000
   1.030     .39778E-01    -.10350E-01    -.15211E+03     .16883E+02     .86159E+00         .000      .000
   1.040     .46618E-01    -.97268E-03    -.98367E+02    -.68862E+01     .46755E+00         .000      .000
   1.050     .48364E-01     .10175E-01    -.16093E+02    -.26883E+02    -.14987E+00         .000      .000
   1.060     .43396E-01     .22178E-01     .74254E+02    -.30291E+02    -.83222E+00         .000      .000
   1.070     .32389E-01     .33832E-01     .16169E+03    -.18577E+02    -.13168E+01         .000      .000
   1.080     .18101E-01     .43719E-01     .24645E+03    -.22182E+01    -.14932E+01         .000      .000
   1.090     .32774E-02     .50132E-01     .31659E+03     .11202E+02    -.14457E+01         .000      .000
   1.100    -.10511E-01     .51566E-01     .34844E+03     .18324E+02    -.13087E+01         .000      .000
   1.110    -.22883E-01     .47516E-01     .33530E+03     .16007E+02    -.11685E+01         .000      .000
   1.120    -.33933E-01     .38566E-01     .29206E+03     .43656E+01    -.10426E+01         .000      .000
   1.130    -.43800E-01     .25801E-01     .23305E+03    -.94236E+01    -.93274E+00         .000      .000
   1.140    -.52727E-01     .10282E-01     .15836E+03    -.15092E+02    -.86153E+00         .000      .000
   1.150    -.61136E-01    -.69802E-02     .62399E+02    -.83113E+01    -.82231E+00         .000      .000
   1.160    -.69027E-01    -.24790E-01    -.48804E+02     .48109E+01    -.74282E+00         .000      .000
   1.170    -.75700E-01    -.41761E-01    -.15512E+03     .13751E+02    -.57865E+00         .000      .000
   1.180    -.80379E-01    -.56643E-01    -.24079E+03     .13980E+02    -.34800E+00         .000      .000
   1.190    -.82517E-01    -.68511E-01    -.30579E+03     .90101E+01    -.72565E-01         .000      .000
   1.200    -.81570E-01    -.76611E-01    -.35388E+03     .40133E+01     .28202E+00         .000      .000
   1.210    -.76480E-01    -.80298E-01    -.38232E+03     .15839E+01     .75592E+00         .000      .000
   1.220    -.66162E-01    -.79242E-01    -.38784E+03     .25538E+01     .13170E+01         .000      .000
   1.230    -.49973E-01    -.73563E-01    -.37504E+03     .67367E+01     .19278E+01         .000      .000
   1.240    -.27694E-01    -.63622E-01    -.34936E+03     .11254E+02     .25106E+01         .000      .000
   1.250    -.39759E-03    -.49815E-01    -.30992E+03     .12137E+02     .29015E+01         .000      .000
   1.260     .29288E-01    -.32550E-01    -.25492E+03     .77424E+01     .29781E+01         .000      .000
   1.270     .58304E-01    -.12216E-01    -.17963E+03    -.16524E+01     .27972E+01         .000      .000
   1.280     .84908E-01     .10654E-01    -.75702E+02    -.13522E+02     .25211E+01         .000      .000
   1.290     .10876E+00     .34942E-01     .53539E+02    -.21335E+02     .22576E+01         .000      .000
   1.300     .13026E+00     .58822E-01     .18364E+03    -.18448E+02     .20561E+01         .000      .000
   1.310     .14998E+00     .80320E-01     .28863E+03    -.64253E+01     .18806E+01         .000      .000
   1.320     .16741E+00     .97936E-01     .36113E+03     .49855E+01     .15606E+01         .000      .000
   1.330     .18062E+00     .11086E+00     .40748E+03     .65046E+01     .10694E+01         .000      .000
   1.340     .18873E+00     .11890E+00     .44045E+03    -.46746E+01     .55809E+00         .000      .000
   1.350     .19177E+00     .12210E+00     .47017E+03    -.21386E+02     .46247E-01         .000      .000
   1.360     .18953E+00     .12023E+00     .48031E+03    -.28678E+02    -.49725E+00         .000      .000
   1.370     .18196E+00     .11309E+00     .44647E+03    -.20114E+02    -.10019E+01         .000      .000
   1.380     .16994E+00     .10118E+00     .37593E+03    -.53382E+01    -.13781E+01         .000      .000
   1.390     .15488E+00     .85460E-01     .29309E+03     .37230E+01    -.16132E+01         .000      .000
   1.400     .13812E+00     .66827E-01     .20602E+03     .45942E+01    -.17121E+01         .000      .000
   1.410     .12109E+00     .46213E-01     .10984E+03     .13116E+01    -.16717E+01         .000      .000
   1.420     .10493E+00     .24819E-01     .43055E+01    -.17129E+01    -.15592E+01         .000      .000
   1.430     .89940E-01     .40552E-02    -.10491E+03    -.19066E+01    -.14371E+01         .000      .000
   1.440     .76288E-01    -.14598E-01    -.20741E+03     .78450E-02    -.12850E+01         .000      .000
   1.450     .64426E-01    -.29776E-01    -.28768E+03     .14205E+01    -.10775E+01         .000      .000
   1.460     .54945E-01    -.40576E-01    -.33776E+03     .22127E+01    -.80712E+00         .000      .000
   1.470     .48504E-01    -.46637E-01    -.36219E+03     .40051E+01    -.47027E+00         .000      .000
   1.480     .45614E-01    -.47906E-01    -.36572E+03     .64486E+01    -.11166E+00         .000      .000
   1.490     .45991E-01    -.44499E-01    -.34821E+03     .76321E+01     .16256E+00         .000      .000
   1.500     .48395E-01    -.36701E-01    -.30848E+03     .60585E+01     .29543E+00         .000      .000
   1.510     .51584E-01    -.24955E-01    -.24366E+03     .11019E+01     .33347E+00         .000      .000
   1.520     .54855E-01    -.99930E-02    -.15152E+03    -.55812E+01     .31007E+00         .000      .000
   1.530     .57518E-01     .69577E-02    -.41519E+02    -.92866E+01     .20856E+00         .000      .000
   1.540     .58676E-01     .24322E-01     .67491E+02    -.70380E+01     .20503E-02         .000      .000
   1.550     .57150E-01     .40616E-01     .16517E+03    -.20202E+01    -.32920E+00         .000      .000
   1.560     .51730E-01     .54641E-01     .25328E+03    -.63329E-01    -.77063E+00         .000      .000
   1.570     .41581E-01     .65374E-01     .33467E+03    -.35565E+01    -.12587E+01         .000      .000
   1.580     .26702E-01     .71844E-01     .40486E+03    -.94761E+01    -.17014E+01         .000      .000
   1.590     .78385E-02     .73142E-01     .45187E+03    -.12229E+02    -.20569E+01         .000      .000
   1.600    -.14093E-01     .68571E-01     .46178E+03    -.84464E+01    -.23093E+01         .000      .000
   1.610    -.37606E-01     .57922E-01     .42841E+03    -.40284E+00    -.23412E+01         .000      .000
   1.620    -.59866E-01     .41603E-01     .35924E+03     .60296E+01    -.20601E+01         .000      .000
   1.630    -.78134E-01     .20403E-01     .26180E+03     .88922E+01    -.15767E+01         .000      .000
   1.640    -.91191E-01    -.46346E-02     .12935E+03     .11462E+02    -.10299E+01         .000      .000
   1.650    -.98731E-01    -.31805E-01    -.37796E+02     .13790E+02    -.48410E+00         .000      .000
   1.660    -.10105E+00    -.58615E-01    -.21369E+03     .11880E+02     .87690E-02         .000      .000
   1.670    -.98900E-01    -.82444E-01    -.37009E+03     .59121E+01     .39966E+00         .000      .000
   1.680    -.93544E-01    -.10112E+00    -.49452E+03     .83147E+00     .64528E+00         .000      .000
   1.690    -.86417E-01    -.11302E+00    -.58225E+03     .22242E+00     .76473E+00         .000      .000
   1.700    -.78355E-01    -.11705E+00    -.62551E+03     .28232E+01     .85155E+00         .000      .000
   1.710    -.69140E-01    -.11277E+00    -.61453E+03     .50156E+01     .10112E+01         .000      .000
   1.720    -.57631E-01    -.10061E+00    -.54928E+03     .55843E+01     .13207E+01         .000      .000
   1.730    -.42381E-01    -.81816E-01    -.44445E+03     .62003E+01     .17341E+01         .000      .000
   1.740    -.23009E-01    -.58162E-01    -.32101E+03     .81196E+01     .21296E+01         .000      .000
   1.750     .87990E-04    -.31405E-01    -.19344E+03     .91829E+01     .24871E+01         .000      .000
   1.760     .26505E-01    -.30429E-02    -.60676E+02     .51700E+01     .27755E+01         .000      .000
   1.770     .54883E-01     .25444E-01     .78344E+02    -.30611E+01     .28516E+01         .000      .000
   1.780     .82659E-01     .52417E-01     .20781E+03    -.94738E+01     .26667E+01         .000      .000
   1.790     .10756E+00     .76476E-01     .31536E+03    -.12135E+02     .22845E+01         .000      .000
   1.800     .12774E+00     .96635E-01     .40613E+03    -.13689E+02     .17192E+01         .000      .000
   1.810     .14151E+00     .11198E+00     .48095E+03    -.14520E+02     .10252E+01         .000      .000
   1.820     .14823E+00     .12166E+00     .53206E+03    -.14040E+02     .32740E+00         .000      .000
   1.830     .14831E+00     .12512E+00     .55667E+03    -.12933E+02    -.29714E+00         .000      .000
   1.840     .14259E+00     .12206E+00     .55092E+03    -.10690E+02    -.83035E+00         .000      .000
   1.850     .13198E+00     .11249E+00     .50828E+03    -.69189E+01    -.12786E+01         .000      .000
   1.860     .11719E+00     .97015E-01     .43063E+03    -.34692E+01    -.16778E+01         .000      .000
   1.870     .98491E-01     .76739E-01     .32795E+03    -.22781E+01    -.20586E+01         .000      .000
   1.880     .76059E-01     .53116E-01     .21144E+03    -.33484E+01    -.24263E+01         .000      .000
   1.890     .50279E-01     .27749E-01     .91780E+02    -.50726E+01    -.26993E+01         .000      .000
   1.900     .22700E-01     .21824E-02    -.22582E+02    -.52361E+01    -.27840E+01         .000      .000
   1.910    -.49394E-02    -.22287E-01    -.12763E+03    -.17944E+01    -.27299E+01         .000      .000
   1.920    -.31504E-01    -.44657E-01    -.22696E+03     .58166E+01    -.25580E+01         .000      .000
   1.930    -.55523E-01    -.63938E-01    -.31805E+03     .13147E+02    -.22155E+01         .000      .000
   1.940    -.75395E-01    -.79100E-01    -.38500E+03     .14640E+02    -.17484E+01         .000      .000
   1.950    -.90434E-01    -.89493E-01    -.42209E+03     .11617E+02    -.12624E+01         .000      .000
   1.960    -.10087E+00    -.94867E-01    -.43791E+03     .87432E+01    -.84196E+00         .000      .000
   1.970    -.10758E+00    -.95070E-01    -.43364E+03     .70208E+01    -.51483E+00         .000      .000
   1.980    -.11141E+00    -.90090E-01    -.40142E+03     .50191E+01    -.26303E+00         .000      .000
   1.990    -.11314E+00    -.80336E-01    -.33723E+03     .25986E+01    -.98709E-01         .000      .000
   2.000    -.11377E+00    -.66769E-01    -.24843E+03     .15884E+01    -.48244E-01         .000      .000
   2.010    -.11454E+00    -.50704E-01    -.14754E+03     .26163E+01    -.12945E+00         .000      .000
   2.020    -.11671E+00    -.33503E-01    -.41074E+02     .34229E+01    -.31674E+00         .000      .000
   2.030    -.12103E+00    -.16504E-01     .69846E+02     .15836E+01    -.55143E+00         .000      .000
   2.040    -.12784E+00    -.11086E-02     .18099E+03    -.22081E+01    -.81680E+00         .000      .000
   2.050    -.13739E+00     .11199E-01     .27914E+03    -.43883E+01    -.10862E+01         .000      .000
   2.060    -.14944E+00     .19099E-01     .34957E+03    -.30029E+01    -.13181E+01         .000      .000
   2.070    -.16353E+00     .21692E-01     .38677E+03     .32864E+00    -.14846E+01         .000      .000
   2.080    -.17877E+00     .18522E-01     .39002E+03     .33387E+01    -.15418E+01         .000      .000
   2.090    -.19398E+00     .95568E-02     .35917E+03     .49785E+01    -.14847E+01         .000      .000
   2.100    -.20818E+00    -.48021E-02     .29373E+03     .59412E+01    -.13426E+01         .000      .000
   2.110    -.22058E+00    -.23679E-01     .19422E+03     .72480E+01    -.11240E+01         .000      .000
   2.120    -.23045E+00    -.45675E-01     .68598E+02     .84007E+01    -.84254E+00         .000      .000
   2.130    -.23732E+00    -.69025E-01    -.69575E+02     .87978E+01    -.52942E+00         .000      .000
   2.140    -.24098E+00    -.91861E-01    -.20885E+03     .90060E+01    -.19917E+00         .000      .000
   2.150    -.24125E+00    -.11234E+00    -.33887E+03     .94444E+01     .14908E+00         .000      .000
   2.160    -.23782E+00    -.12878E+00    -.44865E+03     .99500E+01     .54938E+00         .000      .000
   2.170    -.22987E+00    -.13982E+00    -.52922E+03     .10358E+02     .10661E+01         .000      .000
   2.180    -.21613E+00    -.14455E+00    -.57580E+03     .10926E+02     .16945E+01         .000      .000
   2.190    -.19589E+00    -.14260E+00    -.59064E+03     .12514E+02     .23502E+01         .000      .000
   2.200    -.16940E+00    -.13399E+00    -.57948E+03     .14614E+02     .29236E+01         .000      .000
   2.210    -.13814E+00    -.11888E+00    -.54070E+03     .14105E+02     .32779E+01         .000      .000
   2.220    -.10474E+00    -.97608E-01    -.46679E+03     .85441E+01     .33617E+01         .000      .000
   2.230    -.71548E-01    -.70856E-01    -.35259E+03    -.12525E+01     .32548E+01         .000      .000
   2.240    -.39997E-01    -.39868E-01    -.19971E+03    -.11094E+02     .30438E+01         .000      .000
   2.250    -.10734E-01    -.66093E-02    -.24478E+02    -.14855E+02     .28159E+01         .000      .000
   2.260     .16554E-01     .26488E-01     .14780E+03    -.10268E+02     .26573E+01         .000      .000
   2.270     .42844E-01     .57035E-01     .29980E+03    -.19216E+01     .26260E+01         .000      .000
   2.280     .69543E-01     .82972E-01     .42233E+03     .36931E+01     .27337E+01         .000      .000
   2.290     .97687E-01     .10271E+00     .50692E+03     .35977E+01     .28920E+01         .000      .000
   2.300     .12713E+00     .11531E+00     .54390E+03    -.62164E+00     .29761E+01         .000      .000
   2.310     .15632E+00     .12067E+00     .52942E+03    -.61697E+01     .27938E+01         .000      .000
   2.320     .18175E+00     .11960E+00     .47243E+03    -.11654E+02     .22349E+01         .000      .000
   2.330     .20037E+00     .11355E+00     .39254E+03    -.17419E+02     .14815E+01         .000      .000
   2.340     .21133E+00     .10423E+00     .31639E+03    -.23622E+02     .71316E+00         .000      .000
   2.350     .21480E+00     .92771E-01     .25256E+03    -.24849E+02    -.19571E-02         .000      .000
   2.360     .21181E+00     .79681E-01     .18275E+03    -.15731E+02    -.56104E+00         .000      .000
   2.370     .20436E+00     .65516E-01     .99954E+02    -.16523E+01    -.88910E+00         .000      .000
   2.380     .19474E+00     .51146E-01     .18778E+02     .72909E+01    -.10052E+01         .000      .000
   2.390     .18483E+00     .37423E-01    -.50548E+02     .74330E+01    -.94974E+00         .000      .000
   2.400     .17621E+00     .25087E-01    -.10833E+03     .19428E+01    -.75471E+00         .000      .000
   2.410     .16996E+00     .14834E-01    -.15637E+03    -.36317E+01    -.48910E+00         .000      .000
   2.420     .16641E+00     .72655E-02    -.19658E+03    -.49550E+01    -.22619E+00         .000      .000
   2.430     .16525E+00     .28972E-02    -.22733E+03    -.21791E+01    -.22132E-01         .000      .000
   2.440     .16564E+00     .21413E-02    -.24026E+03     .85881E+00     .81488E-01         .000      .000
   2.450     .16660E+00     .51512E-02    -.22752E+03     .99806E+00     .10064E+00         .000      .000
   2.460     .16751E+00     .11715E-01    -.18717E+03    -.20219E+01     .78155E-01         .000      .000
   2.470     .16814E+00     .21233E-01    -.12343E+03    -.58173E+01     .50619E-01         .000      .000
   2.480     .16856E+00     .32758E-01    -.46678E+02    -.73036E+01     .33120E-01         .000      .000
   2.490     .16874E+00     .45176E-01     .32366E+02    -.56643E+01    -.38823E-02         .000      .000
   2.500     .16824E+00     .57382E-01     .10680E+03    -.27962E+01    -.11334E+00         .000      .000
   2.510     .16623E+00     .68414E-01     .17418E+03    -.17139E+01    -.29587E+00         .000      .000
   2.520     .16214E+00     .77489E-01     .23533E+03    -.42030E+01    -.53352E+00         .000      .000
   2.530     .15535E+00     .83919E-01     .28925E+03    -.86655E+01    -.83372E+00         .000      .000
   2.540     .14520E+00     .87055E-01     .32772E+03    -.11178E+02    -.12125E+01         .000      .000
   2.550     .13105E+00     .86452E-01     .34402E+03    -.10183E+02    -.16070E+01         .000      .000
   2.560     .11357E+00     .81993E-01     .34043E+03    -.77257E+01    -.18494E+01         .000      .000
   2.570     .94628E-01     .73735E-01     .32291E+03    -.56592E+01    -.19208E+01         .000      .000
   2.580     .75452E-01     .61685E-01     .28478E+03    -.19028E+01    -.19023E+01         .000      .000
   2.590     .57290E-01     .46085E-01     .21333E+03     .41588E+01    -.16728E+01         .000      .000
   2.600     .43255E-01     .27875E-01     .11798E+03     .73020E+01    -.10683E+01         .000      .000
   2.610     .37044E-01     .83078E-02     .16227E+02     .61357E+01    -.12688E+00         .000      .000
   2.620     .41692E-01    -.11575E-01    -.10073E+03     .73200E+01     .11092E+01         .000      .000
   2.630     .59969E-01    -.30507E-01    -.24510E+03     .13305E+02     .25665E+01         .000      .000
   2.640     .92992E-01    -.46581E-01    -.40382E+03     .18930E+02     .40124E+01         .000      .000
   2.650     .13910E+00    -.57550E-01    -.55631E+03     .19576E+02     .51231E+01         .000      .000
   2.660     .19346E+00    -.61037E-01    -.68083E+03     .12891E+02     .56346E+01         .000      .000
   2.670     .24951E+00    -.54734E-01    -.74738E+03    -.15712E+01     .54618E+01         .000      .000
   2.680     .30070E+00    -.36993E-01    -.72551E+03    -.20249E+02     .46930E+01         .000      .000
   2.690     .34246E+00    -.75836E-02    -.60234E+03    -.35277E+02     .36534E+01         .000      .000
   2.700     .37381E+00     .31913E-01    -.38823E+03    -.39292E+02     .26284E+01         .000      .000
   2.710     .39557E+00     .78163E-01    -.11450E+03    -.29447E+02     .17673E+01         .000      .000
   2.720     .41024E+00     .12674E+00     .17436E+03    -.10696E+02     .12282E+01         .000      .000
   2.730     .42115E+00     .17320E+00     .44928E+03     .39850E+01     .98952E+00         .000      .000
   2.740     .43023E+00     .21359E+00     .69282E+03     .58861E+01     .81085E+00         .000      .000
   2.750     .43695E+00     .24471E+00     .88077E+03    -.31519E+01     .50704E+00         .000      .000
   2.760     .43986E+00     .26462E+00     .99936E+03    -.17788E+02     .51752E-01         .000      .000
   2.770     .43760E+00     .27261E+00     .10547E+04    -.31995E+02    -.51378E+00         .000      .000
   2.780     .42929E+00     .26862E+00     .10491E+04    -.37731E+02    -.11656E+01         .000      .000
   2.790     .41406E+00     .25299E+00     .97532E+03    -.30648E+02    -.18868E+01         .000      .000
   2.800     .39157E+00     .22678E+00     .83448E+03    -.15707E+02    -.26058E+01         .000      .000
   2.810     .36227E+00     .19189E+00     .64689E+03    -.37736E+01    -.32304E+01         .000      .000
   2.820     .32733E+00     .15082E+00     .43864E+03    -.12937E+01    -.37454E+01         .000      .000
   2.830     .28768E+00     .10623E+00     .22429E+03    -.52843E+01    -.41646E+01         .000      .000
   2.840     .24439E+00     .60814E-01     .93118E+01    -.87949E+01    -.44754E+01         .000      .000
   2.850     .19839E+00     .17318E-01    -.19440E+03    -.81510E+01    -.47192E+01         .000      .000
   2.860     .15006E+00    -.21747E-01    -.37101E+03    -.33337E+01    -.49490E+01         .000      .000
   2.870     .99515E-01    -.54353E-01    -.50630E+03     .28285E+01    -.51485E+01         .000      .000
   2.880     .47602E-01    -.79086E-01    -.58634E+03     .64262E+01    -.51952E+01         .000      .000
   2.890    -.36530E-02    -.95363E-01    -.60382E+03     .65733E+01    -.50207E+01         .000      .000
   2.900    -.52551E-01    -.10360E+00    -.56886E+03     .71466E+01    -.47660E+01         .000      .000
   2.910    -.99000E-01    -.10495E+00    -.50474E+03     .11529E+02    -.45194E+01         .000      .000
   2.920    -.14284E+00    -.10061E+00    -.42118E+03     .15529E+02    -.42461E+01         .000      .000
   2.930    -.18354E+00    -.91754E-01    -.30698E+03     .12866E+02    -.38582E+01         .000      .000
   2.940    -.21919E+00    -.80069E-01    -.16547E+03     .61459E+01    -.32248E+01         .000      .000
   2.950    -.24718E+00    -.67820E-01    -.24493E+02     .37296E+01    -.23333E+01         .000      .000
   2.960    -.26548E+00    -.57342E-01     .80657E+02     .10673E+02    -.13267E+01         .000      .000
   2.970    -.27364E+00    -.50302E-01     .12872E+03     .22573E+02    -.30127E+00         .000      .000
   2.980    -.27138E+00    -.47186E-01     .12795E+03     .27892E+02     .75665E+00         .000      .000
   2.990    -.25866E+00    -.47568E-01     .10319E+03     .20364E+02     .17680E+01         .000      .000
   3.000    -.23655E+00    -.50800E-01     .59313E+02     .75705E+01     .26261E+01         .000      .000
   3.010    -.20699E+00    -.56036E-01    -.15415E+02     .39419E+00     .32335E+01         .000      .000
   3.020    -.17355E+00    -.61853E-01    -.11589E+03     .78553E+00     .33388E+01         .000      .000
   3.030    -.14242E+00    -.66378E-01    -.21845E+03     .33718E+01     .27786E+01         .000      .000
   3.040    -.12014E+00    -.67619E-01    -.28981E+03     .24780E+00     .15683E+01         .000      .000
   3.050    -.11347E+00    -.63999E-01    -.29233E+03    -.11994E+02    -.36495E+00         .000      .000
   3.060    -.12991E+00    -.55174E-01    -.21541E+03    -.25668E+02    -.30371E+01         .000      .000
   3.070    -.17537E+00    -.42089E-01    -.71006E+02    -.32630E+02    -.60558E+01         .000      .000
   3.080    -.25073E+00    -.26637E-01     .14052E+03    -.33514E+02    -.89865E+01         .000      .000
   3.090    -.35406E+00    -.12111E-01     .40938E+03    -.27889E+02    -.11604E+02         .000      .000
   3.100    -.48049E+00    -.32901E-02     .68126E+03    -.11563E+02    -.13527E+02         .000      .000
   3.110    -.62138E+00    -.50903E-02     .90247E+03     .10343E+02    -.14490E+02         .000      .000
   3.120    -.76720E+00    -.21609E-01     .10416E+04     .29156E+02    -.14528E+02         .000      .000
   3.130    -.90958E+00    -.55782E-01     .10612E+04     .42778E+02    -.13860E+02         .000      .000
   3.140    -.10434E+01    -.10851E+00     .93587E+03     .50350E+02    -.12905E+02         .000      .000
   3.150    -.11682E+01    -.17810E+00     .67294E+03     .50272E+02    -.12118E+02         .000      .000
   3.160    -.12875E+01    -.26043E+00     .31222E+03     .41611E+02    -.11851E+02         .000      .000
   3.170    -.14075E+01    -.34988E+00    -.91336E+02     .28003E+02    -.12247E+02         .000      .000
   3.180    -.15344E+01    -.44039E+00    -.48520E+03     .16422E+02    -.13213E+02         .000      .000
   3.190    -.16724E+01    -.52651E+00    -.82494E+03     .13107E+02    -.14374E+02         .000      .000
   3.200    -.18210E+01    -.60419E+00    -.10832E+04     .21213E+02    -.15276E+02         .000      .000
   3.210    -.19762E+01    -.67121E+00    -.12542E+04     .40177E+02    -.15668E+02         .000      .000
   3.220    -.21324E+01    -.72713E+00    -.13563E+04     .66116E+02    -.15481E+02         .000      .000
   3.230    -.22840E+01    -.77238E+00    -.14098E+04     .89168E+02    -.14733E+02         .000      .000
   3.240    -.24256E+01    -.80761E+00    -.14178E+04     .98310E+02    -.13536E+02         .000      .000
   3.250    -.25539E+01    -.83358E+00    -.13792E+04     .91824E+02    -.12117E+02         .000      .000
   3.260    -.26678E+01    -.85143E+00    -.13078E+04     .78981E+02    -.10666E+02         .000      .000
   3.270    -.27675E+01    -.86242E+00    -.12209E+04     .69835E+02    -.92779E+01         .000      .000
   3.280    -.28539E+01    -.86785E+00    -.11258E+04     .68299E+02    -.80471E+01         .000      .000
   3.290    -.29288E+01    -.86929E+00    -.10356E+04     .76122E+02    -.69465E+01         .000      .000
   3.300    -.29924E+01    -.86817E+00    -.97569E+03     .87675E+02    -.57341E+01         .000      .000
   3.310    -.30426E+01    -.86476E+00    -.90726E+03     .83771E+02    -.42504E+01         .000      .000
   3.320    -.30759E+01    -.85974E+00    -.80525E+03     .67520E+02    -.23051E+01         .000      .000
   3.330    -.30861E+01    -.85497E+00    -.72241E+03     .60340E+02     .41344E+00         .000      .000
   3.340    -.30643E+01    -.85209E+00    -.70250E+03     .69947E+02     .41220E+01         .000      .000
   3.350    -.30008E+01    -.85204E+00    -.76838E+03     .93598E+02     .87038E+01         .000      .000
   3.360    -.28893E+01    -.85476E+00    -.95612E+03     .12342E+03     .13573E+02         .000      .000
   3.370    -.27296E+01    -.85768E+00    -.12559E+04     .13816E+03     .18347E+02         .000      .000
   3.380    -.25236E+01    -.85542E+00    -.15910E+04     .11849E+03     .22732E+02         .000      .000
   3.390    -.22791E+01    -.84158E+00    -.18806E+04     .71828E+02     .25879E+02         .000      .000
   3.400    -.20123E+01    -.81056E+00    -.21035E+04     .29204E+02     .27156E+02         .000      .000
   3.410    -.17416E+01    -.75724E+00    -.22336E+04     .37871E+01     .26772E+02         .000      .000
   3.420    -.14812E+01    -.67735E+00    -.21660E+04    -.17635E+02     .25110E+02         .000      .000
   3.430    -.12424E+01    -.57060E+00    -.18524E+04    -.31540E+02     .22541E+02         .000      .000
   3.440    -.10304E+01    -.44144E+00    -.13539E+04    -.27956E+02     .19965E+02         .000      .000
   3.450    -.84074E+00    -.29684E+00    -.71425E+03    -.18109E+02     .18092E+02         .000      .000
   3.460    -.66769E+00    -.14604E+00     .16202E+02    -.82052E+01     .16471E+02         .000      .000
   3.470    -.51128E+00     .42811E-04     .71358E+03     .71824E+01     .14863E+02         .000      .000
   3.480    -.36787E+00     .13231E+00     .13014E+04     .11868E+02     .14014E+02         .000      .000
   3.490    -.22646E+00     .24458E+00     .18159E+04    -.14511E+02     .14527E+02         .000      .000
   3.500    -.73025E-01     .33078E+00     .22259E+04    -.45450E+02     .16348E+02         .000      .000
   3.510     .10531E+00     .38491E+00     .23784E+04    -.36849E+02     .19620E+02         .000      .000
   3.520     .32272E+00     .40490E+00     .21802E+04     .88333E+01     .23886E+02         .000      .000
   3.530     .58301E+00     .39443E+00     .16750E+04     .52282E+02     .28133E+02         .000      .000
   3.540     .88242E+00     .36201E+00     .94572E+03     .60625E+02     .31483E+02         .000      .000
   3.550     .12046E+01     .32057E+00     .13476E+03     .15235E+02     .32402E+02         .000      .000
   3.560     .15215E+01     .28487E+00    -.57742E+03    -.68793E+02     .30643E+02         .000      .000
   3.570     .18116E+01     .26732E+00    -.11183E+04    -.13687E+03     .27156E+02         .000      .000
   3.580     .20561E+01     .27750E+00    -.14224E+04    -.16456E+03     .21112E+02         .000      .000
   3.590     .22270E+01     .32016E+00    -.14097E+04    -.14848E+03     .13022E+02         .000      .000
   3.600     .23195E+01     .39374E+00    -.11429E+04    -.97819E+02     .58143E+01         .000      .000
   3.610     .23486E+01     .49399E+00    -.57071E+03    -.72115E+02     .16647E+00         .000      .000
   3.620     .23241E+01     .61118E+00     .31244E+03    -.77393E+02    -.50942E+01         .000      .000
   3.630     .22452E+01     .72948E+00     .12359E+04    -.62391E+02    -.10778E+02         .000      .000
   3.640     .21087E+01     .83526E+00     .20354E+04    -.41037E+02    -.16412E+02         .000      .000
   3.650     .19206E+01     .91946E+00     .27849E+04    -.50627E+02    -.20969E+02         .000      .000
   3.660     .16954E+01     .97169E+00     .29891E+04    -.14682E+02    -.23716E+02         .000      .000
   3.670     .14515E+01     .99327E+00     .32484E+04    -.98074E+02    -.24948E+02         .000      .001
   3.680     .11968E+01     .97639E+00     .36621E+04    -.16176E+03    -.25959E+02         .000      .002
   3.690     .93463E+00     .90849E+00     .36236E+04    -.88433E+02    -.26283E+02         .000      .002
   3.700     .67758E+00     .79031E+00     .30436E+04     .49763E+02    -.24738E+02         .000      .002
   3.710     .44504E+00     .63388E+00     .23605E+04     .81649E+02    -.21663E+02         .000      .002
   3.720     .24418E+00     .44641E+00     .16055E+04     .57076E+02    -.18594E+02         .000      .002
   3.730     .73540E-01     .23526E+00     .55798E+03     .47149E+02    -.15403E+02         .000      .003
   3.740    -.60188E-01     .16082E-01    -.45156E+03    -.22752E+01    -.11169E+02         .000      .005
   3.750    -.14788E+00    -.19673E+00    -.12245E+04    -.34664E+02    -.62278E+01         .000      .007
   3.760    -.18038E+00    -.39312E+00    -.21467E+04     .87086E+01    -.17891E-01         .000      .008
   3.770    -.14267E+00    -.56076E+00    -.30354E+04     .76950E+02     .78686E+01         .000      .010
   3.780    -.18769E-01    -.69083E+00    -.32667E+04     .71979E+02     .16982E+02         .000      .011
   3.790     .19857E+00    -.78407E+00    -.36753E+04     .13957E+03     .26551E+02         .000      .012
   3.800     .51262E+00    -.83108E+00    -.40080E+04     .13861E+03     .36184E+02         .000      .013
   3.810     .91889E+00    -.82497E+00    -.39643E+04     .63105E+02     .44852E+02         .000      .014
   3.820     .14029E+01    -.77053E+00    -.37915E+04     .24054E+02     .51505E+02         .000      .014
   3.830     .19412E+01    -.66063E+00    -.37667E+04    -.46287E+02     .55666E+02         .000      .014
   3.840     .24847E+01    -.43114E+00     .81489E+03    -.10917E+04     .50756E+02         .000      .014
