


 TIME HISTORY FOR STORY NO.  6



    TIME   DISPLACEMENT    STORY DRIFT    STORY SHEAR   ACCELERATION     VELOCITY          DAMAGE    DAMAGE
                                                                                          BEAM-SLAB  COL-WALL

    .000     .00000E+00     .00000E+00     .00000E+00     .00000E+00     .00000E+00         .000      .000
    .010    -.21490E-05    -.12196E-08    -.19758E-04     .25172E-04    -.18761E-04         .000      .000
    .020    -.39343E-06    -.47739E-08    -.23589E-02     .71981E-03    -.73774E-04         .000      .000
    .030    -.35688E-05     .18537E-06    -.77931E-03    -.39907E-03    -.11505E-03         .000      .000
    .040    -.28943E-05     .42131E-06     .10547E-01    -.21563E-02    -.21216E-03         .000      .000
    .050    -.80851E-05     .28216E-06     .73239E-02    -.95791E-03    -.39372E-03         .000      .000
    .060    -.11102E-04     .47838E-07     .44366E-02    -.37863E-03    -.67377E-03         .000      .000
    .070    -.21654E-04    -.85785E-07     .29214E-02    -.34990E-03    -.98419E-03         .000      .000
    .080    -.31002E-04     .25750E-07     .10808E-01    -.19679E-02    -.13571E-02         .000      .000
    .090    -.49028E-04     .30191E-06     .23994E-01    -.50562E-02    -.18023E-02         .000      .000
    .100    -.67491E-04     .53498E-06     .53779E-01    -.11012E-01    -.23777E-02         .000      .000
    .110    -.96945E-04    -.35365E-07     .85421E-01    -.16876E-01    -.30637E-02         .000      .000
    .120    -.12926E-03    -.21231E-05     .11769E+00    -.22253E-01    -.38943E-02         .000      .000
    .130    -.17509E-03    -.63869E-05     .13907E+00    -.25696E-01    -.48054E-02         .000      .000
    .140    -.22552E-03    -.13118E-04     .15939E+00    -.28881E-01    -.57612E-02         .000      .000
    .150    -.28802E-03    -.22660E-04     .17266E+00    -.31344E-01    -.60325E-02         .000      .000
    .160    -.34550E-03    -.35206E-04     .19134E+00    -.35162E-01    -.61013E-02         .000      .000
    .170    -.41455E-03    -.51389E-04     .21739E+00    -.40374E-01    -.75211E-02         .000      .000
    .180    -.50020E-03    -.72867E-04     .23148E+00    -.38434E-01    -.10212E-01         .000      .000
    .190    -.62004E-03    -.10110E-03     .12586E+00    -.89620E-02    -.13278E-01         .000      .000
    .200    -.76495E-03    -.13192E-03    -.77855E-01     .31982E-01    -.16111E-01         .000      .000
    .210    -.93937E-03    -.15700E-03    -.17884E+00     .39710E-01    -.18096E-01         .000      .000
    .220    -.11243E-02    -.17264E-03    -.10706E-01    -.67797E-02    -.19304E-01         .000      .000
    .230    -.13267E-02    -.18507E-03     .35777E+00    -.83275E-01    -.20876E-01         .000      .000
    .240    -.15448E-02    -.20662E-03     .74705E+00    -.15149E+00    -.23323E-01         .000      .000
    .250    -.17947E-02    -.24938E-03     .94233E+00    -.17256E+00    -.26213E-01         .000      .000
    .260    -.20650E-02    -.31824E-03     .84053E+00    -.13638E+00    -.27874E-01         .000      .000
    .270    -.23397E-02    -.40841E-03     .51565E+00    -.68877E-01    -.25806E-01         .000      .000
    .280    -.25704E-02    -.50982E-03     .18292E+00    -.13078E-01    -.20541E-01         .000      .000
    .290    -.27477E-02    -.61596E-03    -.14195E-01     .13579E-01    -.14446E-01         .000      .000
    .300    -.28616E-02    -.72912E-03    -.18236E+00     .50647E-01    -.90044E-02         .000      .000
    .310    -.29369E-02    -.85404E-03    -.67447E+00     .16847E+00    -.62712E-02         .000      .000
    .320    -.29945E-02    -.98243E-03    -.16294E+01     .37217E+00    -.58128E-02         .000      .000
    .330    -.30474E-02    -.10886E-02    -.28080E+01     .59596E+00    -.36623E-02         .000      .000
    .340    -.30483E-02    -.11380E-02    -.37203E+01     .73596E+00     .42830E-02         .000      .000
    .350    -.29270E-02    -.11041E-02    -.38122E+01     .68707E+00     .22612E-01         .000      .000
    .360    -.25646E-02    -.98739E-03    -.27932E+01     .42335E+00     .50379E-01         .000      .000
    .370    -.19358E-02    -.82679E-03    -.10452E+01     .63538E-01     .73294E-01         .000      .000
    .380    -.11714E-02    -.68718E-03     .36518E+00    -.14531E+00     .74547E-01         .000      .000
    .390    -.52039E-03    -.62158E-03    -.85236E-01     .90292E-01     .53244E-01         .000      .000
    .400    -.12305E-03    -.60956E-03    -.31339E+01     .80750E+00     .26923E-01         .000      .000
    .410     .70648E-04    -.52549E-03    -.70543E+01     .15109E+01     .16105E-01         .000      .000
    .420     .24541E-03    -.21005E-03    -.80624E+01     .14415E+01     .18958E-01         .000      .000
    .430     .44177E-03     .38193E-03    -.36318E+01     .29737E+00     .19442E-01         .000      .000
    .440     .57753E-03     .10992E-02     .46293E+01    -.13619E+01     .32483E-02         .000      .000
    .450     .41819E-03     .16799E-02     .12049E+02    -.25847E+01    -.39195E-01         .000      .000
    .460    -.26690E-03     .19286E-02     .15121E+02    -.28660E+01    -.99726E-01         .000      .000
    .470    -.15640E-02     .18144E-02     .13644E+02    -.23567E+01    -.15671E+00         .000      .000
    .480    -.33395E-02     .14455E-02     .10013E+02    -.16216E+01    -.19546E+00         .000      .000
    .490    -.54021E-02     .96915E-03     .75270E+01    -.12835E+01    -.21308E+00         .000      .000
    .500    -.75307E-02     .45427E-03     .81075E+01    -.15666E+01    -.20959E+00         .000      .000
    .510    -.95619E-02    -.16109E-03     .10719E+02    -.21138E+01    -.19631E+00         .000      .000
    .520    -.11486E-01    -.10130E-02     .12509E+02    -.23303E+01    -.19161E+00         .000      .000
    .530    -.13442E-01    -.22106E-02     .10602E+02    -.16964E+01    -.20109E+00         .000      .000
    .540    -.15524E-01    -.37448E-02     .32225E+01     .23134E-01    -.21532E+00         .000      .000
    .550    -.17686E-01    -.54251E-02    -.86633E+01     .24360E+01    -.21111E+00         .000      .000
    .560    -.19595E-01    -.69170E-02    -.20653E+02     .45450E+01    -.16206E+00         .000      .000
    .570    -.20780E-01    -.79010E-02    -.27397E+02     .53813E+01    -.69318E-01         .000      .000
    .580    -.20952E-01    -.82531E-02    -.26207E+02     .46832E+01     .32413E-01         .000      .000
    .590    -.20223E-01    -.81174E-02    -.19481E+02     .32207E+01     .10740E+00         .000      .000
    .600    -.18986E-01    -.77890E-02    -.13698E+02     .23512E+01     .12830E+00         .000      .000
    .610    -.17860E-01    -.74607E-02    -.14192E+02     .28601E+01     .88397E-01         .000      .000
    .620    -.17330E-01    -.70488E-02    -.20479E+02     .42913E+01     .14569E-01         .000      .000
    .630    -.17580E-01    -.62440E-02    -.26777E+02     .53126E+01    -.63135E-01         .000      .000
    .640    -.18546E-01    -.47268E-02    -.25217E+02     .44150E+01    -.12735E+00         .000      .000
    .650    -.20040E-01    -.24376E-02    -.10428E+02     .84770E+00    -.16559E+00         .000      .000
    .660    -.21812E-01     .25384E-03     .16271E+02    -.47152E+01    -.18946E+00         .000      .000
    .670    -.23711E-01     .26136E-02     .47020E+02    -.10512E+02    -.17743E+00         .000      .000
    .680    -.25180E-01     .37993E-02     .71035E+02    -.14452E+02    -.11077E+00         .000      .000
    .690    -.25980E-01     .31777E-02     .79389E+02    -.15052E+02    -.59589E-01         .000      .000
    .700    -.26601E-01     .53520E-03     .68184E+02    -.11772E+02    -.76800E-01         .000      .000
    .710    -.27587E-01    -.38636E-02     .35701E+02    -.43920E+01    -.11541E+00         .000      .000
    .720    -.28723E-01    -.91567E-02    -.14534E+02     .58102E+01    -.99297E-01         .000      .000
    .730    -.29343E-01    -.13925E-01    -.65361E+02     .14804E+02    -.15869E-01         .000      .000
    .740    -.28897E-01    -.16815E-01    -.93967E+02     .18532E+02     .10966E+00         .000      .000
    .750    -.27075E-01    -.17317E-01    -.92391E+02     .16667E+02     .25810E+00         .000      .000
    .760    -.23602E-01    -.15844E-01    -.71371E+02     .11943E+02     .44733E+00         .000      .000
    .770    -.17996E-01    -.13202E-01    -.45484E+02     .69407E+01     .67685E+00         .000      .000
    .780    -.10181E-01    -.10139E-01    -.23168E+02     .29564E+01     .87220E+00         .000      .000
    .790    -.92993E-03    -.72276E-02    -.99810E+01     .11166E+01     .95480E+00         .000      .000
    .800     .85565E-02    -.47615E-02    -.12869E+02     .27267E+01     .93017E+00         .000      .000
    .810     .17609E-01    -.24645E-02    -.32678E+02     .72142E+01     .88556E+00         .000      .000
    .820     .26437E-01     .57869E-03    -.54223E+02     .10752E+02     .89002E+00         .000      .000
    .830     .35528E-01     .53205E-02    -.53300E+02     .87929E+01     .92869E+00         .000      .000
    .840     .44772E-01     .11853E-01    -.18255E+02     .39006E+00     .89633E+00         .000      .000
    .850     .52893E-01     .19098E-01     .38061E+02    -.10710E+02     .69769E+00         .000      .000
    .860     .58161E-01     .25418E-01     .88745E+02    -.19175E+02     .33130E+00         .000      .000
    .870     .59188E-01     .29596E-01     .11398E+03    -.22173E+02    -.13411E+00         .000      .000
    .880     .55486E-01     .31383E-01     .11423E+03    -.20981E+02    -.59810E+00         .000      .000
    .890     .47536E-01     .31261E-01     .10484E+03    -.18986E+02    -.97045E+00         .000      .000
    .900     .36573E-01     .29790E-01     .10127E+03    -.18811E+02    -.11949E+01         .000      .000
    .910     .24260E-01     .27100E-01     .10943E+03    -.20964E+02    -.12327E+01         .000      .000
    .920     .12545E-01     .22758E-01     .12378E+03    -.23790E+02    -.10822E+01         .000      .000
    .930     .29048E-02     .15988E-01     .12992E+03    -.24141E+02    -.84415E+00         .000      .000
    .940    -.47385E-02     .61280E-02     .10964E+03    -.18392E+02    -.72489E+00         .000      .000
    .950    -.12342E-01    -.67937E-02     .46654E+02    -.37078E+01    -.82930E+00         .000      .000
    .960    -.21530E-01    -.21442E-01    -.63331E+02     .19573E+02    -.99628E+00         .000      .000
    .970    -.31316E-01    -.34866E-01    -.19633E+03     .44780E+02    -.88168E+00         .000      .000
    .980    -.37544E-01    -.43253E-01    -.29569E+03     .59745E+02    -.28606E+00         .000      .000
    .990    -.35910E-01    -.43961E-01    -.30405E+03     .55012E+02     .64578E+00         .000      .000
   1.000    -.24836E-01    -.37509E-01    -.21423E+03     .33223E+02     .15188E+01         .000      .000
   1.010    -.70959E-02    -.27529E-01    -.86918E+02     .91735E+01     .19296E+01         .000      .000
   1.020     .11963E-01    -.18263E-01    -.73375E+01    -.13962E+01     .18072E+01         .000      .000
   1.030     .28211E-01    -.11568E-01    -.20090E+02     .62334E+01     .14330E+01         .000      .000
   1.040     .40867E-01    -.57510E-02    -.95306E+02     .22156E+02     .11265E+01         .000      .000
   1.050     .51224E-01     .28597E-02    -.15039E+03     .29242E+02     .95902E+00         .000      .000
   1.060     .60160E-01     .16764E-01    -.11409E+03     .16464E+02     .82403E+00         .000      .000
   1.070     .67455E-01     .35066E-01     .20348E+02    -.13383E+02     .61750E+00         .000      .000
   1.080     .71910E-01     .53810E-01     .20043E+03    -.48119E+02     .23574E+00         .000      .000
   1.090     .71331E-01     .68054E-01     .35973E+03    -.75438E+02    -.39378E+00         .000      .000
   1.100     .63309E-01     .73821E-01     .44807E+03    -.86972E+02    -.12386E+01         .000      .000
   1.110     .46419E-01     .69302E-01     .43888E+03    -.79261E+02    -.21256E+01         .000      .000
   1.120     .21538E-01     .55472E-01     .33958E+03    -.56042E+02    -.27931E+01         .000      .000
   1.130    -.81383E-02     .35662E-01     .19604E+03    -.27896E+02    -.30738E+01         .000      .000
   1.140    -.38850E-01     .13877E-01     .69042E+02    -.60731E+01    -.30313E+01         .000      .000
   1.150    -.68342E-01    -.72059E-02    -.67810E+01     .53238E+01    -.28619E+01         .000      .000
   1.160    -.96054E-01    -.27027E-01    -.44680E+02     .11356E+02    -.26799E+01         .000      .000
   1.170    -.12183E+00    -.46131E-01    -.85247E+02     .20084E+02    -.24629E+01         .000      .000
   1.180    -.14485E+00    -.64473E-01    -.15393E+03     .34565E+02    -.21083E+01         .000      .000
   1.190    -.16321E+00    -.80693E-01    -.24171E+03     .51339E+02    -.15197E+01         .000      .000
   1.200    -.17428E+00    -.92710E-01    -.32103E+03     .64815E+02    -.64323E+00         .000      .000
   1.210    -.17521E+00    -.98729E-01    -.36827E+03     .71107E+02     .49174E+00         .000      .000
   1.220    -.16406E+00    -.97897E-01    -.37271E+03     .68999E+02     .17424E+01         .000      .000
   1.230    -.14048E+00    -.90507E-01    -.33782E+03     .60049E+02     .29583E+01         .000      .000
   1.240    -.10551E+00    -.77812E-01    -.28176E+03     .48472E+02     .39922E+01         .000      .000
   1.250    -.61744E-01    -.61347E-01    -.22811E+03     .38655E+02     .46951E+01         .000      .000
   1.260    -.12867E-01    -.42155E-01    -.19004E+03     .32262E+02     .50197E+01         .000      .000
   1.270     .37852E-01    -.20452E-01    -.16412E+03     .27654E+02     .51043E+01         .000      .000
   1.280     .89090E-01     .41816E-02    -.13099E+03     .20224E+02     .51484E+01         .000      .000
   1.290     .14084E+00     .32081E-01    -.60626E+02     .40370E+01     .51966E+01         .000      .000
   1.300     .19259E+00     .62329E-01     .66529E+02    -.23130E+02     .51164E+01         .000      .000
   1.310     .24196E+00     .91984E-01     .23156E+03    -.55070E+02     .46777E+01         .000      .000
   1.320     .28425E+00     .11684E+00     .37877E+03    -.79887E+02     .36743E+01         .000      .000
   1.330     .31406E+00     .13344E+00     .45324E+03    -.88439E+02     .22582E+01         .000      .000
   1.340     .32952E+00     .14079E+00     .43814E+03    -.80456E+02     .87277E+00         .000      .000
   1.350     .33245E+00     .14068E+00     .36867E+03    -.65485E+02    -.23714E+00         .000      .000
   1.360     .32555E+00     .13603E+00     .31077E+03    -.56311E+02    -.11176E+01         .000      .000
   1.370     .31034E+00     .12838E+00     .30142E+03    -.56717E+02    -.19265E+01         .000      .000
   1.380     .28694E+00     .11700E+00     .31474E+03    -.58730E+02    -.27569E+01         .000      .000
   1.390     .25529E+00     .10041E+00     .29944E+03    -.52879E+02    -.35582E+01         .000      .000
   1.400     .21645E+00     .78322E-01     .23079E+03    -.36705E+02    -.41597E+01         .000      .000
   1.410     .17328E+00     .52192E-01     .11995E+03    -.13923E+02    -.44065E+01         .000      .000
   1.420     .12947E+00     .24543E-01    -.57939E+01     .99570E+01    -.43090E+01         .000      .000
   1.430     .87949E-01    -.19904E-02    -.12139E+03     .30705E+02    -.39592E+01         .000      .000
   1.440     .50966E-01    -.25321E-01    -.21463E+03     .46833E+02    -.34056E+01         .000      .000
   1.450     .20424E-01    -.44002E-01    -.28431E+03     .58419E+02    -.26761E+01         .000      .000
   1.460    -.20741E-02    -.57019E-01    -.32851E+03     .64870E+02    -.18025E+01         .000      .000
   1.470    -.15325E-01    -.63829E-01    -.34323E+03     .65586E+02    -.83873E+00         .000      .000
   1.480    -.18912E-01    -.64526E-01    -.33133E+03     .61671E+02     .10665E+00         .000      .000
   1.490    -.13719E-01    -.59711E-01    -.30280E+03     .55284E+02     .89467E+00         .000      .000
   1.500    -.17193E-02    -.50114E-01    -.26691E+03     .47976E+02     .14731E+01         .000      .000
   1.510     .15281E-01    -.36303E-01    -.22632E+03     .39736E+02     .19126E+01         .000      .000
   1.520     .36218E-01    -.18637E-01    -.17347E+03     .28497E+02     .22568E+01         .000      .000
   1.530     .59879E-01     .23608E-02    -.93511E+02     .11411E+02     .24392E+01         .000      .000
   1.540     .84002E-01     .25326E-01     .18578E+02    -.11308E+02     .23226E+01         .000      .000
   1.550     .10498E+00     .47833E-01     .14372E+03    -.34709E+02     .18041E+01         .000      .000
   1.560     .11888E+00     .67146E-01     .25008E+03    -.52746E+02     .92517E+00         .000      .000
   1.570     .12289E+00     .81305E-01     .31822E+03    -.63031E+02    -.13370E+00         .000      .000
   1.580     .11629E+00     .89585E-01     .35326E+03    -.67905E+02    -.11684E+01         .000      .000
   1.590     .99843E-01     .92004E-01     .37484E+03    -.71375E+02    -.21070E+01         .000      .000
   1.600     .74357E-01     .88450E-01     .39545E+03    -.74851E+02    -.29824E+01         .000      .000
   1.610     .40636E-01     .78242E-01     .40561E+03    -.75297E+02    -.37242E+01         .000      .000
   1.620     .76151E-03     .60627E-01     .38110E+03    -.67964E+02    -.41987E+01         .000      .000
   1.630    -.42409E-01     .35725E-01     .30774E+03    -.51310E+02    -.43953E+01         .000      .000
   1.640    -.86326E-01     .48651E-02     .19173E+03    -.27272E+02    -.43476E+01         .000      .000
   1.650    -.12855E+00    -.29819E-01     .42031E+02     .27774E+01    -.40572E+01         .000      .000
   1.660    -.16657E+00    -.65525E-01    -.13585E+03     .37551E+02    -.34981E+01         .000      .000
   1.670    -.19753E+00    -.98627E-01    -.32221E+03     .72145E+02    -.26462E+01         .000      .000
   1.680    -.21872E+00    -.12518E+00    -.48079E+03     .99250E+02    -.15654E+01         .000      .000
   1.690    -.22845E+00    -.14203E+00    -.58025E+03     .11387E+03    -.37051E+00         .000      .000
   1.700    -.22602E+00    -.14766E+00    -.61174E+03     .11573E+03     .85992E+00         .000      .000
   1.710    -.21122E+00    -.14208E+00    -.58518E+03     .10731E+03     .21016E+01         .000      .000
   1.720    -.18395E+00    -.12632E+00    -.51317E+03     .90832E+02     .33540E+01         .000      .000
   1.730    -.14447E+00    -.10209E+00    -.40429E+03     .67866E+02     .45074E+01         .000      .000
   1.740    -.94750E-01    -.71741E-01    -.27006E+03     .41095E+02     .53784E+01         .000      .000
   1.750    -.37993E-01    -.38081E-01    -.13163E+03     .15079E+02     .59249E+01         .000      .000
   1.760     .22762E-01    -.37436E-02    -.12479E+02    -.61442E+01     .61765E+01         .000      .000
   1.770     .84422E-01     .29539E-01     .82046E+02    -.22955E+02     .60931E+01         .000      .000
   1.780     .14348E+00     .60822E-01     .16684E+03    -.38709E+02     .56662E+01         .000      .000
   1.790     .19671E+00     .89147E-01     .25151E+03    -.54343E+02     .49282E+01         .000      .000
   1.800     .24100E+00     .11326E+00     .33026E+03    -.68253E+02     .38773E+01         .000      .000
   1.810     .27344E+00     .13193E+00     .39656E+03    -.79483E+02     .25843E+01         .000      .000
   1.820     .29235E+00     .14412E+00     .44671E+03    -.87363E+02     .11927E+01         .000      .000
   1.830     .29732E+00     .14901E+00     .47542E+03    -.90914E+02    -.19178E+00         .000      .000
   1.840     .28873E+00     .14614E+00     .47949E+03    -.89721E+02    -.15127E+01         .000      .000
   1.850     .26737E+00     .13539E+00     .45638E+03    -.83181E+02    -.27415E+01         .000      .000
   1.860     .23426E+00     .11707E+00     .40028E+03    -.70080E+02    -.38623E+01         .000      .000
   1.870     .19066E+00     .92171E-01     .30813E+03    -.50287E+02    -.48233E+01         .000      .000
   1.880     .13859E+00     .62528E-01     .18758E+03    -.25952E+02    -.55478E+01         .000      .000
   1.890     .80914E-01     .30635E-01     .56708E+02    -.10005E+01    -.59118E+01         .000      .000
   1.900     .21806E-01    -.89391E-03    -.62727E+02     .20437E+02    -.58412E+01         .000      .000
   1.910    -.34878E-01    -.29939E-01    -.15388E+03     .35696E+02    -.54620E+01         .000      .000
   1.920    -.86828E-01    -.55323E-01    -.21296E+03     .45095E+02    -.49001E+01         .000      .000
   1.930    -.13232E+00    -.76795E-01    -.25524E+03     .52474E+02    -.41680E+01         .000      .000
   1.940    -.16966E+00    -.94268E-01    -.30077E+03     .61119E+02    -.32786E+01         .000      .000
   1.950    -.19749E+00    -.10706E+00    -.34907E+03     .69563E+02    -.22703E+01         .000      .000
   1.960    -.21495E+00    -.11408E+00    -.38274E+03     .74244E+02    -.12272E+01         .000      .000
   1.970    -.22220E+00    -.11462E+00    -.38968E+03     .73543E+02    -.23494E+00         .000      .000
   1.980    -.21996E+00    -.10854E+00    -.36806E+03     .67490E+02     .66552E+00         .000      .000
   1.990    -.20940E+00    -.96260E-01    -.31794E+03     .56032E+02     .14143E+01         .000      .000
   2.000    -.19246E+00    -.78693E-01    -.23824E+03     .39079E+02     .19255E+01         .000      .000
   2.010    -.17197E+00    -.57430E-01    -.13419E+03     .18241E+02     .21129E+01         .000      .000
   2.020    -.15131E+00    -.34606E-01    -.21501E+02    -.30527E+01     .19688E+01         .000      .000
   2.030    -.13342E+00    -.12384E-01     .82770E+02    -.21913E+02     .15791E+01         .000      .000
   2.040    -.12031E+00     .75307E-02     .17246E+03    -.37970E+02     .10153E+01         .000      .000
   2.050    -.11352E+00     .23867E-01     .25241E+03    -.52476E+02     .32854E+00         .000      .000
   2.060    -.11406E+00     .35376E-01     .32463E+03    -.65269E+02    -.45472E+00         .000      .000
   2.070    -.12285E+00     .40676E-01     .37932E+03    -.73927E+02    -.13079E+01         .000      .000
   2.080    -.14015E+00     .38612E-01     .40203E+03    -.75801E+02    -.21395E+01         .000      .000
   2.090    -.16527E+00     .28714E-01     .38373E+03    -.69692E+02    -.28592E+01         .000      .000
   2.100    -.19676E+00     .11416E-01     .32512E+03    -.56282E+02    -.34069E+01         .000      .000
   2.110    -.23264E+00    -.12060E-01     .23337E+03    -.37114E+02    -.37252E+01         .000      .000
   2.120    -.27038E+00    -.39935E-01     .11607E+03    -.13621E+02    -.37791E+01         .000      .000
   2.130    -.30731E+00    -.69984E-01    -.17764E+02     .12278E+02    -.35602E+01         .000      .000
   2.140    -.34066E+00    -.99686E-01    -.15501E+03     .37919E+02    -.30665E+01         .000      .000
   2.150    -.36777E+00    -.12652E+00    -.28200E+03     .60809E+02    -.23135E+01         .000      .000
   2.160    -.38608E+00    -.14826E+00    -.38784E+03     .79058E+02    -.13064E+01         .000      .000
   2.170    -.39301E+00    -.16314E+00    -.46456E+03     .91296E+02    -.34072E-01         .000      .000
   2.180    -.38611E+00    -.16998E+00    -.50672E+03     .96656E+02     .14341E+01         .000      .000
   2.190    -.36421E+00    -.16832E+00    -.51220E+03     .95084E+02     .29377E+01         .000      .000
   2.200    -.32785E+00    -.15845E+00    -.48658E+03     .88272E+02     .42948E+01         .000      .000
   2.210    -.27936E+00    -.14121E+00    -.44376E+03     .79169E+02     .53400E+01         .000      .000
   2.220    -.22217E+00    -.11743E+00    -.39423E+03     .69182E+02     .60489E+01         .000      .000
   2.230    -.15912E+00    -.87570E-01    -.33365E+03     .56516E+02     .65355E+01         .000      .000
   2.240    -.91984E-01    -.51987E-01    -.24369E+03     .37100E+02     .68642E+01         .000      .000
   2.250    -.22457E-01    -.11723E-01    -.10476E+03     .77273E+01     .70058E+01         .000      .000
   2.260     .47211E-01     .30658E-01     .81309E+02    -.29474E+02     .68737E+01         .000      .000
   2.270     .11393E+00     .71087E-01     .28044E+03    -.66482E+02     .64195E+01         .000      .000
   2.280     .17471E+00     .10516E+00     .44454E+03    -.94207E+02     .57000E+01         .000      .000
   2.290     .22731E+00     .12962E+00     .53923E+03    -.10746E+03     .47961E+01         .000      .000
   2.300     .27027E+00     .14314E+00     .55687E+03    -.10627E+03     .37836E+01         .000      .000
   2.310     .30251E+00     .14619E+00     .50974E+03    -.93682E+02     .26272E+01         .000      .000
   2.320     .32230E+00     .14055E+00     .41755E+03    -.73633E+02     .13166E+01         .000      .000
   2.330     .32912E+00     .12875E+00     .30134E+03    -.50241E+02     .87459E-01         .000      .000
   2.340     .32498E+00     .11366E+00     .18479E+03    -.28465E+02    -.86441E+00         .000      .000
   2.350     .31277E+00     .97970E-01     .99434E+02    -.14539E+02    -.15360E+01         .000      .000
   2.360     .29494E+00     .83135E-01     .65571E+02    -.10661E+02    -.20031E+01         .000      .000
   2.370     .27309E+00     .68729E-01     .63284E+02    -.10680E+02    -.23522E+01         .000      .000
   2.380     .24825E+00     .53509E-01     .48368E+02    -.60581E+01    -.25935E+01         .000      .000
   2.390     .22193E+00     .37098E-01    -.49127E+01     .62319E+01    -.26232E+01         .000      .000
   2.400     .19686E+00     .20652E-01    -.87951E+02     .22817E+02    -.23334E+01         .000      .000
   2.410     .17624E+00     .62774E-02    -.17151E+03     .37589E+02    -.17512E+01         .000      .000
   2.420     .16235E+00    -.40686E-02    -.22757E+03     .45920E+02    -.10173E+01         .000      .000
   2.430     .15583E+00    -.94221E-02    -.24689E+03     .47397E+02    -.30412E+00         .000      .000
   2.440     .15579E+00    -.98540E-02    -.23974E+03     .44754E+02     .26749E+00         .000      .000
   2.450     .16071E+00    -.58836E-02    -.22030E+03     .40441E+02     .70130E+00         .000      .000
   2.460     .16956E+00     .20474E-02    -.19338E+03     .34677E+02     .10593E+01         .000      .000
   2.470     .18177E+00     .13629E-01    -.15284E+03     .25821E+02     .13776E+01         .000      .000
   2.480     .19687E+00     .28316E-01    -.90090E+02     .12468E+02     .16237E+01         .000      .000
   2.490     .21366E+00     .44921E-01    -.61840E+01    -.43865E+01     .16958E+01         .000      .000
   2.500     .22988E+00     .61643E-01     .84636E+02    -.21389E+02     .14980E+01         .000      .000
   2.510     .24278E+00     .76551E-01     .16252E+03    -.34793E+02     .10503E+01         .000      .000
   2.520     .25037E+00     .88230E-01     .21432E+03    -.42822E+02     .44688E+00         .000      .000
   2.530     .25145E+00     .96099E-01     .24227E+03    -.46837E+02    -.23939E+00         .000      .000
   2.540     .24534E+00     .10014E+00     .25974E+03    -.49596E+02    -.99843E+00         .000      .000
   2.550     .23136E+00     .10031E+00     .27518E+03    -.52077E+02    -.17925E+01         .000      .000
   2.560     .20987E+00     .96297E-01     .28445E+03    -.52973E+02    -.24728E+01         .000      .000
   2.570     .18242E+00     .87787E-01     .27977E+03    -.51030E+02    -.29997E+01         .000      .000
   2.580     .15020E+00     .74745E-01     .26044E+03    -.46433E+02    -.34303E+01         .000      .000
   2.590     .11455E+00     .57258E-01     .22375E+03    -.38128E+02    -.36388E+01         .000      .000
   2.600     .78879E-01     .35624E-01     .15620E+03    -.23396E+02    -.34098E+01         .000      .000
   2.610     .48054E-01     .11010E-01     .55220E+02    -.31389E+01    -.26722E+01         .000      .000
   2.620     .27144E-01    -.14549E-01    -.58305E+02     .17941E+02    -.14240E+01         .000      .000
   2.630     .20871E-01    -.39098E-01    -.16962E+03     .38335E+02     .21363E+00         .000      .000
   2.640     .31869E-01    -.61123E-01    -.28729E+03     .60694E+02     .19880E+01         .000      .000
   2.650     .60207E-01    -.78896E-01    -.42276E+03     .86839E+02     .36353E+01         .000      .000
   2.660     .10360E+00    -.89860E-01    -.57297E+03     .11526E+03     .49880E+01         .000      .000
   2.670     .15896E+00    -.90546E-01    -.71491E+03     .14039E+03     .60374E+01         .000      .000
   2.680     .22359E+00    -.77105E-01    -.80423E+03     .15267E+03     .68576E+01         .000      .000
   2.690     .29585E+00    -.46602E-01    -.78556E+03     .14154E+03     .75963E+01         .000      .000
   2.700     .37505E+00     .12418E-02    -.62016E+03     .10141E+03     .81942E+01         .000      .000
   2.710     .45839E+00     .62821E-01    -.31265E+03     .36134E+02     .83920E+01         .000      .000
   2.720     .54102E+00     .13079E+00     .78216E+02    -.40098E+02     .80373E+01         .000      .000
   2.730     .61707E+00     .19592E+00     .45496E+03    -.10777E+03     .70697E+01         .000      .000
   2.740     .68041E+00     .25018E+00     .73347E+03    -.15315E+03     .55048E+01         .000      .000
   2.750     .72579E+00     .28885E+00     .88301E+03    -.17361E+03     .35272E+01         .000      .000
   2.760     .75054E+00     .31068E+00     .91897E+03    -.17413E+03     .14221E+01         .000      .000
   2.770     .75458E+00     .31697E+00     .88217E+03    -.16357E+03    -.58437E+00         .000      .000
   2.780     .73933E+00     .31004E+00     .82178E+03    -.15111E+03    -.24498E+01         .000      .000
   2.790     .70571E+00     .29165E+00     .76694E+03    -.14031E+03    -.42755E+01         .000      .000
   2.800     .65382E+00     .26224E+00     .70556E+03    -.12657E+03    -.61008E+01         .000      .000
   2.810     .58415E+00     .22187E+00     .59842E+03    -.10202E+03    -.77890E+01         .000      .000
   2.820     .49921E+00     .17188E+00     .42086E+03    -.63931E+02    -.91263E+01         .000      .000
   2.830     .40342E+00     .11575E+00     .18946E+03    -.17816E+02    -.99266E+01         .000      .000
   2.840     .30274E+00     .58341E-01    -.51144E+02     .27145E+02    -.10113E+02         .000      .000
   2.850     .20282E+00     .44257E-02    -.25971E+03     .63985E+02    -.98042E+01         .000      .000
   2.860     .10765E+00    -.42406E-01    -.41439E+03     .89825E+02    -.91956E+01         .000      .000
   2.870     .19494E-01    -.80021E-01    -.51345E+03     .10536E+03    -.84095E+01         .000      .000
   2.880    -.59828E-01    -.10743E+00    -.56611E+03     .11252E+03    -.74100E+01         .000      .000
   2.890    -.12792E+00    -.12426E+00    -.57712E+03     .11160E+03    -.61745E+01         .000      .000
   2.900    -.18323E+00    -.13068E+00    -.54073E+03     .10126E+03    -.49133E+01         .000      .000
   2.910    -.22680E+00    -.12780E+00    -.45561E+03     .82218E+02    -.38344E+01         .000      .000
   2.920    -.26071E+00    -.11787E+00    -.34292E+03     .59771E+02    -.29901E+01         .000      .000
   2.930    -.28698E+00    -.10344E+00    -.23149E+03     .38741E+02    -.22593E+01         .000      .000
   2.940    -.30558E+00    -.86388E-01    -.12528E+03     .18072E+02    -.14356E+01         .000      .000
   2.950    -.31539E+00    -.68206E-01    -.75124E+01    -.57522E+01    -.52166E+00         .000      .000
   2.960    -.31655E+00    -.51079E-01     .12626E+03    -.31906E+02     .23180E+00         .000      .000
   2.970    -.31185E+00    -.38208E-01     .24508E+03    -.52422E+02     .65979E+00         .000      .000
   2.980    -.30402E+00    -.32644E-01     .29578E+03    -.57113E+02     .89155E+00         .000      .000
   2.990    -.29397E+00    -.35305E-01     .24959E+03    -.43286E+02     .11370E+01         .000      .000
   3.000    -.28074E+00    -.44198E-01     .13408E+03    -.19150E+02     .15406E+01         .000      .000
   3.010    -.26281E+00    -.55819E-01     .46576E+01     .47778E+01     .20465E+01         .000      .000
   3.020    -.24066E+00    -.67110E-01    -.10498E+03     .24178E+02     .22991E+01         .000      .000
   3.030    -.21853E+00    -.76107E-01    -.19387E+03     .40396E+02     .20411E+01         .000      .000
   3.040    -.20149E+00    -.81358E-01    -.27416E+03     .55723E+02     .12862E+01         .000      .000
   3.050    -.19448E+00    -.81006E-01    -.34141E+03     .67557E+02     .28320E-01         .000      .000
   3.060    -.20270E+00    -.72791E-01    -.35648E+03     .66915E+02    -.17652E+01         .000      .000
   3.070    -.23092E+00    -.55549E-01    -.27533E+03     .46397E+02    -.39019E+01         .000      .000
   3.080    -.28136E+00    -.30624E-01    -.86572E+02     .57533E+01    -.62216E+01         .000      .000
   3.090    -.35603E+00    -.19660E-02     .19631E+03    -.51688E+02    -.87415E+01         .000      .000
   3.100    -.45636E+00     .24131E-01     .54390E+03    -.11896E+03    -.11309E+02         .000      .000
   3.110    -.58190E+00     .39479E-01     .89056E+03    -.18153E+03    -.13780E+02         .000      .000
   3.120    -.73135E+00     .35843E-01     .11518E+04    -.22364E+03    -.16067E+02         .000      .000
   3.130    -.90235E+00     .72282E-02     .12656E+04    -.23529E+03    -.18086E+02         .000      .000
   3.140    -.10923E+01    -.48848E-01     .12004E+04    -.21201E+03    -.19868E+02         .000      .000
   3.150    -.12991E+01    -.13081E+00     .95339E+03    -.15495E+03    -.21453E+02         .000      .000
   3.160    -.15205E+01    -.23300E+00     .55516E+03    -.71965E+02    -.22802E+02         .000      .000
   3.170    -.17539E+01    -.34641E+00     .73484E+02     .22073E+02    -.23798E+02         .000      .000
   3.180    -.19949E+01    -.46049E+00    -.40029E+03     .10919E+03    -.24312E+02         .000      .000
   3.190    -.22379E+01    -.56555E+00    -.78041E+03     .17410E+03    -.24173E+02         .000      .000
   3.200    -.24759E+01    -.65487E+00    -.10126E+04     .20871E+03    -.23297E+02         .000      .000
   3.210    -.27020E+01    -.72578E+00    -.10875E+04     .21390E+03    -.21853E+02         .000      .000
   3.220    -.29120E+01    -.77955E+00    -.10402E+04     .19883E+03    -.20120E+02         .000      .000
   3.230    -.31040E+01    -.82008E+00    -.94099E+03     .17826E+03    -.18272E+02         .000      .000
   3.240    -.32771E+01    -.85151E+00    -.86249E+03     .16484E+03    -.16320E+02         .000      .000
   3.250    -.34300E+01    -.87606E+00    -.83446E+03     .16100E+03    -.14238E+02         .000      .000
   3.260    -.35614E+01    -.89362E+00    -.83103E+03     .15937E+03    -.12037E+02         .000      .000
   3.270    -.36707E+01    -.90324E+00    -.80557E+03     .15123E+03    -.98274E+01         .000      .000
   3.280    -.37588E+01    -.90487E+00    -.73026E+03     .13303E+03    -.78511E+01         .000      .000
   3.290    -.38290E+01    -.90018E+00    -.60666E+03     .10669E+03    -.62610E+01         .000      .000
   3.300    -.38849E+01    -.89246E+00    -.47225E+03     .81797E+02    -.49377E+01         .000      .000
   3.310    -.39277E+01    -.88507E+00    -.39198E+03     .69999E+02    -.35813E+01         .000      .000
   3.320    -.39548E+01    -.87886E+00    -.37096E+03     .66995E+02    -.17099E+01         .000      .000
   3.330    -.39590E+01    -.87283E+00    -.34785E+03     .59787E+02     .10240E+01         .000      .000
   3.340    -.39314E+01    -.86707E+00    -.28917E+03     .45385E+02     .46237E+01         .000      .000
   3.350    -.38647E+01    -.86388E+00    -.22237E+03     .32042E+02     .87787E+01         .000      .000
   3.360    -.37560E+01    -.86676E+00    -.21952E+03     .36014E+02     .12878E+02         .000      .000
   3.370    -.36076E+01    -.87794E+00    -.38012E+03     .76440E+02     .16847E+02         .000      .000
   3.380    -.34183E+01    -.89463E+00    -.76019E+03     .15872E+03     .21064E+02         .000      .000
   3.390    -.31860E+01    -.90688E+00    -.12891E+04     .26156E+03     .25348E+02         .000      .000
   3.400    -.29127E+01    -.90034E+00    -.17871E+04     .34807E+03     .29210E+02         .000      .000
   3.410    -.26040E+01    -.86242E+00    -.21002E+04     .39406E+03     .32419E+02         .000      .000
   3.420    -.22671E+01    -.78589E+00    -.21713E+04     .39268E+03     .34802E+02         .000      .000
   3.430    -.19112E+01    -.66884E+00    -.19686E+04     .33785E+03     .36191E+02         .000      .000
   3.440    -.15458E+01    -.51545E+00    -.14844E+04     .23155E+03     .36809E+02         .000      .000
   3.450    -.11772E+01    -.33644E+00    -.79451E+03     .92403E+02     .36803E+02         .000      .000
   3.460    -.81415E+00    -.14646E+00    -.93397E+01    -.58573E+02     .35488E+02         .000      .000
   3.470    -.47280E+00     .38480E-01     .77014E+03    -.20172E+03     .32570E+02         .000      .000
   3.480    -.16497E+00     .20290E+00     .14154E+04    -.31131E+03     .29000E+02         .000      .000
   3.490     .10925E+00     .33571E+00     .18229E+04    -.37369E+03     .26042E+02         .000      .000
   3.500     .35987E+00     .43289E+00     .20361E+04    -.40592E+03     .24270E+02         .000      .000
   3.510     .59905E+00     .49375E+00     .21696E+04    -.42790E+03     .23817E+02         .000      .000
   3.520     .83807E+00     .51535E+00     .22094E+04    -.42654E+03     .23933E+02         .000      .000
   3.530     .10769E+01     .49393E+00     .19999E+04    -.36804E+03     .23825E+02         .000      .000
   3.540     .13139E+01     .43144E+00     .14032E+04    -.23103E+03     .23508E+02         .000      .000
   3.550     .15454E+01     .34085E+00     .41553E+03    -.24288E+02     .22680E+02         .000      .000
   3.560     .17683E+01     .24684E+00    -.76487E+03     .20218E+03     .22082E+02         .000      .000
   3.570     .19909E+01     .17931E+00    -.17790E+04     .37617E+03     .22616E+02         .000      .000
   3.580     .22180E+01     .16192E+00    -.23379E+04     .45304E+03     .22347E+02         .000      .000
   3.590     .24320E+01     .20499E+00    -.23298E+04     .42068E+03     .20321E+02         .000      .000
   3.600     .26234E+01     .30392E+00    -.18151E+04     .30154E+03     .18013E+02         .000      .000
   3.610     .27913E+01     .44273E+00    -.10368E+04     .14682E+03     .15430E+02         .000      .000
   3.620     .29277E+01     .60363E+00    -.16382E+03    -.21999E+02     .11552E+02         .000      .000
   3.630     .30149E+01     .76972E+00     .79221E+03    -.20443E+03     .54646E+01         .000      .000
   3.640     .30304E+01     .92168E+00     .17203E+04    -.36991E+03    -.25769E+01         .000      .000
   3.650     .29621E+01     .10416E+01     .24340E+04    -.48878E+03    -.11000E+02         .000      .000
   3.660     .28127E+01     .11174E+01     .29185E+04    -.56023E+03    -.18713E+02         .000      .000
   3.670     .25926E+01     .11411E+01     .29478E+04    -.53813E+03    -.25029E+02         .000      .000
   3.680     .23172E+01     .11203E+01     .28394E+04    -.52538E+03    -.29892E+02         .000      .000
   3.690     .19961E+01     .10615E+01     .30200E+04    -.57355E+03    -.34329E+02         .000      .000
   3.700     .16310E+01     .95347E+00     .32509E+04    -.60200E+03    -.38584E+02         .000      .000
   3.710     .12274E+01     .78239E+00     .29711E+04    -.51223E+03    -.41933E+02         .000      .000
   3.720     .79735E+00     .55318E+00     .21320E+04    -.32858E+03    -.43817E+02         .000      .000
   3.730     .35910E+00     .28556E+00     .99972E+03    -.10349E+03    -.43312E+02         .000      .000
   3.740    -.57007E-01     .31809E-02    -.26929E+03     .14003E+03    -.39249E+02         .000      .000
   3.750    -.41376E+00    -.26588E+00    -.14009E+04     .33121E+03    -.31589E+02         .000      .000
   3.760    -.68002E+00    -.49964E+00    -.21366E+04     .44650E+03    -.21293E+02         .000      .000
   3.770    -.83289E+00    -.69022E+00    -.25828E+04     .51352E+03    -.89774E+01         .000      .000
   3.780    -.85464E+00    -.83587E+00    -.28937E+04     .55700E+03     .48047E+01         .000      .000
   3.790    -.73581E+00    -.93439E+00    -.29736E+04     .55783E+03     .18904E+02         .000      .000
   3.800    -.47746E+00    -.99008E+00    -.31203E+04     .59197E+03     .32751E+02         .000      .000
   3.810    -.80659E-01    -.99955E+00    -.34325E+04     .64659E+03     .46613E+02         .000      .000
   3.820     .45134E+00    -.95153E+00    -.35728E+04     .64972E+03     .59424E+02         .000      .000
   3.830     .10987E+01    -.84258E+00    -.35956E+04     .68428E+03     .69612E+02         .000      .000
   3.840     .18409E+01    -.64381E+00    -.44160E+04     .79045E+03     .78690E+02         .000      .000
