

  DEFORMATION AND STRESS STATE AT IMPORTANT ANALYSIS STAGES





 ===========================================================================

 AT TIME   3.7555
 FIRST WALL    CRACKS AT V/W:    .3556  , UTOP/H:   -.0004



 ===========================================================================

 AT TIME   3.7880
 FIRST WALL    YIELDS AT V/W:    .5546  , UTOP/H:   -.0005



 ===========================================================================

 AT TIME   3.9900
 FIRST COLUMN  CRACKS AT V/W:    .1205  , UTOP/H:    .0070



 ===========================================================================

 AT TIME   8.9435
 FIRST COLUMN  YIELDS AT V/W:    .3927  , UTOP/H:    .0132



 ===========================================================================

 AT TIME  10.0000




 ******************************** MODAL ANALYSIS *******************************


 MODE       FREQUENCY(Hz)    PERIOD(SEC)  MODAL PARTICIPATION  MODAL WEIGHT     RELATIVE MODAL
                                               FACTOR         (WEIGHT UNITS)      WEIGHT (%)


   1              .25020           3.99678           5.3630           11107.890           79.388
   2             3.51068            .28485           2.3276            2092.324           14.954
   3            10.55069            .09478           1.1672             526.100            3.760
   4            19.97162            .05007            .6924             185.178            1.323
   5            29.90961            .03343            .4098              64.850             .463
   6            37.90636            .02638            .2005              15.527             .111
  TOTAL WEIGHT................................................. 13991.868



 ********************* EIGEN VECTORS (MAXIMUM NORMALIZED) *********************



 STORY        1        2        3        4        5        6
    6       1.000   -1.000     .895    -.588     .409    -.172
    5        .827    -.215    -.556     .919   -1.000     .528
    4        .654     .442   -1.000     .151     .939    -.886
    3        .483     .814    -.178   -1.000     .048    1.000
    2        .316     .821     .883    -.062    -.967    -.880
    1        .154     .502     .973     .996     .956     .518



 ********************** EIGEN VECTORS (MASS NORMALIZED) ***********************



 STORY        1        2        3        4        5        6
    6        .265    -.245     .186    -.133     .084    -.039
    5        .219    -.053    -.116     .208    -.204     .120
    4        .173     .108    -.208     .034     .192    -.201
    3        .128     .200    -.037    -.226     .010     .227
    2        .084     .201     .183    -.014    -.197    -.200
    1        .041     .123     .202     .225     .195     .117



 ***************** END OF MODAL ANALYSIS *****************






 ===========================================================================

 AT TIME  20.0005




 ******************************** MODAL ANALYSIS *******************************


 MODE       FREQUENCY(Hz)    PERIOD(SEC)  MODAL PARTICIPATION  MODAL WEIGHT     RELATIVE MODAL
                                               FACTOR         (WEIGHT UNITS)      WEIGHT (%)


   1              .36938           2.70727           5.3127           10900.479           77.906
   2             3.61821            .27638           2.4077            2238.785           16.001
   3            10.66677            .09375           1.2098             565.202            4.040
   4            20.07428            .04981            .7187             199.472            1.426
   5            29.99105            .03334            .4277              70.648             .505
   6            37.94522            .02635            .2115              17.282             .124
  TOTAL WEIGHT................................................. 13991.868



 ********************* EIGEN VECTORS (MAXIMUM NORMALIZED) *********************



 STORY        1        2        3        4        5        6
    6       1.000   -1.000     .895    -.585     .408    -.171
    5        .819    -.196    -.567     .920   -1.000     .525
    4        .639     .471   -1.000     .140     .947    -.882
    3        .463     .839    -.154   -1.000     .032    1.000
    2        .295     .829     .910    -.038    -.957    -.886
    1        .139     .493     .971     .998     .970     .530



 ********************** EIGEN VECTORS (MASS NORMALIZED) ***********************



 STORY        1        2        3        4        5        6
    6        .269    -.242     .185    -.132     .083    -.039
    5        .220    -.048    -.117     .208    -.204     .119
    4        .172     .114    -.206     .032     .193    -.200
    3        .124     .203    -.032    -.226     .006     .226
    2        .079     .201     .188    -.009    -.195    -.201
    1        .037     .119     .200     .226     .198     .120



 ***************** END OF MODAL ANALYSIS *****************






 ===========================================================================

 STATE AT END OF PUSH-OVER, V/W:    .0919  , UTOP/H:    .0073
 STORY   DISPLACEMENT
    6         6.8082
    5         5.6957
    4         4.5814
    3         3.4602
    2         2.3203
    1         1.1704

 STRESS STATE IN: COLUMNS
 ELEM.   P/Pu   V/Vu   M/Mu   phy/phyu
    1   .0270   .0013   .0274   .0002
    2   .0270   .0005   .0403   .0004
    3   .0270   .0006   .0292   .0006
    4   .0089   .0003   .0093   .0002
    5   .0089   .0001   .0029   .0001
    6   .0089   .0000   .0007   .0000
    7   .0696   .0024   .0406   .0004
    8   .0696   .0004   .0454   .0004
    9   .0696   .0012   .0300   .0005
   10   .0245   .0007   .0168   .0002
   11   .0245   .0001   .0031   .0000
   12   .0245   .0000   .0010   .0000
   13   .0696   .0024   .0406   .0004
   14   .0696   .0004   .0454   .0004
   15   .0696   .0012   .0300   .0005
   16   .0245   .0007   .0168   .0002
   17   .0245   .0001   .0031   .0000
   18   .0245   .0000   .0010   .0000
   19   .0270   .0013   .0274   .0002
   20   .0270   .0005   .0403   .0004
   21   .0270   .0006   .0292   .0006
   22   .0089   .0003   .0093   .0002
   23   .0089   .0001   .0029   .0001
   24   .0089   .0000   .0007   .0000
   25   .0296   .0230   .1812   .0267
   26   .0296   .0067   .0539   .0011
   27   .0296   .0024   .0139   .0003
   28   .0174   .0011   .0105   .0002
   29   .0174   .0001   .0008   .0000
   30   .0174   .0001   .0008   .0000
   31   .1543   .0045   .0595   .0002
   32   .1543   .0048   .0593   .0003
   33   .1543   .0018   .0163   .0002
   34   .0541   .0012   .0185   .0002
   35   .0541   .0001   .0014   .0000
   36   .0541   .0001   .0014   .0000
   37   .1543   .0045   .0595   .0002
   38   .1543   .0048   .0593   .0003
   39   .1543   .0018   .0163   .0002
   40   .0541   .0012   .0185   .0002
   41   .0541   .0001   .0014   .0000
   42   .0541   .0001   .0014   .0000
   43   .1543   .0045   .0595   .0002
   44   .1543   .0048   .0593   .0003
   45   .1543   .0018   .0163   .0002
   46   .0541   .0012   .0185   .0002
   47   .0541   .0001   .0014   .0000
   48   .0541   .0001   .0014   .0000
   49   .1543   .0045   .0595   .0002
   50   .1543   .0048   .0593   .0003
   51   .1543   .0018   .0163   .0002
   52   .0541   .0012   .0185   .0002
   53   .0541   .0001   .0014   .0000
   54   .0541   .0001   .0014   .0000
   55   .0296   .0230   .1812   .0267
   56   .0296   .0067   .0539   .0011
   57   .0296   .0024   .0139   .0003
   58   .0174   .0011   .0105   .0002
   59   .0174   .0001   .0008   .0000
   60   .0174   .0001   .0008   .0000
   61   .0696   .0024   .0406   .0004
   62   .0696   .0004   .0454   .0004
   63   .0696   .0012   .0300   .0005
   64   .0245   .0007   .0168   .0002
   65   .0245   .0001   .0031   .0000
   66   .0245   .0000   .0010   .0000
   67   .1543   .0045   .0595   .0002
   68   .1543   .0048   .0593   .0003
   69   .1543   .0018   .0163   .0002
   70   .0541   .0012   .0185   .0002
   71   .0541   .0001   .0014   .0000
   72   .0541   .0001   .0014   .0000
   73   .1444   .0040   .0588   .0002
   74   .1444   .0040   .0582   .0004
   75   .1444   .0015   .0175   .0002
   76   .0490   .0010   .0154   .0002
   77   .0490   .0000   .0012   .0000
   78   .0490   .0001   .0012   .0000
   79   .1444   .0040   .0588   .0002
   80   .1444   .0040   .0582   .0004
   81   .1444   .0015   .0175   .0002
   82   .0490   .0010   .0154   .0002
   83   .0490   .0000   .0012   .0000
   84   .0490   .0001   .0012   .0000
   85   .1543   .0045   .0595   .0002
   86   .1543   .0048   .0593   .0003
   87   .1543   .0018   .0163   .0002
   88   .0541   .0012   .0185   .0002
   89   .0541   .0001   .0014   .0000
   90   .0541   .0001   .0014   .0000
   91   .0696   .0024   .0406   .0004
   92   .0696   .0004   .0454   .0004
   93   .0696   .0012   .0300   .0005
   94   .0245   .0007   .0168   .0002
   95   .0245   .0001   .0031   .0000
   96   .0245   .0000   .0010   .0000

 STRESS STATE IN: WALLS  
 ELEM.   P/Pu   V/Vu   M/Mu   phy/phyu
    1   .0066   .0908   .0646   .1146
    2   .0066   .0354   .0114   .0002
    3   .0066   .0165   .0199   .0003
    4   .0063   .0240   .0214   .0003
    5   .0063   .0110   .0082   .0001
    6   .0063   .0036   .0020   .0000
    7   .0066   .0908   .0646   .1146
    8   .0066   .0354   .0114   .0002
    9   .0066   .0165   .0199   .0003
   10   .0063   .0240   .0214   .0003
   11   .0063   .0110   .0082   .0001
   12   .0063   .0036   .0020   .0000
