


 TIME HISTORY FOR STORY NO.  1



    TIME   DISPLACEMENT    STORY DRIFT    STORY SHEAR   ACCELERATION     VELOCITY          DAMAGE    DAMAGE
                                                                                          BEAM-SLAB  COL-WALL

    .000     .00000E+00     .00000E+00     .00000E+00     .00000E+00     .00000E+00         .000      .000
    .010    -.29055E-05    -.29055E-05    -.16511E+00     .42869E-01    -.47179E-03         .000      .000
    .020    -.85273E-05    -.85273E-05    -.41209E+00     .69270E-01    -.68441E-03         .000      .000
    .030    -.15955E-04    -.15955E-04    -.67337E+00     .81514E-01    -.72241E-03         .000      .000
    .040    -.23120E-04    -.23120E-04    -.85241E+00     .82855E-01    -.77794E-03         .000      .000
    .050    -.30956E-04    -.30956E-04    -.10365E+01     .82562E-01    -.69446E-03         .000      .000
    .060    -.36722E-04    -.36722E-04    -.10764E+01     .60168E-01    -.50404E-03         .000      .000
    .070    -.41009E-04    -.41009E-04    -.10550E+01     .39139E-01    -.31660E-03         .000      .000
    .080    -.43754E-04    -.43754E-04    -.98678E+00     .25675E-01    -.31612E-03         .000      .000
    .090    -.47777E-04    -.47777E-04    -.10406E+01     .39339E-01    -.46305E-03         .000      .000
    .100    -.54334E-04    -.54334E-04    -.12539E+01     .88517E-01    -.97517E-03         .000      .000
    .110    -.66743E-04    -.66743E-04    -.17515E+01     .16024E+00    -.13749E-02         .000      .000
    .120    -.80061E-04    -.80061E-04    -.21623E+01     .17895E+00    -.12425E-02         .000      .000
    .130    -.89825E-04    -.89825E-04    -.22816E+01     .14158E+00    -.59528E-03         .000      .000
    .140    -.92799E-04    -.92799E-04    -.20343E+01     .86907E-01    -.14741E-03         .000      .000
    .150    -.92284E-04    -.92284E-04    -.16768E+01     .31805E-01     .39515E-03         .000      .000
    .160    -.84786E-04    -.84786E-04    -.10019E+01    -.64031E-01     .10073E-02         .000      .000
    .170    -.73829E-04    -.73829E-04    -.29700E+00    -.12348E+00     .11224E-02         .000      .000
    .180    -.63390E-04    -.63390E-04     .21487E+00    -.13808E+00     .92402E-03         .000      .000
    .190    -.54537E-04    -.54537E-04     .52463E+00    -.13652E+00     .94367E-03         .000      .000
    .200    -.41262E-04    -.41262E-04     .10035E+01    -.19476E+00     .19064E-02         .000      .000
    .210    -.13953E-04    -.13953E-04     .21022E+01    -.33809E+00     .36185E-02         .000      .000
    .220     .28715E-04     .28715E-04     .37027E+01    -.46365E+00     .46782E-02         .000      .000
    .230     .74366E-04     .74366E-04     .50622E+01    -.45854E+00     .41866E-02         .000      .000
    .240     .10430E-03     .10430E-03     .53766E+01    -.24851E+00     .13091E-02         .000      .000
    .250     .10261E-03     .10261E-03     .42671E+01     .60823E-02    -.11462E-02         .000      .000
    .260     .82953E-04     .82953E-04     .28854E+01     .14573E+00    -.30113E-02         .000      .000
    .270     .40275E-04     .40275E-04     .80046E+00     .37414E+00    -.55117E-02         .000      .000
    .280    -.22775E-04    -.22775E-04    -.17441E+01     .55181E+00    -.67536E-02         .000      .000
    .290    -.91363E-04    -.91363E-04    -.38854E+01     .58702E+00    -.69341E-02         .000      .000
    .300    -.15780E-03    -.15780E-03    -.53986E+01     .48395E+00    -.60744E-02         .000      .000
    .310    -.20910E-03    -.20910E-03    -.58407E+01     .20313E+00    -.40640E-02         .000      .000
    .320    -.24470E-03    -.24470E-03    -.57415E+01     .14925E-01    -.35643E-02         .000      .000
    .330    -.29091E-03    -.29091E-03    -.69125E+01     .22928E+00    -.61620E-02         .000      .000
    .340    -.36663E-03    -.36663E-03    -.99778E+01     .65284E+00    -.85556E-02         .000      .000
    .350    -.45488E-03    -.45488E-03    -.13420E+02     .95794E+00    -.88307E-02         .000      .000
    .360    -.54698E-03    -.54698E-03    -.16798E+02     .13243E+01    -.10069E-01         .000      .000
    .370    -.64457E-03    -.64457E-03    -.20092E+02     .15475E+01    -.81754E-02         .000      .000
    .380    -.68833E-03    -.68833E-03    -.19802E+02     .10152E+01     .30307E-03         .000      .000
    .390    -.63112E-03    -.63112E-03    -.14369E+02    -.59804E-01     .11157E-01         .000      .000
    .400    -.47273E-03    -.47273E-03    -.51461E+01    -.12063E+01     .19919E-01         .000      .000
    .410    -.24938E-03    -.24938E-03     .51231E+01    -.20135E+01     .23836E-01         .000      .000
    .420    -.19385E-04    -.19385E-04     .13291E+02    -.21283E+01     .20904E-01         .000      .000
    .430     .14856E-03     .14856E-03     .16530E+02    -.14289E+01     .11906E-01         .000      .000
    .440     .20155E-03     .20155E-03     .13588E+02     .54843E-02    -.21964E-02         .000      .000
    .450     .11323E-03     .11323E-03     .49959E+01     .16393E+01    -.14191E-01         .000      .000
    .460    -.67326E-04    -.67326E-04    -.48730E+01     .27849E+01    -.21673E-01         .000      .000
    .470    -.32545E-03    -.32545E-03    -.14968E+02     .37354E+01    -.30572E-01         .000      .000
    .480    -.66373E-03    -.66373E-03    -.24996E+02     .40995E+01    -.35481E-01         .000      .000
    .490    -.10072E-02    -.10072E-02    -.30736E+02     .31486E+01    -.32074E-01         .000      .000
    .500    -.13002E-02    -.13002E-02    -.31412E+02     .15237E+01    -.26775E-01         .000      .000
    .510    -.15565E-02    -.15565E-02    -.30810E+02     .29263E+00    -.25256E-01         .000      .000
    .520    -.17766E-02    -.17766E-02    -.30595E+02    -.85681E+00    -.15791E-01         .000      .000
    .530    -.18108E-02    -.18108E-02    -.23745E+02    -.31261E+01     .11906E-01         .000      .000
    .540    -.15033E-02    -.15033E-02    -.52723E+01    -.61838E+01     .50511E-01         .000      .000
    .550    -.79637E-03    -.79637E-03     .24037E+02    -.91554E+01     .90641E-01         .000      .000
    .560     .27877E-03     .27877E-03     .60544E+02    -.11279E+02     .12199E+00         .000      .000
    .570     .15967E-02     .15967E-02     .98213E+02    -.12135E+02     .13931E+00         .000      .000
    .580     .29913E-02     .29913E-02     .13140E+03    -.11467E+02     .13500E+00         .000      .000
    .590     .42276E-02     .42276E-02     .15217E+03    -.90241E+01     .10976E+00         .000      .000
    .600     .51837E-02     .51837E-02     .16041E+03    -.63427E+01     .82834E-01         .000      .000
    .610     .58909E-02     .58909E-02     .16259E+03    -.44276E+01     .58072E-01         .000      .000
    .620     .63442E-02     .63442E-02     .16005E+03    -.30588E+01     .32846E-01         .000      .000
    .630     .65181E-02     .65181E-02     .15246E+03    -.19088E+01    -.73632E-03         .000      .000
    .640     .62915E-02     .62915E-02     .13387E+03    -.24139E+00    -.45795E-01         .000      .000
    .650     .55719E-02     .55719E-02     .10056E+03     .20412E+01    -.99688E-01         .000      .000
    .660     .42582E-02     .42582E-02     .47167E+02     .59263E+01    -.16494E+00         .000      .000
    .670     .22496E-02     .22496E-02    -.31683E+02     .12155E+02    -.23715E+00         .000      .000
    .680    -.41861E-03    -.41861E-03    -.13249E+03     .19249E+02    -.29075E+00         .000      .000
    .690    -.34119E-02    -.34119E-02    -.23603E+03     .24052E+02    -.29943E+00         .000      .000
    .700    -.62635E-02    -.62635E-02    -.32104E+03     .25263E+02    -.26503E+00         .000      .000
    .710    -.86045E-02    -.86045E-02    -.37588E+03     .23193E+02    -.19836E+00         .000      .000
    .720    -.10113E-01    -.10113E-01    -.39173E+03     .17309E+02    -.97041E-01         .000      .000
    .730    -.10465E-01    -.10465E-01    -.36060E+03     .77740E+01     .28879E-01         .000      .000
    .740    -.96087E-02    -.96087E-02    -.29126E+03    -.14130E+01     .13518E+00         .000      .000
    .750    -.79150E-02    -.79150E-02    -.21099E+03    -.59588E+01     .19633E+00         .000      .000
    .760    -.57478E-02    -.57478E-02    -.13549E+03    -.67430E+01     .23658E+00         .000      .000
    .770    -.31946E-02    -.31946E-02    -.60139E+02    -.64350E+01     .27311E+00         .000      .000
    .780    -.31614E-03    -.31614E-03     .19636E+02    -.58141E+01     .30037E+00         .000      .000
    .790     .27945E-02     .27945E-02     .10688E+03    -.62143E+01     .32128E+00         .000      .000
    .800     .61185E-02     .61185E-02     .20898E+03    -.99346E+01     .34400E+00         .000      .000
    .810     .96019E-02     .96019E-02     .32775E+03    -.16721E+02     .34606E+00         .000      .000
    .820     .12872E-01     .12872E-01     .44412E+03    -.23372E+02     .29907E+00         .000      .000
    .830     .15429E-01     .15429E-01     .53336E+03    -.27850E+02     .20618E+00         .000      .000
    .840     .16874E-01     .16874E-01     .57697E+03    -.28606E+02     .77659E-01         .000      .000
    .850     .16931E-01     .16931E-01     .56216E+03    -.24669E+02    -.66389E-01         .000      .000
    .860     .15533E-01     .15533E-01     .48817E+03    -.16156E+02    -.21402E+00         .000      .000
    .870     .12704E-01     .12704E-01     .35940E+03    -.41278E+01    -.34670E+00         .000      .000
    .880     .87413E-02     .87413E-02     .19650E+03     .76156E+01    -.43803E+00         .000      .000
    .890     .40426E-02     .40426E-02     .21466E+02     .17579E+02    -.49922E+00         .000      .000
    .900    -.11538E-02    -.11538E-02    -.15659E+03     .25654E+02    -.53444E+00         .000      .000
    .910    -.65288E-02    -.65288E-02    -.32503E+03     .30487E+02    -.53475E+00         .000      .000
    .920    -.11769E-01    -.11769E-01    -.47608E+03     .33105E+02    -.51035E+00         .000      .000
    .930    -.16612E-01    -.16612E-01    -.60656E+03     .34010E+02    -.44963E+00         .000      .000
    .940    -.20532E-01    -.20532E-01    -.69822E+03     .30715E+02    -.32140E+00         .000      .000
    .950    -.22745E-01    -.22745E-01    -.72237E+03     .20837E+02    -.10572E+00         .000      .000
    .960    -.22430E-01    -.22430E-01    -.65383E+03     .46753E+01     .17595E+00         .000      .000
    .970    -.19391E-01    -.19391E-01    -.50332E+03    -.97482E+01     .41324E+00         .000      .000
    .980    -.14592E-01    -.14592E-01    -.33103E+03    -.13203E+02     .52428E+00         .000      .000
    .990    -.91814E-02    -.91814E-02    -.17852E+03    -.85719E+01     .54960E+00         .000      .000
   1.000    -.37483E-02    -.37483E-02    -.45054E+02    -.24135E+01     .52959E+00         .000      .000
   1.010     .14297E-02     .14297E-02     .79148E+02     .78738E+00     .51241E+00         .000      .000
   1.020     .66656E-02     .66656E-02     .22634E+03    -.45901E+01     .54346E+00         .000      .000
   1.030     .12301E-01     .12301E-01     .41521E+03    -.16871E+02     .57739E+00         .000      .000
   1.040     .17994E-01     .17994E-01     .62222E+03    -.30176E+02     .54713E+00         .000      .000
   1.050     .22893E-01     .22893E-01     .80409E+03    -.40375E+02     .41367E+00         .000      .000
   1.060     .25955E-01     .25955E-01     .91244E+03    -.44513E+02     .18714E+00         .000      .000
   1.070     .26492E-01     .26492E-01     .91778E+03    -.41578E+02    -.82218E-01         .000      .000
   1.080     .24374E-01     .24374E-01     .81531E+03    -.31691E+02    -.33303E+00         .000      .000
   1.090     .20155E-01     .20155E-01     .63363E+03    -.19234E+02    -.48951E+00         .000      .000
   1.100     .15019E-01     .15019E-01     .43151E+03    -.10623E+02    -.51742E+00         .000      .000
   1.110     .10066E-01     .10066E-01     .25519E+03    -.70359E+01    -.46671E+00         .000      .000
   1.120     .57549E-02     .57549E-02     .11399E+03    -.63060E+01    -.39448E+00         .000      .000
   1.130     .21255E-02     .21255E-02    -.82960E+00    -.62928E+01    -.33611E+00         .000      .000
   1.140    -.10441E-02    -.10441E-02    -.10938E+03    -.41149E+01    -.30015E+00         .000      .000
   1.150    -.40252E-02    -.40252E-02    -.23209E+03     .42467E+01    -.30573E+00         .000      .000
   1.160    -.72833E-02    -.72833E-02    -.39472E+03     .22182E+02    -.34881E+00         .000      .000
   1.170    -.10929E-01    -.10929E-01    -.59082E+03     .44953E+02    -.37293E+00         .000      .000
   1.180    -.14647E-01    -.14647E-01    -.78683E+03     .67012E+02    -.36934E+00         .000      .000
   1.190    -.18089E-01    -.18089E-01    -.94951E+03     .81776E+02    -.30271E+00         .000      .000
   1.200    -.20459E-01    -.20459E-01    -.10265E+04     .81905E+02    -.16381E+00         .000      .000
   1.210    -.21467E-01    -.21467E-01    -.10116E+04     .73399E+02    -.51281E-01         .000      .000
   1.220    -.21740E-01    -.21740E-01    -.95079E+03     .64455E+02    -.14516E-01         .000      .000
   1.230    -.21841E-01    -.21841E-01    -.87447E+03     .54360E+02    -.43427E-02         .000      .000
   1.240    -.21829E-01    -.21829E-01    -.78647E+03     .42479E+02     .64199E-02         .000      .000
   1.250    -.21571E-01    -.21571E-01    -.68882E+03     .29569E+02     .58174E-01         .000      .000
   1.260    -.20398E-01    -.20398E-01    -.55711E+03     .13144E+02     .18981E+00         .000      .000
   1.270    -.17578E-01    -.17578E-01    -.36820E+03    -.61891E+01     .38089E+00         .000      .000
   1.280    -.12797E-01    -.12797E-01    -.11874E+03    -.25861E+02     .56849E+00         .000      .000
   1.290    -.64586E-02    -.64586E-02     .16604E+03    -.42263E+02     .68257E+00         .000      .000
   1.300     .53290E-03     .53290E-03     .44680E+03    -.53614E+02     .70042E+00         .000      .000
   1.310     .72893E-02     .72893E-02     .69287E+03    -.60263E+02     .64010E+00         .000      .000
   1.320     .13171E-01     .13171E-01     .88657E+03    -.62686E+02     .53058E+00         .000      .000
   1.330     .17915E-01     .17915E-01     .10279E+04    -.63556E+02     .42329E+00         .000      .000
   1.340     .21640E-01     .21640E-01     .11329E+04    -.64561E+02     .31815E+00         .000      .000
   1.350     .24288E-01     .24288E-01     .12025E+04    -.65776E+02     .21439E+00         .000      .000
   1.360     .25931E-01     .25931E-01     .12457E+04    -.69410E+02     .11197E+00         .000      .000
   1.370     .26369E-01     .26369E-01     .12487E+04    -.71248E+02    -.35097E-01         .000      .000
   1.380     .25000E-01     .25000E-01     .11743E+04    -.65276E+02    -.24899E+00         .000      .000
   1.390     .21024E-01     .21024E-01     .97944E+03    -.44501E+02    -.56816E+00         .000      .000
   1.400     .13310E-01     .13310E-01     .61323E+03    -.40381E+01    -.98557E+00         .000      .000
   1.410     .16318E-02     .16318E-02     .93366E+02     .42365E+02    -.13169E+01         .000      .000
   1.420    -.12145E-01    -.12145E-01    -.45498E+03     .72385E+02    -.13900E+01         .000      .000
   1.430    -.25366E-01    -.25366E-01    -.90652E+03     .79886E+02    -.12219E+01         .000      .000
   1.440    -.36202E-01    -.36202E-01    -.12120E+04     .72977E+02    -.93590E+00         .000      .000
   1.450    -.43965E-01    -.43965E-01    -.13808E+04     .59258E+02    -.61315E+00         .000      .000
   1.460    -.48538E-01    -.48538E-01    -.14361E+04     .42903E+02    -.30992E+00         .000      .000
   1.470    -.50181E-01    -.50181E-01    -.14110E+04     .26329E+02    -.13246E-01         .000      .000
   1.480    -.48767E-01    -.48767E-01    -.13139E+04     .10927E+02     .29674E+00         .000      .000
   1.490    -.44221E-01    -.44221E-01    -.11587E+04     .23859E+01     .61552E+00         .000      .000
   1.500    -.36440E-01    -.36440E-01    -.94325E+03     .71755E+00     .93905E+00         .000      .000
   1.510    -.25506E-01    -.25506E-01    -.65313E+03     .82938E+00     .12405E+01         .000      .000
   1.520    -.11853E-01    -.11853E-01    -.27679E+03    -.38255E+01     .14733E+01         .000      .000
   1.530     .34218E-02     .34218E-02     .16352E+03    -.12740E+02     .15471E+01         .000      .000
   1.540     .18395E-01     .18395E-01     .59832E+03    -.20222E+02     .14145E+01         .000      .000
   1.550     .31277E-01     .31277E-01     .96862E+03    -.27063E+02     .11494E+01         .000      .000
   1.560     .41010E-01     .41010E-01     .12467E+04    -.32432E+02     .77592E+00         .000      .000
   1.570     .46356E-01     .46356E-01     .13784E+04    -.27620E+02     .27338E+00         .000      .000
   1.580     .46354E-01     .46354E-01     .13283E+04    -.13413E+02    -.26945E+00         .000      .000
   1.590     .41166E-01     .41166E-01     .11217E+04     .24577E+01    -.75441E+00         .000      .000
   1.600     .31592E-01     .31592E-01     .79999E+03     .16589E+02    -.11426E+01         .000      .000
   1.610     .18817E-01     .18817E-01     .40984E+03     .25327E+02    -.13827E+01         .000      .000
   1.620     .45781E-02     .45781E-02     .13991E+02     .24468E+02    -.14322E+01         .000      .000
   1.630    -.93939E-02    -.93939E-02    -.34180E+03     .18017E+02    -.13481E+01         .000      .000
   1.640    -.22101E-01    -.22101E-01    -.65506E+03     .12898E+02    -.11785E+01         .000      .000
   1.650    -.32619E-01    -.32619E-01    -.91213E+03     .81850E+01    -.90648E+00         .000      .000
   1.660    -.40009E-01    -.40009E-01    -.10917E+04     .50238E+01    -.56563E+00         .000      .000
   1.670    -.43794E-01    -.43794E-01    -.11913E+04     .61693E+01    -.18418E+00         .000      .000
   1.680    -.43673E-01    -.43673E-01    -.12010E+04     .11027E+02     .20385E+00         .000      .000
   1.690    -.39793E-01    -.39793E-01    -.11200E+04     .18201E+02     .56743E+00         .000      .000
   1.700    -.32495E-01    -.32495E-01    -.94145E+03     .23055E+02     .87896E+00         .000      .000
   1.710    -.22570E-01    -.22570E-01    -.67649E+03     .24342E+02     .10842E+01         .000      .000
   1.720    -.11196E-01    -.11196E-01    -.35420E+03     .21034E+02     .11729E+01         .000      .000
   1.730     .48231E-03     .48231E-03    -.31094E+01     .12927E+02     .11409E+01         .000      .000
   1.740     .11195E-01     .11195E-01     .33288E+03     .36656E+01     .98212E+00         .000      .000
   1.750     .19926E-01     .19926E-01     .62009E+03    -.74899E+01     .76172E+00         .000      .000
   1.760     .26370E-01     .26370E-01     .85461E+03    -.22106E+02     .52438E+00         .000      .000
   1.770     .30338E-01     .30338E-01     .10218E+04    -.35603E+02     .26618E+00         .000      .000
   1.780     .31639E-01     .31639E-01     .11012E+04    -.43897E+02    -.72648E-02         .000      .000
   1.790     .30216E-01     .30216E-01     .10815E+04    -.45749E+02    -.27368E+00         .000      .000
   1.800     .26267E-01     .26267E-01     .96653E+03    -.41856E+02    -.50957E+00         .000      .000
   1.810     .20274E-01     .20274E-01     .77470E+03    -.35043E+02    -.67264E+00         .000      .000
   1.820     .13232E-01     .13232E-01     .54870E+03    -.30491E+02    -.71261E+00         .000      .000
   1.830     .63172E-02     .63172E-02     .33070E+03    -.27851E+02    -.66167E+00         .000      .000
   1.840     .12899E-03     .12899E-03     .12804E+03    -.22723E+02    -.57096E+00         .000      .000
   1.850    -.49991E-02    -.49991E-02    -.53632E+02    -.15914E+02    -.45021E+00         .000      .000
   1.860    -.88423E-02    -.88423E-02    -.20609E+03    -.85224E+01    -.31925E+00         .000      .000
   1.870    -.11227E-01    -.11227E-01    -.32048E+03    -.36572E+01    -.14432E+00         .000      .000
   1.880    -.11635E-01    -.11635E-01    -.37098E+03    -.30457E+01     .61119E-01         .000      .000
   1.890    -.10093E-01    -.10093E-01    -.36802E+03    -.88312E+00     .24148E+00         .000      .000
   1.900    -.70352E-02    -.70352E-02    -.33295E+03     .58241E+01     .35442E+00         .000      .000
   1.910    -.33069E-02    -.33069E-02    -.29443E+03     .17775E+02     .37612E+00         .000      .000
   1.920     .20309E-03     .20309E-03    -.27175E+03     .32400E+02     .31191E+00         .000      .000
   1.930     .28121E-02     .28121E-02    -.27184E+03     .45372E+02     .20928E+00         .000      .000
   1.940     .44453E-02     .44453E-02    -.27702E+03     .51658E+02     .12230E+00         .000      .000
   1.950     .53717E-02     .53717E-02    -.26726E+03     .50116E+02     .69096E-01         .000      .000
   1.960     .59325E-02     .59325E-02    -.23018E+03     .41353E+02     .47552E-01         .000      .000
   1.970     .62665E-02     .62665E-02    -.17048E+03     .29276E+02     .11801E-01         .000      .000
   1.980     .60265E-02     .60265E-02    -.11971E+03     .19278E+02    -.65544E-01         .000      .000
   1.990     .49140E-02     .49140E-02    -.10059E+03     .12308E+02    -.15558E+00         .000      .000
   2.000     .29830E-02     .29830E-02    -.11683E+03     .84132E+01    -.22495E+00         .000      .000
   2.010     .65810E-03     .65810E-03    -.15498E+03     .59315E+01    -.22326E+00         .000      .000
   2.020    -.10859E-02    -.10859E-02    -.17293E+03    -.18435E+00    -.10474E+00         .000      .000
   2.030    -.12167E-02    -.12167E-02    -.13084E+03    -.10197E+02     .81754E-01         .000      .000
   2.040     .43919E-03     .43919E-03    -.35166E+02    -.18344E+02     .23764E+00         .000      .000
   2.050     .33324E-02     .33324E-02     .84461E+02    -.22975E+02     .33160E+00         .000      .000
   2.060     .66097E-02     .66097E-02     .19419E+03    -.20437E+02     .29210E+00         .000      .000
   2.070     .90029E-02     .90029E-02     .24548E+03    -.11486E+02     .19464E+00         .000      .000
   2.080     .10721E-01     .10721E-01     .27731E+03    -.88666E+01     .16059E+00         .000      .000
   2.090     .12248E-01     .12248E-01     .31726E+03    -.95679E+01     .14016E+00         .000      .000
   2.100     .13488E-01     .13488E-01     .35295E+03    -.89494E+01     .10810E+00         .000      .000
   2.110     .14402E-01     .14402E-01     .38724E+03    -.10041E+02     .72783E-01         .000      .000
   2.120     .14875E-01     .14875E-01     .41962E+03    -.13702E+02     .17234E-01         .000      .000
   2.130     .14659E-01     .14659E-01     .43743E+03    -.18650E+02    -.63972E-01         .000      .000
   2.140     .13563E-01     .13563E-01     .42537E+03    -.22562E+02    -.15416E+00         .000      .000
   2.150     .11652E-01     .11652E-01     .37709E+03    -.23554E+02    -.22119E+00         .000      .000
   2.160     .93700E-02     .93700E-02     .30672E+03    -.23271E+02    -.22074E+00         .000      .000
   2.170     .72753E-02     .72753E-02     .23428E+03    -.20312E+02    -.20538E+00         .000      .000
   2.180     .51273E-02     .51273E-02     .13978E+03    -.98195E+01    -.23048E+00         .000      .000
   2.190     .29672E-02     .29672E-02     .37610E+02    -.26954E+01    -.17358E+00         .000      .000
   2.200     .20439E-02     .20439E-02     .28649E+01    -.96057E+01     .68523E-03         .000      .000
   2.210     .30461E-02     .30461E-02     .50795E+02    -.22809E+02     .19796E+00         .000      .000
   2.220     .59298E-02     .59298E-02     .15675E+03    -.35594E+02     .37446E+00         .000      .000
   2.230     .10268E-01     .10268E-01     .28897E+03    -.42784E+02     .47423E+00         .000      .000
   2.240     .15109E-01     .15109E-01     .40148E+03    -.41103E+02     .48175E+00         .000      .000
   2.250     .19715E-01     .19715E-01     .47533E+03    -.34067E+02     .43198E+00         .000      .000
   2.260     .23628E-01     .23628E-01     .50578E+03    -.23260E+02     .34622E+00         .000      .000
   2.270     .26660E-01     .26660E-01     .49823E+03    -.10848E+02     .26488E+00         .000      .000
   2.280     .29044E-01     .29044E-01     .47932E+03    -.15855E+01     .21723E+00         .000      .000
   2.290     .31089E-01     .31089E-01     .47485E+03     .13827E+01     .19388E+00         .000      .000
   2.300     .32882E-01     .32882E-01     .49216E+03    -.17657E+01     .15957E+00         .000      .000
   2.310     .34120E-01     .34120E-01     .51139E+03    -.69782E+01     .78985E-01         .000      .000
   2.320     .34270E-01     .34270E-01     .49767E+03    -.90563E+01    -.57114E-01         .000      .000
   2.330     .32866E-01     .32866E-01     .42085E+03    -.45181E+01    -.22609E+00         .000      .000
   2.340     .29762E-01     .29762E-01     .27114E+03     .71606E+01    -.39120E+00         .000      .000
   2.350     .25155E-01     .25155E-01     .59130E+02     .24472E+02    -.52301E+00         .000      .000
   2.360     .19400E-01     .19400E-01    -.19448E+03     .45869E+02    -.62522E+00         .000      .000
   2.370     .12781E-01     .12781E-01    -.46929E+03     .68216E+02    -.69068E+00         .000      .000
   2.380     .58367E-02     .58367E-02    -.72704E+03     .84031E+02    -.68425E+00         .000      .000
   2.390    -.70012E-03    -.70012E-03    -.92713E+03     .89481E+02    -.61648E+00         .000      .000
   2.400    -.63700E-02    -.63700E-02    -.10566E+04     .86300E+02    -.51164E+00         .000      .000
   2.410    -.10767E-01    -.10767E-01    -.11098E+04     .75081E+02    -.35777E+00         .000      .000
   2.420    -.13316E-01    -.13316E-01    -.10756E+04     .56002E+02    -.14120E+00         .000      .000
   2.430    -.13595E-01    -.13595E-01    -.95648E+03     .34830E+02     .78453E-01         .000      .000
   2.440    -.11807E-01    -.11807E-01    -.78444E+03     .17330E+02     .27984E+00         .000      .000
   2.450    -.79416E-02    -.79416E-02    -.56302E+03     .55817E+00     .49700E+00         .000      .000
   2.460    -.19185E-02    -.19185E-02    -.28797E+03    -.15363E+02     .70030E+00         .000      .000
   2.470     .59008E-02     .59008E-02     .24290E+02    -.28167E+02     .85460E+00         .000      .000
   2.480     .15034E-01     .15034E-01     .36229E+03    -.40166E+02     .96558E+00         .000      .000
   2.490     .24935E-01     .24935E-01     .71537E+03    -.51400E+02     .99540E+00         .000      .000
   2.500     .34596E-01     .34596E-01     .10484E+04    -.59595E+02     .92111E+00         .000      .000
   2.510     .42995E-01     .42995E-01     .13310E+04    -.64684E+02     .73928E+00         .000      .000
   2.520     .49130E-01     .49130E-01     .15314E+04    -.66514E+02     .48077E+00         .000      .000
   2.530     .52648E-01     .52648E-01     .16498E+04    -.70096E+02     .23111E+00         .000      .000
   2.540     .53900E-01     .53900E-01     .17089E+04    -.77865E+02     .26342E-01         .000      .000
   2.550     .53125E-01     .53125E-01     .17069E+04    -.83056E+02    -.18904E+00         .000      .000
   2.560     .49866E-01     .49866E-01     .16021E+04    -.75932E+02    -.47707E+00         .000      .000
   2.570     .43612E-01     .43612E-01     .13682E+04    -.58836E+02    -.76126E+00         .000      .000
   2.580     .34706E-01     .34706E-01     .10317E+04    -.36679E+02    -.10233E+01         .000      .000
   2.590     .23273E-01     .23273E-01     .59560E+03    -.76512E+01    -.12494E+01         .000      .000
   2.600     .10269E-01     .10269E-01     .11080E+03     .17950E+02    -.13159E+01         .000      .000
   2.610    -.25079E-02    -.25079E-02    -.33841E+03     .34333E+02    -.12200E+01         .000      .000
   2.620    -.13658E-01    -.13658E-01    -.70450E+03     .41594E+02    -.98465E+00         .000      .000
   2.630    -.21822E-01    -.21822E-01    -.93923E+03     .36433E+02    -.63555E+00         .000      .000
   2.640    -.26247E-01    -.26247E-01    -.10317E+04     .23141E+02    -.24799E+00         .000      .000
   2.650    -.26708E-01    -.26708E-01    -.99608E+03     .52942E+01     .16142E+00         .000      .000
   2.660    -.23101E-01    -.23101E-01    -.84640E+03    -.12789E+02     .54992E+00         .000      .000
   2.670    -.16005E-01    -.16005E-01    -.62725E+03    -.22275E+02     .85265E+00         .000      .000
   2.680    -.63610E-02    -.63610E-02    -.38046E+03    -.21050E+02     .10613E+01         .000      .000
   2.690     .49532E-02     .49532E-02    -.12201E+03    -.13287E+02     .11880E+01         .000      .000
   2.700     .17173E-01     .17173E-01     .14882E+03    -.51452E+01     .12445E+01         .000      .000
   2.710     .29642E-01     .29642E-01     .43858E+03    -.23515E+01     .12389E+01         .000      .000
   2.720     .41854E-01     .41854E-01     .75376E+03    -.10085E+02     .12016E+01         .000      .000
   2.730     .53611E-01     .53611E-01     .11029E+04    -.30897E+02     .11455E+01         .000      .000
   2.740     .64548E-01     .64548E-01     .14651E+04    -.58943E+02     .10278E+01         .000      .000
   2.750     .73832E-01     .73832E-01     .17836E+04    -.84447E+02     .81270E+00         .000      .000
   2.760     .80452E-01     .80452E-01     .19937E+04    -.99018E+02     .49593E+00         .000      .000
   2.770     .83638E-01     .83638E-01     .20504E+04    -.10012E+03     .14428E+00         .000      .000
   2.780     .83389E-01     .83389E-01     .19547E+04    -.89190E+02    -.19084E+00         .000      .000
   2.790     .80074E-01     .80074E-01     .17244E+04    -.68708E+02    -.45303E+00         .000      .000
   2.800     .74788E-01     .74788E-01     .14199E+04    -.47421E+02    -.58025E+00         .000      .000
   2.810     .68764E-01     .68764E-01     .11009E+04    -.28269E+02    -.61768E+00         .000      .000
   2.820     .62371E-01     .62371E-01     .77678E+03    -.65201E+01    -.67151E+00         .000      .000
   2.830     .54965E-01     .54965E-01     .41253E+03     .24111E+02    -.83293E+00         .000      .000
   2.840     .45390E-01     .45390E-01    -.37733E+02     .65000E+02    -.10927E+01         .000      .000
   2.850     .32745E-01     .32745E-01    -.59740E+03     .11707E+03    -.14590E+01         .000      .000
   2.860     .16066E-01     .16066E-01    -.12935E+04     .18064E+03    -.18721E+01         .000      .000
   2.870    -.38131E-02    -.38131E-02    -.20459E+04     .23125E+03    -.20356E+01         .000      .000
   2.880    -.23728E-01    -.23728E-01    -.26793E+04     .25232E+03    -.19203E+01         .000      .000
   2.890    -.41977E-01    -.41977E-01    -.31506E+04     .25890E+03    -.17275E+01         .000      .000
   2.900    -.58271E-01    -.58271E-01    -.34835E+04     .25835E+03    -.15326E+01         .000      .000
   2.910    -.72773E-01    -.72773E-01    -.37041E+04     .25302E+03    -.13789E+01         .000      .000
   2.920    -.86112E-01    -.86112E-01    -.38583E+04     .24901E+03    -.13018E+01         .000      .000
   2.930    -.98973E-01    -.98973E-01    -.39897E+04     .25038E+03    -.12732E+01         .000      .000
   2.940    -.11164E+00    -.11164E+00    -.41161E+04     .25968E+03    -.12620E+01         .000      .000
   2.950    -.12403E+00    -.12403E+00    -.42269E+04     .27335E+03    -.12016E+01         .000      .000
   2.960    -.13540E+00    -.13540E+00    -.42609E+04     .27977E+03    -.10627E+01         .000      .000
   2.970    -.14527E+00    -.14527E+00    -.41511E+04     .27205E+03    -.92085E+00         .000      .000
   2.980    -.15456E+00    -.15456E+00    -.37616E+04     .23612E+03    -.97958E+00         .000      .000
   2.990    -.16538E+00    -.16538E+00    -.33862E+04     .21155E+03    -.12011E+01         .000      .001
   3.000    -.17868E+00    -.17868E+00    -.30164E+04     .17997E+03    -.14564E+01         .000      .001
   3.010    -.19327E+00    -.19327E+00    -.26002E+04     .12171E+03    -.13524E+01         .000      .002
   3.020    -.20460E+00    -.20460E+00    -.20381E+04     .34155E+02    -.89634E+00         .000      .002
   3.030    -.21215E+00    -.21215E+00    -.14211E+04    -.34674E+02    -.70462E+00         .000      .002
   3.040    -.21985E+00    -.21985E+00    -.91918E+03    -.64172E+02    -.86643E+00         .000      .003
   3.050    -.23001E+00    -.23001E+00    -.55660E+03    -.74529E+02    -.11924E+01         .000      .003
   3.060    -.24355E+00    -.24355E+00    -.51394E+03    -.32557E+02    -.14601E+01         .000      .003
   3.070    -.25983E+00    -.25983E+00    -.49558E+03    -.24491E+02    -.19010E+01         .000      .004
   3.080    -.28571E+00    -.28571E+00    -.65637E+03     .10269E+02    -.35357E+01         .000      .004
   3.090    -.33277E+00    -.33277E+00    -.12748E+04     .13945E+03    -.58584E+01         .000      .006
   3.100    -.40011E+00    -.40011E+00    -.21977E+04     .25297E+03    -.74054E+01         .000      .008
   3.110    -.47804E+00    -.47804E+00    -.31354E+04     .30188E+03    -.80916E+01         .000      .011
   3.120    -.56273E+00    -.56273E+00    -.30685E+04     .19277E+03    -.90399E+01         .000      .013
   3.130    -.66143E+00    -.66143E+00    -.30174E+04     .12927E+03    -.10764E+02         .000      .017
   3.140    -.77801E+00    -.77801E+00    -.30759E+04     .96456E+02    -.12506E+02         .000      .021
   3.150    -.90859E+00    -.90859E+00    -.33440E+04     .11014E+03    -.13372E+02         .000      .025
   3.160    -.10411E+01    -.10411E+01    -.36472E+04     .93516E+02    -.12955E+02         .000      .030
   3.170    -.11646E+01    -.11646E+01    -.38591E+04     .55519E+02    -.11612E+02         .000      .034
   3.180    -.12711E+01    -.12711E+01    -.39865E+04     .28407E+02    -.95851E+01         .000      .038
   3.190    -.13550E+01    -.13550E+01    -.40327E+04     .24240E+02    -.71581E+01         .000      .041
   3.200    -.14134E+01    -.14134E+01    -.39527E+04     .23483E+02    -.44922E+01         .000      .043
   3.210    -.14444E+01    -.14444E+01    -.37010E+04     .69874E+01    -.16984E+01         .000      .044
   3.220    -.14460E+01    -.14460E+01    -.33127E+04    -.30546E+02     .14229E+01         .000      .044
   3.230    -.14185E+01    -.14185E+01    -.18506E+04    -.23750E+03     .38628E+01         .000      .043
   3.240    -.13728E+01    -.13728E+01     .20925E+03    -.43546E+03     .51091E+01         .000      .043
   3.250    -.13212E+01    -.13212E+01     .21804E+04    -.57329E+03     .50247E+01         .000      .043
   3.260    -.12707E+01    -.12707E+01     .33611E+04    -.46344E+03     .52541E+01         .000      .043
   3.270    -.12147E+01    -.12147E+01     .47317E+04    -.51893E+03     .58469E+01         .000      .043
   3.280    -.11570E+01    -.11570E+01     .57707E+04    -.53247E+03     .56549E+01         .000      .044
   3.290    -.10984E+01    -.10984E+01     .54993E+04    -.40905E+03     .62382E+01         .000      .044
   3.300    -.10311E+01    -.10311E+01     .55618E+04    -.40879E+03     .71773E+01         .000      .044
   3.310    -.95734E+00    -.95734E+00     .58887E+04    -.45311E+03     .74183E+01         .000      .044
   3.320    -.88698E+00    -.88698E+00     .60941E+04    -.45205E+03     .63974E+01         .000      .044
   3.330    -.83618E+00    -.83618E+00     .59839E+04    -.37669E+03     .33883E+01         .000      .044
   3.340    -.82428E+00    -.82428E+00     .50997E+04    -.14401E+03    -.11535E+01         .000      .045
   3.350    -.85584E+00    -.85584E+00     .27930E+04     .19060E+03    -.48115E+01         .000      .045
   3.360    -.91543E+00    -.91543E+00    -.56254E+02     .37437E+03    -.69487E+01         .000      .045
   3.370    -.99430E+00    -.99430E+00    -.27392E+04     .46613E+03    -.88226E+01         .000      .045
   3.380    -.10873E+01    -.10873E+01    -.55784E+04     .52138E+03    -.94384E+01         .000      .045
   3.390    -.11799E+01    -.11799E+01    -.69977E+04     .46630E+03    -.87110E+01         .000      .045
   3.400    -.12558E+01    -.12558E+01    -.68582E+04     .28204E+03    -.64041E+01         .000      .045
   3.410    -.13076E+01    -.13076E+01    -.63364E+04     .86618E+02    -.39282E+01         .000      .045
   3.420    -.13336E+01    -.13336E+01    -.58962E+04    -.75406E+02    -.12727E+01         .000      .045
   3.430    -.13347E+01    -.13347E+01    -.55512E+04    -.19503E+03     .93663E+00         .000      .045
   3.440    -.13162E+01    -.13162E+01    -.51737E+04    -.17776E+03     .27999E+01         .000      .045
   3.450    -.12764E+01    -.12764E+01    -.45861E+04    -.10940E+03     .52498E+01         .000      .045
   3.460    -.12111E+01    -.12111E+01    -.32739E+04    -.10317E+03     .77496E+01         .000      .046
   3.470    -.11226E+01    -.11226E+01    -.12350E+04    -.13331E+03     .98958E+01         .000      .046
   3.480    -.10143E+01    -.10143E+01    -.45897E+01    -.57846E+01     .11943E+02         .000      .046
   3.490    -.87817E+00    -.87817E+00     .25984E+03     .49916E+02     .15254E+02         .000      .046
   3.500    -.71440E+00    -.71440E+00     .11539E+04     .13903E+02     .17070E+02         .000      .046
   3.510    -.54605E+00    -.54605E+00     .23111E+04    -.34050E+02     .16134E+02         .000      .046
   3.520    -.39908E+00    -.39908E+00     .32395E+04    -.30571E+02     .13000E+02         .000      .046
   3.530    -.28997E+00    -.28997E+00     .39116E+04    -.56964E+02     .86453E+01         .000      .046
   3.540    -.22769E+00    -.22769E+00     .41400E+04    -.52940E+02     .39071E+01         .000      .046
   3.550    -.20770E+00    -.20770E+00     .39378E+04    -.36490E+02     .32303E+00         .000      .046
   3.560    -.21598E+00    -.21598E+00     .34295E+04    -.76454E+02    -.16454E+01         .000      .046
   3.570    -.23437E+00    -.23437E+00     .27543E+04    -.17462E+03    -.17435E+01         .000      .046
   3.580    -.24609E+00    -.24609E+00     .24360E+04    -.31020E+03    -.40438E+00         .000      .046
   3.590    -.24220E+00    -.24220E+00     .26112E+04    -.42380E+03     .10582E+01         .000      .046
   3.600    -.22814E+00    -.22814E+00     .28797E+04    -.45705E+03     .15508E+01         .000      .046
   3.610    -.21221E+00    -.21221E+00     .29878E+04    -.45400E+03     .17361E+01         .000      .046
   3.620    -.19102E+00    -.19102E+00     .25583E+04    -.39232E+03     .27115E+01         .000      .046
   3.630    -.15548E+00    -.15548E+00     .19898E+04    -.31406E+03     .44281E+01         .000      .046
   3.640    -.10090E+00    -.10090E+00     .15431E+04    -.23242E+03     .65554E+01         .000      .046
   3.650    -.22834E-01    -.22834E-01     .12999E+04    -.17524E+03     .91591E+01         .000      .046
   3.660     .84500E-01     .84500E-01     .13444E+04    -.14135E+03     .12408E+02         .000      .046
   3.670     .22508E+00     .22508E+00     .28953E+04    -.31765E+03     .15411E+02         .000      .046
   3.680     .38700E+00     .38700E+00     .49373E+04    -.48582E+03     .16735E+02         .000      .046
   3.690     .55737E+00     .55737E+00     .55904E+04    -.45932E+03     .17360E+02         .000      .047
   3.700     .73681E+00     .73681E+00     .56147E+04    -.40664E+03     .18584E+02         .000      .047
   3.710     .92841E+00     .92841E+00     .57584E+04    -.43149E+03     .19644E+02         .000      .048
   3.720     .11274E+01     .11274E+01     .59263E+04    -.44537E+03     .20032E+02         .000      .049
   3.730     .13255E+01     .13255E+01     .60119E+04    -.40605E+03     .19382E+02         .000      .055
   3.740     .15120E+01     .15120E+01     .59371E+04    -.30401E+03     .17818E+02         .000      .061
   3.750     .16804E+01     .16804E+01     .55366E+04    -.16531E+03     .15842E+02         .000      .067
   3.760     .18268E+01     .18268E+01     .52481E+04    -.15983E+03     .13161E+02         .000      .072
   3.770     .19388E+01     .19388E+01     .48216E+04    -.12397E+03     .90382E+01         .000      .076
   3.780     .20060E+01     .20060E+01     .41580E+04    -.26721E+02     .44730E+01         .000      .078
   3.790     .20311E+01     .20311E+01     .33699E+04     .49191E+02     .69861E+00         .000      .078
   3.800     .20226E+01     .20226E+01     .22006E+04     .17397E+03    -.21704E+01         .000      .078
   3.810     .19939E+01     .19939E+01     .32742E+03     .38077E+03    -.31442E+01         .000      .077
   3.820     .19669E+01     .19669E+01    -.10132E+04     .40134E+03    -.21417E+01         .000      .077
   3.830     .19496E+01     .19496E+01    -.15516E+04     .27203E+03    -.14492E+01         .000      .077
   3.840     .19366E+01     .19366E+01    -.20119E+04     .25037E+03    -.11232E+01         .000      .076
   3.850     .19284E+01     .19284E+01    -.25060E+04     .27802E+03    -.45425E+00         .000      .076
   3.860     .19276E+01     .19276E+01    -.27221E+04     .24724E+03     .23581E+00         .000      .076
   3.870     .19309E+01     .19309E+01    -.27827E+04     .20974E+03     .29845E+00         .000      .076
   3.880     .19323E+01     .19323E+01    -.30200E+04     .27242E+03     .23609E-01         .000      .076
   3.890     .19326E+01     .19326E+01    -.32364E+04     .30944E+03     .14061E-02         .000      .076
   3.900     .19314E+01     .19314E+01    -.33390E+04     .32543E+03    -.25694E+00         .000      .075
   3.910     .19273E+01     .19273E+01    -.35602E+04     .36269E+03    -.54937E+00         .000      .075
   3.920     .19213E+01     .19213E+01    -.38572E+04     .40958E+03    -.59210E+00         .000      .075
   3.930     .19168E+01     .19168E+01    -.40966E+04     .44416E+03    -.23439E+00         .000      .075
   3.940     .19176E+01     .19176E+01    -.41407E+04     .45790E+03     .42419E+00         .000      .075
   3.950     .19269E+01     .19269E+01    -.38619E+04     .49243E+03     .15216E+01         .000      .074
   3.960     .19486E+01     .19486E+01    -.30684E+04     .44346E+03     .27851E+01         .000      .074
   3.970     .19793E+01     .19793E+01    -.16944E+04     .26796E+03     .30815E+01         .000      .075
   3.980     .20059E+01     .20059E+01    -.41167E+03     .17243E+03     .21173E+01         .000      .075
   3.990     .20211E+01     .20211E+01     .24125E+03     .15541E+03     .97036E+00         .000      .075
   4.000     .20283E+01     .20283E+01     .51620E+03     .12303E+03     .65354E+00         .000      .075
   4.010     .20367E+01     .20367E+01     .96885E+03     .48888E+02     .11144E+01         .000      .075
   4.020     .20526E+01     .20526E+01     .15759E+04    -.35990E+02     .21657E+01         .000      .076
   4.030     .20798E+01     .20798E+01     .23198E+04    -.11972E+03     .31701E+01         .000      .077
   4.040     .21131E+01     .21131E+01     .30584E+04    -.16890E+03     .33047E+01         .000      .078
   4.050     .21436E+01     .21436E+01     .36707E+04    -.19333E+03     .27404E+01         .000      .079
   4.060     .21670E+01     .21670E+01     .41540E+04    -.21971E+03     .18948E+01         .000      .080
   4.070     .21800E+01     .21800E+01     .45093E+04    -.23173E+03     .63431E+00         .000      .081
   4.080     .21785E+01     .21785E+01     .45488E+04    -.18036E+03    -.95013E+00         .000      .081
   4.090     .21619E+01     .21619E+01     .39823E+04    -.87540E+02    -.23173E+01         .000      .081
   4.100     .21326E+01     .21326E+01     .29660E+04     .40496E+02    -.35173E+01         .000      .081
   4.110     .20936E+01     .20936E+01     .17108E+04     .16532E+03    -.41669E+01         .000      .081
   4.120     .20521E+01     .20521E+01     .73825E+03     .16165E+03    -.40111E+01         .000      .081
   4.130     .20145E+01     .20145E+01     .28110E+03     .60826E+02    -.34753E+01         .000      .081
   4.140     .19824E+01     .19824E+01     .14986E+03    -.49925E+02    -.29622E+01         .000      .081
   4.150     .19552E+01     .19552E+01     .13769E+03    -.14200E+03    -.24626E+01         .000      .081
   4.160     .19331E+01     .19331E+01     .16312E+03    -.21300E+03    -.19579E+01         .000      .081
   4.170     .19158E+01     .19158E+01     .12946E+03    -.24347E+03    -.15179E+01         .000      .081
   4.180     .19032E+01     .19032E+01    -.13086E+02    -.22821E+03    -.95932E+00         .000      .081
   4.190     .18979E+01     .18979E+01    -.12636E+03    -.19263E+03    -.31421E-01         .000      .081
   4.200     .19037E+01     .19037E+01     .22778E+02    -.16696E+03     .12363E+01         .000      .081
   4.210     .19228E+01     .19228E+01     .59853E+03    -.17126E+03     .25617E+01         .000      .081
   4.220     .19534E+01     .19534E+01     .15295E+04    -.22694E+03     .34199E+01         .000      .081
   4.230     .19895E+01     .19895E+01     .24609E+04    -.24010E+03     .37379E+01         .000      .081
   4.240     .20265E+01     .20265E+01     .33264E+04    -.23716E+03     .35804E+01         .000      .081
   4.250     .20596E+01     .20596E+01     .40404E+04    -.22584E+03     .29790E+01         .000      .081
   4.260     .20850E+01     .20850E+01     .45532E+04    -.21657E+03     .20424E+01         .000      .081
   4.270     .20996E+01     .20996E+01     .47827E+04    -.20205E+03     .84320E+00         .000      .081
   4.280     .21013E+01     .21013E+01     .46062E+04    -.16679E+03    -.48313E+00         .000      .081
   4.290     .20911E+01     .20911E+01     .40243E+04    -.10766E+03    -.14905E+01         .000      .081
   4.300     .20730E+01     .20730E+01     .32522E+04    -.56202E+02    -.20715E+01         .000      .081
   4.310     .20508E+01     .20508E+01     .24637E+04    -.20969E+02    -.23254E+01         .000      .081
   4.320     .20265E+01     .20265E+01     .17498E+04    -.14965E+02    -.25491E+01         .000      .081
   4.330     .19990E+01     .19990E+01     .10045E+04    -.10152E+02    -.29965E+01         .000      .081
   4.340     .19659E+01     .19659E+01     .47293E+02     .21724E+02    -.36362E+01         .000      .081
   4.350     .19261E+01     .19261E+01    -.12304E+04     .97221E+02    -.43426E+01         .000      .081
   4.360     .18797E+01     .18797E+01    -.28018E+04     .21647E+03    -.48871E+01         .000      .081
   4.370     .18261E+01     .18261E+01    -.29842E+04     .17672E+03    -.60113E+01         .000      .081
   4.380     .17594E+01     .17594E+01    -.36525E+04     .29498E+03    -.72101E+01         .000      .081
   4.390     .16848E+01     .16848E+01    -.44725E+04     .40996E+03    -.75796E+01         .000      .081
   4.400     .16096E+01     .16096E+01    -.51473E+04     .47757E+03    -.74186E+01         .000      .081
   4.410     .15370E+01     .15370E+01    -.55994E+04     .50729E+03    -.70857E+01         .000      .080
   4.420     .14678E+01     .14678E+01    -.58391E+04     .51197E+03    -.67670E+01         .000      .080
   4.430     .14014E+01     .14014E+01    -.59081E+04     .50509E+03    -.65225E+01         .000      .080
   4.440     .13371E+01     .13371E+01    -.58275E+04     .48598E+03    -.63616E+01         .000      .081
   4.450     .12737E+01     .12737E+01    -.56089E+04     .44878E+03    -.63480E+01         .000      .081
   4.460     .12094E+01     .12094E+01    -.52985E+04     .40170E+03    -.65410E+01         .000      .081
   4.470     .11423E+01     .11423E+01    -.49723E+04     .36343E+03    -.68903E+01         .000      .081
   4.480     .10720E+01     .10720E+01    -.46642E+04     .33650E+03    -.71069E+01         .000      .081
   4.490     .10022E+01     .10022E+01    -.42482E+04     .28881E+03    -.67279E+01         .000      .081
   4.500     .93974E+00     .93974E+00    -.36754E+04     .21477E+03    -.56751E+01         .000      .081
   4.510     .88874E+00     .88874E+00    -.29256E+04     .13036E+03    -.45919E+01         .000      .081
   4.520     .84792E+00     .84792E+00    -.25638E+04     .17474E+03    -.34157E+01         .000      .081
   4.530     .82333E+00     .82333E+00    -.20698E+04     .13205E+03    -.14029E+01         .000      .081
   4.540     .81981E+00     .81981E+00    -.13086E+04    -.25101E+02     .55613E+00         .000      .081
   4.550     .83040E+00     .83040E+00    -.22865E+03    -.20314E+03     .14369E+01         .000      .081
   4.560     .84835E+00     .84835E+00     .94159E+03    -.32391E+03     .22387E+01         .000      .081
   4.570     .87556E+00     .87556E+00     .23230E+04    -.44738E+03     .31633E+01         .000      .081
   4.580     .90941E+00     .90941E+00     .38211E+04    -.55234E+03     .34321E+01         .000      .081
   4.590     .94101E+00     .94101E+00     .50985E+04    -.60797E+03     .27591E+01         .000      .081
   4.600     .96375E+00     .96375E+00     .55787E+04    -.54525E+03     .18822E+01         .000      .081
   4.610     .97968E+00     .97968E+00     .57830E+04    -.43199E+03     .13573E+01         .000      .081
   4.620     .98952E+00     .98952E+00     .60318E+04    -.44388E+03     .29467E+00         .000      .081
   4.630     .97923E+00     .97923E+00     .56780E+04    -.36787E+03    -.24871E+01         .000      .081
   4.640     .94274E+00     .94274E+00     .39314E+04    -.50496E+02    -.44954E+01         .000      .081
   4.650     .89434E+00     .89434E+00     .19814E+04     .15931E+03    -.50776E+01         .000      .081
   4.660     .84126E+00     .84126E+00     .43306E+03     .22203E+03    -.56014E+01         .000      .081
   4.670     .77959E+00     .77959E+00     .37817E+03     .13558E+03    -.69762E+01         .000      .081
   4.680     .69705E+00     .69705E+00     .42823E+03     .26157E+02    -.97763E+01         .000      .081
   4.690     .57976E+00     .57976E+00     .28685E+03    -.60156E+02    -.13839E+02         .000      .081
   4.700     .41877E+00     .41877E+00    -.35595E+03    -.29173E+01    -.18311E+02         .000      .081
   4.710     .21460E+00     .21460E+00    -.16683E+04     .13842E+03    -.22483E+02         .000      .081
   4.720    -.25359E-01    -.25359E-01    -.38173E+04     .47748E+03    -.25016E+02         .000      .081
   4.730    -.27574E+00    -.27574E+00    -.53922E+04     .57503E+03    -.24814E+02         .000      .082
   4.740    -.52185E+00    -.52185E+00    -.61326E+04     .40946E+03    -.24547E+02         .000      .082
   4.750    -.76863E+00    -.76863E+00    -.69121E+04     .38376E+03    -.24700E+02         .000      .083
   4.760    -.10087E+01    -.10087E+01    -.84807E+04     .54776E+03    -.22885E+02         .000      .083
   4.770    -.12252E+01    -.12252E+01    -.88825E+04     .52163E+03    -.20468E+02         .000      .084
   4.780    -.14170E+01    -.14170E+01    -.92582E+04     .55635E+03    -.17827E+02         .000      .084
   4.790    -.15822E+01    -.15822E+01    -.94548E+04     .47458E+03    -.15319E+02         .000      .085
   4.800    -.17254E+01    -.17254E+01    -.95171E+04     .41258E+03    -.13355E+02         .000      .085
   4.810    -.18491E+01    -.18491E+01    -.94662E+04     .44402E+03    -.11312E+02         .000      .085
   4.820    -.19499E+01    -.19499E+01    -.92571E+04     .46279E+03    -.87753E+01         .000      .086
   4.830    -.20233E+01    -.20233E+01    -.89250E+04     .48560E+03    -.58362E+01         .000      .086
   4.840    -.20661E+01    -.20661E+01    -.83925E+04     .46760E+03    -.27603E+01         .000      .086
   4.850    -.20797E+01    -.20797E+01    -.77021E+04     .39058E+03    -.80226E-01         .000      .086
   4.860    -.20705E+01    -.20705E+01    -.64678E+04     .29441E+03     .17564E+01         .000      .085
   4.870    -.20493E+01    -.20493E+01    -.44999E+04     .94951E+02     .21144E+01         .000      .085
   4.880    -.20319E+01    -.20319E+01    -.31986E+04     .70678E+02     .13324E+01         .000      .085
   4.890    -.20221E+01    -.20221E+01    -.21945E+04     .13151E+03     .77046E+00         .000      .085
   4.900    -.20189E+01    -.20189E+01    -.12458E+04    -.14598E+02    -.38405E+00         .000      .084
   4.910    -.20311E+01    -.20311E+01    -.97889E+03     .20774E+02    -.19660E+01         .000      .084
   4.920    -.20565E+01    -.20565E+01    -.11761E+04     .51203E+02    -.30613E+01         .000      .084
   4.930    -.20903E+01    -.20903E+01    -.12626E+04     .10764E+02    -.36236E+01         .000      .083
   4.940    -.21304E+01    -.21304E+01    -.54481E+03    -.11791E+03    -.43994E+01         .000      .083
   4.950    -.21771E+01    -.21771E+01    -.25471E+03    -.81288E+02    -.48299E+01         .000      .083
   4.960    -.22230E+01    -.22230E+01    -.22629E+03     .18094E+02    -.41735E+01         .000      .083
   4.970    -.22578E+01    -.22578E+01    -.10485E+03     .28897E+02    -.26897E+01         .000      .082
   4.980    -.22766E+01    -.22766E+01     .15824E+03    -.71833E+02    -.11469E+01         .000      .082
   4.990    -.22845E+01    -.22845E+01     .51039E+03    -.24736E+03    -.68237E+00         .000      .081
   5.000    -.22939E+01    -.22939E+01     .82749E+03    -.35707E+03    -.12828E+01         .000      .080
   5.010    -.23105E+01    -.23105E+01     .10629E+04    -.39999E+03    -.20111E+01         .000      .080
   5.020    -.23331E+01    -.23331E+01     .12312E+04    -.40461E+03    -.24595E+01         .000      .079
   5.030    -.23587E+01    -.23587E+01     .13391E+04    -.41711E+03    -.26377E+01         .000      .079
   5.040    -.23868E+01    -.23868E+01     .13966E+04    -.42599E+03    -.30669E+01         .000      .079
   5.050    -.24211E+01    -.24211E+01     .13990E+04    -.42385E+03    -.38067E+01         .000      .079
   5.060    -.24620E+01    -.24620E+01     .13657E+04    -.41817E+03    -.42749E+01         .000      .079
   5.070    -.25048E+01    -.25048E+01     .13057E+04    -.40555E+03    -.42135E+01         .000      .080
   5.080    -.25437E+01    -.25437E+01     .11245E+04    -.33847E+03    -.33429E+01         .000      .081
   5.090    -.25677E+01    -.25677E+01     .98013E+03    -.31335E+03    -.13074E+01         .000      .082
   5.100    -.25687E+01    -.25687E+01     .11829E+04    -.39291E+03     .10333E+01         .000      .082
   5.110    -.25504E+01    -.25504E+01     .18087E+04    -.48420E+03     .24695E+01         .000      .082
   5.120    -.25188E+01    -.25188E+01     .19431E+04    -.40920E+03     .39437E+01         .000      .082
   5.130    -.24701E+01    -.24701E+01     .22616E+04    -.38345E+03     .58202E+01         .000      .082
   5.140    -.24036E+01    -.24036E+01     .28474E+04    -.43452E+03     .73517E+01         .000      .081
   5.150    -.23271E+01    -.23271E+01     .35183E+04    -.52215E+03     .77017E+01         .000      .081
   5.160    -.22539E+01    -.22539E+01     .40729E+04    -.55005E+03     .67452E+01         .000      .081
   5.170    -.21946E+01    -.21946E+01     .43883E+04    -.50182E+03     .50863E+01         .000      .081
   5.180    -.21517E+01    -.21517E+01     .44365E+04    -.42379E+03     .35464E+01         .000      .081
   5.190    -.21220E+01    -.21220E+01     .42693E+04    -.33388E+03     .25161E+01         .000      .081
   5.200    -.20985E+01    -.20985E+01     .39086E+04    -.25891E+03     .23187E+01         .000      .081
   5.210    -.20743E+01    -.20743E+01     .37212E+04    -.25718E+03     .25144E+01         .000      .081
   5.220    -.20487E+01    -.20487E+01     .36442E+04    -.27267E+03     .25630E+01         .000      .081
   5.230    -.20220E+01    -.20220E+01     .27519E+04    -.18248E+03     .28962E+01         .000      .081
   5.240    -.19900E+01    -.19900E+01     .20624E+04    -.16889E+03     .34893E+01         .000      .081
   5.250    -.19526E+01    -.19526E+01     .15126E+04    -.17615E+03     .39629E+01         .000      .081
   5.260    -.19139E+01    -.19139E+01     .14067E+04    -.28079E+03     .35777E+01         .000      .081
   5.270    -.18832E+01    -.18832E+01     .10839E+04    -.24644E+03     .25817E+01         .000      .081
   5.280    -.18597E+01    -.18597E+01     .56658E+03    -.10407E+03     .23219E+01         .000      .081
   5.290    -.18333E+01    -.18333E+01     .12665E+03    -.36334E+02     .30268E+01         .000      .081
   5.300    -.17993E+01    -.17993E+01    -.15085E+03    -.43377E+02     .37042E+01         .000      .081
   5.310    -.17608E+01    -.17608E+01    -.37676E+03    -.46027E+02     .39402E+01         .000      .081
   5.320    -.17209E+01    -.17209E+01    -.65611E+03    -.25656E+00     .40710E+01         .000      .081
   5.330    -.16783E+01    -.16783E+01    -.94892E+03     .65875E+02     .45039E+01         .000      .081
   5.340    -.16298E+01    -.16298E+01    -.11908E+04     .13245E+03     .52462E+01         .000      .081
   5.350    -.15727E+01    -.15727E+01    -.13860E+04     .19554E+03     .61874E+01         .000      .081
   5.360    -.15066E+01    -.15066E+01    -.14995E+04     .23708E+03     .69775E+01         .000      .081
   5.370    -.14344E+01    -.14344E+01    -.15240E+04     .24833E+03     .73821E+01         .000      .081
   5.380    -.13601E+01    -.13601E+01    -.14715E+04     .22918E+03     .74241E+01         .000      .081
   5.390    -.12871E+01    -.12871E+01    -.13727E+04     .19230E+03     .71355E+01         .000      .081
   5.400    -.12184E+01    -.12184E+01    -.12723E+04     .15759E+03     .65607E+01         .000      .081
   5.410    -.11566E+01    -.11566E+01    -.12278E+04     .14390E+03     .57681E+01         .000      .081
   5.420    -.11036E+01    -.11036E+01    -.12646E+04     .15640E+03     .48047E+01         .000      .081
   5.430    -.10608E+01    -.10608E+01    -.13485E+04     .18232E+03     .37605E+01         .000      .081
   5.440    -.10280E+01    -.10280E+01    -.14664E+04     .21208E+03     .28107E+01         .000      .081
   5.450    -.10040E+01    -.10040E+01    -.15981E+04     .23721E+03     .20266E+01         .000      .081
   5.460    -.98704E+00    -.98704E+00    -.17289E+04     .25414E+03     .13805E+01         .000      .080
   5.470    -.97624E+00    -.97624E+00    -.18538E+04     .26432E+03     .77719E+00         .000      .080
   5.480    -.97166E+00    -.97166E+00    -.19825E+04     .27490E+03     .12923E+00         .000      .080
   5.490    -.97387E+00    -.97387E+00    -.22083E+04     .31121E+03    -.56298E+00         .000      .080
   5.500    -.98214E+00    -.98214E+00    -.26466E+04     .37497E+03    -.10368E+01         .000      .080
   5.510    -.99330E+00    -.99330E+00    -.31491E+04     .42920E+03    -.11323E+01         .000      .080
   5.520    -.10040E+01    -.10040E+01    -.35410E+04     .43274E+03    -.10044E+01         .000      .080
   5.530    -.10151E+01    -.10151E+01    -.37235E+04     .38213E+03    -.13051E+01         .000      .080
   5.540    -.10307E+01    -.10307E+01    -.40898E+04     .39627E+03    -.17852E+01         .000      .080
   5.550    -.10495E+01    -.10495E+01    -.45798E+04     .42259E+03    -.19124E+01         .000      .080
   5.560    -.10681E+01    -.10681E+01    -.49655E+04     .42013E+03    -.17797E+01         .000      .080
   5.570    -.10847E+01    -.10847E+01    -.51812E+04     .40473E+03    -.15315E+01         .000      .080
   5.580    -.10987E+01    -.10987E+01    -.52056E+04     .36868E+03    -.12797E+01         .000      .080
   5.590    -.11098E+01    -.11098E+01    -.50715E+04     .32174E+03    -.88618E+00         .000      .080
   5.600    -.11148E+01    -.11148E+01    -.46635E+04     .24309E+03    -.31925E-01         .000      .080
   5.610    -.11096E+01    -.11096E+01    -.38331E+04     .13230E+03     .10860E+01         .000      .080
   5.620    -.10931E+01    -.10931E+01    -.26265E+04     .12667E+02     .22180E+01         .000      .080
   5.630    -.10661E+01    -.10661E+01    -.11365E+04    -.98125E+02     .31028E+01         .000      .080
   5.640    -.10345E+01    -.10345E+01     .22012E+03    -.16870E+03     .30292E+01         .000      .080
   5.650    -.10048E+01    -.10048E+01     .10296E+04    -.87532E+02     .30413E+01         .000      .080
   5.660    -.97188E+00    -.97188E+00     .20099E+04    -.11504E+03     .35574E+01         .000      .080
   5.670    -.93275E+00    -.93275E+00     .21366E+04    -.73381E+02     .43373E+01         .000      .080
   5.680    -.88561E+00    -.88561E+00     .23924E+04    -.67521E+02     .50737E+01         .000      .080
   5.690    -.83269E+00    -.83269E+00     .28055E+04    -.11197E+03     .53771E+01         .000      .080
   5.700    -.78142E+00    -.78142E+00     .33267E+04    -.18889E+03     .46937E+01         .000      .080
   5.710    -.74294E+00    -.74294E+00     .38087E+04    -.25659E+03     .27871E+01         .000      .080
   5.720    -.73051E+00    -.73051E+00     .45111E+04    -.33689E+03    -.51496E+00         .000      .080
   5.730    -.75118E+00    -.75118E+00     .38124E+04    -.15543E+03    -.33002E+01         .000      .080
   5.740    -.79139E+00    -.79139E+00     .24696E+04    -.80423E+02    -.45944E+01         .000      .080
   5.750    -.84029E+00    -.84029E+00     .97059E+03    -.28440E+02    -.50315E+01         .000      .080
   5.760    -.88873E+00    -.88873E+00    -.41531E+03    -.17181E+01    -.45028E+01         .000      .080
   5.770    -.92785E+00    -.92785E+00    -.10277E+04    -.23653E+02    -.32799E+01         .000      .080
   5.780    -.95641E+00    -.95641E+00    -.91177E+03    -.91719E+02    -.25308E+01         .000      .080
   5.790    -.97963E+00    -.97963E+00    -.85272E+03    -.12063E+03    -.21453E+01         .000      .080
   5.800    -.99943E+00    -.99943E+00    -.83616E+03    -.14738E+03    -.18038E+01         .000      .080
   5.810    -.10158E+01    -.10158E+01    -.86766E+03    -.16720E+03    -.14674E+01         .000      .081
   5.820    -.10274E+01    -.10274E+01    -.10745E+04    -.12755E+03    -.71356E+00         .000      .081
   5.830    -.10271E+01    -.10271E+01    -.12578E+04    -.98877E+02     .87392E+00         .000      .081
   5.840    -.10097E+01    -.10097E+01    -.85209E+03    -.12771E+03     .25569E+01         .000      .081
   5.850    -.97760E+00    -.97760E+00     .24832E+02    -.15824E+03     .37607E+01         .000      .081
   5.860    -.93675E+00    -.93675E+00     .11347E+04    -.18418E+03     .42827E+01         .000      .080
   5.870    -.89423E+00    -.89423E+00     .21390E+04    -.18696E+03     .41243E+01         .000      .081
   5.880    -.85354E+00    -.85354E+00     .17944E+04    -.64089E+02     .40498E+01         .000      .081
   5.890    -.81536E+00    -.81536E+00     .17062E+04    -.46127E+02     .33961E+01         .000      .081
   5.900    -.78784E+00    -.78784E+00     .16035E+04    -.19234E+02     .20844E+01         .000      .081
   5.910    -.77355E+00    -.77355E+00     .14210E+04     .91181E+01     .80031E+00         .000      .081
   5.920    -.77136E+00    -.77136E+00     .11951E+04     .29262E+02    -.33733E+00         .000      .081
   5.930    -.77917E+00    -.77917E+00     .76281E+03     .51067E+02    -.11608E+01         .000      .081
   5.940    -.79319E+00    -.79319E+00     .26051E+03     .29634E+02    -.15751E+01         .000      .081
   5.950    -.80996E+00    -.80996E+00    -.23440E+03    -.87947E+01    -.17557E+01         .000      .081
   5.960    -.82728E+00    -.82728E+00    -.76887E+03    -.27271E+02    -.16279E+01         .000      .081
   5.970    -.84011E+00    -.84011E+00    -.11231E+04    -.59076E+02    -.85098E+00         .000      .081
   5.980    -.84445E+00    -.84445E+00    -.11425E+04    -.12745E+03    -.63308E-01         .000      .081
   5.990    -.84156E+00    -.84156E+00    -.11213E+04    -.13721E+03     .67071E+00         .000      .081
   6.000    -.82966E+00    -.82966E+00    -.97905E+03    -.14034E+03     .17860E+01         .000      .081
   6.010    -.80535E+00    -.80535E+00    -.49357E+03    -.17071E+03     .30605E+01         .000      .081
   6.020    -.77012E+00    -.77012E+00     .49468E+03    -.26140E+03     .37925E+01         .000      .081
   6.030    -.72862E+00    -.72862E+00     .21333E+03    -.93842E+02     .47425E+01         .000      .081
   6.040    -.67136E+00    -.67136E+00     .58233E+02    -.62844E+01     .68503E+01         .000      .081
   6.050    -.59011E+00    -.59011E+00     .21265E+03    -.14955E+02     .94112E+01         .000      .081
   6.060    -.48551E+00    -.48551E+00     .83608E+03    -.12585E+03     .11305E+02         .000      .081
   6.070    -.36885E+00    -.36885E+00     .15986E+04    -.19650E+03     .11774E+02         .000      .081
   6.080    -.25411E+00    -.25411E+00     .21893E+04    -.20597E+03     .11013E+02         .000      .081
   6.090    -.15028E+00    -.15028E+00     .25600E+04    -.19583E+03     .97277E+01         .000      .081
   6.100    -.60014E-01    -.60014E-01     .27761E+04    -.19564E+03     .83038E+01         .000      .081
   6.110     .15185E-01     .15185E-01     .28222E+04    -.18802E+03     .67085E+01         .000      .081
   6.120     .74411E-01     .74411E-01     .26456E+04    -.15184E+03     .51905E+01         .000      .081
   6.130     .12065E+00     .12065E+00     .23021E+04    -.99195E+02     .41588E+01         .000      .081
   6.140     .15937E+00     .15937E+00     .21460E+04    -.11149E+03     .35985E+01         .000      .081
   6.150     .19303E+00     .19303E+00     .20239E+04    -.11511E+03     .31838E+01         .000      .081
   6.160     .22522E+00     .22522E+00     .18948E+04    -.12847E+03     .34034E+01         .000      .081
   6.170     .26279E+00     .26279E+00     .18358E+04    -.17209E+03     .41371E+01         .000      .081
   6.180     .30758E+00     .30758E+00     .18224E+04    -.21436E+03     .47680E+01         .000      .081
   6.190     .35828E+00     .35828E+00     .18166E+04    -.22791E+03     .53996E+01         .000      .081
   6.200     .41543E+00     .41543E+00     .18322E+04    -.25555E+03     .60021E+01         .000      .081
   6.210     .47780E+00     .47780E+00     .18202E+04    -.26216E+03     .64541E+01         .000      .081
   6.220     .54449E+00     .54449E+00     .17540E+04    -.23826E+03     .69042E+01         .000      .081
   6.230     .61684E+00     .61684E+00     .16390E+04    -.18765E+03     .76314E+01         .000      .081
   6.240     .69815E+00     .69815E+00     .15310E+04    -.13112E+03     .86611E+01         .000      .082
   6.250     .79047E+00     .79047E+00     .14810E+04    -.84960E+02     .98103E+01         .000      .082
   6.260     .89421E+00     .89421E+00     .15244E+04    -.60409E+02     .10912E+02         .000      .082
   6.270     .10081E+01     .10081E+01     .16722E+04    -.62238E+02     .11817E+02         .000      .082
   6.280     .11284E+01     .11284E+01     .19548E+04    -.91399E+02     .12072E+02         .000      .082
   6.290     .12453E+01     .12453E+01     .25330E+04    -.15148E+03     .11108E+02         .000      .082
   6.300     .13475E+01     .13475E+01     .29156E+04    -.16204E+03     .92255E+01         .000      .082
   6.310     .14284E+01     .14284E+01     .30230E+04    -.12322E+03     .69191E+01         .000      .083
   6.320     .14859E+01     .14859E+01     .28692E+04    -.40256E+02     .45938E+01         .000      .083
   6.330     .15202E+01     .15202E+01     .25288E+04     .35112E+02     .22633E+01         .000      .083
   6.340     .15310E+01     .15310E+01     .20526E+04     .10245E+03    -.13570E+00         .000      .082
   6.350     .15180E+01     .15180E+01     .10643E+04     .25040E+03    -.23554E+01         .000      .082
   6.360     .14869E+01     .14869E+01    -.70426E+03     .47386E+03    -.36723E+01         .000      .082
   6.370     .14468E+01     .14468E+01    -.25316E+04     .61829E+03    -.43211E+01         .000      .082
   6.380     .13998E+01     .13998E+01    -.42403E+04     .68562E+03    -.51786E+01         .000      .082
   6.390     .13414E+01     .13414E+01    -.59476E+04     .71965E+03    -.65235E+01         .000      .082
   6.400     .12659E+01     .12659E+01    -.59956E+04     .59750E+03    -.87940E+01         .000      .082
   6.410     .11663E+01     .11663E+01    -.64770E+04     .68483E+03    -.11015E+02         .000      .082
   6.420     .10475E+01     .10475E+01    -.69756E+04     .71439E+03    -.12688E+02         .000      .082
   6.430     .91274E+00     .91274E+00    -.74258E+04     .67953E+03    -.14270E+02         .000      .082
   6.440     .76205E+00     .76205E+00    -.79335E+04     .69977E+03    -.15849E+02         .000      .082
   6.450     .59810E+00     .59810E+00    -.85037E+04     .76556E+03    -.16754E+02         .000      .082
   6.460     .43193E+00     .43193E+00    -.89630E+04     .79540E+03    -.16241E+02         .000      .082
   6.470     .27545E+00     .27545E+00    -.90618E+04     .74516E+03    -.14970E+02         .000      .082
   6.480     .13458E+00     .13458E+00    -.91320E+04     .76058E+03    -.13064E+02         .000      .082
   6.490     .16863E-01     .16863E-01    -.88659E+04     .65891E+03    -.10483E+02         .000      .082
   6.500    -.76687E-01    -.76687E-01    -.81445E+04     .50578E+03    -.82722E+01         .000      .082
   6.510    -.14876E+00    -.14876E+00    -.73319E+04     .43947E+03    -.61386E+01         .000      .083
   6.520    -.19987E+00    -.19987E+00    -.63530E+04     .36126E+03    -.41526E+01         .000      .083
   6.530    -.23217E+00    -.23217E+00    -.51636E+04     .24965E+03    -.22748E+01         .000      .083
   6.540    -.24608E+00    -.24608E+00    -.41502E+04     .23380E+03    -.47588E+00         .000      .083
   6.550    -.23771E+00    -.23771E+00    -.32447E+04     .22659E+03     .21389E+01         .000      .083
   6.560    -.20750E+00    -.20750E+00    -.13390E+04    -.30922E+02     .34949E+01         .000      .083
   6.570    -.17670E+00    -.17670E+00     .86947E+02    -.14959E+03     .24523E+01         .000      .083
   6.580    -.15833E+00    -.15833E+00     .60896E+03    -.83618E+02     .13019E+01         .000      .083
   6.590    -.14859E+00    -.14859E+00     .89987E+03    -.10697E+02     .73905E+00         .000      .083
   6.600    -.14168E+00    -.14168E+00     .11545E+04     .43737E+02     .73064E+00         .000      .083
   6.610    -.13286E+00    -.13286E+00     .15272E+04     .47249E+02     .10450E+01         .000      .083
   6.620    -.12126E+00    -.12126E+00     .20722E+04    -.12825E+02     .12131E+01         .000      .083
   6.630    -.11067E+00    -.11067E+00     .27056E+04    -.11295E+03     .79275E+00         .000      .082
   6.640    -.10677E+00    -.10677E+00     .32679E+04    -.21199E+03    -.42369E-01         .000      .082
   6.650    -.11196E+00    -.11196E+00     .36477E+04    -.30556E+03    -.99117E+00         .000      .082
   6.660    -.12535E+00    -.12535E+00     .37452E+04    -.33264E+03    -.15550E+01         .000      .082
   6.670    -.13904E+00    -.13904E+00     .37150E+04    -.31779E+03    -.95220E+00         .000      .082
   6.680    -.14297E+00    -.14297E+00     .41450E+04    -.42647E+03     .69279E-01         .000      .082
   6.690    -.14035E+00    -.14035E+00     .46185E+04    -.54750E+03     .33418E+00         .000      .082
   6.700    -.13787E+00    -.13787E+00     .50290E+04    -.64796E+03     .13704E+00         .000      .082
   6.710    -.13840E+00    -.13840E+00     .53246E+04    -.71143E+03    -.30017E+00         .000      .081
   6.720    -.14506E+00    -.14506E+00     .53682E+04    -.69821E+03    -.10541E+01         .000      .081
   6.730    -.15805E+00    -.15805E+00     .49789E+04    -.59485E+03    -.14118E+01         .000      .081
   6.740    -.17055E+00    -.17055E+00     .46140E+04    -.51676E+03    -.98858E+00         .000      .081
   6.750    -.17739E+00    -.17739E+00     .45758E+04    -.49260E+03    -.37389E+00         .000      .081
   6.760    -.17767E+00    -.17767E+00     .45376E+04    -.47470E+03     .32743E+00         .000      .081
   6.770    -.17137E+00    -.17137E+00     .46874E+04    -.48647E+03     .88944E+00         .000      .081
   6.780    -.16048E+00    -.16048E+00     .49230E+04    -.49530E+03     .12712E+01         .000      .081
   6.790    -.14621E+00    -.14621E+00     .51865E+04    -.50527E+03     .15742E+01         .000      .081
   6.800    -.12914E+00    -.12914E+00     .53643E+04    -.49965E+03     .18560E+01         .000      .081
   6.810    -.10915E+00    -.10915E+00     .56505E+04    -.52831E+03     .20718E+01         .000      .081
   6.820    -.88700E-01    -.88700E-01     .56772E+04    -.50770E+03     .20173E+01         .000      .081
   6.830    -.66916E-01    -.66916E-01     .51018E+04    -.43308E+03     .24159E+01         .000      .081
   6.840    -.39851E-01    -.39851E-01     .46191E+04    -.40382E+03     .29940E+01         .000      .082
   6.850    -.71883E-02    -.71883E-02     .41686E+04    -.37565E+03     .35337E+01         .000      .082
   6.860     .30875E-01     .30875E-01     .37101E+04    -.34247E+03     .40876E+01         .000      .082
   6.870     .73956E-01     .73956E-01     .32287E+04    -.29829E+03     .44672E+01         .000      .082
   6.880     .11809E+00     .11809E+00     .26471E+04    -.22243E+03     .42174E+01         .000      .082
   6.890     .15564E+00     .15564E+00     .23642E+04    -.25333E+03     .30334E+01         .000      .082
   6.900     .17561E+00     .17561E+00     .19647E+04    -.21587E+03     .95221E+00         .000      .082
   6.910     .17603E+00     .17603E+00     .12577E+04    -.53039E+02    -.67200E+00         .000      .082
   6.920     .16665E+00     .16665E+00     .27614E+03     .10016E+03    -.10328E+01         .000      .082
   6.930     .15738E+00     .15738E+00    -.54420E+03     .16617E+03    -.78424E+00         .000      .082
   6.940     .15084E+00     .15084E+00    -.11528E+04     .19659E+03    -.55424E+00         .000      .082
   6.950     .14497E+00     .14497E+00    -.15229E+04     .19836E+03    -.73538E+00         .000      .082
   6.960     .13417E+00     .13417E+00    -.18638E+04     .22143E+03    -.14888E+01         .000      .081
   6.970     .11488E+00     .11488E+00    -.22949E+04     .27804E+03    -.23381E+01         .000      .081
   6.980     .88824E-01     .88824E-01    -.27683E+04     .34737E+03    -.27756E+01         .000      .081
   6.990     .61217E-01     .61217E-01    -.31766E+04     .38777E+03    -.26679E+01         .000      .081
   7.000     .36074E-01     .36074E-01    -.34710E+04     .37083E+03    -.23819E+01         .000      .081
   7.010     .13879E-01     .13879E-01    -.36682E+04     .32063E+03    -.19913E+01         .000      .081
   7.020    -.13858E-02    -.13858E-02    -.37926E+04     .26709E+03    -.88652E+00         .000      .081
   7.030    -.12472E-02    -.12472E-02    -.37363E+04     .19183E+03     .96923E+00         .000      .081
   7.040     .15748E-01     .15748E-01    -.32235E+04     .84292E+02     .22056E+01         .000      .081
   7.050     .41585E-01     .41585E-01    -.32254E+04     .14197E+03     .30277E+01         .000      .081
   7.060     .76924E-01     .76924E-01    -.31939E+04     .20188E+03     .40090E+01         .000      .081
   7.070     .11958E+00     .11958E+00    -.30918E+04     .24206E+03     .43426E+01         .000      .081
   7.080     .16169E+00     .16169E+00    -.29779E+04     .27636E+03     .40502E+01         .000      .081
   7.090     .20070E+00     .20070E+00    -.28642E+04     .30569E+03     .37922E+01         .000      .081
   7.100     .23808E+00     .23808E+00    -.27303E+04     .33491E+03     .37022E+01         .000      .081
   7.110     .27509E+00     .27509E+00    -.25658E+04     .36295E+03     .37082E+01         .000      .081
   7.120     .31181E+00     .31181E+00    -.21901E+04     .32174E+03     .35716E+01         .000      .081
   7.130     .34470E+00     .34470E+00    -.16296E+04     .25205E+03     .29058E+01         .000      .081
   7.140     .36791E+00     .36791E+00    -.10690E+04     .18649E+03     .16438E+01         .000      .081
   7.150     .37609E+00     .37609E+00    -.65674E+03     .14372E+03    -.58895E-01         .000      .081
   7.160     .36718E+00     .36718E+00    -.73567E+03     .17781E+03    -.16205E+01         .000      .081
   7.170     .34577E+00     .34577E+00    -.12546E+04     .21502E+03    -.25713E+01         .000      .081
   7.180     .31675E+00     .31675E+00    -.14094E+04     .17247E+03    -.33093E+01         .000      .081
   7.190     .27708E+00     .27708E+00    -.13154E+04     .16006E+03    -.46709E+01         .000      .081
   7.200     .22377E+00     .22377E+00    -.15173E+04     .20975E+03    -.59393E+01         .000      .081
   7.210     .15912E+00     .15912E+00    -.18167E+04     .24946E+03    -.69703E+01         .000      .081
   7.220     .84625E-01     .84625E-01    -.20759E+04     .26252E+03    -.79278E+01         .000      .081
   7.230     .72058E-03     .72058E-03    -.23360E+04     .26637E+03    -.88343E+01         .000      .081
   7.240    -.91600E-01    -.91600E-01    -.26259E+04     .27433E+03    -.95979E+01         .000      .081
   7.250    -.18925E+00    -.18925E+00    -.29161E+04     .27823E+03    -.97790E+01         .000      .081
   7.260    -.28373E+00    -.28373E+00    -.30447E+04     .24049E+03    -.89395E+01         .000      .082
   7.270    -.36572E+00    -.36572E+00    -.28866E+04     .15634E+03    -.73967E+01         .000      .082
   7.280    -.43074E+00    -.43074E+00    -.24790E+04     .53098E+02    -.55681E+01         .000      .082
   7.290    -.47645E+00    -.47645E+00    -.18923E+04    -.51847E+02    -.35448E+01         .000      .082
   7.300    -.50166E+00    -.50166E+00    -.12312E+04    -.17600E+03    -.15463E+01         .000      .082
   7.310    -.50639E+00    -.50639E+00    -.10305E+04    -.13527E+03     .76361E+00         .000      .082
   7.320    -.48559E+00    -.48559E+00    -.76257E+02    -.24048E+03     .32894E+01         .000      .082
   7.330    -.44503E+00    -.44503E+00     .16449E+04    -.43110E+03     .45393E+01         .000      .082
   7.340    -.39818E+00    -.39818E+00     .23489E+04    -.38929E+03     .49983E+01         .000      .082
   7.350    -.33888E+00    -.33888E+00     .24885E+04    -.30257E+03     .70661E+01         .000      .082
   7.360    -.25558E+00    -.25558E+00     .29662E+04    -.30867E+03     .96310E+01         .000      .082
   7.370    -.14548E+00    -.14548E+00     .35618E+04    -.30869E+03     .12386E+02         .000      .082
   7.380    -.10091E-01    -.10091E-01     .44440E+04    -.41579E+03     .14468E+02         .000      .082
   7.390     .13550E+00     .13550E+00     .54347E+04    -.53383E+03     .14082E+02         .000      .082
   7.400     .26000E+00     .26000E+00     .61445E+04    -.53152E+03     .10272E+02         .000      .082
   7.410     .33324E+00     .33324E+00     .61213E+04    -.32558E+03     .42233E+01         .000      .082
   7.420     .34775E+00     .34775E+00     .53650E+04    -.91662E+02    -.10108E+01         .000      .082
   7.430     .31890E+00     .31890E+00     .37188E+04     .76045E+02    -.44211E+01         .000      .082
   7.440     .26391E+00     .26391E+00     .21503E+04     .88635E+02    -.65722E+01         .000      .082
   7.450     .18272E+00     .18272E+00     .16054E+04     .47054E+02    -.97506E+01         .000      .082
   7.460     .71781E-01     .71781E-01     .43189E+03     .18363E+03    -.12176E+02         .000      .082
   7.470    -.59219E-01    -.59219E-01    -.27244E+03     .17887E+03    -.14036E+02         .000      .082
   7.480    -.20831E+00    -.20831E+00    -.11309E+04     .23511E+03    -.15699E+02         .000      .082
   7.490    -.37090E+00    -.37090E+00    -.18591E+04     .24240E+03    -.16793E+02         .000      .082
   7.500    -.54492E+00    -.54492E+00    -.24370E+04     .18770E+03    -.18066E+02         .000      .082
   7.510    -.73282E+00    -.73282E+00    -.31121E+04     .17447E+03    -.19506E+02         .000      .082
   7.520    -.93306E+00    -.93306E+00    -.39585E+04     .19442E+03    -.20354E+02         .000      .083
   7.530    -.11362E+01    -.11362E+01    -.49765E+04     .24529E+03    -.20084E+02         .000      .083
   7.540    -.13317E+01    -.13317E+01    -.60198E+04     .33577E+03    -.18849E+02         .000      .083
   7.550    -.15079E+01    -.15079E+01    -.71758E+04     .49983E+03    -.16071E+02         .000      .084
   7.560    -.16474E+01    -.16474E+01    -.80341E+04     .59730E+03    -.11611E+02         .000      .084
   7.570    -.17381E+01    -.17381E+01    -.82330E+04     .50599E+03    -.65594E+01         .000      .084
   7.580    -.17816E+01    -.17816E+01    -.76485E+04     .32678E+03    -.23230E+01         .000      .084
   7.590    -.17888E+01    -.17888E+01    -.66309E+04     .16959E+03     .63990E+00         .000      .084
   7.600    -.17739E+01    -.17739E+01    -.51809E+04     .38525E+02     .21203E+01         .000      .084
   7.610    -.17496E+01    -.17496E+01    -.38237E+04     .46247E+01     .26498E+01         .000      .084
   7.620    -.17218E+01    -.17218E+01    -.26969E+04    -.51093E+02     .27527E+01         .000      .084
   7.630    -.16964E+01    -.16964E+01    -.18963E+04     .72569E+01     .23957E+01         .000      .084
   7.640    -.16716E+01    -.16716E+01    -.12880E+04     .52527E+02     .26244E+01         .000      .084
   7.650    -.16437E+01    -.16437E+01    -.85773E+03     .11051E+03     .30623E+01         .000      .084
   7.660    -.16067E+01    -.16067E+01    -.55803E+03     .18743E+03     .44926E+01         .000      .084
   7.670    -.15516E+01    -.15516E+01     .69982E+02     .19508E+03     .66016E+01         .000      .084
   7.680    -.14757E+01    -.14757E+01     .11520E+04     .36038E+02     .83768E+01         .000      .084
   7.690    -.13903E+01    -.13903E+01     .25264E+04    -.21700E+03     .83355E+01         .000      .083
   7.700    -.13137E+01    -.13137E+01     .34836E+04    -.34313E+03     .68653E+01         .000      .083
   7.710    -.12548E+01    -.12548E+01     .41376E+04    -.42435E+03     .48573E+01         .000      .083
   7.720    -.12172E+01    -.12172E+01     .46274E+04    -.48084E+03     .26415E+01         .000      .083
   7.730    -.12027E+01    -.12027E+01     .49692E+04    -.52304E+03     .21830E+00         .000      .083
   7.740    -.12123E+01    -.12123E+01     .47342E+04    -.47210E+03    -.19733E+01         .000      .083
   7.750    -.12375E+01    -.12375E+01     .37667E+04    -.35202E+03    -.27649E+01         .000      .083
   7.760    -.12624E+01    -.12624E+01     .27540E+04    -.25854E+03    -.20658E+01         .000      .083
   7.770    -.12774E+01    -.12774E+01     .22462E+04    -.25293E+03    -.93457E+00         .000      .083
   7.780    -.12819E+01    -.12819E+01     .21352E+04    -.27119E+03     .59224E-02         .000      .083
   7.790    -.12784E+01    -.12784E+01     .23084E+04    -.31417E+03     .59222E+00         .000      .083
   7.800    -.12719E+01    -.12719E+01     .25734E+04    -.36009E+03     .63653E+00         .000      .083
   7.810    -.12666E+01    -.12666E+01     .26388E+04    -.36205E+03     .39801E+00         .000      .083
   7.820    -.12637E+01    -.12637E+01     .24435E+04    -.34131E+03     .20520E+00         .000      .083
   7.830    -.12617E+01    -.12617E+01     .20536E+04    -.29756E+03     .24779E+00         .000      .083
   7.840    -.12572E+01    -.12572E+01     .16391E+04    -.25127E+03     .75835E+00         .000      .083
   7.850    -.12451E+01    -.12451E+01     .14623E+04    -.23435E+03     .16986E+01         .000      .083
   7.860    -.12227E+01    -.12227E+01     .16657E+04    -.25389E+03     .27859E+01         .000      .083
   7.870    -.11902E+01    -.11902E+01     .18086E+04    -.23562E+03     .37136E+01         .000      .083
   7.880    -.11455E+01    -.11455E+01     .13980E+04    -.18406E+03     .53101E+01         .000      .083
   7.890    -.10844E+01    -.10844E+01     .13915E+04    -.23876E+03     .68042E+01         .000      .083
   7.900    -.10114E+01    -.10114E+01     .15146E+04    -.27134E+03     .77261E+01         .000      .083
   7.910    -.93118E+00    -.93118E+00     .15974E+04    -.27746E+03     .82685E+01         .000      .083
   7.920    -.84645E+00    -.84645E+00     .16092E+04    -.26142E+03     .86816E+01         .000      .083
   7.930    -.75815E+00    -.75815E+00     .15791E+04    -.23232E+03     .89109E+01         .000      .083
   7.940    -.66976E+00    -.66976E+00     .14995E+04    -.19508E+03     .86790E+01         .000      .083
   7.950    -.58953E+00    -.58953E+00     .13129E+04    -.13109E+03     .69797E+01         .000      .083
   7.960    -.53507E+00    -.53507E+00     .88188E+03     .10685E+02     .38356E+01         .000      .083
   7.970    -.51182E+00    -.51182E+00     .30261E+03     .14896E+03     .94389E+00         .000      .083
   7.980    -.51504E+00    -.51504E+00    -.46718E+03     .28785E+03    -.15350E+01         .000      .083
   7.990    -.54071E+00    -.54071E+00    -.19369E+04     .48644E+03    -.35083E+01         .000      .083
   8.000    -.58339E+00    -.58339E+00    -.38409E+04     .67772E+03    -.49472E+01         .000      .083
   8.010    -.63727E+00    -.63727E+00    -.56610E+04     .73839E+03    -.57551E+01         .000      .083
   8.020    -.70352E+00    -.70352E+00    -.57990E+04     .56308E+03    -.78140E+01         .000      .083
   8.030    -.79750E+00    -.79750E+00    -.62502E+04     .60890E+03    -.11066E+02         .000      .083
   8.040    -.92455E+00    -.92455E+00    -.71009E+04     .70896E+03    -.14305E+02         .000      .084
   8.050    -.10827E+01    -.10827E+01    -.80205E+04     .75221E+03    -.17279E+02         .000      .084
   8.060    -.12706E+01    -.12706E+01    -.84566E+04     .64022E+03    -.20493E+02         .000      .084
   8.070    -.14945E+01    -.14945E+01    -.89191E+04     .55286E+03    -.24223E+02         .000      .084
   8.080    -.17510E+01    -.17510E+01    -.95707E+04     .58522E+03    -.26756E+02         .000      .085
   8.090    -.20233E+01    -.20233E+01    -.10401E+05     .71276E+03    -.27441E+02         .000      .085
   8.100    -.22952E+01    -.22952E+01    -.11133E+05     .82851E+03    -.26749E+02         .000      .086
   8.110    -.27082E+01    -.27082E+01    -.11891E+05    -.16790E+05    -.89419E+02         .000      .092
   8.120    -.48399E+01    -.48399E+01    -.13422E+05    -.40313E+05    -.37559E+03         .000      .179
   8.130    -.11383E+02    -.11383E+02    -.13590E+05    -.92947E+05    -.10251E+04         .000      .477
