


 TIME HISTORY FOR STORY NO.  3



    TIME   DISPLACEMENT    STORY DRIFT    STORY SHEAR   ACCELERATION     VELOCITY          DAMAGE    DAMAGE
                                                                                          BEAM-SLAB  COL-WALL

    .000     .00000E+00     .00000E+00     .00000E+00     .00000E+00     .00000E+00         .000      .000
    .010    -.36387E-05     .75046E-07     .18946E-01    -.51002E-02    -.70361E-03         .000      .000
    .020    -.14530E-04    -.65579E-06     .81563E-01    -.73440E-02    -.15534E-02         .000      .000
    .030    -.34668E-04    -.45722E-05     .10338E+00     .63812E-02    -.23933E-02         .000      .000
    .040    -.61841E-04    -.12907E-04     .42601E-01     .29328E-01    -.30710E-02         .000      .000
    .050    -.95168E-04    -.25021E-04    -.61281E-01     .43378E-01    -.34773E-02         .000      .000
    .060    -.13011E-03    -.40185E-04    -.19748E+00     .56947E-01    -.34943E-02         .000      .000
    .070    -.16396E-03    -.57006E-04    -.36679E+00     .67820E-01    -.31875E-02         .000      .000
    .080    -.19347E-03    -.73156E-04    -.51310E+00     .73692E-01    -.27648E-02         .000      .000
    .090    -.21982E-03    -.86663E-04    -.57261E+00     .68766E-01    -.25116E-02         .000      .000
    .100    -.24603E-03    -.97558E-04    -.52599E+00     .60234E-01    -.29530E-02         .000      .000
    .110    -.28122E-03    -.10801E-03    -.38032E+00     .49094E-01    -.40933E-02         .000      .000
    .120    -.32773E-03    -.12281E-03    -.24802E+00     .60088E-01    -.51736E-02         .000      .000
    .130    -.38197E-03    -.14584E-03    -.28740E+00     .89096E-01    -.54497E-02         .000      .000
    .140    -.43455E-03    -.17633E-03    -.50854E+00     .10980E+00    -.50850E-02         .000      .000
    .150    -.48176E-03    -.20939E-03    -.76005E+00     .95876E-01    -.41475E-02         .000      .000
    .160    -.51514E-03    -.24089E-03    -.99097E+00     .80940E-01    -.24879E-02         .000      .000
    .170    -.53091E-03    -.26626E-03    -.11827E+01     .64193E-01    -.65802E-03         .000      .000
    .180    -.52898E-03    -.28045E-03    -.11692E+01     .28407E-01     .96681E-03         .000      .000
    .190    -.51221E-03    -.28290E-03    -.92047E+00    -.15082E-01     .24072E-02         .000      .000
    .200    -.47826E-03    -.27751E-03    -.59802E+00    -.44574E-01     .46263E-02         .000      .000
    .210    -.41437E-03    -.26754E-03    -.41897E+00    -.59966E-01     .84295E-02         .000      .000
    .220    -.30770E-03    -.24983E-03    -.38775E+00    -.10623E+00     .12804E-01         .000      .000
    .230    -.16405E-03    -.21641E-03    -.21632E+00    -.22306E+00     .15455E-01         .000      .000
    .240    -.14484E-04    -.16402E-03     .33675E+00    -.37088E+00     .13370E-01         .000      .000
    .250     .91015E-04    -.10059E-03     .12968E+01    -.47337E+00     .76252E-02         .000      .000
    .260     .13332E-03    -.46368E-04     .21008E+01    -.41425E+00     .48644E-03         .000      .000
    .270     .96163E-04    -.16264E-04     .24013E+01    -.29511E+00    -.80868E-02         .000      .000
    .280    -.28129E-04    -.17401E-04     .23779E+01    -.19426E+00    -.16560E-01         .000      .000
    .290    -.23076E-03    -.58699E-04     .17462E+01    -.37748E-01    -.23731E-01         .000      .000
    .300    -.49222E-03    -.13910E-03     .36993E+00     .17134E+00    -.27762E-01         .000      .000
    .310    -.76802E-03    -.24352E-03    -.14864E+01     .40458E+00    -.26416E-01         .000      .000
    .320    -.10091E-02    -.34756E-03    -.33971E+01     .58933E+00    -.21673E-01         .000      .000
    .330    -.12081E-02    -.42465E-03    -.45282E+01     .61644E+00    -.18946E-01         .000      .000
    .340    -.14007E-02    -.46812E-03    -.43264E+01     .55443E+00    -.19964E-01         .000      .000
    .350    -.16134E-02    -.50251E-03    -.34778E+01     .61114E+00    -.22711E-01         .000      .000
    .360    -.18642E-02    -.55763E-03    -.28643E+01     .75324E+00    -.28290E-01         .000      .000
    .370    -.21777E-02    -.65073E-03    -.24010E+01     .80732E+00    -.33447E-01         .000      .000
    .380    -.25042E-02    -.80175E-03    -.27923E+01     .92931E+00    -.29868E-01         .000      .000
    .390    -.27331E-02    -.10060E-02    -.50061E+01     .11033E+01    -.13811E-01         .000      .000
    .400    -.27462E-02    -.12039E-02    -.80003E+01     .10350E+01     .12400E-01         .000      .000
    .410    -.24762E-02    -.13137E-02    -.97848E+01     .60153E+00     .41306E-01         .000      .000
    .420    -.19458E-02    -.12795E-02    -.90204E+01    -.72359E-01     .62578E-01         .000      .000
    .430    -.12791E-02    -.10938E-02    -.52401E+01    -.80000E+00     .67582E-01         .000      .000
    .440    -.66935E-03    -.80833E-03     .98749E+00    -.13971E+01     .50097E-01         .000      .000
    .450    -.34123E-03    -.52653E-03     .81358E+01    -.17494E+01     .13476E-01         .000      .000
    .460    -.43561E-03    -.38130E-03     .13360E+02    -.16433E+01    -.33821E-01         .000      .000
    .470    -.10460E-02    -.47130E-03     .14448E+02    -.12125E+01    -.89736E-01         .000      .000
    .480    -.22262E-02    -.82787E-03     .11650E+02    -.64869E+00    -.14437E+00         .000      .000
    .490    -.38712E-02    -.14440E-02     .47536E+01     .33995E+00    -.18023E+00         .000      .000
    .500    -.57380E-02    -.22479E-02    -.60984E+01     .16500E+01    -.18845E+00         .000      .000
    .510    -.75614E-02    -.30871E-02    -.17616E+02     .26701E+01    -.17327E+00         .000      .000
    .520    -.91172E-02    -.38101E-02    -.25949E+02     .31772E+01    -.13219E+00         .000      .000
    .530    -.10074E-01    -.43412E-02    -.31298E+02     .36420E+01    -.51627E-01         .000      .000
    .540    -.10007E-01    -.46146E-02    -.35419E+02     .39129E+01     .71589E-01         .000      .000
    .550    -.85402E-02    -.45008E-02    -.36620E+02     .31218E+01     .22507E+00         .000      .000
    .560    -.54968E-02    -.38645E-02    -.32026E+02     .93128E+00     .38107E+00         .000      .000
    .570    -.10092E-02    -.26364E-02    -.20182E+02    -.22862E+01     .51019E+00         .000      .000
    .580     .45259E-02    -.84460E-03    -.14969E+01    -.57814E+01     .58529E+00         .000      .000
    .590     .10457E-01     .13871E-02     .22904E+02    -.91216E+01     .58882E+00         .000      .000
    .600     .16103E-01     .38214E-02     .49908E+02    -.11721E+02     .53279E+00         .000      .000
    .610     .20981E-01     .61424E-02     .72380E+02    -.12930E+02     .43711E+00         .000      .000
    .620     .24767E-01     .81114E-02     .85251E+02    -.13071E+02     .31798E+00         .000      .000
    .630     .27282E-01     .96287E-02     .87856E+02    -.12477E+02     .18138E+00         .000      .000
    .640     .28340E-01     .10703E-01     .82179E+02    -.11185E+02     .28374E-01         .000      .000
    .650     .27815E-01     .11385E-01     .71004E+02    -.87974E+01    -.13468E+00         .000      .000
    .660     .25610E-01     .11721E-01     .56824E+02    -.52032E+01    -.30877E+00         .000      .000
    .670     .21583E-01     .11711E-01     .42846E+02    -.82361E+00    -.50005E+00         .000      .000
    .680     .15596E-01     .11237E-01     .29953E+02     .42542E+01    -.69500E+00         .000      .000
    .690     .78145E-02     .10057E-01     .13075E+02     .10520E+02    -.85042E+00         .000      .000
    .700    -.11409E-02     .79881E-02    -.14413E+02     .17593E+02    -.92495E+00         .000      .000
    .710    -.10333E-01     .51119E-02    -.52117E+02     .23822E+02    -.89484E+00         .000      .000
    .720    -.18616E-01     .17595E-02    -.93929E+02     .28092E+02    -.73850E+00         .000      .000
    .730    -.24650E-01    -.15891E-02    -.13410E+03     .30318E+02    -.44633E+00         .000      .000
    .740    -.27246E-01    -.43192E-02    -.16434E+03     .29709E+02    -.65751E-01         .000      .000
    .750    -.25969E-01    -.58016E-02    -.17005E+03     .24893E+02     .31339E+00         .000      .000
    .760    -.21194E-01    -.57578E-02    -.14233E+03     .16745E+02     .62860E+00         .000      .000
    .770    -.13697E-01    -.44461E-02    -.89370E+02     .78766E+01     .85447E+00         .000      .000
    .780    -.44450E-02    -.24014E-02    -.26015E+02    -.84848E+00     .97827E+00         .000      .000
    .790     .55416E-02    -.16094E-03     .36919E+02    -.98290E+01     .10043E+01         .000      .000
    .800     .15411E-01     .18142E-02     .89205E+02    -.18425E+02     .96194E+00         .000      .000
    .810     .24631E-01     .32739E-02     .12165E+03    -.25531E+02     .87496E+00         .000      .000
    .820     .32766E-01     .43392E-02     .13568E+03    -.31269E+02     .74478E+00         .000      .000
    .830     .39391E-01     .53610E-02     .14168E+03    -.35633E+02     .57420E+00         .000      .000
    .840     .44115E-01     .66106E-02     .14675E+03    -.37673E+02     .36322E+00         .000      .000
    .850     .46526E-01     .81504E-02     .15319E+03    -.36970E+02     .11360E+00         .000      .000
    .860     .46239E-01     .98071E-02     .15950E+03    -.33562E+02    -.18043E+00         .000      .000
    .870     .42768E-01     .11207E-01     .16145E+03    -.27894E+02    -.51939E+00         .000      .000
    .880     .35811E-01     .11843E-01     .15147E+03    -.19666E+02    -.87008E+00         .000      .000
    .890     .25430E-01     .11265E-01     .12040E+03    -.87264E+01    -.12019E+01         .000      .000
    .900     .11946E-01     .93145E-02     .68178E+02     .35773E+01    -.14821E+01         .000      .000
    .910    -.38912E-02     .61004E-02     .89180E+00     .16497E+02    -.16660E+01         .000      .000
    .920    -.20974E-01     .19084E-02    -.75074E+02     .29428E+02    -.17303E+01         .000      .000
    .930    -.38026E-01    -.28240E-02    -.14936E+03     .40962E+02    -.16540E+01         .000      .000
    .940    -.53443E-01    -.76562E-02    -.21366E+03     .50447E+02    -.13952E+01         .000      .000
    .950    -.65147E-01    -.12184E-01    -.26663E+03     .57262E+02    -.90235E+00         .000      .000
    .960    -.70665E-01    -.15877E-01    -.30734E+03     .59611E+02    -.16301E+00         .000      .000
    .970    -.68040E-01    -.17956E-01    -.32648E+03     .54501E+02     .68519E+00         .000      .000
    .980    -.57408E-01    -.17591E-01    -.30097E+03     .39554E+02     .13994E+01         .000      .000
    .990    -.41010E-01    -.14593E-01    -.21653E+03     .18594E+02     .18289E+01         .000      .000
   1.000    -.21867E-01    -.97928E-02    -.92424E+02    -.78000E+00     .19499E+01         .000      .000
   1.010    -.27561E-02    -.45056E-02     .39366E+02    -.15953E+02     .18481E+01         .000      .000
   1.020     .14840E-01     .33392E-04     .15039E+03    -.27684E+02     .16693E+01         .000      .000
   1.030     .30599E-01     .30743E-02     .21781E+03    -.37684E+02     .14804E+01         .000      .000
   1.040     .44339E-01     .46981E-02     .24087E+03    -.47901E+02     .12587E+01         .000      .000
   1.050     .55496E-01     .56058E-02     .23763E+03    -.57159E+02     .95506E+00         .000      .000
   1.060     .63120E-01     .65934E-02     .22831E+03    -.62357E+02     .55630E+00         .000      .000
   1.070     .66428E-01     .81274E-02     .22528E+03    -.61309E+02     .99874E-01         .000      .000
   1.080     .65100E-01     .10157E-01     .22939E+03    -.54393E+02    -.36223E+00         .000      .000
   1.090     .59411E-01     .12160E-01     .23096E+03    -.43341E+02    -.75678E+00         .000      .000
   1.100     .50453E-01     .13400E-01     .21050E+03    -.29185E+02    -.10051E+01         .000      .000
   1.110     .39879E-01     .13474E-01     .15325E+03    -.13719E+02    -.10834E+01         .000      .000
   1.120     .29288E-01     .12696E-01     .67046E+02     .25787E+00    -.10117E+01         .000      .000
   1.130     .20023E-01     .11873E-01    -.25949E+02     .11985E+02    -.82650E+00         .000      .000
   1.140     .13012E-01     .11866E-01    -.10370E+03     .21933E+02    -.56513E+00         .000      .000
   1.150     .87302E-02     .13266E-01    -.14966E+03     .30099E+02    -.30114E+00         .000      .000
   1.160     .66469E-02     .16159E-01    -.15278E+03     .35112E+02    -.14010E+00         .000      .000
   1.170     .54058E-02     .19877E-01    -.11638E+03     .37583E+02    -.13477E+00         .000      .000
   1.180     .33644E-02     .23076E-01    -.65938E+02     .40007E+02    -.30476E+00         .000      .000
   1.190    -.10395E-02     .24358E-01    -.28193E+02     .42901E+02    -.57962E+00         .000      .000
   1.200    -.81209E-02     .22727E-01    -.24953E+02     .47100E+02    -.82223E+00         .000      .000
   1.210    -.17251E-01     .18038E-01    -.64585E+02     .50826E+02    -.99647E+00         .000      .000
   1.220    -.27941E-01     .11108E-01    -.12365E+03     .50383E+02    -.11385E+01         .000      .000
   1.230    -.39881E-01     .29845E-02    -.17364E+03     .47192E+02    -.12369E+01         .000      .000
   1.240    -.52398E-01    -.56285E-02    -.20763E+03     .45092E+02    -.12502E+01         .000      .000
   1.250    -.64398E-01    -.14225E-01    -.22419E+03     .43305E+02    -.11185E+01         .000      .000
   1.260    -.74099E-01    -.22443E-01    -.22352E+03     .39469E+02    -.78714E+00         .000      .000
   1.270    -.79531E-01    -.30016E-01    -.21290E+03     .31497E+02    -.27355E+00         .000      .000
   1.280    -.79276E-01    -.36535E-01    -.19511E+03     .18021E+02     .32801E+00         .000      .000
   1.290    -.73145E-01    -.41412E-01    -.16315E+03    -.55039E+00     .87784E+00         .000      .000
   1.300    -.62254E-01    -.44140E-01    -.10670E+03    -.21760E+02     .12684E+01         .000      .000
   1.310    -.48443E-01    -.44614E-01    -.24474E+02    -.41942E+02     .14605E+01         .000      .000
   1.320    -.33680E-01    -.43206E-01     .73443E+02    -.58727E+02     .14625E+01         .000      .000
   1.330    -.19640E-01    -.40608E-01     .17108E+03    -.71572E+02     .13305E+01         .000      .000
   1.340    -.73805E-02    -.37618E-01     .24777E+03    -.80099E+02     .11055E+01         .000      .000
   1.350     .22767E-02    -.34777E-01     .29034E+03    -.84989E+02     .82277E+00         .000      .000
   1.360     .90689E-02    -.32242E-01     .29504E+03    -.85382E+02     .53882E+00         .000      .000
   1.370     .13087E-01    -.29766E-01     .26550E+03    -.80923E+02     .26459E+00         .000      .000
   1.380     .14291E-01    -.26773E-01     .22049E+03    -.73134E+02    -.30994E-01         .000      .000
   1.390     .12004E-01    -.22845E-01     .18133E+03    -.62626E+02    -.46530E+00         .000      .000
   1.400     .40209E-02    -.18187E-01     .16339E+03    -.49510E+02    -.11881E+01         .000      .000
   1.410    -.12480E-01    -.14035E-01     .16234E+03    -.30450E+02    -.21249E+01         .000      .000
   1.420    -.38117E-01    -.12514E-01     .13211E+03     .36281E+00    -.29527E+01         .000      .000
   1.430    -.70135E-01    -.15225E-01     .22094E+02     .39700E+02    -.33650E+01         .000      .000
   1.440    -.10370E+00    -.21923E-01    -.16548E+03     .75356E+02    -.32674E+01         .000      .000
   1.450    -.13401E+00    -.30752E-01    -.38267E+03     .99139E+02    -.27277E+01         .000      .000
   1.460    -.15720E+00    -.39329E-01    -.57902E+03     .11268E+03    -.18689E+01         .000      .000
   1.470    -.17053E+00    -.45443E-01    -.71378E+03     .11932E+03    -.75502E+00         .000      .000
   1.480    -.17158E+00    -.47512E-01    -.76025E+03     .11958E+03     .57361E+00         .000      .000
   1.490    -.15877E+00    -.44860E-01    -.70922E+03     .10944E+03     .19881E+01         .000      .000
   1.500    -.13219E+00    -.37825E-01    -.56900E+03     .86126E+02     .32892E+01         .000      .000
   1.510    -.94026E-01    -.27647E-01    -.36984E+03     .52341E+02     .42802E+01         .000      .000
   1.520    -.47984E-01    -.15930E-01    -.15121E+03     .13896E+02     .48550E+01         .000      .000
   1.530     .14937E-02    -.40080E-02     .56153E+02    -.24444E+02     .49572E+01         .000      .000
   1.540     .49503E-01     .73345E-02     .24320E+03    -.60679E+02     .45637E+01         .000      .000
   1.550     .91413E-01     .17528E-01     .40845E+03    -.91270E+02     .37661E+01         .000      .000
   1.560     .12384E+00     .25891E-01     .53572E+03    -.11106E+03     .26740E+01         .000      .000
   1.570     .14401E+00     .31934E-01     .61584E+03    -.12039E+03     .13179E+01         .000      .000
   1.580     .14956E+00     .35293E-01     .65560E+03    -.12048E+03    -.22893E+00         .000      .000
   1.590     .13930E+00     .35282E-01     .64497E+03    -.10806E+03    -.18141E+01         .000      .000
   1.600     .11374E+00     .31240E-01     .56425E+03    -.82303E+02    -.32614E+01         .000      .000
   1.610     .75208E-01     .23140E-01     .41241E+03    -.47097E+02    -.43711E+01         .000      .000
   1.620     .28092E-01     .11653E-01     .20121E+03    -.67115E+01    -.49502E+01         .000      .000
   1.630    -.21821E-01    -.18655E-02    -.50249E+02     .34061E+02    -.49395E+01         .000      .000
   1.640    -.68932E-01    -.15398E-01    -.30173E+03     .68822E+02    -.44016E+01         .000      .000
   1.650    -.10834E+00    -.26910E-01    -.50873E+03     .94987E+02    -.34098E+01         .000      .000
   1.660    -.13602E+00    -.34952E-01    -.64810E+03     .11256E+03    -.20855E+01         .000      .000
   1.670    -.14947E+00    -.38674E-01    -.70573E+03     .11900E+03    -.58908E+00         .000      .000
   1.680    -.14787E+00    -.37941E-01    -.67677E+03     .11289E+03     .88678E+00         .000      .000
   1.690    -.13244E+00    -.33390E-01    -.57259E+03     .94994E+02     .21521E+01         .000      .000
   1.700    -.10596E+00    -.26231E-01    -.41733E+03     .68808E+02     .30784E+01         .000      .000
   1.710    -.72285E-01    -.17862E-01    -.23972E+03     .38211E+02     .35816E+01         .000      .000
   1.720    -.35751E-01    -.95070E-02    -.60271E+02     .60638E+01     .36596E+01         .000      .000
   1.730    -.34951E-03    -.21600E-02     .10320E+03    -.24035E+02     .33624E+01         .000      .000
   1.740     .30435E-01     .35057E-02     .23740E+03    -.49770E+02     .27477E+01         .000      .000
   1.750     .53958E-01     .71437E-02     .33749E+03    -.69417E+02     .19403E+01         .000      .000
   1.760     .69105E-01     .85911E-02     .39465E+03    -.80445E+02     .10927E+01         .000      .000
   1.770     .75998E-01     .80445E-02     .40466E+03    -.83648E+02     .30026E+00         .000      .000
   1.780     .75418E-01     .61082E-02     .37919E+03    -.81708E+02    -.40061E+00         .000      .000
   1.790     .68314E-01     .34420E-02     .33264E+03    -.75408E+02    -.10031E+01         .000      .000
   1.800     .55714E-01     .50004E-03     .27248E+03    -.64075E+02    -.14982E+01         .000      .000
   1.810     .38864E-01    -.24645E-02     .20212E+03    -.47838E+02    -.18399E+01         .000      .000
   1.820     .19736E-01    -.53262E-02     .12134E+03    -.27793E+02    -.19366E+01         .000      .000
   1.830     .10354E-02    -.79007E-02     .27853E+02    -.66354E+01    -.17639E+01         .000      .000
   1.840    -.14872E-01    -.97007E-02    -.67443E+02     .10903E+02    -.13920E+01         .000      .000
   1.850    -.26415E-01    -.10156E-01    -.14612E+03     .23275E+02    -.90310E+00         .000      .000
   1.860    -.32785E-01    -.89452E-02    -.19993E+03     .32288E+02    -.36901E+00         .000      .000
   1.870    -.33618E-01    -.59744E-02    -.22572E+03     .38791E+02     .21840E+00         .000      .000
   1.880    -.28208E-01    -.13405E-02    -.22734E+03     .42923E+02     .86817E+00         .000      .000
   1.890    -.16312E-01     .48704E-02    -.20610E+03     .41613E+02     .14993E+01         .000      .000
   1.900     .12507E-02     .12537E-01    -.15603E+03     .33281E+02     .19725E+01         .000      .000
   1.910     .22147E-01     .21213E-01    -.77788E+02     .20438E+02     .21502E+01         .000      .000
   1.920     .43073E-01     .30045E-01     .18426E+02     .76726E+01     .19752E+01         .000      .000
   1.930     .60668E-01     .37899E-01     .11546E+03    -.14582E+01     .15064E+01         .000      .000
   1.940     .72706E-01     .43595E-01     .19135E+03    -.52956E+01     .88943E+00         .000      .000
   1.950     .78443E-01     .46277E-01     .22612E+03    -.47972E+01     .26769E+00         .000      .000
   1.960     .78400E-01     .45755E-01     .21326E+03    -.21751E+01    -.25276E+00         .000      .000
   1.970     .73812E-01     .42546E-01     .16050E+03     .11610E+01    -.64644E+00         .000      .000
   1.980     .65817E-01     .37703E-01     .89915E+02     .42057E+01    -.93678E+00         .000      .000
   1.990     .55419E-01     .32325E-01     .26013E+02     .76797E+01    -.11241E+01         .000      .000
   2.000     .43727E-01     .27144E-01    -.19510E+02     .12613E+02    -.11938E+01         .000      .000
   2.010     .32051E-01     .22474E-01    -.44952E+02     .17900E+02    -.11118E+01         .000      .000
   2.020     .22173E-01     .18311E-01    -.57735E+02     .22056E+02    -.82589E+00         .000      .000
   2.030     .16144E-01     .14623E-01    -.70512E+02     .23360E+02    -.35768E+00         .000      .000
   2.040     .15193E-01     .11735E-01    -.81437E+02     .18873E+02     .16171E+00         .000      .000
   2.050     .19118E-01     .10188E-01    -.74003E+02     .84490E+01     .60411E+00         .000      .000
   2.060     .26502E-01     .10239E-01    -.40207E+02    -.39301E+01     .81610E+00         .000      .000
   2.070     .34589E-01     .11725E-01     .24883E+02    -.16052E+02     .77403E+00         .000      .000
   2.080     .41649E-01     .13792E-01     .10430E+03    -.22988E+02     .63386E+00         .000      .000
   2.090     .47182E-01     .15376E-01     .16264E+03    -.24819E+02     .46639E+00         .000      .000
   2.100     .50874E-01     .16026E-01     .19390E+03    -.27681E+02     .26645E+00         .000      .000
   2.110     .52372E-01     .15645E-01     .20304E+03    -.31667E+02     .26302E-01         .000      .000
   2.120     .51315E-01     .14264E-01     .18653E+03    -.32857E+02    -.23842E+00         .000      .000
   2.130     .47699E-01     .12248E-01     .14914E+03    -.29770E+02    -.47459E+00         .000      .000
   2.140     .42109E-01     .10205E-01     .10581E+03    -.23698E+02    -.62577E+00         .000      .000
   2.150     .35571E-01     .86497E-02     .68950E+02    -.16691E+02    -.66168E+00         .000      .000
   2.160     .29334E-01     .77988E-02     .40942E+02    -.98218E+01    -.56036E+00         .000      .000
   2.170     .24608E-01     .76699E-02     .16434E+02    -.35181E+01    -.38623E+00         .000      .000
   2.180     .21416E-01     .83325E-02     .10603E+01    -.21317E+00    -.27053E+00         .000      .000
   2.190     .19181E-01     .96490E-02     .21844E+01     .15262E+01    -.15795E+00         .000      .000
   2.200     .18769E-01     .11086E-01    -.42755E+01     .73237E+01     .10876E+00         .000      .000
   2.210     .22031E-01     .12645E-01    -.34021E+02     .13608E+02     .57476E+00         .000      .000
   2.220     .30750E-01     .15216E-01    -.62632E+02     .13022E+02     .11849E+01         .000      .000
   2.230     .45678E-01     .19744E-01    -.65180E+02     .51477E+01     .17805E+01         .000      .000
   2.240     .65791E-01     .26732E-01    -.29373E+02    -.67141E+01     .22072E+01         .000      .000
   2.250     .89073E-01     .36051E-01     .45623E+02    -.17964E+02     .24111E+01         .000      .000
   2.260     .11327E+00     .46934E-01     .14615E+03    -.26333E+02     .23913E+01         .000      .000
   2.270     .13627E+00     .58233E-01     .25298E+03    -.32620E+02     .21835E+01         .000      .000
   2.280     .15650E+00     .68662E-01     .34168E+03    -.36754E+02     .18447E+01         .000      .000
   2.290     .17295E+00     .77209E-01     .38931E+03    -.37929E+02     .14403E+01         .000      .000
   2.300     .18529E+00     .83553E-01     .38832E+03    -.35957E+02     .10321E+01         .000      .000
   2.310     .19370E+00     .88119E-01     .35041E+03    -.31501E+02     .65671E+00         .000      .000
   2.320     .19856E+00     .91746E-01     .29869E+03    -.25301E+02     .32008E+00         .000      .000
   2.330     .20019E+00     .95178E-01     .25450E+03    -.17533E+02     .95533E-02         .000      .000
   2.340     .19877E+00     .98695E-01     .22810E+03    -.80548E+01    -.29246E+00         .000      .000
   2.350     .19430E+00     .10202E+00     .21727E+03     .28130E+01    -.60577E+00         .000      .000
   2.360     .18649E+00     .10448E+00     .21204E+03     .14209E+02    -.97119E+00         .000      .000
   2.370     .17463E+00     .10520E+00     .20193E+03     .25320E+02    -.14113E+01         .000      .000
   2.380     .15822E+00     .10335E+00     .17455E+03     .37265E+02    -.18634E+01         .000      .000
   2.390     .13765E+00     .98360E-01     .11611E+03     .51113E+02    -.22304E+01         .000      .000
   2.400     .11417E+00     .90359E-01     .28217E+02     .64546E+02    -.24311E+01         .000      .000
   2.410     .89829E-01     .80116E-01    -.71998E+02     .74889E+02    -.23909E+01         .000      .000
   2.420     .67349E-01     .68697E-01    -.16860E+03     .81284E+02    -.20516E+01         .000      .000
   2.430     .49645E-01     .57336E-01    -.24751E+03     .82363E+02    -.14591E+01         .000      .000
   2.440     .38653E-01     .47339E-01    -.28526E+03     .75096E+02    -.72173E+00         .000      .000
   2.450     .35446E-01     .39561E-01    -.26745E+03     .60410E+02     .87536E-01         .000      .000
   2.460     .40340E-01     .34193E-01    -.20356E+03     .40965E+02     .87801E+00         .000      .000
   2.470     .52593E-01     .31135E-01    -.10383E+03     .16631E+02     .15445E+01         .000      .000
   2.480     .70599E-01     .30063E-01     .23421E+02    -.11641E+02     .20231E+01         .000      .000
   2.490     .92218E-01     .30393E-01     .15984E+03    -.40620E+02     .22519E+01         .000      .000
   2.500     .11466E+00     .31563E-01     .29081E+03    -.68307E+02     .21878E+01         .000      .000
   2.510     .13497E+00     .33078E-01     .40810E+03    -.92018E+02     .18251E+01         .000      .000
   2.520     .15032E+00     .34434E-01     .50309E+03    -.10918E+03     .12113E+01         .000      .000
   2.530     .15887E+00     .35105E-01     .56419E+03    -.11726E+03     .49975E+00         .000      .000
   2.540     .16056E+00     .34718E-01     .57523E+03    -.11517E+03    -.13754E+00         .000      .000
   2.550     .15654E+00     .33460E-01     .53406E+03    -.10633E+03    -.65218E+00         .000      .000
   2.560     .14761E+00     .32065E-01     .46394E+03    -.95553E+02    -.11421E+01         .000      .000
   2.570     .13365E+00     .31131E-01     .39224E+03    -.82515E+02    -.16443E+01         .000      .000
   2.580     .11470E+00     .30560E-01     .31822E+03    -.61909E+02    -.21505E+01         .000      .000
   2.590     .90698E-01     .29959E-01     .23768E+03    -.35118E+02    -.26404E+01         .000      .000
   2.600     .62428E-01     .28787E-01     .15283E+03    -.51285E+01    -.29709E+01         .000      .000
   2.610     .32180E-01     .26329E-01     .45625E+02     .27129E+02    -.30325E+01         .000      .000
   2.620     .28868E-02     .22430E-01    -.90925E+02     .56726E+02    -.27638E+01         .000      .000
   2.630    -.21851E-01     .17738E-01    -.24266E+03     .80503E+02    -.21227E+01         .000      .000
   2.640    -.38438E-01     .13522E-01    -.38774E+03     .96612E+02    -.11442E+01         .000      .000
   2.650    -.43762E-01     .11428E-01    -.49356E+03     .10294E+03     .12522E+00         .000      .000
   2.660    -.35332E-01     .12937E-01    -.53382E+03     .99210E+02     .15748E+01         .000      .000
   2.670    -.12384E-01     .19029E-01    -.49045E+03     .83888E+02     .29883E+01         .000      .000
   2.680     .23541E-01     .29835E-01    -.35474E+03     .57223E+02     .41350E+01         .000      .000
   2.690     .68854E-01     .44322E-01    -.14494E+03     .23940E+02     .48455E+01         .000      .000
   2.700     .11879E+00     .60593E-01     .98702E+02    -.10356E+02     .50587E+01         .000      .000
   2.710     .16852E+00     .76551E-01     .33227E+03    -.41760E+02     .48202E+01         .000      .000
   2.720     .21418E+00     .90502E-01     .52014E+03    -.67970E+02     .42798E+01         .000      .000
   2.730     .25377E+00     .10154E+00     .63755E+03    -.87122E+02     .36369E+01         .000      .000
   2.740     .28704E+00     .10988E+00     .67976E+03    -.99526E+02     .30285E+01         .000      .000
   2.750     .31460E+00     .11675E+00     .67072E+03    -.10738E+03     .24984E+01         .000      .000
   2.760     .33716E+00     .12377E+00     .64660E+03    -.11131E+03     .20143E+01         .000      .000
   2.770     .35497E+00     .13211E+00     .63445E+03    -.11008E+03     .15557E+01         .000      .000
   2.780     .36832E+00     .14205E+00     .63895E+03    -.10186E+03     .11127E+01         .000      .000
   2.790     .37730E+00     .15312E+00     .65137E+03    -.87993E+02     .69118E+00         .000      .000
   2.800     .38241E+00     .16437E+00     .65470E+03    -.69879E+02     .34943E+00         .000      .000
   2.810     .38458E+00     .17481E+00     .62579E+03    -.48769E+02     .95670E-01         .000      .000
   2.820     .38432E+00     .18398E+00     .56200E+03    -.28025E+02    -.16164E+00         .000      .000
   2.830     .38079E+00     .19195E+00     .48556E+03    -.94658E+01    -.58669E+00         .000      .000
   2.840     .37165E+00     .19866E+00     .42155E+03     .90017E+01    -.12896E+01         .000      .000
   2.850     .35379E+00     .20330E+00     .37565E+03     .31709E+02    -.23539E+01         .000      .000
   2.860     .32329E+00     .20440E+00     .34420E+03     .58760E+02    -.38019E+01         .000      .000
   2.870     .27756E+00     .19971E+00     .30577E+03     .91935E+02    -.53065E+01         .000      .000
   2.880     .21820E+00     .18674E+00     .19423E+03     .13474E+03    -.65000E+01         .000      .000
   2.890     .14886E+00     .16479E+00    -.16323E+02     .17547E+03    -.73102E+01         .000      .000
   2.900     .73053E-01     .13532E+00    -.27230E+03     .20249E+03    -.78059E+01         .000      .000
   2.910    -.65939E-02     .10035E+00    -.52078E+03     .21862E+03    -.80990E+01         .000      .000
   2.920    -.88575E-01     .61701E-01    -.72832E+03     .22918E+03    -.82857E+01         .000      .000
   2.930    -.17215E+00     .20733E-01    -.86394E+03     .23440E+03    -.84258E+01         .000      .000
   2.940    -.25726E+00    -.22208E-01    -.91515E+03     .23197E+03    -.86175E+01         .000      .000
   2.950    -.34499E+00    -.68019E-01    -.89929E+03     .22041E+03    -.89553E+01         .000      .000
   2.960    -.43697E+00    -.11847E+00    -.86222E+03     .20296E+03    -.94715E+01         .000      .000
   2.970    -.53505E+00    -.17523E+00    -.85347E+03     .18271E+03    -.10177E+02         .000      .000
   2.980    -.64103E+00    -.23883E+00    -.89936E+03     .16080E+03    -.11038E+02         .000      .000
   2.990    -.75626E+00    -.30806E+00    -.97096E+03     .13043E+03    -.12035E+02         .000      .000
   3.000    -.88203E+00    -.38154E+00    -.10286E+04     .98923E+02    -.13116E+02         .000      .000
   3.010    -.10169E+01    -.45873E+00    -.11009E+04     .79224E+02    -.13680E+02         .000      .000
   3.020    -.11523E+01    -.53875E+00    -.12429E+04     .73999E+02    -.13252E+02         .000      .000
   3.030    -.12802E+01    -.61864E+00    -.14388E+04     .61495E+02    -.12323E+02         .000      .000
   3.040    -.13992E+01    -.69420E+00    -.15665E+04     .22113E+02    -.11530E+02         .000      .000
   3.050    -.15123E+01    -.76351E+00    -.15767E+04    -.25258E+02    -.11173E+02         .000      .000
   3.060    -.16245E+01    -.82712E+00    -.14910E+04    -.67971E+02    -.11368E+02         .000      .000
   3.070    -.17424E+01    -.88701E+00    -.13061E+04    -.93058E+02    -.12370E+02         .000      .000
   3.080    -.18767E+01    -.94795E+00    -.10756E+04    -.94110E+02    -.14816E+02         .000      .000
   3.090    -.20435E+01    -.10128E+01    -.10173E+04    -.89071E+02    -.18734E+02         .000      .000
   3.100    -.22536E+01    -.10823E+01    -.91006E+03    -.10891E+03    -.23299E+02         .000      .000
   3.110    -.25094E+01    -.11635E+01    -.87804E+03    -.74677E+02    -.27786E+02         .000      .000
   3.120    -.28067E+01    -.12616E+01    -.12075E+04     .24822E+02    -.31514E+02         .000      .000
   3.130    -.31357E+01    -.13706E+01    -.17752E+04     .10882E+03    -.34087E+02         .000      .000
   3.140    -.34852E+01    -.14801E+01    -.22262E+04     .14004E+03    -.35670E+02         .000      .001
   3.150    -.38452E+01    -.15854E+01    -.24958E+04     .15692E+03    -.36087E+02         .000      .001
   3.160    -.42020E+01    -.16853E+01    -.26216E+04     .19397E+03    -.34996E+02         .000      .001
   3.170    -.45392E+01    -.17801E+01    -.27171E+04     .25646E+03    -.32154E+02         .000      .002
   3.180    -.48397E+01    -.18690E+01    -.27879E+04     .29889E+03    -.27717E+02         .000      .002
   3.190    -.50911E+01    -.19510E+01    -.28092E+04     .29749E+03    -.22520E+02         .000      .002
   3.200    -.52899E+01    -.20264E+01    -.28105E+04     .26694E+03    -.17270E+02         .000      .002
   3.210    -.54368E+01    -.20957E+01    -.28424E+04     .23414E+03    -.12104E+02         .000      .002
   3.220    -.55319E+01    -.21579E+01    -.28439E+04     .18957E+03    -.69243E+01         .000      .002
   3.230    -.55744E+01    -.22116E+01    -.28238E+04     .15777E+03    -.14742E+01         .000      .002
   3.240    -.55594E+01    -.22520E+01    -.28359E+04     .10676E+03     .45468E+01         .000      .002
   3.250    -.54853E+01    -.22743E+01    -.22040E+04    -.30998E+02     .10104E+02         .000      .002
   3.260    -.53603E+01    -.22800E+01    -.17935E+04    -.10815E+03     .14724E+02         .000      .003
   3.270    -.51916E+01    -.22556E+01    -.16694E+04    -.15876E+03     .18926E+02         .000      .004
   3.280    -.49865E+01    -.21962E+01    -.86934E+03    -.33767E+03     .21772E+02         .000      .004
   3.290    -.47626E+01    -.21175E+01     .42897E+02    -.51845E+03     .22666E+02         .000      .005
   3.300    -.45382E+01    -.20404E+01     .56431E+03    -.55211E+03     .22123E+02         .000      .006
   3.310    -.43204E+01    -.19720E+01     .63725E+03    -.48324E+03     .21473E+02         .000      .006
   3.320    -.41096E+01    -.19048E+01     .51406E+03    -.41744E+03     .20544E+02         .000      .006
   3.330    -.39164E+01    -.18293E+01     .60869E+03    -.45616E+03     .17531E+02         .000      .006
   3.340    -.37714E+01    -.17480E+01     .92679E+03    -.51627E+03     .10859E+02         .000      .006
   3.350    -.37079E+01    -.16698E+01     .13671E+04    -.52242E+03     .15996E+01         .000      .006
   3.360    -.37410E+01    -.16107E+01     .15982E+04    -.37332E+03    -.81296E+01         .000      .006
   3.370    -.38658E+01    -.15843E+01     .11489E+04    -.91950E+02    -.16500E+02         .000      .006
   3.380    -.40615E+01    -.15896E+01     .23163E+03     .15684E+03    -.22062E+02         .000      .006
   3.390    -.42959E+01    -.16259E+01    -.63324E+03     .27068E+03    -.24197E+02         .000      .006
   3.400    -.45308E+01    -.16883E+01    -.20504E+04     .45109E+03    -.22088E+02         .000      .006
   3.410    -.47248E+01    -.17510E+01    -.34923E+04     .59790E+03    -.16124E+02         .000      .007
   3.420    -.48423E+01    -.17882E+01    -.46254E+04     .74051E+03    -.68732E+01         .000      .008
   3.430    -.48563E+01    -.17829E+01    -.50167E+04     .70713E+03     .40957E+01         .000      .009
   3.440    -.47616E+01    -.17397E+01    -.47892E+04     .64811E+03     .14753E+02         .000      .009
   3.450    -.45636E+01    -.16626E+01    -.41177E+04     .54310E+03     .24645E+02         .000      .009
   3.460    -.42750E+01    -.15570E+01    -.29018E+04     .35946E+03     .32702E+02         .000      .008
   3.470    -.39165E+01    -.14352E+01    -.15659E+04     .17596E+03     .38675E+02         .000      .008
   3.480    -.35083E+01    -.13043E+01    -.27143E+03    -.51128E+02     .42576E+02         .000      .008
   3.490    -.30730E+01    -.11719E+01     .10063E+04    -.24433E+03     .44075E+02         .000      .008
   3.500    -.26374E+01    -.10581E+01     .18015E+04    -.30248E+03     .42567E+02         .000      .008
   3.510    -.22288E+01    -.96652E+00     .19700E+04    -.33937E+03     .38703E+02         .000      .009
   3.520    -.18729E+01    -.88941E+00     .19844E+04    -.40556E+03     .32075E+02         .000      .009
   3.530    -.15918E+01    -.81918E+00     .17298E+04    -.45208E+03     .23943E+02         .000      .009
   3.540    -.13978E+01    -.75467E+00     .19135E+04    -.54866E+03     .14793E+02         .000      .009
   3.550    -.12938E+01    -.70464E+00     .18279E+04    -.47523E+03     .63305E+01         .000      .009
   3.560    -.12614E+01    -.66459E+00     .15783E+04    -.34973E+03     .76015E+00         .000      .009
   3.570    -.12656E+01    -.63154E+00     .12408E+04    -.20221E+03    -.90565E+00         .000      .009
   3.580    -.12657E+01    -.60351E+00     .62813E+03    -.62419E+02     .15431E+01         .000      .008
   3.590    -.12260E+01    -.57162E+00    -.16636E+03     .21915E+02     .65993E+01         .000      .008
   3.600    -.11330E+01    -.52232E+00    -.74376E+03     .22336E+02     .11835E+02         .000      .008
   3.610    -.99046E+00    -.44725E+00    -.94301E+03     .20767E+02     .16772E+02         .000      .008
   3.620    -.79549E+00    -.34400E+00    -.78781E+03     .33442E+02     .22334E+02         .000      .008
   3.630    -.54336E+00    -.21582E+00    -.35751E+03     .56646E+02     .28035E+02         .000      .008
   3.640    -.23552E+00    -.68776E-01     .13083E+03     .42683E+02     .33442E+02         .000      .008
   3.650     .12306E+00     .88121E-01     .83055E+03    -.23416E+02     .38167E+02         .000      .008
   3.660     .52641E+00     .24198E+00     .12977E+04    -.69175E+02     .42469E+02         .000      .008
   3.670     .97255E+00     .38889E+00     .13388E+04    -.82723E+02     .46805E+02         .000      .008
   3.680     .14629E+01     .53829E+00     .11272E+04    -.12765E+03     .51221E+02         .000      .008
   3.690     .19946E+01     .70438E+00     .11727E+04    -.24543E+03     .54925E+02         .000      .008
   3.700     .25570E+01     .88951E+00     .16044E+04    -.34020E+03     .57365E+02         .000      .008
   3.710     .31398E+01     .10841E+01     .19728E+04    -.32861E+03     .59182E+02         .000      .008
   3.720     .37404E+01     .12844E+01     .21666E+04    -.29550E+03     .60888E+02         .000      .008
   3.730     .43541E+01     .14912E+01     .23600E+04    -.31634E+03     .61552E+02         .000      .008
   3.740     .49643E+01     .17029E+01     .26069E+04    -.38223E+03     .60086E+02         .000      .008
   3.750     .55484E+01     .19152E+01     .28597E+04    -.43568E+03     .56394E+02         .000      .008
   3.760     .60860E+01     .21238E+01     .30710E+04    -.42105E+03     .50901E+02         .000      .008
   3.770     .65633E+01     .23250E+01     .30537E+04    -.34076E+03     .44432E+02         .000      .008
   3.780     .69736E+01     .25220E+01     .28374E+04    -.26748E+03     .37658E+02         .000      .008
   3.790     .73171E+01     .27199E+01     .28639E+04    -.26411E+03     .31072E+02         .000      .009
   3.800     .75956E+01     .29129E+01     .31735E+04    -.24829E+03     .24674E+02         .000      .010
   3.810     .78123E+01     .30890E+01     .30836E+04    -.12570E+03     .18938E+02         .000      .011
   3.820     .79817E+01     .32515E+01     .25535E+04     .25753E+02     .15297E+02         .000      .013
   3.830     .81219E+01     .34029E+01     .28236E+04    -.29315E+02     .12695E+02         .000      .015
   3.840     .82374E+01     .35223E+01     .26837E+04     .89557E+02     .10668E+02         .000      .017
   3.850     .83414E+01     .36148E+01     .20137E+04     .24532E+03     .10411E+02         .000      .019
   3.860     .84501E+01     .37013E+01     .15246E+04     .35952E+03     .11515E+02         .000      .020
   3.870     .85729E+01     .37937E+01     .14351E+04     .35864E+03     .12999E+02         .000      .021
   3.880     .87079E+01     .38891E+01     .13270E+04     .34157E+03     .13882E+02         .000      .023
   3.890     .88486E+01     .39873E+01     .12588E+04     .31366E+03     .14144E+02         .000      .023
   3.900     .89883E+01     .40874E+01     .13360E+04     .28143E+03     .13691E+02         .000      .024
   3.910     .91207E+01     .41842E+01     .15120E+04     .27725E+03     .12745E+02         .000      .025
   3.920     .92425E+01     .42734E+01     .18256E+04     .26358E+03     .11563E+02         .000      .026
   3.930     .93511E+01     .43479E+01     .22376E+04     .23678E+03     .10138E+02         .000      .026
   3.940     .94446E+01     .43990E+01     .26134E+04     .21523E+03     .85213E+01         .000      .026
   3.950     .95221E+01     .44234E+01     .25845E+04     .20947E+03     .70184E+01         .000      .026
   3.960     .95840E+01     .44291E+01     .25627E+04     .13228E+03     .52569E+01         .000      .026
   3.970     .96256E+01     .44192E+01     .25405E+04     .83568E+02     .30144E+01         .000      .026
   3.980     .96442E+01     .43973E+01     .23586E+04     .67585E+02     .71021E+00         .000      .026
   3.990     .96399E+01     .43718E+01     .23413E+04     .22197E+02    -.15496E+01         .000      .026
   4.000     .96147E+01     .43443E+01     .25539E+04    -.19593E+02    -.33380E+01         .000      .026
   4.010     .95770E+01     .43098E+01     .26916E+04    -.23122E+02    -.39846E+01         .000      .026
   4.020     .95397E+01     .42672E+01     .26259E+04    -.23407E+02    -.32273E+01         .000      .026
   4.030     .95148E+01     .42200E+01     .24393E+04    -.48371E+02    -.17604E+01         .000      .026
   4.040     .95026E+01     .41728E+01     .22312E+04    -.10018E+03    -.87017E+00         .000      .026
   4.050     .94942E+01     .41299E+01     .21128E+04    -.16165E+03    -.93257E+00         .000      .026
   4.060     .94820E+01     .40933E+01     .21202E+04    -.20390E+03    -.15704E+01         .000      .026
   4.070     .94611E+01     .40626E+01     .22201E+04    -.23579E+03    -.27240E+01         .000      .026
   4.080     .94251E+01     .40369E+01     .23262E+04    -.24293E+03    -.45839E+01         .000      .026
   4.090     .93679E+01     .40156E+01     .24772E+04    -.24431E+03    -.69661E+01         .000      .026
   4.100     .92817E+01     .39917E+01     .28404E+04    -.28068E+03    -.10530E+02         .000      .026
   4.110     .91542E+01     .39518E+01     .29539E+04    -.24459E+03    -.14997E+02         .000      .026
   4.120     .89845E+01     .38913E+01     .26615E+04    -.16150E+03    -.18655E+02         .000      .026
   4.130     .87877E+01     .38116E+01     .19832E+04    -.51054E+02    -.20344E+02         .000      .026
   4.140     .85849E+01     .37208E+01     .10380E+04     .42914E+02    -.19878E+02         .000      .026
   4.150     .83959E+01     .36311E+01     .11099E+03     .96665E+02    -.17681E+02         .000      .026
   4.160     .82355E+01     .35531E+01    -.61089E+03     .13201E+03    -.14226E+02         .000      .026
   4.170     .81139E+01     .34938E+01    -.10220E+04     .15550E+03    -.10008E+02         .000      .026
   4.180     .80363E+01     .34564E+01    -.10542E+04     .15406E+03    -.54878E+01         .000      .026
   4.190     .80039E+01     .34387E+01    -.75625E+03     .12279E+03    -.10449E+01         .000      .026
   4.200     .80140E+01     .34343E+01    -.29483E+03     .66810E+02     .29686E+01         .000      .026
   4.210     .80608E+01     .34372E+01     .16584E+03    -.83068E+01     .62621E+01         .000      .026
   4.220     .81357E+01     .34422E+01     .66358E+03    -.66037E+02     .85646E+01         .000      .026
   4.230     .82317E+01     .34487E+01     .77304E+03    -.93226E+02     .10551E+02         .000      .026
   4.240     .83424E+01     .34632E+01     .10380E+04    -.20724E+03     .11288E+02         .000      .026
   4.250     .84522E+01     .34843E+01     .13390E+04    -.30094E+03     .10438E+02         .000      .026
   4.260     .85470E+01     .35094E+01     .16386E+04    -.36246E+03     .83646E+01         .000      .026
   4.270     .86169E+01     .35358E+01     .18926E+04    -.38129E+03     .55144E+01         .000      .026
   4.280     .86559E+01     .35604E+01     .21988E+04    -.37015E+03     .22656E+01         .000      .026
   4.290     .86631E+01     .35789E+01     .23554E+04    -.31059E+03    -.76280E+00         .000      .026
   4.300     .86418E+01     .35894E+01     .24218E+04    -.27891E+03    -.34698E+01         .000      .026
   4.310     .85946E+01     .35881E+01     .22232E+04    -.22534E+03    -.59066E+01         .000      .026
   4.320     .85252E+01     .35756E+01     .17666E+04    -.15628E+03    -.78830E+01         .000      .026
   4.330     .84385E+01     .35564E+01     .11768E+04    -.76122E+02    -.93630E+01         .000      .026
   4.340     .83396E+01     .35358E+01     .60038E+03     .11746E+02    -.10355E+02         .000      .026
   4.350     .82324E+01     .35177E+01     .17257E+03     .96755E+02    -.11065E+02         .000      .026
   4.360     .81182E+01     .35020E+01    -.68806E+02     .17459E+03    -.11789E+02         .000      .026
   4.370     .79965E+01     .34854E+01    -.23441E+03     .25443E+03    -.12536E+02         .000      .026
   4.380     .78674E+01     .34689E+01    -.27362E+03     .27061E+03    -.13340E+02         .000      .026
   4.390     .77277E+01     .34517E+01     .14274E+01     .24053E+03    -.14723E+02         .000      .026
   4.400     .75711E+01     .34255E+01     .29698E+03     .24654E+03    -.16640E+02         .000      .026
   4.410     .73947E+01     .33839E+01     .41359E+03     .28196E+03    -.18623E+02         .000      .026
   4.420     .71993E+01     .33257E+01     .39662E+03     .30826E+03    -.20444E+02         .000      .026
   4.430     .69861E+01     .32516E+01     .30902E+03     .31044E+03    -.22182E+02         .000      .026
   4.440     .67556E+01     .31627E+01     .15752E+03     .30117E+03    -.23931E+02         .000      .026
   4.450     .65077E+01     .30608E+01    -.45378E+02     .29617E+03    -.25625E+02         .000      .026
   4.460     .62437E+01     .29489E+01    -.24158E+03     .29415E+03    -.27117E+02         .000      .026
   4.470     .59661E+01     .28301E+01    -.36294E+03     .28324E+03    -.28380E+02         .000      .026
   4.480     .56770E+01     .27059E+01    -.38234E+03     .25781E+03    -.29378E+02         .000      .026
   4.490     .53807E+01     .25759E+01    -.34977E+03     .22723E+03    -.29724E+02         .000      .026
   4.500     .50859E+01     .24392E+01    -.37565E+03     .20157E+03    -.29070E+02         .000      .026
   4.510     .48013E+01     .22969E+01    -.50401E+03     .17204E+03    -.27826E+02         .000      .026
   4.520     .45292E+01     .21527E+01    -.60073E+03     .99976E+02    -.26671E+02         .000      .026
   4.530     .42668E+01     .20094E+01    -.41536E+03     .69037E+01    -.25803E+02         .000      .026
   4.540     .40140E+01     .18608E+01    -.29507E+02    -.44747E+02    -.24728E+02         .000      .026
   4.550     .37745E+01     .16983E+01     .58709E+02    -.89953E+00    -.22911E+02         .000      .026
   4.560     .35618E+01     .15261E+01    -.20221E+03     .13237E+02    -.19322E+02         .000      .026
   4.570     .33914E+01     .13566E+01    -.41049E+03    -.46938E+02    -.14710E+02         .000      .026
   4.580     .32692E+01     .12016E+01    -.99836E+03    -.33472E+02    -.97049E+01         .000      .026
   4.590     .31954E+01     .10795E+01    -.12332E+04    -.11940E+03    -.52444E+01         .000      .026
   4.600     .31603E+01     .99754E+00    -.10860E+04    -.22411E+03    -.19715E+01         .000      .026
   4.610     .31480E+01     .94977E+00    -.18980E+03    -.47481E+03    -.11065E+01         .000      .026
   4.620     .31319E+01     .92112E+00    -.27423E+02    -.36248E+03    -.21940E+01         .000      .026
   4.630     .31012E+01     .91362E+00     .69342E+03    -.40580E+03    -.42720E+01         .000      .026
   4.640     .30377E+01     .90832E+00     .15156E+04    -.50182E+03    -.88122E+01         .000      .026
   4.650     .29192E+01     .88330E+00     .19929E+04    -.47419E+03    -.15094E+02         .000      .026
   4.660     .27348E+01     .82742E+00     .18696E+04    -.36715E+03    -.21748E+02         .000      .026
   4.670     .24853E+01     .74028E+00     .10934E+04    -.23670E+03    -.28014E+02         .000      .026
   4.680     .21775E+01     .63663E+00     .11131E+03    -.13356E+03    -.33436E+02         .000      .026
   4.690     .18184E+01     .53080E+00    -.70233E+03    -.65333E+02    -.38282E+02         .000      .026
   4.700     .14138E+01     .43063E+00    -.13689E+04     .20857E+02    -.42553E+02         .000      .026
   4.710     .96801E+00     .34397E+00    -.13702E+04     .56102E+02    -.46705E+02         .000      .026
   4.720     .47495E+00     .26123E+00    -.78299E+03     .62332E+02    -.51973E+02         .000      .026
   4.730    -.66831E-01     .17323E+00    -.77083E+03     .20062E+03    -.56079E+02         .000      .026
   4.740    -.63803E+00     .82408E-01    -.11833E+04     .40130E+03    -.57656E+02         .000      .026
   4.750    -.12137E+01    -.18846E-01    -.11042E+04     .43565E+03    -.57260E+02         .000      .026
   4.760    -.17810E+01    -.14467E+00    -.11595E+04     .37469E+03    -.56244E+02         .000      .026
   4.770    -.23382E+01    -.30506E+00    -.16602E+04     .46091E+03    -.55046E+02         .000      .026
   4.780    -.28767E+01    -.48705E+00    -.28517E+04     .63349E+03    -.52376E+02         .000      .026
   4.790    -.33814E+01    -.66210E+00    -.34466E+04     .66211E+03    -.48481E+02         .000      .026
   4.800    -.38456E+01    -.82745E+00    -.36698E+04     .64531E+03    -.44323E+02         .000      .026
   4.810    -.42684E+01    -.98787E+00    -.36713E+04     .60408E+03    -.40273E+02         .000      .026
   4.820    -.46524E+01    -.11450E+01    -.34186E+04     .52516E+03    -.36640E+02         .000      .026
   4.830    -.50031E+01    -.13041E+01    -.30788E+04     .45961E+03    -.33568E+02         .000      .026
   4.840    -.53254E+01    -.14694E+01    -.27363E+04     .39673E+03    -.30995E+02         .000      .026
   4.850    -.56255E+01    -.16456E+01    -.20312E+04     .28055E+03    -.29215E+02         .000      .026
   4.860    -.59126E+01    -.18454E+01    -.17124E+04     .24235E+03    -.28261E+02         .000      .026
   4.870    -.61910E+01    -.20666E+01    -.22846E+04     .28680E+03    -.27330E+02         .000      .026
   4.880    -.64580E+01    -.22872E+01    -.28782E+04     .22241E+03    -.26188E+02         .000      .026
   4.890    -.67187E+01    -.24883E+01    -.38183E+04     .10414E+03    -.26101E+02         .000      .026
   4.900    -.69915E+01    -.26698E+01    -.19532E+04    -.30797E+03    -.29205E+02         .000      .026
   4.910    -.73044E+01    -.28712E+01    -.19314E+04    -.69704E+02    -.32936E+02         .000      .026
   4.920    -.76416E+01    -.30717E+01    -.22622E+04     .40635E+02    -.34319E+02         .000      .027
   4.930    -.79897E+01    -.32588E+01    -.20319E+04    -.27560E+02    -.35290E+02         .000      .027
   4.940    -.83474E+01    -.34485E+01    -.17783E+04    -.13279E+03    -.36228E+02         .000      .027
   4.950    -.87137E+01    -.36542E+01    -.20079E+04    -.18075E+03    -.37043E+02         .000      .027
   4.960    -.90891E+01    -.38691E+01    -.24691E+04    -.19811E+03    -.38060E+02         .000      .027
   4.970    -.94739E+01    -.40779E+01    -.28469E+04    -.17935E+03    -.38795E+02         .000      .027
   4.980    -.98628E+01    -.42711E+01    -.28892E+04    -.17358E+03    -.38877E+02         .000      .027
   4.990    -.10250E+02    -.44540E+01    -.27068E+04    -.12418E+03    -.38383E+02         .000      .027
   5.000    -.10626E+02    -.46335E+01    -.28834E+04    -.23923E+02    -.36603E+02         .000      .027
   5.010    -.10977E+02    -.48035E+01    -.32086E+04     .22252E+00    -.33547E+02         .000      .027
   5.020    -.11296E+02    -.49575E+01    -.34562E+04    -.36035E+02    -.30106E+02         .000      .027
   5.030    -.11580E+02    -.50938E+01    -.35213E+04    -.79703E+02    -.26804E+02         .000      .027
   5.040    -.11833E+02    -.52140E+01    -.36356E+04    -.53294E+02    -.23718E+02         .000      .027
   5.050    -.12054E+02    -.53142E+01    -.37557E+04    -.19874E+02    -.20540E+02         .000      .028
   5.060    -.12242E+02    -.53906E+01    -.36752E+04    -.30309E+02    -.17011E+02         .000      .028
   5.070    -.12394E+02    -.54461E+01    -.34371E+04    -.64943E+02    -.13295E+02         .000      .027
   5.080    -.12508E+02    -.54872E+01    -.32072E+04    -.93983E+02    -.94657E+01         .000      .028
   5.090    -.12582E+02    -.55176E+01    -.30378E+04    -.11307E+03    -.52991E+01         .000      .028
   5.100    -.12612E+02    -.55400E+01    -.29612E+04    -.11230E+03    -.68904E+00         .000      .028
   5.110    -.12595E+02    -.55563E+01    -.30155E+04    -.10001E+03     .42475E+01         .000      .028
   5.120    -.12527E+02    -.55620E+01    -.30950E+04    -.11887E+03     .91214E+01         .000      .028
   5.130    -.12414E+02    -.55487E+01    -.30935E+04    -.15636E+03     .13503E+02         .000      .028
   5.140    -.12259E+02    -.55116E+01    -.30205E+04    -.18825E+03     .17347E+02         .000      .028
   5.150    -.12070E+02    -.54511E+01    -.27256E+04    -.23180E+03     .20394E+02         .000      .028
   5.160    -.11854E+02    -.53730E+01    -.24004E+04    -.23349E+03     .22499E+02         .000      .028
   5.170    -.11622E+02    -.52780E+01    -.20842E+04    -.25446E+03     .23740E+02         .000      .028
   5.180    -.11383E+02    -.51655E+01    -.16028E+04    -.30003E+03     .24072E+02         .000      .028
   5.190    -.11143E+02    -.50410E+01    -.10194E+04    -.33604E+03     .23662E+02         .000      .028
   5.200    -.10910E+02    -.49121E+01    -.51079E+03    -.34463E+03     .22922E+02         .000      .028
   5.210    -.10684E+02    -.47846E+01    -.24118E+03    -.30047E+03     .22394E+02         .000      .028
   5.220    -.10461E+02    -.46589E+01    -.20580E+03    -.24528E+03     .22387E+02         .000      .028
   5.230    -.10236E+02    -.45323E+01    -.24309E+03    -.21197E+03     .22638E+02         .000      .028
   5.240    -.10007E+02    -.44048E+01    -.33461E+03    -.15279E+03     .23086E+02         .000      .027
   5.250    -.97717E+01    -.42765E+01    -.58087E+03    -.59509E+02     .24187E+02         .000      .027
   5.260    -.95209E+01    -.41440E+01    -.94792E+03     .54728E+02     .26136E+02         .000      .027
   5.270    -.92479E+01    -.40036E+01    -.91843E+03     .53362E+02     .28411E+02         .000      .027
   5.280    -.89523E+01    -.38528E+01    -.13176E+04     .11605E+03     .30784E+02         .000      .027
   5.290    -.86319E+01    -.36785E+01    -.13601E+04     .96436E+02     .33221E+02         .000      .027
   5.300    -.82901E+01    -.34826E+01    -.95477E+03     .62757E+02     .35034E+02         .000      .027
   5.310    -.79328E+01    -.32791E+01    -.50426E+03     .70681E+02     .36385E+02         .000      .027
   5.320    -.75628E+01    -.30778E+01    -.18989E+03     .88348E+02     .37587E+02         .000      .027
   5.330    -.71818E+01    -.28823E+01     .51723E+02     .79526E+02     .38543E+02         .000      .027
   5.340    -.67938E+01    -.26950E+01     .24481E+03     .42637E+02     .38930E+02         .000      .027
   5.350    -.64061E+01    -.25191E+01     .34875E+03     .13028E+02     .38471E+02         .000      .027
   5.360    -.60274E+01    -.23553E+01     .36163E+03    -.26723E+00     .37118E+02         .000      .027
   5.370    -.56659E+01    -.22017E+01     .32103E+03     .11590E+02     .35109E+02         .000      .027
   5.380    -.53257E+01    -.20555E+01     .29140E+03     .31645E+02     .32958E+02         .000      .027
   5.390    -.50063E+01    -.19151E+01     .30283E+03     .47536E+02     .30956E+02         .000      .027
   5.400    -.47058E+01    -.17812E+01     .33029E+03     .59253E+02     .29178E+02         .000      .027
   5.410    -.44222E+01    -.16548E+01     .33411E+03     .69291E+02     .27550E+02         .000      .027
   5.420    -.41551E+01    -.15356E+01     .30895E+03     .77518E+02     .25835E+02         .000      .027
   5.430    -.39063E+01    -.14222E+01     .29382E+03     .75816E+02     .23879E+02         .000      .027
   5.440    -.36783E+01    -.13136E+01     .31185E+03     .70413E+02     .21688E+02         .000      .027
   5.450    -.34731E+01    -.12098E+01     .36742E+03     .67443E+02     .19337E+02         .000      .027
   5.460    -.32918E+01    -.11118E+01     .44681E+03     .72345E+02     .16915E+02         .000      .027
   5.470    -.31348E+01    -.10210E+01     .53617E+03     .76774E+02     .14466E+02         .000      .027
   5.480    -.30029E+01    -.93923E+00     .62837E+03     .79939E+02     .11908E+02         .000      .027
   5.490    -.28971E+01    -.86818E+00     .60664E+03     .94403E+02     .92151E+01         .000      .027
   5.500    -.28195E+01    -.80826E+00     .63250E+03     .93885E+02     .62601E+01         .000      .027
   5.510    -.27726E+01    -.76112E+00     .64479E+03     .10167E+03     .30875E+01         .000      .027
   5.520    -.27577E+01    -.72849E+00     .62671E+03     .12252E+03    -.70152E-01         .000      .027
   5.530    -.27733E+01    -.71254E+00     .52077E+03     .16736E+03    -.29834E+01         .000      .027
   5.540    -.28155E+01    -.71400E+00     .29832E+03     .21808E+03    -.53675E+01         .000      .028
   5.550    -.28790E+01    -.73004E+00     .64329E+02     .24475E+03    -.72788E+01         .000      .028
   5.560    -.29599E+01    -.75942E+00    -.15364E+03     .26765E+03    -.88263E+01         .000      .028
   5.570    -.30538E+01    -.80127E+00    -.45750E+03     .30308E+03    -.98619E+01         .000      .028
   5.580    -.31553E+01    -.85171E+00    -.75166E+03     .32259E+03    -.10343E+02         .000      .027
   5.590    -.32585E+01    -.90757E+00    -.97054E+03     .32619E+03    -.10160E+02         .000      .027
   5.600    -.33550E+01    -.96690E+00    -.11280E+04     .31726E+03    -.89436E+01         .000      .027
   5.610    -.34337E+01    -.10276E+01    -.12651E+04     .29604E+03    -.66320E+01         .000      .027
   5.620    -.34849E+01    -.10855E+01    -.13474E+04     .24590E+03    -.34914E+01         .000      .027
   5.630    -.35027E+01    -.11359E+01    -.12983E+04     .16063E+03    -.95623E-01         .000      .027
   5.640    -.34907E+01    -.11789E+01    -.54525E+03     .21526E+02     .21889E+01         .000      .027
   5.650    -.34625E+01    -.12211E+01    -.87540E+02    -.51853E+02     .33321E+01         .000      .027
   5.660    -.34266E+01    -.12594E+01     .42152E+03    -.15439E+03     .37234E+01         .000      .027
   5.670    -.33908E+01    -.12967E+01     .92880E+03    -.24147E+03     .32992E+01         .000      .027
   5.680    -.33632E+01    -.13401E+01     .12241E+04    -.28733E+03     .20851E+01         .000      .027
   5.690    -.33511E+01    -.13923E+01     .12574E+04    -.30498E+03     .25372E+00         .000      .027
   5.700    -.33594E+01    -.14514E+01     .10519E+04    -.29816E+03    -.19623E+01         .000      .028
   5.710    -.33915E+01    -.15120E+01     .70192E+03    -.28589E+03    -.45381E+01         .000      .028
   5.720    -.34513E+01    -.15671E+01     .31393E+03    -.26718E+03    -.74416E+01         .000      .028
   5.730    -.35404E+01    -.16096E+01     .30227E+02    -.26535E+03    -.10360E+02         .000      .028
   5.740    -.36589E+01    -.16387E+01     .20229E+03    -.27426E+03    -.13341E+02         .000      .028
   5.750    -.38042E+01    -.16696E+01     .21439E+03    -.15075E+03    -.15434E+02         .000      .028
   5.760    -.39609E+01    -.17086E+01    -.13242E+03    -.90639E+01    -.15565E+02         .000      .028
   5.770    -.41099E+01    -.17531E+01    -.61267E+03     .72145E+02    -.14038E+02         .000      .028
   5.780    -.42392E+01    -.17982E+01    -.11272E+04     .10382E+03    -.11760E+02         .000      .028
   5.790    -.43441E+01    -.18376E+01    -.16397E+04     .11731E+03    -.91879E+01         .000      .028
   5.800    -.44218E+01    -.18647E+01    -.19975E+04     .13699E+03    -.62527E+01         .000      .028
   5.810    -.44674E+01    -.18753E+01    -.21154E+04     .16530E+03    -.27955E+01         .000      .028
   5.820    -.44759E+01    -.18685E+01    -.19650E+04     .16910E+03     .11670E+01         .000      .028
   5.830    -.44433E+01    -.18480E+01    -.15859E+04     .14200E+03     .53818E+01         .000      .028
   5.840    -.43688E+01    -.18203E+01    -.12249E+04     .10809E+03     .94478E+01         .000      .028
   5.850    -.42564E+01    -.17876E+01    -.95519E+03     .44749E+02     .12882E+02         .000      .028
   5.860    -.41152E+01    -.17482E+01    -.65148E+03    -.51300E+02     .15108E+02         .000      .028
   5.870    -.39592E+01    -.17012E+01    -.26109E+03    -.14975E+03     .15853E+02         .000      .028
   5.880    -.38036E+01    -.16482E+01     .24120E+03    -.23016E+03     .14953E+02         .000      .028
   5.890    -.36656E+01    -.15968E+01     .68991E+03    -.23917E+03     .12424E+02         .000      .028
   5.900    -.35574E+01    -.15529E+01     .90352E+03    -.21638E+03     .91810E+01         .000      .028
   5.910    -.34824E+01    -.15172E+01     .10046E+04    -.21267E+03     .58062E+01         .000      .028
   5.920    -.34415E+01    -.14906E+01     .98526E+03    -.20623E+03     .23769E+01         .000      .028
   5.930    -.34341E+01    -.14736E+01     .80075E+03    -.17334E+03    -.80318E+00         .000      .028
   5.940    -.34545E+01    -.14648E+01     .46341E+03    -.10001E+03    -.30589E+01         .000      .028
   5.950    -.34903E+01    -.14611E+01     .92946E+01    -.24632E+01    -.38497E+01         .000      .028
   5.960    -.35263E+01    -.14572E+01    -.49224E+03     .85587E+02    -.30951E+01         .000      .027
   5.970    -.35467E+01    -.14466E+01    -.10573E+04     .14483E+03    -.74339E+00         .000      .027
   5.980    -.35382E+01    -.14244E+01    -.12948E+04     .16117E+03     .25401E+01         .000      .027
   5.990    -.34942E+01    -.13911E+01    -.13914E+04     .17596E+03     .63382E+01         .000      .027
   6.000    -.34101E+01    -.13456E+01    -.13043E+04     .16494E+03     .10542E+02         .000      .027
   6.010    -.32830E+01    -.12878E+01    -.10137E+04     .12941E+03     .14854E+02         .000      .027
   6.020    -.31143E+01    -.12203E+01    -.62836E+03     .86949E+02     .18795E+02         .000      .027
   6.030    -.29091E+01    -.11446E+01    -.31046E+03     .19384E+02     .22088E+02         .000      .027
   6.040    -.26763E+01    -.10623E+01     .21145E+03    -.79822E+02     .24291E+02         .000      .027
   6.050    -.24256E+01    -.98285E+00     .63478E+03    -.11951E+03     .25809E+02         .000      .027
   6.060    -.21603E+01    -.91184E+00     .69071E+03    -.10084E+03     .27267E+02         .000      .027
   6.070    -.18810E+01    -.84578E+00     .44818E+03    -.96548E+02     .28470E+02         .000      .027
   6.080    -.15947E+01    -.77614E+00     .27665E+03    -.15489E+03     .28542E+02         .000      .028
   6.090    -.13144E+01    -.69938E+00     .29666E+03    -.22189E+03     .27352E+02         .000      .028
   6.100    -.10498E+01    -.61677E+00     .40182E+03    -.24172E+03     .25516E+02         .000      .028
   6.110    -.80463E+00    -.52952E+00     .54720E+03    -.22577E+03     .23510E+02         .000      .028
   6.120    -.57951E+00    -.43860E+00     .77577E+03    -.21466E+03     .21527E+02         .000      .028
   6.130    -.37392E+00    -.34722E+00     .10468E+04    -.21587E+03     .19602E+02         .000      .027
   6.140    -.18676E+00    -.26033E+00     .11930E+04    -.19812E+03     .17909E+02         .000      .027
   6.150    -.13377E-01    -.18036E+00     .10343E+04    -.15175E+03     .16900E+02         .000      .027
   6.160     .15479E+00    -.10281E+00     .78338E+03    -.12164E+03     .16952E+02         .000      .027
   6.170     .32934E+00    -.23707E-01     .54647E+03    -.86551E+02     .18117E+02         .000      .027
   6.180     .51982E+00     .59728E-01     .26025E+03    -.33884E+02     .20086E+02         .000      .027
   6.190     .73385E+00     .15341E+00    -.10651E+03     .67512E+01     .22838E+02         .000      .027
   6.200     .97756E+00     .26292E+00    -.13244E+03     .11428E+01     .25911E+02         .000      .027
   6.210     .12520E+01     .38550E+00    -.88428E+00    -.98249E+00     .28970E+02         .000      .027
   6.220     .15567E+01     .51747E+00     .18147E+03    -.31262E+01     .31937E+02         .000      .027
   6.230     .18901E+01     .65657E+00     .40579E+03    -.19811E+02     .34711E+02         .000      .027
   6.240     .22491E+01     .80040E+00     .68439E+03    -.54967E+02     .36968E+02         .000      .027
   6.250     .26269E+01     .94532E+00     .95462E+03    -.91127E+02     .38445E+02         .000      .027
   6.260     .30157E+01     .10881E+01     .11464E+04    -.11319E+03     .39218E+02         .000      .027
   6.270     .34097E+01     .12277E+01     .12424E+04    -.12343E+03     .39523E+02         .000      .027
   6.280     .38042E+01     .13644E+01     .12795E+04    -.12807E+03     .39260E+02         .000      .027
   6.290     .41925E+01     .14995E+01     .12529E+04    -.12726E+03     .38274E+02         .000      .027
   6.300     .45677E+01     .16359E+01     .12286E+04    -.13865E+03     .36683E+02         .000      .027
   6.310     .49237E+01     .17762E+01     .12904E+04    -.15674E+03     .34370E+02         .000      .027
   6.320     .52524E+01     .19217E+01     .13960E+04    -.17402E+03     .31222E+02         .000      .027
   6.330     .55448E+01     .20723E+01     .16571E+04    -.19136E+03     .27081E+02         .000      .027
   6.340     .57911E+01     .22230E+01     .20127E+04    -.19392E+03     .22047E+02         .000      .027
   6.350     .59832E+01     .23668E+01     .23242E+04    -.17189E+03     .16280E+02         .000      .028
   6.360     .61143E+01     .24964E+01     .25395E+04    -.13627E+03     .97929E+01         .000      .028
   6.370     .61763E+01     .26047E+01     .26347E+04    -.77675E+02     .24903E+01         .000      .028
   6.380     .61628E+01     .26834E+01     .23831E+04     .36447E+02    -.52004E+01         .000      .028
   6.390     .60735E+01     .27285E+01     .18656E+04     .18204E+03    -.12523E+02         .000      .028
   6.400     .59132E+01     .27341E+01     .17544E+04     .17089E+03    -.19549E+02         .000      .028
   6.410     .56855E+01     .26963E+01     .10010E+04     .33137E+03    -.25756E+02         .000      .028
   6.420     .54035E+01     .26392E+01     .27331E+03     .48920E+03    -.30354E+02         .000      .028
   6.430     .50821E+01     .25809E+01     .12837E+03     .50088E+03    -.33868E+02         .000      .028
   6.440     .47261E+01     .25153E+01     .24485E+03     .49540E+03    -.37337E+02         .000      .028
   6.450     .43364E+01     .24328E+01     .30360E+03     .52117E+03    -.40488E+02         .000      .029
   6.460     .39200E+01     .23308E+01     .31391E+03     .54749E+03    -.42577E+02         .000      .029
   6.470     .34889E+01     .22070E+01     .33305E+03     .54648E+03    -.43478E+02         .000      .029
   6.480     .30538E+01     .20572E+01     .90716E+02     .61702E+03    -.43307E+02         .000      .029
   6.490     .26287E+01     .18927E+01    -.41741E+03     .69414E+03    -.41402E+02         .000      .029
   6.500     .22294E+01     .17236E+01    -.62268E+03     .61913E+03    -.38379E+02         .000      .029
   6.510     .18625E+01     .15466E+01    -.92872E+03     .57414E+03    -.34968E+02         .000      .029
   6.520     .15298E+01     .13676E+01    -.11707E+04     .49720E+03    -.31634E+02         .000      .029
   6.530     .12298E+01     .11912E+01    -.12281E+04     .41526E+03    -.28284E+02         .000      .029
   6.540     .96462E+00     .10185E+01    -.11689E+04     .32677E+03    -.24809E+02         .000      .029
   6.550     .73012E+00     .85232E+00    -.65665E+03     .14488E+03    -.22389E+02         .000      .029
   6.560     .51129E+00     .68406E+00     .25472E+03     .21575E+02    -.21602E+02         .000      .029
   6.570     .29862E+00     .50074E+00     .23904E+03     .90953E+02    -.20830E+02         .000      .029
   6.580     .95201E-01     .31399E+00     .19450E+03     .47517E+02    -.19957E+02         .000      .028
   6.590    -.10481E+00     .13191E+00     .42576E+03    -.11283E+03    -.20343E+02         .000      .028
   6.600    -.31770E+00    -.52866E-01     .68288E+03    -.26561E+03    -.22496E+02         .000      .029
   6.610    -.55831E+00    -.24870E+00     .73036E+03    -.32005E+03    -.25709E+02         .000      .029
   6.620    -.83203E+00    -.45476E+00     .10505E+04    -.37290E+03    -.29100E+02         .000      .029
   6.630    -.11402E+01    -.67178E+00     .99047E+03    -.27549E+03    -.32316E+02         .000      .029
   6.640    -.14715E+01    -.88869E+00     .58416E+03    -.17712E+03    -.33645E+02         .000      .029
   6.650    -.18098E+01    -.10944E+01     .45403E+03    -.21229E+03    -.33914E+02         .000      .029
   6.660    -.21474E+01    -.12931E+01     .24697E+03    -.23568E+03    -.33463E+02         .000      .029
   6.670    -.24758E+01    -.14861E+01    -.27685E+03    -.23222E+03    -.32010E+02         .000      .029
   6.680    -.27848E+01    -.16652E+01    -.69990E+03    -.23812E+03    -.29725E+02         .000      .029
   6.690    -.30684E+01    -.18260E+01    -.98095E+03    -.21235E+03    -.26866E+02         .000      .029
   6.700    -.33185E+01    -.19660E+01    -.12166E+04    -.16451E+03    -.22942E+02         .000      .029
   6.710    -.35239E+01    -.20813E+01    -.13848E+04    -.13402E+03    -.18027E+02         .000      .029
   6.720    -.36785E+01    -.21690E+01    -.14645E+04    -.13697E+03    -.12950E+02         .000      .029
   6.730    -.37845E+01    -.22286E+01    -.14173E+04    -.17920E+03    -.83645E+01         .000      .029
   6.740    -.38485E+01    -.22633E+01    -.12284E+04    -.23730E+03    -.45601E+01         .000      .029
   6.750    -.38781E+01    -.22797E+01    -.10079E+04    -.26930E+03    -.14472E+01         .000      .029
   6.760    -.38786E+01    -.22824E+01    -.83353E+03    -.27756E+03     .13084E+01         .000      .029
   6.770    -.38525E+01    -.22734E+01    -.70205E+03    -.28555E+03     .38738E+01         .000      .029
   6.780    -.38017E+01    -.22531E+01    -.61417E+03    -.29406E+03     .62624E+01         .000      .029
   6.790    -.37275E+01    -.22209E+01    -.51087E+03    -.30835E+03     .85619E+01         .000      .029
   6.800    -.36308E+01    -.21764E+01    -.40827E+03    -.32087E+03     .10759E+02         .000      .029
   6.810    -.35127E+01    -.21191E+01    -.31108E+03    -.31949E+03     .12867E+02         .000      .029
   6.820    -.33735E+01    -.20484E+01    -.22376E+03    -.31057E+03     .14968E+02         .000      .029
   6.830    -.32140E+01    -.19636E+01    -.42437E+02    -.31264E+03     .16885E+02         .000      .029
   6.840    -.30364E+01    -.18687E+01     .12105E+03    -.28086E+03     .18633E+02         .000      .029
   6.850    -.28408E+01    -.17667E+01     .14896E+03    -.22885E+03     .20529E+02         .000      .029
   6.860    -.26252E+01    -.16571E+01     .12815E+03    -.18815E+03     .22603E+02         .000      .029
   6.870    -.23894E+01    -.15394E+01     .11370E+03    -.15766E+03     .24480E+02         .000      .029
   6.880    -.21387E+01    -.14137E+01     .13065E+03    -.13174E+03     .25425E+02         .000      .029
   6.890    -.18843E+01    -.12809E+01     .17937E+03    -.84349E+02     .25359E+02         .000      .029
   6.900    -.16314E+01    -.11432E+01     .34744E+02    -.79078E+01     .25276E+02         .000      .029
   6.910    -.13784E+01    -.99490E+00    -.28597E+03     .26751E+02     .25321E+02         .000      .029
   6.920    -.11283E+01    -.82989E+00     .91602E+01    -.54533E+02     .24483E+02         .000      .029
   6.930    -.89232E+00    -.66011E+00     .46805E+03    -.79246E+02     .22601E+02         .000      .029
   6.940    -.67704E+00    -.49927E+00     .71829E+03    -.15647E+02     .20485E+02         .000      .029
   6.950    -.48203E+00    -.35114E+00     .80988E+03     .57819E+02     .18526E+02         .000      .029
   6.960    -.30663E+00    -.21533E+00     .82291E+03     .97599E+02     .16518E+02         .000      .029
   6.970    -.15288E+00    -.91897E-01     .84117E+03     .85263E+02     .14144E+02         .000      .029
   6.980    -.25434E-01     .16614E-01     .79444E+03     .68392E+02     .11296E+02         .000      .029
   6.990     .73534E-01     .11017E+00     .35214E+03     .12507E+03     .86120E+01         .000      .029
   7.000     .14893E+00     .19502E+00     .15792E+03     .16911E+03     .65474E+01         .000      .029
   7.010     .20743E+00     .27285E+00     .10134E+03     .21557E+03     .53788E+01         .000      .029
   7.020     .26241E+00     .34189E+00     .25817E+02     .26808E+03     .59699E+01         .000      .029
   7.030     .33279E+00     .40182E+00    -.83882E+02     .30630E+03     .83446E+01         .000      .029
   7.040     .43182E+00     .45425E+00    -.25680E+03     .33410E+03     .11480E+02         .000      .029
   7.050     .56231E+00     .50468E+00    -.46709E+03     .32885E+03     .14581E+02         .000      .029
   7.060     .72019E+00     .55981E+00    -.43157E+03     .24819E+03     .16727E+02         .000      .029
   7.070     .89043E+00     .61773E+00    -.16970E+03     .18657E+03     .16972E+02         .000      .029
   7.080     .10549E+01     .67368E+00     .16067E+03     .15544E+03     .15780E+02         .000      .029
   7.090     .12042E+01     .72396E+00     .54242E+03     .12758E+03     .14030E+02         .000      .029
   7.100     .13340E+01     .76429E+00     .92728E+03     .87221E+02     .11827E+02         .000      .029
   7.110     .14385E+01     .79004E+00     .12231E+04     .36672E+02     .89456E+01         .000      .029
   7.120     .15110E+01     .79780E+00     .13328E+04     .44600E+01     .55106E+01         .000      .029
   7.130     .15484E+01     .78735E+00     .11702E+04     .40218E+01     .19993E+01         .000      .029
   7.140     .15514E+01     .76401E+00     .88553E+03     .35911E+01    -.13967E+01         .000      .029
   7.150     .15207E+01     .73391E+00     .65629E+03    -.50293E+01    -.47301E+01         .000      .029
   7.160     .14571E+01     .70041E+00     .55742E+03    -.13749E+02    -.79669E+01         .000      .029
   7.170     .13620E+01     .66247E+00     .55684E+03     .10590E+01    -.10990E+02         .000      .029
   7.180     .12387E+01     .61613E+00     .48789E+03     .51497E+02    -.13593E+02         .000      .029
   7.190     .10918E+01     .56106E+00     .27606E+03     .93106E+02    -.15746E+02         .000      .029
   7.200     .92344E+00     .50195E+00     .18081E+03     .71265E+02    -.17996E+02         .000      .029
   7.210     .73002E+00     .43837E+00     .21567E+03     .47929E+02    -.20773E+02         .000      .029
   7.220     .50723E+00     .36678E+00     .20115E+03     .65675E+02    -.23774E+02         .000      .029
   7.230     .25558E+00     .28647E+00     .11781E+03     .10507E+03    -.26476E+02         .000      .029
   7.240    -.20748E-01     .19850E+00     .45526E+02     .13420E+03    -.28723E+02         .000      .029
   7.250    -.31654E+00     .10271E+00    -.12896E+02     .14889E+03    -.30267E+02         .000      .029
   7.260    -.62169E+00    -.20759E-02    -.15315E+03     .17024E+03    -.30487E+02         .000      .029
   7.270    -.92082E+00    -.11519E+00    -.46366E+03     .20661E+03    -.29075E+02         .000      .029
   7.280    -.11979E+01    -.23187E+00    -.89083E+03     .23444E+03    -.26078E+02         .000      .029
   7.290    -.14377E+01    -.34520E+00    -.13031E+04     .23558E+03    -.21683E+02         .000      .029
   7.300    -.16286E+01    -.45057E+00    -.12511E+04     .18405E+03    -.16417E+02         .000      .029
   7.310    -.17646E+01    -.55116E+00    -.12777E+04     .17239E+03    -.10735E+02         .000      .029
   7.320    -.18429E+01    -.64161E+00    -.12420E+04     .15704E+03    -.49062E+01         .000      .029
   7.330    -.18615E+01    -.71409E+00    -.11810E+04     .11321E+03     .11573E+01         .000      .029
   7.340    -.18216E+01    -.76414E+00    -.89784E+03    -.34325E+01     .67070E+01         .000      .029
   7.350    -.17306E+01    -.79394E+00    -.40918E+03    -.15085E+03     .11299E+02         .000      .029
   7.360    -.15992E+01    -.81346E+00     .23169E+03    -.32589E+03     .14724E+02         .000      .029
   7.370    -.14402E+01    -.83825E+00     .56796E+03    -.28713E+03     .17162E+02         .000      .029
   7.380    -.12536E+01    -.86049E+00     .48849E+03    -.26779E+03     .20140E+02         .000      .029
   7.390    -.10418E+01    -.87066E+00     .36706E+03    -.29734E+03     .21791E+02         .000      .029
   7.400    -.82890E+00    -.86734E+00     .25105E+03    -.37175E+03     .20114E+02         .000      .029
   7.410    -.65328E+00    -.84794E+00     .25705E+03    -.47518E+03     .14337E+02         .000      .029
   7.420    -.55182E+00    -.80981E+00     .65930E+03    -.61295E+03     .56574E+01         .000      .030
   7.430    -.54523E+00    -.76899E+00     .16133E+04    -.64144E+03    -.43531E+01         .000      .029
   7.440    -.63295E+00    -.75141E+00     .18061E+04    -.35870E+03    -.12768E+02         .000      .029
   7.450    -.79255E+00    -.75738E+00     .15908E+04    -.17555E+03    -.18873E+02         .000      .029
   7.460    -.10070E+01    -.78082E+00     .12355E+04    -.13571E+03    -.23954E+02         .000      .029
   7.470    -.12713E+01    -.81980E+00     .79498E+03    -.10787E+03    -.28855E+02         .000      .029
   7.480    -.15818E+01    -.87367E+00    -.25920E+03     .31531E+02    -.33035E+02         .000      .029
   7.490    -.19286E+01    -.92616E+00    -.71177E+03     .24164E+02    -.36313E+02         .000      .029
   7.500    -.23068E+01    -.97557E+00    -.96737E+03     .10863E+03    -.39160E+02         .000      .029
   7.510    -.27060E+01    -.10227E+01    -.17561E+04     .33020E+03    -.40286E+02         .000      .029
   7.520    -.31032E+01    -.10540E+01    -.22109E+04     .46790E+03    -.38767E+02         .000      .029
   7.530    -.34780E+01    -.10671E+01    -.18359E+04     .41957E+03    -.36173E+02         .000      .029
   7.540    -.38280E+01    -.10831E+01    -.12188E+04     .36996E+03    -.33891E+02         .000      .029
   7.550    -.41553E+01    -.11211E+01    -.10904E+04     .39701E+03    -.31485E+02         .000      .029
   7.560    -.44555E+01    -.11813E+01    -.11829E+04     .43022E+03    -.28453E+02         .000      .029
   7.570    -.47220E+01    -.12606E+01    -.12877E+04     .45857E+03    -.24672E+02         .000      .029
   7.580    -.49444E+01    -.13586E+01    -.18519E+04     .56124E+03    -.19513E+02         .000      .029
   7.590    -.51082E+01    -.14607E+01    -.26454E+04     .56514E+03    -.13234E+02         .000      .029
   7.600    -.52110E+01    -.15523E+01    -.31055E+04     .47309E+03    -.74943E+01         .000      .029
   7.610    -.52621E+01    -.16255E+01    -.31590E+04     .34031E+03    -.29654E+01         .000      .029
   7.620    -.52763E+01    -.16789E+01    -.21899E+04     .15974E+03    -.24220E+00         .000      .029
   7.630    -.52714E+01    -.17278E+01    -.13917E+04     .17092E+03     .11989E+01         .000      .029
   7.640    -.52511E+01    -.17687E+01    -.10007E+04     .14216E+03     .27783E+01         .000      .029
   7.650    -.52203E+01    -.18001E+01     .12671E+03    -.74092E+02     .30248E+01         .000      .029
   7.660    -.51983E+01    -.18440E+01     .11279E+04    -.30588E+03     .10585E+01         .000      .029
   7.670    -.52060E+01    -.19235E+01     .16338E+04    -.37515E+03    -.26622E+01         .000      .029
   7.680    -.52469E+01    -.20354E+01     .10415E+04    -.25193E+03    -.52476E+01         .000      .029
   7.690    -.53069E+01    -.21557E+01     .41310E+03    -.20659E+03    -.65973E+01         .000      .029
   7.700    -.53765E+01    -.22719E+01    -.75940E+02    -.21688E+03    -.72731E+01         .000      .029
   7.710    -.54517E+01    -.23761E+01    -.46245E+03    -.24542E+03    -.77402E+01         .000      .029
   7.720    -.55303E+01    -.24632E+01    -.89202E+03    -.23353E+03    -.78805E+01         .000      .030
   7.730    -.56076E+01    -.25252E+01    -.11277E+04    -.21703E+03    -.75136E+01         .000      .030
   7.740    -.56794E+01    -.25585E+01    -.10064E+04    -.22661E+03    -.68059E+01         .000      .030
   7.750    -.57429E+01    -.25707E+01    -.56099E+03    -.24998E+03    -.58402E+01         .000      .030
   7.760    -.57954E+01    -.25760E+01    -.21510E+03    -.23034E+03    -.46141E+01         .000      .030
   7.770    -.58340E+01    -.25820E+01    -.17703E+03    -.18522E+03    -.30555E+01         .000      .030
   7.780    -.58555E+01    -.25885E+01    -.37548E+03    -.16043E+03    -.11941E+01         .000      .030
   7.790    -.58578E+01    -.25913E+01    -.65846E+03    -.15990E+03     .70572E+00         .000      .030
   7.800    -.58415E+01    -.25858E+01    -.96695E+03    -.15150E+03     .25661E+01         .000      .030
   7.810    -.58061E+01    -.25669E+01    -.11966E+04    -.13438E+03     .45348E+01         .000      .030
   7.820    -.57504E+01    -.25310E+01    -.11993E+04    -.11744E+03     .66154E+01         .000      .030
   7.830    -.56735E+01    -.24793E+01    -.10056E+04    -.98904E+02     .87896E+01         .000      .029
   7.840    -.55741E+01    -.24159E+01    -.72180E+03    -.85985E+02     .11111E+02         .000      .029
   7.850    -.54506E+01    -.23453E+01    -.46202E+03    -.80016E+02     .13625E+02         .000      .029
   7.860    -.53011E+01    -.22701E+01    -.29811E+03    -.83297E+02     .16317E+02         .000      .029
   7.870    -.51243E+01    -.21894E+01    -.20968E+03    -.10044E+03     .18986E+02         .000      .029
   7.880    -.49223E+01    -.21016E+01    -.57265E+02    -.12788E+03     .21389E+02         .000      .029
   7.890    -.46966E+01    -.20103E+01    -.47293E+01    -.95566E+02     .23798E+02         .000      .029
   7.900    -.44448E+01    -.19154E+01    -.16171E+03    -.46965E+02     .26615E+02         .000      .029
   7.910    -.41640E+01    -.18117E+01    -.26500E+03    -.43023E+02     .29512E+02         .000      .029
   7.920    -.38557E+01    -.16970E+01    -.23737E+03    -.65703E+02     .32097E+02         .000      .029
   7.930    -.35243E+01    -.15725E+01    -.14216E+03    -.85478E+02     .34039E+02         .000      .029
   7.940    -.31780E+01    -.14397E+01    -.34409E+00    -.94955E+02     .35042E+02         .000      .029
   7.950    -.28301E+01    -.12998E+01     .21780E+03    -.10408E+03     .34029E+02         .000      .029
   7.960    -.25060E+01    -.11549E+01     .39170E+03    -.11218E+03     .30480E+02         .000      .029
   7.970    -.22257E+01    -.10052E+01     .73074E+03    -.16330E+03     .25388E+02         .000      .029
   7.980    -.20026E+01    -.85731E+00     .11780E+04    -.18960E+03     .19005E+02         .000      .029
   7.990    -.18498E+01    -.72163E+00     .15025E+04    -.16377E+03     .11368E+02         .000      .029
   8.000    -.17784E+01    -.60667E+00     .16081E+04    -.90830E+02     .27801E+01         .000      .029
   8.010    -.17945E+01    -.51975E+00     .15956E+04    -.48283E+02    -.59701E+01         .000      .029
   8.020    -.18978E+01    -.47727E+00     .14593E+04     .65947E+02    -.14522E+02         .000      .029
   8.030    -.20802E+01    -.48123E+00     .50200E+03     .26811E+03    -.21764E+02         .000      .029
   8.040    -.23311E+01    -.50435E+00    -.39394E+03     .35395E+03    -.28416E+02         .000      .030
   8.050    -.26487E+01    -.53080E+00    -.71106E+03     .36426E+03    -.35083E+02         .000      .030
   8.060    -.30331E+01    -.56581E+00    -.72001E+03     .41549E+03    -.41690E+02         .000      .030
   8.070    -.34759E+01    -.62069E+00    -.75323E+03     .55197E+03    -.46453E+02         .000      .030
   8.080    -.39525E+01    -.69609E+00    -.10394E+04     .68392E+03    -.48355E+02         .000      .030
   8.090    -.44364E+01    -.78273E+00    -.13089E+04     .73301E+03    -.48316E+02         .000      .030
   8.100    -.49187E+01    -.87419E+00    -.12771E+04     .66271E+03    -.48250E+02         .000      .030
   8.110    -.54010E+01    -.96653E+00    -.38011E+04     .13730E+04    -.47022E+02         .000      .030
   8.120    -.58279E+01    -.73325E+00    -.66093E+04     .17868E+03    -.40739E+02         .000      .030
   8.130    -.62686E+01    -.15606E+00    -.33543E+03     .21346E+03    -.47688E+02         .000      .099
