


 TIME HISTORY FOR STORY NO.  5



    TIME   DISPLACEMENT    STORY DRIFT    STORY SHEAR   ACCELERATION     VELOCITY          DAMAGE    DAMAGE
                                                                                          BEAM-SLAB  COL-WALL

    .000     .00000E+00     .00000E+00     .00000E+00     .00000E+00     .00000E+00         .000      .000
    .010    -.36002E-05    -.18963E-09    -.72934E-03     .54806E-03    -.68624E-03         .000      .000
    .020    -.13915E-04     .14014E-06    -.44926E-02     .34827E-03    -.14514E-02         .000      .000
    .030    -.32921E-04     .99777E-06     .19127E-01    -.79363E-02    -.23057E-02         .000      .000
    .040    -.60510E-04     .24594E-05     .87212E-01    -.18710E-01    -.32992E-02         .000      .000
    .050    -.98854E-04     .31907E-05     .16439E+00    -.17982E-01    -.42739E-02         .000      .000
    .060    -.14486E-03     .17890E-05     .22123E+00    -.63381E-02    -.49141E-02         .000      .000
    .070    -.19609E-03    -.26875E-05     .27396E+00     .43007E-02    -.52442E-02         .000      .000
    .080    -.24932E-03    -.11537E-04     .30862E+00     .12936E-01    -.54472E-02         .000      .000
    .090    -.30537E-03    -.25763E-04     .30101E+00     .19097E-01    -.57514E-02         .000      .000
    .100    -.36630E-03    -.45279E-04     .25213E+00     .18748E-01    -.66426E-02         .000      .000
    .110    -.44038E-03    -.68958E-04     .18881E+00     .90977E-02    -.81786E-02         .000      .000
    .120    -.53005E-03    -.95209E-04     .14115E+00    -.85245E-02    -.97699E-02         .000      .000
    .130    -.63451E-03    -.12283E-03     .15118E+00    -.27518E-01    -.10976E-01         .000      .000
    .140    -.74870E-03    -.15271E-03     .18737E+00    -.24589E-01    -.11915E-01         .000      .000
    .150    -.87035E-03    -.18698E-03     .17039E+00     .10655E-01    -.12120E-01         .000      .000
    .160    -.98664E-03    -.22661E-03     .79341E-01     .52626E-01    -.11005E-01         .000      .000
    .170    -.10884E-02    -.27118E-03    -.31144E-01     .71564E-01    -.92742E-02         .000      .000
    .180    -.11716E-02    -.32068E-03    -.19586E+00     .76292E-01    -.73811E-02         .000      .000
    .190    -.12352E-02    -.37345E-03    -.44947E+00     .71415E-01    -.52537E-02         .000      .000
    .200    -.12732E-02    -.42520E-03    -.72305E+00     .49758E-01    -.20992E-02         .000      .000
    .210    -.12721E-02    -.47172E-03    -.95804E+00     .25019E-01     .25881E-02         .000      .000
    .220    -.12192E-02    -.51098E-03    -.12000E+01     .31546E-01     .79856E-02         .000      .000
    .230    -.11144E-02    -.54170E-03    -.15532E+01     .83817E-01     .12777E-01         .000      .000
    .240    -.97277E-03    -.55952E-03    -.20138E+01     .13803E+00     .14801E-01         .000      .000
    .250    -.82520E-03    -.55579E-03    -.23987E+01     .12491E+00     .14765E-01         .000      .000
    .260    -.68336E-03    -.52102E-03    -.24622E+01     .16361E-01     .12969E-01         .000      .000
    .270    -.57861E-03    -.45155E-03    -.20845E+01    -.11628E+00     .73850E-02         .000      .000
    .280    -.54199E-03    -.35288E-03    -.15024E+01    -.15359E+00    -.73843E-04         .000      .000
    .290    -.57954E-03    -.23165E-03    -.77363E+00    -.11769E+00    -.74003E-02         .000      .000
    .300    -.68435E-03    -.96940E-04     .25875E+00    -.77193E-01    -.13043E-01         .000      .000
    .310    -.82848E-03     .33407E-04     .14351E+01    -.25910E-01    -.15106E-01         .000      .000
    .320    -.98040E-03     .13801E-03     .24652E+01     .43605E-01    -.15354E-01         .000      .000
    .330    -.11434E-02     .19846E-03     .30937E+01     .12535E+00    -.17953E-01         .000      .000
    .340    -.13484E-02     .20619E-03     .32035E+01     .16552E+00    -.23270E-01         .000      .000
    .350    -.16149E-02     .16696E-03     .31289E+01     .60400E-01    -.30434E-01         .000      .000
    .360    -.19764E-02     .89359E-04     .32634E+01    -.15088E+00    -.43306E-01         .000      .000
    .370    -.24891E-02    -.27225E-04     .33968E+01    -.26400E+00    -.58533E-01         .000      .000
    .380    -.31212E-02    -.18344E-03     .33514E+01    -.23327E+00    -.66071E-01         .000      .000
    .390    -.37724E-02    -.37927E-03     .34470E+01    -.14015E+00    -.62187E-01         .000      .000
    .400    -.43285E-02    -.63099E-03     .32765E+01     .10671E+00    -.47313E-01         .000      .000
    .410    -.46896E-02    -.95691E-03     .19372E+01     .51760E+00    -.23801E-01         .000      .000
    .420    -.47976E-02    -.13486E-02    -.65063E+00     .83416E+00     .16670E-02         .000      .000
    .430    -.46811E-02    -.17689E-02    -.38974E+01     .82279E+00     .19664E-01         .000      .000
    .440    -.44632E-02    -.21627E-02    -.71657E+01     .47568E+00     .20046E-01         .000      .000
    .450    -.43431E-02    -.24662E-02    -.97473E+01    -.56198E-01     .16201E-02         .000      .000
    .460    -.44803E-02    -.26212E-02    -.10836E+02    -.57946E+00    -.31577E-01         .000      .000
    .470    -.50280E-02    -.25986E-02    -.98346E+01    -.87300E+00    -.80652E-01         .000      .000
    .480    -.61084E-02    -.24156E-02    -.70816E+01    -.74078E+00    -.13420E+00         .000      .000
    .490    -.76645E-02    -.21206E-02    -.29367E+01    -.36063E+00    -.17363E+00         .000      .000
    .500    -.95160E-02    -.17888E-02     .26172E+01    -.14236E-01    -.19362E+00         .000      .000
    .510    -.11487E-01    -.15340E-02     .81905E+01     .40237E+00    -.19870E+00         .000      .000
    .520    -.13412E-01    -.14689E-02     .11771E+02     .90930E+00    -.18049E+00         .000      .000
    .530    -.14967E-01    -.16526E-02     .13104E+02     .11129E+01    -.12342E+00         .000      .000
    .540    -.15753E-01    -.21069E-02     .12754E+02     .93067E+00    -.28158E-01         .000      .000
    .550    -.15428E-01    -.28518E-02     .92902E+01     .97996E+00     .98077E-01         .000      .000
    .560    -.13722E-01    -.38653E-02     .79054E+00     .15775E+01     .24517E+00         .000      .000
    .570    -.10498E-01    -.50289E-02    -.12220E+02     .22230E+01     .39977E+00         .000      .000
    .580    -.57792E-02    -.61415E-02    -.27511E+02     .22974E+01     .53844E+00         .000      .000
    .590     .13669E-03    -.69588E-02    -.42770E+02     .16515E+01     .63706E+00         .000      .000
    .600     .68337E-02    -.72217E-02    -.55895E+02     .51195E+00     .69734E+00         .000      .000
    .610     .13972E-01    -.66855E-02    -.64115E+02    -.84868E+00     .72441E+00         .000      .000
    .620     .21222E-01    -.51907E-02    -.65493E+02    -.18554E+01     .72181E+00         .000      .000
    .630     .28323E-01    -.27081E-02    -.60575E+02    -.19360E+01     .69374E+00         .000      .000
    .640     .35022E-01     .69306E-03    -.50097E+02    -.13388E+01     .64310E+00         .000      .000
    .650     .41113E-01     .48707E-02    -.34117E+02    -.84801E+00     .57051E+00         .000      .000
    .660     .46301E-01     .96148E-02    -.12832E+02    -.10487E+01     .45843E+00         .000      .000
    .670     .50071E-01     .14654E-01     .12459E+02    -.18895E+01     .28350E+00         .000      .000
    .680     .51767E-01     .19689E-01     .40209E+02    -.30987E+01     .47488E-01         .000      .000
    .690     .50920E-01     .24422E-01     .70318E+02    -.45631E+01    -.21890E+00         .000      .000
    .700     .47384E-01     .28509E-01     .10263E+03    -.58016E+01    -.48634E+00         .000      .000
    .710     .41291E-01     .31506E-01     .13348E+03    -.57292E+01    -.72383E+00         .000      .000
    .720     .33186E-01     .32937E-01     .15701E+03    -.39043E+01    -.87816E+00         .000      .000
    .730     .24152E-01     .32408E-01     .16945E+03    -.12654E+01    -.90584E+00         .000      .000
    .740     .15420E-01     .29658E-01     .16838E+03     .11962E+01    -.82851E+00         .000      .000
    .750     .77426E-02     .24590E-01     .14978E+03     .33046E+01    -.70313E+00         .000      .000
    .760     .14257E-02     .17420E-01     .11216E+03     .44553E+01    -.55762E+00         .000      .000
    .770    -.34124E-02     .87366E-02     .61910E+02     .34453E+01    -.41318E+00         .000      .000
    .780    -.69546E-02    -.66376E-03     .77798E+01     .76036E+00    -.30307E+00         .000      .000
    .790    -.95929E-02    -.99894E-02    -.46346E+02    -.12771E+01    -.22785E+00         .000      .000
    .800    -.11479E-01    -.18484E-01    -.97580E+02    -.13581E+01    -.14279E+00         .000      .000
    .810    -.12309E-01    -.25468E-01    -.14046E+03     .35583E-01    -.16120E-01         .000      .000
    .820    -.11671E-01    -.30462E-01    -.17180E+03     .22575E+01     .14960E+00         .000      .000
    .830    -.92000E-02    -.33203E-01    -.19269E+03     .46654E+01     .34997E+00         .000      .000
    .840    -.46303E-02    -.33530E-01    -.20295E+03     .58701E+01     .56204E+00         .000      .000
    .850     .19396E-02    -.31350E-01    -.20030E+03     .49468E+01     .74375E+00         .000      .000
    .860     .99657E-02    -.26695E-01    -.18410E+03     .24361E+01     .84223E+00         .000      .000
    .870     .18386E-01    -.19721E-01    -.15474E+03    -.53242E+00     .82186E+00         .000      .000
    .880     .26038E-01    -.10720E-01    -.11213E+03    -.31705E+01     .69244E+00         .000      .000
    .890     .31897E-01    -.15457E-03    -.55831E+02    -.51616E+01     .46199E+00         .000      .000
    .900     .35010E-01     .11270E-01     .11448E+02    -.59704E+01     .15128E+00         .000      .000
    .910     .34820E-01     .22645E-01     .83357E+02    -.54508E+01    -.19047E+00         .000      .000
    .920     .31194E-01     .32993E-01     .15450E+03    -.44760E+01    -.53453E+00         .000      .000
    .930     .24218E-01     .41328E-01     .21913E+03    -.36193E+01    -.85210E+00         .000      .000
    .940     .14435E-01     .46747E-01     .27016E+03    -.29825E+01    -.10849E+01         .000      .000
    .950     .30413E-02     .48554E-01     .30267E+03    -.26395E+01    -.11614E+01         .000      .000
    .960    -.81160E-02     .46274E-01     .31191E+03    -.18169E+01    -.10345E+01         .000      .000
    .970    -.17196E-01     .39683E-01     .29074E+03     .82424E+00    -.77150E+00         .000      .000
    .980    -.23534E-01     .28956E-01     .23284E+03     .54088E+01    -.50510E+00         .000      .000
    .990    -.27474E-01     .14903E-01     .14120E+03     .90211E+01    -.29300E+00         .000      .000
   1.000    -.29689E-01    -.10048E-02     .34657E+02     .73576E+01    -.17044E+00         .000      .000
   1.010    -.31203E-01    -.17063E-01    -.65792E+02     .76511E+00    -.14242E+00         .000      .000
   1.020    -.32583E-01    -.31794E-01    -.15248E+03    -.52726E+01    -.12611E+00         .000      .000
   1.030    -.33531E-01    -.44034E-01    -.22347E+03    -.62890E+01    -.50677E-01         .000      .000
   1.040    -.33303E-01    -.52985E-01    -.27762E+03    -.14177E+01     .11237E+00         .000      .000
   1.050    -.30992E-01    -.58197E-01    -.31577E+03     .65386E+01     .36127E+00         .000      .000
   1.060    -.25896E-01    -.59420E-01    -.33535E+03     .12303E+02     .66278E+00         .000      .000
   1.070    -.17754E-01    -.56560E-01    -.33195E+03     .12278E+02     .95823E+00         .000      .000
   1.080    -.69853E-02    -.49716E-01    -.30470E+03     .70853E+01     .11786E+01         .000      .000
   1.090     .55230E-02    -.39196E-01    -.25637E+03     .16992E+00     .13118E+01         .000      .000
   1.100     .19101E-01    -.25504E-01    -.18966E+03    -.52212E+01     .14007E+01         .000      .000
   1.110     .33475E-01    -.94202E-02    -.10756E+03    -.71889E+01     .14714E+01         .000      .000
   1.120     .48536E-01     .79404E-02    -.18521E+02    -.50748E+01     .15440E+01         .000      .000
   1.130     .64428E-01     .25299E-01     .66403E+02    -.62758E+00     .16373E+01         .000      .000
   1.140     .81317E-01     .41483E-01     .14095E+03     .25020E+01     .17396E+01         .000      .000
   1.150     .98973E-01     .55543E-01     .20161E+03     .20467E+01     .17674E+01         .000      .000
   1.160     .11602E+00     .66819E-01     .24450E+03    -.15159E+01     .16040E+01         .000      .000
   1.170     .13026E+00     .75041E-01     .26869E+03    -.67164E+01     .12047E+01         .000      .000
   1.180     .13927E+00     .80324E-01     .28162E+03    -.12680E+02     .55036E+00         .000      .000
   1.190     .14064E+00     .82904E-01     .29237E+03    -.17656E+02    -.29195E+00         .000      .000
   1.200     .13330E+00     .82868E-01     .30361E+03    -.19387E+02    -.11720E+01         .000      .000
   1.210     .11730E+00     .80088E-01     .31455E+03    -.16935E+02    -.20234E+01         .000      .000
   1.220     .93034E-01     .74202E-01     .31767E+03    -.10246E+02    -.28142E+01         .000      .000
   1.230     .61494E-01     .64885E-01     .30474E+03    -.22136E+01    -.34620E+01         .000      .000
   1.240     .24393E-01     .52129E-01     .27940E+03     .20667E+01    -.39316E+01         .000      .000
   1.250    -.16540E-01     .36105E-01     .24611E+03     .16960E+01    -.42213E+01         .000      .000
   1.260    -.59322E-01     .17036E-01     .19907E+03     .43509E+00    -.42966E+01         .000      .000
   1.270    -.10169E+00    -.46451E-02     .13353E+03     .13351E+01    -.41357E+01         .000      .000
   1.280    -.14131E+00    -.28262E-01     .49532E+02     .53331E+01    -.37556E+01         .000      .000
   1.290    -.17626E+00    -.52946E-01    -.51720E+02     .11491E+02    -.32134E+01         .000      .000
   1.300    -.20522E+00    -.77580E-01    -.16550E+03     .17068E+02    -.25673E+01         .000      .000
   1.310    -.22743E+00    -.10080E+00    -.28163E+03     .19159E+02    -.18697E+01         .000      .000
   1.320    -.24264E+00    -.12113E+00    -.38812E+03     .17136E+02    -.11769E+01         .000      .000
   1.330    -.25103E+00    -.13718E+00    -.47621E+03     .13152E+02    -.50213E+00         .000      .000
   1.340    -.25276E+00    -.14779E+00    -.53978E+03     .99414E+01     .14855E+00         .000      .000
   1.350    -.24810E+00    -.15217E+00    -.57408E+03     .91287E+01     .78740E+00         .000      .000
   1.360    -.23691E+00    -.14997E+00    -.57768E+03     .10634E+02     .14571E+01         .000      .000
   1.370    -.21893E+00    -.14129E+00    -.55017E+03     .12691E+02     .21347E+01         .000      .000
   1.380    -.19443E+00    -.12668E+00    -.49535E+03     .13948E+02     .27460E+01         .000      .000
   1.390    -.16476E+00    -.10695E+00    -.42014E+03     .13361E+02     .31311E+01         .000      .000
   1.400    -.13323E+00    -.82985E-01    -.32704E+03     .95751E+01     .30896E+01         .000      .000
   1.410    -.10440E+00    -.55669E-01    -.21295E+03     .16291E+01     .26202E+01         .000      .000
   1.420    -.81629E-01    -.25954E-01    -.68175E+02    -.10436E+02     .19119E+01         .000      .000
   1.430    -.66395E-01     .46709E-02     .11094E+03    -.21924E+02     .11357E+01         .000      .000
   1.440    -.58754E-01     .33804E-01     .30046E+03    -.23753E+02     .41047E+00         .000      .000
   1.450    -.57546E-01     .58602E-01     .46264E+03    -.12881E+02    -.12426E+00         .000      .000
   1.460    -.60302E-01     .76641E-01     .57771E+03     .24012E+01    -.38221E+00         .000      .000
   1.470    -.64232E-01     .86244E-01     .64332E+03     .11562E+02    -.35568E+00         .000      .000
   1.480    -.66672E-01     .86468E-01     .65460E+03     .11423E+02    -.10616E+00         .000      .000
   1.490    -.66037E-01     .77237E-01     .60370E+03     .58017E+01     .24069E+00         .000      .000
   1.500    -.61880E-01     .59505E-01     .48796E+03     .48011E+00     .58275E+00         .000      .000
   1.510    -.54581E-01     .35266E-01     .31868E+03    -.19528E+01     .86526E+00         .000      .000
   1.520    -.44781E-01     .72471E-02     .11977E+03    -.21432E+01     .10856E+01         .000      .000
   1.530    -.33140E-01    -.21604E-01    -.84166E+02    -.10039E+01     .12249E+01         .000      .000
   1.540    -.20628E-01    -.48507E-01    -.27589E+03     .13994E+01     .12607E+01         .000      .000
   1.550    -.80511E-02    -.70966E-01    -.44210E+03     .40771E+01     .12582E+01         .000      .000
   1.560     .44625E-02    -.86817E-01    -.56542E+03     .45512E+01     .12332E+01         .000      .000
   1.570     .16179E-01    -.94532E-01    -.63199E+03     .27038E+01     .10791E+01         .000      .000
   1.580     .25501E-01    -.93422E-01    -.64184E+03     .91113E+00     .76289E+00         .000      .000
   1.590     .31055E-01    -.83448E-01    -.59390E+03    -.12688E+01     .33162E+00         .000      .000
   1.600     .31847E-01    -.65269E-01    -.48175E+03    -.51675E+01    -.18522E+00         .000      .000
   1.610     .27314E-01    -.40543E-01    -.31339E+03    -.84162E+01    -.71190E+00         .000      .000
   1.620     .18050E-01    -.11802E-01    -.11082E+03    -.83814E+01    -.11063E+01         .000      .000
   1.630     .58426E-02     .17952E-01     .10382E+03    -.52508E+01    -.13050E+01         .000      .000
   1.640    -.74228E-02     .45515E-01     .30590E+03    -.44182E-02    -.13160E+01         .000      .000
   1.650    -.19790E-01     .67915E-01     .46945E+03     .53455E+01    -.11221E+01         .000      .000
   1.660    -.29355E-01     .82923E-01     .58041E+03     .73252E+01    -.77633E+00         .000      .000
   1.670    -.35158E-01     .89182E-01     .63213E+03     .53845E+01    -.38229E+00         .000      .000
   1.680    -.37172E-01     .86235E-01     .61751E+03     .21721E+01    -.38490E-01         .000      .000
   1.690    -.36328E-01     .74668E-01     .53918E+03    -.62023E+00     .18579E+00         .000      .000
   1.700    -.33920E-01     .56004E-01     .41126E+03    -.27026E+01     .27093E+00         .000      .000
   1.710    -.31423E-01     .32374E-01     .25276E+03    -.39922E+01     .20223E+00         .000      .000
   1.720    -.30262E-01     .61666E-02     .81306E+02    -.39584E+01     .17923E-01         .000      .000
   1.730    -.31243E-01    -.20203E-01    -.87198E+02    -.26399E+01    -.22016E+00         .000      .000
   1.740    -.34734E-01    -.44491E-01    -.23705E+03    -.73729E+00    -.47886E+00         .000      .000
   1.750    -.40630E-01    -.64836E-01    -.35719E+03     .14060E+01    -.68071E+00         .000      .000
   1.760    -.47898E-01    -.79853E-01    -.43982E+03     .31045E+01    -.74826E+00         .000      .000
   1.770    -.55137E-01    -.88723E-01    -.47996E+03     .42414E+01    -.67823E+00         .000      .000
   1.780    -.61097E-01    -.91286E-01    -.48213E+03     .60957E+01    -.49802E+00         .000      .000
   1.790    -.64829E-01    -.87858E-01    -.45404E+03     .84869E+01    -.23778E+00         .000      .000
   1.800    -.65724E-01    -.79026E-01    -.39827E+03     .93333E+01     .60034E-01         .000      .000
   1.810    -.63594E-01    -.65654E-01    -.31696E+03     .75803E+01     .36823E+00         .000      .000
   1.820    -.58244E-01    -.48892E-01    -.21678E+03     .42193E+01     .71168E+00         .000      .000
   1.830    -.49275E-01    -.30102E-01    -.10701E+03     .11609E+01     .10813E+01         .000      .000
   1.840    -.36681E-01    -.10777E-01    -.11098E+00     .45094E+00     .14328E+01         .000      .000
   1.850    -.20700E-01     .76597E-02     .90758E+02     .21796E+01     .17593E+01         .000      .000
   1.860    -.16341E-02     .24124E-01     .16149E+03     .33736E+01     .20430E+01         .000      .000
   1.870     .20075E-01     .37877E-01     .21354E+03     .18324E+01     .23015E+01         .000      .000
   1.880     .44332E-01     .48439E-01     .24526E+03    -.16362E+01     .25416E+01         .000      .000
   1.890     .70670E-01     .55595E-01     .25339E+03    -.45697E+01     .27115E+01         .000      .000
   1.900     .98139E-01     .59442E-01     .23423E+03    -.49889E+01     .27550E+01         .000      .000
   1.910     .12517E+00     .60516E-01     .19187E+03    -.42033E+01     .26165E+01         .000      .000
   1.920     .14974E+00     .59732E-01     .13994E+03    -.51396E+01     .22584E+01         .000      .000
   1.930     .16965E+00     .58120E-01     .93042E+02    -.88568E+01     .16946E+01         .000      .000
   1.940     .18320E+00     .56566E-01     .60879E+02    -.13731E+02     .10027E+01         .000      .000
   1.950     .18959E+00     .55638E-01     .47840E+02    -.16898E+02     .27831E+00         .000      .000
   1.960     .18901E+00     .55475E-01     .52009E+02    -.15969E+02    -.37444E+00         .000      .000
   1.970     .18253E+00     .55833E-01     .67607E+02    -.10970E+02    -.90029E+00         .000      .000
   1.980     .17144E+00     .56223E-01     .88585E+02    -.43350E+01    -.12943E+01         .000      .000
   1.990     .15709E+00     .56089E-01     .10952E+03     .68917E+00    -.15556E+01         .000      .000
   2.000     .14069E+00     .54971E-01     .12819E+03     .16985E+01    -.17101E+01         .000      .000
   2.010     .12318E+00     .52532E-01     .14284E+03    -.76826E+00    -.17746E+01         .000      .000
   2.020     .10561E+00     .48540E-01     .14917E+03    -.38450E+01    -.17137E+01         .000      .000
   2.030     .89341E-01     .42896E-01     .14379E+03    -.49087E+01    -.15225E+01         .000      .000
   2.040     .75401E-01     .35595E-01     .12302E+03    -.23866E+01    -.12596E+01         .000      .000
   2.050     .64290E-01     .26788E-01     .82568E+02     .29637E+01    -.95547E+00         .000      .000
   2.060     .56091E-01     .16971E-01     .26739E+02     .71504E+01    -.71314E+00         .000      .000
   2.070     .49668E-01     .69417E-02    -.33191E+02     .69714E+01    -.57885E+00         .000      .000
   2.080     .44435E-01    -.23774E-02    -.87777E+02     .23837E+01    -.46791E+00         .000      .000
   2.090     .40146E-01    -.10101E-01    -.12615E+03    -.41972E+01    -.40434E+00         .000      .000
   2.100     .36127E-01    -.15735E-01    -.14949E+03    -.69239E+01    -.40507E+00         .000      .000
   2.110     .32055E-01    -.19087E-01    -.16650E+03    -.34294E+01    -.40331E+00         .000      .000
   2.120     .28240E-01    -.19982E-01    -.17164E+03     .16296E+01    -.34985E+00         .000      .000
   2.130     .25256E-01    -.18462E-01    -.15741E+03     .42424E+01    -.23778E+00         .000      .000
   2.140     .23652E-01    -.14934E-01    -.12896E+03     .45094E+01    -.74886E-01         .000      .000
   2.150     .23905E-01    -.99485E-02    -.95055E+02     .35900E+01     .13241E+00         .000      .000
   2.160     .26484E-01    -.39996E-02    -.60134E+02     .21033E+01     .39490E+00         .000      .000
   2.170     .31769E-01     .24785E-02    -.26003E+02     .58419E+00     .64748E+00         .000      .000
   2.180     .39034E-01     .90670E-02     .41111E+01    -.14837E-01     .78053E+00         .000      .000
   2.190     .47299E-01     .15441E-01     .26553E+02     .84498E-01     .88873E+00         .000      .000
   2.200     .57185E-01     .21499E-01     .47897E+02    -.17378E+01     .11090E+01         .000      .000
   2.210     .69823E-01     .27050E-01     .73704E+02    -.45726E+01     .14340E+01         .000      .000
   2.220     .86200E-01     .31576E-01     .87496E+02    -.30201E+01     .18610E+01         .000      .000
   2.230     .10728E+00     .34758E-01     .74233E+02     .28648E+01     .23587E+01         .000      .000
   2.240     .13334E+00     .36860E-01     .40479E+02     .71679E+01     .28455E+01         .000      .000
   2.250     .16391E+00     .38527E-01    -.16896E+01     .59550E+01     .32456E+01         .000      .000
   2.260     .19770E+00     .40587E-01    -.42918E+02    -.38034E+00     .34805E+01         .000      .000
   2.270     .23288E+00     .43904E-01    -.76518E+02    -.81941E+01     .35254E+01         .000      .000
   2.280     .26772E+00     .49244E-01    -.97647E+02    -.13713E+02     .34232E+01         .000      .000
   2.290     .30109E+00     .57149E-01    -.10023E+03    -.15557E+02     .32455E+01         .000      .000
   2.300     .33260E+00     .67755E-01    -.81010E+02    -.14068E+02     .30587E+01         .000      .000
   2.310     .36235E+00     .80739E-01    -.43066E+02    -.10528E+02     .28984E+01         .000      .000
   2.320     .39064E+00     .95461E-01     .71673E+01    -.70446E+01     .27602E+01         .000      .000
   2.330     .41750E+00     .11117E+00     .64244E+02    -.58656E+01     .26033E+01         .000      .000
   2.340     .44243E+00     .12716E+00     .12516E+03    -.81301E+01     .23635E+01         .000      .000
   2.350     .46426E+00     .14279E+00     .18844E+03    -.13117E+02     .19725E+01         .000      .000
   2.360     .48115E+00     .15747E+00     .25287E+03    -.18715E+02     .13623E+01         .000      .000
   2.370     .49072E+00     .17064E+00     .31733E+03    -.22853E+02     .51491E+00         .000      .000
   2.380     .49092E+00     .18170E+00     .38198E+03    -.24915E+02    -.48896E+00         .000      .000
   2.390     .48075E+00     .18997E+00     .44844E+03    -.25441E+02    -.15497E+01         .000      .000
   2.400     .46003E+00     .19457E+00     .51290E+03    -.24019E+02    -.25799E+01         .000      .000
   2.410     .42964E+00     .19446E+00     .56343E+03    -.19915E+02    -.34617E+01         .000      .000
   2.420     .39168E+00     .18874E+00     .58975E+03    -.14388E+02    -.40785E+01         .000      .000
   2.430     .34897E+00     .17679E+00     .58607E+03    -.91880E+01    -.44274E+01         .000      .000
   2.440     .30388E+00     .15839E+00     .54467E+03    -.43887E+01    -.45524E+01         .000      .000
   2.450     .25869E+00     .13386E+00     .46013E+03    -.36094E+00    -.44478E+01         .000      .000
   2.460     .21554E+00     .10426E+00     .33982E+03     .12857E+01    -.41611E+01         .000      .000
   2.470     .17580E+00     .71152E-01     .19422E+03     .13713E+01    -.37733E+01         .000      .000
   2.480     .14034E+00     .36384E-01     .29310E+02     .22209E+01    -.33047E+01         .000      .000
   2.490     .10988E+00     .21017E-02    -.14288E+03     .38790E+01    -.27839E+01         .000      .000
   2.500     .84690E-01    -.29470E-01    -.30579E+03     .56083E+01    -.22540E+01         .000      .000
   2.510     .64731E-01    -.56315E-01    -.44749E+03     .72856E+01    -.17458E+01         .000      .000
   2.520     .49669E-01    -.76712E-01    -.55676E+03     .81075E+01    -.12691E+01         .000      .000
   2.530     .39454E-01    -.89364E-01    -.62292E+03     .73959E+01    -.76101E+00         .000      .000
   2.540     .34747E-01    -.93581E-01    -.63951E+03     .55798E+01    -.16329E+00         .000      .000
   2.550     .36346E-01    -.89420E-01    -.60898E+03     .47342E+01     .48249E+00         .000      .000
   2.560     .44161E-01    -.77635E-01    -.54399E+03     .67608E+01     .10578E+01         .000      .000
   2.570     .57173E-01    -.59313E-01    -.45536E+03     .95884E+01     .15332E+01         .000      .000
   2.580     .74299E-01    -.35588E-01    -.34074E+03     .79873E+01     .18495E+01         .000      .000
   2.590     .93256E-01    -.78272E-02    -.19656E+03     .81572E+00     .18951E+01         .000      .000
   2.600     .11151E+00     .22197E-01    -.34950E+02    -.74367E+01     .17343E+01         .000      .000
   2.610     .12754E+00     .52581E-01     .13273E+03    -.13772E+02     .14549E+01         .000      .000
   2.620     .14050E+00     .81311E-01     .29873E+03    -.16376E+02     .11453E+01         .000      .000
   2.630     .15080E+00     .10621E+00     .44524E+03    -.13717E+02     .94024E+00         .000      .000
   2.640     .15992E+00     .12527E+00     .55597E+03    -.78319E+01     .91680E+00         .000      .000
   2.650     .16994E+00     .13696E+00     .61929E+03    -.19069E+01     .11323E+01         .000      .000
   2.660     .18329E+00     .14039E+00     .62525E+03     .18693E+01     .15646E+01         .000      .000
   2.670     .20150E+00     .13558E+00     .57015E+03     .27262E+01     .20775E+01         .000      .000
   2.680     .22465E+00     .12350E+00     .45608E+03     .14086E+01     .25330E+01         .000      .000
   2.690     .25164E+00     .10610E+00     .29676E+03    -.20592E+01     .28334E+01         .000      .000
   2.700     .28064E+00     .86098E-01     .11794E+03    -.76724E+01     .29323E+01         .000      .000
   2.710     .30968E+00     .66359E-01    -.55374E+02    -.13295E+02     .28518E+01         .000      .000
   2.720     .33749E+00     .49482E-01    -.20537E+03    -.16036E+02     .27154E+01         .000      .000
   2.730     .36439E+00     .37523E-01    -.31959E+03    -.14698E+02     .26971E+01         .000      .000
   2.740     .39218E+00     .31805E-01    -.39174E+03    -.97923E+01     .29017E+01         .000      .000
   2.750     .42322E+00     .32869E-01    -.42556E+03    -.25866E+01     .33463E+01         .000      .000
   2.760     .45970E+00     .40714E-01    -.42929E+03     .40295E+01     .39685E+01         .000      .000
   2.770     .50289E+00     .55124E-01    -.40601E+03     .60492E+01     .46777E+01         .000      .000
   2.780     .55311E+00     .75777E-01    -.35412E+03     .14406E+01     .53429E+01         .000      .000
   2.790     .60920E+00     .10217E+00    -.27329E+03    -.78082E+01     .58447E+01         .000      .000
   2.800     .66940E+00     .13354E+00    -.16773E+03    -.17376E+02     .61684E+01         .000      .000
   2.810     .73191E+00     .16885E+00    -.40773E+02    -.24255E+02     .62979E+01         .000      .000
   2.820     .79448E+00     .20675E+00     .10196E+03    -.26841E+02     .61636E+01         .000      .000
   2.830     .85396E+00     .24554E+00     .24933E+03    -.25692E+02     .56599E+01         .000      .000
   2.840     .90619E+00     .28358E+00     .39552E+03    -.25034E+02     .47103E+01         .000      .000
   2.850     .94622E+00     .31941E+00     .54490E+03    -.29683E+02     .31786E+01         .000      .000
   2.860     .96739E+00     .35162E+00     .70261E+03    -.39951E+02     .93688E+00         .000      .000
   2.870     .96339E+00     .37874E+00     .86787E+03    -.52218E+02    -.17741E+01         .000      .000
   2.880     .93127E+00     .39922E+00     .10449E+04    -.63216E+02    -.46755E+01         .000      .000
   2.890     .86945E+00     .41089E+00     .12272E+04    -.66263E+02    -.77036E+01         .000      .000
   2.900     .77725E+00     .41088E+00     .13757E+04    -.54495E+02    -.10717E+02         .000      .000
   2.910     .65567E+00     .39672E+00     .14629E+04    -.34711E+02    -.13568E+02         .000      .000
   2.920     .50642E+00     .36687E+00     .14942E+04    -.20368E+02    -.16265E+02         .000      .000
   2.930     .33057E+00     .32044E+00     .14704E+04    -.15687E+02    -.18901E+02         .000      .000
   2.940     .12820E+00     .25731E+00     .13822E+04    -.16619E+02    -.21592E+02         .000      .000
   2.950    -.10157E+00     .17839E+00     .12309E+04    -.18093E+02    -.24373E+02         .000      .000
   2.960    -.35936E+00     .85494E-01     .10313E+04    -.16702E+02    -.27186E+02         .000      .000
   2.970    -.64517E+00    -.19133E-01     .80358E+03    -.10553E+02    -.29963E+02         .000      .000
   2.980    -.95815E+00    -.13329E+00     .56067E+03     .17988E+01    -.32595E+02         .000      .000
   2.990    -.12961E+01    -.25506E+00     .30336E+03     .20956E+02    -.34946E+02         .000      .000
   3.000    -.16556E+01    -.38247E+00     .28004E+02     .42701E+02    -.36848E+02         .000      .000
   3.010    -.20299E+01    -.51311E+00    -.23968E+03     .56290E+02    -.37785E+02         .000      .000
   3.020    -.24073E+01    -.64486E+00    -.47660E+03     .61228E+02    -.37525E+02         .000      .000
   3.030    -.27783E+01    -.77662E+00    -.70476E+03     .71529E+02    -.36641E+02         .000      .000
   3.040    -.31391E+01    -.90775E+00    -.97780E+03     .98146E+02    -.35449E+02         .000      .000
   3.050    -.34862E+01    -.10362E+01    -.12999E+04     .12685E+03    -.33935E+02         .000      .000
   3.060    -.38175E+01    -.11585E+01    -.16031E+04     .13513E+03    -.32339E+02         .000      .000
   3.070    -.41345E+01    -.12712E+01    -.18549E+04     .12482E+03    -.31193E+02         .000      .000
   3.080    -.44462E+01    -.13712E+01    -.20272E+04     .10276E+03    -.31517E+02         .000      .000
   3.090    -.47708E+01    -.14562E+01    -.20849E+04     .83445E+02    -.33626E+02         .000      .000
   3.100    -.51208E+01    -.15265E+01    -.20877E+04     .92043E+02    -.36350E+02         .000      .000
   3.110    -.54970E+01    -.15814E+01    -.20149E+04     .99861E+02    -.38864E+02         .000      .000
   3.120    -.58983E+01    -.16206E+01    -.16995E+04     .73389E+02    -.41426E+02         .000      .000
   3.130    -.63259E+01    -.16499E+01    -.12268E+04     .61696E+02    -.44081E+02         .000      .000
   3.140    -.67779E+01    -.16787E+01    -.84814E+03     .10276E+03    -.46146E+02         .000      .000
   3.150    -.72440E+01    -.17117E+01    -.58165E+03     .14466E+03    -.46782E+02         .000      .000
   3.160    -.77087E+01    -.17511E+01    -.31430E+03     .13892E+03    -.45955E+02         .000      .000
   3.170    -.81599E+01    -.17995E+01    -.39641E+02     .95904E+02    -.44171E+02         .000      .000
   3.180    -.85902E+01    -.18604E+01     .16452E+03     .59009E+02    -.41794E+02         .000      .000
   3.190    -.89946E+01    -.19361E+01     .21313E+03     .58089E+02    -.39058E+02         .000      .000
   3.200    -.93701E+01    -.20266E+01     .10763E+03     .82034E+02    -.35951E+02         .000      .000
   3.210    -.97120E+01    -.21302E+01    -.89998E+02     .10409E+03    -.32345E+02         .000      .000
   3.220    -.10015E+02    -.22447E+01    -.34733E+03     .11545E+03    -.28193E+02         .000      .000
   3.230    -.10273E+02    -.23678E+01    -.68508E+03     .12155E+03    -.23271E+02         .000      .000
   3.240    -.10477E+02    -.24962E+01    -.10860E+04     .12757E+03    -.17390E+02         .000      .000
   3.250    -.10618E+02    -.26269E+01    -.16441E+04     .16121E+03    -.10672E+02         .000      .000
   3.260    -.10689E+02    -.27519E+01    -.22662E+04     .17200E+03    -.35702E+01         .000      .000
   3.270    -.10691E+02    -.28621E+01    -.26785E+04     .12376E+03     .32799E+01         .000      .000
   3.280    -.10625E+02    -.29546E+01    -.30615E+04     .12830E+03     .97631E+01         .000      .000
   3.290    -.10495E+02    -.30249E+01    -.33569E+04     .14920E+03     .16374E+02         .000      .001
   3.300    -.10298E+02    -.30671E+01    -.37070E+04     .18682E+03     .23015E+02         .000      .002
   3.310    -.10035E+02    -.30710E+01    -.39372E+04     .15525E+03     .29365E+02         .000      .003
   3.320    -.97160E+01    -.30310E+01    -.38695E+04     .82270E+02     .34073E+02         .000      .003
   3.330    -.93630E+01    -.29509E+01    -.37339E+04     .62361E+02     .36010E+02         .000      .003
   3.340    -.90055E+01    -.28350E+01    -.36292E+04     .10929E+03     .35055E+02         .000      .003
   3.350    -.86677E+01    -.26821E+01    -.34137E+04     .12681E+03     .32321E+02         .000      .003
   3.360    -.83638E+01    -.24896E+01    -.27704E+04     .44369E+02     .28162E+02         .000      .003
   3.370    -.81115E+01    -.22634E+01    -.16275E+04    -.89061E+02     .21929E+02         .000      .003
   3.380    -.79287E+01    -.20196E+01    -.24433E+03    -.14999E+03     .14686E+02         .000      .003
   3.390    -.78110E+01    -.17781E+01     .58901E+03    -.16884E+02     .95568E+01         .000      .004
   3.400    -.77240E+01    -.15465E+01     .12892E+04     .45604E+02     .83274E+01         .000      .007
   3.410    -.76373E+01    -.13378E+01     .25039E+04     .13858E+02     .93184E+01         .000      .009
   3.420    -.75315E+01    -.11771E+01     .28880E+04     .69903E+02     .12198E+02         .000      .011
   3.430    -.73880E+01    -.10693E+01     .30522E+04     .60259E+02     .16560E+02         .000      .012
   3.440    -.72007E+01    -.10188E+01     .31591E+04     .41099E+02     .20864E+02         .000      .012
   3.450    -.69700E+01    -.10258E+01     .25786E+04     .72865E+02     .25312E+02         .000      .012
   3.460    -.66956E+01    -.10740E+01     .17920E+04     .36255E+02     .29433E+02         .000      .012
   3.470    -.63839E+01    -.11499E+01     .87791E+03    -.15773E+02     .32812E+02         .000      .012
   3.480    -.60410E+01    -.12395E+01    -.30087E+02    -.53436E+02     .35699E+02         .000      .012
   3.490    -.56726E+01    -.13308E+01    -.70455E+03    -.58781E+02     .37868E+02         .000      .012
   3.500    -.52864E+01    -.14109E+01    -.18587E+04     .19853E+02     .39129E+02         .000      .012
   3.510    -.48962E+01    -.14564E+01    -.26678E+04    -.26687E+02     .38451E+02         .000      .012
   3.520    -.45267E+01    -.14652E+01    -.27991E+04    -.54586E+02     .35129E+02         .000      .012
   3.530    -.41961E+01    -.14447E+01    -.30465E+04     .24161E+02     .30982E+02         .000      .012
   3.540    -.39046E+01    -.13910E+01    -.31778E+04     .10088E+03     .27540E+02         .000      .012
   3.550    -.36407E+01    -.13015E+01    -.30748E+04     .10316E+03     .25441E+02         .000      .012
   3.560    -.33916E+01    -.11772E+01    -.25515E+04     .18907E+02     .24640E+02         .000      .012
   3.570    -.31422E+01    -.10270E+01    -.18605E+04    -.42246E+02     .25589E+02         .000      .012
   3.580    -.28722E+01    -.86034E+00    -.11533E+04    -.51438E+02     .28821E+02         .000      .012
   3.590    -.25604E+01    -.68673E+00    -.46688E+03    -.14302E+02     .33655E+02         .000      .012
   3.600    -.21981E+01    -.51685E+00     .52203E+02     .56865E+02     .38787E+02         .000      .012
   3.610    -.17829E+01    -.35773E+00     .31569E+03     .10785E+03     .44416E+02         .000      .012
   3.620    -.13076E+01    -.21010E+00     .48794E+03     .70855E+02     .50670E+02         .000      .012
   3.630    -.77188E+00    -.73849E-01     .59442E+03    -.15978E+02     .56246E+02         .000      .012
   3.640    -.18720E+00     .52000E-01     .57619E+03    -.89590E+02     .60500E+02         .000      .012
   3.650     .43596E+00     .17028E+00     .38588E+03    -.10691E+03     .64111E+02         .000      .012
   3.660     .10955E+01     .28722E+00     .15184E+03    -.10405E+03     .67842E+02         .000      .012
   3.670     .17939E+01     .40777E+00     .29474E+02    -.10166E+03     .71917E+02         .000      .012
   3.680     .25352E+01     .53148E+00    -.71981E+02    -.69473E+02     .76432E+02         .000      .012
   3.690     .33248E+01     .65658E+00    -.33951E+03     .16487E+01     .81600E+02         .000      .012
   3.700     .41693E+01     .78669E+00    -.74209E+03     .44142E+02     .87347E+02         .000      .012
   3.710     .50708E+01     .93000E+00    -.99651E+03    -.11094E+02     .92819E+02         .000      .012
   3.720     .60213E+01     .10902E+01    -.10402E+04    -.99707E+02     .97037E+02         .000      .012
   3.730     .70058E+01     .12657E+01    -.11182E+04    -.11763E+03     .99548E+02         .000      .012
   3.740     .80074E+01     .14577E+01    -.12879E+04    -.73426E+02     .10058E+03         .000      .012
   3.750     .90137E+01     .16704E+01    -.13836E+04    -.37708E+02     .10048E+03         .000      .012
   3.760     .10012E+02     .19064E+01    -.12842E+04    -.48627E+02     .98981E+02         .000      .012
   3.770     .10987E+02     .21651E+01    -.95034E+03    -.10087E+03     .95590E+02         .000      .012
   3.780     .11919E+02     .24420E+01    -.48370E+03    -.13794E+03     .90623E+02         .000      .012
   3.790     .12798E+02     .27305E+01    -.53289E+02    -.12475E+03     .85309E+02         .000      .012
   3.800     .13626E+02     .30278E+01     .34176E+03    -.10756E+03     .80333E+02         .000      .012
   3.810     .14405E+02     .33328E+01     .87265E+03    -.14105E+03     .75505E+02         .000      .012
   3.820     .15136E+02     .36407E+01     .16515E+04    -.21760E+03     .70500E+02         .000      .012
   3.830     .15816E+02     .39396E+01     .23141E+04    -.20514E+03     .65613E+02         .000      .012
   3.840     .16452E+02     .42228E+01     .25632E+04    -.14822E+03     .61750E+02         .000      .012
   3.850     .17051E+02     .44935E+01     .31140E+04    -.21471E+03     .58016E+02         .000      .012
   3.860     .17610E+02     .47425E+01     .34148E+04    -.23234E+03     .53739E+02         .000      .012
   3.870     .18125E+02     .49653E+01     .37070E+04    -.25038E+03     .49135E+02         .000      .012
   3.880     .18591E+02     .51562E+01     .39286E+04    -.23357E+03     .44103E+02         .000      .013
   3.890     .19006E+02     .53114E+01     .39991E+04    -.19711E+03     .38919E+02         .000      .013
   3.900     .19369E+02     .54305E+01     .40004E+04    -.17847E+03     .33648E+02         .000      .014
   3.910     .19679E+02     .55143E+01     .38777E+04    -.17154E+03     .28199E+02         .000      .014
   3.920     .19932E+02     .55681E+01     .37104E+04    -.20766E+03     .22427E+02         .000      .014
   3.930     .20126E+02     .55954E+01     .35392E+04    -.24689E+03     .16205E+02         .000      .014
   3.940     .20256E+02     .55994E+01     .33195E+04    -.26156E+03     .98003E+01         .000      .014
   3.950     .20322E+02     .55842E+01     .31491E+04    -.26100E+03     .34728E+01         .000      .014
   3.960     .20327E+02     .55504E+01     .29592E+04    -.21370E+03    -.24417E+01         .000      .014
   3.970     .20276E+02     .54988E+01     .26552E+04    -.14877E+03    -.74931E+01         .000      .014
   3.980     .20179E+02     .54336E+01     .24236E+04    -.13206E+03    -.11932E+02         .000      .014
   3.990     .20039E+02     .53553E+01     .22126E+04    -.12876E+03    -.15977E+02         .000      .014
   4.000     .19863E+02     .52650E+01     .18859E+04    -.11924E+03    -.18980E+02         .000      .014
   4.010     .19664E+02     .51680E+01     .15807E+04    -.13535E+03    -.20639E+02         .000      .014
   4.020     .19454E+02     .50679E+01     .13694E+04    -.15421E+03    -.21134E+02         .000      .014
   4.030     .19244E+02     .49646E+01     .11244E+04    -.13044E+03    -.20795E+02         .000      .014
   4.040     .19039E+02     .48592E+01     .79815E+03    -.75249E+02    -.20219E+02         .000      .014
   4.050     .18840E+02     .47542E+01     .44180E+03    -.26610E+02    -.19457E+02         .000      .014
   4.060     .18651E+02     .46527E+01     .10132E+03    -.98495E+01    -.18396E+02         .000      .014
   4.070     .18471E+02     .45580E+01    -.73628E+02    -.36803E+02    -.17555E+02         .000      .014
   4.080     .18297E+02     .44701E+01    -.26047E+03    -.43316E+02    -.17427E+02         .000      .014
   4.090     .18121E+02     .43932E+01    -.48663E+03    -.50647E+02    -.17896E+02         .000      .014
   4.100     .17935E+02     .43328E+01    -.56990E+03    -.69420E+02    -.19422E+02         .000      .014
   4.110     .17729E+02     .42903E+01    -.57897E+03    -.78986E+02    -.21902E+02         .000      .014
   4.120     .17497E+02     .42664E+01    -.34569E+03    -.10960E+03    -.24450E+02         .000      .014
   4.130     .17243E+02     .42556E+01     .55928E+02    -.11000E+03    -.26203E+02         .000      .014
   4.140     .16977E+02     .42493E+01     .47360E+03    -.67338E+02    -.26647E+02         .000      .014
   4.150     .16715E+02     .42388E+01     .82254E+03    -.16959E+01    -.25526E+02         .000      .014
   4.160     .16472E+02     .42170E+01     .10447E+04     .50593E+02    -.22949E+02         .000      .014
   4.170     .16259E+02     .41795E+01     .11378E+04     .61312E+02    -.19588E+02         .000      .014
   4.180     .16080E+02     .41243E+01     .10812E+04     .38864E+02    -.16123E+02         .000      .014
   4.190     .15936E+02     .40526E+01     .85152E+03     .69325E+01    -.12858E+02         .000      .014
   4.200     .15822E+02     .39688E+01     .48595E+03    -.19114E+02    -.98811E+01         .000      .014
   4.210     .15737E+02     .38790E+01     .45535E+02    -.28867E+02    -.71510E+01         .000      .014
   4.220     .15679E+02     .37899E+01    -.43122E+03    -.20976E+02    -.45254E+01         .000      .014
   4.230     .15646E+02     .37095E+01    -.68396E+03    -.52589E+02    -.22097E+01         .000      .014
   4.240     .15632E+02     .36380E+01    -.74883E+03    -.33524E+02    -.50151E+00         .000      .014
   4.250     .15636E+02     .35748E+01    -.10954E+04     .46987E+02     .12921E+01         .000      .014
   4.260     .15659E+02     .35278E+01    -.13542E+04     .65252E+02     .31990E+01         .000      .014
   4.270     .15698E+02     .35006E+01    -.14410E+04     .31362E+02     .45871E+01         .000      .014
   4.280     .15748E+02     .34936E+01    -.15007E+04    -.28985E+01     .52833E+01         .000      .014
   4.290     .15802E+02     .35097E+01    -.14907E+04    -.43998E+02     .54219E+01         .000      .014
   4.300     .15855E+02     .35508E+01    -.12614E+04    -.88558E+02     .49725E+01         .000      .014
   4.310     .15900E+02     .36122E+01    -.93098E+03    -.81974E+02     .41844E+01         .000      .014
   4.320     .15939E+02     .36892E+01    -.54064E+03    -.51258E+02     .34572E+01         .000      .014
   4.330     .15970E+02     .37763E+01    -.42327E+02    -.29140E+02     .27581E+01         .000      .014
   4.340     .15993E+02     .38658E+01     .49284E+03    -.19663E+02     .18565E+01         .000      .014
   4.350     .16005E+02     .39498E+01     .99442E+03    -.25369E+02     .38742E+00         .000      .014
   4.360     .15998E+02     .40225E+01     .14395E+04    -.47135E+02    -.20495E+01         .000      .014
   4.370     .15960E+02     .40795E+01     .18274E+04    -.78448E+02    -.55742E+01         .000      .014
   4.380     .15883E+02     .41166E+01     .21313E+04    -.95920E+02    -.99796E+01         .000      .014
   4.390     .15759E+02     .41309E+01     .22465E+04    -.83095E+02    -.14817E+02         .000      .014
   4.400     .15586E+02     .41244E+01     .22847E+04    -.91130E+02    -.19963E+02         .000      .014
   4.410     .15358E+02     .40995E+01     .24101E+04    -.13263E+03    -.25693E+02         .000      .014
   4.420     .15070E+02     .40547E+01     .25388E+04    -.15468E+03    -.31955E+02         .000      .014
   4.430     .14719E+02     .39878E+01     .25701E+04    -.13661E+03    -.38286E+02         .000      .014
   4.440     .14306E+02     .38988E+01     .25322E+04    -.10308E+03    -.44293E+02         .000      .014
   4.450     .13834E+02     .37878E+01     .24670E+04    -.77318E+02    -.49859E+02         .000      .014
   4.460     .13310E+02     .36545E+01     .23660E+04    -.63563E+02    -.55001E+02         .000      .014
   4.470     .12736E+02     .34990E+01     .21995E+04    -.55617E+02    -.59757E+02         .000      .014
   4.480     .12116E+02     .33225E+01     .19521E+04    -.47829E+02    -.63989E+02         .000      .014
   4.490     .11459E+02     .31276E+01     .16380E+04    -.40122E+02    -.67195E+02         .000      .014
   4.500     .10777E+02     .29175E+01     .12913E+04    -.33042E+02    -.69050E+02         .000      .014
   4.510     .10081E+02     .26954E+01     .92200E+03    -.18117E+02    -.69952E+02         .000      .014
   4.520     .93799E+01     .24636E+01     .49864E+03     .14811E+02    -.70262E+02         .000      .014
   4.530     .86798E+01     .22255E+01    -.20860E+02     .58949E+02    -.69502E+02         .000      .014
   4.540     .79937E+01     .19879E+01    -.49974E+03     .62725E+02    -.67603E+02         .000      .014
   4.550     .73299E+01     .17575E+01    -.78132E+03     .17576E+02    -.65069E+02         .000      .014
   4.560     .66951E+01     .15355E+01    -.87768E+03    -.14175E+02    -.61666E+02         .000      .014
   4.570     .61015E+01     .13184E+01    -.10992E+04     .46864E+02    -.56784E+02         .000      .014
   4.580     .55637E+01     .11077E+01    -.13716E+04     .10681E+03    -.50667E+02         .000      .014
   4.590     .50890E+01     .90547E+00    -.15071E+04     .14138E+03    -.44256E+02         .000      .014
   4.600     .46795E+01     .70885E+00    -.18371E+04     .19250E+03    -.37592E+02         .000      .014
   4.610     .43368E+01     .52158E+00    -.22484E+04     .22156E+03    -.31037E+02         .000      .014
   4.620     .40551E+01     .34878E+00    -.31487E+04     .23541E+03    -.25550E+02         .000      .014
   4.630     .38182E+01     .21103E+00    -.34206E+04     .56152E+02    -.22384E+02         .000      .014
   4.640     .35961E+01     .10494E+00    -.31606E+04    -.22846E+02    -.22393E+02         .000      .014
   4.650     .33677E+01     .27580E-01    -.36212E+04     .86084E+02    -.23344E+02         .000      .014
   4.660     .31271E+01     .61596E-03    -.35779E+04     .32555E+02    -.25026E+02         .000      .014
   4.670     .28606E+01     .19518E-01    -.26838E+04    -.55690E+02    -.28493E+02         .000      .014
   4.680     .25559E+01     .60836E-01    -.19827E+04     .25167E+02    -.32372E+02         .000      .014
   4.690     .22162E+01     .11546E+00    -.13940E+04     .12831E+03    -.35399E+02         .000      .014
   4.700     .18494E+01     .17718E+00    -.66225E+03     .15046E+03    -.37985E+02         .000      .014
   4.710     .14541E+01     .23710E+00    -.19028E+03     .12814E+03    -.41292E+02         .000      .014
   4.720     .10191E+01     .28922E+00     .31103E+03     .65198E+02    -.45878E+02         .000      .014
   4.730     .53469E+00     .32952E+00     .68025E+03    -.14841E+02    -.51046E+02         .000      .014
   4.740    -.27166E-02     .35993E+00     .11969E+04    -.13369E+03    -.56496E+02         .000      .014
   4.750    -.59585E+00     .37729E+00     .18520E+04    -.19095E+03    -.62063E+02         .000      .014
   4.760    -.12415E+01     .37050E+00     .25408E+04    -.13041E+03    -.66878E+02         .000      .014
   4.770    -.19282E+01     .33276E+00     .26765E+04     .38845E+01    -.70232E+02         .000      .014
   4.780    -.26441E+01     .26772E+00     .28740E+04     .91261E+01    -.72957E+02         .000      .014
   4.790    -.33878E+01     .16940E+00     .31741E+04    -.54643E+02    -.75864E+02         .000      .014
   4.800    -.41621E+01     .24834E-01     .33701E+04    -.59162E+02    -.78939E+02         .000      .014
   4.810    -.49642E+01    -.17126E+00     .30331E+04     .26141E+02    -.81312E+02         .000      .014
   4.820    -.57857E+01    -.40826E+00     .25382E+04     .42709E+02    -.82917E+02         .000      .014
   4.830    -.66225E+01    -.67859E+00     .20654E+04     .95526E+01    -.84486E+02         .000      .014
   4.840    -.74760E+01    -.97774E+00     .14655E+04    -.10351E+02    -.86230E+02         .000      .014
   4.850    -.83471E+01    -.12982E+01     .76261E+03    -.28178E+01    -.87976E+02         .000      .014
   4.860    -.92349E+01    -.16301E+01     .87312E+02     .38230E+01    -.89550E+02         .000      .014
   4.870    -.10138E+02    -.19657E+01    -.20408E+03    -.12334E+02    -.91182E+02         .000      .014
   4.880    -.11058E+02    -.23066E+01    -.48450E+03     .38708E+02    -.92718E+02         .000      .014
   4.890    -.11989E+02    -.26549E+01    -.99281E+03     .16718E+03    -.93297E+02         .000      .014
   4.900    -.12919E+02    -.30089E+01    -.18397E+04     .33554E+03    -.92391E+02         .000      .014
   4.910    -.13833E+02    -.33532E+01    -.29804E+04     .32694E+03    -.90329E+02         .000      .014
   4.920    -.14732E+02    -.36660E+01    -.28863E+04     .27341E+02    -.90035E+02         .000      .014
   4.930    -.15640E+02    -.39651E+01    -.28483E+04    -.11770E+02    -.91369E+02         .000      .014
   4.940    -.16553E+02    -.42540E+01    -.32940E+04     .14892E+03    -.90815E+02         .000      .014
   4.950    -.17448E+02    -.45176E+01    -.36337E+04     .24324E+03    -.87970E+02         .000      .014
   4.960    -.18311E+02    -.47538E+01    -.35309E+04     .25105E+03    -.84572E+02         .000      .014
   4.970    -.19138E+02    -.49715E+01    -.35141E+04     .27240E+03    -.80799E+02         .000      .014
   4.980    -.19925E+02    -.51720E+01    -.35687E+04     .26681E+03    -.76406E+02         .000      .014
   4.990    -.20666E+02    -.53531E+01    -.35506E+04     .21917E+03    -.71861E+02         .000      .014
   5.000    -.21363E+02    -.55138E+01    -.33570E+04     .14772E+03    -.67543E+02         .000      .014
   5.010    -.22016E+02    -.56586E+01    -.31341E+04     .13964E+03    -.63092E+02         .000      .014
   5.020    -.22621E+02    -.57928E+01    -.31129E+04     .21268E+03    -.57766E+02         .000      .014
   5.030    -.23168E+02    -.59161E+01    -.31774E+04     .27462E+03    -.51383E+02         .000      .014
   5.040    -.23648E+02    -.60268E+01    -.31570E+04     .26551E+03    -.44823E+02         .000      .014
   5.050    -.24067E+02    -.61262E+01    -.30600E+04     .21796E+03    -.38893E+02         .000      .014
   5.060    -.24427E+02    -.62172E+01    -.30805E+04     .19954E+03    -.33096E+02         .000      .014
   5.070    -.24727E+02    -.62989E+01    -.32434E+04     .20526E+03    -.26885E+02         .000      .014
   5.080    -.24963E+02    -.63672E+01    -.33996E+04     .19994E+03    -.20216E+02         .000      .014
   5.090    -.25130E+02    -.64194E+01    -.34915E+04     .18639E+03    -.13070E+02         .000      .014
   5.100    -.25223E+02    -.64546E+01    -.35460E+04     .17690E+03    -.54987E+01         .000      .014
   5.110    -.25239E+02    -.64719E+01    -.35408E+04     .16968E+03     .22237E+01         .000      .014
   5.120    -.25179E+02    -.64724E+01    -.34976E+04     .17692E+03     .98656E+01         .000      .014
   5.130    -.25042E+02    -.64578E+01    -.35219E+04     .20658E+03     .17553E+02         .000      .014
   5.140    -.24828E+02    -.64274E+01    -.35816E+04     .22119E+03     .25279E+02         .000      .014
   5.150    -.24537E+02    -.63799E+01    -.36391E+04     .21261E+03     .32636E+02         .000      .014
   5.160    -.24178E+02    -.63135E+01    -.36939E+04     .18139E+03     .39091E+02         .000      .014
   5.170    -.23760E+02    -.62263E+01    -.36008E+04     .13557E+03     .44298E+02         .000      .014
   5.180    -.23294E+02    -.61190E+01    -.36225E+04     .13588E+03     .48723E+02         .000      .014
   5.190    -.22786E+02    -.59871E+01    -.36617E+04     .13234E+03     .52886E+02         .000      .014
   5.200    -.22238E+02    -.58260E+01    -.34886E+04     .84568E+02     .56693E+02         .000      .014
   5.210    -.21654E+02    -.56369E+01    -.31445E+04     .39889E+02     .60032E+02         .000      .014
   5.220    -.21039E+02    -.54230E+01    -.26991E+04     .16484E+02     .63003E+02         .000      .014
   5.230    -.20395E+02    -.51891E+01    -.21893E+04     .19045E+02     .65688E+02         .000      .014
   5.240    -.19725E+02    -.49402E+01    -.16514E+04     .26789E+02     .68246E+02         .000      .014
   5.250    -.19031E+02    -.46811E+01    -.10215E+04     .69293E+01     .70606E+02         .000      .014
   5.260    -.18315E+02    -.44194E+01    -.35023E+03    -.21639E+02     .72520E+02         .000      .014
   5.270    -.17581E+02    -.41637E+01     .24185E+02     .30892E+01     .74127E+02         .000      .014
   5.280    -.16832E+02    -.39182E+01     .23280E+03     .10399E+02     .75777E+02         .000      .014
   5.290    -.16067E+02    -.36852E+01     .46062E+03    -.12074E+02     .77064E+02         .000      .014
   5.300    -.15292E+02    -.34683E+01     .46343E+03    -.10209E+02     .77992E+02         .000      .014
   5.310    -.14509E+02    -.32630E+01     .35783E+03    -.42239E+02     .78503E+02         .000      .014
   5.320    -.13725E+02    -.30637E+01     .38938E+03    -.11056E+03     .78125E+02         .000      .014
   5.330    -.12949E+02    -.28709E+01     .42102E+03    -.13626E+03     .76927E+02         .000      .014
   5.340    -.12187E+02    -.26846E+01     .37493E+03    -.11228E+03     .75416E+02         .000      .014
   5.350    -.11441E+02    -.25025E+01     .34005E+03    -.80963E+02     .73749E+02         .000      .014
   5.360    -.10714E+02    -.23237E+01     .37729E+03    -.67621E+02     .71624E+02         .000      .014
   5.370    -.10011E+02    -.21492E+01     .44410E+03    -.67906E+02     .68907E+02         .000      .014
   5.380    -.93367E+01    -.19799E+01     .51898E+03    -.77999E+02     .65815E+02         .000      .014
   5.390    -.86947E+01    -.18167E+01     .59303E+03    -.89185E+02     .62574E+02         .000      .014
   5.400    -.80853E+01    -.16601E+01     .65778E+03    -.95024E+02     .59333E+02         .000      .014
   5.410    -.75080E+01    -.15106E+01     .72162E+03    -.96074E+02     .56103E+02         .000      .014
   5.420    -.69638E+01    -.13685E+01     .77357E+03    -.91494E+02     .52708E+02         .000      .014
   5.430    -.64546E+01    -.12343E+01     .83043E+03    -.88062E+02     .49080E+02         .000      .014
   5.440    -.59826E+01    -.11091E+01     .88467E+03    -.81866E+02     .45307E+02         .000      .014
   5.450    -.55487E+01    -.99306E+00     .90916E+03    -.78000E+02     .41476E+02         .000      .014
   5.460    -.51534E+01    -.88580E+00     .92621E+03    -.84178E+02     .37566E+02         .000      .014
   5.470    -.47980E+01    -.78679E+00     .96319E+03    -.97213E+02     .33459E+02         .000      .014
   5.480    -.44850E+01    -.69615E+00     .99742E+03    -.10408E+03     .29105E+02         .000      .014
   5.490    -.42169E+01    -.61364E+00     .10432E+04    -.10855E+03     .24463E+02         .000      .014
   5.500    -.39969E+01    -.53939E+00     .11180E+04    -.10754E+03     .19475E+02         .000      .014
   5.510    -.38280E+01    -.47428E+00     .11878E+04    -.10027E+03     .14299E+02         .000      .014
   5.520    -.37113E+01    -.41852E+00     .12900E+04    -.10178E+03     .90295E+01         .000      .014
   5.530    -.36478E+01    -.37308E+00     .14423E+04    -.11187E+03     .36318E+01         .000      .014
   5.540    -.36390E+01    -.33998E+00     .16384E+04    -.12209E+03    -.18722E+01         .000      .014
   5.550    -.36851E+01    -.32254E+00     .18169E+04    -.11350E+03    -.73107E+01         .000      .014
   5.560    -.37841E+01    -.32356E+00     .19301E+04    -.92254E+02    -.12438E+02         .000      .014
   5.570    -.39326E+01    -.34437E+00     .20266E+04    -.82429E+02    -.17196E+02         .000      .014
   5.580    -.41270E+01    -.38722E+00     .20873E+04    -.74933E+02    -.21614E+02         .000      .014
   5.590    -.43626E+01    -.45431E+00     .20346E+04    -.58915E+02    -.25361E+02         .000      .014
   5.600    -.46301E+01    -.54559E+00     .18735E+04    -.43923E+02    -.27879E+02         .000      .014
   5.610    -.49156E+01    -.65979E+00     .16226E+04    -.31849E+02    -.29030E+02         .000      .014
   5.620    -.52063E+01    -.79521E+00     .12565E+04    -.12136E+02    -.28860E+02         .000      .014
   5.630    -.54889E+01    -.94888E+00     .74048E+03     .19611E+02    -.27494E+02         .000      .014
   5.640    -.57545E+01    -.11150E+01     .79496E+02     .51226E+02    -.25640E+02         .000      .014
   5.650    -.60020E+01    -.12836E+01    -.54490E+03     .33537E+02    -.23898E+02         .000      .014
   5.660    -.62330E+01    -.14471E+01    -.10774E+04     .10756E+02    -.22290E+02         .000      .014
   5.670    -.64474E+01    -.16000E+01    -.16545E+04     .20225E+02    -.20564E+02         .000      .014
   5.680    -.66444E+01    -.17339E+01    -.21204E+04     .23091E+02    -.18876E+02         .000      .014
   5.690    -.68260E+01    -.18433E+01    -.23677E+04     .20360E+02    -.17513E+02         .000      .014
   5.700    -.69956E+01    -.19275E+01    -.24718E+04     .35879E+02    -.16436E+02         .000      .014
   5.710    -.71555E+01    -.19876E+01    -.24765E+04     .66104E+02    -.15592E+02         .000      .014
   5.720    -.73079E+01    -.20259E+01    -.24122E+04     .98614E+02    -.14892E+02         .000      .014
   5.730    -.74529E+01    -.20451E+01    -.23108E+04     .12082E+03    -.14068E+02         .000      .014
   5.740    -.75884E+01    -.20476E+01    -.22292E+04     .12624E+03    -.12988E+02         .000      .014
   5.750    -.77124E+01    -.20317E+01    -.20059E+04     .62961E+02    -.11864E+02         .000      .014
   5.760    -.78270E+01    -.19988E+01    -.14900E+04    -.29035E+02    -.11090E+02         .000      .014
   5.770    -.79345E+01    -.19584E+01    -.98411E+03    -.36339E+02    -.10359E+02         .000      .014
   5.780    -.80321E+01    -.19183E+01    -.64462E+03     .30698E+02    -.90407E+01         .000      .014
   5.790    -.81126E+01    -.18824E+01    -.36886E+03     .93205E+02    -.69322E+01         .000      .014
   5.800    -.81686E+01    -.18549E+01    -.13726E+03     .11515E+03    -.41781E+01         .000      .014
   5.810    -.81952E+01    -.18396E+01     .24679E+01     .95496E+02    -.11507E+01         .000      .014
   5.820    -.81917E+01    -.18376E+01     .25132E+02     .55294E+02     .18617E+01         .000      .014
   5.830    -.81580E+01    -.18480E+01    -.98212E+02     .24312E+02     .48938E+01         .000      .014
   5.840    -.80941E+01    -.18672E+01    -.32211E+03     .69138E+01     .78454E+01         .000      .014
   5.850    -.80019E+01    -.18910E+01    -.58745E+03     .88800E+01     .10537E+02         .000      .014
   5.860    -.78841E+01    -.19162E+01    -.93276E+03     .39022E+02     .13001E+02         .000      .014
   5.870    -.77423E+01    -.19381E+01    -.13348E+04     .69473E+02     .15322E+02         .000      .014
   5.880    -.75795E+01    -.19505E+01    -.16923E+04     .69398E+02     .17078E+02         .000      .014
   5.890    -.74052E+01    -.19475E+01    -.19238E+04     .32486E+02     .17499E+02         .000      .014
   5.900    -.72341E+01    -.19253E+01    -.19576E+04    -.19205E+02     .16579E+02         .000      .014
   5.910    -.70758E+01    -.18839E+01    -.18852E+04    -.31110E+02     .15041E+02         .000      .014
   5.920    -.69331E+01    -.18248E+01    -.17692E+04    -.53058E+01     .13527E+02         .000      .014
   5.930    -.68041E+01    -.17485E+01    -.15259E+04     .14774E+02     .12339E+02         .000      .014
   5.940    -.66847E+01    -.16585E+01    -.11313E+04     .13286E+02     .11640E+02         .000      .014
   5.950    -.65697E+01    -.15607E+01    -.64289E+03    -.56589E+00     .11431E+02         .000      .014
   5.960    -.64545E+01    -.14624E+01    -.15213E+03    -.77596E+01     .11716E+02         .000      .014
   5.970    -.63327E+01    -.13707E+01     .25867E+03     .35256E+00     .12780E+02         .000      .014
   5.980    -.61961E+01    -.12915E+01     .50137E+03     .24999E+02     .14661E+02         .000      .014
   5.990    -.60378E+01    -.12268E+01     .61793E+03     .28187E+02     .17056E+02         .000      .014
   6.000    -.58541E+01    -.11770E+01     .66046E+03     .87763E+01     .19721E+02         .000      .014
   6.010    -.56428E+01    -.11423E+01     .55987E+03    -.68055E+01     .22546E+02         .000      .014
   6.020    -.54034E+01    -.11197E+01     .33220E+03    -.18268E+02     .25305E+02         .000      .014
   6.030    -.51378E+01    -.11047E+01     .52393E+02    -.26962E+02     .27757E+02         .000      .014
   6.040    -.48487E+01    -.10936E+01    -.32111E+03    -.12708E+02     .30078E+02         .000      .014
   6.050    -.45357E+01    -.10797E+01    -.69554E+03    -.14975E+02     .32546E+02         .000      .014
   6.060    -.41984E+01    -.10568E+01    -.88303E+03    -.47909E+02     .34827E+02         .000      .014
   6.070    -.38415E+01    -.10247E+01    -.96793E+03    -.52169E+02     .36417E+02         .000      .014
   6.080    -.34720E+01    -.98584E+00    -.11442E+04     .52591E+01     .37432E+02         .000      .014
   6.090    -.30924E+01    -.93884E+00    -.14008E+04     .68438E+02     .38550E+02         .000      .014
   6.100    -.27004E+01    -.87971E+00    -.15635E+04     .72247E+02     .39838E+02         .000      .014
   6.110    -.22971E+01    -.80640E+00    -.15792E+04     .27477E+02     .40698E+02         .000      .014
   6.120    -.18885E+01    -.71922E+00    -.15371E+04    -.14261E+02     .40949E+02         .000      .014
   6.130    -.14791E+01    -.61800E+00    -.14828E+04    -.30825E+02     .40930E+02         .000      .014
   6.140    -.10696E+01    -.50167E+00    -.13601E+04    -.35428E+02     .41016E+02         .000      .014
   6.150    -.65786E+00    -.37069E+00    -.11048E+04    -.41018E+02     .41366E+02         .000      .014
   6.160    -.23998E+00    -.22919E+00    -.78059E+03    -.30936E+02     .42396E+02         .000      .014
   6.170     .19340E+00    -.82102E-01    -.48461E+03    -.10375E+02     .44416E+02         .000      .014
   6.180     .65001E+00     .67290E-01    -.17996E+03    -.94945E+01     .46930E+02         .000      .014
   6.190     .11325E+01     .21486E+00     .12035E+03    -.20821E+02     .49589E+02         .000      .014
   6.200     .16424E+01     .35568E+00     .26676E+03    -.12552E+02     .52436E+02         .000      .014
   6.210     .21816E+01     .48926E+00     .27437E+03    -.14017E+02     .55392E+02         .000      .014
   6.220     .27494E+01     .61769E+00     .27186E+03    -.41783E+02     .58107E+02         .000      .014
   6.230     .33424E+01     .74164E+00     .23162E+03    -.65059E+02     .60427E+02         .000      .014
   6.240     .39567E+01     .86230E+00     .11361E+03    -.68680E+02     .62366E+02         .000      .014
   6.250     .45884E+01     .98256E+00    -.31675E+02    -.66083E+02     .63909E+02         .000      .014
   6.260     .52335E+01     .11054E+01    -.13882E+03    -.68757E+02     .65049E+02         .000      .014
   6.270     .58882E+01     .12324E+01    -.19362E+03    -.73177E+02     .65830E+02         .000      .014
   6.280     .65484E+01     .13640E+01    -.21657E+03    -.71953E+02     .66099E+02         .000      .014
   6.290     .72079E+01     .15004E+01    -.21451E+03    -.66400E+02     .65696E+02         .000      .014
   6.300     .78607E+01     .16412E+01    -.19706E+03    -.56861E+02     .64797E+02         .000      .014
   6.310     .85024E+01     .17857E+01    -.19829E+03    -.45007E+02     .63472E+02         .000      .014
   6.320     .91280E+01     .19346E+01    -.19635E+03    -.45485E+02     .61512E+02         .000      .014
   6.330     .97299E+01     .20885E+01    -.19077E+03    -.54607E+02     .58722E+02         .000      .014
   6.340     .10299E+02     .22488E+01    -.15435E+03    -.77718E+02     .54981E+02         .000      .014
   6.350     .10826E+02     .24171E+01    -.27716E+02    -.11238E+03     .50118E+02         .000      .014
   6.360     .11297E+02     .25936E+01     .21644E+03    -.14528E+03     .43877E+02         .000      .014
   6.370     .11698E+02     .27767E+01     .57458E+03    -.16537E+03     .36124E+02         .000      .014
   6.380     .12015E+02     .29638E+01     .10959E+04    -.18579E+03     .26918E+02         .000      .014
   6.390     .12233E+02     .31489E+01     .18074E+04    -.20341E+03     .16563E+02         .000      .014
   6.400     .12345E+02     .33213E+01     .24764E+04    -.15640E+03     .60325E+01         .000      .014
   6.410     .12356E+02     .34720E+01     .28994E+04    -.10438E+03    -.38578E+01         .000      .014
   6.420     .12268E+02     .35996E+01     .30869E+04    -.11023E+03    -.13634E+02         .000      .014
   6.430     .12082E+02     .37005E+01     .36161E+04    -.20069E+03    -.23754E+02         .000      .014
   6.440     .11792E+02     .37609E+01     .39727E+04    -.20153E+03    -.34279E+02         .000      .014
   6.450     .11398E+02     .37772E+01     .40281E+04    -.16042E+03    -.44284E+02         .000      .014
   6.460     .10909E+02     .37542E+01     .41462E+04    -.17306E+03    -.53347E+02         .000      .015
   6.470     .10334E+02     .36911E+01     .43198E+04    -.19773E+03    -.61622E+02         .000      .015
   6.480     .96793E+01     .35842E+01     .43465E+04    -.18987E+03    -.69133E+02         .000      .015
   6.490     .89542E+01     .34343E+01     .43428E+04    -.19091E+03    -.75725E+02         .000      .015
   6.500     .81687E+01     .32401E+01     .42994E+04    -.16384E+03    -.81105E+02         .000      .015
   6.510     .73375E+01     .29989E+01     .39020E+04    -.81443E+02    -.84893E+02         .000      .015
   6.520     .64750E+01     .27152E+01     .33416E+04    -.29056E+02    -.87459E+02         .000      .015
   6.530     .55923E+01     .23940E+01     .26494E+04    -.46977E+01    -.88815E+02         .000      .015
   6.540     .47023E+01     .20414E+01     .18007E+04     .45557E+01    -.89085E+02         .000      .015
   6.550     .38120E+01     .16658E+01     .80071E+03     .23788E+02    -.88938E+02         .000      .015
   6.560     .29249E+01     .12796E+01    -.18327E+03     .25163E+02    -.88424E+02         .000      .015
   6.570     .20409E+01     .89638E+00    -.41047E+03    -.73576E+02    -.88560E+02         .000      .015
   6.580     .11518E+01     .51859E+00    -.77922E+03    -.53752E+02    -.89241E+02         .000      .015
   6.590     .25781E+00     .15031E+00    -.12620E+04     .43789E+02    -.89428E+02         .000      .015
   6.600    -.63362E+00    -.20300E+00    -.17025E+04     .13233E+03    -.88714E+02         .000      .015
   6.610    -.15144E+01    -.53778E+00    -.20179E+04     .16380E+03    -.87373E+02         .000      .015
   6.620    -.23806E+01    -.85256E+00    -.22239E+04     .14963E+03    -.85868E+02         .000      .015
   6.630    -.32311E+01    -.11476E+01    -.26126E+04     .14529E+03    -.84186E+02         .000      .015
   6.640    -.40631E+01    -.14151E+01    -.28655E+04     .76801E+02    -.82194E+02         .000      .015
   6.650    -.48749E+01    -.16560E+01    -.27421E+04     .37810E+02    -.80084E+02         .000      .015
   6.660    -.56602E+01    -.18781E+01    -.28723E+04     .11773E+03    -.76649E+02         .000      .015
   6.670    -.64015E+01    -.20781E+01    -.29589E+04     .17607E+03    -.71321E+02         .000      .015
   6.680    -.70827E+01    -.22569E+01    -.28967E+04     .19683E+03    -.64799E+02         .000      .015
   6.690    -.76953E+01    -.24187E+01    -.28876E+04     .20512E+03    -.57625E+02         .000      .015
   6.700    -.82332E+01    -.25642E+01    -.28904E+04     .18225E+03    -.49855E+02         .000      .015
   6.710    -.86915E+01    -.26943E+01    -.28763E+04     .15189E+03    -.41814E+02         .000      .015
   6.720    -.90700E+01    -.28104E+01    -.29298E+04     .14838E+03    -.33939E+02         .000      .015
   6.730    -.93708E+01    -.29121E+01    -.30630E+04     .16713E+03    -.26234E+02         .000      .015
   6.740    -.95948E+01    -.29976E+01    -.32392E+04     .18630E+03    -.18565E+02         .000      .015
   6.750    -.97425E+01    -.30639E+01    -.34080E+04     .18458E+03    -.11012E+02         .000      .015
   6.760    -.98161E+01    -.31084E+01    -.35150E+04     .15965E+03    -.37784E+01         .000      .015
   6.770    -.98194E+01    -.31297E+01    -.35176E+04     .13156E+03     .30427E+01         .000      .015
   6.780    -.97561E+01    -.31285E+01    -.35454E+04     .13504E+03     .96324E+01         .000      .015
   6.790    -.96262E+01    -.31031E+01    -.36211E+04     .14862E+03     .16369E+02         .000      .015
   6.800    -.94285E+01    -.30510E+01    -.35794E+04     .13603E+03     .23153E+02         .000      .015
   6.810    -.91637E+01    -.29735E+01    -.34637E+04     .12477E+03     .29779E+02         .000      .015
   6.820    -.88335E+01    -.28720E+01    -.33243E+04     .11542E+03     .36225E+02         .000      .015
   6.830    -.84403E+01    -.27471E+01    -.31382E+04     .10345E+03     .42362E+02         .000      .015
   6.840    -.79878E+01    -.26000E+01    -.28994E+04     .82440E+02     .48056E+02         .000      .015
   6.850    -.74812E+01    -.24317E+01    -.25534E+04     .48285E+02     .53154E+02         .000      .015
   6.860    -.69267E+01    -.22461E+01    -.21557E+04     .28078E+02     .57661E+02         .000      .015
   6.870    -.63300E+01    -.20475E+01    -.17808E+04     .27777E+02     .61533E+02         .000      .015
   6.880    -.57000E+01    -.18392E+01    -.14088E+04     .26108E+02     .64201E+02         .000      .015
   6.890    -.50507E+01    -.16241E+01    -.10232E+04     .10955E+02     .65477E+02         .000      .015
   6.900    -.43938E+01    -.14052E+01    -.59755E+03    -.22775E+02     .65768E+02         .000      .015
   6.910    -.37380E+01    -.11879E+01    -.20385E+03    -.37654E+02     .65276E+02         .000      .015
   6.920    -.30894E+01    -.97812E+00    -.15220E+03     .12460E+02     .64447E+02         .000      .015
   6.930    -.24491E+01    -.77346E+00    -.20224E+03     .21687E+02     .63550E+02         .000      .015
   6.940    -.18211E+01    -.56863E+00    -.91249E+02    -.49923E+02     .61864E+02         .000      .015
   6.950    -.12168E+01    -.36390E+00     .16347E+03    -.13229E+03     .58738E+02         .000      .015
   6.960    -.65023E+00    -.16285E+00     .35232E+03    -.14804E+03     .54445E+02         .000      .015
   6.970    -.12910E+00     .33620E-01     .51217E+03    -.12249E+03     .49759E+02         .000      .015
   6.980     .34507E+00     .22362E+00     .78990E+03    -.85252E+02     .45121E+02         .000      .015
   6.990     .77457E+00     .40442E+00     .10003E+04    -.61708E+02     .40829E+02         .000      .015
   7.000     .11616E+01     .57452E+00     .13304E+04    -.85785E+02     .36552E+02         .000      .015
   7.010     .15064E+01     .72871E+00     .16187E+04    -.10398E+03     .32514E+02         .000      .015
   7.020     .18156E+01     .86427E+00     .18340E+04    -.12025E+03     .29568E+02         .000      .015
   7.030     .21015E+01     .97990E+00     .20439E+04    -.13648E+03     .27763E+02         .000      .015
   7.040     .23721E+01     .10730E+01     .22022E+04    -.13463E+03     .26319E+02         .000      .015
   7.050     .26276E+01     .11412E+01     .22776E+04    -.11545E+03     .24793E+02         .000      .015
   7.060     .28673E+01     .11827E+01     .21821E+04    -.70216E+02     .23084E+02         .000      .015
   7.070     .30872E+01     .11991E+01     .18867E+04    -.37095E+02     .20697E+02         .000      .015
   7.080     .32780E+01     .11965E+01     .16000E+04    -.64308E+02     .17344E+02         .000      .015
   7.090     .34316E+01     .11792E+01     .13441E+04    -.11005E+03     .13289E+02         .000      .015
   7.100     .35423E+01     .11504E+01     .10412E+04    -.12838E+03     .87800E+01         .000      .015
   7.110     .36064E+01     .11149E+01     .72964E+03    -.11904E+03     .40229E+01         .000      .015
   7.120     .36229E+01     .10771E+01     .48244E+03    -.97986E+02    -.67232E+00         .000      .015
   7.130     .35939E+01     .10397E+01     .34475E+03    -.78811E+02    -.50951E+01         .000      .015
   7.140     .35220E+01     .10021E+01     .28477E+03    -.55309E+02    -.92168E+01         .000      .015
   7.150     .34109E+01     .96283E+00     .22338E+03    -.24892E+02    -.12947E+02         .000      .015
   7.160     .32646E+01     .92149E+00     .15820E+03    -.67202E+01    -.16224E+02         .000      .015
   7.170     .30873E+01     .87875E+00     .13022E+03    -.14756E+02    -.19236E+02         .000      .015
   7.180     .28795E+01     .83517E+00     .18007E+03    -.44606E+02    -.22364E+02         .000      .015
   7.190     .26387E+01     .78954E+00     .29117E+03    -.65411E+02    -.25865E+02         .000      .015
   7.200     .23616E+01     .73881E+00     .33918E+03    -.41069E+02    -.29546E+02         .000      .015
   7.210     .20483E+01     .68231E+00     .29304E+03    -.16418E+01    -.33085E+02         .000      .015
   7.220     .17000E+01     .62226E+00     .31789E+03    -.37096E+01    -.36608E+02         .000      .015
   7.230     .13154E+01     .55841E+00     .45079E+03    -.33630E+02    -.40346E+02         .000      .015
   7.240     .89250E+00     .48805E+00     .57925E+03    -.49175E+02    -.44239E+02         .000      .015
   7.250     .43213E+00     .40952E+00     .65865E+03    -.43739E+02    -.47679E+02         .000      .015
   7.260    -.56892E-01     .32235E+00     .73024E+03    -.34174E+02    -.49868E+02         .000      .015
   7.270    -.56051E+00     .22539E+00     .81876E+03    -.27631E+02    -.50644E+02         .000      .015
   7.280    -.10653E+01     .11593E+00     .87673E+03    -.13007E+02    -.50086E+02         .000      .015
   7.290    -.15573E+01    -.90178E-02     .82065E+03     .17925E+02    -.48052E+02         .000      .015
   7.300    -.20214E+01    -.15051E+00     .60872E+03     .54528E+02    -.44518E+02         .000      .015
   7.310    -.24445E+01    -.30568E+00     .31976E+03     .56205E+02    -.40041E+02         .000      .015
   7.320    -.28214E+01    -.47141E+00     .27162E+02     .37565E+02    -.35301E+02         .000      .015
   7.330    -.31500E+01    -.64532E+00    -.29839E+03     .20641E+02    -.30415E+02         .000      .015
   7.340    -.34284E+01    -.82479E+00    -.74657E+03     .49212E+02    -.25146E+02         .000      .015
   7.350    -.36500E+01    -.10045E+01    -.13615E+04     .99923E+02    -.19026E+02         .000      .015
   7.360    -.38066E+01    -.11751E+01    -.19912E+04     .12261E+03    -.12216E+02         .000      .015
   7.370    -.38934E+01    -.13283E+01    -.26449E+04     .11384E+03    -.51539E+01         .000      .015
   7.380    -.39125E+01    -.14542E+01    -.28686E+04     .17049E+02     .11313E+01         .000      .015
   7.390    -.38770E+01    -.15555E+01    -.30168E+04     .14450E+02     .55904E+01         .000      .015
   7.400    -.38082E+01    -.16331E+01    -.33173E+04     .99623E+02     .77660E+01         .000      .015
   7.410    -.37293E+01    -.16831E+01    -.35688E+04     .17970E+03     .76395E+01         .000      .015
   7.420    -.36593E+01    -.17034E+01    -.37339E+04     .21022E+03     .63310E+01         .000      .015
   7.430    -.36026E+01    -.16923E+01    -.38547E+04     .19136E+03     .50340E+01         .000      .015
   7.440    -.35610E+01    -.16403E+01    -.36688E+04     .45277E+02     .29801E+01         .000      .015
   7.450    -.35508E+01    -.15427E+01    -.27447E+04    -.17533E+03    -.13296E+01         .000      .015
   7.460    -.35917E+01    -.14206E+01    -.18571E+04    -.14698E+03    -.68047E+01         .000      .015
   7.470    -.36823E+01    -.12860E+01    -.13432E+04     .23650E+02    -.11016E+02         .000      .015
   7.480    -.38078E+01    -.11392E+01    -.53100E+03     .81522E+02    -.14005E+02         .000      .015
   7.490    -.39612E+01    -.99224E+00     .43712E+00     .11655E+03    -.16581E+02         .000      .015
   7.500    -.41387E+01    -.85814E+00     .66184E+03     .78935E+02    -.18943E+02         .000      .015
   7.510    -.43414E+01    -.74492E+00     .11493E+04     .10839E+02    -.21685E+02         .000      .015
   7.520    -.45737E+01    -.65358E+00     .16271E+04    -.10148E+03    -.24817E+02         .000      .015
   7.530    -.48381E+01    -.58982E+00     .19738E+04    -.12558E+03    -.27999E+02         .000      .015
   7.540    -.51315E+01    -.55589E+00     .19606E+04    -.71747E+02    -.30566E+02         .000      .015
   7.550    -.54477E+01    -.54454E+00     .20350E+04    -.80723E+02    -.32655E+02         .000      .015
   7.560    -.57849E+01    -.55571E+00     .22973E+04    -.12016E+03    -.34808E+02         .000      .015
   7.570    -.61428E+01    -.59526E+00     .24408E+04    -.11359E+03    -.36633E+02         .000      .015
   7.580    -.65147E+01    -.66439E+00     .25147E+04    -.10516E+03    -.37611E+02         .000      .015
   7.590    -.68936E+01    -.76579E+00     .26173E+04    -.83910E+02    -.38131E+02         .000      .015
   7.600    -.72750E+01    -.90714E+00     .23258E+04     .23671E+02    -.37967E+02         .000      .015
   7.610    -.76494E+01    -.10862E+01     .16543E+04     .11795E+03    -.36767E+02         .000      .015
   7.620    -.80091E+01    -.12935E+01     .84112E+03     .13092E+03    -.35196E+02         .000      .015
   7.630    -.83552E+01    -.15166E+01     .29207E+02     .46362E+02    -.34202E+02         .000      .015
   7.640    -.86983E+01    -.17427E+01    -.44621E+03    -.95982E+02    -.34677E+02         .000      .015
   7.650    -.90515E+01    -.19700E+01    -.10193E+04    -.80517E+02    -.35939E+02         .000      .015
   7.660    -.94135E+01    -.21901E+01    -.19017E+04     .44958E+02    -.36220E+02         .000      .015
   7.670    -.97716E+01    -.23868E+01    -.26153E+04     .11165E+03    -.35223E+02         .000      .015
   7.680    -.10117E+02    -.25500E+01    -.27025E+04     .28273E+02    -.33987E+02         .000      .015
   7.690    -.10453E+02    -.26867E+01    -.24972E+04    -.73233E+00    -.33068E+02         .000      .015
   7.700    -.10776E+02    -.28068E+01    -.25507E+04     .88045E+02    -.31287E+02         .000      .015
   7.710    -.11074E+02    -.29094E+01    -.26469E+04     .17011E+03    -.28092E+02         .000      .015
   7.720    -.11334E+02    -.29942E+01    -.26368E+04     .19109E+03    -.23941E+02         .000      .015
   7.730    -.11551E+02    -.30640E+01    -.26120E+04     .17492E+03    -.19494E+02         .000      .015
   7.740    -.11724E+02    -.31206E+01    -.26791E+04     .15166E+03    -.14973E+02         .000      .015
   7.750    -.11850E+02    -.31620E+01    -.28095E+04     .12296E+03    -.10217E+02         .000      .015
   7.760    -.11928E+02    -.31836E+01    -.28757E+04     .78721E+02    -.55169E+01         .000      .015
   7.770    -.11962E+02    -.31831E+01    -.27819E+04     .35453E+02    -.13347E+01         .000      .015
   7.780    -.11956E+02    -.31627E+01    -.26099E+04     .37350E+02     .25423E+01         .000      .015
   7.790    -.11911E+02    -.31259E+01    -.24620E+04     .83831E+02     .66246E+01         .000      .015
   7.800    -.11822E+02    -.30752E+01    -.23105E+04     .12605E+03     .11129E+02         .000      .015
   7.810    -.11687E+02    -.30130E+01    -.21181E+04     .13409E+03     .15855E+02         .000      .015
   7.820    -.11505E+02    -.29424E+01    -.19387E+04     .11622E+03     .20465E+02         .000      .015
   7.830    -.11279E+02    -.28649E+01    -.17982E+04     .81357E+02     .24718E+02         .000      .015
   7.840    -.11012E+02    -.27804E+01    -.16688E+04     .41181E+02     .28567E+02         .000      .015
   7.850    -.10709E+02    -.26886E+01    -.15455E+04     .13639E+02     .32163E+02         .000      .015
   7.860    -.10369E+02    -.25897E+01    -.14302E+04     .63993E+01     .35746E+02         .000      .015
   7.870    -.99935E+01    -.24840E+01    -.13273E+04     .16021E+02     .39418E+02         .000      .015
   7.880    -.95805E+01    -.23723E+01    -.12510E+04     .30883E+02     .43225E+02         .000      .015
   7.890    -.91287E+01    -.22542E+01    -.11528E+04     .21159E+02     .47101E+02         .000      .015
   7.900    -.86396E+01    -.21299E+01    -.95249E+03    -.12931E+02     .50641E+02         .000      .015
   7.910    -.81173E+01    -.20035E+01    -.79780E+03    -.15441E+02     .53771E+02         .000      .015
   7.920    -.75642E+01    -.18773E+01    -.79017E+03     .11523E+02     .56869E+02         .000      .015
   7.930    -.69806E+01    -.17500E+01    -.82277E+03     .22125E+02     .59769E+02         .000      .015
   7.940    -.63716E+01    -.16201E+01    -.83114E+03     .72923E+01     .61841E+02         .000      .015
   7.950    -.57509E+01    -.14872E+01    -.84453E+03    -.13938E+02     .61781E+02         .000      .015
   7.960    -.51448E+01    -.13503E+01    -.87217E+03    -.30356E+02     .59087E+02         .000      .015
   7.970    -.45737E+01    -.12081E+01    -.91051E+03    -.31717E+02     .55025E+02         .000      .015
   7.980    -.40469E+01    -.10586E+01    -.96399E+03    -.29653E+02     .50166E+02         .000      .015
   7.990    -.35751E+01    -.89786E+00    -.86119E+03    -.62991E+02     .43900E+02         .000      .015
   8.000    -.31753E+01    -.72547E+00    -.53987E+03    -.11232E+03     .35740E+02         .000      .015
   8.010    -.28648E+01    -.54488E+00    -.57643E+02    -.14117E+03     .26229E+02         .000      .015
   8.020    -.26514E+01    -.36206E+00     .40200E+03    -.11684E+03     .16493E+02         .000      .015
   8.030    -.25365E+01    -.18030E+00     .10870E+04    -.13823E+03     .62901E+01         .000      .015
   8.040    -.25294E+01    -.11468E-01     .19365E+04    -.13316E+03    -.50073E+01         .000      .015
   8.050    -.26364E+01     .12923E+00     .24697E+04    -.54593E+02    -.16277E+02         .000      .015
   8.060    -.28524E+01     .23791E+00     .27022E+04    -.20141E+00    -.26802E+02         .000      .015
   8.070    -.31700E+01     .31834E+00     .29217E+04    -.86832E+02    -.36669E+02         .000      .015
   8.080    -.35856E+01     .36659E+00     .34985E+04    -.21935E+03    -.46396E+02         .000      .015
   8.090    -.40971E+01     .37011E+00     .37840E+04    -.21878E+03    -.55856E+02         .000      .015
   8.100    -.47004E+01     .32668E+00     .37578E+04    -.14107E+03    -.64660E+02         .000      .015
   8.110    -.53869E+01     .23904E+00     .36839E+04    -.82982E+02    -.72450E+02         .000      .015
   8.120    -.61456E+01     .78581E-01     .29836E+04     .38366E+03    -.78631E+02         .000      .015
   8.130    -.69245E+01    -.19662E+00    -.23063E+04     .12485E+04    -.75572E+02         .000      .015
