


 TIME HISTORY FOR STORY NO.  6



    TIME   DISPLACEMENT    STORY DRIFT    STORY SHEAR   ACCELERATION     VELOCITY          DAMAGE    DAMAGE
                                                                                          BEAM-SLAB  COL-WALL

    .000     .00000E+00     .00000E+00     .00000E+00     .00000E+00     .00000E+00         .000      .000
    .010    -.36014E-05    -.11614E-08    -.63099E-05     .30411E-03    -.68682E-03         .000      .000
    .020    -.13935E-04    -.20026E-07    -.30767E-02     .16757E-02    -.14524E-02         .000      .000
    .030    -.32728E-04     .19221E-06    -.17013E-01     .50594E-02    -.22425E-02         .000      .000
    .040    -.58821E-04     .16894E-05    -.18583E-01     .36962E-02    -.30466E-02         .000      .000
    .050    -.93641E-04     .52128E-05     .36371E-01    -.10251E-01    -.38462E-02         .000      .000
    .060    -.13553E-03     .93306E-05     .14852E+00    -.33306E-01    -.45766E-02         .000      .000
    .070    -.18531E-03     .10782E-04     .26915E+00    -.55158E-01    -.53455E-02         .000      .000
    .080    -.24295E-03     .63648E-05     .35937E+00    -.69563E-01    -.62677E-02         .000      .000
    .090    -.31155E-03    -.61824E-05     .39421E+00    -.72082E-01    -.74549E-02         .000      .000
    .100    -.39396E-03    -.27666E-04     .35524E+00    -.59626E-01    -.92145E-02         .000      .000
    .110    -.49717E-03    -.56796E-04     .24480E+00    -.34528E-01    -.11375E-01         .000      .000
    .120    -.62024E-03    -.90189E-04     .99063E-01    -.56183E-02    -.13175E-01         .000      .000
    .130    -.75787E-03    -.12336E-03    -.15869E-01     .12334E-01    -.14142E-01         .000      .000
    .140    -.90167E-03    -.15297E-03    -.11855E-01     .33484E-02    -.14690E-01         .000      .000
    .150    -.10506E-02    -.18028E-03     .13187E+00    -.29954E-01    -.14924E-01         .000      .000
    .160    -.11983E-02    -.21170E-03     .30448E+00    -.60057E-01    -.14605E-01         .000      .000
    .170    -.13423E-02    -.25391E-03     .35665E+00    -.61396E-01    -.14149E-01         .000      .000
    .180    -.14806E-02    -.30904E-03     .24518E+00    -.31945E-01    -.13492E-01         .000      .000
    .190    -.16099E-02    -.37470E-03    -.12644E-01     .23958E-01    -.12175E-01         .000      .000
    .200    -.17181E-02    -.44481E-03    -.38244E+00     .97080E-01    -.90404E-02         .000      .000
    .210    -.17823E-02    -.51019E-03    -.76451E+00     .16397E+00    -.33936E-02         .000      .000
    .220    -.17814E-02    -.56223E-03    -.10211E+01     .20002E+00     .36106E-02         .000      .000
    .230    -.17125E-02    -.59807E-03    -.11156E+01     .20899E+00     .99088E-02         .000      .000
    .240    -.15941E-02    -.62130E-03    -.12117E+01     .23309E+00     .12970E-01         .000      .000
    .250    -.14592E-02    -.63396E-03    -.15366E+01     .31064E+00     .14213E-01         .000      .000
    .260    -.13102E-02    -.62686E-03    -.21047E+01     .42586E+00     .15317E-01         .000      .000
    .270    -.11576E-02    -.57898E-03    -.25631E+01     .49233E+00     .14952E-01         .000      .000
    .280    -.10143E-02    -.47229E-03    -.24169E+01     .42425E+00     .13643E-01         .000      .000
    .290    -.88904E-03    -.30950E-03    -.15811E+01     .23463E+00     .11064E-01         .000      .000
    .300    -.79634E-03    -.11199E-03    -.31822E+00    -.20519E-01     .75022E-02         .000      .000
    .310    -.73762E-03     .90858E-04     .11394E+01    -.30152E+00     .43654E-02         .000      .000
    .320    -.71424E-03     .26616E-03     .25648E+01    -.56157E+00    -.31357E-03         .000      .000
    .330    -.76191E-03     .38148E-03     .36764E+01    -.74260E+00    -.10370E-01         .000      .000
    .340    -.93688E-03     .41155E-03     .41350E+01    -.77759E+00    -.24970E-01         .000      .000
    .350    -.12647E-02     .35015E-03     .36818E+01    -.63495E+00    -.40600E-01         .000      .000
    .360    -.17554E-02     .22092E-03     .26113E+01    -.41109E+00    -.58250E-01         .000      .000
    .370    -.24251E-02     .63923E-04     .17710E+01    -.27878E+00    -.74576E-01         .000      .000
    .380    -.32184E-02    -.97156E-04     .16730E+01    -.29877E+00    -.82333E-01         .000      .000
    .390    -.40385E-02    -.26615E-03     .22225E+01    -.43718E+00    -.80106E-01         .000      .000
    .400    -.47954E-02    -.46697E-03     .32735E+01    -.66313E+00    -.70348E-01         .000      .000
    .410    -.54355E-02    -.74587E-03     .42845E+01    -.82964E+00    -.57523E-01         .000      .000
    .420    -.59535E-02    -.11559E-02     .39907E+01    -.67000E+00    -.46889E-01         .000      .000
    .430    -.63904E-02    -.17094E-02     .13482E+01    -.31436E-01    -.41387E-01         .000      .000
    .440    -.68053E-02    -.23421E-02    -.34776E+01     .97964E+00    -.43190E-01         .000      .000
    .450    -.72656E-02    -.29225E-02    -.91061E+01     .20452E+01    -.48541E-01         .000      .000
    .460    -.77759E-02    -.32956E-02    -.13568E+02     .27772E+01    -.53933E-01         .000      .000
    .470    -.83685E-02    -.33406E-02    -.14996E+02     .28443E+01    -.66681E-01         .000      .000
    .480    -.91327E-02    -.30244E-02    -.12338E+02     .21205E+01    -.86374E-01         .000      .000
    .490    -.10093E-01    -.24290E-02    -.62685E+01     .83126E+00    -.10518E+00         .000      .000
    .500    -.11232E-01    -.17156E-02     .14259E+01    -.67223E+00    -.12246E+00         .000      .000
    .510    -.12556E-01    -.10684E-02     .93351E+01    -.21477E+01    -.14357E+00         .000      .000
    .520    -.14086E-01    -.67456E-03     .16002E+02    -.32870E+01    -.15960E+00         .000      .000
    .530    -.15658E-01    -.69148E-03     .19404E+02    -.37134E+01    -.14875E+00         .000      .000
    .540    -.16934E-01    -.11809E-02     .18683E+02    -.33925E+01    -.99854E-01         .000      .000
    .550    -.17529E-01    -.21014E-02     .15158E+02    -.26512E+01    -.13164E-01         .000      .000
    .560    -.17109E-01    -.33874E-02     .98027E+01    -.15637E+01     .10000E+00         .000      .000
    .570    -.15480E-01    -.49820E-02     .13323E+01     .22243E+00     .22788E+00         .000      .000
    .580    -.12543E-01    -.67633E-02    -.11970E+02     .29817E+01     .35854E+00         .000      .000
    .590    -.83268E-02    -.84635E-02    -.29696E+02     .64855E+01     .48385E+00         .000      .000
    .600    -.28420E-02    -.96757E-02    -.48855E+02     .10046E+02     .61596E+00         .000      .000
    .610     .40330E-02    -.99393E-02    -.65087E+02     .12784E+02     .75992E+00         .000      .000
    .620     .12365E-01    -.88573E-02    -.73559E+02     .13788E+02     .90608E+00         .000      .000
    .630     .22085E-01    -.62379E-02    -.70891E+02     .12594E+02     .10315E+01         .000      .000
    .640     .32835E-01    -.21868E-02    -.57802E+02     .95984E+01     .11096E+01         .000      .000
    .650     .44065E-01     .29517E-02    -.38472E+02     .57158E+01     .11244E+01         .000      .000
    .660     .55053E-01     .87521E-02    -.17345E+02     .17233E+01     .10583E+01         .000      .000
    .670     .64908E-01     .14837E-01     .34309E+01    -.21119E+01     .89557E+00         .000      .000
    .680     .72669E-01     .20902E-01     .23817E+02    -.58643E+01     .64437E+00         .000      .000
    .690     .77612E-01     .26693E-01     .44687E+02    -.97585E+01     .33832E+00         .000      .000
    .700     .79342E-01     .31958E-01     .67963E+02    -.14242E+02     .40157E-02         .000      .000
    .710     .77650E-01     .36358E-01     .95916E+02    -.19687E+02    -.34320E+00         .000      .000
    .720     .72530E-01     .39344E-01     .12724E+03    -.25544E+02    -.67450E+00         .000      .000
    .730     .64322E-01     .40169E-01     .15477E+03    -.30198E+02    -.95670E+00         .000      .000
    .740     .53547E-01     .38127E-01     .16941E+03    -.31972E+02    -.11931E+01         .000      .000
    .750     .40547E-01     .32804E-01     .16470E+03    -.29805E+02    -.14031E+01         .000      .000
    .760     .25643E-01     .24217E-01     .13667E+03    -.23055E+02    -.15659E+01         .000      .000
    .770     .95224E-02     .12935E-01     .84659E+02    -.11932E+02    -.16410E+01         .000      .000
    .780    -.68047E-02     .14987E-03     .16537E+02     .14895E+01    -.16053E+01         .000      .000
    .790    -.22169E-01    -.12576E-01    -.51928E+02     .14000E+02    -.14466E+01         .000      .000
    .800    -.35298E-01    -.23819E-01    -.10700E+03     .23367E+02    -.11569E+01         .000      .000
    .810    -.44942E-01    -.32633E-01    -.14340E+03     .29052E+02    -.75769E+00         .000      .000
    .820    -.50250E-01    -.38580E-01    -.16207E+03     .31501E+02    -.29781E+00         .000      .000
    .830    -.50822E-01    -.41622E-01    -.16762E+03     .31800E+02     .18529E+00         .000      .000
    .840    -.46577E-01    -.41947E-01    -.16723E+03     .31382E+02     .65909E+00         .000      .000
    .850    -.37761E-01    -.39701E-01    -.16594E+03     .30931E+02     .10967E+01         .000      .000
    .860    -.24883E-01    -.34848E-01    -.16239E+03     .29849E+02     .14623E+01         .000      .000
    .870    -.88800E-02    -.27266E-01    -.15075E+03     .26924E+02     .17183E+01         .000      .000
    .880     .90728E-02    -.16966E-01    -.12527E+03     .21168E+02     .18509E+01         .000      .000
    .890     .27634E-01    -.42635E-02    -.82957E+02     .12190E+02     .18323E+01         .000      .000
    .900     .45147E-01     .10138E-01    -.23674E+02     .13874E+00     .16424E+01         .000      .000
    .910     .59941E-01     .25121E-01     .48483E+02    -.13911E+02     .12907E+01         .000      .000
    .920     .70447E-01     .39254E-01     .12433E+03    -.28015E+02     .78582E+00         .000      .000
    .930     .75267E-01     .51049E-01     .19368E+03    -.40324E+02     .16477E+00         .000      .000
    .940     .73638E-01     .59203E-01     .24846E+03    -.49471E+02    -.48735E+00         .000      .000
    .950     .65786E-01     .62745E-01     .28320E+03    -.54642E+02    -.10598E+01         .000      .000
    .960     .53000E-01     .61116E-01     .29631E+03    -.55792E+02    -.14651E+01         .000      .000
    .970     .36911E-01     .54107E-01     .28831E+03    -.52981E+02    -.17425E+01         .000      .000
    .980     .18206E-01     .41739E-01     .25627E+03    -.45263E+02    -.20024E+01         .000      .000
    .990    -.31030E-02     .24371E-01     .19083E+03    -.30581E+02    -.22511E+01         .000      .000
   1.000    -.26533E-01     .31557E-02     .84766E+02    -.82102E+01    -.24153E+01         .000      .000
   1.010    -.50742E-01    -.19539E-01    -.48990E+02     .17901E+02    -.23818E+01         .000      .000
   1.020    -.73140E-01    -.40557E-01    -.17600E+03     .40471E+02    -.20424E+01         .000      .000
   1.030    -.90653E-01    -.57122E-01    -.26301E+03     .53920E+02    -.14234E+01         .000      .000
   1.040    -.10111E+00    -.67805E-01    -.29704E+03     .57197E+02    -.65428E+00         .000      .000
   1.050    -.10370E+00    -.72710E-01    -.28949E+03     .53770E+02     .12761E+00         .000      .000
   1.060    -.98779E-01    -.72882E-01    -.26714E+03     .49132E+02     .84452E+00         .000      .000
   1.070    -.87055E-01    -.69300E-01    -.25233E+03     .46754E+02     .14891E+01         .000      .000
   1.080    -.69196E-01    -.62211E-01    -.24812E+03     .46030E+02     .20733E+01         .000      .000
   1.090    -.45704E-01    -.51227E-01    -.24011E+03     .43559E+02     .26214E+01         .000      .000
   1.100    -.16861E-01    -.35962E-01    -.20976E+03     .35960E+02     .31406E+01         .000      .000
   1.110     .16811E-01    -.16664E-01    -.14605E+03     .21763E+02     .35708E+01         .000      .000
   1.120     .53983E-01     .54469E-02    -.50860E+02     .21690E+01     .38307E+01         .000      .000
   1.130     .92678E-01     .28250E-01     .58802E+02    -.18771E+02     .38689E+01         .000      .000
   1.140     .13060E+00     .49284E-01     .15654E+03    -.35882E+02     .36810E+01         .000      .000
   1.150     .16554E+00     .66572E-01     .22124E+03    -.45821E+02     .32678E+01         .000      .000
   1.160     .19519E+00     .79162E-01     .24700E+03    -.48354E+02     .26235E+01         .000      .000
   1.170     .21739E+00     .87129E-01     .24101E+03    -.45388E+02     .17921E+01         .000      .000
   1.180     .23052E+00     .91257E-01     .21681E+03    -.39780E+02     .80802E+00         .000      .000
   1.190     .23330E+00     .92660E-01     .19220E+03    -.35126E+02    -.25291E+00         .000      .000
   1.200     .22555E+00     .92254E-01     .18419E+03    -.34403E+02    -.12882E+01         .000      .000
   1.210     .20757E+00     .90270E-01     .20026E+03    -.38359E+02    -.23145E+01         .000      .000
   1.220     .17912E+00     .86082E-01     .23514E+03    -.45209E+02    -.33834E+01         .000      .000
   1.230     .13989E+00     .78398E-01     .26924E+03    -.50499E+02    -.44521E+01         .000      .000
   1.240     .90366E-01     .65973E-01     .27687E+03    -.49600E+02    -.54322E+01         .000      .000
   1.250     .31942E-01     .48481E-01     .24758E+03    -.41867E+02    -.62053E+01         .000      .000
   1.260    -.32650E-01     .26672E-01     .19246E+03    -.30309E+02    -.66530E+01         .000      .000
   1.270    -.99911E-01     .17753E-02     .12812E+03    -.17947E+02    -.67396E+01         .000      .000
   1.280    -.16639E+00    -.25081E-01     .63915E+02    -.59813E+01    -.65097E+01         .000      .000
   1.290    -.22934E+00    -.53084E-01    -.14091E+01     .64413E+01    -.60497E+01         .000      .000
   1.300    -.28679E+00    -.81566E-01    -.77185E+02     .21384E+02    -.54120E+01         .000      .000
   1.310    -.33698E+00    -.10955E+00    -.17185E+03     .40082E+02    -.45949E+01         .000      .000
   1.320    -.37803E+00    -.13539E+00    -.28218E+03     .61082E+02    -.35811E+01         .000      .000
   1.330    -.40786E+00    -.15683E+00    -.39067E+03     .80415E+02    -.23473E+01         .000      .000
   1.340    -.42437E+00    -.17161E+00    -.47448E+03     .93803E+02    -.93313E+00         .000      .000
   1.350    -.42619E+00    -.17809E+00    -.51674E+03     .98623E+02     .58239E+00         .000      .000
   1.360    -.41262E+00    -.17571E+00    -.51299E+03     .94830E+02     .21283E+01         .000      .000
   1.370    -.38390E+00    -.16497E+00    -.47135E+03     .84562E+02     .35903E+01         .000      .000
   1.380    -.34151E+00    -.14708E+00    -.40535E+03     .70539E+02     .48448E+01         .000      .000
   1.390    -.28827E+00    -.12351E+00    -.32862E+03     .55383E+02     .57208E+01         .000      .000
   1.400    -.22894E+00    -.95710E-01    -.25226E+03     .41010E+02     .60424E+01         .000      .000
   1.410    -.16912E+00    -.64722E-01    -.18002E+03     .27582E+02     .58560E+01         .000      .000
   1.420    -.11274E+00    -.31112E-01    -.10417E+03     .12755E+02     .53938E+01         .000      .000
   1.430    -.61636E-01     .47585E-02    -.16500E+01    -.87423E+01     .48118E+01         .000      .000
   1.440    -.16988E-01     .41766E-01     .15469E+03    -.41449E+02     .40846E+01         .000      .000
   1.450     .19276E-01     .76822E-01     .36115E+03    -.82014E+02     .31266E+01         .000      .000
   1.460     .44660E-01     .10496E+00     .56597E+03    -.11838E+03     .19083E+01         .000      .000
   1.470     .56988E-01     .12122E+00     .70124E+03    -.13819E+03     .55719E+00         .000      .000
   1.480     .56096E-01     .12277E+00     .72817E+03    -.13651E+03    -.70622E+00         .000      .000
   1.490     .43688E-01     .10973E+00     .65108E+03    -.11638E+03    -.17246E+01         .000      .000
   1.500     .22678E-01     .84558E-01     .50130E+03    -.84565E+02    -.24235E+01         .000      .000
   1.510    -.36747E-02     .50907E-01     .31250E+03    -.47123E+02    -.27924E+01         .000      .000
   1.520    -.32049E-01     .12731E-01     .10930E+03    -.82452E+01    -.28268E+01         .000      .000
   1.530    -.59221E-01    -.26081E-01    -.89727E+02     .28757E+02    -.25654E+01         .000      .000
   1.540    -.82595E-01    -.61967E-01    -.26899E+03     .61151E+02    -.20764E+01         .000      .000
   1.550    -.99984E-01    -.91933E-01    -.41858E+03     .87474E+02    -.13587E+01         .000      .000
   1.560    -.10913E+00    -.11359E+00    -.53451E+03     .10712E+03    -.45044E+00         .000      .000
   1.570    -.10887E+00    -.12505E+00    -.60956E+03     .11837E+03     .49378E+00         .000      .000
   1.580    -.99528E-01    -.12503E+00    -.63174E+03     .11905E+03     .13563E+01         .000      .000
   1.590    -.82227E-01    -.11328E+00    -.59661E+03     .10897E+03     .20743E+01         .000      .000
   1.600    -.58732E-01    -.90579E-01    -.50682E+03     .88705E+02     .25856E+01         .000      .000
   1.610    -.31268E-01    -.58582E-01    -.36218E+03     .58066E+02     .28713E+01         .000      .000
   1.620    -.19930E-02    -.20043E-01    -.16648E+03     .18384E+02     .29522E+01         .000      .000
   1.630     .26949E-01     .21107E-01     .61820E+02    -.25984E+02     .27873E+01         .000      .000
   1.640     .52754E-01     .60177E-01     .29278E+03    -.68884E+02     .23255E+01         .000      .000
   1.650     .72638E-01     .92428E-01     .49082E+03    -.10338E+03     .16201E+01         .000      .000
   1.660     .84604E-01     .11396E+00     .62190E+03    -.12350E+03     .75083E+00         .000      .000
   1.670     .87422E-01     .12258E+00     .66897E+03    -.12734E+03    -.18827E+00         .000      .000
   1.680     .80887E-01     .11806E+00     .63693E+03    -.11684E+03    -.11139E+01         .000      .000
   1.690     .65398E-01     .10173E+00     .54109E+03    -.95190E+02    -.19647E+01         .000      .000
   1.700     .42073E-01     .75993E-01     .39935E+03    -.65921E+02    -.26728E+01         .000      .000
   1.710     .12542E-01     .43965E-01     .23113E+03    -.32828E+02    -.32024E+01         .000      .000
   1.720    -.21221E-01     .90414E-02     .56728E+02     .24211E+00    -.35072E+01         .000      .000
   1.730    -.56743E-01    -.25499E-01    -.10650E+03     .30259E+02    -.35555E+01         .000      .000
   1.740    -.91531E-01    -.56798E-01    -.24640E+03     .55171E+02    -.33649E+01         .000      .000
   1.750    -.12319E+00    -.82563E-01    -.35442E+03     .73539E+02    -.29207E+01         .000      .000
   1.760    -.14907E+00    -.10117E+00    -.42590E+03     .84696E+02    -.22142E+01         .000      .000
   1.770    -.16682E+00    -.11168E+00    -.45844E+03     .88235E+02    -.13097E+01         .000      .000
   1.780    -.17496E+00    -.11386E+00    -.45050E+03     .84087E+02    -.31258E+00         .000      .000
   1.790    -.17313E+00    -.10830E+00    -.40737E+03     .73827E+02     .66795E+00         .000      .000
   1.800    -.16194E+00    -.96215E-01    -.34208E+03     .60192E+02     .15465E+01         .000      .000
   1.810    -.14263E+00    -.79037E-01    -.26613E+03     .45038E+02     .22952E+01         .000      .000
   1.820    -.11635E+00    -.58109E-01    -.18335E+03     .28664E+02     .29487E+01         .000      .000
   1.830    -.84028E-01    -.34753E-01    -.92622E+02     .10732E+02     .34909E+01         .000      .000
   1.840    -.47152E-01    -.10471E-01     .62227E+01    -.85128E+01     .38486E+01         .000      .000
   1.850    -.78026E-02     .12898E-01     .10513E+03    -.26904E+02     .39837E+01         .000      .000
   1.860     .31768E-01     .33402E-01     .18630E+03    -.40759E+02     .38943E+01         .000      .000
   1.870     .69652E-01     .49576E-01     .23462E+03    -.47807E+02     .36759E+01         .000      .000
   1.880     .10519E+00     .60857E-01     .24844E+03    -.48562E+02     .34279E+01         .000      .000
   1.890     .13814E+00     .67474E-01     .23707E+03    -.45185E+02     .31593E+01         .000      .000
   1.900     .16817E+00     .70027E-01     .21098E+03    -.39383E+02     .28280E+01         .000      .000
   1.910     .19432E+00     .69151E-01     .17217E+03    -.30986E+02     .23808E+01         .000      .000
   1.920     .21538E+00     .65639E-01     .11760E+03    -.19468E+02     .18124E+01         .000      .000
   1.930     .23038E+00     .60734E-01     .51194E+02    -.62276E+01     .11880E+01         .000      .000
   1.940     .23929E+00     .56087E-01    -.11585E+02     .52052E+01     .60734E+00         .000      .000
   1.950     .24286E+00     .53271E-01    -.50143E+02     .10893E+02     .12531E+00         .000      .000
   1.960     .24214E+00     .53131E-01    -.49841E+02     .86911E+01    -.25471E+00         .000      .000
   1.970     .23789E+00     .55364E-01    -.11649E+02    -.19048E+00    -.59659E+00         .000      .000
   1.980     .23008E+00     .58639E-01     .47194E+02    -.11726E+02    -.97343E+00         .000      .000
   1.990     .21829E+00     .61207E-01     .10227E+03    -.21196E+02    -.13872E+01         .000      .000
   2.000     .20236E+00     .61665E-01     .13420E+03    -.25542E+02    -.17957E+01         .000      .000
   2.010     .18266E+00     .59473E-01     .13878E+03    -.24959E+02    -.21224E+01         .000      .000
   2.020     .16050E+00     .54885E-01     .12625E+03    -.21975E+02    -.22731E+01         .000      .000
   2.030     .13781E+00     .48466E-01     .11039E+03    -.19110E+02    -.22402E+01         .000      .000
   2.040     .11599E+00     .40586E-01     .99062E+02    -.17306E+02    -.21192E+01         .000      .000
   2.050     .95481E-01     .31192E-01     .88236E+02    -.15004E+02    -.19801E+01         .000      .000
   2.060     .76134E-01     .20044E-01     .62580E+02    -.89026E+01    -.19151E+01         .000      .000
   2.070     .57043E-01     .73751E-02     .10043E+02     .25936E+01    -.18911E+01         .000      .000
   2.080     .38772E-01    -.56632E-02    -.64940E+02     .17592E+02    -.17306E+01         .000      .000
   2.090     .22975E-01    -.17171E-01    -.14182E+03     .31363E+02    -.14091E+01         .000      .000
   2.100     .10910E-01    -.25217E-01    -.19092E+03     .38279E+02    -.99324E+00         .000      .000
   2.110     .31853E-02    -.28870E-01    -.19660E+03     .36870E+02    -.55425E+00         .000      .000
   2.120    -.30540E-03    -.28545E-01    -.17120E+03     .30760E+02    -.15273E+00         .000      .000
   2.130    -.35286E-04    -.25291E-01    -.13587E+03     .23750E+02     .19992E+00         .000      .000
   2.140     .35913E-02    -.20061E-01    -.10168E+03     .17285E+02     .52224E+00         .000      .000
   2.150     .10367E-01    -.13538E-01    -.71047E+02     .11538E+02     .83192E+00         .000      .000
   2.160     .20274E-01    -.62102E-02    -.43709E+02     .63709E+01     .11548E+01         .000      .000
   2.170     .33317E-01     .15474E-02    -.18391E+02     .15168E+01     .14336E+01         .000      .000
   2.180     .48424E-01     .93904E-02     .65345E+01    -.32472E+01     .15561E+01         .000      .000
   2.190     .64207E-01     .16908E-01     .29440E+02    -.73332E+01     .16096E+01         .000      .000
   2.200     .80903E-01     .23718E-01     .44338E+02    -.96745E+01     .17492E+01         .000      .000
   2.210     .99573E-01     .29750E-01     .53401E+02    -.11497E+02     .20022E+01         .000      .000
   2.220     .12123E+00     .35034E-01     .68514E+02    -.15001E+02     .23411E+01         .000      .000
   2.230     .14636E+00     .39081E-01     .86820E+02    -.18255E+02     .26724E+01         .000      .000
   2.240     .17442E+00     .41074E-01     .85729E+02    -.16412E+02     .29262E+01         .000      .000
   2.250     .20473E+00     .40823E-01     .47540E+02    -.70381E+01     .31323E+01         .000      .000
   2.260     .23707E+00     .39364E-01    -.23721E+02     .77754E+01     .33374E+01         .000      .000
   2.270     .27161E+00     .38733E-01    -.10409E+03     .22662E+02     .35804E+01         .000      .000
   2.280     .30884E+00     .41122E-01    -.16429E+03     .32244E+02     .38712E+01         .000      .000
   2.290     .34910E+00     .48006E-01    -.18522E+03     .33708E+02     .41798E+01         .000      .000
   2.300     .39232E+00     .59720E-01    -.16296E+03     .27139E+02     .44537E+01         .000      .000
   2.310     .43784E+00     .75489E-01    -.10669E+03     .14949E+02     .46309E+01         .000      .000
   2.320     .48443E+00     .93791E-01    -.34393E+02     .89946E+00     .46587E+01         .000      .000
   2.330     .53042E+00     .11292E+00     .34398E+02    -.11436E+02     .45085E+01         .000      .000
   2.340     .57399E+00     .13156E+00     .87115E+02    -.20244E+02     .41744E+01         .000      .000
   2.350     .61329E+00     .14903E+00     .12317E+03    -.26098E+02     .36547E+01         .000      .000
   2.360     .64636E+00     .16521E+00     .15210E+03    -.31190E+02     .29181E+01         .000      .000
   2.370     .67084E+00     .18013E+00     .18606E+03    -.37733E+02     .19376E+01         .000      .000
   2.380     .68444E+00     .19351E+00     .23205E+03    -.46663E+02     .75405E+00         .000      .000
   2.390     .68544E+00     .20469E+00     .28996E+03    -.57683E+02    -.57399E+00         .000      .000
   2.400     .67265E+00     .21262E+00     .35654E+03    -.70102E+02    -.19929E+01         .000      .000
   2.410     .64556E+00     .21592E+00     .42520E+03    -.82375E+02    -.34166E+01         .000      .000
   2.420     .60467E+00     .21298E+00     .48193E+03    -.91499E+02    -.47350E+01         .000      .000
   2.430     .55136E+00     .20239E+00     .50992E+03    -.94408E+02    -.59022E+01         .000      .000
   2.440     .48724E+00     .18335E+00     .49797E+03    -.89378E+02    -.68854E+01         .000      .000
   2.450     .41458E+00     .15589E+00     .44018E+03    -.75507E+02    -.75905E+01         .000      .000
   2.460     .33655E+00     .12101E+00     .33501E+03    -.52944E+02    -.79594E+01         .000      .000
   2.470     .25658E+00     .80777E-01     .19250E+03    -.24352E+02    -.79749E+01         .000      .000
   2.480     .17831E+00     .37977E-01     .31982E+02     .64153E+01    -.76133E+01         .000      .000
   2.490     .10547E+00    -.44163E-02    -.12992E+03     .36546E+02    -.69066E+01         .000      .000
   2.500     .41123E-01    -.43566E-01    -.28112E+03     .63897E+02    -.59187E+01         .000      .000
   2.510    -.12196E-01    -.76927E-01    -.41107E+03     .86613E+02    -.47183E+01         .000      .000
   2.520    -.52727E-01    -.10240E+00    -.51226E+03     .10347E+03    -.33639E+01         .000      .000
   2.530    -.78920E-01    -.11837E+00    -.57878E+03     .11333E+03    -.18443E+01         .000      .000
   2.540    -.89073E-01    -.12382E+00    -.60361E+03     .11479E+03    -.16347E+00         .000      .000
   2.550    -.82088E-01    -.11843E+00    -.57933E+03     .10658E+03     .15477E+01         .000      .000
   2.560    -.58804E-01    -.10296E+00    -.50542E+03     .89409E+02     .30541E+01         .000      .000
   2.570    -.22110E-01    -.79282E-01    -.39759E+03     .67269E+02     .42316E+01         .000      .000
   2.580     .24509E-01    -.49790E-01    -.28213E+03     .45214E+02     .50155E+01         .000      .000
   2.590     .76745E-01    -.16511E-01    -.17284E+03     .24619E+02     .53628E+01         .000      .000
   2.600     .13065E+00     .19147E-01    -.61735E+02     .30878E+01     .53764E+01         .000      .000
   2.610     .18336E+00     .55817E-01     .62677E+02    -.21304E+02     .51168E+01         .000      .000
   2.620     .23218E+00     .91675E-01     .20447E+03    -.48922E+02     .46133E+01         .000      .000
   2.630     .27502E+00     .12422E+00     .35763E+03    -.77874E+02     .39282E+01         .000      .000
   2.640     .31027E+00     .15035E+00     .49996E+03    -.10312E+03     .31032E+01         .000      .000
   2.650     .33697E+00     .16703E+00     .60099E+03    -.11887E+03     .22465E+01         .000      .000
   2.660     .35544E+00     .17216E+00     .63558E+03    -.12094E+03     .14650E+01         .000      .000
   2.670     .36665E+00     .16515E+00     .59204E+03    -.10801E+03     .79584E+00         .000      .000
   2.680     .37184E+00     .14720E+00     .47468E+03    -.81715E+02     .27047E+00         .000      .000
   2.690     .37268E+00     .12104E+00     .29890E+03    -.45474E+02    -.70227E-01         .000      .000
   2.700     .37123E+00     .90594E-01     .89236E+02    -.45470E+01    -.17512E+00         .000      .000
   2.710     .37013E+00     .60444E-01    -.12004E+03     .34118E+02     .32106E-02         .000      .000
   2.720     .37242E+00     .34936E-01    -.29335E+03     .64040E+02     .51685E+00         .000      .000
   2.730     .38168E+00     .17296E-01    -.40693E+03     .81607E+02     .13946E+01         .000      .000
   2.740     .40133E+00     .91501E-02    -.45474E+03     .86674E+02     .25752E+01         .000      .000
   2.750     .43377E+00     .10548E-01    -.44679E+03     .82015E+02     .39325E+01         .000      .000
   2.760     .48007E+00     .20371E-01    -.40584E+03     .72593E+02     .53199E+01         .000      .000
   2.770     .53998E+00     .37093E-01    -.35882E+03     .63399E+02     .66518E+01         .000      .000
   2.780     .61273E+00     .59628E-01    -.32159E+03     .56479E+02     .78720E+01         .000      .000
   2.790     .69691E+00     .87710E-01    -.28927E+03     .49768E+02     .89364E+01         .000      .000
   2.800     .79092E+00     .12152E+00    -.24219E+03     .39146E+02     .98367E+01         .000      .000
   2.810     .89281E+00     .16090E+00    -.16236E+03     .21677E+02     .10488E+02         .000      .000
   2.820     .99925E+00     .20477E+00    -.43460E+02    -.29798E+01     .10712E+02         .000      .000
   2.830     .11049E+01     .25096E+00     .10450E+03    -.31842E+02     .10300E+02         .000      .000
   2.840     .12027E+01     .29655E+00     .25575E+03    -.59355E+02     .91415E+01         .000      .000
   2.850     .12850E+01     .33880E+00     .38381E+03    -.81039E+02     .71703E+01         .000      .000
   2.860     .13434E+01     .37602E+00     .48220E+03    -.97122E+02     .43794E+01         .000      .000
   2.870     .13709E+01     .40755E+00     .56781E+03    -.11189E+03     .10850E+01         .000      .000
   2.880     .13643E+01     .43307E+00     .66628E+03    -.13053E+03    -.24430E+01         .000      .000
   2.890     .13212E+01     .45172E+00     .80435E+03    -.15797E+03    -.62469E+01         .000      .000
   2.900     .12382E+01     .46099E+00     .99078E+03    -.19377E+03    -.10399E+02         .000      .000
   2.910     .11119E+01     .45628E+00     .11831E+04    -.22686E+03    -.14916E+02         .000      .000
   2.920     .93897E+00     .43255E+00     .13085E+04    -.24343E+03    -.19714E+02         .000      .000
   2.930     .71736E+00     .38679E+00     .13229E+04    -.23782E+03    -.24602E+02         .000      .000
   2.940     .44723E+00     .31903E+00     .12298E+04    -.21308E+03    -.29401E+02         .000      .000
   2.950     .13015E+00     .23172E+00     .10614E+04    -.17628E+03    -.33961E+02         .000      .000
   2.960    -.23075E+00     .12861E+00     .85686E+03    -.13492E+03    -.38154E+02         .000      .000
   2.970    -.63155E+00     .13623E-01     .65013E+03    -.95012E+02    -.41937E+02         .000      .000
   2.980    -.10681E+01    -.10991E+00     .46430E+03    -.60177E+02    -.45290E+02         .000      .000
   2.990    -.15359E+01    -.23974E+00     .30574E+03    -.30553E+02    -.48200E+02         .000      .000
   3.000    -.20303E+01    -.37475E+00     .15746E+03    -.14685E+01    -.50585E+02         .000      .000
   3.010    -.25439E+01    -.51406E+00    -.13022E+02     .32781E+02    -.51875E+02         .000      .000
   3.020    -.30629E+01    -.65561E+00    -.20825E+03     .69835E+02    -.51692E+02         .000      .000
   3.030    -.35747E+01    -.79640E+00    -.38775E+03     .10084E+03    -.50598E+02         .000      .000
   3.040    -.40736E+01    -.93449E+00    -.52315E+03     .12348E+03    -.49117E+02         .000      .000
   3.050    -.45562E+01    -.10700E+01    -.65901E+03     .15041E+03    -.47380E+02         .000      .000
   3.060    -.50204E+01    -.12029E+01    -.86797E+03     .19379E+03    -.45406E+02         .000      .000
   3.070    -.54641E+01    -.13296E+01    -.11496E+04     .24871E+03    -.43364E+02         .000      .000
   3.080    -.58901E+01    -.14439E+01    -.14388E+04     .30077E+03    -.42075E+02         .000      .000
   3.090    -.63094E+01    -.15386E+01    -.16354E+04     .32937E+03    -.41921E+02         .000      .000
   3.100    -.67301E+01    -.16092E+01    -.16437E+04     .31978E+03    -.42223E+02         .000      .000
   3.110    -.71543E+01    -.16573E+01    -.15046E+04     .28849E+03    -.42675E+02         .000      .000
   3.120    -.75846E+01    -.16863E+01    -.13045E+04     .24630E+03    -.43430E+02         .000      .000
   3.130    -.80243E+01    -.16984E+01    -.96353E+03     .17034E+03    -.44600E+02         .000      .000
   3.140    -.84783E+01    -.17004E+01    -.42434E+03     .60327E+02    -.46288E+02         .000      .000
   3.150    -.89506E+01    -.17066E+01     .12300E+03    -.36087E+02    -.48102E+02         .000      .000
   3.160    -.94386E+01    -.17299E+01     .44565E+03    -.81707E+02    -.49371E+02         .000      .000
   3.170    -.99346E+01    -.17746E+01     .51330E+03    -.83591E+02    -.49626E+02         .000      .000
   3.180    -.10427E+02    -.18372E+01     .46928E+03    -.74444E+02    -.48787E+02         .000      .000
   3.190    -.10908E+02    -.19136E+01     .45336E+03    -.75396E+02    -.47346E+02         .000      .000
   3.200    -.11374E+02    -.20036E+01     .46876E+03    -.78960E+02    -.45708E+02         .000      .000
   3.210    -.11822E+02    -.21096E+01     .42638E+03    -.66555E+02    -.43789E+02         .000      .000
   3.220    -.12247E+02    -.22322E+01     .26494E+03    -.30474E+02    -.41243E+02         .000      .000
   3.230    -.12643E+02    -.23693E+01    -.12811E+02     .26269E+02    -.37549E+02         .000      .000
   3.240    -.12993E+02    -.25158E+01    -.37218E+03     .94529E+02    -.32300E+02         .000      .000
   3.250    -.13284E+02    -.26658E+01    -.75351E+03     .16565E+03    -.25721E+02         .000      .000
   3.260    -.13504E+02    -.28150E+01    -.12301E+04     .26050E+03    -.18213E+02         .000      .000
   3.270    -.13645E+02    -.29545E+01    -.18265E+04     .37251E+03    -.96969E+01         .000      .000
   3.280    -.13695E+02    -.30700E+01    -.23032E+04     .44552E+03    -.25696E+00         .000      .000
   3.290    -.13649E+02    -.31543E+01    -.25805E+04     .48553E+03     .95923E+01         .000      .000
   3.300    -.13503E+02    -.32056E+01    -.27365E+04     .50917E+03     .19502E+02         .000      .000
   3.310    -.13259E+02    -.32237E+01    -.29993E+04     .56478E+03     .29410E+02         .000      .000
   3.320    -.12916E+02    -.32004E+01    -.33355E+04     .62027E+03     .38900E+02         .000      .000
   3.330    -.12487E+02    -.31244E+01    -.34256E+04     .61403E+03     .46402E+02         .000      .000
   3.340    -.12000E+02    -.29945E+01    -.31388E+04     .54114E+03     .50430E+02         .000      .000
   3.350    -.11489E+02    -.28212E+01    -.27237E+04     .46462E+03     .51452E+02         .000      .000
   3.360    -.10977E+02    -.26130E+01    -.24170E+04     .41285E+03     .50734E+02         .000      .000
   3.370    -.10479E+02    -.23677E+01    -.20585E+04     .33240E+03     .48518E+02         .000      .000
   3.380    -.10010E+02    -.20818E+01    -.12371E+04     .14369E+03     .45062E+02         .000      .000
   3.390    -.95800E+01    -.17691E+01     .20134E+03    -.15241E+03     .40976E+02         .000      .000
   3.400    -.91920E+01    -.14680E+01     .16000E+04    -.39158E+03     .36620E+02         .000      .000
   3.410    -.88466E+01    -.12093E+01     .25766E+04    -.55916E+03     .32551E+02         .000      .000
   3.420    -.85399E+01    -.10084E+01     .33721E+04    -.69671E+03     .28812E+02         .000      .000
   3.430    -.82700E+01    -.88196E+00     .37302E+04    -.73152E+03     .25202E+02         .000      .000
   3.440    -.80348E+01    -.83407E+00     .36660E+04    -.70262E+03     .21890E+02         .000      .000
   3.450    -.78305E+01    -.86052E+00     .32855E+04    -.60388E+03     .19102E+02         .000      .000
   3.460    -.76487E+01    -.95313E+00     .23961E+04    -.40731E+03     .17514E+02         .000      .000
   3.470    -.74735E+01    -.10896E+01     .11745E+04    -.16540E+03     .17928E+02         .000      .000
   3.480    -.72824E+01    -.12414E+01    -.76177E+02     .65979E+02     .20659E+02         .000      .000
   3.490    -.70546E+01    -.13820E+01    -.10522E+04     .22566E+03     .25062E+02         .000      .000
   3.500    -.67817E+01    -.14953E+01    -.16779E+04     .33388E+03     .29322E+02         .000      .000
   3.510    -.64717E+01    -.15756E+01    -.23663E+04     .47034E+03     .32530E+02         .000      .000
   3.520    -.61339E+01    -.16072E+01    -.28401E+04     .52899E+03     .34865E+02         .000      .000
   3.530    -.57784E+01    -.15823E+01    -.27438E+04     .48514E+03     .36018E+02         .000      .000
   3.540    -.54161E+01    -.15115E+01    -.23891E+04     .41345E+03     .36414E+02         .000      .000
   3.550    -.50493E+01    -.14086E+01    -.21124E+04     .37169E+03     .37081E+02         .000      .000
   3.560    -.46693E+01    -.12778E+01    -.19960E+04     .35135E+03     .39273E+02         .000      .000
   3.570    -.42566E+01    -.11144E+01    -.17465E+04     .28731E+03     .43631E+02         .000      .000
   3.580    -.37912E+01    -.91900E+00    -.11768E+04     .15877E+03     .49651E+02         .000      .000
   3.590    -.32638E+01    -.70340E+00    -.33235E+03    -.15128E+02     .55593E+02         .000      .000
   3.600    -.26862E+01    -.48817E+00     .58710E+03    -.18721E+03     .59488E+02         .000      .000
   3.610    -.20796E+01    -.29663E+00     .12502E+04    -.28938E+03     .61766E+02         .000      .000
   3.620    -.14507E+01    -.14303E+00     .13697E+04    -.28064E+03     .64118E+02         .000      .000
   3.630    -.79541E+00    -.23532E-01     .10211E+04    -.19674E+03     .66984E+02         .000      .000
   3.640    -.10932E+00     .77881E-01     .51684E+03    -.10200E+03     .70326E+02         .000      .000
   3.650     .61318E+00     .17722E+00     .13184E+03    -.39779E+02     .74283E+02         .000      .000
   3.660     .13784E+01     .28290E+00    -.92390E+02    -.57228E+01     .78857E+02         .000      .000
   3.670     .21922E+01     .39824E+00    -.19596E+03     .52890E+01     .83987E+02         .000      .000
   3.680     .30590E+01     .52377E+00    -.15590E+03    -.12278E+02     .89385E+02         .000      .000
   3.690     .39794E+01     .65458E+00    -.29740E+02    -.37240E+02     .94645E+02         .000      .000
   3.700     .49514E+01     .78214E+00    -.68367E+02    -.14148E+02     .99779E+02         .000      .000
   3.710     .59763E+01     .90542E+00    -.47316E+03     .80182E+02     .10529E+03         .000      .000
   3.720     .70595E+01     .10382E+01    -.10382E+04     .18275E+03     .11144E+03         .000      .000
   3.730     .82038E+01     .11980E+01    -.13611E+04     .22239E+03     .11720E+03         .000      .000
   3.740     .93982E+01     .13907E+01    -.13410E+04     .20278E+03     .12137E+03         .000      .000
   3.750     .10625E+02     .16111E+01    -.11789E+04     .17054E+03     .12365E+03         .000      .000
   3.760     .11865E+02     .18528E+01    -.10622E+04     .15369E+03     .12415E+03         .000      .000
   3.770     .13102E+02     .21152E+01    -.99694E+03     .14215E+03     .12298E+03         .000      .000
   3.780     .14320E+02     .24015E+01    -.81801E+03     .99057E+02     .12048E+03         .000      .000
   3.790     .15509E+02     .27106E+01    -.40907E+03     .12028E+02     .11710E+03         .000      .000
   3.800     .16660E+02     .30333E+01     .10461E+03    -.81712E+02     .11289E+03         .000      .000
   3.810     .17765E+02     .33592E+01     .52081E+03    -.14977E+03     .10807E+03         .000      .000
   3.820     .18820E+02     .36847E+01     .85631E+03    -.21235E+03     .10307E+03         .000      .000
   3.830     .19825E+02     .40095E+01     .13705E+04    -.32163E+03     .97810E+02         .000      .000
   3.840     .20774E+02     .43223E+01     .19896E+04    -.42719E+03     .91832E+02         .000      .000
   3.850     .21660E+02     .46091E+01     .23155E+04    -.47012E+03     .85336E+02         .000      .000
   3.860     .22480E+02     .48696E+01     .25343E+04    -.50674E+03     .78459E+02         .000      .000
   3.870     .23228E+02     .51029E+01     .27228E+04    -.53852E+03     .71059E+02         .000      .000
   3.880     .23898E+02     .53069E+01     .29649E+04    -.58445E+03     .62876E+02         .000      .000
   3.890     .24482E+02     .54757E+01     .32283E+04    -.62720E+03     .53769E+02         .000      .000
   3.900     .24971E+02     .56019E+01     .33695E+04    -.63960E+03     .43988E+02         .000      .000
   3.910     .25361E+02     .56823E+01     .33029E+04    -.60848E+03     .33986E+02         .000      .000
   3.920     .25652E+02     .57200E+01     .29749E+04    -.52907E+03     .24365E+02         .000      .000
   3.930     .25851E+02     .57256E+01     .25314E+04    -.44057E+03     .15597E+02         .000      .000
   3.940     .25967E+02     .57114E+01     .21636E+04    -.37419E+03     .77013E+01         .000      .000
   3.950     .26007E+02     .56855E+01     .19491E+04    -.34040E+03     .46537E+00         .000      .000
   3.960     .25977E+02     .56510E+01     .19397E+04    -.34669E+03    -.64375E+01         .000      .000
   3.970     .25879E+02     .56029E+01     .20232E+04    -.35779E+03    -.13243E+02         .000      .000
   3.980     .25713E+02     .55347E+01     .19691E+04    -.33466E+03    -.19807E+02         .000      .000
   3.990     .25485E+02     .54465E+01     .17693E+04    -.28913E+03    -.25665E+02         .000      .000
   4.000     .25205E+02     .53423E+01     .14931E+04    -.23057E+03    -.30050E+02         .000      .000
   4.010     .24891E+02     .52274E+01     .11333E+04    -.15788E+03    -.32407E+02         .000      .000
   4.020     .24564E+02     .51101E+01     .78630E+03    -.97781E+02    -.32685E+02         .000      .000
   4.030     .24241E+02     .49978E+01     .60578E+03    -.75122E+02    -.31716E+02         .000      .000
   4.040     .23929E+02     .48905E+01     .57765E+03    -.75252E+02    -.30849E+02         .000      .000
   4.050     .23623E+02     .47834E+01     .54532E+03    -.64941E+02    -.30318E+02         .000      .000
   4.060     .23324E+02     .46730E+01     .37164E+03    -.22887E+02    -.29574E+02         .000      .000
   4.070     .23033E+02     .45618E+01     .42332E+02     .44249E+02    -.28444E+02         .000      .000
   4.080     .22755E+02     .44583E+01    -.26691E+03     .96804E+02    -.27157E+02         .000      .000
   4.090     .22490E+02     .43687E+01    -.51085E+03     .14109E+03    -.25992E+02         .000      .000
   4.100     .22234E+02     .42983E+01    -.70985E+03     .17352E+03    -.25316E+02         .000      .000
   4.110     .21981E+02     .42519E+01    -.78877E+03     .18121E+03    -.25269E+02         .000      .000
   4.120     .21729E+02     .42316E+01    -.72403E+03     .15801E+03    -.25138E+02         .000      .000
   4.130     .21480E+02     .42372E+01    -.39810E+03     .78570E+02    -.24520E+02         .000      .000
   4.140     .21238E+02     .42609E+01     .20795E+03    -.49664E+02    -.23875E+02         .000      .000
   4.150     .21001E+02     .42861E+01     .93212E+03    -.18772E+03    -.23602E+02         .000      .000
   4.160     .20765E+02     .42931E+01     .15202E+04    -.28528E+03    -.23716E+02         .000      .000
   4.170     .20526E+02     .42676E+01     .17643E+04    -.30996E+03    -.23991E+02         .000      .000
   4.180     .20286E+02     .42058E+01     .16290E+04    -.26550E+03    -.23969E+02         .000      .000
   4.190     .20050E+02     .41140E+01     .12216E+04    -.17745E+03    -.23172E+02         .000      .000
   4.200     .19826E+02     .40038E+01     .68927E+03    -.74089E+02    -.21384E+02         .000      .000
   4.210     .19625E+02     .38879E+01     .16339E+03     .21292E+02    -.18647E+02         .000      .000
   4.220     .19456E+02     .37767E+01    -.27633E+03     .98505E+02    -.15165E+02         .000      .000
   4.230     .19324E+02     .36779E+01    -.65154E+03     .16245E+03    -.11164E+02         .000      .000
   4.240     .19232E+02     .35997E+01    -.79123E+03     .16818E+03    -.72071E+01         .000      .000
   4.250     .19177E+02     .35409E+01    -.68852E+03     .14353E+03    -.39501E+01         .000      .000
   4.260     .19151E+02     .34927E+01    -.70247E+03     .15767E+03    -.12072E+01         .000      .000
   4.270     .19153E+02     .34544E+01    -.92494E+03     .20664E+03     .14896E+01         .000      .000
   4.280     .19182E+02     .34337E+01    -.12000E+04     .25666E+03     .43757E+01         .000      .000
   4.290     .19241E+02     .34389E+01    -.14199E+04     .29248E+03     .74977E+01         .000      .000
   4.300     .19332E+02     .34775E+01    -.14797E+04     .28830E+03     .10688E+02         .000      .000
   4.310     .19453E+02     .35527E+01    -.12066E+04     .21570E+03     .13368E+02         .000      .000
   4.320     .19596E+02     .36570E+01    -.65313E+03     .99457E+02     .14902E+02         .000      .000
   4.330     .19746E+02     .37765E+01    -.17645E+01    -.25476E+02     .14961E+02         .000      .000
   4.340     .19890E+02     .38965E+01     .61292E+03    -.13681E+03     .13462E+02         .000      .000
   4.350     .20010E+02     .40052E+01     .11053E+04    -.22060E+03     .10391E+02         .000      .000
   4.360     .20092E+02     .40948E+01     .14391E+04    -.27329E+03     .58114E+01         .000      .000
   4.370     .20122E+02     .41621E+01     .16399E+04    -.30319E+03     .16128E-01         .000      .000
   4.380     .20090E+02     .42068E+01     .17862E+04    -.32758E+03    -.66409E+01         .000      .000
   4.390     .19987E+02     .42280E+01     .19256E+04    -.34875E+03    -.13967E+02         .000      .000
   4.400     .19809E+02     .42231E+01     .19590E+04    -.34303E+03    -.21767E+02         .000      .000
   4.410     .19552E+02     .41935E+01     .18582E+04    -.31661E+03    -.29686E+02         .000      .000
   4.420     .19215E+02     .41453E+01     .17829E+04    -.30518E+03    -.37563E+02         .000      .000
   4.430     .18800E+02     .40813E+01     .18427E+04    -.32059E+03    -.45523E+02         .000      .000
   4.440     .18304E+02     .39988E+01     .19784E+04    -.34423E+03    -.53659E+02         .000      .000
   4.450     .17727E+02     .38923E+01     .20743E+04    -.35478E+03    -.61845E+02         .000      .000
   4.460     .17068E+02     .37584E+01     .20636E+04    -.34339E+03    -.69801E+02         .000      .000
   4.470     .16332E+02     .35968E+01     .19405E+04    -.31174E+03    -.77252E+02         .000      .000
   4.480     .15526E+02     .34096E+01     .17285E+04    -.26507E+03    -.83861E+02         .000      .000
   4.490     .14660E+02     .32008E+01     .14531E+04    -.20839E+03    -.89002E+02         .000      .000
   4.500     .13752E+02     .29752E+01     .11432E+04    -.14805E+03    -.92271E+02         .000      .000
   4.510     .12819E+02     .27380E+01     .84321E+03    -.92903E+02    -.94103E+02         .000      .000
   4.520     .11873E+02     .24931E+01     .58537E+03    -.46621E+02    -.95070E+02         .000      .000
   4.530     .10922E+02     .22420E+01     .33232E+03     .33845E+01    -.94920E+02         .000      .000
   4.540     .99795E+01     .19859E+01    -.34331E+02     .79679E+02    -.93281E+02         .000      .000
   4.550     .90619E+01     .17320E+01    -.50631E+03     .16877E+03    -.89935E+02         .000      .000
   4.560     .81879E+01     .14928E+01    -.85804E+03     .21696E+03    -.84500E+02         .000      .000
   4.570     .73767E+01     .12753E+01    -.85830E+03     .19417E+03    -.77607E+02         .000      .000
   4.580     .66361E+01     .10724E+01    -.68913E+03     .15866E+03    -.70568E+02         .000      .000
   4.590     .59641E+01     .87515E+00    -.58850E+03     .14001E+03    -.63898E+02         .000      .000
   4.600     .53572E+01     .67775E+00    -.60092E+03     .14919E+03    -.57504E+02         .000      .000
   4.610     .48135E+01     .47668E+00    -.87023E+03     .21212E+03    -.51284E+02         .000      .000
   4.620     .43302E+01     .27509E+00    -.14251E+04     .33731E+03    -.45452E+02         .000      .000
   4.630     .39051E+01     .86884E-01    -.24597E+04     .54773E+03    -.39464E+02         .000      .000
   4.640     .35419E+01    -.54223E-01    -.31802E+04     .63529E+03    -.33262E+02         .000      .000
   4.650     .32354E+01    -.13223E+00    -.31539E+04     .60522E+03    -.28323E+02         .000      .000
   4.660     .29706E+01    -.15648E+00    -.30928E+04     .59965E+03    -.24809E+02         .000      .000
   4.670     .27361E+01    -.12449E+00    -.28576E+04     .52255E+03    -.22288E+02         .000      .000
   4.680     .25184E+01    -.37471E-01    -.19371E+04     .31263E+03    -.21664E+02         .000      .000
   4.690     .22942E+01     .77967E-01    -.69894E+03     .77769E+02    -.23586E+02         .000      .000
   4.700     .20391E+01     .18968E+00     .31008E+03    -.91317E+02    -.27771E+02         .000      .000
   4.710     .17321E+01     .27799E+00     .86942E+03    -.16672E+03    -.33937E+02         .000      .000
   4.720     .13567E+01     .33763E+00     .10038E+04    -.17276E+03    -.41211E+02         .000      .000
   4.730     .90869E+00     .37401E+00     .91517E+03    -.14381E+03    -.48255E+02         .000      .000
   4.740     .39513E+00     .39785E+00     .75924E+03    -.11414E+03    -.54264E+02         .000      .000
   4.750    -.17345E+00     .42240E+00     .86981E+03    -.15956E+03    -.59364E+02         .000      .000
   4.760    -.79293E+00     .44855E+00     .15255E+04    -.31227E+03    -.64698E+02         .000      .000
   4.770    -.14726E+01     .45558E+00     .24567E+04    -.48082E+03    -.71523E+02         .000      .000
   4.780    -.22276E+01     .41652E+00     .29909E+04    -.55012E+03    -.79590E+02         .000      .000
   4.790    -.30648E+01     .32308E+00     .30656E+04    -.54419E+03    -.87793E+02         .000      .000
   4.800    -.39822E+01     .17990E+00     .30756E+04    -.54964E+03    -.95650E+02         .000      .000
   4.810    -.49775E+01    -.13336E-01     .31476E+04    -.55494E+03    -.10341E+03         .000      .000
   4.820    -.60489E+01    -.26320E+00     .28993E+04    -.48097E+03    -.11069E+03         .000      .000
   4.830    -.71870E+01    -.56449E+00     .22737E+04    -.34572E+03    -.11669E+03         .000      .000
   4.840    -.83773E+01    -.90136E+00     .15134E+04    -.19889E+03    -.12112E+03         .000      .000
   4.850    -.96046E+01    -.12575E+01     .80095E+03    -.68733E+02    -.12410E+03         .000      .000
   4.860    -.10855E+02    -.16203E+01     .18616E+03     .42733E+02    -.12582E+03         .000      .000
   4.870    -.12118E+02    -.19792E+01    -.27921E+03     .11635E+03    -.12655E+03         .000      .000
   4.880    -.13385E+02    -.23266E+01    -.40553E+03     .11775E+03    -.12690E+03         .000      .000
   4.890    -.14657E+02    -.26672E+01    -.23494E+03     .76068E+02    -.12751E+03         .000      .000
   4.900    -.15936E+02    -.30170E+01    -.11634E+03     .67600E+02    -.12844E+03         .000      .000
   4.910    -.17223E+02    -.33904E+01    -.66461E+03     .22847E+03    -.12869E+03         .000      .000
   4.920    -.18502E+02    -.37693E+01    -.20409E+04     .50016E+03    -.12647E+03         .000      .000
   4.930    -.19745E+02    -.41054E+01    -.28202E+04     .58269E+03    -.12196E+03         .000      .000
   4.940    -.20938E+02    -.43851E+01    -.26131E+04     .50367E+03    -.11656E+03         .000      .000
   4.950    -.22076E+02    -.46286E+01    -.21885E+04     .42673E+03    -.11122E+03         .000      .000
   4.960    -.23163E+02    -.48528E+01    -.19500E+04     .38571E+03    -.10624E+03         .000      .000
   4.970    -.24202E+02    -.50635E+01    -.18087E+04     .36158E+03    -.10137E+03         .000      .000
   4.980    -.25189E+02    -.52648E+01    -.18235E+04     .37195E+03    -.96070E+02         .000      .000
   4.990    -.26121E+02    -.54550E+01    -.20113E+04     .41153E+03    -.90089E+02         .000      .000
   5.000    -.26988E+02    -.56258E+01    -.22264E+04     .44295E+03    -.83290E+02         .000      .000
   5.010    -.27784E+02    -.57681E+01    -.21862E+04     .41120E+03    -.75857E+02         .000      .000
   5.020    -.28506E+02    -.58846E+01    -.18202E+04     .32598E+03    -.68555E+02         .000      .000
   5.030    -.29157E+02    -.59894E+01    -.14348E+04     .25822E+03    -.61774E+02         .000      .000
   5.040    -.29743E+02    -.60946E+01    -.13217E+04     .25142E+03    -.55480E+02         .000      .000
   5.050    -.30267E+02    -.62006E+01    -.14630E+04     .28349E+03    -.49300E+02         .000      .000
   5.060    -.30727E+02    -.63004E+01    -.16442E+04     .31267E+03    -.42565E+02         .000      .000
   5.070    -.31116E+02    -.63892E+01    -.17835E+04     .33448E+03    -.35140E+02         .000      .000
   5.080    -.31428E+02    -.64648E+01    -.19297E+04     .35981E+03    -.27044E+02         .000      .000
   5.090    -.31654E+02    -.65245E+01    -.20795E+04     .38295E+03    -.18106E+02         .000      .000
   5.100    -.31788E+02    -.65646E+01    -.21799E+04     .39406E+03    -.84522E+01         .000      .000
   5.110    -.31822E+02    -.65831E+01    -.22036E+04     .38946E+03     .14731E+01         .000      .000
   5.120    -.31759E+02    -.65800E+01    -.21303E+04     .36563E+03     .11195E+02         .000      .000
   5.130    -.31600E+02    -.65583E+01    -.19832E+04     .33258E+03     .20458E+02         .000      .000
   5.140    -.31351E+02    -.65236E+01    -.18937E+04     .31873E+03     .29254E+02         .000      .000
   5.150    -.31016E+02    -.64788E+01    -.19471E+04     .33367E+03     .37665E+02         .000      .000
   5.160    -.30599E+02    -.64215E+01    -.21329E+04     .37190E+03     .45643E+02         .000      .000
   5.170    -.30105E+02    -.63449E+01    -.23507E+04     .40666E+03     .53208E+02         .000      .000
   5.180    -.29536E+02    -.62419E+01    -.24351E+04     .41255E+03     .60414E+02         .000      .000
   5.190    -.28897E+02    -.61112E+01    -.24547E+04     .41441E+03     .67336E+02         .000      .000
   5.200    -.28190E+02    -.59518E+01    -.24955E+04     .41906E+03     .74217E+02         .000      .000
   5.210    -.27413E+02    -.57593E+01    -.24352E+04     .39577E+03     .81055E+02         .000      .000
   5.220    -.26570E+02    -.55317E+01    -.21647E+04     .32967E+03     .87428E+02         .000      .000
   5.230    -.25668E+02    -.52733E+01    -.16772E+04     .22517E+03     .92754E+02         .000      .000
   5.240    -.24720E+02    -.49945E+01    -.10766E+04     .10847E+03     .96732E+02         .000      .000
   5.250    -.23738E+02    -.47071E+01    -.51144E+03     .47598E+01     .99456E+02         .000      .000
   5.260    -.22734E+02    -.44198E+01    -.59031E+01    -.89067E+02     .10102E+03         .000      .000
   5.270    -.21721E+02    -.41397E+01     .48458E+03    -.17994E+03     .10143E+03         .000      .000
   5.280    -.20709E+02    -.38773E+01     .83011E+03    -.23062E+03     .10086E+03         .000      .000
   5.290    -.19705E+02    -.36383E+01     .94288E+03    -.24105E+03     .99793E+02         .000      .000
   5.300    -.18714E+02    -.34224E+01     .92436E+03    -.22839E+03     .98472E+02         .000      .000
   5.310    -.17736E+02    -.32275E+01     .71269E+03    -.17407E+03     .97143E+02         .000      .000
   5.320    -.16770E+02    -.30453E+01     .35846E+03    -.10457E+03     .96156E+02         .000      .000
   5.330    -.15812E+02    -.28633E+01     .13555E+03    -.74174E+02     .95395E+02         .000      .000
   5.340    -.14863E+02    -.26759E+01     .15895E+03    -.89135E+02     .94362E+02         .000      .000
   5.350    -.13927E+02    -.24863E+01     .31456E+03    -.11998E+03     .92605E+02         .000      .000
   5.360    -.13014E+02    -.23005E+01     .45976E+03    -.14290E+03     .89885E+02         .000      .000
   5.370    -.12132E+02    -.21219E+01     .54154E+03    -.15234E+03     .86348E+02         .000      .000
   5.380    -.11288E+02    -.19516E+01     .56180E+03    -.15116E+03     .82457E+02         .000      .000
   5.390    -.10483E+02    -.17885E+01     .55718E+03    -.14777E+03     .78562E+02         .000      .000
   5.400    -.97167E+01    -.16314E+01     .56760E+03    -.14896E+03     .74769E+02         .000      .000
   5.410    -.89879E+01    -.14799E+01     .60875E+03    -.15626E+03     .70976E+02         .000      .000
   5.420    -.82981E+01    -.13344E+01     .67773E+03    -.16815E+03     .66906E+02         .000      .000
   5.430    -.76511E+01    -.11965E+01     .75288E+03    -.17982E+03     .62435E+02         .000      .000
   5.440    -.70504E+01    -.10678E+01     .82222E+03    -.18966E+03     .57662E+02         .000      .000
   5.450    -.64985E+01    -.94981E+00     .86304E+03    -.19240E+03     .52706E+02         .000      .000
   5.460    -.59965E+01    -.84309E+00     .85182E+03    -.18468E+03     .47703E+02         .000      .000
   5.470    -.55443E+01    -.74632E+00     .80469E+03    -.17252E+03     .42720E+02         .000      .000
   5.480    -.51422E+01    -.65718E+00     .77264E+03    -.16577E+03     .37694E+02         .000      .000
   5.490    -.47912E+01    -.57430E+00     .77871E+03    -.16649E+03     .32457E+02         .000      .000
   5.500    -.44943E+01    -.49735E+00     .83160E+03    -.17686E+03     .26852E+02         .000      .000
   5.510    -.42554E+01    -.42745E+00     .92775E+03    -.19362E+03     .20862E+02         .000      .000
   5.520    -.40780E+01    -.36678E+00     .10254E+04    -.20860E+03     .14579E+02         .000      .000
   5.530    -.39645E+01    -.31671E+00     .11151E+04    -.22288E+03     .80890E+01         .000      .000
   5.540    -.39168E+01    -.27778E+00     .12280E+04    -.24407E+03     .14381E+01         .000      .000
   5.550    -.39364E+01    -.25136E+00     .14070E+04    -.27913E+03    -.54084E+01         .000      .000
   5.560    -.40258E+01    -.24164E+00     .16250E+04    -.31729E+03    -.12496E+02         .000      .000
   5.570    -.41868E+01    -.25418E+00     .17925E+04    -.34181E+03    -.19703E+02         .000      .000
   5.580    -.44195E+01    -.29252E+00     .18830E+04    -.35244E+03    -.26807E+02         .000      .000
   5.590    -.47212E+01    -.35860E+00     .19054E+04    -.34987E+03    -.33406E+02         .000      .000
   5.600    -.50837E+01    -.45359E+00     .18337E+04    -.32832E+03    -.38822E+02         .000      .000
   5.610    -.54925E+01    -.57683E+00     .16548E+04    -.28752E+03    -.42686E+02         .000      .000
   5.620    -.59319E+01    -.72559E+00     .13908E+04    -.23281E+03    -.44897E+02         .000      .000
   5.630    -.63853E+01    -.89641E+00     .10528E+04    -.16411E+03    -.45560E+02         .000      .000
   5.640    -.68399E+01    -.10854E+01     .60339E+03    -.70811E+02    -.45281E+02         .000      .000
   5.650    -.72878E+01    -.12858E+01    -.30769E+02     .58354E+02    -.44089E+02         .000      .000
   5.660    -.77168E+01    -.14838E+01    -.72348E+03     .18485E+03    -.41434E+02         .000      .000
   5.670    -.81122E+01    -.16649E+01    -.12843E+04     .28075E+03    -.37499E+02         .000      .000
   5.680    -.84644E+01    -.18201E+01    -.17058E+04     .35126E+03    -.32862E+02         .000      .000
   5.690    -.87686E+01    -.19426E+01    -.19691E+04     .38791E+03    -.27977E+02         .000      .000
   5.700    -.90246E+01    -.20290E+01    -.20098E+04     .38049E+03    -.23287E+02         .000      .000
   5.710    -.92368E+01    -.20813E+01    -.18485E+04     .33879E+03    -.19328E+02         .000      .000
   5.720    -.94144E+01    -.21065E+01    -.15809E+04     .28372E+03    -.16343E+02         .000      .000
   5.730    -.95660E+01    -.21131E+01    -.13219E+04     .23642E+03    -.14038E+02         .000      .000
   5.740    -.96961E+01    -.21077E+01    -.11624E+04     .21342E+03    -.12001E+02         .000      .000
   5.750    -.98052E+01    -.20927E+01    -.11863E+04     .22661E+03    -.97142E+01         .000      .000
   5.760    -.98881E+01    -.20611E+01    -.12319E+04     .22448E+03    -.67728E+01         .000      .000
   5.770    -.99402E+01    -.20057E+01    -.93925E+03     .14357E+03    -.37155E+01         .000      .000
   5.780    -.99656E+01    -.19335E+01    -.28664E+03     .59143E+01    -.15765E+01         .000      .000
   5.790    -.99761E+01    -.18635E+01     .40804E+03    -.11953E+03    -.71745E+00         .000      .000
   5.800    -.99825E+01    -.18139E+01     .85727E+03    -.18675E+03    -.63152E+00         .000      .000
   5.810    -.99889E+01    -.17936E+01     .95457E+03    -.18601E+03    -.60240E+00         .000      .000
   5.820    -.99926E+01    -.18009E+01     .76251E+03    -.13762E+03     .92352E-02         .000      .000
   5.830    -.99854E+01    -.18274E+01     .43445E+03    -.72197E+02     .16034E+01         .000      .000
   5.840    -.99578E+01    -.18637E+01     .88785E+02    -.86781E+01     .40115E+01         .000      .000
   5.850    -.99038E+01    -.19019E+01    -.19905E+03     .39977E+02     .68203E+01         .000      .000
   5.860    -.98214E+01    -.19373E+01    -.39889E+03     .73149E+02     .96345E+01         .000      .000
   5.870    -.97116E+01    -.19693E+01    -.59318E+03     .11219E+03     .12308E+02         .000      .000
   5.880    -.95760E+01    -.19965E+01    -.88729E+03     .17382E+03     .14751E+02         .000      .000
   5.890    -.94181E+01    -.20128E+01    -.12780E+04     .25030E+03     .16751E+02         .000      .000
   5.900    -.92414E+01    -.20074E+01    -.16251E+04     .30705E+03     .18599E+02         .000      .000
   5.910    -.90460E+01    -.19702E+01    -.17131E+04     .30497E+03     .20473E+02         .000      .000
   5.920    -.88333E+01    -.19002E+01    -.14931E+04     .24868E+03     .21953E+02         .000      .000
   5.930    -.86090E+01    -.18050E+01    -.11078E+04     .17045E+03     .22803E+02         .000      .000
   5.940    -.83786E+01    -.16939E+01    -.68672E+03     .90227E+02     .23250E+02         .000      .000
   5.950    -.81448E+01    -.15751E+01    -.26824E+03     .10727E+02     .23480E+02         .000      .000
   5.960    -.79097E+01    -.14552E+01     .16112E+03    -.71576E+02     .23517E+02         .000      .000
   5.970    -.76746E+01    -.13418E+01     .59435E+03    -.15298E+03     .23508E+02         .000      .000
   5.980    -.74399E+01    -.12438E+01     .97341E+03    -.21847E+03     .23381E+02         .000      .000
   5.990    -.72074E+01    -.11696E+01     .11659E+04    -.24138E+03     .23140E+02         .000      .000
   6.000    -.69759E+01    -.11217E+01     .11241E+04    -.22195E+03     .23271E+02         .000      .000
   6.010    -.67397E+01    -.10968E+01     .92453E+03    -.17747E+03     .24081E+02         .000      .000
   6.020    -.64923E+01    -.10889E+01     .62978E+03    -.11764E+03     .25479E+02         .000      .000
   6.030    -.62286E+01    -.10908E+01     .28992E+03    -.53231E+02     .27321E+02         .000      .000
   6.040    -.59444E+01    -.10957E+01    -.27694E+02     .50352E+01     .29612E+02         .000      .000
   6.050    -.56342E+01    -.10985E+01    -.36000E+03     .69773E+02     .32550E+02         .000      .000
   6.060    -.52911E+01    -.10926E+01    -.70530E+03     .13090E+03     .36161E+02         .000      .000
   6.070    -.49110E+01    -.10695E+01    -.88796E+03     .15026E+03     .39754E+02         .000      .000
   6.080    -.44991E+01    -.10271E+01    -.81039E+03     .12269E+03     .42432E+02         .000      .000
   6.090    -.40654E+01    -.97297E+00    -.65457E+03     .96321E+02     .44220E+02         .000      .000
   6.100    -.36155E+01    -.91514E+00    -.67589E+03     .11324E+03     .45756E+02         .000      .000
   6.110    -.31497E+01    -.85251E+00    -.89620E+03     .16159E+03     .47463E+02         .000      .000
   6.120    -.26651E+01    -.77660E+00    -.11303E+04     .20094E+03     .49502E+02         .000      .000
   6.130    -.21587E+01    -.67968E+00    -.12205E+04     .20778E+03     .51800E+02         .000      .000
   6.140    -.16288E+01    -.55926E+00    -.11396E+04     .18316E+03     .54196E+02         .000      .000
   6.150    -.10750E+01    -.41716E+00    -.91790E+03     .13308E+03     .56533E+02         .000      .000
   6.160    -.49800E+00    -.25802E+00    -.56432E+03     .58619E+02     .58917E+02         .000      .000
   6.170     .10333E+00    -.90073E-01    -.14277E+03    -.22102E+02     .61313E+02         .000      .000
   6.180     .72706E+00     .77055E-01     .21394E+03    -.84121E+02     .63354E+02         .000      .000
   6.190     .13695E+01     .23703E+00     .45939E+03    -.12590E+03     .65110E+02         .000      .000
   6.200     .20288E+01     .38638E+00     .62989E+03    -.15386E+03     .66722E+02         .000      .000
   6.210     .27035E+01     .52196E+00     .67074E+03    -.15207E+03     .68226E+02         .000      .000
   6.220     .33937E+01     .64424E+00     .54336E+03    -.12044E+03     .69830E+02         .000      .000
   6.230     .41010E+01     .75865E+00     .34706E+03    -.82922E+02     .71687E+02         .000      .000
   6.240     .48277E+01     .87101E+00     .17954E+03    -.53837E+02     .73632E+02         .000      .000
   6.250     .55731E+01     .98476E+00     .49996E+02    -.30812E+02     .75426E+02         .000      .000
   6.260     .63356E+01     .11021E+01    -.60404E+02    -.10964E+02     .77030E+02         .000      .000
   6.270     .71133E+01     .12251E+01    -.14053E+03     .17844E+01     .78486E+02         .000      .000
   6.280     .79039E+01     .13555E+01    -.16579E+03     .34048E+01     .79521E+02         .000      .000
   6.290     .87012E+01     .14933E+01    -.13648E+03    -.42717E+01     .79813E+02         .000      .000
   6.300     .94979E+01     .16372E+01    -.71041E+02    -.17328E+02     .79430E+02         .000      .000
   6.310     .10288E+02     .17851E+01    -.20581E+01    -.28060E+02     .78377E+02         .000      .000
   6.320     .11063E+02     .19349E+01     .16564E+02    -.26500E+02     .76574E+02         .000      .000
   6.330     .11817E+02     .20868E+01    -.25764E+02    -.13658E+02     .74068E+02         .000      .000
   6.340     .12542E+02     .22430E+01    -.11332E+03     .66862E+01     .70939E+02         .000      .000
   6.350     .13233E+02     .24076E+01    -.19438E+03     .21756E+02     .67175E+02         .000      .000
   6.360     .13882E+02     .25855E+01    -.17656E+03     .13014E+02     .62431E+02         .000      .000
   6.370     .14477E+02     .27787E+01     .18184E+02    -.31306E+02     .56178E+02         .000      .000
   6.380     .15000E+02     .29851E+01     .39792E+03    -.10928E+03     .48046E+02         .000      .000
   6.390     .15432E+02     .31988E+01     .96343E+03    -.22284E+03     .38017E+02         .000      .000
   6.400     .15755E+02     .34097E+01     .17409E+04    -.37658E+03     .26411E+02         .000      .000
   6.410     .15954E+02     .35987E+01     .25342E+04    -.50944E+03     .13253E+02         .000      .000
   6.420     .16016E+02     .37482E+01     .29766E+04    -.56214E+03    -.94322E+00         .000      .000
   6.430     .15936E+02     .38541E+01     .30379E+04    -.55799E+03    -.15093E+02         .000      .000
   6.440     .15715E+02     .39230E+01     .31793E+04    -.59068E+03    -.29222E+02         .000      .000
   6.450     .15351E+02     .39525E+01     .34408E+04    -.63246E+03    -.43580E+02         .000      .000
   6.460     .14845E+02     .39357E+01     .35552E+04    -.63766E+03    -.57399E+02         .000      .000
   6.470     .14206E+02     .38726E+01     .35437E+04    -.62852E+03    -.70119E+02         .000      .000
   6.480     .13445E+02     .37661E+01     .35526E+04    -.62702E+03    -.81957E+02         .000      .000
   6.490     .12570E+02     .36160E+01     .35507E+04    -.62092E+03    -.92905E+02         .000      .000
   6.500     .11591E+02     .34227E+01     .35652E+04    -.62465E+03    -.10264E+03         .000      .000
   6.510     .10520E+02     .31827E+01     .36058E+04    -.62441E+03    -.11148E+03         .000      .000
   6.520     .93643E+01     .28893E+01     .34216E+04    -.56971E+03    -.11955E+03         .000      .000
   6.530     .81349E+01     .25426E+01     .29161E+04    -.45499E+03    -.12592E+03         .000      .000
   6.540     .68536E+01     .21513E+01     .21450E+04    -.29596E+03    -.12998E+03         .000      .000
   6.550     .55420E+01     .17300E+01     .12310E+04    -.11817E+03    -.13203E+03         .000      .000
   6.560     .42195E+01     .12946E+01     .25166E+03     .71257E+02    -.13212E+03         .000      .000
   6.570     .29059E+01     .86500E+00    -.67832E+03     .23014E+03    -.13035E+03         .000      .000
   6.580     .16157E+01     .46382E+00    -.11384E+04     .28418E+03    -.12763E+03         .000      .000
   6.590     .35294E+00     .95124E-01    -.11291E+04     .26150E+03    -.12498E+03         .000      .000
   6.600    -.88536E+00    -.25173E+00    -.98275E+03     .23335E+03    -.12273E+03         .000      .000
   6.610    -.21020E+01    -.58762E+00    -.99408E+03     .24614E+03    -.12057E+03         .000      .000
   6.620    -.32951E+01    -.91447E+00    -.12298E+04     .29767E+03    -.11793E+03         .000      .000
   6.630    -.44577E+01    -.12266E+01    -.15571E+04     .36137E+03    -.11445E+03         .000      .000
   6.640    -.55795E+01    -.15164E+01    -.20052E+04     .44867E+03    -.10962E+03         .000      .000
   6.650    -.66449E+01    -.17700E+01    -.22752E+04     .47101E+03    -.10326E+03         .000      .000
   6.660    -.76422E+01    -.19821E+01    -.20648E+04     .40666E+03    -.96141E+02         .000      .000
   6.670    -.85665E+01    -.21650E+01    -.17090E+04     .33686E+03    -.88635E+02         .000      .000
   6.680    -.94141E+01    -.23314E+01    -.14570E+04     .29189E+03    -.80863E+02         .000      .000
   6.690    -.10183E+02    -.24879E+01    -.13492E+04     .27649E+03    -.72905E+02         .000      .000
   6.700    -.10870E+02    -.26367E+01    -.14159E+04     .29363E+03    -.64267E+02         .000      .000
   6.710    -.11466E+02    -.27742E+01    -.15719E+04     .31930E+03    -.54812E+02         .000      .000
   6.720    -.11965E+02    -.28954E+01    -.16777E+04     .33001E+03    -.45151E+02         .000      .000
   6.730    -.12370E+02    -.29987E+01    -.17079E+04     .32864E+03    -.35717E+02         .000      .000
   6.740    -.12681E+02    -.30858E+01    -.17384E+04     .33289E+03    -.26530E+02         .000      .000
   6.750    -.12900E+02    -.31579E+01    -.18545E+04     .35686E+03    -.17424E+02         .000      .000
   6.760    -.13029E+02    -.32124E+01    -.20616E+04     .39514E+03    -.81653E+01         .000      .000
   6.770    -.13063E+02    -.32435E+01    -.22609E+04     .42484E+03     .13175E+01         .000      .000
   6.780    -.13002E+02    -.32458E+01    -.23292E+04     .42526E+03     .10881E+02         .000      .000
   6.790    -.12846E+02    -.32193E+01    -.23008E+04     .41425E+03     .20382E+02         .000      .000
   6.800    -.12594E+02    -.31659E+01    -.22762E+04     .40600E+03     .29830E+02         .000      .000
   6.810    -.12249E+02    -.30856E+01    -.22230E+04     .38930E+03     .39146E+02         .000      .000
   6.820    -.11813E+02    -.29790E+01    -.21217E+04     .36449E+03     .48161E+02         .000      .000
   6.830    -.11288E+02    -.28475E+01    -.19891E+04     .33466E+03     .56702E+02         .000      .000
   6.840    -.10681E+02    -.26928E+01    -.18410E+04     .30336E+03     .64642E+02         .000      .000
   6.850    -.99970E+01    -.25159E+01    -.16745E+04     .26665E+03     .71945E+02         .000      .000
   6.860    -.92441E+01    -.23174E+01    -.14223E+04     .21025E+03     .78496E+02         .000      .000
   6.870    -.84312E+01    -.21011E+01    -.10666E+04     .13697E+03     .83840E+02         .000      .000
   6.880    -.75739E+01    -.18739E+01    -.68689E+03     .65357E+02     .87232E+02         .000      .000
   6.890    -.66931E+01    -.16424E+01    -.36251E+03     .82409E+01     .88661E+02         .000      .000
   6.900    -.58047E+01    -.14109E+01    -.11446E+03    -.35233E+02     .88865E+02         .000      .000
   6.910    -.49189E+01    -.11809E+01     .13508E+03    -.84400E+02     .88123E+02         .000      .000
   6.920    -.40458E+01    -.95645E+00     .43342E+03    -.13843E+03     .86314E+02         .000      .000
   6.930    -.31953E+01    -.74617E+00     .55238E+03    -.14173E+03     .83716E+02         .000      .000
   6.940    -.23721E+01    -.55102E+00     .35254E+03    -.87433E+02     .80944E+02         .000      .000
   6.950    -.15764E+01    -.35957E+00     .73644E+02    -.38456E+02     .78170E+02         .000      .000
   6.960    -.81008E+00    -.15984E+00     .43301E+02    -.48399E+02     .74966E+02         .000      .000
   6.970    -.79959E-01     .49144E-01     .29710E+03    -.10649E+03     .70897E+02         .000      .000
   6.980     .60460E+00     .25953E+00     .71297E+03    -.18811E+03     .65857E+02         .000      .000
   6.990     .12344E+01     .45986E+00     .11147E+04    -.25413E+03     .60009E+02         .000      .000
   7.000     .18034E+01     .64172E+00     .13495E+04    -.28730E+03     .53731E+02         .000      .000
   7.010     .23098E+01     .80340E+00     .14972E+04    -.30973E+03     .47664E+02         .000      .000
   7.020     .27602E+01     .94456E+00     .16085E+04    -.32635E+03     .42649E+02         .000      .000
   7.030     .31666E+01     .10651E+01     .17056E+04    -.34342E+03     .38794E+02         .000      .000
   7.040     .35368E+01     .11647E+01     .18372E+04    -.36892E+03     .35166E+02         .000      .000
   7.050     .38684E+01     .12408E+01     .19954E+04    -.39728E+03     .31072E+02         .000      .000
   7.060     .41557E+01     .12884E+01     .21253E+04    -.41544E+03     .26230E+02         .000      .000
   7.070     .43892E+01     .13020E+01     .20793E+04    -.38858E+03     .20263E+02         .000      .000
   7.080     .45596E+01     .12816E+01     .17207E+04    -.30131E+03     .13885E+02         .000      .000
   7.090     .46694E+01     .12378E+01     .11820E+04    -.19340E+03     .82447E+01         .000      .000
   7.100     .47275E+01     .11852E+01     .70022E+03    -.10745E+03     .34794E+01         .000      .000
   7.110     .47406E+01     .11342E+01     .38945E+03    -.56632E+02    -.81569E+00         .000      .000
   7.120     .47120E+01     .10890E+01     .24428E+03    -.35321E+02    -.48632E+01         .000      .000
   7.130     .46439E+01     .10500E+01     .21666E+03    -.34018E+02    -.87365E+01         .000      .000
   7.140     .45374E+01     .10153E+01     .27707E+03    -.48320E+02    -.12580E+02         .000      .000
   7.150     .43920E+01     .98119E+00     .38512E+03    -.67846E+02    -.16494E+02         .000      .000
   7.160     .42076E+01     .94298E+00     .45212E+03    -.74439E+02    -.20360E+02         .000      .000
   7.170     .39857E+01     .89842E+00     .41537E+03    -.60148E+02    -.23976E+02         .000      .000
   7.180     .37291E+01     .84959E+00     .30551E+03    -.36753E+02    -.27299E+02         .000      .000
   7.190     .34400E+01     .80133E+00     .24715E+03    -.31417E+02    -.30538E+02         .000      .000
   7.200     .31173E+01     .75576E+00     .35150E+03    -.59061E+02    -.34077E+02         .000      .000
   7.210     .27565E+01     .70819E+00     .53817E+03    -.92003E+02    -.38190E+02         .000      .000
   7.220     .23522E+01     .65223E+00     .62232E+03    -.98174E+02    -.42702E+02         .000      .000
   7.230     .19026E+01     .58721E+00     .59351E+03    -.88154E+02    -.47188E+02         .000      .000
   7.240     .14090E+01     .51650E+00     .58168E+03    -.88317E+02    -.51514E+02         .000      .000
   7.250     .87367E+00     .44154E+00     .65315E+03    -.10489E+03    -.55434E+02         .000      .000
   7.260     .30349E+00     .36038E+00     .77518E+03    -.12858E+03    -.58401E+02         .000      .000
   7.270    -.29070E+00     .26982E+00     .90413E+03    -.15269E+03    -.60274E+02         .000      .000
   7.280    -.89866E+00     .16667E+00     .10321E+04    -.17711E+03    -.61149E+02         .000      .000
   7.290    -.15103E+01     .47010E-01     .11425E+04    -.19626E+03    -.61006E+02         .000      .000
   7.300    -.21153E+01    -.93939E-01     .11610E+04    -.19273E+03    -.59812E+02         .000      .000
   7.310    -.27033E+01    -.25888E+00     .97119E+03    -.14457E+03    -.57656E+02         .000      .000
   7.320    -.32649E+01    -.44350E+00     .59162E+03    -.67996E+02    -.54453E+02         .000      .000
   7.330    -.37886E+01    -.63858E+00     .16222E+03     .10171E+02    -.50117E+02         .000      .000
   7.340    -.42638E+01    -.83534E+00    -.18584E+03     .67560E+02    -.44751E+02         .000      .000
   7.350    -.46805E+01    -.10305E+01    -.49029E+03     .12451E+03    -.38441E+02         .000      .000
   7.360    -.50292E+01    -.12226E+01    -.91716E+03     .21099E+03    -.31107E+02         .000      .000
   7.370    -.52989E+01    -.14055E+01    -.15065E+04     .32955E+03    -.22647E+02         .000      .000
   7.380    -.54782E+01    -.15657E+01    -.22120E+04     .45450E+03    -.13041E+02         .000      .000
   7.390    -.55610E+01    -.16840E+01    -.25654E+04     .48847E+03    -.38283E+01         .000      .000
   7.400    -.55644E+01    -.17563E+01    -.24527E+04     .44551E+03     .25079E+01         .000      .000
   7.410    -.55232E+01    -.17940E+01    -.21957E+04     .39686E+03     .51458E+01         .000      .000
   7.420    -.54684E+01    -.18091E+01    -.20861E+04     .38813E+03     .57311E+01         .000      .000
   7.430    -.54083E+01    -.18057E+01    -.22273E+04     .43050E+03     .64146E+01         .000      .000
   7.440    -.53376E+01    -.17766E+01    -.26903E+04     .53467E+03     .78451E+01         .000      .000
   7.450    -.52487E+01    -.16980E+01    -.31155E+04     .58581E+03     .10004E+02         .000      .000
   7.460    -.51394E+01    -.15477E+01    -.25645E+04     .41492E+03     .11571E+02         .000      .000
   7.470    -.50258E+01    -.13436E+01    -.11418E+04     .12175E+03     .10652E+02         .000      .000
   7.480    -.49359E+01    -.11280E+01     .25290E+03    -.12271E+03     .69342E+01         .000      .000
   7.490    -.48937E+01    -.93251E+00     .12207E+04    -.27754E+03     .12569E+01         .000      .000
   7.500    -.49136E+01    -.77495E+00     .16831E+04    -.33534E+03    -.52992E+01         .000      .000
   7.510    -.49997E+01    -.65831E+00     .17500E+04    -.32690E+03    -.11877E+02         .000      .000
   7.520    -.51483E+01    -.57458E+00     .15846E+04    -.28853E+03    -.17620E+02         .000      .000
   7.530    -.53490E+01    -.51091E+00     .15727E+04    -.30133E+03    -.22445E+02         .000      .000
   7.540    -.55973E+01    -.46585E+00     .18051E+04    -.34813E+03    -.27285E+02         .000      .000
   7.550    -.58952E+01    -.44747E+00     .19510E+04    -.36349E+03    -.32269E+02         .000      .000
   7.560    -.62419E+01    -.45699E+00     .19777E+04    -.36593E+03    -.37033E+02         .000      .000
   7.570    -.66346E+01    -.49176E+00     .20741E+04    -.38814E+03    -.41412E+02         .000      .000
   7.580    -.70687E+01    -.55397E+00     .22173E+04    -.41389E+03    -.45331E+02         .000      .000
   7.590    -.75408E+01    -.64715E+00     .23817E+04    -.44836E+03    -.49136E+02         .000      .000
   7.600    -.80527E+01    -.77773E+00     .26121E+04    -.48923E+03    -.53333E+02         .000      .000
   7.610    -.86082E+01    -.95884E+00     .25919E+04    -.45863E+03    -.57731E+02         .000      .000
   7.620    -.92050E+01    -.11959E+01     .20058E+04    -.31247E+03    -.61419E+02         .000      .000
   7.630    -.98308E+01    -.14756E+01     .86541E+03    -.70259E+02    -.63374E+02         .000      .000
   7.640    -.10464E+02    -.17662E+01    -.45681E+03     .17092E+03    -.62980E+02         .000      .000
   7.650    -.11084E+02    -.20328E+01    -.12636E+04     .28272E+03    -.60802E+02         .000      .000
   7.660    -.11678E+02    -.22649E+01    -.14869E+04     .30489E+03    -.57955E+02         .000      .000
   7.670    -.12242E+02    -.24705E+01    -.16442E+04     .34067E+03    -.54658E+02         .000      .000
   7.680    -.12768E+02    -.26512E+01    -.20028E+04     .41215E+03    -.50423E+02         .000      .000
   7.690    -.13247E+02    -.27948E+01    -.21543E+04     .41182E+03    -.45301E+02         .000      .000
   7.700    -.13674E+02    -.28989E+01    -.18239E+04     .32591E+03    -.40183E+02         .000      .000
   7.710    -.14053E+02    -.29792E+01    -.13589E+04     .23939E+03    -.35529E+02         .000      .000
   7.720    -.14386E+02    -.30515E+01    -.11029E+04     .20399E+03    -.31062E+02         .000      .000
   7.730    -.14673E+02    -.31218E+01    -.11153E+04     .21680E+03    -.26385E+02         .000      .000
   7.740    -.14912E+02    -.31877E+01    -.13043E+04     .25749E+03    -.21145E+02         .000      .000
   7.750    -.15093E+02    -.32428E+01    -.15847E+04     .31135E+03    -.14934E+02         .000      .000
   7.760    -.15207E+02    -.32789E+01    -.18820E+04     .36283E+03    -.78713E+01         .000      .000
   7.770    -.15249E+02    -.32869E+01    -.20605E+04     .38204E+03    -.47309E+00         .000      .000
   7.780    -.15217E+02    -.32612E+01    -.19578E+04     .34162E+03     .67574E+01         .000      .000
   7.790    -.15116E+02    -.32058E+01    -.15787E+04     .25596E+03     .13261E+02         .000      .000
   7.800    -.14955E+02    -.31332E+01    -.11301E+04     .17120E+03     .18810E+02         .000      .000
   7.810    -.14743E+02    -.30554E+01    -.81456E+03     .11960E+03     .23628E+02         .000      .000
   7.820    -.14484E+02    -.29786E+01    -.69108E+03     .10472E+03     .28064E+02         .000      .000
   7.830    -.14182E+02    -.29025E+01    -.72481E+03     .11643E+03     .32409E+02         .000      .000
   7.840    -.13835E+02    -.28229E+01    -.82895E+03     .13548E+03     .36911E+02         .000      .000
   7.850    -.13443E+02    -.27340E+01    -.89261E+03     .14121E+03     .41650E+02         .000      .000
   7.860    -.13002E+02    -.26327E+01    -.84852E+03     .12470E+03     .46497E+02         .000      .000
   7.870    -.12513E+02    -.25199E+01    -.70395E+03     .91486E+02     .51157E+02         .000      .000
   7.880    -.11980E+02    -.23996E+01    -.52833E+03     .57733E+02     .55463E+02         .000      .000
   7.890    -.11405E+02    -.22762E+01    -.42322E+03     .42425E+02     .59527E+02         .000      .000
   7.900    -.10790E+02    -.21504E+01    -.39822E+03     .37688E+02     .63433E+02         .000      .000
   7.910    -.10137E+02    -.20200E+01    -.32083E+03     .16410E+02     .67033E+02         .000      .000
   7.920    -.94509E+01    -.18867E+01    -.17382E+03    -.12866E+02     .70165E+02         .000      .000
   7.930    -.87361E+01    -.17555E+01    -.92952E+02    -.21836E+02     .72675E+02         .000      .000
   7.940    -.79999E+01    -.16283E+01    -.14694E+03    -.49298E+01     .74435E+02         .000      .000
   7.950    -.72530E+01    -.15021E+01    -.28423E+03     .24119E+02     .74503E+02         .000      .000
   7.960    -.65170E+01    -.13722E+01    -.42728E+03     .51450E+02     .72419E+02         .000      .000
   7.970    -.58081E+01    -.12344E+01    -.51702E+03     .66518E+02     .69287E+02         .000      .000
   7.980    -.51338E+01    -.10868E+01    -.55717E+03     .75898E+02     .65425E+02         .000      .000
   7.990    -.45034E+01    -.92835E+00    -.60855E+03     .88698E+02     .60418E+02         .000      .000
   8.000    -.39300E+01    -.75471E+00    -.59637E+03     .81937E+02     .54021E+02         .000      .000
   8.010    -.34271E+01    -.56221E+00    -.36914E+03     .27148E+02     .46409E+02         .000      .000
   8.020    -.30054E+01    -.35400E+00     .14421E+03    -.78666E+02     .37732E+02         .000      .000
   8.030    -.26779E+01    -.14146E+00     .76579E+03    -.19490E+03     .27405E+02         .000      .000
   8.040    -.24646E+01     .64855E-01     .15167E+04    -.34338E+03     .14888E+02         .000      .000
   8.050    -.23872E+01     .24928E+00     .24075E+04    -.50542E+03     .30702E+00         .000      .000
   8.060    -.24629E+01     .38950E+00     .30578E+04    -.59677E+03    -.15585E+02         .000      .000
   8.070    -.26975E+01     .47259E+00     .31006E+04    -.56285E+03    -.31056E+02         .000      .000
   8.080    -.30770E+01     .50863E+00     .28186E+04    -.50563E+03    -.44479E+02         .000      .000
   8.090    -.35831E+01     .51404E+00     .28363E+04    -.52744E+03    -.56731E+02         .000      .000
   8.100    -.42129E+01     .48754E+00     .31746E+04    -.59524E+03    -.69333E+02         .000      .000
   8.110    -.49710E+01     .41594E+00     .35013E+04    -.64510E+03    -.82284E+02         .000      .000
   8.120    -.58595E+01     .28614E+00     .41369E+04    -.82358E+03    -.95674E+02         .000      .000
   8.130    -.68909E+01     .33612E-01     .47889E+04    -.80471E+03    -.11056E+03         .000      .000
